<?xml version="1.0" encoding="UTF-8"?>
<testsuites name="Rút tiền" time="358.779" tests="9" failures="0" errors="1">
   <testsuite name="Rút tiền" tests="9" failures="0" errors="1" time="358.779" skipped="0" timestamp="13-10-2024T12:09:18" hostname="mac - 192.168.1.10" id="Test Suites/Quản lý tài khoản merchant/Rút tiền">
      <properties>
         <property name="deviceName" value=""/>
         <property name="devicePlatform"/>
         <property name="logFolder" value="/Users/mac/Documents/test/Cms9Pay/Reports/20241013_120912/Qu\u1EA3n l\u00FD t\u00E0i kho\u1EA3n merchant/R\u00FAt ti\u1EC1n/20241013_120913"/>
         <property name="logFiles" value="/Users/mac/Documents/test/Cms9Pay/Reports/20241013_120912/Qu\u1EA3n l\u00FD t\u00E0i kho\u1EA3n merchant/R\u00FAt ti\u1EC1n/20241013_120913/execution0.log"/>
         <property name="attachments" value=""/>
         <property name="hostName" value="mac - 192.168.1.10"/>
         <property name="os" value="Mac OS X 64bit"/>
         <property name="katalonVersion" value="9.7.2.223"/>
         <property name="browser" value="Chrome 129.0.0.0"/>
         <property name="hostAddress" value="192.168.1.10"/>
         <property name="sessionId" value="b5ba3810b8e88cbc24900b454bcf6745"/>
         <property name="seleniumVersion" value="3.141.59"/>
         <property name="proxyInformation" value="ProxyInformation { proxyOption=NO_PROXY, proxyServerType=HTTP, username=, password=********, proxyServerAddress=, proxyServerPort=0, executionList=&quot;&quot;, isApplyToDesiredCapabilities=true }"/>
         <property name="platform" value="Mac OS X"/>
      </properties>
      <testcase name="Test Cases/Quản lý tài khoản merchant/Quản lý danh sách tài khoản/Rút tiền/TC_01_Kiểm tra mở form Rút tiền" time="15.904" classname="Test Cases/Quản lý tài khoản merchant/Quản lý danh sách tài khoản/Rút tiền/TC_01_Kiểm tra mở form Rút tiền" status="PASSED">
         <system-out><![CDATA[13-10-2024T12:09:18 - [TEST_CASE][PASSED] - Test Cases/Quản lý tài khoản merchant/Quản lý danh sách tài khoản/Rút tiền/TC_01_Kiểm tra mở form Rút tiền: Test Cases/Quản lý tài khoản merchant/Quản lý danh sách tài khoản/Rút tiền/TC_01_Kiểm tra mở form Rút tiền

13-10-2024T12:09:18 - [TEST_STEP][PASSED] - Start listener action : sampleBeforeTestCase: Navigate to 'https://stg-cms-console.9pay.mobi/login' successfully

13-10-2024T12:09:18 - [TEST_STEP][PASSED] - testCaseId = testCaseContext.getTestCaseId(): null

13-10-2024T12:09:18 - [TEST_STEP][PASSED] - url = <not implemented yet for class: org.codehaus.groovy.ast.expr.EmptyExpression>: null

13-10-2024T12:09:18 - [TEST_STEP][PASSED] - if (testCaseId == "Test Cases/Quản lý tài khoản merchant/Quản lý dịch vụ merchant/TC_14_Kiểm tra thay đổi sau khi cấu hình VA trên MCV"): null

13-10-2024T12:09:18 - [TEST_STEP][PASSED] - else: null

13-10-2024T12:09:18 - [TEST_STEP][PASSED] - url = "https://stg-cms-console.9pay.mobi/login": null

13-10-2024T12:09:18 - [TEST_STEP][PASSED] - openBrowser(""): Browser is opened with url: ''

13-10-2024T12:09:18 - [MESSAGE][INFO] - Starting 'Chrome' driver

13-10-2024T12:09:18 - [MESSAGE][INFO] - Action delay is set to 0 milliseconds

13-10-2024T12:09:20 - [MESSAGE][PASSED] - Browser is opened with url: ''

13-10-2024T12:09:20 - [TEST_STEP][PASSED] - maximizeWindow(): Current window maximized

13-10-2024T12:09:20 - [MESSAGE][PASSED] - Current window maximized

13-10-2024T12:09:20 - [TEST_STEP][PASSED] - navigateToUrl(url): Navigate to 'https://stg-cms-console.9pay.mobi/login' successfully

13-10-2024T12:09:22 - [MESSAGE][PASSED] - Navigate to 'https://stg-cms-console.9pay.mobi/login' successfully

13-10-2024T12:09:22 - [TEST_STEP][PASSED] - driver = getWebDriver(): null

13-10-2024T12:09:22 - [TEST_STEP][PASSED] - callTestCase(findTestCase("Test Cases/Login/LoginCommon"), [:], STOP_ON_FAILURE): Call Test Case 'Test Cases/Login/LoginCommon' successfully

13-10-2024T12:09:22 - [TEST_CASE][PASSED] - Test Cases/Login/LoginCommon: Test Cases/Login/LoginCommon

13-10-2024T12:09:22 - [TEST_STEP][PASSED] - driver = getWebDriver(): null

13-10-2024T12:09:22 - [TEST_STEP][PASSED] - sendKeys(findTestObject("Quản lý tài khoản merchant/Quản lý dịch vụ merchant/userNameTextbox"), userAccount): Keys 'dannt@9pay.vn' sent to object: 'Object Repository/Quản lý tài khoản merchant/Quản lý dịch vụ merchant/userNameTextbox'

13-10-2024T12:09:23 - [MESSAGE][PASSED] - Keys 'dannt@9pay.vn' sent to object: 'Object Repository/Quản lý tài khoản merchant/Quản lý dịch vụ merchant/userNameTextbox'

13-10-2024T12:09:23 - [TEST_STEP][PASSED] - sendKeys(findTestObject("Quản lý tài khoản merchant/Quản lý dịch vụ merchant/passwordTextbox"), password): Keys 'dannt@9pay.vn' sent to object: 'Object Repository/Quản lý tài khoản merchant/Quản lý dịch vụ merchant/passwordTextbox'

13-10-2024T12:09:23 - [MESSAGE][PASSED] - Keys 'dannt@9pay.vn' sent to object: 'Object Repository/Quản lý tài khoản merchant/Quản lý dịch vụ merchant/passwordTextbox'

13-10-2024T12:09:23 - [TEST_STEP][PASSED] - click(findTestObject("Quản lý tài khoản merchant/Quản lý dịch vụ merchant/loginButton")): Object: 'Object Repository/Quản lý tài khoản merchant/Quản lý dịch vụ merchant/loginButton' is clicked on

13-10-2024T12:09:23 - [MESSAGE][PASSED] - Object: 'Object Repository/Quản lý tài khoản merchant/Quản lý dịch vụ merchant/loginButton' is clicked on

13-10-2024T12:09:23 - [MESSAGE][PASSED] - Call Test Case 'Test Cases/Login/LoginCommon' successfully

13-10-2024T12:09:23 - [TEST_STEP][PASSED] - waitForElementVisible(findTestObject("Trang chủ/userName"), 10, STOP_ON_FAILURE): Object 'Object Repository/Trang chủ/userName' is visible

13-10-2024T12:09:27 - [MESSAGE][PASSED] - Object 'Object Repository/Trang chủ/userName' is visible

13-10-2024T12:09:27 - [TEST_STEP][PASSED] - click(findTestObject("Quản lý tài khoản merchant/menuManagerMerchantAccount")): Object: 'Object Repository/Quản lý tài khoản merchant/menuManagerMerchantAccount' is clicked on

13-10-2024T12:09:27 - [MESSAGE][PASSED] - Object: 'Object Repository/Quản lý tài khoản merchant/menuManagerMerchantAccount' is clicked on

13-10-2024T12:09:27 - [TEST_STEP][PASSED] - waitForElementVisible(findTestObject("Quản lý tài khoản merchant/Quản lý dịch vụ merchant/menuManagerMerchantService"), 10, STOP_ON_FAILURE): Object 'Object Repository/Quản lý tài khoản merchant/Quản lý dịch vụ merchant/menuManagerMerchantService' is visible

13-10-2024T12:09:28 - [MESSAGE][PASSED] - Object 'Object Repository/Quản lý tài khoản merchant/Quản lý dịch vụ merchant/menuManagerMerchantService' is visible

13-10-2024T12:09:28 - [TEST_STEP][PASSED] - wait = new org.openqa.selenium.support.ui.WebDriverWait(com.kms.katalon.core.webui.driver.DriverFactory.getWebDriver(), internal.GlobalVariable.waitSecond): null

13-10-2024T12:09:28 - [TEST_STEP][PASSED] - menuManagerUserAccount = wait.until(ExpectedConditions.elementToBeClickable(By.xpath(xpathManagerListAccount))): null

13-10-2024T12:09:28 - [TEST_STEP][PASSED] - menuManagerUserAccount.click(): null

13-10-2024T12:09:28 - [TEST_STEP][PASSED] - userCode = wait.until(ExpectedConditions.visibilityOfElementLocated(By.xpath(xpathUserCode))): null

13-10-2024T12:09:31 - [TEST_STEP][PASSED] - println(userCode.getText()): null

13-10-2024T12:09:31 - [TEST_STEP][PASSED] - accountBtn = wait.until(ExpectedConditions.elementToBeClickable(By.xpath(xpathBtnAccount))): null

13-10-2024T12:09:31 - [TEST_STEP][PASSED] - accountBtn.click(): null

13-10-2024T12:09:31 - [TEST_STEP][PASSED] - searchTextbox = wait.until(ExpectedConditions.elementToBeClickable(By.xpath(xpathSearchTextbox))): null

13-10-2024T12:09:31 - [TEST_STEP][PASSED] - searchTextbox.sendKeys(username): null

13-10-2024T12:09:31 - [TEST_STEP][PASSED] - xpath(xpathOption)).click(): null

13-10-2024T12:09:32 - [TEST_STEP][PASSED] - xpath(xpathBtnSearch)).click(): null

13-10-2024T12:09:32 - [TEST_STEP][PASSED] - Assert.assertEquals(xpath(xpathAccountName)).getText(), username): null

13-10-2024T12:09:33 - [TEST_STEP][PASSED] - xpath(xpathMoneyOff)).click(): null

13-10-2024T12:09:33 - [TEST_STEP][PASSED] - Assert.assertEquals(xpath(xpathActiveItem)).getText(), "RÚT TIỀN THÔNG THƯỜNG VÀ CHI NỘI ĐỊA"): null

13-10-2024T12:09:34 - [TEST_STEP][PASSED] - Start listener action : sampleAfterTestCase: null

13-10-2024T12:09:34 - [TEST_STEP][PASSED] - testCaseId = testCaseContext.getTestCaseId(): null

13-10-2024T12:09:34 - [TEST_STEP][PASSED] - if (testCaseId == "Test Cases/Quản lý tài khoản merchant/Quản lý dịch vụ merchant/TC_13_Kiểm tra chức năng xác nhận cấu hình thay đổi VA"): null]]></system-out>
         <system-err><![CDATA[]]></system-err>
      </testcase>
      <testcase name="Test Cases/Quản lý tài khoản merchant/Quản lý danh sách tài khoản/Rút tiền/TC_02_Kiểm tra validate trường thông tin" time="28.573" classname="Test Cases/Quản lý tài khoản merchant/Quản lý danh sách tài khoản/Rút tiền/TC_02_Kiểm tra validate trường thông tin" status="PASSED">
         <system-out><![CDATA[13-10-2024T12:09:34 - [TEST_CASE][PASSED] - Test Cases/Quản lý tài khoản merchant/Quản lý danh sách tài khoản/Rút tiền/TC_02_Kiểm tra validate trường thông tin: Test Cases/Quản lý tài khoản merchant/Quản lý danh sách tài khoản/Rút tiền/TC_02_Kiểm tra validate trường thông tin

13-10-2024T12:09:34 - [TEST_STEP][PASSED] - Start listener action : sampleBeforeTestCase: Navigate to 'https://stg-cms-console.9pay.mobi/login' successfully

13-10-2024T12:09:34 - [TEST_STEP][PASSED] - testCaseId = testCaseContext.getTestCaseId(): null

13-10-2024T12:09:34 - [TEST_STEP][PASSED] - url = <not implemented yet for class: org.codehaus.groovy.ast.expr.EmptyExpression>: null

13-10-2024T12:09:34 - [TEST_STEP][PASSED] - if (testCaseId == "Test Cases/Quản lý tài khoản merchant/Quản lý dịch vụ merchant/TC_14_Kiểm tra thay đổi sau khi cấu hình VA trên MCV"): null

13-10-2024T12:09:34 - [TEST_STEP][PASSED] - else: null

13-10-2024T12:09:34 - [TEST_STEP][PASSED] - url = "https://stg-cms-console.9pay.mobi/login": null

13-10-2024T12:09:34 - [TEST_STEP][PASSED] - openBrowser(""): Browser is opened with url: ''

13-10-2024T12:09:34 - [MESSAGE][WARNING] - A browser is already opened. Closing browser and opening a new one

13-10-2024T12:09:34 - [MESSAGE][INFO] - Starting 'Chrome' driver

13-10-2024T12:09:34 - [MESSAGE][INFO] - Action delay is set to 0 milliseconds

13-10-2024T12:09:35 - [MESSAGE][PASSED] - Browser is opened with url: ''

13-10-2024T12:09:35 - [TEST_STEP][PASSED] - maximizeWindow(): Current window maximized

13-10-2024T12:09:35 - [MESSAGE][PASSED] - Current window maximized

13-10-2024T12:09:35 - [TEST_STEP][PASSED] - navigateToUrl(url): Navigate to 'https://stg-cms-console.9pay.mobi/login' successfully

13-10-2024T12:09:37 - [MESSAGE][PASSED] - Navigate to 'https://stg-cms-console.9pay.mobi/login' successfully

13-10-2024T12:09:37 - [TEST_STEP][PASSED] - driver = getWebDriver(): null

13-10-2024T12:09:37 - [TEST_STEP][PASSED] - callTestCase(findTestCase("Test Cases/Login/LoginCommon"), [:], STOP_ON_FAILURE): Call Test Case 'Test Cases/Login/LoginCommon' successfully

13-10-2024T12:09:37 - [TEST_CASE][PASSED] - Test Cases/Login/LoginCommon: Test Cases/Login/LoginCommon

13-10-2024T12:09:37 - [TEST_STEP][PASSED] - driver = getWebDriver(): null

13-10-2024T12:09:37 - [TEST_STEP][PASSED] - sendKeys(findTestObject("Quản lý tài khoản merchant/Quản lý dịch vụ merchant/userNameTextbox"), userAccount): Keys 'dannt@9pay.vn' sent to object: 'Object Repository/Quản lý tài khoản merchant/Quản lý dịch vụ merchant/userNameTextbox'

13-10-2024T12:09:38 - [MESSAGE][PASSED] - Keys 'dannt@9pay.vn' sent to object: 'Object Repository/Quản lý tài khoản merchant/Quản lý dịch vụ merchant/userNameTextbox'

13-10-2024T12:09:38 - [TEST_STEP][PASSED] - sendKeys(findTestObject("Quản lý tài khoản merchant/Quản lý dịch vụ merchant/passwordTextbox"), password): Keys 'dannt@9pay.vn' sent to object: 'Object Repository/Quản lý tài khoản merchant/Quản lý dịch vụ merchant/passwordTextbox'

13-10-2024T12:09:38 - [MESSAGE][PASSED] - Keys 'dannt@9pay.vn' sent to object: 'Object Repository/Quản lý tài khoản merchant/Quản lý dịch vụ merchant/passwordTextbox'

13-10-2024T12:09:38 - [TEST_STEP][PASSED] - click(findTestObject("Quản lý tài khoản merchant/Quản lý dịch vụ merchant/loginButton")): Object: 'Object Repository/Quản lý tài khoản merchant/Quản lý dịch vụ merchant/loginButton' is clicked on

13-10-2024T12:09:38 - [MESSAGE][PASSED] - Object: 'Object Repository/Quản lý tài khoản merchant/Quản lý dịch vụ merchant/loginButton' is clicked on

13-10-2024T12:09:38 - [MESSAGE][PASSED] - Call Test Case 'Test Cases/Login/LoginCommon' successfully

13-10-2024T12:09:38 - [TEST_STEP][PASSED] - waitForElementVisible(findTestObject("Trang chủ/userName"), 10, STOP_ON_FAILURE): Object 'Object Repository/Trang chủ/userName' is visible

13-10-2024T12:09:42 - [MESSAGE][PASSED] - Object 'Object Repository/Trang chủ/userName' is visible

13-10-2024T12:09:42 - [TEST_STEP][PASSED] - click(findTestObject("Quản lý tài khoản merchant/menuManagerMerchantAccount")): Object: 'Object Repository/Quản lý tài khoản merchant/menuManagerMerchantAccount' is clicked on

13-10-2024T12:09:42 - [MESSAGE][PASSED] - Object: 'Object Repository/Quản lý tài khoản merchant/menuManagerMerchantAccount' is clicked on

13-10-2024T12:09:42 - [TEST_STEP][PASSED] - waitForElementVisible(findTestObject("Quản lý tài khoản merchant/Quản lý dịch vụ merchant/menuManagerMerchantService"), 10, STOP_ON_FAILURE): Object 'Object Repository/Quản lý tài khoản merchant/Quản lý dịch vụ merchant/menuManagerMerchantService' is visible

13-10-2024T12:09:42 - [MESSAGE][PASSED] - Object 'Object Repository/Quản lý tài khoản merchant/Quản lý dịch vụ merchant/menuManagerMerchantService' is visible

13-10-2024T12:09:42 - [TEST_STEP][PASSED] - wait = new org.openqa.selenium.support.ui.WebDriverWait(com.kms.katalon.core.webui.driver.DriverFactory.getWebDriver(), internal.GlobalVariable.waitSecond): null

13-10-2024T12:09:42 - [TEST_STEP][PASSED] - menuManagerUserAccount = wait.until(ExpectedConditions.elementToBeClickable(By.xpath(xpathManagerListAccount))): null

13-10-2024T12:09:43 - [TEST_STEP][PASSED] - menuManagerUserAccount.click(): null

13-10-2024T12:09:43 - [TEST_STEP][PASSED] - userCode = wait.until(ExpectedConditions.visibilityOfElementLocated(By.xpath(xpathUserCode))): null

13-10-2024T12:09:46 - [TEST_STEP][PASSED] - println(userCode.getText()): null

13-10-2024T12:09:46 - [TEST_STEP][PASSED] - accountBtn = wait.until(ExpectedConditions.elementToBeClickable(By.xpath(xpathBtnAccount))): null

13-10-2024T12:09:46 - [TEST_STEP][PASSED] - accountBtn.click(): null

13-10-2024T12:09:46 - [TEST_STEP][PASSED] - searchTextbox = wait.until(ExpectedConditions.elementToBeClickable(By.xpath(xpathSearchTextbox))): null

13-10-2024T12:09:46 - [TEST_STEP][PASSED] - searchTextbox.sendKeys(username): null

13-10-2024T12:09:47 - [TEST_STEP][PASSED] - xpath(xpathOption)).click(): null

13-10-2024T12:09:47 - [TEST_STEP][PASSED] - xpath(xpathBtnSearch)).click(): null

13-10-2024T12:09:47 - [TEST_STEP][PASSED] - Assert.assertEquals(xpath(xpathAccountName)).getText(), username): null

13-10-2024T12:09:48 - [TEST_STEP][PASSED] - xpath(xpathMoneyOff)).click(): null

13-10-2024T12:09:48 - [TEST_STEP][PASSED] - wait.until(ExpectedConditions.visibilityOfElementLocated(By.xpath(xpathUser))): null

13-10-2024T12:10:01 - [TEST_STEP][PASSED] - xpath(xpathBtnContinue)).click(): null

13-10-2024T12:10:01 - [TEST_STEP][PASSED] - Assert.assertEquals(xpath(xpathErrorWallet)).getText(), "Vui lòng chọn ví dịch vụ"): null

13-10-2024T12:10:01 - [TEST_STEP][PASSED] - xpath(xpathViRut)).click(): null

13-10-2024T12:10:02 - [TEST_STEP][PASSED] - xpath(xpathParentThuHo)).click(): null

13-10-2024T12:10:02 - [TEST_STEP][PASSED] - xpath(xpathBtnContinue)).click(): null

13-10-2024T12:10:02 - [TEST_STEP][PASSED] - Assert.assertEquals(xpath(xpathChonKiDoiSoat)).getText(), "Vui lòng chọn kỳ đối soát"): null

13-10-2024T12:10:03 - [TEST_STEP][PASSED] - Start listener action : sampleAfterTestCase: null

13-10-2024T12:10:03 - [TEST_STEP][PASSED] - testCaseId = testCaseContext.getTestCaseId(): null

13-10-2024T12:10:03 - [TEST_STEP][PASSED] - if (testCaseId == "Test Cases/Quản lý tài khoản merchant/Quản lý dịch vụ merchant/TC_13_Kiểm tra chức năng xác nhận cấu hình thay đổi VA"): null]]></system-out>
         <system-err><![CDATA[]]></system-err>
      </testcase>
      <testcase name="Test Cases/Quản lý tài khoản merchant/Quản lý danh sách tài khoản/Rút tiền/TC_03_Kiểm tra khi nhập đầy đủ và nhấn tiếp tục" time="36.161" classname="Test Cases/Quản lý tài khoản merchant/Quản lý danh sách tài khoản/Rút tiền/TC_03_Kiểm tra khi nhập đầy đủ và nhấn tiếp tục" status="PASSED">
         <system-out><![CDATA[13-10-2024T12:10:03 - [TEST_CASE][PASSED] - Test Cases/Quản lý tài khoản merchant/Quản lý danh sách tài khoản/Rút tiền/TC_03_Kiểm tra khi nhập đầy đủ và nhấn tiếp tục: Test Cases/Quản lý tài khoản merchant/Quản lý danh sách tài khoản/Rút tiền/TC_03_Kiểm tra khi nhập đầy đủ và nhấn tiếp tục

13-10-2024T12:10:03 - [TEST_STEP][PASSED] - Start listener action : sampleBeforeTestCase: Navigate to 'https://stg-cms-console.9pay.mobi/login' successfully

13-10-2024T12:10:03 - [TEST_STEP][PASSED] - testCaseId = testCaseContext.getTestCaseId(): null

13-10-2024T12:10:03 - [TEST_STEP][PASSED] - url = <not implemented yet for class: org.codehaus.groovy.ast.expr.EmptyExpression>: null

13-10-2024T12:10:03 - [TEST_STEP][PASSED] - if (testCaseId == "Test Cases/Quản lý tài khoản merchant/Quản lý dịch vụ merchant/TC_14_Kiểm tra thay đổi sau khi cấu hình VA trên MCV"): null

13-10-2024T12:10:03 - [TEST_STEP][PASSED] - else: null

13-10-2024T12:10:03 - [TEST_STEP][PASSED] - url = "https://stg-cms-console.9pay.mobi/login": null

13-10-2024T12:10:03 - [TEST_STEP][PASSED] - openBrowser(""): Browser is opened with url: ''

13-10-2024T12:10:03 - [MESSAGE][WARNING] - A browser is already opened. Closing browser and opening a new one

13-10-2024T12:10:03 - [MESSAGE][INFO] - Starting 'Chrome' driver

13-10-2024T12:10:03 - [MESSAGE][INFO] - Action delay is set to 0 milliseconds

13-10-2024T12:10:04 - [MESSAGE][PASSED] - Browser is opened with url: ''

13-10-2024T12:10:04 - [TEST_STEP][PASSED] - maximizeWindow(): Current window maximized

13-10-2024T12:10:04 - [MESSAGE][PASSED] - Current window maximized

13-10-2024T12:10:04 - [TEST_STEP][PASSED] - navigateToUrl(url): Navigate to 'https://stg-cms-console.9pay.mobi/login' successfully

13-10-2024T12:10:06 - [MESSAGE][PASSED] - Navigate to 'https://stg-cms-console.9pay.mobi/login' successfully

13-10-2024T12:10:06 - [TEST_STEP][PASSED] - driver = getWebDriver(): null

13-10-2024T12:10:06 - [TEST_STEP][PASSED] - callTestCase(findTestCase("Test Cases/Login/LoginCommon"), [:], STOP_ON_FAILURE): Call Test Case 'Test Cases/Login/LoginCommon' successfully

13-10-2024T12:10:06 - [TEST_CASE][PASSED] - Test Cases/Login/LoginCommon: Test Cases/Login/LoginCommon

13-10-2024T12:10:06 - [TEST_STEP][PASSED] - driver = getWebDriver(): null

13-10-2024T12:10:06 - [TEST_STEP][PASSED] - sendKeys(findTestObject("Quản lý tài khoản merchant/Quản lý dịch vụ merchant/userNameTextbox"), userAccount): Keys 'dannt@9pay.vn' sent to object: 'Object Repository/Quản lý tài khoản merchant/Quản lý dịch vụ merchant/userNameTextbox'

13-10-2024T12:10:06 - [MESSAGE][PASSED] - Keys 'dannt@9pay.vn' sent to object: 'Object Repository/Quản lý tài khoản merchant/Quản lý dịch vụ merchant/userNameTextbox'

13-10-2024T12:10:06 - [TEST_STEP][PASSED] - sendKeys(findTestObject("Quản lý tài khoản merchant/Quản lý dịch vụ merchant/passwordTextbox"), password): Keys 'dannt@9pay.vn' sent to object: 'Object Repository/Quản lý tài khoản merchant/Quản lý dịch vụ merchant/passwordTextbox'

13-10-2024T12:10:07 - [MESSAGE][PASSED] - Keys 'dannt@9pay.vn' sent to object: 'Object Repository/Quản lý tài khoản merchant/Quản lý dịch vụ merchant/passwordTextbox'

13-10-2024T12:10:07 - [TEST_STEP][PASSED] - click(findTestObject("Quản lý tài khoản merchant/Quản lý dịch vụ merchant/loginButton")): Object: 'Object Repository/Quản lý tài khoản merchant/Quản lý dịch vụ merchant/loginButton' is clicked on

13-10-2024T12:10:07 - [MESSAGE][PASSED] - Object: 'Object Repository/Quản lý tài khoản merchant/Quản lý dịch vụ merchant/loginButton' is clicked on

13-10-2024T12:10:07 - [MESSAGE][PASSED] - Call Test Case 'Test Cases/Login/LoginCommon' successfully

13-10-2024T12:10:07 - [TEST_STEP][PASSED] - waitForElementVisible(findTestObject("Trang chủ/userName"), 10, STOP_ON_FAILURE): Object 'Object Repository/Trang chủ/userName' is visible

13-10-2024T12:10:16 - [MESSAGE][PASSED] - Object 'Object Repository/Trang chủ/userName' is visible

13-10-2024T12:10:16 - [TEST_STEP][PASSED] - click(findTestObject("Quản lý tài khoản merchant/menuManagerMerchantAccount")): Object: 'Object Repository/Quản lý tài khoản merchant/menuManagerMerchantAccount' is clicked on

13-10-2024T12:10:17 - [MESSAGE][PASSED] - Object: 'Object Repository/Quản lý tài khoản merchant/menuManagerMerchantAccount' is clicked on

13-10-2024T12:10:17 - [TEST_STEP][PASSED] - waitForElementVisible(findTestObject("Quản lý tài khoản merchant/Quản lý dịch vụ merchant/menuManagerMerchantService"), 10, STOP_ON_FAILURE): Object 'Object Repository/Quản lý tài khoản merchant/Quản lý dịch vụ merchant/menuManagerMerchantService' is visible

13-10-2024T12:10:17 - [MESSAGE][PASSED] - Object 'Object Repository/Quản lý tài khoản merchant/Quản lý dịch vụ merchant/menuManagerMerchantService' is visible

13-10-2024T12:10:17 - [TEST_STEP][PASSED] - wait = new org.openqa.selenium.support.ui.WebDriverWait(com.kms.katalon.core.webui.driver.DriverFactory.getWebDriver(), internal.GlobalVariable.waitSecond): null

13-10-2024T12:10:17 - [TEST_STEP][PASSED] - menuManagerUserAccount = wait.until(ExpectedConditions.elementToBeClickable(By.xpath(xpathManagerListAccount))): null

13-10-2024T12:10:17 - [TEST_STEP][PASSED] - menuManagerUserAccount.click(): null

13-10-2024T12:10:17 - [TEST_STEP][PASSED] - userCode = wait.until(ExpectedConditions.visibilityOfElementLocated(By.xpath(xpathUserCode))): null

13-10-2024T12:10:24 - [TEST_STEP][PASSED] - println(userCode.getText()): null

13-10-2024T12:10:24 - [TEST_STEP][PASSED] - accountBtn = wait.until(ExpectedConditions.elementToBeClickable(By.xpath(xpathBtnAccount))): null

13-10-2024T12:10:24 - [TEST_STEP][PASSED] - accountBtn.click(): null

13-10-2024T12:10:24 - [TEST_STEP][PASSED] - searchTextbox = wait.until(ExpectedConditions.elementToBeClickable(By.xpath(xpathSearchTextbox))): null

13-10-2024T12:10:24 - [TEST_STEP][PASSED] - searchTextbox.sendKeys(username): null

13-10-2024T12:10:24 - [TEST_STEP][PASSED] - xpath(xpathOption)).click(): null

13-10-2024T12:10:25 - [TEST_STEP][PASSED] - xpath(xpathBtnSearch)).click(): null

13-10-2024T12:10:25 - [TEST_STEP][PASSED] - Assert.assertEquals(xpath(xpathAccountName)).getText(), username): null

13-10-2024T12:10:26 - [TEST_STEP][PASSED] - xpath(xpathMoneyOff)).click(): null

13-10-2024T12:10:26 - [TEST_STEP][PASSED] - wait.until(ExpectedConditions.visibilityOfElementLocated(By.xpath(xpathUser))): null

13-10-2024T12:10:37 - [TEST_STEP][PASSED] - xpath(xpathViRut)).click(): null

13-10-2024T12:10:37 - [TEST_STEP][PASSED] - xpath(xpathParentThuHo)).click(): null

13-10-2024T12:10:38 - [TEST_STEP][PASSED] - xpath(xpathDay)).click(): null

13-10-2024T12:10:38 - [TEST_STEP][PASSED] - xpath(xpathToday)).click(): null

13-10-2024T12:10:39 - [TEST_STEP][PASSED] - xpath(xpathBtnContinue)).click(): null

13-10-2024T12:10:39 - [TEST_STEP][PASSED] - Start listener action : sampleAfterTestCase: null

13-10-2024T12:10:39 - [TEST_STEP][PASSED] - testCaseId = testCaseContext.getTestCaseId(): null

13-10-2024T12:10:39 - [TEST_STEP][PASSED] - if (testCaseId == "Test Cases/Quản lý tài khoản merchant/Quản lý dịch vụ merchant/TC_13_Kiểm tra chức năng xác nhận cấu hình thay đổi VA"): null]]></system-out>
         <system-err><![CDATA[]]></system-err>
      </testcase>
      <testcase name="Test Cases/Quản lý tài khoản merchant/Quản lý danh sách tài khoản/Rút tiền/TC_04_Kiểm tra khi nhập số tiền lớn hơn số dư khả dụng" time="31.321" classname="Test Cases/Quản lý tài khoản merchant/Quản lý danh sách tài khoản/Rút tiền/TC_04_Kiểm tra khi nhập số tiền lớn hơn số dư khả dụng" status="PASSED">
         <system-out><![CDATA[13-10-2024T12:10:39 - [TEST_CASE][PASSED] - Test Cases/Quản lý tài khoản merchant/Quản lý danh sách tài khoản/Rút tiền/TC_04_Kiểm tra khi nhập số tiền lớn hơn số dư khả dụng: Test Cases/Quản lý tài khoản merchant/Quản lý danh sách tài khoản/Rút tiền/TC_04_Kiểm tra khi nhập số tiền lớn hơn số dư khả dụng

13-10-2024T12:10:39 - [TEST_STEP][PASSED] - Start listener action : sampleBeforeTestCase: Navigate to 'https://stg-cms-console.9pay.mobi/login' successfully

13-10-2024T12:10:39 - [TEST_STEP][PASSED] - testCaseId = testCaseContext.getTestCaseId(): null

13-10-2024T12:10:39 - [TEST_STEP][PASSED] - url = <not implemented yet for class: org.codehaus.groovy.ast.expr.EmptyExpression>: null

13-10-2024T12:10:39 - [TEST_STEP][PASSED] - if (testCaseId == "Test Cases/Quản lý tài khoản merchant/Quản lý dịch vụ merchant/TC_14_Kiểm tra thay đổi sau khi cấu hình VA trên MCV"): null

13-10-2024T12:10:39 - [TEST_STEP][PASSED] - else: null

13-10-2024T12:10:39 - [TEST_STEP][PASSED] - url = "https://stg-cms-console.9pay.mobi/login": null

13-10-2024T12:10:39 - [TEST_STEP][PASSED] - openBrowser(""): Browser is opened with url: ''

13-10-2024T12:10:39 - [MESSAGE][WARNING] - A browser is already opened. Closing browser and opening a new one

13-10-2024T12:10:39 - [MESSAGE][INFO] - Starting 'Chrome' driver

13-10-2024T12:10:39 - [MESSAGE][INFO] - Action delay is set to 0 milliseconds

13-10-2024T12:10:40 - [MESSAGE][PASSED] - Browser is opened with url: ''

13-10-2024T12:10:40 - [TEST_STEP][PASSED] - maximizeWindow(): Current window maximized

13-10-2024T12:10:40 - [MESSAGE][PASSED] - Current window maximized

13-10-2024T12:10:40 - [TEST_STEP][PASSED] - navigateToUrl(url): Navigate to 'https://stg-cms-console.9pay.mobi/login' successfully

13-10-2024T12:10:42 - [MESSAGE][PASSED] - Navigate to 'https://stg-cms-console.9pay.mobi/login' successfully

13-10-2024T12:10:42 - [TEST_STEP][PASSED] - driver = getWebDriver(): null

13-10-2024T12:10:42 - [TEST_STEP][PASSED] - callTestCase(findTestCase("Test Cases/Login/LoginCommon"), [:], STOP_ON_FAILURE): Call Test Case 'Test Cases/Login/LoginCommon' successfully

13-10-2024T12:10:42 - [TEST_CASE][PASSED] - Test Cases/Login/LoginCommon: Test Cases/Login/LoginCommon

13-10-2024T12:10:42 - [TEST_STEP][PASSED] - driver = getWebDriver(): null

13-10-2024T12:10:42 - [TEST_STEP][PASSED] - sendKeys(findTestObject("Quản lý tài khoản merchant/Quản lý dịch vụ merchant/userNameTextbox"), userAccount): Keys 'dannt@9pay.vn' sent to object: 'Object Repository/Quản lý tài khoản merchant/Quản lý dịch vụ merchant/userNameTextbox'

13-10-2024T12:10:42 - [MESSAGE][PASSED] - Keys 'dannt@9pay.vn' sent to object: 'Object Repository/Quản lý tài khoản merchant/Quản lý dịch vụ merchant/userNameTextbox'

13-10-2024T12:10:42 - [TEST_STEP][PASSED] - sendKeys(findTestObject("Quản lý tài khoản merchant/Quản lý dịch vụ merchant/passwordTextbox"), password): Keys 'dannt@9pay.vn' sent to object: 'Object Repository/Quản lý tài khoản merchant/Quản lý dịch vụ merchant/passwordTextbox'

13-10-2024T12:10:43 - [MESSAGE][PASSED] - Keys 'dannt@9pay.vn' sent to object: 'Object Repository/Quản lý tài khoản merchant/Quản lý dịch vụ merchant/passwordTextbox'

13-10-2024T12:10:43 - [TEST_STEP][PASSED] - click(findTestObject("Quản lý tài khoản merchant/Quản lý dịch vụ merchant/loginButton")): Object: 'Object Repository/Quản lý tài khoản merchant/Quản lý dịch vụ merchant/loginButton' is clicked on

13-10-2024T12:10:43 - [MESSAGE][PASSED] - Object: 'Object Repository/Quản lý tài khoản merchant/Quản lý dịch vụ merchant/loginButton' is clicked on

13-10-2024T12:10:43 - [MESSAGE][PASSED] - Call Test Case 'Test Cases/Login/LoginCommon' successfully

13-10-2024T12:10:43 - [TEST_STEP][PASSED] - waitForElementVisible(findTestObject("Trang chủ/userName"), 10, STOP_ON_FAILURE): Object 'Object Repository/Trang chủ/userName' is visible

13-10-2024T12:10:47 - [MESSAGE][PASSED] - Object 'Object Repository/Trang chủ/userName' is visible

13-10-2024T12:10:47 - [TEST_STEP][PASSED] - click(findTestObject("Quản lý tài khoản merchant/menuManagerMerchantAccount")): Object: 'Object Repository/Quản lý tài khoản merchant/menuManagerMerchantAccount' is clicked on

13-10-2024T12:10:47 - [MESSAGE][PASSED] - Object: 'Object Repository/Quản lý tài khoản merchant/menuManagerMerchantAccount' is clicked on

13-10-2024T12:10:47 - [TEST_STEP][PASSED] - waitForElementVisible(findTestObject("Quản lý tài khoản merchant/Quản lý dịch vụ merchant/menuManagerMerchantService"), 10, STOP_ON_FAILURE): Object 'Object Repository/Quản lý tài khoản merchant/Quản lý dịch vụ merchant/menuManagerMerchantService' is visible

13-10-2024T12:10:48 - [MESSAGE][PASSED] - Object 'Object Repository/Quản lý tài khoản merchant/Quản lý dịch vụ merchant/menuManagerMerchantService' is visible

13-10-2024T12:10:48 - [TEST_STEP][PASSED] - wait = new org.openqa.selenium.support.ui.WebDriverWait(com.kms.katalon.core.webui.driver.DriverFactory.getWebDriver(), internal.GlobalVariable.waitSecond): null

13-10-2024T12:10:48 - [TEST_STEP][PASSED] - menuManagerUserAccount = wait.until(ExpectedConditions.elementToBeClickable(By.xpath(xpathManagerListAccount))): null

13-10-2024T12:10:48 - [TEST_STEP][PASSED] - menuManagerUserAccount.click(): null

13-10-2024T12:10:48 - [TEST_STEP][PASSED] - userCode = wait.until(ExpectedConditions.visibilityOfElementLocated(By.xpath(xpathUserCode))): null

13-10-2024T12:10:51 - [TEST_STEP][PASSED] - println(userCode.getText()): null

13-10-2024T12:10:51 - [TEST_STEP][PASSED] - accountBtn = wait.until(ExpectedConditions.elementToBeClickable(By.xpath(xpathBtnAccount))): null

13-10-2024T12:10:51 - [TEST_STEP][PASSED] - accountBtn.click(): null

13-10-2024T12:10:51 - [TEST_STEP][PASSED] - searchTextbox = wait.until(ExpectedConditions.elementToBeClickable(By.xpath(xpathSearchTextbox))): null

13-10-2024T12:10:52 - [TEST_STEP][PASSED] - searchTextbox.sendKeys(username): null

13-10-2024T12:10:52 - [TEST_STEP][PASSED] - xpath(xpathOption)).click(): null

13-10-2024T12:10:52 - [TEST_STEP][PASSED] - xpath(xpathBtnSearch)).click(): null

13-10-2024T12:10:52 - [TEST_STEP][PASSED] - Assert.assertEquals(xpath(xpathAccountName)).getText(), username): null

13-10-2024T12:10:53 - [TEST_STEP][PASSED] - xpath(xpathMoneyOff)).click(): null

13-10-2024T12:10:54 - [TEST_STEP][PASSED] - wait.until(ExpectedConditions.visibilityOfElementLocated(By.xpath("//span[@class='filter-option pull-left'][normalize-space()='" + username + "']"))): null

13-10-2024T12:11:05 - [TEST_STEP][PASSED] - xpath(xpathViRut)).click(): null

13-10-2024T12:11:05 - [TEST_STEP][PASSED] - xpath(xpathOptionThuho)).click(): null

13-10-2024T12:11:06 - [TEST_STEP][PASSED] - xpath(xpathDay)).click(): null

13-10-2024T12:11:06 - [TEST_STEP][PASSED] - xpath(xpathToday)).click(): null

13-10-2024T12:11:07 - [TEST_STEP][PASSED] - xpath(xpathBtnContinue)).click(): null

13-10-2024T12:11:07 - [TEST_STEP][PASSED] - try: null

13-10-2024T12:11:07 - [TEST_STEP][PASSED] - popupDS = wait.until(ExpectedConditions.visibilityOfElementLocated(By.xpath("//p[contains(text(),'Đã tồn tại kỳ đối soát trước đó, Bạn có chắc chắn ')]"))): null

13-10-2024T12:11:08 - [TEST_STEP][PASSED] - Assert.assertEquals(popupDS.getText(), "Đã tồn tại kỳ đối soát trước đó, Bạn có chắc chắn muốn tiếp tục thực hiện giao dịch?"): null

13-10-2024T12:11:08 - [TEST_STEP][PASSED] - xpath(BtnOkXpath)).click(): null

13-10-2024T12:11:08 - [TEST_STEP][PASSED] - soDuKhaDung = driver.findElement(By.xpath(xpathSoDuVi)): null

13-10-2024T12:11:09 - [TEST_STEP][PASSED] - value = soDuKhaDung.getAttribute("value"): null

13-10-2024T12:11:09 - [TEST_STEP][PASSED] - println(">>>: " + value): null

13-10-2024T12:11:09 - [TEST_STEP][PASSED] - availableBalances = Integer.parseInt(value.replace(",", "")): null

13-10-2024T12:11:09 - [TEST_STEP][PASSED] - println("so du kha dung la: " + availableBalances): null

13-10-2024T12:11:09 - [TEST_STEP][PASSED] - amountTransaction = String.valueOf(availableBalances + 9000000): null

13-10-2024T12:11:09 - [TEST_STEP][PASSED] - println("so du kha dung la: " + amountTransaction): null

13-10-2024T12:11:09 - [TEST_STEP][PASSED] - xpath(xpathFieldAmount)).sendKeys(amountTransaction): null

13-10-2024T12:11:09 - [TEST_STEP][PASSED] - xpath(xpathConfirm)).click(): null

13-10-2024T12:11:10 - [TEST_STEP][PASSED] - Assert.assertEquals(xpath("//p[contains(text(),'Số tiền rút không được lớn hơn " + value + "VNĐ')]"))).getText(), "Số tiền rút không được lớn hơn " + value + "VNĐ"): null

13-10-2024T12:11:10 - [TEST_STEP][PASSED] - Start listener action : sampleAfterTestCase: null

13-10-2024T12:11:10 - [TEST_STEP][PASSED] - testCaseId = testCaseContext.getTestCaseId(): null

13-10-2024T12:11:10 - [TEST_STEP][PASSED] - if (testCaseId == "Test Cases/Quản lý tài khoản merchant/Quản lý dịch vụ merchant/TC_13_Kiểm tra chức năng xác nhận cấu hình thay đổi VA"): null]]></system-out>
         <system-err><![CDATA[]]></system-err>
      </testcase>
      <testcase name="Test Cases/Quản lý tài khoản merchant/Quản lý danh sách tài khoản/Rút tiền/TC_05_Kiểm tra khi nhập số tiền bé hơn số tiền khả dụng" time="27.821" classname="Test Cases/Quản lý tài khoản merchant/Quản lý danh sách tài khoản/Rút tiền/TC_05_Kiểm tra khi nhập số tiền bé hơn số tiền khả dụng" status="PASSED">
         <system-out><![CDATA[13-10-2024T12:11:10 - [TEST_CASE][PASSED] - Test Cases/Quản lý tài khoản merchant/Quản lý danh sách tài khoản/Rút tiền/TC_05_Kiểm tra khi nhập số tiền bé hơn số tiền khả dụng: Test Cases/Quản lý tài khoản merchant/Quản lý danh sách tài khoản/Rút tiền/TC_05_Kiểm tra khi nhập số tiền bé hơn số tiền khả dụng

13-10-2024T12:11:10 - [TEST_STEP][PASSED] - Start listener action : sampleBeforeTestCase: Navigate to 'https://stg-cms-console.9pay.mobi/login' successfully

13-10-2024T12:11:10 - [TEST_STEP][PASSED] - testCaseId = testCaseContext.getTestCaseId(): null

13-10-2024T12:11:10 - [TEST_STEP][PASSED] - url = <not implemented yet for class: org.codehaus.groovy.ast.expr.EmptyExpression>: null

13-10-2024T12:11:10 - [TEST_STEP][PASSED] - if (testCaseId == "Test Cases/Quản lý tài khoản merchant/Quản lý dịch vụ merchant/TC_14_Kiểm tra thay đổi sau khi cấu hình VA trên MCV"): null

13-10-2024T12:11:10 - [TEST_STEP][PASSED] - else: null

13-10-2024T12:11:10 - [TEST_STEP][PASSED] - url = "https://stg-cms-console.9pay.mobi/login": null

13-10-2024T12:11:10 - [TEST_STEP][PASSED] - openBrowser(""): Browser is opened with url: ''

13-10-2024T12:11:10 - [MESSAGE][WARNING] - A browser is already opened. Closing browser and opening a new one

13-10-2024T12:11:10 - [MESSAGE][INFO] - Starting 'Chrome' driver

13-10-2024T12:11:10 - [MESSAGE][INFO] - Action delay is set to 0 milliseconds

13-10-2024T12:11:11 - [MESSAGE][PASSED] - Browser is opened with url: ''

13-10-2024T12:11:11 - [TEST_STEP][PASSED] - maximizeWindow(): Current window maximized

13-10-2024T12:11:11 - [MESSAGE][PASSED] - Current window maximized

13-10-2024T12:11:11 - [TEST_STEP][PASSED] - navigateToUrl(url): Navigate to 'https://stg-cms-console.9pay.mobi/login' successfully

13-10-2024T12:11:13 - [MESSAGE][PASSED] - Navigate to 'https://stg-cms-console.9pay.mobi/login' successfully

13-10-2024T12:11:13 - [TEST_STEP][PASSED] - driver = getWebDriver(): null

13-10-2024T12:11:13 - [TEST_STEP][PASSED] - callTestCase(findTestCase("Test Cases/Login/LoginCommon"), [:], STOP_ON_FAILURE): Call Test Case 'Test Cases/Login/LoginCommon' successfully

13-10-2024T12:11:13 - [TEST_CASE][PASSED] - Test Cases/Login/LoginCommon: Test Cases/Login/LoginCommon

13-10-2024T12:11:13 - [TEST_STEP][PASSED] - driver = getWebDriver(): null

13-10-2024T12:11:13 - [TEST_STEP][PASSED] - sendKeys(findTestObject("Quản lý tài khoản merchant/Quản lý dịch vụ merchant/userNameTextbox"), userAccount): Keys 'dannt@9pay.vn' sent to object: 'Object Repository/Quản lý tài khoản merchant/Quản lý dịch vụ merchant/userNameTextbox'

13-10-2024T12:11:14 - [MESSAGE][PASSED] - Keys 'dannt@9pay.vn' sent to object: 'Object Repository/Quản lý tài khoản merchant/Quản lý dịch vụ merchant/userNameTextbox'

13-10-2024T12:11:14 - [TEST_STEP][PASSED] - sendKeys(findTestObject("Quản lý tài khoản merchant/Quản lý dịch vụ merchant/passwordTextbox"), password): Keys 'dannt@9pay.vn' sent to object: 'Object Repository/Quản lý tài khoản merchant/Quản lý dịch vụ merchant/passwordTextbox'

13-10-2024T12:11:14 - [MESSAGE][PASSED] - Keys 'dannt@9pay.vn' sent to object: 'Object Repository/Quản lý tài khoản merchant/Quản lý dịch vụ merchant/passwordTextbox'

13-10-2024T12:11:14 - [TEST_STEP][PASSED] - click(findTestObject("Quản lý tài khoản merchant/Quản lý dịch vụ merchant/loginButton")): Object: 'Object Repository/Quản lý tài khoản merchant/Quản lý dịch vụ merchant/loginButton' is clicked on

13-10-2024T12:11:14 - [MESSAGE][PASSED] - Object: 'Object Repository/Quản lý tài khoản merchant/Quản lý dịch vụ merchant/loginButton' is clicked on

13-10-2024T12:11:14 - [MESSAGE][PASSED] - Call Test Case 'Test Cases/Login/LoginCommon' successfully

13-10-2024T12:11:14 - [TEST_STEP][PASSED] - waitForElementVisible(findTestObject("Trang chủ/userName"), 10, STOP_ON_FAILURE): Object 'Object Repository/Trang chủ/userName' is visible

13-10-2024T12:11:16 - [MESSAGE][PASSED] - Object 'Object Repository/Trang chủ/userName' is visible

13-10-2024T12:11:16 - [TEST_STEP][PASSED] - click(findTestObject("Quản lý tài khoản merchant/menuManagerMerchantAccount")): Object: 'Object Repository/Quản lý tài khoản merchant/menuManagerMerchantAccount' is clicked on

13-10-2024T12:11:18 - [MESSAGE][PASSED] - Object: 'Object Repository/Quản lý tài khoản merchant/menuManagerMerchantAccount' is clicked on

13-10-2024T12:11:18 - [TEST_STEP][PASSED] - waitForElementVisible(findTestObject("Quản lý tài khoản merchant/Quản lý dịch vụ merchant/menuManagerMerchantService"), 10, STOP_ON_FAILURE): Object 'Object Repository/Quản lý tài khoản merchant/Quản lý dịch vụ merchant/menuManagerMerchantService' is visible

13-10-2024T12:11:18 - [MESSAGE][PASSED] - Object 'Object Repository/Quản lý tài khoản merchant/Quản lý dịch vụ merchant/menuManagerMerchantService' is visible

13-10-2024T12:11:18 - [TEST_STEP][PASSED] - wait = new org.openqa.selenium.support.ui.WebDriverWait(com.kms.katalon.core.webui.driver.DriverFactory.getWebDriver(), 10): null

13-10-2024T12:11:18 - [TEST_STEP][PASSED] - menuManagerUserAccount = wait.until(ExpectedConditions.elementToBeClickable(By.xpath(xpathManagerListAccount))): null

13-10-2024T12:11:19 - [TEST_STEP][PASSED] - menuManagerUserAccount.click(): null

13-10-2024T12:11:19 - [TEST_STEP][PASSED] - userCode = wait.until(ExpectedConditions.visibilityOfElementLocated(By.xpath(xpathUserCode))): null

13-10-2024T12:11:22 - [TEST_STEP][PASSED] - println(userCode.getText()): null

13-10-2024T12:11:22 - [TEST_STEP][PASSED] - accountBtn = wait.until(ExpectedConditions.elementToBeClickable(By.xpath(xpathBtnAccount))): null

13-10-2024T12:11:22 - [TEST_STEP][PASSED] - accountBtn.click(): null

13-10-2024T12:11:22 - [TEST_STEP][PASSED] - searchTextbox = wait.until(ExpectedConditions.elementToBeClickable(By.xpath(xpathSearchTextbox))): null

13-10-2024T12:11:22 - [TEST_STEP][PASSED] - searchTextbox.sendKeys(username): null

13-10-2024T12:11:22 - [TEST_STEP][PASSED] - xpath(xpathOption)).click(): null

13-10-2024T12:11:23 - [TEST_STEP][PASSED] - xpath(xpathBtnSearch)).click(): null

13-10-2024T12:11:23 - [TEST_STEP][PASSED] - Assert.assertEquals(xpath(xpathAccountName)).getText(), username): null

13-10-2024T12:11:24 - [TEST_STEP][PASSED] - xpath(xpathMoneyOff)).click(): null

13-10-2024T12:11:24 - [TEST_STEP][PASSED] - wait.until(ExpectedConditions.visibilityOfElementLocated(By.xpath(xpathUser))): null

13-10-2024T12:11:34 - [TEST_STEP][PASSED] - xpath(xpathViRut)).click(): null

13-10-2024T12:11:35 - [TEST_STEP][PASSED] - xpath(xpathOptionThuho)).click(): null

13-10-2024T12:11:35 - [TEST_STEP][PASSED] - xpath(xpathDay)).click(): null

13-10-2024T12:11:35 - [TEST_STEP][PASSED] - xpath(xpathToday)).click(): null

13-10-2024T12:11:36 - [TEST_STEP][PASSED] - xpath(xpathBtnContinue)).click(): null

13-10-2024T12:11:36 - [TEST_STEP][PASSED] - try: null

13-10-2024T12:11:36 - [TEST_STEP][PASSED] - popupDS = wait.until(ExpectedConditions.visibilityOfElementLocated(By.xpath(xpathXacNhanKiDS))): null

13-10-2024T12:11:37 - [TEST_STEP][PASSED] - Assert.assertEquals(popupDS.getText(), "Đã tồn tại kỳ đối soát trước đó, Bạn có chắc chắn muốn tiếp tục thực hiện giao dịch?"): null

13-10-2024T12:11:37 - [TEST_STEP][PASSED] - xpath(BtnOkXpath)).click(): null

13-10-2024T12:11:37 - [TEST_STEP][PASSED] - soDuKhaDung = driver.findElement(By.xpath(xpathSoDuKhaDung)): null

13-10-2024T12:11:38 - [TEST_STEP][PASSED] - value = soDuKhaDung.getAttribute("value"): null

13-10-2024T12:11:38 - [TEST_STEP][PASSED] - availableBalances = Integer.parseInt(value.replace(",", "")): null

13-10-2024T12:11:38 - [TEST_STEP][PASSED] - println("so du kha dung la: " + availableBalances): null

13-10-2024T12:11:38 - [TEST_STEP][PASSED] - amountTransaction = String.valueOf(availableBalances + 90000000): null

13-10-2024T12:11:38 - [TEST_STEP][PASSED] - println("so du kha dung la: " + amountTransaction): null

13-10-2024T12:11:38 - [TEST_STEP][PASSED] - xpath(xpathFieldAmount)).sendKeys(amountTransaction): null

13-10-2024T12:11:38 - [TEST_STEP][PASSED] - xpath(xpathConfirm)).click(): null

13-10-2024T12:11:38 - [TEST_STEP][PASSED] - Start listener action : sampleAfterTestCase: null

13-10-2024T12:11:38 - [TEST_STEP][PASSED] - testCaseId = testCaseContext.getTestCaseId(): null

13-10-2024T12:11:38 - [TEST_STEP][PASSED] - if (testCaseId == "Test Cases/Quản lý tài khoản merchant/Quản lý dịch vụ merchant/TC_13_Kiểm tra chức năng xác nhận cấu hình thay đổi VA"): null]]></system-out>
         <system-err><![CDATA[]]></system-err>
      </testcase>
      <testcase name="Test Cases/Quản lý tài khoản merchant/Quản lý danh sách tài khoản/Rút tiền/TC_06_Kiểm tra khi rút tiền thành công và duyệt lần 1" time="42.367" classname="Test Cases/Quản lý tài khoản merchant/Quản lý danh sách tài khoản/Rút tiền/TC_06_Kiểm tra khi rút tiền thành công và duyệt lần 1" status="PASSED">
         <system-out><![CDATA[13-10-2024T12:11:38 - [TEST_CASE][PASSED] - Test Cases/Quản lý tài khoản merchant/Quản lý danh sách tài khoản/Rút tiền/TC_06_Kiểm tra khi rút tiền thành công và duyệt lần 1: Test Cases/Quản lý tài khoản merchant/Quản lý danh sách tài khoản/Rút tiền/TC_06_Kiểm tra khi rút tiền thành công và duyệt lần 1

13-10-2024T12:11:38 - [TEST_STEP][PASSED] - Start listener action : sampleBeforeTestCase: Navigate to 'https://stg-cms-console.9pay.mobi/login' successfully

13-10-2024T12:11:38 - [TEST_STEP][PASSED] - testCaseId = testCaseContext.getTestCaseId(): null

13-10-2024T12:11:38 - [TEST_STEP][PASSED] - url = <not implemented yet for class: org.codehaus.groovy.ast.expr.EmptyExpression>: null

13-10-2024T12:11:38 - [TEST_STEP][PASSED] - if (testCaseId == "Test Cases/Quản lý tài khoản merchant/Quản lý dịch vụ merchant/TC_14_Kiểm tra thay đổi sau khi cấu hình VA trên MCV"): null

13-10-2024T12:11:38 - [TEST_STEP][PASSED] - else: null

13-10-2024T12:11:38 - [TEST_STEP][PASSED] - url = "https://stg-cms-console.9pay.mobi/login": null

13-10-2024T12:11:38 - [TEST_STEP][PASSED] - openBrowser(""): Browser is opened with url: ''

13-10-2024T12:11:38 - [MESSAGE][WARNING] - A browser is already opened. Closing browser and opening a new one

13-10-2024T12:11:38 - [MESSAGE][INFO] - Starting 'Chrome' driver

13-10-2024T12:11:38 - [MESSAGE][INFO] - Action delay is set to 0 milliseconds

13-10-2024T12:11:39 - [MESSAGE][PASSED] - Browser is opened with url: ''

13-10-2024T12:11:39 - [TEST_STEP][PASSED] - maximizeWindow(): Current window maximized

13-10-2024T12:11:39 - [MESSAGE][PASSED] - Current window maximized

13-10-2024T12:11:39 - [TEST_STEP][PASSED] - navigateToUrl(url): Navigate to 'https://stg-cms-console.9pay.mobi/login' successfully

13-10-2024T12:11:41 - [MESSAGE][PASSED] - Navigate to 'https://stg-cms-console.9pay.mobi/login' successfully

13-10-2024T12:11:41 - [TEST_STEP][PASSED] - driver = getWebDriver(): null

13-10-2024T12:11:41 - [TEST_STEP][PASSED] - js = driver: null

13-10-2024T12:11:41 - [TEST_STEP][PASSED] - callTestCase(findTestCase("Test Cases/Login/LoginCommon"), [:], STOP_ON_FAILURE): Call Test Case 'Test Cases/Login/LoginCommon' successfully

13-10-2024T12:11:41 - [TEST_CASE][PASSED] - Test Cases/Login/LoginCommon: Test Cases/Login/LoginCommon

13-10-2024T12:11:41 - [TEST_STEP][PASSED] - driver = getWebDriver(): null

13-10-2024T12:11:41 - [TEST_STEP][PASSED] - sendKeys(findTestObject("Quản lý tài khoản merchant/Quản lý dịch vụ merchant/userNameTextbox"), userAccount): Keys 'dannt@9pay.vn' sent to object: 'Object Repository/Quản lý tài khoản merchant/Quản lý dịch vụ merchant/userNameTextbox'

13-10-2024T12:11:41 - [MESSAGE][PASSED] - Keys 'dannt@9pay.vn' sent to object: 'Object Repository/Quản lý tài khoản merchant/Quản lý dịch vụ merchant/userNameTextbox'

13-10-2024T12:11:41 - [TEST_STEP][PASSED] - sendKeys(findTestObject("Quản lý tài khoản merchant/Quản lý dịch vụ merchant/passwordTextbox"), password): Keys 'dannt@9pay.vn' sent to object: 'Object Repository/Quản lý tài khoản merchant/Quản lý dịch vụ merchant/passwordTextbox'

13-10-2024T12:11:42 - [MESSAGE][PASSED] - Keys 'dannt@9pay.vn' sent to object: 'Object Repository/Quản lý tài khoản merchant/Quản lý dịch vụ merchant/passwordTextbox'

13-10-2024T12:11:42 - [TEST_STEP][PASSED] - click(findTestObject("Quản lý tài khoản merchant/Quản lý dịch vụ merchant/loginButton")): Object: 'Object Repository/Quản lý tài khoản merchant/Quản lý dịch vụ merchant/loginButton' is clicked on

13-10-2024T12:11:42 - [MESSAGE][PASSED] - Object: 'Object Repository/Quản lý tài khoản merchant/Quản lý dịch vụ merchant/loginButton' is clicked on

13-10-2024T12:11:42 - [MESSAGE][PASSED] - Call Test Case 'Test Cases/Login/LoginCommon' successfully

13-10-2024T12:11:42 - [TEST_STEP][PASSED] - waitForElementVisible(findTestObject("Trang chủ/userName"), 10, STOP_ON_FAILURE): Object 'Object Repository/Trang chủ/userName' is visible

13-10-2024T12:11:43 - [MESSAGE][PASSED] - Object 'Object Repository/Trang chủ/userName' is visible

13-10-2024T12:11:43 - [TEST_STEP][PASSED] - click(findTestObject("Quản lý tài khoản merchant/menuManagerMerchantAccount")): Object: 'Object Repository/Quản lý tài khoản merchant/menuManagerMerchantAccount' is clicked on

13-10-2024T12:11:45 - [MESSAGE][PASSED] - Object: 'Object Repository/Quản lý tài khoản merchant/menuManagerMerchantAccount' is clicked on

13-10-2024T12:11:45 - [TEST_STEP][PASSED] - waitForElementVisible(findTestObject("Quản lý tài khoản merchant/Quản lý dịch vụ merchant/menuManagerMerchantService"), 10, STOP_ON_FAILURE): Object 'Object Repository/Quản lý tài khoản merchant/Quản lý dịch vụ merchant/menuManagerMerchantService' is visible

13-10-2024T12:11:46 - [MESSAGE][PASSED] - Object 'Object Repository/Quản lý tài khoản merchant/Quản lý dịch vụ merchant/menuManagerMerchantService' is visible

13-10-2024T12:11:46 - [TEST_STEP][PASSED] - wait = new org.openqa.selenium.support.ui.WebDriverWait(com.kms.katalon.core.webui.driver.DriverFactory.getWebDriver(), internal.GlobalVariable.waitSecond): null

13-10-2024T12:11:46 - [TEST_STEP][PASSED] - menuManagerUserAccount = wait.until(ExpectedConditions.elementToBeClickable(By.xpath(xpathManagerListAccount))): null

13-10-2024T12:11:46 - [TEST_STEP][PASSED] - menuManagerUserAccount.click(): null

13-10-2024T12:11:46 - [TEST_STEP][PASSED] - userCode = wait.until(ExpectedConditions.visibilityOfElementLocated(By.xpath(xpathUserCode))): null

13-10-2024T12:11:49 - [TEST_STEP][PASSED] - accountBtn = wait.until(ExpectedConditions.elementToBeClickable(By.xpath(xpathBtnAccount))): null

13-10-2024T12:11:50 - [TEST_STEP][PASSED] - accountBtn.click(): null

13-10-2024T12:11:50 - [TEST_STEP][PASSED] - searchTextbox = wait.until(ExpectedConditions.elementToBeClickable(By.xpath(xpathSearchTextbox))): null

13-10-2024T12:11:50 - [TEST_STEP][PASSED] - searchTextbox.sendKeys(username): null

13-10-2024T12:11:50 - [TEST_STEP][PASSED] - xpath(xpathOption)).click(): null

13-10-2024T12:11:50 - [TEST_STEP][PASSED] - xpath(xpathBtnSearch)).click(): null

13-10-2024T12:11:51 - [TEST_STEP][PASSED] - startElement = driver.findElement(By.xpath("//strong[contains(text(),'Thu hộ:')]")): null

13-10-2024T12:11:52 - [TEST_STEP][PASSED] - script = "return arguments[0].nextSibling.textContent;": null

13-10-2024T12:11:52 - [TEST_STEP][PASSED] - nextTextNodeContent = js.executeScript(script, startElement): null

13-10-2024T12:11:52 - [TEST_STEP][PASSED] - out.println("Thu ho " + nextTextNodeContent): null

13-10-2024T12:11:52 - [TEST_STEP][PASSED] - numericString = nextTextNodeContent.replaceAll("[^0-9]", ""): null

13-10-2024T12:11:52 - [TEST_STEP][PASSED] - thuHo = Integer.parseInt(numericString): null

13-10-2024T12:11:52 - [TEST_STEP][PASSED] - out.println("Thu ho " + thuHo): null

13-10-2024T12:11:52 - [TEST_STEP][PASSED] - Assert.assertEquals(xpath(xpathAccountName)).getText(), username): null

13-10-2024T12:11:52 - [TEST_STEP][PASSED] - xpath(xpathMoneyOff)).click(): null

13-10-2024T12:11:52 - [TEST_STEP][PASSED] - wait.until(ExpectedConditions.visibilityOfElementLocated(By.xpath("//span[@class='filter-option pull-left'][normalize-space()='" + username + "']"))): null

13-10-2024T12:12:03 - [TEST_STEP][PASSED] - xpath(xpathViRut)).click(): null

13-10-2024T12:12:03 - [TEST_STEP][PASSED] - xpath(xpathOptionThuho)).click(): null

13-10-2024T12:12:03 - [TEST_STEP][PASSED] - xpath(xpathDay)).click(): null

13-10-2024T12:12:04 - [TEST_STEP][PASSED] - xpath(xpathToday)).click(): null

13-10-2024T12:12:04 - [TEST_STEP][PASSED] - xpath(xpathBtnContinue)).click(): null

13-10-2024T12:12:04 - [TEST_STEP][PASSED] - try: null

13-10-2024T12:12:04 - [TEST_STEP][PASSED] - popupDS = wait.until(ExpectedConditions.visibilityOfElementLocated(By.xpath(xpathXacNhanKiDS))): null

13-10-2024T12:12:06 - [TEST_STEP][PASSED] - Assert.assertEquals(popupDS.getText(), "Đã tồn tại kỳ đối soát trước đó, Bạn có chắc chắn muốn tiếp tục thực hiện giao dịch?"): null

13-10-2024T12:12:06 - [TEST_STEP][PASSED] - xpath(BtnOkXpath)).click(): null

13-10-2024T12:12:06 - [TEST_STEP][PASSED] - soDuKhaDung = driver.findElement(By.xpath(xpathSoDuKhaDung)): null

13-10-2024T12:12:06 - [TEST_STEP][PASSED] - value = soDuKhaDung.getAttribute("value"): null

13-10-2024T12:12:06 - [TEST_STEP][PASSED] - availableBalances = Integer.parseInt(value.replace(",", "")): null

13-10-2024T12:12:06 - [TEST_STEP][PASSED] - amountTransaction = 100000: null

13-10-2024T12:12:06 - [TEST_STEP][PASSED] - xpath(xpathFieldAmount)).sendKeys(amountTransaction): null

13-10-2024T12:12:07 - [TEST_STEP][PASSED] - xpath(xpathConfirm)).click(): null

13-10-2024T12:12:07 - [TEST_STEP][PASSED] - approveButton = wait.until(ExpectedConditions.elementToBeClickable(By.xpath(xpathAcceptFirst))): null

13-10-2024T12:12:09 - [TEST_STEP][PASSED] - js.executeScript("arguments[0].scrollIntoView(true);", approveButton): null

13-10-2024T12:12:09 - [TEST_STEP][PASSED] - approveButton.click(): null

13-10-2024T12:12:09 - [TEST_STEP][PASSED] - Thread.sleep(2000): null

13-10-2024T12:12:11 - [TEST_STEP][PASSED] - xpath(xpathCfBtn)).click(): null

13-10-2024T12:12:12 - [TEST_STEP][PASSED] - xpath(xpathBtnOk)).click(): null

13-10-2024T12:12:13 - [TEST_STEP][PASSED] - callTestCase(findTestCase("Test Cases/Quản lý tài khoản merchant/Quản lý danh sách tài khoản/CustomeFuncRutTien"), [:], STOP_ON_FAILURE): Call Test Case 'Test Cases/Quản lý tài khoản merchant/Quản lý danh sách tài khoản/CustomeFuncRutTien' successfully

13-10-2024T12:12:13 - [TEST_CASE][PASSED] - Test Cases/Quản lý tài khoản merchant/Quản lý danh sách tài khoản/CustomeFuncRutTien: Test Cases/Quản lý tài khoản merchant/Quản lý danh sách tài khoản/CustomeFuncRutTien

13-10-2024T12:12:13 - [TEST_STEP][PASSED] - driver = getWebDriver(): null

13-10-2024T12:12:13 - [TEST_STEP][PASSED] - sleep(2000): null

13-10-2024T12:12:15 - [TEST_STEP][PASSED] - element1 = driver.findElement(By.xpath(xpathManagerMC)): null

13-10-2024T12:12:15 - [TEST_STEP][PASSED] - actions = new org.openqa.selenium.interactions.Actions(driver): null

13-10-2024T12:12:15 - [TEST_STEP][PASSED] - click().perform(): null

13-10-2024T12:12:15 - [TEST_STEP][PASSED] - wait = new org.openqa.selenium.support.ui.WebDriverWait(com.kms.katalon.core.webui.driver.DriverFactory.getWebDriver(), 15): null

13-10-2024T12:12:15 - [TEST_STEP][PASSED] - element2 = wait.until(ExpectedConditions.elementToBeClickable(By.xpath(xpathManagerListAccount))): null

13-10-2024T12:12:15 - [TEST_STEP][PASSED] - click().perform(): null

13-10-2024T12:12:16 - [MESSAGE][PASSED] - Call Test Case 'Test Cases/Quản lý tài khoản merchant/Quản lý danh sách tài khoản/CustomeFuncRutTien' successfully

13-10-2024T12:12:16 - [TEST_STEP][PASSED] - xpath(xpathBtnAccount)).click(): null

13-10-2024T12:12:19 - [TEST_STEP][PASSED] - xpath(xpathSearchField)).sendKeys(username): null

13-10-2024T12:12:19 - [TEST_STEP][PASSED] - xpath(xpathOption)).click(): null

13-10-2024T12:12:19 - [TEST_STEP][PASSED] - xpath(xpathBtnSearch)).click(): null

13-10-2024T12:12:20 - [TEST_STEP][PASSED] - startElement1 = driver.findElement(By.xpath("//strong[contains(text(),'Thu hộ:')]")): null

13-10-2024T12:12:20 - [TEST_STEP][PASSED] - script1 = "return arguments[0].nextSibling.textContent;": null

13-10-2024T12:12:20 - [TEST_STEP][PASSED] - nextTextNodeContent1 = js.executeScript(script1, startElement1): null

13-10-2024T12:12:20 - [TEST_STEP][PASSED] - if (nextTextNodeContent1 == nextTextNodeContent): Test case đã pass với số tiền chưa được trừ khỏi tài khoản.

13-10-2024T12:12:20 - [TEST_STEP][PASSED] - println("Số tiền đã đúng "): null

13-10-2024T12:12:20 - [TEST_STEP][PASSED] - markPassed("Test case đã pass với số tiền chưa được trừ khỏi tài khoản."): Test case đã pass với số tiền chưa được trừ khỏi tài khoản.

13-10-2024T12:12:20 - [MESSAGE][PASSED] - Test case đã pass với số tiền chưa được trừ khỏi tài khoản.

13-10-2024T12:12:20 - [TEST_STEP][PASSED] - Start listener action : sampleAfterTestCase: null

13-10-2024T12:12:20 - [TEST_STEP][PASSED] - testCaseId = testCaseContext.getTestCaseId(): null

13-10-2024T12:12:20 - [TEST_STEP][PASSED] - if (testCaseId == "Test Cases/Quản lý tài khoản merchant/Quản lý dịch vụ merchant/TC_13_Kiểm tra chức năng xác nhận cấu hình thay đổi VA"): null]]></system-out>
         <system-err><![CDATA[]]></system-err>
      </testcase>
      <testcase name="Test Cases/Quản lý tài khoản merchant/Quản lý danh sách tài khoản/Rút tiền/TC_07_Kiểm tra khi rút tiền thành công và duyệt đủ 4 bước" time="53.662" classname="Test Cases/Quản lý tài khoản merchant/Quản lý danh sách tài khoản/Rút tiền/TC_07_Kiểm tra khi rút tiền thành công và duyệt đủ 4 bước" status="PASSED">
         <system-out><![CDATA[13-10-2024T12:12:21 - [TEST_CASE][PASSED] - Test Cases/Quản lý tài khoản merchant/Quản lý danh sách tài khoản/Rút tiền/TC_07_Kiểm tra khi rút tiền thành công và duyệt đủ 4 bước: Test Cases/Quản lý tài khoản merchant/Quản lý danh sách tài khoản/Rút tiền/TC_07_Kiểm tra khi rút tiền thành công và duyệt đủ 4 bước

13-10-2024T12:12:21 - [TEST_STEP][PASSED] - Start listener action : sampleBeforeTestCase: Navigate to 'https://stg-cms-console.9pay.mobi/login' successfully

13-10-2024T12:12:21 - [TEST_STEP][PASSED] - testCaseId = testCaseContext.getTestCaseId(): null

13-10-2024T12:12:21 - [TEST_STEP][PASSED] - url = <not implemented yet for class: org.codehaus.groovy.ast.expr.EmptyExpression>: null

13-10-2024T12:12:21 - [TEST_STEP][PASSED] - if (testCaseId == "Test Cases/Quản lý tài khoản merchant/Quản lý dịch vụ merchant/TC_14_Kiểm tra thay đổi sau khi cấu hình VA trên MCV"): null

13-10-2024T12:12:21 - [TEST_STEP][PASSED] - else: null

13-10-2024T12:12:21 - [TEST_STEP][PASSED] - url = "https://stg-cms-console.9pay.mobi/login": null

13-10-2024T12:12:21 - [TEST_STEP][PASSED] - openBrowser(""): Browser is opened with url: ''

13-10-2024T12:12:21 - [MESSAGE][WARNING] - A browser is already opened. Closing browser and opening a new one

13-10-2024T12:12:21 - [MESSAGE][INFO] - Starting 'Chrome' driver

13-10-2024T12:12:21 - [MESSAGE][INFO] - Action delay is set to 0 milliseconds

13-10-2024T12:12:21 - [MESSAGE][PASSED] - Browser is opened with url: ''

13-10-2024T12:12:21 - [TEST_STEP][PASSED] - maximizeWindow(): Current window maximized

13-10-2024T12:12:22 - [MESSAGE][PASSED] - Current window maximized

13-10-2024T12:12:22 - [TEST_STEP][PASSED] - navigateToUrl(url): Navigate to 'https://stg-cms-console.9pay.mobi/login' successfully

13-10-2024T12:12:24 - [MESSAGE][PASSED] - Navigate to 'https://stg-cms-console.9pay.mobi/login' successfully

13-10-2024T12:12:24 - [TEST_STEP][PASSED] - driver = getWebDriver(): null

13-10-2024T12:12:24 - [TEST_STEP][PASSED] - js = driver: null

13-10-2024T12:12:24 - [TEST_STEP][PASSED] - callTestCase(findTestCase("Test Cases/Login/LoginCommon"), [:], STOP_ON_FAILURE): Call Test Case 'Test Cases/Login/LoginCommon' successfully

13-10-2024T12:12:24 - [TEST_CASE][PASSED] - Test Cases/Login/LoginCommon: Test Cases/Login/LoginCommon

13-10-2024T12:12:24 - [TEST_STEP][PASSED] - driver = getWebDriver(): null

13-10-2024T12:12:24 - [TEST_STEP][PASSED] - sendKeys(findTestObject("Quản lý tài khoản merchant/Quản lý dịch vụ merchant/userNameTextbox"), userAccount): Keys 'dannt@9pay.vn' sent to object: 'Object Repository/Quản lý tài khoản merchant/Quản lý dịch vụ merchant/userNameTextbox'

13-10-2024T12:12:24 - [MESSAGE][PASSED] - Keys 'dannt@9pay.vn' sent to object: 'Object Repository/Quản lý tài khoản merchant/Quản lý dịch vụ merchant/userNameTextbox'

13-10-2024T12:12:24 - [TEST_STEP][PASSED] - sendKeys(findTestObject("Quản lý tài khoản merchant/Quản lý dịch vụ merchant/passwordTextbox"), password): Keys 'dannt@9pay.vn' sent to object: 'Object Repository/Quản lý tài khoản merchant/Quản lý dịch vụ merchant/passwordTextbox'

13-10-2024T12:12:25 - [MESSAGE][PASSED] - Keys 'dannt@9pay.vn' sent to object: 'Object Repository/Quản lý tài khoản merchant/Quản lý dịch vụ merchant/passwordTextbox'

13-10-2024T12:12:25 - [TEST_STEP][PASSED] - click(findTestObject("Quản lý tài khoản merchant/Quản lý dịch vụ merchant/loginButton")): Object: 'Object Repository/Quản lý tài khoản merchant/Quản lý dịch vụ merchant/loginButton' is clicked on

13-10-2024T12:12:25 - [MESSAGE][PASSED] - Object: 'Object Repository/Quản lý tài khoản merchant/Quản lý dịch vụ merchant/loginButton' is clicked on

13-10-2024T12:12:25 - [MESSAGE][PASSED] - Call Test Case 'Test Cases/Login/LoginCommon' successfully

13-10-2024T12:12:25 - [TEST_STEP][PASSED] - waitForElementVisible(findTestObject("Trang chủ/userName"), 10, STOP_ON_FAILURE): Object 'Object Repository/Trang chủ/userName' is visible

13-10-2024T12:12:26 - [MESSAGE][PASSED] - Object 'Object Repository/Trang chủ/userName' is visible

13-10-2024T12:12:26 - [TEST_STEP][PASSED] - click(findTestObject("Quản lý tài khoản merchant/menuManagerMerchantAccount")): Object: 'Object Repository/Quản lý tài khoản merchant/menuManagerMerchantAccount' is clicked on

13-10-2024T12:12:28 - [MESSAGE][PASSED] - Object: 'Object Repository/Quản lý tài khoản merchant/menuManagerMerchantAccount' is clicked on

13-10-2024T12:12:28 - [TEST_STEP][PASSED] - waitForElementVisible(findTestObject("Quản lý tài khoản merchant/Quản lý dịch vụ merchant/menuManagerMerchantService"), 10, STOP_ON_FAILURE): Object 'Object Repository/Quản lý tài khoản merchant/Quản lý dịch vụ merchant/menuManagerMerchantService' is visible

13-10-2024T12:12:29 - [MESSAGE][PASSED] - Object 'Object Repository/Quản lý tài khoản merchant/Quản lý dịch vụ merchant/menuManagerMerchantService' is visible

13-10-2024T12:12:29 - [TEST_STEP][PASSED] - wait = new org.openqa.selenium.support.ui.WebDriverWait(com.kms.katalon.core.webui.driver.DriverFactory.getWebDriver(), internal.GlobalVariable.waitSecond): null

13-10-2024T12:12:29 - [TEST_STEP][PASSED] - menuManagerUserAccount = wait.until(ExpectedConditions.elementToBeClickable(By.xpath(xpathManagerListAccount))): null

13-10-2024T12:12:29 - [TEST_STEP][PASSED] - menuManagerUserAccount.click(): null

13-10-2024T12:12:29 - [TEST_STEP][PASSED] - userCode = wait.until(ExpectedConditions.visibilityOfElementLocated(By.xpath(xpathUserCode))): null

13-10-2024T12:12:32 - [TEST_STEP][PASSED] - accountBtn = wait.until(ExpectedConditions.elementToBeClickable(By.xpath(xpathBtnAccount))): null

13-10-2024T12:12:33 - [TEST_STEP][PASSED] - accountBtn.click(): null

13-10-2024T12:12:33 - [TEST_STEP][PASSED] - searchTextbox = wait.until(ExpectedConditions.elementToBeClickable(By.xpath(xpathSearchTextbox))): null

13-10-2024T12:12:33 - [TEST_STEP][PASSED] - searchTextbox.sendKeys(username): null

13-10-2024T12:12:33 - [TEST_STEP][PASSED] - xpath(xpathOption)).click(): null

13-10-2024T12:12:33 - [TEST_STEP][PASSED] - xpath(xpathBtnSearch)).click(): null

13-10-2024T12:12:34 - [TEST_STEP][PASSED] - beforeWithdrawing = driver.findElement(By.xpath("//strong[contains(text(),'Thu hộ:')]")): null

13-10-2024T12:12:35 - [TEST_STEP][PASSED] - script = "return arguments[0].nextSibling.textContent;": null

13-10-2024T12:12:35 - [TEST_STEP][PASSED] - beforeWithdrawing1 = js.executeScript(script, beforeWithdrawing): null

13-10-2024T12:12:35 - [TEST_STEP][PASSED] - out.println("Thu ho " + beforeWithdrawing1): null

13-10-2024T12:12:35 - [TEST_STEP][PASSED] - numericString = beforeWithdrawing1.replaceAll("[^0-9]", ""): null

13-10-2024T12:12:35 - [TEST_STEP][PASSED] - thuHo = Integer.parseInt(numericString): null

13-10-2024T12:12:35 - [TEST_STEP][PASSED] - out.println("Thu ho " + thuHo): null

13-10-2024T12:12:35 - [TEST_STEP][PASSED] - Assert.assertEquals(xpath(xpathAccountName)).getText(), username): null

13-10-2024T12:12:35 - [TEST_STEP][PASSED] - xpath("//i[normalize-space()='money_off']")).click(): null

13-10-2024T12:12:35 - [TEST_STEP][PASSED] - wait.until(ExpectedConditions.visibilityOfElementLocated(By.xpath("//span[@class='filter-option pull-left'][normalize-space()='" + username + "']"))): null

13-10-2024T12:12:46 - [TEST_STEP][PASSED] - xpath(xpathViRut)).click(): null

13-10-2024T12:12:46 - [TEST_STEP][PASSED] - xpath(xpathOptionThuho)).click(): null

13-10-2024T12:12:46 - [TEST_STEP][PASSED] - xpath(xpathDay)).click(): null

13-10-2024T12:12:47 - [TEST_STEP][PASSED] - xpath(xpathToday)).click(): null

13-10-2024T12:12:47 - [TEST_STEP][PASSED] - xpath("//div[@class='btn btn-lg btn-primary waves-effect']")).click(): null

13-10-2024T12:12:47 - [TEST_STEP][PASSED] - try: null

13-10-2024T12:12:47 - [TEST_STEP][PASSED] - popupDS = wait.until(ExpectedConditions.visibilityOfElementLocated(By.xpath(xpathXacNhanKiDS))): null

13-10-2024T12:12:48 - [TEST_STEP][PASSED] - Assert.assertEquals(popupDS.getText(), "Đã tồn tại kỳ đối soát trước đó, Bạn có chắc chắn muốn tiếp tục thực hiện giao dịch?"): null

13-10-2024T12:12:48 - [TEST_STEP][PASSED] - xpath(BtnOkXpath)).click(): null

13-10-2024T12:12:49 - [TEST_STEP][PASSED] - soDuKhaDung = driver.findElement(By.xpath(xpathSoDuKhaDung)): null

13-10-2024T12:12:49 - [TEST_STEP][PASSED] - value = soDuKhaDung.getAttribute("value"): null

13-10-2024T12:12:49 - [TEST_STEP][PASSED] - availableBalances = Integer.parseInt(value.replace(",", "")): null

13-10-2024T12:12:49 - [TEST_STEP][PASSED] - println("so du kha dung la: " + availableBalances): null

13-10-2024T12:12:49 - [TEST_STEP][PASSED] - amountTransaction = 2000000: null

13-10-2024T12:12:49 - [TEST_STEP][PASSED] - println("so du kha dung la: " + amountTransaction): null

13-10-2024T12:12:49 - [TEST_STEP][PASSED] - if (amountTransaction > availableBalances): null

13-10-2024T12:12:49 - [TEST_STEP][PASSED] - xpath("//input[@name='amount']")).sendKeys(String.valueOf(amountTransaction)): null

13-10-2024T12:12:49 - [TEST_STEP][PASSED] - xpath("//button[contains(text(),'Xác nhận')]")).click(): null

13-10-2024T12:12:50 - [TEST_STEP][PASSED] - approveButton = wait.until(ExpectedConditions.elementToBeClickable(By.xpath("//button[contains(text(),'VH DUYỆT GD RÚT LẦN 1')]"))): null

13-10-2024T12:12:51 - [TEST_STEP][PASSED] - js.executeScript("arguments[0].scrollIntoView(true);", approveButton): null

13-10-2024T12:12:51 - [TEST_STEP][PASSED] - approveButton.click(): null

13-10-2024T12:12:51 - [TEST_STEP][PASSED] - Thread.sleep(1000): null

13-10-2024T12:12:52 - [TEST_STEP][PASSED] - xpath("//button[contains(text(),'Đồng ý')]"))).click(): null

13-10-2024T12:12:52 - [TEST_STEP][PASSED] - xpath("//button[contains(text(),'Ok')]")).click(): null

13-10-2024T12:12:53 - [TEST_STEP][PASSED] - navigate().refresh(): null

13-10-2024T12:12:53 - [TEST_STEP][PASSED] - approveButton1 = wait.until(ExpectedConditions.elementToBeClickable(By.xpath("//button[contains(text(),'VH DUYỆT GD RÚT LẦN 2')]"))): null

13-10-2024T12:12:55 - [TEST_STEP][PASSED] - js.executeScript("arguments[0].scrollIntoView(true);", approveButton1): null

13-10-2024T12:12:55 - [TEST_STEP][PASSED] - approveButton1.click(): null

13-10-2024T12:12:55 - [TEST_STEP][PASSED] - Thread.sleep(1000): null

13-10-2024T12:12:56 - [TEST_STEP][PASSED] - xpath("//button[contains(text(),'Đồng ý')]")).click(): null

13-10-2024T12:12:56 - [TEST_STEP][PASSED] - xpath("//button[contains(text(),'Ok')]")).click(): null

13-10-2024T12:12:57 - [TEST_STEP][PASSED] - navigate().refresh(): null

13-10-2024T12:12:57 - [TEST_STEP][PASSED] - approveButton2 = wait.until(ExpectedConditions.elementToBeClickable(By.xpath("//button[contains(text(),'KT DUYỆT GD RÚT LẦN 1')]"))): null

13-10-2024T12:12:58 - [TEST_STEP][PASSED] - js.executeScript("arguments[0].scrollIntoView(true);", approveButton2): null

13-10-2024T12:12:58 - [TEST_STEP][PASSED] - approveButton2.click(): null

13-10-2024T12:12:58 - [TEST_STEP][PASSED] - Thread.sleep(1000): null

13-10-2024T12:12:59 - [TEST_STEP][PASSED] - xpath("//button[contains(text(),'Đồng ý')]")).click(): null

13-10-2024T12:12:59 - [TEST_STEP][PASSED] - xpath("//button[contains(text(),'Ok')]")).click(): null

13-10-2024T12:13:00 - [TEST_STEP][PASSED] - navigate().refresh(): null

13-10-2024T12:13:00 - [TEST_STEP][PASSED] - approveButton3 = wait.until(ExpectedConditions.elementToBeClickable(By.xpath("//button[contains(text(),'KT DUYỆT GD RÚT LẦN 2')]"))): null

13-10-2024T12:13:01 - [TEST_STEP][PASSED] - js.executeScript("arguments[0].scrollIntoView(true);", approveButton3): null

13-10-2024T12:13:01 - [TEST_STEP][PASSED] - approveButton3.click(): null

13-10-2024T12:13:01 - [TEST_STEP][PASSED] - Thread.sleep(1000): null

13-10-2024T12:13:02 - [TEST_STEP][PASSED] - xpath("//button[contains(text(),'Đồng ý')]")).click(): null

13-10-2024T12:13:02 - [TEST_STEP][PASSED] - xpath("//button[contains(text(),'Ok')]")).click(): null

13-10-2024T12:13:05 - [TEST_STEP][PASSED] - callTestCase(findTestCase("Test Cases/Quản lý tài khoản merchant/Quản lý danh sách tài khoản/CustomeFuncRutTien"), [:], STOP_ON_FAILURE): Call Test Case 'Test Cases/Quản lý tài khoản merchant/Quản lý danh sách tài khoản/CustomeFuncRutTien' successfully

13-10-2024T12:13:05 - [TEST_CASE][PASSED] - Test Cases/Quản lý tài khoản merchant/Quản lý danh sách tài khoản/CustomeFuncRutTien: Test Cases/Quản lý tài khoản merchant/Quản lý danh sách tài khoản/CustomeFuncRutTien

13-10-2024T12:13:05 - [TEST_STEP][PASSED] - driver = getWebDriver(): null

13-10-2024T12:13:05 - [TEST_STEP][PASSED] - sleep(2000): null

13-10-2024T12:13:07 - [TEST_STEP][PASSED] - element1 = driver.findElement(By.xpath(xpathManagerMC)): null

13-10-2024T12:13:07 - [TEST_STEP][PASSED] - actions = new org.openqa.selenium.interactions.Actions(driver): null

13-10-2024T12:13:07 - [TEST_STEP][PASSED] - click().perform(): null

13-10-2024T12:13:08 - [TEST_STEP][PASSED] - wait = new org.openqa.selenium.support.ui.WebDriverWait(com.kms.katalon.core.webui.driver.DriverFactory.getWebDriver(), 15): null

13-10-2024T12:13:08 - [TEST_STEP][PASSED] - element2 = wait.until(ExpectedConditions.elementToBeClickable(By.xpath(xpathManagerListAccount))): null

13-10-2024T12:13:08 - [TEST_STEP][PASSED] - click().perform(): null

13-10-2024T12:13:08 - [MESSAGE][PASSED] - Call Test Case 'Test Cases/Quản lý tài khoản merchant/Quản lý danh sách tài khoản/CustomeFuncRutTien' successfully

13-10-2024T12:13:08 - [TEST_STEP][PASSED] - xpath("//span[contains(text(),'Tài khoản')]")).click(): null

13-10-2024T12:13:12 - [TEST_STEP][PASSED] - xpath("(//input[@type='text'])[2]")).sendKeys(username): null

13-10-2024T12:13:13 - [TEST_STEP][PASSED] - xpath(xpathOption)).click(): null

13-10-2024T12:13:13 - [TEST_STEP][PASSED] - xpath(xpathBtnSearch)).click(): null

13-10-2024T12:13:13 - [TEST_STEP][PASSED] - afterWithdraw = driver.findElement(By.xpath("//strong[contains(text(),'Thu hộ:')]")): null

13-10-2024T12:13:14 - [TEST_STEP][PASSED] - script1 = "return arguments[0].nextSibling.textContent;": null

13-10-2024T12:13:14 - [TEST_STEP][PASSED] - afterWithdraw1 = js.executeScript(script1, afterWithdraw): null

13-10-2024T12:13:14 - [TEST_STEP][PASSED] - numericString1 = afterWithdraw1.replaceAll("[^0-9]", ""): null

13-10-2024T12:13:14 - [TEST_STEP][PASSED] - thuHo1 = Integer.parseInt(numericString1): null

13-10-2024T12:13:14 - [TEST_STEP][PASSED] - if (thuHo1 == thuHo - amountTransaction): Test case đã pass với số tiền chưa được trừ khỏi tài khoản.

13-10-2024T12:13:14 - [TEST_STEP][PASSED] - println("Số tiền đã đúng "): null

13-10-2024T12:13:14 - [TEST_STEP][PASSED] - markPassed("Test case đã pass với số tiền chưa được trừ khỏi tài khoản."): Test case đã pass với số tiền chưa được trừ khỏi tài khoản.

13-10-2024T12:13:14 - [MESSAGE][PASSED] - Test case đã pass với số tiền chưa được trừ khỏi tài khoản.

13-10-2024T12:13:14 - [TEST_STEP][PASSED] - Start listener action : sampleAfterTestCase: null

13-10-2024T12:13:14 - [TEST_STEP][PASSED] - testCaseId = testCaseContext.getTestCaseId(): null

13-10-2024T12:13:14 - [TEST_STEP][PASSED] - if (testCaseId == "Test Cases/Quản lý tài khoản merchant/Quản lý dịch vụ merchant/TC_13_Kiểm tra chức năng xác nhận cấu hình thay đổi VA"): null]]></system-out>
         <system-err><![CDATA[]]></system-err>
      </testcase>
      <testcase name="Test Cases/Quản lý tài khoản merchant/Quản lý danh sách tài khoản/Rút tiền/TC_08_Kiểm tra user chưa đăng ký dịch vụ và chọn kì đối soát chưa tồn tại" time="62.361" classname="Test Cases/Quản lý tài khoản merchant/Quản lý danh sách tài khoản/Rút tiền/TC_08_Kiểm tra user chưa đăng ký dịch vụ và chọn kì đối soát chưa tồn tại" status="ERROR">
         <error type="ERROR" message="Test Cases/Quản lý tài khoản merchant/Quản lý danh sách tài khoản/Rút tiền/TC_08_Kiểm tra user chưa đăng ký dịch vụ và chọn kì đối soát chưa tồn tại FAILED.&#xa;Reason:&#xa;org.openqa.selenium.NoSuchElementException: no such element: Unable to locate element: {&quot;method&quot;:&quot;xpath&quot;,&quot;selector&quot;:&quot;//p[contains(text(),'Dịch vụ chưa được kích hoạt')]&quot;}&#xa;  (Session info: chrome=129.0.6668.91)&#xa;For documentation on this error, please visit: https://www.seleniumhq.org/exceptions/no_such_element.html&#xa;Build info: version: '3.141.59', revision: 'unknown', time: 'unknown'&#xa;System info: host: 'Aidan', ip: '2405:4803:fd90:9ef0:35c5:6ea1:b1e8:64e8%en0', os.name: 'Mac OS X', os.arch: 'aarch64', os.version: '15.0.1', java.version: '17.0.7'&#xa;Driver info: com.kms.katalon.selenium.driver.CChromeDriver&#xa;Capabilities {acceptInsecureCerts: false, browserName: chrome, browserVersion: 129.0.6668.91, chrome: {chromedriverVersion: 128.0.6613.84 (606aa55c7d68..., userDataDir: /var/folders/t5/b7k67ybj7gz...}, fedcm:accounts: true, goog:chromeOptions: {debuggerAddress: localhost:58875}, javascriptEnabled: true, networkConnectionEnabled: false, pageLoadStrategy: normal, platform: MAC, platformName: MAC, proxy: Proxy(), setWindowRect: true, strictFileInteractability: false, timeouts: {implicit: 0, pageLoad: 300000, script: 30000}, unhandledPromptBehavior: dismiss and notify, webauthn:extension:credBlob: true, webauthn:extension:largeBlob: true, webauthn:extension:minPinLength: true, webauthn:extension:prf: true, webauthn:virtualAuthenticators: true}&#xa;Session ID: 0c02d1961d4c23a0c2e6e14571cd5fb5&#xa;*** Element info: {Using=xpath, value=//p[contains(text(),'Dịch vụ chưa được kích hoạt')]}&#xa;	at jdk.internal.reflect.GeneratedConstructorAccessor22.newInstance(Unknown Source)&#xa;	at java.base/jdk.internal.reflect.DelegatingConstructorAccessorImpl.newInstance(DelegatingConstructorAccessorImpl.java:45)&#xa;	at org.openqa.selenium.remote.http.W3CHttpResponseCodec.createException(W3CHttpResponseCodec.java:187)&#xa;	at org.openqa.selenium.remote.http.W3CHttpResponseCodec.decode(W3CHttpResponseCodec.java:122)&#xa;	at org.openqa.selenium.remote.http.W3CHttpResponseCodec.decode(W3CHttpResponseCodec.java:49)&#xa;	at org.openqa.selenium.remote.HttpCommandExecutor.execute(HttpCommandExecutor.java:158)&#xa;	at org.openqa.selenium.remote.service.DriverCommandExecutor.execute(DriverCommandExecutor.java:83)&#xa;	at org.openqa.selenium.remote.RemoteWebDriver.execute(RemoteWebDriver.java:552)&#xa;	at com.kms.katalon.selenium.driver.CChromeDriver.execute(CChromeDriver.java:19)&#xa;	at org.openqa.selenium.remote.RemoteWebDriver.findElement(RemoteWebDriver.java:323)&#xa;	at org.openqa.selenium.remote.RemoteWebDriver.findElementByXPath(RemoteWebDriver.java:428)&#xa;	at org.openqa.selenium.By$ByXPath.findElement(By.java:353)&#xa;	at org.openqa.selenium.remote.RemoteWebDriver.findElement(RemoteWebDriver.java:315)&#xa;	at jdk.internal.reflect.GeneratedMethodAccessor9.invoke(Unknown Source)&#xa;	at java.base/jdk.internal.reflect.DelegatingMethodAccessorImpl.invoke(DelegatingMethodAccessorImpl.java:43)&#xa;	at org.openqa.selenium.support.events.EventFiringWebDriver.lambda$new$1(EventFiringWebDriver.java:105)&#xa;	at jdk.proxy2/jdk.proxy2.$Proxy22.findElement(Unknown Source)&#xa;	at org.openqa.selenium.support.events.EventFiringWebDriver.findElement(EventFiringWebDriver.java:194)&#xa;	at TC_08_Kiểm tra user chưa đăng ký dịch vụ và chọn kì đối soát chưa tồn tại.run(TC_08_Kiểm tra user chưa đăng ký dịch vụ và chọn kì đối soát chưa tồn tại:62)&#xa;	at com.kms.katalon.core.main.ScriptEngine.run(ScriptEngine.java:194)&#xa;	at com.kms.katalon.core.main.ScriptEngine.runScriptAsRawText(ScriptEngine.java:119)&#xa;	at com.kms.katalon.core.main.TestCaseExecutor.runScript(TestCaseExecutor.java:448)&#xa;	at com.kms.katalon.core.main.TestCaseExecutor.doExecute(TestCaseExecutor.java:439)&#xa;	at com.kms.katalon.core.main.TestCaseExecutor.processExecutionPhase(TestCaseExecutor.java:418)&#xa;	at com.kms.katalon.core.main.TestCaseExecutor.accessMainPhase(TestCaseExecutor.java:410)&#xa;	at com.kms.katalon.core.main.TestCaseExecutor.execute(TestCaseExecutor.java:285)&#xa;	at com.kms.katalon.core.common.CommonExecutor.accessTestCaseMainPhase(CommonExecutor.java:65)&#xa;	at com.kms.katalon.core.main.TestSuiteExecutor.accessTestSuiteMainPhase(TestSuiteExecutor.java:150)&#xa;	at com.kms.katalon.core.main.TestSuiteExecutor.execute(TestSuiteExecutor.java:106)&#xa;	at com.kms.katalon.core.main.TestCaseMain.startTestSuite(TestCaseMain.java:180)&#xa;	at TempTestSuite1728796153404.run(TempTestSuite1728796153404.groovy:35)&#xa;	at java.base/jdk.internal.reflect.NativeMethodAccessorImpl.invoke0(Native Method)&#xa;	at java.base/jdk.internal.reflect.NativeMethodAccessorImpl.invoke(NativeMethodAccessorImpl.java:77)&#xa;	at java.base/jdk.internal.reflect.DelegatingMethodAccessorImpl.invoke(DelegatingMethodAccessorImpl.java:43)&#xa;"/>
         <system-out><![CDATA[13-10-2024T12:13:14 - [TEST_CASE][ERROR] - Test Cases/Quản lý tài khoản merchant/Quản lý danh sách tài khoản/Rút tiền/TC_08_Kiểm tra user chưa đăng ký dịch vụ và chọn kì đối soát chưa tồn tại: Test Cases/Quản lý tài khoản merchant/Quản lý danh sách tài khoản/Rút tiền/TC_08_Kiểm tra user chưa đăng ký dịch vụ và chọn kì đối soát chưa tồn tại FAILED.
Reason:
org.openqa.selenium.NoSuchElementException: no such element: Unable to locate element: {"method":"xpath","selector":"//p[contains(text(),'Dịch vụ chưa được kích hoạt')]"}
  (Session info: chrome=129.0.6668.91)
For documentation on this error, please visit: https://www.seleniumhq.org/exceptions/no_such_element.html
Build info: version: '3.141.59', revision: 'unknown', time: 'unknown'
System info: host: 'Aidan', ip: '2405:4803:fd90:9ef0:35c5:6ea1:b1e8:64e8%en0', os.name: 'Mac OS X', os.arch: 'aarch64', os.version: '15.0.1', java.version: '17.0.7'
Driver info: com.kms.katalon.selenium.driver.CChromeDriver
Capabilities {acceptInsecureCerts: false, browserName: chrome, browserVersion: 129.0.6668.91, chrome: {chromedriverVersion: 128.0.6613.84 (606aa55c7d68..., userDataDir: /var/folders/t5/b7k67ybj7gz...}, fedcm:accounts: true, goog:chromeOptions: {debuggerAddress: localhost:58875}, javascriptEnabled: true, networkConnectionEnabled: false, pageLoadStrategy: normal, platform: MAC, platformName: MAC, proxy: Proxy(), setWindowRect: true, strictFileInteractability: false, timeouts: {implicit: 0, pageLoad: 300000, script: 30000}, unhandledPromptBehavior: dismiss and notify, webauthn:extension:credBlob: true, webauthn:extension:largeBlob: true, webauthn:extension:minPinLength: true, webauthn:extension:prf: true, webauthn:virtualAuthenticators: true}
Session ID: 0c02d1961d4c23a0c2e6e14571cd5fb5
*** Element info: {Using=xpath, value=//p[contains(text(),'Dịch vụ chưa được kích hoạt')]}
	at jdk.internal.reflect.GeneratedConstructorAccessor22.newInstance(Unknown Source)
	at java.base/jdk.internal.reflect.DelegatingConstructorAccessorImpl.newInstance(DelegatingConstructorAccessorImpl.java:45)
	at org.openqa.selenium.remote.http.W3CHttpResponseCodec.createException(W3CHttpResponseCodec.java:187)
	at org.openqa.selenium.remote.http.W3CHttpResponseCodec.decode(W3CHttpResponseCodec.java:122)
	at org.openqa.selenium.remote.http.W3CHttpResponseCodec.decode(W3CHttpResponseCodec.java:49)
	at org.openqa.selenium.remote.HttpCommandExecutor.execute(HttpCommandExecutor.java:158)
	at org.openqa.selenium.remote.service.DriverCommandExecutor.execute(DriverCommandExecutor.java:83)
	at org.openqa.selenium.remote.RemoteWebDriver.execute(RemoteWebDriver.java:552)
	at com.kms.katalon.selenium.driver.CChromeDriver.execute(CChromeDriver.java:19)
	at org.openqa.selenium.remote.RemoteWebDriver.findElement(RemoteWebDriver.java:323)
	at org.openqa.selenium.remote.RemoteWebDriver.findElementByXPath(RemoteWebDriver.java:428)
	at org.openqa.selenium.By$ByXPath.findElement(By.java:353)
	at org.openqa.selenium.remote.RemoteWebDriver.findElement(RemoteWebDriver.java:315)
	at jdk.internal.reflect.GeneratedMethodAccessor9.invoke(Unknown Source)
	at java.base/jdk.internal.reflect.DelegatingMethodAccessorImpl.invoke(DelegatingMethodAccessorImpl.java:43)
	at org.openqa.selenium.support.events.EventFiringWebDriver.lambda$new$1(EventFiringWebDriver.java:105)
	at jdk.proxy2/jdk.proxy2.$Proxy22.findElement(Unknown Source)
	at org.openqa.selenium.support.events.EventFiringWebDriver.findElement(EventFiringWebDriver.java:194)
	at TC_08_Kiểm tra user chưa đăng ký dịch vụ và chọn kì đối soát chưa tồn tại.run(TC_08_Kiểm tra user chưa đăng ký dịch vụ và chọn kì đối soát chưa tồn tại:62)
	at com.kms.katalon.core.main.ScriptEngine.run(ScriptEngine.java:194)
	at com.kms.katalon.core.main.ScriptEngine.runScriptAsRawText(ScriptEngine.java:119)
	at com.kms.katalon.core.main.TestCaseExecutor.runScript(TestCaseExecutor.java:448)
	at com.kms.katalon.core.main.TestCaseExecutor.doExecute(TestCaseExecutor.java:439)
	at com.kms.katalon.core.main.TestCaseExecutor.processExecutionPhase(TestCaseExecutor.java:418)
	at com.kms.katalon.core.main.TestCaseExecutor.accessMainPhase(TestCaseExecutor.java:410)
	at com.kms.katalon.core.main.TestCaseExecutor.execute(TestCaseExecutor.java:285)
	at com.kms.katalon.core.common.CommonExecutor.accessTestCaseMainPhase(CommonExecutor.java:65)
	at com.kms.katalon.core.main.TestSuiteExecutor.accessTestSuiteMainPhase(TestSuiteExecutor.java:150)
	at com.kms.katalon.core.main.TestSuiteExecutor.execute(TestSuiteExecutor.java:106)
	at com.kms.katalon.core.main.TestCaseMain.startTestSuite(TestCaseMain.java:180)
	at TempTestSuite1728796153404.run(TempTestSuite1728796153404.groovy:35)
	at java.base/jdk.internal.reflect.NativeMethodAccessorImpl.invoke0(Native Method)
	at java.base/jdk.internal.reflect.NativeMethodAccessorImpl.invoke(NativeMethodAccessorImpl.java:77)
	at java.base/jdk.internal.reflect.DelegatingMethodAccessorImpl.invoke(DelegatingMethodAccessorImpl.java:43)


13-10-2024T12:13:14 - [TEST_STEP][PASSED] - Start listener action : sampleBeforeTestCase: Navigate to 'https://stg-cms-console.9pay.mobi/login' successfully

13-10-2024T12:13:14 - [TEST_STEP][PASSED] - testCaseId = testCaseContext.getTestCaseId(): null

13-10-2024T12:13:14 - [TEST_STEP][PASSED] - url = <not implemented yet for class: org.codehaus.groovy.ast.expr.EmptyExpression>: null

13-10-2024T12:13:14 - [TEST_STEP][PASSED] - if (testCaseId == "Test Cases/Quản lý tài khoản merchant/Quản lý dịch vụ merchant/TC_14_Kiểm tra thay đổi sau khi cấu hình VA trên MCV"): null

13-10-2024T12:13:14 - [TEST_STEP][PASSED] - else: null

13-10-2024T12:13:14 - [TEST_STEP][PASSED] - url = "https://stg-cms-console.9pay.mobi/login": null

13-10-2024T12:13:14 - [TEST_STEP][PASSED] - openBrowser(""): Browser is opened with url: ''

13-10-2024T12:13:14 - [MESSAGE][WARNING] - A browser is already opened. Closing browser and opening a new one

13-10-2024T12:13:14 - [MESSAGE][INFO] - Starting 'Chrome' driver

13-10-2024T12:13:14 - [MESSAGE][INFO] - Action delay is set to 0 milliseconds

13-10-2024T12:13:15 - [MESSAGE][PASSED] - Browser is opened with url: ''

13-10-2024T12:13:15 - [TEST_STEP][PASSED] - maximizeWindow(): Current window maximized

13-10-2024T12:13:15 - [MESSAGE][PASSED] - Current window maximized

13-10-2024T12:13:15 - [TEST_STEP][PASSED] - navigateToUrl(url): Navigate to 'https://stg-cms-console.9pay.mobi/login' successfully

13-10-2024T12:13:18 - [MESSAGE][PASSED] - Navigate to 'https://stg-cms-console.9pay.mobi/login' successfully

13-10-2024T12:13:18 - [TEST_STEP][PASSED] - driver = getWebDriver(): null

13-10-2024T12:13:18 - [TEST_STEP][PASSED] - callTestCase(findTestCase("Test Cases/Login/LoginCommon"), [:], STOP_ON_FAILURE): Call Test Case 'Test Cases/Login/LoginCommon' successfully

13-10-2024T12:13:18 - [TEST_CASE][PASSED] - Test Cases/Login/LoginCommon: Test Cases/Login/LoginCommon

13-10-2024T12:13:18 - [TEST_STEP][PASSED] - driver = getWebDriver(): null

13-10-2024T12:13:18 - [TEST_STEP][PASSED] - sendKeys(findTestObject("Quản lý tài khoản merchant/Quản lý dịch vụ merchant/userNameTextbox"), userAccount): Keys 'dannt@9pay.vn' sent to object: 'Object Repository/Quản lý tài khoản merchant/Quản lý dịch vụ merchant/userNameTextbox'

13-10-2024T12:13:19 - [MESSAGE][PASSED] - Keys 'dannt@9pay.vn' sent to object: 'Object Repository/Quản lý tài khoản merchant/Quản lý dịch vụ merchant/userNameTextbox'

13-10-2024T12:13:19 - [TEST_STEP][PASSED] - sendKeys(findTestObject("Quản lý tài khoản merchant/Quản lý dịch vụ merchant/passwordTextbox"), password): Keys 'dannt@9pay.vn' sent to object: 'Object Repository/Quản lý tài khoản merchant/Quản lý dịch vụ merchant/passwordTextbox'

13-10-2024T12:13:19 - [MESSAGE][PASSED] - Keys 'dannt@9pay.vn' sent to object: 'Object Repository/Quản lý tài khoản merchant/Quản lý dịch vụ merchant/passwordTextbox'

13-10-2024T12:13:19 - [TEST_STEP][PASSED] - click(findTestObject("Quản lý tài khoản merchant/Quản lý dịch vụ merchant/loginButton")): Object: 'Object Repository/Quản lý tài khoản merchant/Quản lý dịch vụ merchant/loginButton' is clicked on

13-10-2024T12:13:19 - [MESSAGE][PASSED] - Object: 'Object Repository/Quản lý tài khoản merchant/Quản lý dịch vụ merchant/loginButton' is clicked on

13-10-2024T12:13:19 - [MESSAGE][PASSED] - Call Test Case 'Test Cases/Login/LoginCommon' successfully

13-10-2024T12:13:19 - [TEST_STEP][PASSED] - waitForElementVisible(findTestObject("Trang chủ/userName"), 30, STOP_ON_FAILURE): Object 'Object Repository/Trang chủ/userName' is visible

13-10-2024T12:13:22 - [MESSAGE][PASSED] - Object 'Object Repository/Trang chủ/userName' is visible

13-10-2024T12:13:22 - [TEST_STEP][PASSED] - click(findTestObject("Quản lý tài khoản merchant/menuManagerMerchantAccount")): Object: 'Object Repository/Quản lý tài khoản merchant/menuManagerMerchantAccount' is clicked on

13-10-2024T12:13:23 - [MESSAGE][PASSED] - Object: 'Object Repository/Quản lý tài khoản merchant/menuManagerMerchantAccount' is clicked on

13-10-2024T12:13:23 - [TEST_STEP][PASSED] - waitForElementVisible(findTestObject("Quản lý tài khoản merchant/Quản lý dịch vụ merchant/menuManagerMerchantService"), 10, STOP_ON_FAILURE): Object 'Object Repository/Quản lý tài khoản merchant/Quản lý dịch vụ merchant/menuManagerMerchantService' is visible

13-10-2024T12:13:23 - [MESSAGE][PASSED] - Object 'Object Repository/Quản lý tài khoản merchant/Quản lý dịch vụ merchant/menuManagerMerchantService' is visible

13-10-2024T12:13:23 - [TEST_STEP][PASSED] - wait = new org.openqa.selenium.support.ui.WebDriverWait(com.kms.katalon.core.webui.driver.DriverFactory.getWebDriver(), 30): null

13-10-2024T12:13:23 - [TEST_STEP][PASSED] - menuManagerUserAccount = wait.until(ExpectedConditions.elementToBeClickable(By.xpath(xpathManagerListAccount))): null

13-10-2024T12:13:23 - [TEST_STEP][PASSED] - menuManagerUserAccount.click(): null

13-10-2024T12:13:23 - [TEST_STEP][PASSED] - userCode = wait.until(ExpectedConditions.visibilityOfElementLocated(By.xpath(xpathUserCode))): null

13-10-2024T12:13:26 - [TEST_STEP][PASSED] - println(userCode.getText()): null

13-10-2024T12:13:26 - [TEST_STEP][PASSED] - accountBtn = wait.until(ExpectedConditions.elementToBeClickable(By.xpath(xpathBtnAccount))): null

13-10-2024T12:13:26 - [TEST_STEP][PASSED] - accountBtn.click(): null

13-10-2024T12:13:26 - [TEST_STEP][PASSED] - searchTextbox = wait.until(ExpectedConditions.elementToBeClickable(By.xpath(xpathSearchTextbox))): null

13-10-2024T12:13:27 - [TEST_STEP][PASSED] - searchTextbox.sendKeys(username): null

13-10-2024T12:13:27 - [TEST_STEP][PASSED] - xpath(xpathOption)).click(): null

13-10-2024T12:13:27 - [TEST_STEP][PASSED] - xpath(xpathBtnSearch)).click(): null

13-10-2024T12:13:28 - [TEST_STEP][PASSED] - Assert.assertEquals(xpath(xpathAccountName)).getText(), username): null

13-10-2024T12:13:28 - [TEST_STEP][PASSED] - xpath(xpathBtnRutTien)).click(): null

13-10-2024T12:13:29 - [TEST_STEP][PASSED] - wait.until(ExpectedConditions.visibilityOfElementLocated(By.xpath(xpathUser))): null

13-10-2024T12:13:39 - [TEST_STEP][PASSED] - xpath(xpathUser)).click(): null

13-10-2024T12:13:39 - [TEST_STEP][PASSED] - xpath(xpathUser2)).sendKeys("dannt21"): null

13-10-2024T12:13:40 - [TEST_STEP][PASSED] - xpath(xpathUserClicked)).click(): null

13-10-2024T12:13:40 - [TEST_STEP][PASSED] - xpath(xpathViRut)).click(): null

13-10-2024T12:13:44 - [TEST_STEP][PASSED] - xpath(xpathOptionThuho)).click(): null

13-10-2024T12:13:44 - [TEST_STEP][PASSED] - xpath(xpathDay)).click(): null

13-10-2024T12:13:44 - [TEST_STEP][PASSED] - xpath(xpathToday)).click(): null

13-10-2024T12:13:45 - [TEST_STEP][PASSED] - xpath(xpathDayClicked)).click(): null

13-10-2024T12:13:45 - [TEST_STEP][PASSED] - try: null

13-10-2024T12:13:45 - [TEST_STEP][PASSED] - popupDS = wait.until(ExpectedConditions.visibilityOfElementLocated(By.xpath(xpathXacNhanKiDS))): null

13-10-2024T12:14:15 - [TEST_STEP][PASSED] - catch (org.openqa.selenium.TimeoutException e): null

13-10-2024T12:14:15 - [TEST_STEP][PASSED] - println("Popup không xuất hiện, tiếp tục thực hiện giao dịch."): null

13-10-2024T12:14:15 - [TEST_STEP][PASSED] - xpath(xpathFieldAmount)).sendKeys(amount): null

13-10-2024T12:14:16 - [TEST_STEP][PASSED] - xpath(xpathConfirm)).click(): null

13-10-2024T12:14:16 - [TEST_STEP][ERROR] - Assert.assertEquals(xpath(xpathError1)).getText(), "Tài khoản không đủ tiền để rút"): Test Cases/Quản lý tài khoản merchant/Quản lý danh sách tài khoản/Rút tiền/TC_08_Kiểm tra user chưa đăng ký dịch vụ và chọn kì đối soát chưa tồn tại FAILED.
Reason:
org.openqa.selenium.NoSuchElementException: no such element: Unable to locate element: {"method":"xpath","selector":"//p[contains(text(),'Dịch vụ chưa được kích hoạt')]"}
  (Session info: chrome=129.0.6668.91)
For documentation on this error, please visit: https://www.seleniumhq.org/exceptions/no_such_element.html
Build info: version: '3.141.59', revision: 'unknown', time: 'unknown'
System info: host: 'Aidan', ip: '2405:4803:fd90:9ef0:35c5:6ea1:b1e8:64e8%en0', os.name: 'Mac OS X', os.arch: 'aarch64', os.version: '15.0.1', java.version: '17.0.7'
Driver info: com.kms.katalon.selenium.driver.CChromeDriver
Capabilities {acceptInsecureCerts: false, browserName: chrome, browserVersion: 129.0.6668.91, chrome: {chromedriverVersion: 128.0.6613.84 (606aa55c7d68..., userDataDir: /var/folders/t5/b7k67ybj7gz...}, fedcm:accounts: true, goog:chromeOptions: {debuggerAddress: localhost:58875}, javascriptEnabled: true, networkConnectionEnabled: false, pageLoadStrategy: normal, platform: MAC, platformName: MAC, proxy: Proxy(), setWindowRect: true, strictFileInteractability: false, timeouts: {implicit: 0, pageLoad: 300000, script: 30000}, unhandledPromptBehavior: dismiss and notify, webauthn:extension:credBlob: true, webauthn:extension:largeBlob: true, webauthn:extension:minPinLength: true, webauthn:extension:prf: true, webauthn:virtualAuthenticators: true}
Session ID: 0c02d1961d4c23a0c2e6e14571cd5fb5
*** Element info: {Using=xpath, value=//p[contains(text(),'Dịch vụ chưa được kích hoạt')]}
	at jdk.internal.reflect.GeneratedConstructorAccessor22.newInstance(Unknown Source)
	at java.base/jdk.internal.reflect.DelegatingConstructorAccessorImpl.newInstance(DelegatingConstructorAccessorImpl.java:45)
	at org.openqa.selenium.remote.http.W3CHttpResponseCodec.createException(W3CHttpResponseCodec.java:187)
	at org.openqa.selenium.remote.http.W3CHttpResponseCodec.decode(W3CHttpResponseCodec.java:122)
	at org.openqa.selenium.remote.http.W3CHttpResponseCodec.decode(W3CHttpResponseCodec.java:49)
	at org.openqa.selenium.remote.HttpCommandExecutor.execute(HttpCommandExecutor.java:158)
	at org.openqa.selenium.remote.service.DriverCommandExecutor.execute(DriverCommandExecutor.java:83)
	at org.openqa.selenium.remote.RemoteWebDriver.execute(RemoteWebDriver.java:552)
	at com.kms.katalon.selenium.driver.CChromeDriver.execute(CChromeDriver.java:19)
	at org.openqa.selenium.remote.RemoteWebDriver.findElement(RemoteWebDriver.java:323)
	at org.openqa.selenium.remote.RemoteWebDriver.findElementByXPath(RemoteWebDriver.java:428)
	at org.openqa.selenium.By$ByXPath.findElement(By.java:353)
	at org.openqa.selenium.remote.RemoteWebDriver.findElement(RemoteWebDriver.java:315)
	at jdk.internal.reflect.GeneratedMethodAccessor9.invoke(Unknown Source)
	at java.base/jdk.internal.reflect.DelegatingMethodAccessorImpl.invoke(DelegatingMethodAccessorImpl.java:43)
	at org.openqa.selenium.support.events.EventFiringWebDriver.lambda$new$1(EventFiringWebDriver.java:105)
	at jdk.proxy2/jdk.proxy2.$Proxy22.findElement(Unknown Source)
	at org.openqa.selenium.support.events.EventFiringWebDriver.findElement(EventFiringWebDriver.java:194)
	at TC_08_Kiểm tra user chưa đăng ký dịch vụ và chọn kì đối soát chưa tồn tại.run(TC_08_Kiểm tra user chưa đăng ký dịch vụ và chọn kì đối soát chưa tồn tại:62)
	at com.kms.katalon.core.main.ScriptEngine.run(ScriptEngine.java:194)
	at com.kms.katalon.core.main.ScriptEngine.runScriptAsRawText(ScriptEngine.java:119)
	at com.kms.katalon.core.main.TestCaseExecutor.runScript(TestCaseExecutor.java:448)
	at com.kms.katalon.core.main.TestCaseExecutor.doExecute(TestCaseExecutor.java:439)
	at com.kms.katalon.core.main.TestCaseExecutor.processExecutionPhase(TestCaseExecutor.java:418)
	at com.kms.katalon.core.main.TestCaseExecutor.accessMainPhase(TestCaseExecutor.java:410)
	at com.kms.katalon.core.main.TestCaseExecutor.execute(TestCaseExecutor.java:285)
	at com.kms.katalon.core.common.CommonExecutor.accessTestCaseMainPhase(CommonExecutor.java:65)
	at com.kms.katalon.core.main.TestSuiteExecutor.accessTestSuiteMainPhase(TestSuiteExecutor.java:150)
	at com.kms.katalon.core.main.TestSuiteExecutor.execute(TestSuiteExecutor.java:106)
	at com.kms.katalon.core.main.TestCaseMain.startTestSuite(TestCaseMain.java:180)
	at TempTestSuite1728796153404.run(TempTestSuite1728796153404.groovy:35)
	at java.base/jdk.internal.reflect.NativeMethodAccessorImpl.invoke0(Native Method)
	at java.base/jdk.internal.reflect.NativeMethodAccessorImpl.invoke(NativeMethodAccessorImpl.java:77)
	at java.base/jdk.internal.reflect.DelegatingMethodAccessorImpl.invoke(DelegatingMethodAccessorImpl.java:43)


13-10-2024T12:14:17 - [MESSAGE][ERROR] - Test Cases/Quản lý tài khoản merchant/Quản lý danh sách tài khoản/Rút tiền/TC_08_Kiểm tra user chưa đăng ký dịch vụ và chọn kì đối soát chưa tồn tại FAILED.
Reason:
org.openqa.selenium.NoSuchElementException: no such element: Unable to locate element: {"method":"xpath","selector":"//p[contains(text(),'Dịch vụ chưa được kích hoạt')]"}
  (Session info: chrome=129.0.6668.91)
For documentation on this error, please visit: https://www.seleniumhq.org/exceptions/no_such_element.html
Build info: version: '3.141.59', revision: 'unknown', time: 'unknown'
System info: host: 'Aidan', ip: '2405:4803:fd90:9ef0:35c5:6ea1:b1e8:64e8%en0', os.name: 'Mac OS X', os.arch: 'aarch64', os.version: '15.0.1', java.version: '17.0.7'
Driver info: com.kms.katalon.selenium.driver.CChromeDriver
Capabilities {acceptInsecureCerts: false, browserName: chrome, browserVersion: 129.0.6668.91, chrome: {chromedriverVersion: 128.0.6613.84 (606aa55c7d68..., userDataDir: /var/folders/t5/b7k67ybj7gz...}, fedcm:accounts: true, goog:chromeOptions: {debuggerAddress: localhost:58875}, javascriptEnabled: true, networkConnectionEnabled: false, pageLoadStrategy: normal, platform: MAC, platformName: MAC, proxy: Proxy(), setWindowRect: true, strictFileInteractability: false, timeouts: {implicit: 0, pageLoad: 300000, script: 30000}, unhandledPromptBehavior: dismiss and notify, webauthn:extension:credBlob: true, webauthn:extension:largeBlob: true, webauthn:extension:minPinLength: true, webauthn:extension:prf: true, webauthn:virtualAuthenticators: true}
Session ID: 0c02d1961d4c23a0c2e6e14571cd5fb5
*** Element info: {Using=xpath, value=//p[contains(text(),'Dịch vụ chưa được kích hoạt')]}
	at jdk.internal.reflect.GeneratedConstructorAccessor22.newInstance(Unknown Source)
	at java.base/jdk.internal.reflect.DelegatingConstructorAccessorImpl.newInstance(DelegatingConstructorAccessorImpl.java:45)
	at org.openqa.selenium.remote.http.W3CHttpResponseCodec.createException(W3CHttpResponseCodec.java:187)
	at org.openqa.selenium.remote.http.W3CHttpResponseCodec.decode(W3CHttpResponseCodec.java:122)
	at org.openqa.selenium.remote.http.W3CHttpResponseCodec.decode(W3CHttpResponseCodec.java:49)
	at org.openqa.selenium.remote.HttpCommandExecutor.execute(HttpCommandExecutor.java:158)
	at org.openqa.selenium.remote.service.DriverCommandExecutor.execute(DriverCommandExecutor.java:83)
	at org.openqa.selenium.remote.RemoteWebDriver.execute(RemoteWebDriver.java:552)
	at com.kms.katalon.selenium.driver.CChromeDriver.execute(CChromeDriver.java:19)
	at org.openqa.selenium.remote.RemoteWebDriver.findElement(RemoteWebDriver.java:323)
	at org.openqa.selenium.remote.RemoteWebDriver.findElementByXPath(RemoteWebDriver.java:428)
	at org.openqa.selenium.By$ByXPath.findElement(By.java:353)
	at org.openqa.selenium.remote.RemoteWebDriver.findElement(RemoteWebDriver.java:315)
	at jdk.internal.reflect.GeneratedMethodAccessor9.invoke(Unknown Source)
	at java.base/jdk.internal.reflect.DelegatingMethodAccessorImpl.invoke(DelegatingMethodAccessorImpl.java:43)
	at org.openqa.selenium.support.events.EventFiringWebDriver.lambda$new$1(EventFiringWebDriver.java:105)
	at jdk.proxy2/jdk.proxy2.$Proxy22.findElement(Unknown Source)
	at org.openqa.selenium.support.events.EventFiringWebDriver.findElement(EventFiringWebDriver.java:194)
	at TC_08_Kiểm tra user chưa đăng ký dịch vụ và chọn kì đối soát chưa tồn tại.run(TC_08_Kiểm tra user chưa đăng ký dịch vụ và chọn kì đối soát chưa tồn tại:62)
	at com.kms.katalon.core.main.ScriptEngine.run(ScriptEngine.java:194)
	at com.kms.katalon.core.main.ScriptEngine.runScriptAsRawText(ScriptEngine.java:119)
	at com.kms.katalon.core.main.TestCaseExecutor.runScript(TestCaseExecutor.java:448)
	at com.kms.katalon.core.main.TestCaseExecutor.doExecute(TestCaseExecutor.java:439)
	at com.kms.katalon.core.main.TestCaseExecutor.processExecutionPhase(TestCaseExecutor.java:418)
	at com.kms.katalon.core.main.TestCaseExecutor.accessMainPhase(TestCaseExecutor.java:410)
	at com.kms.katalon.core.main.TestCaseExecutor.execute(TestCaseExecutor.java:285)
	at com.kms.katalon.core.common.CommonExecutor.accessTestCaseMainPhase(CommonExecutor.java:65)
	at com.kms.katalon.core.main.TestSuiteExecutor.accessTestSuiteMainPhase(TestSuiteExecutor.java:150)
	at com.kms.katalon.core.main.TestSuiteExecutor.execute(TestSuiteExecutor.java:106)
	at com.kms.katalon.core.main.TestCaseMain.startTestSuite(TestCaseMain.java:180)
	at TempTestSuite1728796153404.run(TempTestSuite1728796153404.groovy:35)
	at java.base/jdk.internal.reflect.NativeMethodAccessorImpl.invoke0(Native Method)
	at java.base/jdk.internal.reflect.NativeMethodAccessorImpl.invoke(NativeMethodAccessorImpl.java:77)
	at java.base/jdk.internal.reflect.DelegatingMethodAccessorImpl.invoke(DelegatingMethodAccessorImpl.java:43)


13-10-2024T12:14:17 - [TEST_STEP][PASSED] - Start listener action : sampleAfterTestCase: null

13-10-2024T12:14:17 - [TEST_STEP][PASSED] - testCaseId = testCaseContext.getTestCaseId(): null

13-10-2024T12:14:17 - [TEST_STEP][PASSED] - if (testCaseId == "Test Cases/Quản lý tài khoản merchant/Quản lý dịch vụ merchant/TC_13_Kiểm tra chức năng xác nhận cấu hình thay đổi VA"): null]]></system-out>
         <system-err><![CDATA[13-10-2024T12:13:14 - [TEST_CASE][ERROR] - Test Cases/Quản lý tài khoản merchant/Quản lý danh sách tài khoản/Rút tiền/TC_08_Kiểm tra user chưa đăng ký dịch vụ và chọn kì đối soát chưa tồn tại: Test Cases/Quản lý tài khoản merchant/Quản lý danh sách tài khoản/Rút tiền/TC_08_Kiểm tra user chưa đăng ký dịch vụ và chọn kì đối soát chưa tồn tại FAILED.
Reason:
org.openqa.selenium.NoSuchElementException: no such element: Unable to locate element: {"method":"xpath","selector":"//p[contains(text(),'Dịch vụ chưa được kích hoạt')]"}
  (Session info: chrome=129.0.6668.91)
For documentation on this error, please visit: https://www.seleniumhq.org/exceptions/no_such_element.html
Build info: version: '3.141.59', revision: 'unknown', time: 'unknown'
System info: host: 'Aidan', ip: '2405:4803:fd90:9ef0:35c5:6ea1:b1e8:64e8%en0', os.name: 'Mac OS X', os.arch: 'aarch64', os.version: '15.0.1', java.version: '17.0.7'
Driver info: com.kms.katalon.selenium.driver.CChromeDriver
Capabilities {acceptInsecureCerts: false, browserName: chrome, browserVersion: 129.0.6668.91, chrome: {chromedriverVersion: 128.0.6613.84 (606aa55c7d68..., userDataDir: /var/folders/t5/b7k67ybj7gz...}, fedcm:accounts: true, goog:chromeOptions: {debuggerAddress: localhost:58875}, javascriptEnabled: true, networkConnectionEnabled: false, pageLoadStrategy: normal, platform: MAC, platformName: MAC, proxy: Proxy(), setWindowRect: true, strictFileInteractability: false, timeouts: {implicit: 0, pageLoad: 300000, script: 30000}, unhandledPromptBehavior: dismiss and notify, webauthn:extension:credBlob: true, webauthn:extension:largeBlob: true, webauthn:extension:minPinLength: true, webauthn:extension:prf: true, webauthn:virtualAuthenticators: true}
Session ID: 0c02d1961d4c23a0c2e6e14571cd5fb5
*** Element info: {Using=xpath, value=//p[contains(text(),'Dịch vụ chưa được kích hoạt')]}
	at jdk.internal.reflect.GeneratedConstructorAccessor22.newInstance(Unknown Source)
	at java.base/jdk.internal.reflect.DelegatingConstructorAccessorImpl.newInstance(DelegatingConstructorAccessorImpl.java:45)
	at org.openqa.selenium.remote.http.W3CHttpResponseCodec.createException(W3CHttpResponseCodec.java:187)
	at org.openqa.selenium.remote.http.W3CHttpResponseCodec.decode(W3CHttpResponseCodec.java:122)
	at org.openqa.selenium.remote.http.W3CHttpResponseCodec.decode(W3CHttpResponseCodec.java:49)
	at org.openqa.selenium.remote.HttpCommandExecutor.execute(HttpCommandExecutor.java:158)
	at org.openqa.selenium.remote.service.DriverCommandExecutor.execute(DriverCommandExecutor.java:83)
	at org.openqa.selenium.remote.RemoteWebDriver.execute(RemoteWebDriver.java:552)
	at com.kms.katalon.selenium.driver.CChromeDriver.execute(CChromeDriver.java:19)
	at org.openqa.selenium.remote.RemoteWebDriver.findElement(RemoteWebDriver.java:323)
	at org.openqa.selenium.remote.RemoteWebDriver.findElementByXPath(RemoteWebDriver.java:428)
	at org.openqa.selenium.By$ByXPath.findElement(By.java:353)
	at org.openqa.selenium.remote.RemoteWebDriver.findElement(RemoteWebDriver.java:315)
	at jdk.internal.reflect.GeneratedMethodAccessor9.invoke(Unknown Source)
	at java.base/jdk.internal.reflect.DelegatingMethodAccessorImpl.invoke(DelegatingMethodAccessorImpl.java:43)
	at org.openqa.selenium.support.events.EventFiringWebDriver.lambda$new$1(EventFiringWebDriver.java:105)
	at jdk.proxy2/jdk.proxy2.$Proxy22.findElement(Unknown Source)
	at org.openqa.selenium.support.events.EventFiringWebDriver.findElement(EventFiringWebDriver.java:194)
	at TC_08_Kiểm tra user chưa đăng ký dịch vụ và chọn kì đối soát chưa tồn tại.run(TC_08_Kiểm tra user chưa đăng ký dịch vụ và chọn kì đối soát chưa tồn tại:62)
	at com.kms.katalon.core.main.ScriptEngine.run(ScriptEngine.java:194)
	at com.kms.katalon.core.main.ScriptEngine.runScriptAsRawText(ScriptEngine.java:119)
	at com.kms.katalon.core.main.TestCaseExecutor.runScript(TestCaseExecutor.java:448)
	at com.kms.katalon.core.main.TestCaseExecutor.doExecute(TestCaseExecutor.java:439)
	at com.kms.katalon.core.main.TestCaseExecutor.processExecutionPhase(TestCaseExecutor.java:418)
	at com.kms.katalon.core.main.TestCaseExecutor.accessMainPhase(TestCaseExecutor.java:410)
	at com.kms.katalon.core.main.TestCaseExecutor.execute(TestCaseExecutor.java:285)
	at com.kms.katalon.core.common.CommonExecutor.accessTestCaseMainPhase(CommonExecutor.java:65)
	at com.kms.katalon.core.main.TestSuiteExecutor.accessTestSuiteMainPhase(TestSuiteExecutor.java:150)
	at com.kms.katalon.core.main.TestSuiteExecutor.execute(TestSuiteExecutor.java:106)
	at com.kms.katalon.core.main.TestCaseMain.startTestSuite(TestCaseMain.java:180)
	at TempTestSuite1728796153404.run(TempTestSuite1728796153404.groovy:35)
	at java.base/jdk.internal.reflect.NativeMethodAccessorImpl.invoke0(Native Method)
	at java.base/jdk.internal.reflect.NativeMethodAccessorImpl.invoke(NativeMethodAccessorImpl.java:77)
	at java.base/jdk.internal.reflect.DelegatingMethodAccessorImpl.invoke(DelegatingMethodAccessorImpl.java:43)]]></system-err>
      </testcase>
      <testcase name="Test Cases/Quản lý tài khoản merchant/Quản lý danh sách tài khoản/Rút tiền/TC_09_Kiểm tra user rút tiền và sử dụng dịch vụ chi hộ" time="60.524" classname="Test Cases/Quản lý tài khoản merchant/Quản lý danh sách tài khoản/Rút tiền/TC_09_Kiểm tra user rút tiền và sử dụng dịch vụ chi hộ" status="PASSED">
         <system-out><![CDATA[13-10-2024T12:14:17 - [TEST_CASE][PASSED] - Test Cases/Quản lý tài khoản merchant/Quản lý danh sách tài khoản/Rút tiền/TC_09_Kiểm tra user rút tiền và sử dụng dịch vụ chi hộ: Test Cases/Quản lý tài khoản merchant/Quản lý danh sách tài khoản/Rút tiền/TC_09_Kiểm tra user rút tiền và sử dụng dịch vụ chi hộ

13-10-2024T12:14:17 - [TEST_STEP][PASSED] - Start listener action : sampleBeforeTestCase: Navigate to 'https://stg-cms-console.9pay.mobi/login' successfully

13-10-2024T12:14:17 - [TEST_STEP][PASSED] - testCaseId = testCaseContext.getTestCaseId(): null

13-10-2024T12:14:17 - [TEST_STEP][PASSED] - url = <not implemented yet for class: org.codehaus.groovy.ast.expr.EmptyExpression>: null

13-10-2024T12:14:17 - [TEST_STEP][PASSED] - if (testCaseId == "Test Cases/Quản lý tài khoản merchant/Quản lý dịch vụ merchant/TC_14_Kiểm tra thay đổi sau khi cấu hình VA trên MCV"): null

13-10-2024T12:14:17 - [TEST_STEP][PASSED] - else: null

13-10-2024T12:14:17 - [TEST_STEP][PASSED] - url = "https://stg-cms-console.9pay.mobi/login": null

13-10-2024T12:14:17 - [TEST_STEP][PASSED] - openBrowser(""): Browser is opened with url: ''

13-10-2024T12:14:17 - [MESSAGE][WARNING] - A browser is already opened. Closing browser and opening a new one

13-10-2024T12:14:17 - [MESSAGE][INFO] - Starting 'Chrome' driver

13-10-2024T12:14:17 - [MESSAGE][INFO] - Action delay is set to 0 milliseconds

13-10-2024T12:14:17 - [MESSAGE][PASSED] - Browser is opened with url: ''

13-10-2024T12:14:17 - [TEST_STEP][PASSED] - maximizeWindow(): Current window maximized

13-10-2024T12:14:18 - [MESSAGE][PASSED] - Current window maximized

13-10-2024T12:14:18 - [TEST_STEP][PASSED] - navigateToUrl(url): Navigate to 'https://stg-cms-console.9pay.mobi/login' successfully

13-10-2024T12:14:21 - [MESSAGE][PASSED] - Navigate to 'https://stg-cms-console.9pay.mobi/login' successfully

13-10-2024T12:14:21 - [TEST_STEP][PASSED] - driver = getWebDriver(): null

13-10-2024T12:14:21 - [TEST_STEP][PASSED] - js = driver: null

13-10-2024T12:14:21 - [TEST_STEP][PASSED] - callTestCase(findTestCase("Test Cases/Login/LoginCommon"), [:], STOP_ON_FAILURE): Call Test Case 'Test Cases/Login/LoginCommon' successfully

13-10-2024T12:14:21 - [TEST_CASE][PASSED] - Test Cases/Login/LoginCommon: Test Cases/Login/LoginCommon

13-10-2024T12:14:21 - [TEST_STEP][PASSED] - driver = getWebDriver(): null

13-10-2024T12:14:21 - [TEST_STEP][PASSED] - sendKeys(findTestObject("Quản lý tài khoản merchant/Quản lý dịch vụ merchant/userNameTextbox"), userAccount): Keys 'dannt@9pay.vn' sent to object: 'Object Repository/Quản lý tài khoản merchant/Quản lý dịch vụ merchant/userNameTextbox'

13-10-2024T12:14:21 - [MESSAGE][PASSED] - Keys 'dannt@9pay.vn' sent to object: 'Object Repository/Quản lý tài khoản merchant/Quản lý dịch vụ merchant/userNameTextbox'

13-10-2024T12:14:21 - [TEST_STEP][PASSED] - sendKeys(findTestObject("Quản lý tài khoản merchant/Quản lý dịch vụ merchant/passwordTextbox"), password): Keys 'dannt@9pay.vn' sent to object: 'Object Repository/Quản lý tài khoản merchant/Quản lý dịch vụ merchant/passwordTextbox'

13-10-2024T12:14:21 - [MESSAGE][PASSED] - Keys 'dannt@9pay.vn' sent to object: 'Object Repository/Quản lý tài khoản merchant/Quản lý dịch vụ merchant/passwordTextbox'

13-10-2024T12:14:21 - [TEST_STEP][PASSED] - click(findTestObject("Quản lý tài khoản merchant/Quản lý dịch vụ merchant/loginButton")): Object: 'Object Repository/Quản lý tài khoản merchant/Quản lý dịch vụ merchant/loginButton' is clicked on

13-10-2024T12:14:22 - [MESSAGE][PASSED] - Object: 'Object Repository/Quản lý tài khoản merchant/Quản lý dịch vụ merchant/loginButton' is clicked on

13-10-2024T12:14:22 - [MESSAGE][PASSED] - Call Test Case 'Test Cases/Login/LoginCommon' successfully

13-10-2024T12:14:22 - [TEST_STEP][PASSED] - waitForElementVisible(findTestObject("Trang chủ/userName"), 30, STOP_ON_FAILURE): Object 'Object Repository/Trang chủ/userName' is visible

13-10-2024T12:14:23 - [MESSAGE][PASSED] - Object 'Object Repository/Trang chủ/userName' is visible

13-10-2024T12:14:23 - [TEST_STEP][PASSED] - click(findTestObject("Quản lý tài khoản merchant/menuManagerMerchantAccount")): Object: 'Object Repository/Quản lý tài khoản merchant/menuManagerMerchantAccount' is clicked on

13-10-2024T12:14:25 - [MESSAGE][PASSED] - Object: 'Object Repository/Quản lý tài khoản merchant/menuManagerMerchantAccount' is clicked on

13-10-2024T12:14:25 - [TEST_STEP][PASSED] - waitForElementVisible(findTestObject("Quản lý tài khoản merchant/Quản lý dịch vụ merchant/menuManagerMerchantService"), 10, STOP_ON_FAILURE): Object 'Object Repository/Quản lý tài khoản merchant/Quản lý dịch vụ merchant/menuManagerMerchantService' is visible

13-10-2024T12:14:25 - [MESSAGE][PASSED] - Object 'Object Repository/Quản lý tài khoản merchant/Quản lý dịch vụ merchant/menuManagerMerchantService' is visible

13-10-2024T12:14:25 - [TEST_STEP][PASSED] - wait = new org.openqa.selenium.support.ui.WebDriverWait(com.kms.katalon.core.webui.driver.DriverFactory.getWebDriver(), internal.GlobalVariable.waitSecond): null

13-10-2024T12:14:25 - [TEST_STEP][PASSED] - menuManagerUserAccount = wait.until(ExpectedConditions.elementToBeClickable(By.xpath(xpathManagerListAccount))): null

13-10-2024T12:14:26 - [TEST_STEP][PASSED] - menuManagerUserAccount.click(): null

13-10-2024T12:14:26 - [TEST_STEP][PASSED] - userCode = wait.until(ExpectedConditions.visibilityOfElementLocated(By.xpath(xpathUserCode))): null

13-10-2024T12:14:29 - [TEST_STEP][PASSED] - println(userCode.getText()): null

13-10-2024T12:14:29 - [TEST_STEP][PASSED] - accountBtn = wait.until(ExpectedConditions.elementToBeClickable(By.xpath(xpathBtnAccount))): null

13-10-2024T12:14:29 - [TEST_STEP][PASSED] - accountBtn.click(): null

13-10-2024T12:14:29 - [TEST_STEP][PASSED] - searchTextbox = wait.until(ExpectedConditions.elementToBeClickable(By.xpath(xpathSearchTextbox))): null

13-10-2024T12:14:29 - [TEST_STEP][PASSED] - searchTextbox.sendKeys(username): null

13-10-2024T12:14:29 - [TEST_STEP][PASSED] - xpath(xpathOption)).click(): null

13-10-2024T12:14:30 - [TEST_STEP][PASSED] - xpath(xpathBtnSearch)).click(): null

13-10-2024T12:14:30 - [TEST_STEP][PASSED] - Assert.assertEquals(xpath(xpathAccountName)).getText(), username): null

13-10-2024T12:14:31 - [TEST_STEP][PASSED] - xpath(xpathBtnRutTien)).click(): null

13-10-2024T12:14:31 - [TEST_STEP][PASSED] - wait.until(ExpectedConditions.visibilityOfElementLocated(By.xpath(xpathUser))): null

13-10-2024T12:14:36 - [TEST_STEP][PASSED] - xpath(xpathViRut)).click(): null

13-10-2024T12:14:37 - [TEST_STEP][PASSED] - xpath(xpathOptionThuho)).click(): null

13-10-2024T12:14:37 - [TEST_STEP][PASSED] - xpath(xpathDay)).click(): null

13-10-2024T12:14:37 - [TEST_STEP][PASSED] - xpath(xpathToday)).click(): null

13-10-2024T12:14:38 - [TEST_STEP][PASSED] - xpath(xpathDayClicked)).click(): null

13-10-2024T12:14:38 - [TEST_STEP][PASSED] - try: null

13-10-2024T12:14:38 - [TEST_STEP][PASSED] - popupDS = wait.until(ExpectedConditions.visibilityOfElementLocated(By.xpath(xpathXacNhanKiDS))): null

13-10-2024T12:14:39 - [TEST_STEP][PASSED] - Assert.assertEquals(popupDS.getText(), "Đã tồn tại kỳ đối soát trước đó, Bạn có chắc chắn muốn tiếp tục thực hiện giao dịch?"): null

13-10-2024T12:14:39 - [TEST_STEP][PASSED] - xpath(BtnOkXpath)).click(): null

13-10-2024T12:14:39 - [TEST_STEP][PASSED] - soDuVi = driver.findElement(By.xpath("//label[contains(text(),'Số dư Ví')]/following::input[1]")): null

13-10-2024T12:14:39 - [TEST_STEP][PASSED] - inputValue = soDuVi.getAttribute("value"): null

13-10-2024T12:14:39 - [TEST_STEP][PASSED] - numericString = inputValue.replaceAll("[^0-9]", ""): null

13-10-2024T12:14:39 - [TEST_STEP][PASSED] - walletBalance = Integer.parseInt(numericString): null

13-10-2024T12:14:39 - [TEST_STEP][PASSED] - out.println(walletBalance): null

13-10-2024T12:14:39 - [TEST_STEP][PASSED] - xpath(xpathFieldAmount)).sendKeys(amount): null

13-10-2024T12:14:40 - [TEST_STEP][PASSED] - xpath("//label[contains(text(),'Sử dụng dịch vụ chi hộ')]")).click(): null

13-10-2024T12:14:40 - [TEST_STEP][PASSED] - xpath(xpathConfirm)).click(): null

13-10-2024T12:14:40 - [TEST_STEP][PASSED] - testText = wait.until(ExpectedConditions.visibilityOfElementLocated(By.xpath(UserPayIn))): null

13-10-2024T12:14:41 - [TEST_STEP][PASSED] - text1 = split("\n")[0].trim(): null

13-10-2024T12:14:42 - [TEST_STEP][PASSED] - Assert.assertEquals(text1, "Sử dụng chi hộ"): null

13-10-2024T12:14:42 - [TEST_STEP][PASSED] - approveButton = wait.until(ExpectedConditions.elementToBeClickable(By.xpath("//button[contains(text(),'VH DUYỆT GD RÚT LẦN 1')]"))): null

13-10-2024T12:14:42 - [TEST_STEP][PASSED] - js.executeScript("arguments[0].scrollIntoView(true);", approveButton): null

13-10-2024T12:14:42 - [TEST_STEP][PASSED] - approveButton.click(): null

13-10-2024T12:14:42 - [TEST_STEP][PASSED] - Thread.sleep(1000): null

13-10-2024T12:14:43 - [TEST_STEP][PASSED] - xpath(BtnOkXpath))).click(): null

13-10-2024T12:14:43 - [TEST_STEP][PASSED] - xpath(xpathBtnOk)).click(): null

13-10-2024T12:14:44 - [TEST_STEP][PASSED] - navigate().refresh(): null

13-10-2024T12:14:44 - [TEST_STEP][PASSED] - approveButton1 = wait.until(ExpectedConditions.elementToBeClickable(By.xpath("//button[contains(text(),'VH DUYỆT GD RÚT LẦN 2')]"))): null

13-10-2024T12:14:45 - [TEST_STEP][PASSED] - js.executeScript("arguments[0].scrollIntoView(true);", approveButton1): null

13-10-2024T12:14:45 - [TEST_STEP][PASSED] - approveButton1.click(): null

13-10-2024T12:14:45 - [TEST_STEP][PASSED] - Thread.sleep(1000): null

13-10-2024T12:14:46 - [TEST_STEP][PASSED] - xpath(BtnOkXpath)).click(): null

13-10-2024T12:14:47 - [TEST_STEP][PASSED] - xpath(xpathBtnOk)).click(): null

13-10-2024T12:14:48 - [TEST_STEP][PASSED] - navigate().refresh(): null

13-10-2024T12:14:48 - [TEST_STEP][PASSED] - approveButton2 = wait.until(ExpectedConditions.elementToBeClickable(By.xpath("//button[contains(text(),'KT DUYỆT GD RÚT LẦN 1')]"))): null

13-10-2024T12:14:49 - [TEST_STEP][PASSED] - js.executeScript("arguments[0].scrollIntoView(true);", approveButton2): null

13-10-2024T12:14:49 - [TEST_STEP][PASSED] - approveButton2.click(): null

13-10-2024T12:14:49 - [TEST_STEP][PASSED] - Thread.sleep(1000): null

13-10-2024T12:14:50 - [TEST_STEP][PASSED] - xpath(BtnOkXpath)).click(): null

13-10-2024T12:14:50 - [TEST_STEP][PASSED] - xpath(xpathBtnOk)).click(): null

13-10-2024T12:14:51 - [TEST_STEP][PASSED] - navigate().refresh(): null

13-10-2024T12:14:51 - [TEST_STEP][PASSED] - approveButton3 = wait.until(ExpectedConditions.elementToBeClickable(By.xpath("//button[contains(text(),'KT DUYỆT GD RÚT LẦN 2')]"))): null

13-10-2024T12:14:52 - [TEST_STEP][PASSED] - js.executeScript("arguments[0].scrollIntoView(true);", approveButton3): null

13-10-2024T12:14:52 - [TEST_STEP][PASSED] - approveButton3.click(): null

13-10-2024T12:14:52 - [TEST_STEP][PASSED] - Thread.sleep(1000): null

13-10-2024T12:14:53 - [TEST_STEP][PASSED] - xpath(BtnOkXpath)).click(): null

13-10-2024T12:14:53 - [TEST_STEP][PASSED] - xpath(xpathBtnOk)).click(): null

13-10-2024T12:14:54 - [TEST_STEP][PASSED] - callTestCase(findTestCase("Test Cases/Quản lý tài khoản merchant/Quản lý danh sách tài khoản/CustomeFuncRutTien"), [:], STOP_ON_FAILURE): Call Test Case 'Test Cases/Quản lý tài khoản merchant/Quản lý danh sách tài khoản/CustomeFuncRutTien' successfully

13-10-2024T12:14:54 - [TEST_CASE][PASSED] - Test Cases/Quản lý tài khoản merchant/Quản lý danh sách tài khoản/CustomeFuncRutTien: Test Cases/Quản lý tài khoản merchant/Quản lý danh sách tài khoản/CustomeFuncRutTien

13-10-2024T12:14:54 - [TEST_STEP][PASSED] - driver = getWebDriver(): null

13-10-2024T12:14:54 - [TEST_STEP][PASSED] - sleep(2000): null

13-10-2024T12:14:56 - [TEST_STEP][PASSED] - element1 = driver.findElement(By.xpath(xpathManagerMC)): null

13-10-2024T12:14:57 - [TEST_STEP][PASSED] - actions = new org.openqa.selenium.interactions.Actions(driver): null

13-10-2024T12:14:57 - [TEST_STEP][PASSED] - click().perform(): null

13-10-2024T12:14:57 - [TEST_STEP][PASSED] - wait = new org.openqa.selenium.support.ui.WebDriverWait(com.kms.katalon.core.webui.driver.DriverFactory.getWebDriver(), 15): null

13-10-2024T12:14:57 - [TEST_STEP][PASSED] - element2 = wait.until(ExpectedConditions.elementToBeClickable(By.xpath(xpathManagerListAccount))): null

13-10-2024T12:14:57 - [TEST_STEP][PASSED] - click().perform(): null

13-10-2024T12:14:57 - [MESSAGE][PASSED] - Call Test Case 'Test Cases/Quản lý tài khoản merchant/Quản lý danh sách tài khoản/CustomeFuncRutTien' successfully

13-10-2024T12:14:57 - [TEST_STEP][PASSED] - xpath("//span[contains(text(),'Tài khoản')]")).click(): null

13-10-2024T12:15:15 - [TEST_STEP][PASSED] - xpath("(//input[@type='text'])[2]")).sendKeys(username): null

13-10-2024T12:15:15 - [TEST_STEP][PASSED] - xpath(xpathOption)).click(): null

13-10-2024T12:15:16 - [TEST_STEP][PASSED] - xpath(xpathBtnSearch)).click(): null

13-10-2024T12:15:16 - [TEST_STEP][PASSED] - afterWithdraw = driver.findElement(By.xpath("//strong[contains(text(),'Thu hộ:')]")): null

13-10-2024T12:15:17 - [TEST_STEP][PASSED] - script1 = "return arguments[0].nextSibling.textContent;": null

13-10-2024T12:15:17 - [TEST_STEP][PASSED] - afterWithdraw1 = js.executeScript(script1, afterWithdraw): null

13-10-2024T12:15:17 - [TEST_STEP][PASSED] - numericString1 = afterWithdraw1.replaceAll("[^0-9]", ""): null

13-10-2024T12:15:17 - [TEST_STEP][PASSED] - thuHo1 = Integer.parseInt(numericString1): null

13-10-2024T12:15:17 - [TEST_STEP][PASSED] - amountTransaction1 = Integer.parseInt(amount): null

13-10-2024T12:15:17 - [TEST_STEP][PASSED] - if (thuHo1 == walletBalance - amountTransaction1): Test case đã pass với số tiền chưa được trừ khỏi tài khoản.

13-10-2024T12:15:17 - [TEST_STEP][PASSED] - println("Số tiền đã đúng "): null

13-10-2024T12:15:17 - [TEST_STEP][PASSED] - markPassed("Test case đã pass với số tiền chưa được trừ khỏi tài khoản."): Test case đã pass với số tiền chưa được trừ khỏi tài khoản.

13-10-2024T12:15:17 - [MESSAGE][PASSED] - Test case đã pass với số tiền chưa được trừ khỏi tài khoản.

13-10-2024T12:15:17 - [TEST_STEP][PASSED] - Start listener action : sampleAfterTestCase: null

13-10-2024T12:15:17 - [TEST_STEP][PASSED] - testCaseId = testCaseContext.getTestCaseId(): null

13-10-2024T12:15:17 - [TEST_STEP][PASSED] - if (testCaseId == "Test Cases/Quản lý tài khoản merchant/Quản lý dịch vụ merchant/TC_13_Kiểm tra chức năng xác nhận cấu hình thay đổi VA"): null]]></system-out>
         <system-err><![CDATA[]]></system-err>
      </testcase>
      <system-out><![CDATA[13-10-2024T12:09:18 - [TEST_SUITE][ERROR] - Rút tiền: Test Cases/Quản lý tài khoản merchant/Quản lý danh sách tài khoản/Rút tiền/TC_08_Kiểm tra user chưa đăng ký dịch vụ và chọn kì đối soát chưa tồn tại FAILED.
Reason:
org.openqa.selenium.NoSuchElementException: no such element: Unable to locate element: {"method":"xpath","selector":"//p[contains(text(),'Dịch vụ chưa được kích hoạt')]"}
  (Session info: chrome=129.0.6668.91)
For documentation on this error, please visit: https://www.seleniumhq.org/exceptions/no_such_element.html
Build info: version: '3.141.59', revision: 'unknown', time: 'unknown'
System info: host: 'Aidan', ip: '2405:4803:fd90:9ef0:35c5:6ea1:b1e8:64e8%en0', os.name: 'Mac OS X', os.arch: 'aarch64', os.version: '15.0.1', java.version: '17.0.7'
Driver info: com.kms.katalon.selenium.driver.CChromeDriver
Capabilities {acceptInsecureCerts: false, browserName: chrome, browserVersion: 129.0.6668.91, chrome: {chromedriverVersion: 128.0.6613.84 (606aa55c7d68..., userDataDir: /var/folders/t5/b7k67ybj7gz...}, fedcm:accounts: true, goog:chromeOptions: {debuggerAddress: localhost:58875}, javascriptEnabled: true, networkConnectionEnabled: false, pageLoadStrategy: normal, platform: MAC, platformName: MAC, proxy: Proxy(), setWindowRect: true, strictFileInteractability: false, timeouts: {implicit: 0, pageLoad: 300000, script: 30000}, unhandledPromptBehavior: dismiss and notify, webauthn:extension:credBlob: true, webauthn:extension:largeBlob: true, webauthn:extension:minPinLength: true, webauthn:extension:prf: true, webauthn:virtualAuthenticators: true}
Session ID: 0c02d1961d4c23a0c2e6e14571cd5fb5
*** Element info: {Using=xpath, value=//p[contains(text(),'Dịch vụ chưa được kích hoạt')]}
	at jdk.internal.reflect.GeneratedConstructorAccessor22.newInstance(Unknown Source)
	at java.base/jdk.internal.reflect.DelegatingConstructorAccessorImpl.newInstance(DelegatingConstructorAccessorImpl.java:45)
	at org.openqa.selenium.remote.http.W3CHttpResponseCodec.createException(W3CHttpResponseCodec.java:187)
	at org.openqa.selenium.remote.http.W3CHttpResponseCodec.decode(W3CHttpResponseCodec.java:122)
	at org.openqa.selenium.remote.http.W3CHttpResponseCodec.decode(W3CHttpResponseCodec.java:49)
	at org.openqa.selenium.remote.HttpCommandExecutor.execute(HttpCommandExecutor.java:158)
	at org.openqa.selenium.remote.service.DriverCommandExecutor.execute(DriverCommandExecutor.java:83)
	at org.openqa.selenium.remote.RemoteWebDriver.execute(RemoteWebDriver.java:552)
	at com.kms.katalon.selenium.driver.CChromeDriver.execute(CChromeDriver.java:19)
	at org.openqa.selenium.remote.RemoteWebDriver.findElement(RemoteWebDriver.java:323)
	at org.openqa.selenium.remote.RemoteWebDriver.findElementByXPath(RemoteWebDriver.java:428)
	at org.openqa.selenium.By$ByXPath.findElement(By.java:353)
	at org.openqa.selenium.remote.RemoteWebDriver.findElement(RemoteWebDriver.java:315)
	at jdk.internal.reflect.GeneratedMethodAccessor9.invoke(Unknown Source)
	at java.base/jdk.internal.reflect.DelegatingMethodAccessorImpl.invoke(DelegatingMethodAccessorImpl.java:43)
	at org.openqa.selenium.support.events.EventFiringWebDriver.lambda$new$1(EventFiringWebDriver.java:105)
	at jdk.proxy2/jdk.proxy2.$Proxy22.findElement(Unknown Source)
	at org.openqa.selenium.support.events.EventFiringWebDriver.findElement(EventFiringWebDriver.java:194)
	at TC_08_Kiểm tra user chưa đăng ký dịch vụ và chọn kì đối soát chưa tồn tại.run(TC_08_Kiểm tra user chưa đăng ký dịch vụ và chọn kì đối soát chưa tồn tại:62)
	at com.kms.katalon.core.main.ScriptEngine.run(ScriptEngine.java:194)
	at com.kms.katalon.core.main.ScriptEngine.runScriptAsRawText(ScriptEngine.java:119)
	at com.kms.katalon.core.main.TestCaseExecutor.runScript(TestCaseExecutor.java:448)
	at com.kms.katalon.core.main.TestCaseExecutor.doExecute(TestCaseExecutor.java:439)
	at com.kms.katalon.core.main.TestCaseExecutor.processExecutionPhase(TestCaseExecutor.java:418)
	at com.kms.katalon.core.main.TestCaseExecutor.accessMainPhase(TestCaseExecutor.java:410)
	at com.kms.katalon.core.main.TestCaseExecutor.execute(TestCaseExecutor.java:285)
	at com.kms.katalon.core.common.CommonExecutor.accessTestCaseMainPhase(CommonExecutor.java:65)
	at com.kms.katalon.core.main.TestSuiteExecutor.accessTestSuiteMainPhase(TestSuiteExecutor.java:150)
	at com.kms.katalon.core.main.TestSuiteExecutor.execute(TestSuiteExecutor.java:106)
	at com.kms.katalon.core.main.TestCaseMain.startTestSuite(TestCaseMain.java:180)
	at TempTestSuite1728796153404.run(TempTestSuite1728796153404.groovy:35)
	at java.base/jdk.internal.reflect.NativeMethodAccessorImpl.invoke0(Native Method)
	at java.base/jdk.internal.reflect.NativeMethodAccessorImpl.invoke(NativeMethodAccessorImpl.java:77)
	at java.base/jdk.internal.reflect.DelegatingMethodAccessorImpl.invoke(DelegatingMethodAccessorImpl.java:43)]]></system-out>
      <system-err><![CDATA[13-10-2024T12:09:18 - [TEST_SUITE][ERROR] - Rút tiền: Test Cases/Quản lý tài khoản merchant/Quản lý danh sách tài khoản/Rút tiền/TC_08_Kiểm tra user chưa đăng ký dịch vụ và chọn kì đối soát chưa tồn tại FAILED.
Reason:
org.openqa.selenium.NoSuchElementException: no such element: Unable to locate element: {"method":"xpath","selector":"//p[contains(text(),'Dịch vụ chưa được kích hoạt')]"}
  (Session info: chrome=129.0.6668.91)
For documentation on this error, please visit: https://www.seleniumhq.org/exceptions/no_such_element.html
Build info: version: '3.141.59', revision: 'unknown', time: 'unknown'
System info: host: 'Aidan', ip: '2405:4803:fd90:9ef0:35c5:6ea1:b1e8:64e8%en0', os.name: 'Mac OS X', os.arch: 'aarch64', os.version: '15.0.1', java.version: '17.0.7'
Driver info: com.kms.katalon.selenium.driver.CChromeDriver
Capabilities {acceptInsecureCerts: false, browserName: chrome, browserVersion: 129.0.6668.91, chrome: {chromedriverVersion: 128.0.6613.84 (606aa55c7d68..., userDataDir: /var/folders/t5/b7k67ybj7gz...}, fedcm:accounts: true, goog:chromeOptions: {debuggerAddress: localhost:58875}, javascriptEnabled: true, networkConnectionEnabled: false, pageLoadStrategy: normal, platform: MAC, platformName: MAC, proxy: Proxy(), setWindowRect: true, strictFileInteractability: false, timeouts: {implicit: 0, pageLoad: 300000, script: 30000}, unhandledPromptBehavior: dismiss and notify, webauthn:extension:credBlob: true, webauthn:extension:largeBlob: true, webauthn:extension:minPinLength: true, webauthn:extension:prf: true, webauthn:virtualAuthenticators: true}
Session ID: 0c02d1961d4c23a0c2e6e14571cd5fb5
*** Element info: {Using=xpath, value=//p[contains(text(),'Dịch vụ chưa được kích hoạt')]}
	at jdk.internal.reflect.GeneratedConstructorAccessor22.newInstance(Unknown Source)
	at java.base/jdk.internal.reflect.DelegatingConstructorAccessorImpl.newInstance(DelegatingConstructorAccessorImpl.java:45)
	at org.openqa.selenium.remote.http.W3CHttpResponseCodec.createException(W3CHttpResponseCodec.java:187)
	at org.openqa.selenium.remote.http.W3CHttpResponseCodec.decode(W3CHttpResponseCodec.java:122)
	at org.openqa.selenium.remote.http.W3CHttpResponseCodec.decode(W3CHttpResponseCodec.java:49)
	at org.openqa.selenium.remote.HttpCommandExecutor.execute(HttpCommandExecutor.java:158)
	at org.openqa.selenium.remote.service.DriverCommandExecutor.execute(DriverCommandExecutor.java:83)
	at org.openqa.selenium.remote.RemoteWebDriver.execute(RemoteWebDriver.java:552)
	at com.kms.katalon.selenium.driver.CChromeDriver.execute(CChromeDriver.java:19)
	at org.openqa.selenium.remote.RemoteWebDriver.findElement(RemoteWebDriver.java:323)
	at org.openqa.selenium.remote.RemoteWebDriver.findElementByXPath(RemoteWebDriver.java:428)
	at org.openqa.selenium.By$ByXPath.findElement(By.java:353)
	at org.openqa.selenium.remote.RemoteWebDriver.findElement(RemoteWebDriver.java:315)
	at jdk.internal.reflect.GeneratedMethodAccessor9.invoke(Unknown Source)
	at java.base/jdk.internal.reflect.DelegatingMethodAccessorImpl.invoke(DelegatingMethodAccessorImpl.java:43)
	at org.openqa.selenium.support.events.EventFiringWebDriver.lambda$new$1(EventFiringWebDriver.java:105)
	at jdk.proxy2/jdk.proxy2.$Proxy22.findElement(Unknown Source)
	at org.openqa.selenium.support.events.EventFiringWebDriver.findElement(EventFiringWebDriver.java:194)
	at TC_08_Kiểm tra user chưa đăng ký dịch vụ và chọn kì đối soát chưa tồn tại.run(TC_08_Kiểm tra user chưa đăng ký dịch vụ và chọn kì đối soát chưa tồn tại:62)
	at com.kms.katalon.core.main.ScriptEngine.run(ScriptEngine.java:194)
	at com.kms.katalon.core.main.ScriptEngine.runScriptAsRawText(ScriptEngine.java:119)
	at com.kms.katalon.core.main.TestCaseExecutor.runScript(TestCaseExecutor.java:448)
	at com.kms.katalon.core.main.TestCaseExecutor.doExecute(TestCaseExecutor.java:439)
	at com.kms.katalon.core.main.TestCaseExecutor.processExecutionPhase(TestCaseExecutor.java:418)
	at com.kms.katalon.core.main.TestCaseExecutor.accessMainPhase(TestCaseExecutor.java:410)
	at com.kms.katalon.core.main.TestCaseExecutor.execute(TestCaseExecutor.java:285)
	at com.kms.katalon.core.common.CommonExecutor.accessTestCaseMainPhase(CommonExecutor.java:65)
	at com.kms.katalon.core.main.TestSuiteExecutor.accessTestSuiteMainPhase(TestSuiteExecutor.java:150)
	at com.kms.katalon.core.main.TestSuiteExecutor.execute(TestSuiteExecutor.java:106)
	at com.kms.katalon.core.main.TestCaseMain.startTestSuite(TestCaseMain.java:180)
	at TempTestSuite1728796153404.run(TempTestSuite1728796153404.groovy:35)
	at java.base/jdk.internal.reflect.NativeMethodAccessorImpl.invoke0(Native Method)
	at java.base/jdk.internal.reflect.NativeMethodAccessorImpl.invoke(NativeMethodAccessorImpl.java:77)
	at java.base/jdk.internal.reflect.DelegatingMethodAccessorImpl.invoke(DelegatingMethodAccessorImpl.java:43)]]></system-err>
   </testsuite>
</testsuites>
