<?xml version="1.0" encoding="UTF-8"?>
<testsuites name="Nạp tiền" time="475.912" tests="11" failures="0" errors="1">
   <testsuite name="Nạp tiền" tests="11" failures="0" errors="1" time="475.912" skipped="0" timestamp="10-10-2024T15:25:09" hostname="ngocanh - localhost" id="Test Suites/Quản lý tài khoản merchant/Nạp tiền">
      <properties>
         <property name="deviceName" value=""/>
         <property name="devicePlatform"/>
         <property name="logFolder" value="/Users/ngocanh/Downloads/D_CMS_9Pay-master 4/Reports/20241010_152500/Qu\u1EA3n l\u00FD t\u00E0i kho\u1EA3n merchant/N\u1EA1p ti\u1EC1n/20241010_152500"/>
         <property name="logFiles" value="/Users/ngocanh/Downloads/D_CMS_9Pay-master 4/Reports/20241010_152500/Qu\u1EA3n l\u00FD t\u00E0i kho\u1EA3n merchant/N\u1EA1p ti\u1EC1n/20241010_152500/execution0.log"/>
         <property name="attachments" value=""/>
         <property name="hostName" value="ngocanh - localhost"/>
         <property name="os" value="Mac OS X 64bit"/>
         <property name="katalonVersion" value="9.5.0.217"/>
         <property name="browser" value="Chrome 129.0.0.0"/>
         <property name="hostAddress" value="127.0.0.1"/>
         <property name="sessionId" value="d1fa902272154260d0ca277052ae1b37"/>
         <property name="seleniumVersion" value="3.141.59"/>
         <property name="proxyInformation" value="ProxyInformation { proxyOption=NO_PROXY, proxyServerType=HTTP, username=, password=********, proxyServerAddress=, proxyServerPort=0, executionList=&quot;&quot;, isApplyToDesiredCapabilities=true }"/>
         <property name="platform" value="Mac OS X"/>
      </properties>
      <testcase name="Test Cases/Quản lý tài khoản merchant/Quản lý danh sách tài khoản/Nạp tiền/TC_01_Kiểm tra mở màn hình nạp tiền" time="37.372" classname="Test Cases/Quản lý tài khoản merchant/Quản lý danh sách tài khoản/Nạp tiền/TC_01_Kiểm tra mở màn hình nạp tiền" status="PASSED">
         <system-out><![CDATA[10-10-2024T15:25:09 - [TEST_CASE][PASSED] - Test Cases/Quản lý tài khoản merchant/Quản lý danh sách tài khoản/Nạp tiền/TC_01_Kiểm tra mở màn hình nạp tiền: Test Cases/Quản lý tài khoản merchant/Quản lý danh sách tài khoản/Nạp tiền/TC_01_Kiểm tra mở màn hình nạp tiền

10-10-2024T15:25:10 - [TEST_STEP][PASSED] - Start listener action : sampleBeforeTestCase: Navigate to 'https://stg-cms-console.9pay.mobi/login' successfully

10-10-2024T15:25:10 - [TEST_STEP][PASSED] - testCaseId = testCaseContext.getTestCaseId(): null

10-10-2024T15:25:10 - [TEST_STEP][PASSED] - url = <not implemented yet for class: org.codehaus.groovy.ast.expr.EmptyExpression>: null

10-10-2024T15:25:10 - [TEST_STEP][PASSED] - if (testCaseId == "Test Cases/Quản lý tài khoản merchant/Quản lý dịch vụ merchant/Kiểm tra thay đổi sau khi cấu hình VA trên MCV"): null

10-10-2024T15:25:10 - [TEST_STEP][PASSED] - else: null

10-10-2024T15:25:10 - [TEST_STEP][PASSED] - url = "https://stg-cms-console.9pay.mobi/login": null

10-10-2024T15:25:10 - [TEST_STEP][PASSED] - openBrowser(""): Browser is opened with url: ''

10-10-2024T15:25:10 - [MESSAGE][INFO] - Starting 'Chrome' driver

10-10-2024T15:25:11 - [MESSAGE][INFO] - Action delay is set to 0 milliseconds

10-10-2024T15:25:16 - [MESSAGE][PASSED] - Browser is opened with url: ''

10-10-2024T15:25:16 - [TEST_STEP][PASSED] - maximizeWindow(): Current window maximized

10-10-2024T15:25:17 - [MESSAGE][PASSED] - Current window maximized

10-10-2024T15:25:17 - [TEST_STEP][PASSED] - navigateToUrl(url): Navigate to 'https://stg-cms-console.9pay.mobi/login' successfully

10-10-2024T15:25:23 - [MESSAGE][PASSED] - Navigate to 'https://stg-cms-console.9pay.mobi/login' successfully

10-10-2024T15:25:24 - [TEST_STEP][PASSED] - driver = getWebDriver(): null

10-10-2024T15:25:24 - [TEST_STEP][PASSED] - callTestCase(findTestCase("Test Cases/Login/LoginCommon"), [:], STOP_ON_FAILURE): Call Test Case 'Test Cases/Login/LoginCommon' successfully

10-10-2024T15:25:24 - [TEST_CASE][PASSED] - Test Cases/Login/LoginCommon: Test Cases/Login/LoginCommon

10-10-2024T15:25:24 - [TEST_STEP][PASSED] - driver = getWebDriver(): null

10-10-2024T15:25:24 - [TEST_STEP][PASSED] - sendKeys(findTestObject("Quản lý tài khoản merchant/Quản lý dịch vụ merchant/userNameTextbox"), userAccount): Keys 'dannt@9pay.vn' sent to object: 'Object Repository/Quản lý tài khoản merchant/Quản lý dịch vụ merchant/userNameTextbox'

10-10-2024T15:25:30 - [MESSAGE][PASSED] - Keys 'dannt@9pay.vn' sent to object: 'Object Repository/Quản lý tài khoản merchant/Quản lý dịch vụ merchant/userNameTextbox'

10-10-2024T15:25:30 - [TEST_STEP][PASSED] - sendKeys(findTestObject("Quản lý tài khoản merchant/Quản lý dịch vụ merchant/passwordTextbox"), password): Keys 'dannt@9pay.vn' sent to object: 'Object Repository/Quản lý tài khoản merchant/Quản lý dịch vụ merchant/passwordTextbox'

10-10-2024T15:25:30 - [MESSAGE][PASSED] - Keys 'dannt@9pay.vn' sent to object: 'Object Repository/Quản lý tài khoản merchant/Quản lý dịch vụ merchant/passwordTextbox'

10-10-2024T15:25:30 - [TEST_STEP][PASSED] - click(findTestObject("Quản lý tài khoản merchant/Quản lý dịch vụ merchant/loginButton")): Object: 'Object Repository/Quản lý tài khoản merchant/Quản lý dịch vụ merchant/loginButton' is clicked on

10-10-2024T15:25:31 - [MESSAGE][PASSED] - Object: 'Object Repository/Quản lý tài khoản merchant/Quản lý dịch vụ merchant/loginButton' is clicked on

10-10-2024T15:25:31 - [MESSAGE][PASSED] - Call Test Case 'Test Cases/Login/LoginCommon' successfully

10-10-2024T15:25:31 - [TEST_STEP][PASSED] - waitForElementVisible(findTestObject("Trang chủ/userName"), 20, STOP_ON_FAILURE): Object 'Object Repository/Trang chủ/userName' is visible

10-10-2024T15:25:36 - [MESSAGE][PASSED] - Object 'Object Repository/Trang chủ/userName' is visible

10-10-2024T15:25:36 - [TEST_STEP][PASSED] - callTestCase(findTestCase("Test Cases/Quản lý tài khoản merchant/Quản lý danh sách tài khoản/CustomFunctions Deposit"), [:], STOP_ON_FAILURE): Call Test Case 'Test Cases/Quản lý tài khoản merchant/Quản lý danh sách tài khoản/CustomFunctions Deposit' successfully

10-10-2024T15:25:36 - [TEST_CASE][PASSED] - Test Cases/Quản lý tài khoản merchant/Quản lý danh sách tài khoản/CustomFunctions Deposit: Test Cases/Quản lý tài khoản merchant/Quản lý danh sách tài khoản/CustomFunctions Deposit

10-10-2024T15:25:36 - [TEST_STEP][PASSED] - driver = getWebDriver(): null

10-10-2024T15:25:36 - [TEST_STEP][PASSED] - element1 = driver.findElement(By.xpath("//span[contains(text(),'Quản lý tài khoản merchant')]")): null

10-10-2024T15:25:37 - [TEST_STEP][PASSED] - actions = new org.openqa.selenium.interactions.Actions(driver): null

10-10-2024T15:25:37 - [TEST_STEP][PASSED] - click().perform(): null

10-10-2024T15:25:37 - [TEST_STEP][PASSED] - wait = new org.openqa.selenium.support.ui.WebDriverWait(com.kms.katalon.core.webui.driver.DriverFactory.getWebDriver(), 15): null

10-10-2024T15:25:37 - [TEST_STEP][PASSED] - xpath(xpathManagerListAccount))).click(): null

10-10-2024T15:25:38 - [MESSAGE][PASSED] - Call Test Case 'Test Cases/Quản lý tài khoản merchant/Quản lý danh sách tài khoản/CustomFunctions Deposit' successfully

10-10-2024T15:25:38 - [TEST_STEP][PASSED] - wait = new org.openqa.selenium.support.ui.WebDriverWait(com.kms.katalon.core.webui.driver.DriverFactory.getWebDriver(), 20): null

10-10-2024T15:25:38 - [TEST_STEP][PASSED] - userCode = wait.until(ExpectedConditions.visibilityOfElementLocated(By.xpath(xpathUserCode))): null

10-10-2024T15:25:42 - [TEST_STEP][PASSED] - println(userCode.getText()): null

10-10-2024T15:25:42 - [TEST_STEP][PASSED] - accountBtn = wait.until(ExpectedConditions.elementToBeClickable(By.xpath(xpathBtnAccount))): null

10-10-2024T15:25:42 - [TEST_STEP][PASSED] - accountBtn.click(): null

10-10-2024T15:25:42 - [TEST_STEP][PASSED] - searchTextbox = wait.until(ExpectedConditions.elementToBeClickable(By.xpath(xpathSearchTextbox))): null

10-10-2024T15:25:43 - [TEST_STEP][PASSED] - searchTextbox.sendKeys(username): null

10-10-2024T15:25:43 - [TEST_STEP][PASSED] - xpath(xpathOption)).click(): null

10-10-2024T15:25:44 - [TEST_STEP][PASSED] - xpath(xpathBtnSearch)).click(): null

10-10-2024T15:25:44 - [TEST_STEP][PASSED] - Assert.assertEquals(xpath(xpathAccountName)).getText(), username): null

10-10-2024T15:25:45 - [TEST_STEP][PASSED] - xpath(xpathBtnDeposit)).click(): null

10-10-2024T15:25:46 - [TEST_STEP][PASSED] - Assert.assertEquals(xpath(xpathTitle)).getText(), titleText): null

10-10-2024T15:25:47 - [TEST_STEP][PASSED] - Start listener action : sampleAfterTestCase: null

10-10-2024T15:25:47 - [TEST_STEP][PASSED] - testCaseId = testCaseContext.getTestCaseId(): null

10-10-2024T15:25:47 - [TEST_STEP][PASSED] - if (testCaseId == "Test Cases/Quản lý tài khoản merchant/Quản lý dịch vụ merchant/Kiểm tra chức năng xác nhận cấu hình thay đổi VA"): null]]></system-out>
         <system-err><![CDATA[]]></system-err>
      </testcase>
      <testcase name="Test Cases/Quản lý tài khoản merchant/Quản lý danh sách tài khoản/Nạp tiền/TC_02_Kiểm tra khi để trống các trường trong màn Nạp tiền" time="42.392" classname="Test Cases/Quản lý tài khoản merchant/Quản lý danh sách tài khoản/Nạp tiền/TC_02_Kiểm tra khi để trống các trường trong màn Nạp tiền" status="PASSED">
         <system-out><![CDATA[10-10-2024T15:25:47 - [TEST_CASE][PASSED] - Test Cases/Quản lý tài khoản merchant/Quản lý danh sách tài khoản/Nạp tiền/TC_02_Kiểm tra khi để trống các trường trong màn Nạp tiền: Test Cases/Quản lý tài khoản merchant/Quản lý danh sách tài khoản/Nạp tiền/TC_02_Kiểm tra khi để trống các trường trong màn Nạp tiền

10-10-2024T15:25:47 - [TEST_STEP][PASSED] - Start listener action : sampleBeforeTestCase: Navigate to 'https://stg-cms-console.9pay.mobi/login' successfully

10-10-2024T15:25:47 - [TEST_STEP][PASSED] - testCaseId = testCaseContext.getTestCaseId(): null

10-10-2024T15:25:47 - [TEST_STEP][PASSED] - url = <not implemented yet for class: org.codehaus.groovy.ast.expr.EmptyExpression>: null

10-10-2024T15:25:47 - [TEST_STEP][PASSED] - if (testCaseId == "Test Cases/Quản lý tài khoản merchant/Quản lý dịch vụ merchant/Kiểm tra thay đổi sau khi cấu hình VA trên MCV"): null

10-10-2024T15:25:47 - [TEST_STEP][PASSED] - else: null

10-10-2024T15:25:47 - [TEST_STEP][PASSED] - url = "https://stg-cms-console.9pay.mobi/login": null

10-10-2024T15:25:47 - [TEST_STEP][PASSED] - openBrowser(""): Browser is opened with url: ''

10-10-2024T15:25:47 - [MESSAGE][WARNING] - A browser is already opened. Closing browser and opening a new one

10-10-2024T15:25:47 - [MESSAGE][INFO] - Starting 'Chrome' driver

10-10-2024T15:25:47 - [MESSAGE][INFO] - Action delay is set to 0 milliseconds

10-10-2024T15:25:50 - [MESSAGE][PASSED] - Browser is opened with url: ''

10-10-2024T15:25:50 - [TEST_STEP][PASSED] - maximizeWindow(): Current window maximized

10-10-2024T15:25:50 - [MESSAGE][PASSED] - Current window maximized

10-10-2024T15:25:50 - [TEST_STEP][PASSED] - navigateToUrl(url): Navigate to 'https://stg-cms-console.9pay.mobi/login' successfully

10-10-2024T15:25:55 - [MESSAGE][PASSED] - Navigate to 'https://stg-cms-console.9pay.mobi/login' successfully

10-10-2024T15:25:55 - [TEST_STEP][PASSED] - driver = getWebDriver(): null

10-10-2024T15:25:55 - [TEST_STEP][PASSED] - callTestCase(findTestCase("Test Cases/Login/LoginCommon"), [:], STOP_ON_FAILURE): Call Test Case 'Test Cases/Login/LoginCommon' successfully

10-10-2024T15:25:55 - [TEST_CASE][PASSED] - Test Cases/Login/LoginCommon: Test Cases/Login/LoginCommon

10-10-2024T15:25:55 - [TEST_STEP][PASSED] - driver = getWebDriver(): null

10-10-2024T15:25:55 - [TEST_STEP][PASSED] - sendKeys(findTestObject("Quản lý tài khoản merchant/Quản lý dịch vụ merchant/userNameTextbox"), userAccount): Keys 'dannt@9pay.vn' sent to object: 'Object Repository/Quản lý tài khoản merchant/Quản lý dịch vụ merchant/userNameTextbox'

10-10-2024T15:25:56 - [MESSAGE][PASSED] - Keys 'dannt@9pay.vn' sent to object: 'Object Repository/Quản lý tài khoản merchant/Quản lý dịch vụ merchant/userNameTextbox'

10-10-2024T15:25:56 - [TEST_STEP][PASSED] - sendKeys(findTestObject("Quản lý tài khoản merchant/Quản lý dịch vụ merchant/passwordTextbox"), password): Keys 'dannt@9pay.vn' sent to object: 'Object Repository/Quản lý tài khoản merchant/Quản lý dịch vụ merchant/passwordTextbox'

10-10-2024T15:25:56 - [MESSAGE][PASSED] - Keys 'dannt@9pay.vn' sent to object: 'Object Repository/Quản lý tài khoản merchant/Quản lý dịch vụ merchant/passwordTextbox'

10-10-2024T15:25:56 - [TEST_STEP][PASSED] - click(findTestObject("Quản lý tài khoản merchant/Quản lý dịch vụ merchant/loginButton")): Object: 'Object Repository/Quản lý tài khoản merchant/Quản lý dịch vụ merchant/loginButton' is clicked on

10-10-2024T15:25:57 - [MESSAGE][PASSED] - Object: 'Object Repository/Quản lý tài khoản merchant/Quản lý dịch vụ merchant/loginButton' is clicked on

10-10-2024T15:25:57 - [MESSAGE][PASSED] - Call Test Case 'Test Cases/Login/LoginCommon' successfully

10-10-2024T15:25:57 - [TEST_STEP][PASSED] - waitForElementVisible(findTestObject("Trang chủ/userName"), 20, STOP_ON_FAILURE): Object 'Object Repository/Trang chủ/userName' is visible

10-10-2024T15:25:59 - [MESSAGE][PASSED] - Object 'Object Repository/Trang chủ/userName' is visible

10-10-2024T15:25:59 - [TEST_STEP][PASSED] - callTestCase(findTestCase("Test Cases/Quản lý tài khoản merchant/Quản lý danh sách tài khoản/CustomFunctions Deposit"), [:], STOP_ON_FAILURE): Call Test Case 'Test Cases/Quản lý tài khoản merchant/Quản lý danh sách tài khoản/CustomFunctions Deposit' successfully

10-10-2024T15:25:59 - [TEST_CASE][PASSED] - Test Cases/Quản lý tài khoản merchant/Quản lý danh sách tài khoản/CustomFunctions Deposit: Test Cases/Quản lý tài khoản merchant/Quản lý danh sách tài khoản/CustomFunctions Deposit

10-10-2024T15:25:59 - [TEST_STEP][PASSED] - driver = getWebDriver(): null

10-10-2024T15:25:59 - [TEST_STEP][PASSED] - element1 = driver.findElement(By.xpath("//span[contains(text(),'Quản lý tài khoản merchant')]")): null

10-10-2024T15:26:00 - [TEST_STEP][PASSED] - actions = new org.openqa.selenium.interactions.Actions(driver): null

10-10-2024T15:26:00 - [TEST_STEP][PASSED] - click().perform(): null

10-10-2024T15:26:01 - [TEST_STEP][PASSED] - wait = new org.openqa.selenium.support.ui.WebDriverWait(com.kms.katalon.core.webui.driver.DriverFactory.getWebDriver(), 15): null

10-10-2024T15:26:01 - [TEST_STEP][PASSED] - xpath(xpathManagerListAccount))).click(): null

10-10-2024T15:26:02 - [MESSAGE][PASSED] - Call Test Case 'Test Cases/Quản lý tài khoản merchant/Quản lý danh sách tài khoản/CustomFunctions Deposit' successfully

10-10-2024T15:26:02 - [TEST_STEP][PASSED] - wait = new org.openqa.selenium.support.ui.WebDriverWait(com.kms.katalon.core.webui.driver.DriverFactory.getWebDriver(), 20): null

10-10-2024T15:26:02 - [TEST_STEP][PASSED] - userCode = wait.until(ExpectedConditions.visibilityOfElementLocated(By.xpath(xpathUserCode))): null

10-10-2024T15:26:12 - [TEST_STEP][PASSED] - println(userCode.getText()): null

10-10-2024T15:26:12 - [TEST_STEP][PASSED] - xpath(xpathBtnAccount))).click(): null

10-10-2024T15:26:13 - [TEST_STEP][PASSED] - searchTextbox = wait.until(ExpectedConditions.elementToBeClickable(By.xpath(xpathSearchTextbox))): null

10-10-2024T15:26:13 - [TEST_STEP][PASSED] - searchTextbox.sendKeys("dannt11"): null

10-10-2024T15:26:14 - [TEST_STEP][PASSED] - xpath(xpathOption)).click(): null

10-10-2024T15:26:15 - [TEST_STEP][PASSED] - xpath(xpathBtnSearch)).click(): null

10-10-2024T15:26:15 - [TEST_STEP][PASSED] - wait.until(ExpectedConditions.visibilityOfElementLocated(By.xpath(xpathAccountName))): null

10-10-2024T15:26:16 - [TEST_STEP][PASSED] - Assert.assertEquals(xpath(xpathAccountName)).getText(), username): null

10-10-2024T15:26:16 - [TEST_STEP][PASSED] - xpath(xpathBtnDeposit)).click(): null

10-10-2024T15:26:17 - [TEST_STEP][PASSED] - textFiled = wait.until(ExpectedConditions.visibilityOfElementLocated(By.xpath(xpathTextAccount))): null

10-10-2024T15:26:28 - [TEST_STEP][PASSED] - xpath(xpathBtnContinue)).click(): null

10-10-2024T15:26:29 - [TEST_STEP][PASSED] - Assert.assertEquals(xpath(xpathErrorWallet)).getText(), errorWallet): null

10-10-2024T15:26:29 - [TEST_STEP][PASSED] - Start listener action : sampleAfterTestCase: null

10-10-2024T15:26:29 - [TEST_STEP][PASSED] - testCaseId = testCaseContext.getTestCaseId(): null

10-10-2024T15:26:29 - [TEST_STEP][PASSED] - if (testCaseId == "Test Cases/Quản lý tài khoản merchant/Quản lý dịch vụ merchant/Kiểm tra chức năng xác nhận cấu hình thay đổi VA"): null]]></system-out>
         <system-err><![CDATA[]]></system-err>
      </testcase>
      <testcase name="Test Cases/Quản lý tài khoản merchant/Quản lý danh sách tài khoản/Nạp tiền/TC_03_Kiểm tra khi chọn ví và không chọn kì đối soát" time="32.973" classname="Test Cases/Quản lý tài khoản merchant/Quản lý danh sách tài khoản/Nạp tiền/TC_03_Kiểm tra khi chọn ví và không chọn kì đối soát" status="PASSED">
         <system-out><![CDATA[10-10-2024T15:26:29 - [TEST_CASE][PASSED] - Test Cases/Quản lý tài khoản merchant/Quản lý danh sách tài khoản/Nạp tiền/TC_03_Kiểm tra khi chọn ví và không chọn kì đối soát: Test Cases/Quản lý tài khoản merchant/Quản lý danh sách tài khoản/Nạp tiền/TC_03_Kiểm tra khi chọn ví và không chọn kì đối soát

10-10-2024T15:26:29 - [TEST_STEP][PASSED] - Start listener action : sampleBeforeTestCase: Navigate to 'https://stg-cms-console.9pay.mobi/login' successfully

10-10-2024T15:26:29 - [TEST_STEP][PASSED] - testCaseId = testCaseContext.getTestCaseId(): null

10-10-2024T15:26:29 - [TEST_STEP][PASSED] - url = <not implemented yet for class: org.codehaus.groovy.ast.expr.EmptyExpression>: null

10-10-2024T15:26:29 - [TEST_STEP][PASSED] - if (testCaseId == "Test Cases/Quản lý tài khoản merchant/Quản lý dịch vụ merchant/Kiểm tra thay đổi sau khi cấu hình VA trên MCV"): null

10-10-2024T15:26:29 - [TEST_STEP][PASSED] - else: null

10-10-2024T15:26:29 - [TEST_STEP][PASSED] - url = "https://stg-cms-console.9pay.mobi/login": null

10-10-2024T15:26:29 - [TEST_STEP][PASSED] - openBrowser(""): Browser is opened with url: ''

10-10-2024T15:26:29 - [MESSAGE][WARNING] - A browser is already opened. Closing browser and opening a new one

10-10-2024T15:26:30 - [MESSAGE][INFO] - Starting 'Chrome' driver

10-10-2024T15:26:30 - [MESSAGE][INFO] - Action delay is set to 0 milliseconds

10-10-2024T15:26:34 - [MESSAGE][PASSED] - Browser is opened with url: ''

10-10-2024T15:26:34 - [TEST_STEP][PASSED] - maximizeWindow(): Current window maximized

10-10-2024T15:26:34 - [MESSAGE][PASSED] - Current window maximized

10-10-2024T15:26:34 - [TEST_STEP][PASSED] - navigateToUrl(url): Navigate to 'https://stg-cms-console.9pay.mobi/login' successfully

10-10-2024T15:26:39 - [MESSAGE][PASSED] - Navigate to 'https://stg-cms-console.9pay.mobi/login' successfully

10-10-2024T15:26:39 - [TEST_STEP][PASSED] - driver = getWebDriver(): null

10-10-2024T15:26:39 - [TEST_STEP][PASSED] - callTestCase(findTestCase("Test Cases/Login/LoginCommon"), [:], STOP_ON_FAILURE): Call Test Case 'Test Cases/Login/LoginCommon' successfully

10-10-2024T15:26:39 - [TEST_CASE][PASSED] - Test Cases/Login/LoginCommon: Test Cases/Login/LoginCommon

10-10-2024T15:26:39 - [TEST_STEP][PASSED] - driver = getWebDriver(): null

10-10-2024T15:26:39 - [TEST_STEP][PASSED] - sendKeys(findTestObject("Quản lý tài khoản merchant/Quản lý dịch vụ merchant/userNameTextbox"), userAccount): Keys 'dannt@9pay.vn' sent to object: 'Object Repository/Quản lý tài khoản merchant/Quản lý dịch vụ merchant/userNameTextbox'

10-10-2024T15:26:40 - [MESSAGE][PASSED] - Keys 'dannt@9pay.vn' sent to object: 'Object Repository/Quản lý tài khoản merchant/Quản lý dịch vụ merchant/userNameTextbox'

10-10-2024T15:26:40 - [TEST_STEP][PASSED] - sendKeys(findTestObject("Quản lý tài khoản merchant/Quản lý dịch vụ merchant/passwordTextbox"), password): Keys 'dannt@9pay.vn' sent to object: 'Object Repository/Quản lý tài khoản merchant/Quản lý dịch vụ merchant/passwordTextbox'

10-10-2024T15:26:40 - [MESSAGE][PASSED] - Keys 'dannt@9pay.vn' sent to object: 'Object Repository/Quản lý tài khoản merchant/Quản lý dịch vụ merchant/passwordTextbox'

10-10-2024T15:26:40 - [TEST_STEP][PASSED] - click(findTestObject("Quản lý tài khoản merchant/Quản lý dịch vụ merchant/loginButton")): Object: 'Object Repository/Quản lý tài khoản merchant/Quản lý dịch vụ merchant/loginButton' is clicked on

10-10-2024T15:26:40 - [MESSAGE][PASSED] - Object: 'Object Repository/Quản lý tài khoản merchant/Quản lý dịch vụ merchant/loginButton' is clicked on

10-10-2024T15:26:40 - [MESSAGE][PASSED] - Call Test Case 'Test Cases/Login/LoginCommon' successfully

10-10-2024T15:26:40 - [TEST_STEP][PASSED] - waitForElementVisible(findTestObject("Trang chủ/userName"), 20, STOP_ON_FAILURE): Object 'Object Repository/Trang chủ/userName' is visible

10-10-2024T15:26:43 - [MESSAGE][PASSED] - Object 'Object Repository/Trang chủ/userName' is visible

10-10-2024T15:26:43 - [TEST_STEP][PASSED] - callTestCase(findTestCase("Test Cases/Quản lý tài khoản merchant/Quản lý danh sách tài khoản/CustomFunctions Deposit"), [:], STOP_ON_FAILURE): Call Test Case 'Test Cases/Quản lý tài khoản merchant/Quản lý danh sách tài khoản/CustomFunctions Deposit' successfully

10-10-2024T15:26:43 - [TEST_CASE][PASSED] - Test Cases/Quản lý tài khoản merchant/Quản lý danh sách tài khoản/CustomFunctions Deposit: Test Cases/Quản lý tài khoản merchant/Quản lý danh sách tài khoản/CustomFunctions Deposit

10-10-2024T15:26:43 - [TEST_STEP][PASSED] - driver = getWebDriver(): null

10-10-2024T15:26:43 - [TEST_STEP][PASSED] - element1 = driver.findElement(By.xpath("//span[contains(text(),'Quản lý tài khoản merchant')]")): null

10-10-2024T15:26:45 - [TEST_STEP][PASSED] - actions = new org.openqa.selenium.interactions.Actions(driver): null

10-10-2024T15:26:45 - [TEST_STEP][PASSED] - click().perform(): null

10-10-2024T15:26:45 - [TEST_STEP][PASSED] - wait = new org.openqa.selenium.support.ui.WebDriverWait(com.kms.katalon.core.webui.driver.DriverFactory.getWebDriver(), 15): null

10-10-2024T15:26:45 - [TEST_STEP][PASSED] - xpath(xpathManagerListAccount))).click(): null

10-10-2024T15:26:46 - [MESSAGE][PASSED] - Call Test Case 'Test Cases/Quản lý tài khoản merchant/Quản lý danh sách tài khoản/CustomFunctions Deposit' successfully

10-10-2024T15:26:46 - [TEST_STEP][PASSED] - wait = new org.openqa.selenium.support.ui.WebDriverWait(com.kms.katalon.core.webui.driver.DriverFactory.getWebDriver(), 20): null

10-10-2024T15:26:46 - [TEST_STEP][PASSED] - xpath(xpathBtnAccount))).click(): null

10-10-2024T15:26:50 - [TEST_STEP][PASSED] - searchTextbox = wait.until(ExpectedConditions.elementToBeClickable(By.xpath(xpathSearchTextbox))): null

10-10-2024T15:26:51 - [TEST_STEP][PASSED] - searchTextbox.sendKeys("dannt11"): null

10-10-2024T15:26:52 - [TEST_STEP][PASSED] - xpath(xpathOption)).click(): null

10-10-2024T15:26:52 - [TEST_STEP][PASSED] - xpath(xpathBtnSearch)).click(): null

10-10-2024T15:26:53 - [TEST_STEP][PASSED] - wait.until(ExpectedConditions.visibilityOfElementLocated(By.xpath(xpathAccountName))): null

10-10-2024T15:26:53 - [TEST_STEP][PASSED] - Assert.assertEquals(xpath(xpathAccountName)).getText(), username): null

10-10-2024T15:26:54 - [TEST_STEP][PASSED] - xpath(xpathBtnDeposit)).click(): null

10-10-2024T15:26:55 - [TEST_STEP][PASSED] - wait.until(ExpectedConditions.visibilityOfElementLocated(By.xpath(xpathTextAccount))): null

10-10-2024T15:27:01 - [TEST_STEP][PASSED] - xpath(xpathChonVi)).click(): null

10-10-2024T15:27:01 - [TEST_STEP][PASSED] - xpath(xpathThuHo3)).click(): null

10-10-2024T15:27:01 - [TEST_STEP][PASSED] - xpath(xpathBtnContinue)).click(): null

10-10-2024T15:27:02 - [TEST_STEP][PASSED] - Assert.assertEquals(xpath(xpathChonKiDoiSoat)).getText(), "Vui lòng chọn kỳ đối soát"): null

10-10-2024T15:27:02 - [TEST_STEP][PASSED] - Start listener action : sampleAfterTestCase: null

10-10-2024T15:27:02 - [TEST_STEP][PASSED] - testCaseId = testCaseContext.getTestCaseId(): null

10-10-2024T15:27:02 - [TEST_STEP][PASSED] - if (testCaseId == "Test Cases/Quản lý tài khoản merchant/Quản lý dịch vụ merchant/Kiểm tra chức năng xác nhận cấu hình thay đổi VA"): null]]></system-out>
         <system-err><![CDATA[]]></system-err>
      </testcase>
      <testcase name="Test Cases/Quản lý tài khoản merchant/Quản lý danh sách tài khoản/Nạp tiền/TC_04_Không nhập số tiền và nhấn Xác nhận" time="38.735" classname="Test Cases/Quản lý tài khoản merchant/Quản lý danh sách tài khoản/Nạp tiền/TC_04_Không nhập số tiền và nhấn Xác nhận" status="PASSED">
         <system-out><![CDATA[10-10-2024T15:27:02 - [TEST_CASE][PASSED] - Test Cases/Quản lý tài khoản merchant/Quản lý danh sách tài khoản/Nạp tiền/TC_04_Không nhập số tiền và nhấn Xác nhận: Test Cases/Quản lý tài khoản merchant/Quản lý danh sách tài khoản/Nạp tiền/TC_04_Không nhập số tiền và nhấn Xác nhận

10-10-2024T15:27:02 - [TEST_STEP][PASSED] - Start listener action : sampleBeforeTestCase: Navigate to 'https://stg-cms-console.9pay.mobi/login' successfully

10-10-2024T15:27:02 - [TEST_STEP][PASSED] - testCaseId = testCaseContext.getTestCaseId(): null

10-10-2024T15:27:02 - [TEST_STEP][PASSED] - url = <not implemented yet for class: org.codehaus.groovy.ast.expr.EmptyExpression>: null

10-10-2024T15:27:02 - [TEST_STEP][PASSED] - if (testCaseId == "Test Cases/Quản lý tài khoản merchant/Quản lý dịch vụ merchant/Kiểm tra thay đổi sau khi cấu hình VA trên MCV"): null

10-10-2024T15:27:02 - [TEST_STEP][PASSED] - else: null

10-10-2024T15:27:02 - [TEST_STEP][PASSED] - url = "https://stg-cms-console.9pay.mobi/login": null

10-10-2024T15:27:02 - [TEST_STEP][PASSED] - openBrowser(""): Browser is opened with url: ''

10-10-2024T15:27:02 - [MESSAGE][WARNING] - A browser is already opened. Closing browser and opening a new one

10-10-2024T15:27:03 - [MESSAGE][INFO] - Starting 'Chrome' driver

10-10-2024T15:27:03 - [MESSAGE][INFO] - Action delay is set to 0 milliseconds

10-10-2024T15:27:05 - [MESSAGE][PASSED] - Browser is opened with url: ''

10-10-2024T15:27:05 - [TEST_STEP][PASSED] - maximizeWindow(): Current window maximized

10-10-2024T15:27:05 - [MESSAGE][PASSED] - Current window maximized

10-10-2024T15:27:05 - [TEST_STEP][PASSED] - navigateToUrl(url): Navigate to 'https://stg-cms-console.9pay.mobi/login' successfully

10-10-2024T15:27:10 - [MESSAGE][PASSED] - Navigate to 'https://stg-cms-console.9pay.mobi/login' successfully

10-10-2024T15:27:10 - [TEST_STEP][PASSED] - driver = getWebDriver(): null

10-10-2024T15:27:10 - [TEST_STEP][PASSED] - callTestCase(findTestCase("Test Cases/Login/LoginCommon"), [:], STOP_ON_FAILURE): Call Test Case 'Test Cases/Login/LoginCommon' successfully

10-10-2024T15:27:11 - [TEST_CASE][PASSED] - Test Cases/Login/LoginCommon: Test Cases/Login/LoginCommon

10-10-2024T15:27:11 - [TEST_STEP][PASSED] - driver = getWebDriver(): null

10-10-2024T15:27:11 - [TEST_STEP][PASSED] - sendKeys(findTestObject("Quản lý tài khoản merchant/Quản lý dịch vụ merchant/userNameTextbox"), userAccount): Keys 'dannt@9pay.vn' sent to object: 'Object Repository/Quản lý tài khoản merchant/Quản lý dịch vụ merchant/userNameTextbox'

10-10-2024T15:27:11 - [MESSAGE][PASSED] - Keys 'dannt@9pay.vn' sent to object: 'Object Repository/Quản lý tài khoản merchant/Quản lý dịch vụ merchant/userNameTextbox'

10-10-2024T15:27:11 - [TEST_STEP][PASSED] - sendKeys(findTestObject("Quản lý tài khoản merchant/Quản lý dịch vụ merchant/passwordTextbox"), password): Keys 'dannt@9pay.vn' sent to object: 'Object Repository/Quản lý tài khoản merchant/Quản lý dịch vụ merchant/passwordTextbox'

10-10-2024T15:27:12 - [MESSAGE][PASSED] - Keys 'dannt@9pay.vn' sent to object: 'Object Repository/Quản lý tài khoản merchant/Quản lý dịch vụ merchant/passwordTextbox'

10-10-2024T15:27:12 - [TEST_STEP][PASSED] - click(findTestObject("Quản lý tài khoản merchant/Quản lý dịch vụ merchant/loginButton")): Object: 'Object Repository/Quản lý tài khoản merchant/Quản lý dịch vụ merchant/loginButton' is clicked on

10-10-2024T15:27:12 - [MESSAGE][PASSED] - Object: 'Object Repository/Quản lý tài khoản merchant/Quản lý dịch vụ merchant/loginButton' is clicked on

10-10-2024T15:27:12 - [MESSAGE][PASSED] - Call Test Case 'Test Cases/Login/LoginCommon' successfully

10-10-2024T15:27:12 - [TEST_STEP][PASSED] - waitForElementVisible(findTestObject("Trang chủ/userName"), 20, STOP_ON_FAILURE): Object 'Object Repository/Trang chủ/userName' is visible

10-10-2024T15:27:14 - [MESSAGE][PASSED] - Object 'Object Repository/Trang chủ/userName' is visible

10-10-2024T15:27:14 - [TEST_STEP][PASSED] - callTestCase(findTestCase("Test Cases/Quản lý tài khoản merchant/Quản lý danh sách tài khoản/CustomFunctions Deposit"), [:], STOP_ON_FAILURE): Call Test Case 'Test Cases/Quản lý tài khoản merchant/Quản lý danh sách tài khoản/CustomFunctions Deposit' successfully

10-10-2024T15:27:14 - [TEST_CASE][PASSED] - Test Cases/Quản lý tài khoản merchant/Quản lý danh sách tài khoản/CustomFunctions Deposit: Test Cases/Quản lý tài khoản merchant/Quản lý danh sách tài khoản/CustomFunctions Deposit

10-10-2024T15:27:15 - [TEST_STEP][PASSED] - driver = getWebDriver(): null

10-10-2024T15:27:15 - [TEST_STEP][PASSED] - element1 = driver.findElement(By.xpath("//span[contains(text(),'Quản lý tài khoản merchant')]")): null

10-10-2024T15:27:16 - [TEST_STEP][PASSED] - actions = new org.openqa.selenium.interactions.Actions(driver): null

10-10-2024T15:27:16 - [TEST_STEP][PASSED] - click().perform(): null

10-10-2024T15:27:17 - [TEST_STEP][PASSED] - wait = new org.openqa.selenium.support.ui.WebDriverWait(com.kms.katalon.core.webui.driver.DriverFactory.getWebDriver(), 15): null

10-10-2024T15:27:17 - [TEST_STEP][PASSED] - xpath(xpathManagerListAccount))).click(): null

10-10-2024T15:27:17 - [MESSAGE][PASSED] - Call Test Case 'Test Cases/Quản lý tài khoản merchant/Quản lý danh sách tài khoản/CustomFunctions Deposit' successfully

10-10-2024T15:27:17 - [TEST_STEP][PASSED] - wait = new org.openqa.selenium.support.ui.WebDriverWait(com.kms.katalon.core.webui.driver.DriverFactory.getWebDriver(), 20): null

10-10-2024T15:27:17 - [TEST_STEP][PASSED] - userCode = wait.until(ExpectedConditions.visibilityOfElementLocated(By.xpath(xpathUserCode))): null

10-10-2024T15:27:21 - [TEST_STEP][PASSED] - xpath(xpathBtnAccount))).click(): null

10-10-2024T15:27:22 - [TEST_STEP][PASSED] - searchTextbox = wait.until(ExpectedConditions.elementToBeClickable(By.xpath(xpathSearchTextbox))): null

10-10-2024T15:27:22 - [TEST_STEP][PASSED] - searchTextbox.sendKeys(username): null

10-10-2024T15:27:23 - [TEST_STEP][PASSED] - xpath(xpathOption)).click(): null

10-10-2024T15:27:23 - [TEST_STEP][PASSED] - xpath(xpathBtnSearch)).click(): null

10-10-2024T15:27:24 - [TEST_STEP][PASSED] - wait.until(ExpectedConditions.visibilityOfElementLocated(By.xpath(xpathAccountName))): null

10-10-2024T15:27:24 - [TEST_STEP][PASSED] - xpath(xpathBtnDeposit)).click(): null

10-10-2024T15:27:26 - [TEST_STEP][PASSED] - wait.until(ExpectedConditions.visibilityOfElementLocated(By.xpath(xpathTextAccount))): null

10-10-2024T15:27:36 - [TEST_STEP][PASSED] - xpath(xpathChonVi)).click(): null

10-10-2024T15:27:36 - [TEST_STEP][PASSED] - xpath(xpathThuHo3)).click(): null

10-10-2024T15:27:37 - [TEST_STEP][PASSED] - xpath(xpathDay)).click(): null

10-10-2024T15:27:37 - [TEST_STEP][PASSED] - xpath(xpathHomQua)).click(): null

10-10-2024T15:27:38 - [TEST_STEP][PASSED] - xpath(xpathBtnContinue)).click(): null

10-10-2024T15:27:38 - [TEST_STEP][PASSED] - xpath(xpathCfBtn)).click(): null

10-10-2024T15:27:39 - [TEST_STEP][PASSED] - xpath(xpathConfirm)).click(): null

10-10-2024T15:27:40 - [TEST_STEP][PASSED] - errorNoti = xpath(xpathThamSoSai))).getText(): null

10-10-2024T15:27:40 - [TEST_STEP][PASSED] - Assert.assertEquals(errorNoti, "Tham số không hợp lệ"): null

10-10-2024T15:27:40 - [TEST_STEP][PASSED] - xpath(xpathDepositOkBtn)).click(): null

10-10-2024T15:27:41 - [TEST_STEP][PASSED] - Assert.assertEquals(xpath(xpathErrorDeposit1)).getText(), "Vui lòng nhập số tiền."): null

10-10-2024T15:27:41 - [TEST_STEP][PASSED] - Start listener action : sampleAfterTestCase: null

10-10-2024T15:27:41 - [TEST_STEP][PASSED] - testCaseId = testCaseContext.getTestCaseId(): null

10-10-2024T15:27:41 - [TEST_STEP][PASSED] - if (testCaseId == "Test Cases/Quản lý tài khoản merchant/Quản lý dịch vụ merchant/Kiểm tra chức năng xác nhận cấu hình thay đổi VA"): null]]></system-out>
         <system-err><![CDATA[]]></system-err>
      </testcase>
      <testcase name="Test Cases/Quản lý tài khoản merchant/Quản lý danh sách tài khoản/Nạp tiền/TC_05_Nhập số tiền là ký tự đặc biệt và chữ nhấn Xác Nhận" time="44.078" classname="Test Cases/Quản lý tài khoản merchant/Quản lý danh sách tài khoản/Nạp tiền/TC_05_Nhập số tiền là ký tự đặc biệt và chữ nhấn Xác Nhận" status="PASSED">
         <system-out><![CDATA[10-10-2024T15:27:41 - [TEST_CASE][PASSED] - Test Cases/Quản lý tài khoản merchant/Quản lý danh sách tài khoản/Nạp tiền/TC_05_Nhập số tiền là ký tự đặc biệt và chữ nhấn Xác Nhận: Test Cases/Quản lý tài khoản merchant/Quản lý danh sách tài khoản/Nạp tiền/TC_05_Nhập số tiền là ký tự đặc biệt và chữ nhấn Xác Nhận

10-10-2024T15:27:41 - [TEST_STEP][PASSED] - Start listener action : sampleBeforeTestCase: Navigate to 'https://stg-cms-console.9pay.mobi/login' successfully

10-10-2024T15:27:41 - [TEST_STEP][PASSED] - testCaseId = testCaseContext.getTestCaseId(): null

10-10-2024T15:27:41 - [TEST_STEP][PASSED] - url = <not implemented yet for class: org.codehaus.groovy.ast.expr.EmptyExpression>: null

10-10-2024T15:27:41 - [TEST_STEP][PASSED] - if (testCaseId == "Test Cases/Quản lý tài khoản merchant/Quản lý dịch vụ merchant/Kiểm tra thay đổi sau khi cấu hình VA trên MCV"): null

10-10-2024T15:27:41 - [TEST_STEP][PASSED] - else: null

10-10-2024T15:27:41 - [TEST_STEP][PASSED] - url = "https://stg-cms-console.9pay.mobi/login": null

10-10-2024T15:27:41 - [TEST_STEP][PASSED] - openBrowser(""): Browser is opened with url: ''

10-10-2024T15:27:41 - [MESSAGE][WARNING] - A browser is already opened. Closing browser and opening a new one

10-10-2024T15:27:41 - [MESSAGE][INFO] - Starting 'Chrome' driver

10-10-2024T15:27:41 - [MESSAGE][INFO] - Action delay is set to 0 milliseconds

10-10-2024T15:27:44 - [MESSAGE][PASSED] - Browser is opened with url: ''

10-10-2024T15:27:44 - [TEST_STEP][PASSED] - maximizeWindow(): Current window maximized

10-10-2024T15:27:44 - [MESSAGE][PASSED] - Current window maximized

10-10-2024T15:27:44 - [TEST_STEP][PASSED] - navigateToUrl(url): Navigate to 'https://stg-cms-console.9pay.mobi/login' successfully

10-10-2024T15:27:48 - [MESSAGE][PASSED] - Navigate to 'https://stg-cms-console.9pay.mobi/login' successfully

10-10-2024T15:27:48 - [TEST_STEP][PASSED] - driver = getWebDriver(): null

10-10-2024T15:27:48 - [TEST_STEP][PASSED] - callTestCase(findTestCase("Test Cases/Login/LoginCommon"), [:], STOP_ON_FAILURE): Call Test Case 'Test Cases/Login/LoginCommon' successfully

10-10-2024T15:27:48 - [TEST_CASE][PASSED] - Test Cases/Login/LoginCommon: Test Cases/Login/LoginCommon

10-10-2024T15:27:48 - [TEST_STEP][PASSED] - driver = getWebDriver(): null

10-10-2024T15:27:48 - [TEST_STEP][PASSED] - sendKeys(findTestObject("Quản lý tài khoản merchant/Quản lý dịch vụ merchant/userNameTextbox"), userAccount): Keys 'dannt@9pay.vn' sent to object: 'Object Repository/Quản lý tài khoản merchant/Quản lý dịch vụ merchant/userNameTextbox'

10-10-2024T15:27:49 - [MESSAGE][PASSED] - Keys 'dannt@9pay.vn' sent to object: 'Object Repository/Quản lý tài khoản merchant/Quản lý dịch vụ merchant/userNameTextbox'

10-10-2024T15:27:49 - [TEST_STEP][PASSED] - sendKeys(findTestObject("Quản lý tài khoản merchant/Quản lý dịch vụ merchant/passwordTextbox"), password): Keys 'dannt@9pay.vn' sent to object: 'Object Repository/Quản lý tài khoản merchant/Quản lý dịch vụ merchant/passwordTextbox'

10-10-2024T15:27:49 - [MESSAGE][PASSED] - Keys 'dannt@9pay.vn' sent to object: 'Object Repository/Quản lý tài khoản merchant/Quản lý dịch vụ merchant/passwordTextbox'

10-10-2024T15:27:49 - [TEST_STEP][PASSED] - click(findTestObject("Quản lý tài khoản merchant/Quản lý dịch vụ merchant/loginButton")): Object: 'Object Repository/Quản lý tài khoản merchant/Quản lý dịch vụ merchant/loginButton' is clicked on

10-10-2024T15:27:50 - [MESSAGE][PASSED] - Object: 'Object Repository/Quản lý tài khoản merchant/Quản lý dịch vụ merchant/loginButton' is clicked on

10-10-2024T15:27:50 - [MESSAGE][PASSED] - Call Test Case 'Test Cases/Login/LoginCommon' successfully

10-10-2024T15:27:50 - [TEST_STEP][PASSED] - waitForElementVisible(findTestObject("Trang chủ/userName"), 20, STOP_ON_FAILURE): Object 'Object Repository/Trang chủ/userName' is visible

10-10-2024T15:27:52 - [MESSAGE][PASSED] - Object 'Object Repository/Trang chủ/userName' is visible

10-10-2024T15:27:52 - [TEST_STEP][PASSED] - callTestCase(findTestCase("Test Cases/Quản lý tài khoản merchant/Quản lý danh sách tài khoản/CustomFunctions Deposit"), [:], STOP_ON_FAILURE): Call Test Case 'Test Cases/Quản lý tài khoản merchant/Quản lý danh sách tài khoản/CustomFunctions Deposit' successfully

10-10-2024T15:27:52 - [TEST_CASE][PASSED] - Test Cases/Quản lý tài khoản merchant/Quản lý danh sách tài khoản/CustomFunctions Deposit: Test Cases/Quản lý tài khoản merchant/Quản lý danh sách tài khoản/CustomFunctions Deposit

10-10-2024T15:27:52 - [TEST_STEP][PASSED] - driver = getWebDriver(): null

10-10-2024T15:27:52 - [TEST_STEP][PASSED] - element1 = driver.findElement(By.xpath("//span[contains(text(),'Quản lý tài khoản merchant')]")): null

10-10-2024T15:27:54 - [TEST_STEP][PASSED] - actions = new org.openqa.selenium.interactions.Actions(driver): null

10-10-2024T15:27:54 - [TEST_STEP][PASSED] - click().perform(): null

10-10-2024T15:27:54 - [TEST_STEP][PASSED] - wait = new org.openqa.selenium.support.ui.WebDriverWait(com.kms.katalon.core.webui.driver.DriverFactory.getWebDriver(), 15): null

10-10-2024T15:27:54 - [TEST_STEP][PASSED] - xpath(xpathManagerListAccount))).click(): null

10-10-2024T15:27:54 - [MESSAGE][PASSED] - Call Test Case 'Test Cases/Quản lý tài khoản merchant/Quản lý danh sách tài khoản/CustomFunctions Deposit' successfully

10-10-2024T15:27:54 - [TEST_STEP][PASSED] - wait = new org.openqa.selenium.support.ui.WebDriverWait(com.kms.katalon.core.webui.driver.DriverFactory.getWebDriver(), 20): null

10-10-2024T15:27:54 - [TEST_STEP][PASSED] - userCode = wait.until(ExpectedConditions.visibilityOfElementLocated(By.xpath(xpathUserCode))): null

10-10-2024T15:27:58 - [TEST_STEP][PASSED] - println(userCode.getText()): null

10-10-2024T15:27:58 - [TEST_STEP][PASSED] - xpath(xpathBtnAccount))).click(): null

10-10-2024T15:27:58 - [TEST_STEP][PASSED] - searchTextbox = wait.until(ExpectedConditions.elementToBeClickable(By.xpath(xpathSearchTextbox))): null

10-10-2024T15:27:59 - [TEST_STEP][PASSED] - searchTextbox.sendKeys(username): null

10-10-2024T15:27:59 - [TEST_STEP][PASSED] - xpath(xpathOption)).click(): null

10-10-2024T15:28:00 - [TEST_STEP][PASSED] - xpath(xpathBtnSearch)).click(): null

10-10-2024T15:28:00 - [TEST_STEP][PASSED] - wait.until(ExpectedConditions.visibilityOfElementLocated(By.xpath(xpathAccountName))): null

10-10-2024T15:28:01 - [TEST_STEP][PASSED] - xpath(xpathBtnDeposit)).click(): null

10-10-2024T15:28:02 - [TEST_STEP][PASSED] - wait.until(ExpectedConditions.visibilityOfElementLocated(By.xpath(xpathTextAccount))): null

10-10-2024T15:28:17 - [TEST_STEP][PASSED] - xpath(xpathChonVi)).click(): null

10-10-2024T15:28:17 - [TEST_STEP][PASSED] - xpath(xpathThuHo3)).click(): null

10-10-2024T15:28:18 - [TEST_STEP][PASSED] - xpath(xpathDay)).click(): null

10-10-2024T15:28:18 - [TEST_STEP][PASSED] - xpath(xpathHomQua)).click(): null

10-10-2024T15:28:19 - [TEST_STEP][PASSED] - xpath(xpathBtnContinue)).click(): null

10-10-2024T15:28:19 - [TEST_STEP][PASSED] - popupDS = wait.until(ExpectedConditions.visibilityOfElementLocated(By.xpath("//p[contains(text(),'Đã tồn tại kỳ đối soát trước đó, Bạn có chắc chắn ')]"))): null

10-10-2024T15:28:20 - [TEST_STEP][PASSED] - Assert.assertEquals(popupDS.getText(), "Đã tồn tại kỳ đối soát trước đó, Bạn có chắc chắn muốn tiếp tục thực hiện giao dịch?"): null

10-10-2024T15:28:20 - [TEST_STEP][PASSED] - xpath("//button[contains(text(),'Đồng ý')]")).click(): null

10-10-2024T15:28:20 - [TEST_STEP][PASSED] - xpath(xpathDepositTextbox)).sendKeys(")(*&&^"): null

10-10-2024T15:28:21 - [TEST_STEP][PASSED] - xpath(xpathButtonSubmit)).click(): null

10-10-2024T15:28:21 - [TEST_STEP][PASSED] - errorNoti = xpath(xpathThamSoSai))).getText(): null

10-10-2024T15:28:22 - [TEST_STEP][PASSED] - Assert.assertEquals(errorNoti, "Tham số không hợp lệ"): null

10-10-2024T15:28:22 - [TEST_STEP][PASSED] - xpath("//button[normalize-space()='Ok']")).click(): null

10-10-2024T15:28:22 - [TEST_STEP][PASSED] - Assert.assertEquals(xpath(xpathLoiAmountLaChu)).getText(), "amount phải là chữ số."): null

10-10-2024T15:28:23 - [TEST_STEP][PASSED] - xpath(xpathDepositTextbox)).clear(): null

10-10-2024T15:28:23 - [TEST_STEP][PASSED] - xpath(xpathDepositTextbox)).sendKeys("NGuyen tien dan"): null

10-10-2024T15:28:24 - [TEST_STEP][PASSED] - xpath(xpathButtonSubmit)).click(): null

10-10-2024T15:28:24 - [TEST_STEP][PASSED] - errorNoti1 = xpath(xpathThamSoSai))).getText(): null

10-10-2024T15:28:25 - [TEST_STEP][PASSED] - Assert.assertEquals(errorNoti1, "Tham số không hợp lệ"): null

10-10-2024T15:28:25 - [TEST_STEP][PASSED] - xpath(xpathDepositOkBtn)).click(): null

10-10-2024T15:28:25 - [TEST_STEP][PASSED] - Assert.assertEquals(xpath(xpathLoiAmountLaChu)).getText(), "amount phải là chữ số."): null

10-10-2024T15:28:25 - [TEST_STEP][PASSED] - Start listener action : sampleAfterTestCase: null

10-10-2024T15:28:25 - [TEST_STEP][PASSED] - testCaseId = testCaseContext.getTestCaseId(): null

10-10-2024T15:28:25 - [TEST_STEP][PASSED] - if (testCaseId == "Test Cases/Quản lý tài khoản merchant/Quản lý dịch vụ merchant/Kiểm tra chức năng xác nhận cấu hình thay đổi VA"): null]]></system-out>
         <system-err><![CDATA[]]></system-err>
      </testcase>
      <testcase name="Test Cases/Quản lý tài khoản merchant/Quản lý danh sách tài khoản/Nạp tiền/TC_06_KIểm tra khi nhập số tiền đúng và nhấn xác nhận" time="39.816" classname="Test Cases/Quản lý tài khoản merchant/Quản lý danh sách tài khoản/Nạp tiền/TC_06_KIểm tra khi nhập số tiền đúng và nhấn xác nhận" status="PASSED">
         <system-out><![CDATA[10-10-2024T15:28:25 - [TEST_CASE][PASSED] - Test Cases/Quản lý tài khoản merchant/Quản lý danh sách tài khoản/Nạp tiền/TC_06_KIểm tra khi nhập số tiền đúng và nhấn xác nhận: Test Cases/Quản lý tài khoản merchant/Quản lý danh sách tài khoản/Nạp tiền/TC_06_KIểm tra khi nhập số tiền đúng và nhấn xác nhận

10-10-2024T15:28:25 - [TEST_STEP][PASSED] - Start listener action : sampleBeforeTestCase: Navigate to 'https://stg-cms-console.9pay.mobi/login' successfully

10-10-2024T15:28:25 - [TEST_STEP][PASSED] - testCaseId = testCaseContext.getTestCaseId(): null

10-10-2024T15:28:25 - [TEST_STEP][PASSED] - url = <not implemented yet for class: org.codehaus.groovy.ast.expr.EmptyExpression>: null

10-10-2024T15:28:25 - [TEST_STEP][PASSED] - if (testCaseId == "Test Cases/Quản lý tài khoản merchant/Quản lý dịch vụ merchant/Kiểm tra thay đổi sau khi cấu hình VA trên MCV"): null

10-10-2024T15:28:25 - [TEST_STEP][PASSED] - else: null

10-10-2024T15:28:25 - [TEST_STEP][PASSED] - url = "https://stg-cms-console.9pay.mobi/login": null

10-10-2024T15:28:25 - [TEST_STEP][PASSED] - openBrowser(""): Browser is opened with url: ''

10-10-2024T15:28:25 - [MESSAGE][WARNING] - A browser is already opened. Closing browser and opening a new one

10-10-2024T15:28:25 - [MESSAGE][INFO] - Starting 'Chrome' driver

10-10-2024T15:28:25 - [MESSAGE][INFO] - Action delay is set to 0 milliseconds

10-10-2024T15:28:28 - [MESSAGE][PASSED] - Browser is opened with url: ''

10-10-2024T15:28:28 - [TEST_STEP][PASSED] - maximizeWindow(): Current window maximized

10-10-2024T15:28:28 - [MESSAGE][PASSED] - Current window maximized

10-10-2024T15:28:28 - [TEST_STEP][PASSED] - navigateToUrl(url): Navigate to 'https://stg-cms-console.9pay.mobi/login' successfully

10-10-2024T15:28:33 - [MESSAGE][PASSED] - Navigate to 'https://stg-cms-console.9pay.mobi/login' successfully

10-10-2024T15:28:33 - [TEST_STEP][PASSED] - driver = getWebDriver(): null

10-10-2024T15:28:33 - [TEST_STEP][PASSED] - callTestCase(findTestCase("Test Cases/Login/LoginCommon"), [:], STOP_ON_FAILURE): Call Test Case 'Test Cases/Login/LoginCommon' successfully

10-10-2024T15:28:33 - [TEST_CASE][PASSED] - Test Cases/Login/LoginCommon: Test Cases/Login/LoginCommon

10-10-2024T15:28:34 - [TEST_STEP][PASSED] - driver = getWebDriver(): null

10-10-2024T15:28:34 - [TEST_STEP][PASSED] - sendKeys(findTestObject("Quản lý tài khoản merchant/Quản lý dịch vụ merchant/userNameTextbox"), userAccount): Keys 'dannt@9pay.vn' sent to object: 'Object Repository/Quản lý tài khoản merchant/Quản lý dịch vụ merchant/userNameTextbox'

10-10-2024T15:28:34 - [MESSAGE][PASSED] - Keys 'dannt@9pay.vn' sent to object: 'Object Repository/Quản lý tài khoản merchant/Quản lý dịch vụ merchant/userNameTextbox'

10-10-2024T15:28:34 - [TEST_STEP][PASSED] - sendKeys(findTestObject("Quản lý tài khoản merchant/Quản lý dịch vụ merchant/passwordTextbox"), password): Keys 'dannt@9pay.vn' sent to object: 'Object Repository/Quản lý tài khoản merchant/Quản lý dịch vụ merchant/passwordTextbox'

10-10-2024T15:28:35 - [MESSAGE][PASSED] - Keys 'dannt@9pay.vn' sent to object: 'Object Repository/Quản lý tài khoản merchant/Quản lý dịch vụ merchant/passwordTextbox'

10-10-2024T15:28:35 - [TEST_STEP][PASSED] - click(findTestObject("Quản lý tài khoản merchant/Quản lý dịch vụ merchant/loginButton")): Object: 'Object Repository/Quản lý tài khoản merchant/Quản lý dịch vụ merchant/loginButton' is clicked on

10-10-2024T15:28:35 - [MESSAGE][PASSED] - Object: 'Object Repository/Quản lý tài khoản merchant/Quản lý dịch vụ merchant/loginButton' is clicked on

10-10-2024T15:28:35 - [MESSAGE][PASSED] - Call Test Case 'Test Cases/Login/LoginCommon' successfully

10-10-2024T15:28:35 - [TEST_STEP][PASSED] - waitForElementVisible(findTestObject("Trang chủ/userName"), 20, STOP_ON_FAILURE): Object 'Object Repository/Trang chủ/userName' is visible

10-10-2024T15:28:37 - [MESSAGE][PASSED] - Object 'Object Repository/Trang chủ/userName' is visible

10-10-2024T15:28:37 - [TEST_STEP][PASSED] - callTestCase(findTestCase("Test Cases/Quản lý tài khoản merchant/Quản lý danh sách tài khoản/CustomFunctions Deposit"), [:], STOP_ON_FAILURE): Call Test Case 'Test Cases/Quản lý tài khoản merchant/Quản lý danh sách tài khoản/CustomFunctions Deposit' successfully

10-10-2024T15:28:37 - [TEST_CASE][PASSED] - Test Cases/Quản lý tài khoản merchant/Quản lý danh sách tài khoản/CustomFunctions Deposit: Test Cases/Quản lý tài khoản merchant/Quản lý danh sách tài khoản/CustomFunctions Deposit

10-10-2024T15:28:37 - [TEST_STEP][PASSED] - driver = getWebDriver(): null

10-10-2024T15:28:37 - [TEST_STEP][PASSED] - element1 = driver.findElement(By.xpath("//span[contains(text(),'Quản lý tài khoản merchant')]")): null

10-10-2024T15:28:39 - [TEST_STEP][PASSED] - actions = new org.openqa.selenium.interactions.Actions(driver): null

10-10-2024T15:28:39 - [TEST_STEP][PASSED] - click().perform(): null

10-10-2024T15:28:39 - [TEST_STEP][PASSED] - wait = new org.openqa.selenium.support.ui.WebDriverWait(com.kms.katalon.core.webui.driver.DriverFactory.getWebDriver(), 15): null

10-10-2024T15:28:39 - [TEST_STEP][PASSED] - xpath(xpathManagerListAccount))).click(): null

10-10-2024T15:28:39 - [MESSAGE][PASSED] - Call Test Case 'Test Cases/Quản lý tài khoản merchant/Quản lý danh sách tài khoản/CustomFunctions Deposit' successfully

10-10-2024T15:28:39 - [TEST_STEP][PASSED] - wait = new org.openqa.selenium.support.ui.WebDriverWait(com.kms.katalon.core.webui.driver.DriverFactory.getWebDriver(), 20): null

10-10-2024T15:28:39 - [TEST_STEP][PASSED] - userCode = wait.until(ExpectedConditions.visibilityOfElementLocated(By.xpath(xpathUserCode))): null

10-10-2024T15:28:43 - [TEST_STEP][PASSED] - println(userCode.getText()): null

10-10-2024T15:28:43 - [TEST_STEP][PASSED] - xpath(xpathBtnAccount))).click(): null

10-10-2024T15:28:44 - [TEST_STEP][PASSED] - searchTextbox = wait.until(ExpectedConditions.elementToBeClickable(By.xpath(xpathSearchTextbox))): null

10-10-2024T15:28:44 - [TEST_STEP][PASSED] - searchTextbox.sendKeys("dannt11"): null

10-10-2024T15:28:45 - [TEST_STEP][PASSED] - xpath(xpathOption)).click(): null

10-10-2024T15:28:45 - [TEST_STEP][PASSED] - xpath(xpathBtnSearch)).click(): null

10-10-2024T15:28:46 - [TEST_STEP][PASSED] - wait.until(ExpectedConditions.visibilityOfElementLocated(By.xpath(xpathAccountName))): null

10-10-2024T15:28:47 - [TEST_STEP][PASSED] - xpath(xpathBtnDeposit)).click(): null

10-10-2024T15:28:48 - [TEST_STEP][PASSED] - wait.until(ExpectedConditions.visibilityOfElementLocated(By.xpath(xpathTextAccount))): null

10-10-2024T15:28:59 - [TEST_STEP][PASSED] - xpath(xpathChonVi)).click(): null

10-10-2024T15:28:59 - [TEST_STEP][PASSED] - xpath(xpathThuHo3)).click(): null

10-10-2024T15:28:59 - [TEST_STEP][PASSED] - xpath(xpathDay)).click(): null

10-10-2024T15:29:00 - [TEST_STEP][PASSED] - xpath(xpathHomNay)).click(): null

10-10-2024T15:29:01 - [TEST_STEP][PASSED] - xpath(xpathBtnContinue)).click(): null

10-10-2024T15:29:01 - [TEST_STEP][PASSED] - popupDS = wait.until(ExpectedConditions.visibilityOfElementLocated(By.xpath(xpathXacNhanKiDS))): null

10-10-2024T15:29:02 - [TEST_STEP][PASSED] - Assert.assertEquals(popupDS.getText(), "Đã tồn tại kỳ đối soát trước đó, Bạn có chắc chắn muốn tiếp tục thực hiện giao dịch?"): null

10-10-2024T15:29:02 - [TEST_STEP][PASSED] - xpath(BtnOkXpath)).click(): null

10-10-2024T15:29:02 - [TEST_STEP][PASSED] - xpath(xpathDepositTextbox)).sendKeys("150000"): null

10-10-2024T15:29:03 - [TEST_STEP][PASSED] - xpath(xpathButtonSubmit)).click(): null

10-10-2024T15:29:03 - [TEST_STEP][PASSED] - TTGD = xpath(xpathTextAfterAccept))).getText(): null

10-10-2024T15:29:05 - [TEST_STEP][PASSED] - Assert.assertEquals(TTGD, "THÔNG TIN GIAO DỊCH"): null

10-10-2024T15:29:05 - [TEST_STEP][PASSED] - Start listener action : sampleAfterTestCase: null

10-10-2024T15:29:05 - [TEST_STEP][PASSED] - testCaseId = testCaseContext.getTestCaseId(): null

10-10-2024T15:29:05 - [TEST_STEP][PASSED] - if (testCaseId == "Test Cases/Quản lý tài khoản merchant/Quản lý dịch vụ merchant/Kiểm tra chức năng xác nhận cấu hình thay đổi VA"): null]]></system-out>
         <system-err><![CDATA[]]></system-err>
      </testcase>
      <testcase name="Test Cases/Quản lý tài khoản merchant/Quản lý danh sách tài khoản/Nạp tiền/TC_07_Nhập số tiền đúng và chọn kì đối soát đã có trước đó và nhấn Huỷ" time="35.781" classname="Test Cases/Quản lý tài khoản merchant/Quản lý danh sách tài khoản/Nạp tiền/TC_07_Nhập số tiền đúng và chọn kì đối soát đã có trước đó và nhấn Huỷ" status="PASSED">
         <system-out><![CDATA[10-10-2024T15:29:05 - [TEST_CASE][PASSED] - Test Cases/Quản lý tài khoản merchant/Quản lý danh sách tài khoản/Nạp tiền/TC_07_Nhập số tiền đúng và chọn kì đối soát đã có trước đó và nhấn Huỷ: Test Cases/Quản lý tài khoản merchant/Quản lý danh sách tài khoản/Nạp tiền/TC_07_Nhập số tiền đúng và chọn kì đối soát đã có trước đó và nhấn Huỷ

10-10-2024T15:29:05 - [TEST_STEP][PASSED] - Start listener action : sampleBeforeTestCase: Navigate to 'https://stg-cms-console.9pay.mobi/login' successfully

10-10-2024T15:29:05 - [TEST_STEP][PASSED] - testCaseId = testCaseContext.getTestCaseId(): null

10-10-2024T15:29:05 - [TEST_STEP][PASSED] - url = <not implemented yet for class: org.codehaus.groovy.ast.expr.EmptyExpression>: null

10-10-2024T15:29:05 - [TEST_STEP][PASSED] - if (testCaseId == "Test Cases/Quản lý tài khoản merchant/Quản lý dịch vụ merchant/Kiểm tra thay đổi sau khi cấu hình VA trên MCV"): null

10-10-2024T15:29:05 - [TEST_STEP][PASSED] - else: null

10-10-2024T15:29:05 - [TEST_STEP][PASSED] - url = "https://stg-cms-console.9pay.mobi/login": null

10-10-2024T15:29:05 - [TEST_STEP][PASSED] - openBrowser(""): Browser is opened with url: ''

10-10-2024T15:29:05 - [MESSAGE][WARNING] - A browser is already opened. Closing browser and opening a new one

10-10-2024T15:29:05 - [MESSAGE][INFO] - Starting 'Chrome' driver

10-10-2024T15:29:05 - [MESSAGE][INFO] - Action delay is set to 0 milliseconds

10-10-2024T15:29:07 - [MESSAGE][PASSED] - Browser is opened with url: ''

10-10-2024T15:29:07 - [TEST_STEP][PASSED] - maximizeWindow(): Current window maximized

10-10-2024T15:29:08 - [MESSAGE][PASSED] - Current window maximized

10-10-2024T15:29:08 - [TEST_STEP][PASSED] - navigateToUrl(url): Navigate to 'https://stg-cms-console.9pay.mobi/login' successfully

10-10-2024T15:29:14 - [MESSAGE][PASSED] - Navigate to 'https://stg-cms-console.9pay.mobi/login' successfully

10-10-2024T15:29:14 - [TEST_STEP][PASSED] - driver = getWebDriver(): null

10-10-2024T15:29:14 - [TEST_STEP][PASSED] - callTestCase(findTestCase("Test Cases/Login/LoginCommon"), [:], STOP_ON_FAILURE): Call Test Case 'Test Cases/Login/LoginCommon' successfully

10-10-2024T15:29:14 - [TEST_CASE][PASSED] - Test Cases/Login/LoginCommon: Test Cases/Login/LoginCommon

10-10-2024T15:29:14 - [TEST_STEP][PASSED] - driver = getWebDriver(): null

10-10-2024T15:29:14 - [TEST_STEP][PASSED] - sendKeys(findTestObject("Quản lý tài khoản merchant/Quản lý dịch vụ merchant/userNameTextbox"), userAccount): Keys 'dannt@9pay.vn' sent to object: 'Object Repository/Quản lý tài khoản merchant/Quản lý dịch vụ merchant/userNameTextbox'

10-10-2024T15:29:15 - [MESSAGE][PASSED] - Keys 'dannt@9pay.vn' sent to object: 'Object Repository/Quản lý tài khoản merchant/Quản lý dịch vụ merchant/userNameTextbox'

10-10-2024T15:29:15 - [TEST_STEP][PASSED] - sendKeys(findTestObject("Quản lý tài khoản merchant/Quản lý dịch vụ merchant/passwordTextbox"), password): Keys 'dannt@9pay.vn' sent to object: 'Object Repository/Quản lý tài khoản merchant/Quản lý dịch vụ merchant/passwordTextbox'

10-10-2024T15:29:15 - [MESSAGE][PASSED] - Keys 'dannt@9pay.vn' sent to object: 'Object Repository/Quản lý tài khoản merchant/Quản lý dịch vụ merchant/passwordTextbox'

10-10-2024T15:29:15 - [TEST_STEP][PASSED] - click(findTestObject("Quản lý tài khoản merchant/Quản lý dịch vụ merchant/loginButton")): Object: 'Object Repository/Quản lý tài khoản merchant/Quản lý dịch vụ merchant/loginButton' is clicked on

10-10-2024T15:29:16 - [MESSAGE][PASSED] - Object: 'Object Repository/Quản lý tài khoản merchant/Quản lý dịch vụ merchant/loginButton' is clicked on

10-10-2024T15:29:16 - [MESSAGE][PASSED] - Call Test Case 'Test Cases/Login/LoginCommon' successfully

10-10-2024T15:29:16 - [TEST_STEP][PASSED] - waitForElementVisible(findTestObject("Trang chủ/userName"), 20, STOP_ON_FAILURE): Object 'Object Repository/Trang chủ/userName' is visible

10-10-2024T15:29:19 - [MESSAGE][PASSED] - Object 'Object Repository/Trang chủ/userName' is visible

10-10-2024T15:29:19 - [TEST_STEP][PASSED] - callTestCase(findTestCase("Test Cases/Quản lý tài khoản merchant/Quản lý danh sách tài khoản/CustomFunctions Deposit"), [:], STOP_ON_FAILURE): Call Test Case 'Test Cases/Quản lý tài khoản merchant/Quản lý danh sách tài khoản/CustomFunctions Deposit' successfully

10-10-2024T15:29:20 - [TEST_CASE][PASSED] - Test Cases/Quản lý tài khoản merchant/Quản lý danh sách tài khoản/CustomFunctions Deposit: Test Cases/Quản lý tài khoản merchant/Quản lý danh sách tài khoản/CustomFunctions Deposit

10-10-2024T15:29:20 - [TEST_STEP][PASSED] - driver = getWebDriver(): null

10-10-2024T15:29:20 - [TEST_STEP][PASSED] - element1 = driver.findElement(By.xpath("//span[contains(text(),'Quản lý tài khoản merchant')]")): null

10-10-2024T15:29:20 - [TEST_STEP][PASSED] - actions = new org.openqa.selenium.interactions.Actions(driver): null

10-10-2024T15:29:20 - [TEST_STEP][PASSED] - click().perform(): null

10-10-2024T15:29:20 - [TEST_STEP][PASSED] - wait = new org.openqa.selenium.support.ui.WebDriverWait(com.kms.katalon.core.webui.driver.DriverFactory.getWebDriver(), 15): null

10-10-2024T15:29:20 - [TEST_STEP][PASSED] - xpath(xpathManagerListAccount))).click(): null

10-10-2024T15:29:21 - [MESSAGE][PASSED] - Call Test Case 'Test Cases/Quản lý tài khoản merchant/Quản lý danh sách tài khoản/CustomFunctions Deposit' successfully

10-10-2024T15:29:21 - [TEST_STEP][PASSED] - wait = new org.openqa.selenium.support.ui.WebDriverWait(com.kms.katalon.core.webui.driver.DriverFactory.getWebDriver(), 20): null

10-10-2024T15:29:21 - [TEST_STEP][PASSED] - userCode = wait.until(ExpectedConditions.visibilityOfElementLocated(By.xpath(xpathUserCode))): null

10-10-2024T15:29:24 - [TEST_STEP][PASSED] - println(userCode.getText()): null

10-10-2024T15:29:24 - [TEST_STEP][PASSED] - xpath(xpathBtnAccount))).click(): null

10-10-2024T15:29:25 - [TEST_STEP][PASSED] - searchTextbox = wait.until(ExpectedConditions.elementToBeClickable(By.xpath(xpathSearchTextbox))): null

10-10-2024T15:29:26 - [TEST_STEP][PASSED] - searchTextbox.sendKeys("dannt11"): null

10-10-2024T15:29:26 - [TEST_STEP][PASSED] - xpath(xpathDannt11)).click(): null

10-10-2024T15:29:26 - [TEST_STEP][PASSED] - xpath(xpathBtnSearch)).click(): null

10-10-2024T15:29:27 - [TEST_STEP][PASSED] - wait.until(ExpectedConditions.visibilityOfElementLocated(By.xpath(xpathAccountName))): null

10-10-2024T15:29:28 - [TEST_STEP][PASSED] - Assert.assertEquals(xpath(xpathAccountName)).getText(), username): null

10-10-2024T15:29:28 - [TEST_STEP][PASSED] - xpath(xpathBtnDeposit)).click(): null

10-10-2024T15:29:29 - [TEST_STEP][PASSED] - wait.until(ExpectedConditions.visibilityOfElementLocated(By.xpath(xpathTextAccount))): null

10-10-2024T15:29:37 - [TEST_STEP][PASSED] - xpath(xpathChonVi)).click(): null

10-10-2024T15:29:37 - [TEST_STEP][PASSED] - xpath(xpathThuHo3)).click(): null

10-10-2024T15:29:37 - [TEST_STEP][PASSED] - xpath(xpathDay)).click(): null

10-10-2024T15:29:38 - [TEST_STEP][PASSED] - xpath(xpathHomNay)).click(): null

10-10-2024T15:29:39 - [TEST_STEP][PASSED] - xpath(xpathBtnContinue)).click(): null

10-10-2024T15:29:39 - [TEST_STEP][PASSED] - popupDS = wait.until(ExpectedConditions.visibilityOfElementLocated(By.xpath(xpathXacNhanKiDS))): null

10-10-2024T15:29:40 - [TEST_STEP][PASSED] - Assert.assertEquals(popupDS.getText(), "Đã tồn tại kỳ đối soát trước đó, Bạn có chắc chắn muốn tiếp tục thực hiện giao dịch?"): null

10-10-2024T15:29:40 - [TEST_STEP][PASSED] - xpath(xpathBtnHuy)).click(): null

10-10-2024T15:29:40 - [TEST_STEP][PASSED] - TTGD = xpath(xpathTitle))).getText(): null

10-10-2024T15:29:41 - [TEST_STEP][PASSED] - Assert.assertEquals(TTGD, "NẠP TIỀN"): null

10-10-2024T15:29:41 - [TEST_STEP][PASSED] - Start listener action : sampleAfterTestCase: null

10-10-2024T15:29:41 - [TEST_STEP][PASSED] - testCaseId = testCaseContext.getTestCaseId(): null

10-10-2024T15:29:41 - [TEST_STEP][PASSED] - if (testCaseId == "Test Cases/Quản lý tài khoản merchant/Quản lý dịch vụ merchant/Kiểm tra chức năng xác nhận cấu hình thay đổi VA"): null]]></system-out>
         <system-err><![CDATA[]]></system-err>
      </testcase>
      <testcase name="Test Cases/Quản lý tài khoản merchant/Quản lý danh sách tài khoản/Nạp tiền/TC_08_Nhập số tiền đúng và chọn kì đối soát đã có trước đó và nhấn xác nhận" time="48.281" classname="Test Cases/Quản lý tài khoản merchant/Quản lý danh sách tài khoản/Nạp tiền/TC_08_Nhập số tiền đúng và chọn kì đối soát đã có trước đó và nhấn xác nhận" status="PASSED">
         <system-out><![CDATA[10-10-2024T15:29:41 - [TEST_CASE][PASSED] - Test Cases/Quản lý tài khoản merchant/Quản lý danh sách tài khoản/Nạp tiền/TC_08_Nhập số tiền đúng và chọn kì đối soát đã có trước đó và nhấn xác nhận: Test Cases/Quản lý tài khoản merchant/Quản lý danh sách tài khoản/Nạp tiền/TC_08_Nhập số tiền đúng và chọn kì đối soát đã có trước đó và nhấn xác nhận

10-10-2024T15:29:41 - [TEST_STEP][PASSED] - Start listener action : sampleBeforeTestCase: Navigate to 'https://stg-cms-console.9pay.mobi/login' successfully

10-10-2024T15:29:41 - [TEST_STEP][PASSED] - testCaseId = testCaseContext.getTestCaseId(): null

10-10-2024T15:29:41 - [TEST_STEP][PASSED] - url = <not implemented yet for class: org.codehaus.groovy.ast.expr.EmptyExpression>: null

10-10-2024T15:29:41 - [TEST_STEP][PASSED] - if (testCaseId == "Test Cases/Quản lý tài khoản merchant/Quản lý dịch vụ merchant/Kiểm tra thay đổi sau khi cấu hình VA trên MCV"): null

10-10-2024T15:29:41 - [TEST_STEP][PASSED] - else: null

10-10-2024T15:29:41 - [TEST_STEP][PASSED] - url = "https://stg-cms-console.9pay.mobi/login": null

10-10-2024T15:29:41 - [TEST_STEP][PASSED] - openBrowser(""): Browser is opened with url: ''

10-10-2024T15:29:41 - [MESSAGE][WARNING] - A browser is already opened. Closing browser and opening a new one

10-10-2024T15:29:41 - [MESSAGE][INFO] - Starting 'Chrome' driver

10-10-2024T15:29:41 - [MESSAGE][INFO] - Action delay is set to 0 milliseconds

10-10-2024T15:29:43 - [MESSAGE][PASSED] - Browser is opened with url: ''

10-10-2024T15:29:43 - [TEST_STEP][PASSED] - maximizeWindow(): Current window maximized

10-10-2024T15:29:44 - [MESSAGE][PASSED] - Current window maximized

10-10-2024T15:29:44 - [TEST_STEP][PASSED] - navigateToUrl(url): Navigate to 'https://stg-cms-console.9pay.mobi/login' successfully

10-10-2024T15:29:48 - [MESSAGE][PASSED] - Navigate to 'https://stg-cms-console.9pay.mobi/login' successfully

10-10-2024T15:29:48 - [TEST_STEP][PASSED] - driver = getWebDriver(): null

10-10-2024T15:29:48 - [TEST_STEP][PASSED] - callTestCase(findTestCase("Test Cases/Login/LoginCommon"), [:], STOP_ON_FAILURE): Call Test Case 'Test Cases/Login/LoginCommon' successfully

10-10-2024T15:29:48 - [TEST_CASE][PASSED] - Test Cases/Login/LoginCommon: Test Cases/Login/LoginCommon

10-10-2024T15:29:48 - [TEST_STEP][PASSED] - driver = getWebDriver(): null

10-10-2024T15:29:48 - [TEST_STEP][PASSED] - sendKeys(findTestObject("Quản lý tài khoản merchant/Quản lý dịch vụ merchant/userNameTextbox"), userAccount): Keys 'dannt@9pay.vn' sent to object: 'Object Repository/Quản lý tài khoản merchant/Quản lý dịch vụ merchant/userNameTextbox'

10-10-2024T15:29:49 - [MESSAGE][PASSED] - Keys 'dannt@9pay.vn' sent to object: 'Object Repository/Quản lý tài khoản merchant/Quản lý dịch vụ merchant/userNameTextbox'

10-10-2024T15:29:49 - [TEST_STEP][PASSED] - sendKeys(findTestObject("Quản lý tài khoản merchant/Quản lý dịch vụ merchant/passwordTextbox"), password): Keys 'dannt@9pay.vn' sent to object: 'Object Repository/Quản lý tài khoản merchant/Quản lý dịch vụ merchant/passwordTextbox'

10-10-2024T15:29:49 - [MESSAGE][PASSED] - Keys 'dannt@9pay.vn' sent to object: 'Object Repository/Quản lý tài khoản merchant/Quản lý dịch vụ merchant/passwordTextbox'

10-10-2024T15:29:49 - [TEST_STEP][PASSED] - click(findTestObject("Quản lý tài khoản merchant/Quản lý dịch vụ merchant/loginButton")): Object: 'Object Repository/Quản lý tài khoản merchant/Quản lý dịch vụ merchant/loginButton' is clicked on

10-10-2024T15:29:50 - [MESSAGE][PASSED] - Object: 'Object Repository/Quản lý tài khoản merchant/Quản lý dịch vụ merchant/loginButton' is clicked on

10-10-2024T15:29:50 - [MESSAGE][PASSED] - Call Test Case 'Test Cases/Login/LoginCommon' successfully

10-10-2024T15:29:50 - [TEST_STEP][PASSED] - waitForElementVisible(findTestObject("Trang chủ/userName"), 20, STOP_ON_FAILURE): Object 'Object Repository/Trang chủ/userName' is visible

10-10-2024T15:29:54 - [MESSAGE][PASSED] - Object 'Object Repository/Trang chủ/userName' is visible

10-10-2024T15:29:54 - [TEST_STEP][PASSED] - callTestCase(findTestCase("Test Cases/Quản lý tài khoản merchant/Quản lý danh sách tài khoản/CustomFunctions Deposit"), [:], STOP_ON_FAILURE): Call Test Case 'Test Cases/Quản lý tài khoản merchant/Quản lý danh sách tài khoản/CustomFunctions Deposit' successfully

10-10-2024T15:29:54 - [TEST_CASE][PASSED] - Test Cases/Quản lý tài khoản merchant/Quản lý danh sách tài khoản/CustomFunctions Deposit: Test Cases/Quản lý tài khoản merchant/Quản lý danh sách tài khoản/CustomFunctions Deposit

10-10-2024T15:29:54 - [TEST_STEP][PASSED] - driver = getWebDriver(): null

10-10-2024T15:29:54 - [TEST_STEP][PASSED] - element1 = driver.findElement(By.xpath("//span[contains(text(),'Quản lý tài khoản merchant')]")): null

10-10-2024T15:29:54 - [TEST_STEP][PASSED] - actions = new org.openqa.selenium.interactions.Actions(driver): null

10-10-2024T15:29:54 - [TEST_STEP][PASSED] - click().perform(): null

10-10-2024T15:29:54 - [TEST_STEP][PASSED] - wait = new org.openqa.selenium.support.ui.WebDriverWait(com.kms.katalon.core.webui.driver.DriverFactory.getWebDriver(), 15): null

10-10-2024T15:29:54 - [TEST_STEP][PASSED] - xpath(xpathManagerListAccount))).click(): null

10-10-2024T15:29:55 - [MESSAGE][PASSED] - Call Test Case 'Test Cases/Quản lý tài khoản merchant/Quản lý danh sách tài khoản/CustomFunctions Deposit' successfully

10-10-2024T15:29:55 - [TEST_STEP][PASSED] - wait = new org.openqa.selenium.support.ui.WebDriverWait(com.kms.katalon.core.webui.driver.DriverFactory.getWebDriver(), 20): null

10-10-2024T15:29:55 - [TEST_STEP][PASSED] - userCode = wait.until(ExpectedConditions.visibilityOfElementLocated(By.xpath(xpathUserCode))): null

10-10-2024T15:29:58 - [TEST_STEP][PASSED] - println(userCode.getText()): null

10-10-2024T15:29:58 - [TEST_STEP][PASSED] - xpath(xpathBtnAccount))).click(): null

10-10-2024T15:29:59 - [TEST_STEP][PASSED] - searchTextbox = wait.until(ExpectedConditions.elementToBeClickable(By.xpath(xpathSearchTextbox))): null

10-10-2024T15:30:00 - [TEST_STEP][PASSED] - searchTextbox.sendKeys("dannt11"): null

10-10-2024T15:30:00 - [TEST_STEP][PASSED] - xpath(xpathOption)).click(): null

10-10-2024T15:30:01 - [TEST_STEP][PASSED] - xpath(xpathBtnSearch)).click(): null

10-10-2024T15:30:01 - [TEST_STEP][PASSED] - wait.until(ExpectedConditions.visibilityOfElementLocated(By.xpath(xpathAccountName))): null

10-10-2024T15:30:06 - [TEST_STEP][PASSED] - xpath(xpathBtnDeposit)).click(): null

10-10-2024T15:30:07 - [TEST_STEP][PASSED] - wait.until(ExpectedConditions.visibilityOfElementLocated(By.xpath(xpathTextAccount))): null

10-10-2024T15:30:23 - [TEST_STEP][PASSED] - xpath(xpathChonVi)).click(): null

10-10-2024T15:30:23 - [TEST_STEP][PASSED] - xpath(xpathThuHo3)).click(): null

10-10-2024T15:30:24 - [TEST_STEP][PASSED] - xpath(xpathDay)).click(): null

10-10-2024T15:30:24 - [TEST_STEP][PASSED] - xpath(xpathHomNay)).click(): null

10-10-2024T15:30:25 - [TEST_STEP][PASSED] - xpath(xpathBtnContinue)).click(): null

10-10-2024T15:30:25 - [TEST_STEP][PASSED] - popupDS = wait.until(ExpectedConditions.visibilityOfElementLocated(By.xpath(xpathXacNhanKiDS))): null

10-10-2024T15:30:26 - [TEST_STEP][PASSED] - Assert.assertEquals(popupDS.getText(), "Đã tồn tại kỳ đối soát trước đó, Bạn có chắc chắn muốn tiếp tục thực hiện giao dịch?"): null

10-10-2024T15:30:26 - [TEST_STEP][PASSED] - Thread.sleep(1000): null

10-10-2024T15:30:27 - [TEST_STEP][PASSED] - xpath(BtnOkXpath)).click(): null

10-10-2024T15:30:27 - [TEST_STEP][PASSED] - xpath(xpathDepositTextbox)).sendKeys("150000"): null

10-10-2024T15:30:28 - [TEST_STEP][PASSED] - xpath(xpathButtonSubmit)).click(): null

10-10-2024T15:30:28 - [TEST_STEP][PASSED] - TTGD = xpath(xpathTextAfterAccept))).getText(): null

10-10-2024T15:30:29 - [TEST_STEP][PASSED] - Assert.assertEquals(TTGD, "THÔNG TIN GIAO DỊCH"): null

10-10-2024T15:30:29 - [TEST_STEP][PASSED] - Start listener action : sampleAfterTestCase: null

10-10-2024T15:30:29 - [TEST_STEP][PASSED] - testCaseId = testCaseContext.getTestCaseId(): null

10-10-2024T15:30:29 - [TEST_STEP][PASSED] - if (testCaseId == "Test Cases/Quản lý tài khoản merchant/Quản lý dịch vụ merchant/Kiểm tra chức năng xác nhận cấu hình thay đổi VA"): null]]></system-out>
         <system-err><![CDATA[]]></system-err>
      </testcase>
      <testcase name="Test Cases/Quản lý tài khoản merchant/Quản lý danh sách tài khoản/Nạp tiền/TC_09_Kiểm tra khi chọn ví đúng và chọn kỳ đối soát đã tồn tại trước đó" time="56.921" classname="Test Cases/Quản lý tài khoản merchant/Quản lý danh sách tài khoản/Nạp tiền/TC_09_Kiểm tra khi chọn ví đúng và chọn kỳ đối soát đã tồn tại trước đó" status="PASSED">
         <system-out><![CDATA[10-10-2024T15:30:29 - [TEST_CASE][PASSED] - Test Cases/Quản lý tài khoản merchant/Quản lý danh sách tài khoản/Nạp tiền/TC_09_Kiểm tra khi chọn ví đúng và chọn kỳ đối soát đã tồn tại trước đó: Test Cases/Quản lý tài khoản merchant/Quản lý danh sách tài khoản/Nạp tiền/TC_09_Kiểm tra khi chọn ví đúng và chọn kỳ đối soát đã tồn tại trước đó

10-10-2024T15:30:29 - [TEST_STEP][PASSED] - Start listener action : sampleBeforeTestCase: Navigate to 'https://stg-cms-console.9pay.mobi/login' successfully

10-10-2024T15:30:29 - [TEST_STEP][PASSED] - testCaseId = testCaseContext.getTestCaseId(): null

10-10-2024T15:30:29 - [TEST_STEP][PASSED] - url = <not implemented yet for class: org.codehaus.groovy.ast.expr.EmptyExpression>: null

10-10-2024T15:30:29 - [TEST_STEP][PASSED] - if (testCaseId == "Test Cases/Quản lý tài khoản merchant/Quản lý dịch vụ merchant/Kiểm tra thay đổi sau khi cấu hình VA trên MCV"): null

10-10-2024T15:30:29 - [TEST_STEP][PASSED] - else: null

10-10-2024T15:30:29 - [TEST_STEP][PASSED] - url = "https://stg-cms-console.9pay.mobi/login": null

10-10-2024T15:30:29 - [TEST_STEP][PASSED] - openBrowser(""): Browser is opened with url: ''

10-10-2024T15:30:29 - [MESSAGE][WARNING] - A browser is already opened. Closing browser and opening a new one

10-10-2024T15:30:30 - [MESSAGE][INFO] - Starting 'Chrome' driver

10-10-2024T15:30:30 - [MESSAGE][INFO] - Action delay is set to 0 milliseconds

10-10-2024T15:30:32 - [MESSAGE][PASSED] - Browser is opened with url: ''

10-10-2024T15:30:32 - [TEST_STEP][PASSED] - maximizeWindow(): Current window maximized

10-10-2024T15:30:32 - [MESSAGE][PASSED] - Current window maximized

10-10-2024T15:30:32 - [TEST_STEP][PASSED] - navigateToUrl(url): Navigate to 'https://stg-cms-console.9pay.mobi/login' successfully

10-10-2024T15:30:37 - [MESSAGE][PASSED] - Navigate to 'https://stg-cms-console.9pay.mobi/login' successfully

10-10-2024T15:30:38 - [TEST_STEP][PASSED] - driver = getWebDriver(): null

10-10-2024T15:30:38 - [TEST_STEP][PASSED] - callTestCase(findTestCase("Test Cases/Login/LoginCommon"), [:], STOP_ON_FAILURE): Call Test Case 'Test Cases/Login/LoginCommon' successfully

10-10-2024T15:30:38 - [TEST_CASE][PASSED] - Test Cases/Login/LoginCommon: Test Cases/Login/LoginCommon

10-10-2024T15:30:38 - [TEST_STEP][PASSED] - driver = getWebDriver(): null

10-10-2024T15:30:38 - [TEST_STEP][PASSED] - sendKeys(findTestObject("Quản lý tài khoản merchant/Quản lý dịch vụ merchant/userNameTextbox"), userAccount): Keys 'dannt@9pay.vn' sent to object: 'Object Repository/Quản lý tài khoản merchant/Quản lý dịch vụ merchant/userNameTextbox'

10-10-2024T15:30:39 - [MESSAGE][PASSED] - Keys 'dannt@9pay.vn' sent to object: 'Object Repository/Quản lý tài khoản merchant/Quản lý dịch vụ merchant/userNameTextbox'

10-10-2024T15:30:39 - [TEST_STEP][PASSED] - sendKeys(findTestObject("Quản lý tài khoản merchant/Quản lý dịch vụ merchant/passwordTextbox"), password): Keys 'dannt@9pay.vn' sent to object: 'Object Repository/Quản lý tài khoản merchant/Quản lý dịch vụ merchant/passwordTextbox'

10-10-2024T15:30:39 - [MESSAGE][PASSED] - Keys 'dannt@9pay.vn' sent to object: 'Object Repository/Quản lý tài khoản merchant/Quản lý dịch vụ merchant/passwordTextbox'

10-10-2024T15:30:39 - [TEST_STEP][PASSED] - click(findTestObject("Quản lý tài khoản merchant/Quản lý dịch vụ merchant/loginButton")): Object: 'Object Repository/Quản lý tài khoản merchant/Quản lý dịch vụ merchant/loginButton' is clicked on

10-10-2024T15:30:40 - [MESSAGE][PASSED] - Object: 'Object Repository/Quản lý tài khoản merchant/Quản lý dịch vụ merchant/loginButton' is clicked on

10-10-2024T15:30:40 - [MESSAGE][PASSED] - Call Test Case 'Test Cases/Login/LoginCommon' successfully

10-10-2024T15:30:40 - [TEST_STEP][PASSED] - waitForElementVisible(findTestObject("Trang chủ/userName"), 20, STOP_ON_FAILURE): Object 'Object Repository/Trang chủ/userName' is visible

10-10-2024T15:30:42 - [MESSAGE][PASSED] - Object 'Object Repository/Trang chủ/userName' is visible

10-10-2024T15:30:42 - [TEST_STEP][PASSED] - callTestCase(findTestCase("Test Cases/Quản lý tài khoản merchant/Quản lý danh sách tài khoản/CustomFunctions Deposit"), [:], STOP_ON_FAILURE): Call Test Case 'Test Cases/Quản lý tài khoản merchant/Quản lý danh sách tài khoản/CustomFunctions Deposit' successfully

10-10-2024T15:30:42 - [TEST_CASE][PASSED] - Test Cases/Quản lý tài khoản merchant/Quản lý danh sách tài khoản/CustomFunctions Deposit: Test Cases/Quản lý tài khoản merchant/Quản lý danh sách tài khoản/CustomFunctions Deposit

10-10-2024T15:30:42 - [TEST_STEP][PASSED] - driver = getWebDriver(): null

10-10-2024T15:30:42 - [TEST_STEP][PASSED] - element1 = driver.findElement(By.xpath("//span[contains(text(),'Quản lý tài khoản merchant')]")): null

10-10-2024T15:30:44 - [TEST_STEP][PASSED] - actions = new org.openqa.selenium.interactions.Actions(driver): null

10-10-2024T15:30:44 - [TEST_STEP][PASSED] - click().perform(): null

10-10-2024T15:30:44 - [TEST_STEP][PASSED] - wait = new org.openqa.selenium.support.ui.WebDriverWait(com.kms.katalon.core.webui.driver.DriverFactory.getWebDriver(), 15): null

10-10-2024T15:30:44 - [TEST_STEP][PASSED] - xpath(xpathManagerListAccount))).click(): null

10-10-2024T15:30:45 - [MESSAGE][PASSED] - Call Test Case 'Test Cases/Quản lý tài khoản merchant/Quản lý danh sách tài khoản/CustomFunctions Deposit' successfully

10-10-2024T15:30:45 - [TEST_STEP][PASSED] - wait = new org.openqa.selenium.support.ui.WebDriverWait(com.kms.katalon.core.webui.driver.DriverFactory.getWebDriver(), 20): null

10-10-2024T15:30:45 - [TEST_STEP][PASSED] - userCode = wait.until(ExpectedConditions.visibilityOfElementLocated(By.xpath(xpathUserCode))): null

10-10-2024T15:30:49 - [TEST_STEP][PASSED] - println(userCode.getText()): null

10-10-2024T15:30:49 - [TEST_STEP][PASSED] - xpath(xpathBtnAccount))).click(): null

10-10-2024T15:30:50 - [TEST_STEP][PASSED] - searchTextbox = wait.until(ExpectedConditions.elementToBeClickable(By.xpath(xpathSearchTextbox))): null

10-10-2024T15:30:50 - [TEST_STEP][PASSED] - searchTextbox.sendKeys("dannt11"): null

10-10-2024T15:30:51 - [TEST_STEP][PASSED] - xpath(xpathOption)).click(): null

10-10-2024T15:30:52 - [TEST_STEP][PASSED] - xpath(xpathBtnSearch)).click(): null

10-10-2024T15:30:53 - [TEST_STEP][PASSED] - wait.until(ExpectedConditions.visibilityOfElementLocated(By.xpath(xpathAccountName))): null

10-10-2024T15:30:54 - [TEST_STEP][PASSED] - startElement = driver.findElement(By.xpath("//strong[contains(text(),'Thu hộ:')]")): null

10-10-2024T15:30:54 - [TEST_STEP][PASSED] - js = driver: null

10-10-2024T15:30:54 - [TEST_STEP][PASSED] - script = "return arguments[0].nextSibling.textContent;": null

10-10-2024T15:30:54 - [TEST_STEP][PASSED] - nextTextNodeContent = js.executeScript(script, startElement): null

10-10-2024T15:30:54 - [TEST_STEP][PASSED] - out.println("Thu ho " + nextTextNodeContent): null

10-10-2024T15:30:54 - [TEST_STEP][PASSED] - numericString = nextTextNodeContent.replaceAll("[^0-9]", ""): null

10-10-2024T15:30:54 - [TEST_STEP][PASSED] - thuHo = Integer.parseInt(numericString): null

10-10-2024T15:30:54 - [TEST_STEP][PASSED] - out.println("Thu ho " + thuHo): null

10-10-2024T15:30:54 - [TEST_STEP][PASSED] - xpath(xpathBtnDeposit)).click(): null

10-10-2024T15:30:55 - [TEST_STEP][PASSED] - wait.until(ExpectedConditions.visibilityOfElementLocated(By.xpath(xpathTextAccount))): null

10-10-2024T15:31:03 - [TEST_STEP][PASSED] - xpath(xpathChonVi)).click(): null

10-10-2024T15:31:03 - [TEST_STEP][PASSED] - xpath(xpathThuHo3)).click(): null

10-10-2024T15:31:03 - [TEST_STEP][PASSED] - xpath(xpathDay)).click(): null

10-10-2024T15:31:04 - [TEST_STEP][PASSED] - xpath(xpathHomNay)).click(): null

10-10-2024T15:31:04 - [TEST_STEP][PASSED] - xpath(xpathBtnContinue)).click(): null

10-10-2024T15:31:05 - [TEST_STEP][PASSED] - xpath(BtnOkXpath)).click(): null

10-10-2024T15:31:06 - [TEST_STEP][PASSED] - xpath(xpathDepositTextbox)).sendKeys("150000"): null

10-10-2024T15:31:07 - [TEST_STEP][PASSED] - xpath(xpathButtonSubmit)).click(): null

10-10-2024T15:31:07 - [TEST_STEP][PASSED] - wait.until(ExpectedConditions.elementToBeClickable(By.xpath(xpathButtonApprove))): null

10-10-2024T15:31:10 - [TEST_STEP][PASSED] - startElement1 = driver.findElement(By.xpath(xpathButtonApprove)): null

10-10-2024T15:31:10 - [TEST_STEP][PASSED] - js.executeScript("arguments[0].scrollIntoView(false);", startElement1): null

10-10-2024T15:31:10 - [TEST_STEP][PASSED] - xpath(xpathButtonApprove)).click(): null

10-10-2024T15:31:11 - [TEST_STEP][PASSED] - Thread.sleep(1000): null

10-10-2024T15:31:12 - [TEST_STEP][PASSED] - xpath(xpathCfBtn)).click(): null

10-10-2024T15:31:12 - [TEST_STEP][PASSED] - xpath(xpathBtnOk)).click(): null

10-10-2024T15:31:13 - [TEST_STEP][PASSED] - loaiGiaodich = xpath(xpathNapTien)).getText(): null

10-10-2024T15:31:13 - [TEST_STEP][PASSED] - Assert.assertEquals(loaiGiaodich, "Nạp tiền"): null

10-10-2024T15:31:13 - [TEST_STEP][PASSED] - callTestCase(findTestCase("Test Cases/Quản lý tài khoản merchant/Quản lý danh sách tài khoản/CustomFunctions.groovy"), [:], STOP_ON_FAILURE): Call Test Case 'Test Cases/Quản lý tài khoản merchant/Quản lý danh sách tài khoản/CustomFunctions.groovy' successfully

10-10-2024T15:31:13 - [TEST_CASE][PASSED] - Test Cases/Quản lý tài khoản merchant/Quản lý danh sách tài khoản/CustomFunctions.groovy: Test Cases/Quản lý tài khoản merchant/Quản lý danh sách tài khoản/CustomFunctions.groovy

10-10-2024T15:31:13 - [TEST_STEP][PASSED] - driver = getWebDriver(): null

10-10-2024T15:31:13 - [TEST_STEP][PASSED] - sleep(2000): null

10-10-2024T15:31:15 - [TEST_STEP][PASSED] - element1 = driver.findElement(By.xpath(xpathManagerMC)): null

10-10-2024T15:31:16 - [TEST_STEP][PASSED] - actions = new org.openqa.selenium.interactions.Actions(driver): null

10-10-2024T15:31:16 - [TEST_STEP][PASSED] - click().perform(): null

10-10-2024T15:31:16 - [TEST_STEP][PASSED] - wait = new org.openqa.selenium.support.ui.WebDriverWait(com.kms.katalon.core.webui.driver.DriverFactory.getWebDriver(), 20): null

10-10-2024T15:31:16 - [TEST_STEP][PASSED] - element2 = wait.until(ExpectedConditions.elementToBeClickable(By.xpath(xpathManagerListAccount))): null

10-10-2024T15:31:16 - [TEST_STEP][PASSED] - click().perform(): null

10-10-2024T15:31:16 - [TEST_STEP][PASSED] - wait.until(ExpectedConditions.visibilityOfElementLocated(By.xpath(xpathUserCode))): null

10-10-2024T15:31:20 - [TEST_STEP][PASSED] - xpath(xpathBtnAccount))).click(): null

10-10-2024T15:31:20 - [TEST_STEP][PASSED] - searchTextbox = wait.until(ExpectedConditions.elementToBeClickable(By.xpath(xpathSearchTextbox))): null

10-10-2024T15:31:21 - [TEST_STEP][PASSED] - searchTextbox.sendKeys("dannt11"): null

10-10-2024T15:31:21 - [TEST_STEP][PASSED] - xpath(xpathOption)).click(): null

10-10-2024T15:31:22 - [TEST_STEP][PASSED] - xpath(xpathBtnSearch)).click(): null

10-10-2024T15:31:22 - [TEST_STEP][PASSED] - Assert.assertEquals(xpath(xpathAccountName)).getText(), username): null

10-10-2024T15:31:23 - [TEST_STEP][PASSED] - xpath(xpathUser)).click(): null

10-10-2024T15:31:24 - [TEST_STEP][PASSED] - xpath(xpathSearchTextbox)).sendKeys("dannt21"): null

10-10-2024T15:31:24 - [TEST_STEP][PASSED] - xpath(xpathClicked)).click(): null

10-10-2024T15:31:25 - [TEST_STEP][PASSED] - xpath(xpathBtnSearch)).click(): null

10-10-2024T15:31:25 - [MESSAGE][PASSED] - Call Test Case 'Test Cases/Quản lý tài khoản merchant/Quản lý danh sách tài khoản/CustomFunctions.groovy' successfully

10-10-2024T15:31:25 - [TEST_STEP][PASSED] - startElementAf = driver.findElement(By.xpath(xpathThuHoBtn)): null

10-10-2024T15:31:26 - [TEST_STEP][PASSED] - jsAf = driver: null

10-10-2024T15:31:26 - [TEST_STEP][PASSED] - scriptAf = "return arguments[0].nextSibling.textContent;": null

10-10-2024T15:31:26 - [TEST_STEP][PASSED] - balanceStrAf = jsAf.executeScript(scriptAf, startElementAf): null

10-10-2024T15:31:26 - [TEST_STEP][PASSED] - numericStringAf = balanceStrAf.replaceAll("[^0-9]", ""): null

10-10-2024T15:31:26 - [TEST_STEP][PASSED] - balanceAf = Integer.parseInt(numericStringAf): null

10-10-2024T15:31:26 - [TEST_STEP][PASSED] - out.println("Thu ho " + balanceAf): null

10-10-2024T15:31:26 - [TEST_STEP][PASSED] - if (balanceAf == thuHo + 150000): Test case đã pass với số tiền đã được cộng đúng.

10-10-2024T15:31:26 - [TEST_STEP][PASSED] - println("Số tiền đã đúng "): null

10-10-2024T15:31:26 - [TEST_STEP][PASSED] - markPassed("Test case đã pass với số tiền đã được cộng đúng."): Test case đã pass với số tiền đã được cộng đúng.

10-10-2024T15:31:26 - [MESSAGE][PASSED] - Test case đã pass với số tiền đã được cộng đúng.

10-10-2024T15:31:26 - [TEST_STEP][PASSED] - Start listener action : sampleAfterTestCase: null

10-10-2024T15:31:26 - [TEST_STEP][PASSED] - testCaseId = testCaseContext.getTestCaseId(): null

10-10-2024T15:31:26 - [TEST_STEP][PASSED] - if (testCaseId == "Test Cases/Quản lý tài khoản merchant/Quản lý dịch vụ merchant/Kiểm tra chức năng xác nhận cấu hình thay đổi VA"): null]]></system-out>
         <system-err><![CDATA[]]></system-err>
      </testcase>
      <testcase name="Test Cases/Quản lý tài khoản merchant/Quản lý danh sách tài khoản/Nạp tiền/TC_10_Kiểm tra khi chọn ví đúng và chọn loại giao dịch là hoàn phí" time="37.366" classname="Test Cases/Quản lý tài khoản merchant/Quản lý danh sách tài khoản/Nạp tiền/TC_10_Kiểm tra khi chọn ví đúng và chọn loại giao dịch là hoàn phí" status="ERROR">
         <error type="ERROR" message="Test Cases/Quản lý tài khoản merchant/Quản lý danh sách tài khoản/Nạp tiền/TC_10_Kiểm tra khi chọn ví đúng và chọn loại giao dịch là hoàn phí FAILED.&#xa;Reason:&#xa;org.openqa.selenium.NoSuchElementException: no such element: Unable to locate element: {&quot;method&quot;:&quot;xpath&quot;,&quot;selector&quot;:&quot;//button[contains(text(),'Đồng ý')]&quot;}&#xa;  (Session info: chrome=129.0.6668.91)&#xa;For documentation on this error, please visit: https://www.seleniumhq.org/exceptions/no_such_element.html&#xa;Build info: version: '3.141.59', revision: 'unknown', time: 'unknown'&#xa;System info: host: 'Giang-Nguyen.local', ip: '127.0.0.1', os.name: 'Mac OS X', os.arch: 'x86_64', os.version: '12.6.6', java.version: '17.0.7'&#xa;Driver info: com.kms.katalon.selenium.driver.CChromeDriver&#xa;Capabilities {acceptInsecureCerts: false, browserName: chrome, browserVersion: 129.0.6668.91, chrome: {chromedriverVersion: 129.0.6668.100 (cf58cba358d..., userDataDir: /var/folders/2z/363n2ch977s...}, fedcm:accounts: true, goog:chromeOptions: {debuggerAddress: localhost:57958}, javascriptEnabled: true, networkConnectionEnabled: false, pageLoadStrategy: normal, platform: MAC, platformName: MAC, proxy: Proxy(), setWindowRect: true, strictFileInteractability: false, timeouts: {implicit: 0, pageLoad: 300000, script: 30000}, unhandledPromptBehavior: dismiss and notify, webauthn:extension:credBlob: true, webauthn:extension:largeBlob: true, webauthn:extension:minPinLength: true, webauthn:extension:prf: true, webauthn:virtualAuthenticators: true}&#xa;Session ID: b8136a8feb50302284266f7ab0fccd47&#xa;*** Element info: {Using=xpath, value=//button[contains(text(),'Đồng ý')]}&#xa;	at jdk.internal.reflect.GeneratedConstructorAccessor30.newInstance(Unknown Source)&#xa;	at java.base/jdk.internal.reflect.DelegatingConstructorAccessorImpl.newInstance(DelegatingConstructorAccessorImpl.java:45)&#xa;	at org.openqa.selenium.remote.http.W3CHttpResponseCodec.createException(W3CHttpResponseCodec.java:187)&#xa;	at org.openqa.selenium.remote.http.W3CHttpResponseCodec.decode(W3CHttpResponseCodec.java:122)&#xa;	at org.openqa.selenium.remote.http.W3CHttpResponseCodec.decode(W3CHttpResponseCodec.java:49)&#xa;	at org.openqa.selenium.remote.HttpCommandExecutor.execute(HttpCommandExecutor.java:158)&#xa;	at org.openqa.selenium.remote.service.DriverCommandExecutor.execute(DriverCommandExecutor.java:83)&#xa;	at org.openqa.selenium.remote.RemoteWebDriver.execute(RemoteWebDriver.java:552)&#xa;	at com.kms.katalon.selenium.driver.CChromeDriver.execute(CChromeDriver.java:19)&#xa;	at org.openqa.selenium.remote.RemoteWebDriver.findElement(RemoteWebDriver.java:323)&#xa;	at org.openqa.selenium.remote.RemoteWebDriver.findElementByXPath(RemoteWebDriver.java:428)&#xa;	at org.openqa.selenium.By$ByXPath.findElement(By.java:353)&#xa;	at org.openqa.selenium.remote.RemoteWebDriver.findElement(RemoteWebDriver.java:315)&#xa;	at jdk.internal.reflect.GeneratedMethodAccessor12.invoke(Unknown Source)&#xa;	at java.base/jdk.internal.reflect.DelegatingMethodAccessorImpl.invoke(DelegatingMethodAccessorImpl.java:43)&#xa;	at org.openqa.selenium.support.events.EventFiringWebDriver.lambda$new$1(EventFiringWebDriver.java:105)&#xa;	at jdk.proxy2/jdk.proxy2.$Proxy25.findElement(Unknown Source)&#xa;	at org.openqa.selenium.support.events.EventFiringWebDriver.findElement(EventFiringWebDriver.java:194)&#xa;	at TC_10_Kiểm tra khi chọn ví đúng và chọn loại giao dịch là hoàn phí.run(TC_10_Kiểm tra khi chọn ví đúng và chọn loại giao dịch là hoàn phí:49)&#xa;	at com.kms.katalon.core.main.ScriptEngine.run(ScriptEngine.java:194)&#xa;	at com.kms.katalon.core.main.ScriptEngine.runScriptAsRawText(ScriptEngine.java:119)&#xa;	at com.kms.katalon.core.main.TestCaseExecutor.runScript(TestCaseExecutor.java:448)&#xa;	at com.kms.katalon.core.main.TestCaseExecutor.doExecute(TestCaseExecutor.java:439)&#xa;	at com.kms.katalon.core.main.TestCaseExecutor.processExecutionPhase(TestCaseExecutor.java:418)&#xa;	at com.kms.katalon.core.main.TestCaseExecutor.accessMainPhase(TestCaseExecutor.java:410)&#xa;	at com.kms.katalon.core.main.TestCaseExecutor.execute(TestCaseExecutor.java:285)&#xa;	at com.kms.katalon.core.common.CommonExecutor.accessTestCaseMainPhase(CommonExecutor.java:65)&#xa;	at com.kms.katalon.core.main.TestSuiteExecutor.accessTestSuiteMainPhase(TestSuiteExecutor.java:150)&#xa;	at com.kms.katalon.core.main.TestSuiteExecutor.execute(TestSuiteExecutor.java:106)&#xa;	at com.kms.katalon.core.main.TestCaseMain.startTestSuite(TestCaseMain.java:180)&#xa;	at TempTestSuite1728548700256.run(TempTestSuite1728548700256.groovy:35)&#xa;	at java.base/jdk.internal.reflect.NativeMethodAccessorImpl.invoke0(Native Method)&#xa;	at java.base/jdk.internal.reflect.NativeMethodAccessorImpl.invoke(NativeMethodAccessorImpl.java:77)&#xa;	at java.base/jdk.internal.reflect.DelegatingMethodAccessorImpl.invoke(DelegatingMethodAccessorImpl.java:43)&#xa;"/>
         <system-out><![CDATA[10-10-2024T15:31:26 - [TEST_CASE][ERROR] - Test Cases/Quản lý tài khoản merchant/Quản lý danh sách tài khoản/Nạp tiền/TC_10_Kiểm tra khi chọn ví đúng và chọn loại giao dịch là hoàn phí: Test Cases/Quản lý tài khoản merchant/Quản lý danh sách tài khoản/Nạp tiền/TC_10_Kiểm tra khi chọn ví đúng và chọn loại giao dịch là hoàn phí FAILED.
Reason:
org.openqa.selenium.NoSuchElementException: no such element: Unable to locate element: {"method":"xpath","selector":"//button[contains(text(),'Đồng ý')]"}
  (Session info: chrome=129.0.6668.91)
For documentation on this error, please visit: https://www.seleniumhq.org/exceptions/no_such_element.html
Build info: version: '3.141.59', revision: 'unknown', time: 'unknown'
System info: host: 'Giang-Nguyen.local', ip: '127.0.0.1', os.name: 'Mac OS X', os.arch: 'x86_64', os.version: '12.6.6', java.version: '17.0.7'
Driver info: com.kms.katalon.selenium.driver.CChromeDriver
Capabilities {acceptInsecureCerts: false, browserName: chrome, browserVersion: 129.0.6668.91, chrome: {chromedriverVersion: 129.0.6668.100 (cf58cba358d..., userDataDir: /var/folders/2z/363n2ch977s...}, fedcm:accounts: true, goog:chromeOptions: {debuggerAddress: localhost:57958}, javascriptEnabled: true, networkConnectionEnabled: false, pageLoadStrategy: normal, platform: MAC, platformName: MAC, proxy: Proxy(), setWindowRect: true, strictFileInteractability: false, timeouts: {implicit: 0, pageLoad: 300000, script: 30000}, unhandledPromptBehavior: dismiss and notify, webauthn:extension:credBlob: true, webauthn:extension:largeBlob: true, webauthn:extension:minPinLength: true, webauthn:extension:prf: true, webauthn:virtualAuthenticators: true}
Session ID: b8136a8feb50302284266f7ab0fccd47
*** Element info: {Using=xpath, value=//button[contains(text(),'Đồng ý')]}
	at jdk.internal.reflect.GeneratedConstructorAccessor30.newInstance(Unknown Source)
	at java.base/jdk.internal.reflect.DelegatingConstructorAccessorImpl.newInstance(DelegatingConstructorAccessorImpl.java:45)
	at org.openqa.selenium.remote.http.W3CHttpResponseCodec.createException(W3CHttpResponseCodec.java:187)
	at org.openqa.selenium.remote.http.W3CHttpResponseCodec.decode(W3CHttpResponseCodec.java:122)
	at org.openqa.selenium.remote.http.W3CHttpResponseCodec.decode(W3CHttpResponseCodec.java:49)
	at org.openqa.selenium.remote.HttpCommandExecutor.execute(HttpCommandExecutor.java:158)
	at org.openqa.selenium.remote.service.DriverCommandExecutor.execute(DriverCommandExecutor.java:83)
	at org.openqa.selenium.remote.RemoteWebDriver.execute(RemoteWebDriver.java:552)
	at com.kms.katalon.selenium.driver.CChromeDriver.execute(CChromeDriver.java:19)
	at org.openqa.selenium.remote.RemoteWebDriver.findElement(RemoteWebDriver.java:323)
	at org.openqa.selenium.remote.RemoteWebDriver.findElementByXPath(RemoteWebDriver.java:428)
	at org.openqa.selenium.By$ByXPath.findElement(By.java:353)
	at org.openqa.selenium.remote.RemoteWebDriver.findElement(RemoteWebDriver.java:315)
	at jdk.internal.reflect.GeneratedMethodAccessor12.invoke(Unknown Source)
	at java.base/jdk.internal.reflect.DelegatingMethodAccessorImpl.invoke(DelegatingMethodAccessorImpl.java:43)
	at org.openqa.selenium.support.events.EventFiringWebDriver.lambda$new$1(EventFiringWebDriver.java:105)
	at jdk.proxy2/jdk.proxy2.$Proxy25.findElement(Unknown Source)
	at org.openqa.selenium.support.events.EventFiringWebDriver.findElement(EventFiringWebDriver.java:194)
	at TC_10_Kiểm tra khi chọn ví đúng và chọn loại giao dịch là hoàn phí.run(TC_10_Kiểm tra khi chọn ví đúng và chọn loại giao dịch là hoàn phí:49)
	at com.kms.katalon.core.main.ScriptEngine.run(ScriptEngine.java:194)
	at com.kms.katalon.core.main.ScriptEngine.runScriptAsRawText(ScriptEngine.java:119)
	at com.kms.katalon.core.main.TestCaseExecutor.runScript(TestCaseExecutor.java:448)
	at com.kms.katalon.core.main.TestCaseExecutor.doExecute(TestCaseExecutor.java:439)
	at com.kms.katalon.core.main.TestCaseExecutor.processExecutionPhase(TestCaseExecutor.java:418)
	at com.kms.katalon.core.main.TestCaseExecutor.accessMainPhase(TestCaseExecutor.java:410)
	at com.kms.katalon.core.main.TestCaseExecutor.execute(TestCaseExecutor.java:285)
	at com.kms.katalon.core.common.CommonExecutor.accessTestCaseMainPhase(CommonExecutor.java:65)
	at com.kms.katalon.core.main.TestSuiteExecutor.accessTestSuiteMainPhase(TestSuiteExecutor.java:150)
	at com.kms.katalon.core.main.TestSuiteExecutor.execute(TestSuiteExecutor.java:106)
	at com.kms.katalon.core.main.TestCaseMain.startTestSuite(TestCaseMain.java:180)
	at TempTestSuite1728548700256.run(TempTestSuite1728548700256.groovy:35)
	at java.base/jdk.internal.reflect.NativeMethodAccessorImpl.invoke0(Native Method)
	at java.base/jdk.internal.reflect.NativeMethodAccessorImpl.invoke(NativeMethodAccessorImpl.java:77)
	at java.base/jdk.internal.reflect.DelegatingMethodAccessorImpl.invoke(DelegatingMethodAccessorImpl.java:43)


10-10-2024T15:31:26 - [TEST_STEP][PASSED] - Start listener action : sampleBeforeTestCase: Navigate to 'https://stg-cms-console.9pay.mobi/login' successfully

10-10-2024T15:31:26 - [TEST_STEP][PASSED] - testCaseId = testCaseContext.getTestCaseId(): null

10-10-2024T15:31:26 - [TEST_STEP][PASSED] - url = <not implemented yet for class: org.codehaus.groovy.ast.expr.EmptyExpression>: null

10-10-2024T15:31:26 - [TEST_STEP][PASSED] - if (testCaseId == "Test Cases/Quản lý tài khoản merchant/Quản lý dịch vụ merchant/Kiểm tra thay đổi sau khi cấu hình VA trên MCV"): null

10-10-2024T15:31:26 - [TEST_STEP][PASSED] - else: null

10-10-2024T15:31:26 - [TEST_STEP][PASSED] - url = "https://stg-cms-console.9pay.mobi/login": null

10-10-2024T15:31:26 - [TEST_STEP][PASSED] - openBrowser(""): Browser is opened with url: ''

10-10-2024T15:31:26 - [MESSAGE][WARNING] - A browser is already opened. Closing browser and opening a new one

10-10-2024T15:31:26 - [MESSAGE][INFO] - Starting 'Chrome' driver

10-10-2024T15:31:26 - [MESSAGE][INFO] - Action delay is set to 0 milliseconds

10-10-2024T15:31:29 - [MESSAGE][PASSED] - Browser is opened with url: ''

10-10-2024T15:31:29 - [TEST_STEP][PASSED] - maximizeWindow(): Current window maximized

10-10-2024T15:31:29 - [MESSAGE][PASSED] - Current window maximized

10-10-2024T15:31:29 - [TEST_STEP][PASSED] - navigateToUrl(url): Navigate to 'https://stg-cms-console.9pay.mobi/login' successfully

10-10-2024T15:31:34 - [MESSAGE][PASSED] - Navigate to 'https://stg-cms-console.9pay.mobi/login' successfully

10-10-2024T15:31:34 - [TEST_STEP][PASSED] - driver = getWebDriver(): null

10-10-2024T15:31:34 - [TEST_STEP][PASSED] - callTestCase(findTestCase("Test Cases/Login/LoginCommon"), [:], STOP_ON_FAILURE): Call Test Case 'Test Cases/Login/LoginCommon' successfully

10-10-2024T15:31:34 - [TEST_CASE][PASSED] - Test Cases/Login/LoginCommon: Test Cases/Login/LoginCommon

10-10-2024T15:31:34 - [TEST_STEP][PASSED] - driver = getWebDriver(): null

10-10-2024T15:31:34 - [TEST_STEP][PASSED] - sendKeys(findTestObject("Quản lý tài khoản merchant/Quản lý dịch vụ merchant/userNameTextbox"), userAccount): Keys 'dannt@9pay.vn' sent to object: 'Object Repository/Quản lý tài khoản merchant/Quản lý dịch vụ merchant/userNameTextbox'

10-10-2024T15:31:35 - [MESSAGE][PASSED] - Keys 'dannt@9pay.vn' sent to object: 'Object Repository/Quản lý tài khoản merchant/Quản lý dịch vụ merchant/userNameTextbox'

10-10-2024T15:31:35 - [TEST_STEP][PASSED] - sendKeys(findTestObject("Quản lý tài khoản merchant/Quản lý dịch vụ merchant/passwordTextbox"), password): Keys 'dannt@9pay.vn' sent to object: 'Object Repository/Quản lý tài khoản merchant/Quản lý dịch vụ merchant/passwordTextbox'

10-10-2024T15:31:35 - [MESSAGE][PASSED] - Keys 'dannt@9pay.vn' sent to object: 'Object Repository/Quản lý tài khoản merchant/Quản lý dịch vụ merchant/passwordTextbox'

10-10-2024T15:31:35 - [TEST_STEP][PASSED] - click(findTestObject("Quản lý tài khoản merchant/Quản lý dịch vụ merchant/loginButton")): Object: 'Object Repository/Quản lý tài khoản merchant/Quản lý dịch vụ merchant/loginButton' is clicked on

10-10-2024T15:31:36 - [MESSAGE][PASSED] - Object: 'Object Repository/Quản lý tài khoản merchant/Quản lý dịch vụ merchant/loginButton' is clicked on

10-10-2024T15:31:36 - [MESSAGE][PASSED] - Call Test Case 'Test Cases/Login/LoginCommon' successfully

10-10-2024T15:31:36 - [TEST_STEP][PASSED] - waitForElementVisible(findTestObject("Trang chủ/userName"), 10, STOP_ON_FAILURE): Object 'Object Repository/Trang chủ/userName' is visible

10-10-2024T15:31:38 - [MESSAGE][PASSED] - Object 'Object Repository/Trang chủ/userName' is visible

10-10-2024T15:31:38 - [TEST_STEP][PASSED] - callTestCase(findTestCase("Test Cases/Quản lý tài khoản merchant/Quản lý danh sách tài khoản/CustomFunctions Deposit"), [:], STOP_ON_FAILURE): Call Test Case 'Test Cases/Quản lý tài khoản merchant/Quản lý danh sách tài khoản/CustomFunctions Deposit' successfully

10-10-2024T15:31:38 - [TEST_CASE][PASSED] - Test Cases/Quản lý tài khoản merchant/Quản lý danh sách tài khoản/CustomFunctions Deposit: Test Cases/Quản lý tài khoản merchant/Quản lý danh sách tài khoản/CustomFunctions Deposit

10-10-2024T15:31:38 - [TEST_STEP][PASSED] - driver = getWebDriver(): null

10-10-2024T15:31:38 - [TEST_STEP][PASSED] - element1 = driver.findElement(By.xpath("//span[contains(text(),'Quản lý tài khoản merchant')]")): null

10-10-2024T15:31:40 - [TEST_STEP][PASSED] - actions = new org.openqa.selenium.interactions.Actions(driver): null

10-10-2024T15:31:40 - [TEST_STEP][PASSED] - click().perform(): null

10-10-2024T15:31:40 - [TEST_STEP][PASSED] - wait = new org.openqa.selenium.support.ui.WebDriverWait(com.kms.katalon.core.webui.driver.DriverFactory.getWebDriver(), 15): null

10-10-2024T15:31:40 - [TEST_STEP][PASSED] - xpath(xpathManagerListAccount))).click(): null

10-10-2024T15:31:41 - [MESSAGE][PASSED] - Call Test Case 'Test Cases/Quản lý tài khoản merchant/Quản lý danh sách tài khoản/CustomFunctions Deposit' successfully

10-10-2024T15:31:41 - [TEST_STEP][PASSED] - wait = new org.openqa.selenium.support.ui.WebDriverWait(com.kms.katalon.core.webui.driver.DriverFactory.getWebDriver(), 20): null

10-10-2024T15:31:41 - [TEST_STEP][PASSED] - userCode = wait.until(ExpectedConditions.visibilityOfElementLocated(By.xpath(xpathUserCode))): null

10-10-2024T15:31:44 - [TEST_STEP][PASSED] - println(userCode.getText()): null

10-10-2024T15:31:44 - [TEST_STEP][PASSED] - xpath(xpathBtnAccount))).click(): null

10-10-2024T15:31:44 - [TEST_STEP][PASSED] - searchTextbox = wait.until(ExpectedConditions.elementToBeClickable(By.xpath(xpathSearchTextbox))): null

10-10-2024T15:31:45 - [TEST_STEP][PASSED] - searchTextbox.sendKeys("dannt11"): null

10-10-2024T15:31:46 - [TEST_STEP][PASSED] - xpath(xpathOption)).click(): null

10-10-2024T15:31:46 - [TEST_STEP][PASSED] - xpath(xpathBtnSearch)).click(): null

10-10-2024T15:31:47 - [TEST_STEP][PASSED] - wait.until(ExpectedConditions.visibilityOfElementLocated(By.xpath(xpathAccountName))): null

10-10-2024T15:31:48 - [TEST_STEP][PASSED] - startElement = driver.findElement(By.xpath("//strong[contains(text(),'Thu hộ:')]")): null

10-10-2024T15:31:48 - [TEST_STEP][PASSED] - js = driver: null

10-10-2024T15:31:48 - [TEST_STEP][PASSED] - script = "return arguments[0].nextSibling.textContent;": null

10-10-2024T15:31:48 - [TEST_STEP][PASSED] - nextTextNodeContent = js.executeScript(script, startElement): null

10-10-2024T15:31:48 - [TEST_STEP][PASSED] - out.println("Thu ho " + nextTextNodeContent): null

10-10-2024T15:31:48 - [TEST_STEP][PASSED] - numericString = nextTextNodeContent.replaceAll("[^0-9]", ""): null

10-10-2024T15:31:48 - [TEST_STEP][PASSED] - thuHo = Integer.parseInt(numericString): null

10-10-2024T15:31:48 - [TEST_STEP][PASSED] - out.println("Thu ho " + thuHo): null

10-10-2024T15:31:48 - [TEST_STEP][PASSED] - xpath(xpathBtnDeposit)).click(): null

10-10-2024T15:31:49 - [TEST_STEP][PASSED] - wait.until(ExpectedConditions.visibilityOfElementLocated(By.xpath(xpathTextAccount))): null

10-10-2024T15:31:59 - [TEST_STEP][PASSED] - xpath(xpathChonVi)).click(): null

10-10-2024T15:31:59 - [TEST_STEP][PASSED] - xpath(xpathThuHo3)).click(): null

10-10-2024T15:32:00 - [TEST_STEP][PASSED] - xpath(xpathOptionNapTien)).click(): null

10-10-2024T15:32:00 - [TEST_STEP][PASSED] - xpath(xpathOptionHoanPhi)).click(): null

10-10-2024T15:32:00 - [TEST_STEP][PASSED] - xpath(xpathDay)).click(): null

10-10-2024T15:32:01 - [TEST_STEP][PASSED] - xpath(xpathHomNay)).click(): null

10-10-2024T15:32:01 - [TEST_STEP][PASSED] - xpath(xpathBtnContinue)).click(): null

10-10-2024T15:32:02 - [TEST_STEP][ERROR] - xpath("//button[contains(text(),'Đồng ý')]")).click(): Test Cases/Quản lý tài khoản merchant/Quản lý danh sách tài khoản/Nạp tiền/TC_10_Kiểm tra khi chọn ví đúng và chọn loại giao dịch là hoàn phí FAILED.
Reason:
org.openqa.selenium.NoSuchElementException: no such element: Unable to locate element: {"method":"xpath","selector":"//button[contains(text(),'Đồng ý')]"}
  (Session info: chrome=129.0.6668.91)
For documentation on this error, please visit: https://www.seleniumhq.org/exceptions/no_such_element.html
Build info: version: '3.141.59', revision: 'unknown', time: 'unknown'
System info: host: 'Giang-Nguyen.local', ip: '127.0.0.1', os.name: 'Mac OS X', os.arch: 'x86_64', os.version: '12.6.6', java.version: '17.0.7'
Driver info: com.kms.katalon.selenium.driver.CChromeDriver
Capabilities {acceptInsecureCerts: false, browserName: chrome, browserVersion: 129.0.6668.91, chrome: {chromedriverVersion: 129.0.6668.100 (cf58cba358d..., userDataDir: /var/folders/2z/363n2ch977s...}, fedcm:accounts: true, goog:chromeOptions: {debuggerAddress: localhost:57958}, javascriptEnabled: true, networkConnectionEnabled: false, pageLoadStrategy: normal, platform: MAC, platformName: MAC, proxy: Proxy(), setWindowRect: true, strictFileInteractability: false, timeouts: {implicit: 0, pageLoad: 300000, script: 30000}, unhandledPromptBehavior: dismiss and notify, webauthn:extension:credBlob: true, webauthn:extension:largeBlob: true, webauthn:extension:minPinLength: true, webauthn:extension:prf: true, webauthn:virtualAuthenticators: true}
Session ID: b8136a8feb50302284266f7ab0fccd47
*** Element info: {Using=xpath, value=//button[contains(text(),'Đồng ý')]}
	at jdk.internal.reflect.GeneratedConstructorAccessor30.newInstance(Unknown Source)
	at java.base/jdk.internal.reflect.DelegatingConstructorAccessorImpl.newInstance(DelegatingConstructorAccessorImpl.java:45)
	at org.openqa.selenium.remote.http.W3CHttpResponseCodec.createException(W3CHttpResponseCodec.java:187)
	at org.openqa.selenium.remote.http.W3CHttpResponseCodec.decode(W3CHttpResponseCodec.java:122)
	at org.openqa.selenium.remote.http.W3CHttpResponseCodec.decode(W3CHttpResponseCodec.java:49)
	at org.openqa.selenium.remote.HttpCommandExecutor.execute(HttpCommandExecutor.java:158)
	at org.openqa.selenium.remote.service.DriverCommandExecutor.execute(DriverCommandExecutor.java:83)
	at org.openqa.selenium.remote.RemoteWebDriver.execute(RemoteWebDriver.java:552)
	at com.kms.katalon.selenium.driver.CChromeDriver.execute(CChromeDriver.java:19)
	at org.openqa.selenium.remote.RemoteWebDriver.findElement(RemoteWebDriver.java:323)
	at org.openqa.selenium.remote.RemoteWebDriver.findElementByXPath(RemoteWebDriver.java:428)
	at org.openqa.selenium.By$ByXPath.findElement(By.java:353)
	at org.openqa.selenium.remote.RemoteWebDriver.findElement(RemoteWebDriver.java:315)
	at jdk.internal.reflect.GeneratedMethodAccessor12.invoke(Unknown Source)
	at java.base/jdk.internal.reflect.DelegatingMethodAccessorImpl.invoke(DelegatingMethodAccessorImpl.java:43)
	at org.openqa.selenium.support.events.EventFiringWebDriver.lambda$new$1(EventFiringWebDriver.java:105)
	at jdk.proxy2/jdk.proxy2.$Proxy25.findElement(Unknown Source)
	at org.openqa.selenium.support.events.EventFiringWebDriver.findElement(EventFiringWebDriver.java:194)
	at TC_10_Kiểm tra khi chọn ví đúng và chọn loại giao dịch là hoàn phí.run(TC_10_Kiểm tra khi chọn ví đúng và chọn loại giao dịch là hoàn phí:49)
	at com.kms.katalon.core.main.ScriptEngine.run(ScriptEngine.java:194)
	at com.kms.katalon.core.main.ScriptEngine.runScriptAsRawText(ScriptEngine.java:119)
	at com.kms.katalon.core.main.TestCaseExecutor.runScript(TestCaseExecutor.java:448)
	at com.kms.katalon.core.main.TestCaseExecutor.doExecute(TestCaseExecutor.java:439)
	at com.kms.katalon.core.main.TestCaseExecutor.processExecutionPhase(TestCaseExecutor.java:418)
	at com.kms.katalon.core.main.TestCaseExecutor.accessMainPhase(TestCaseExecutor.java:410)
	at com.kms.katalon.core.main.TestCaseExecutor.execute(TestCaseExecutor.java:285)
	at com.kms.katalon.core.common.CommonExecutor.accessTestCaseMainPhase(CommonExecutor.java:65)
	at com.kms.katalon.core.main.TestSuiteExecutor.accessTestSuiteMainPhase(TestSuiteExecutor.java:150)
	at com.kms.katalon.core.main.TestSuiteExecutor.execute(TestSuiteExecutor.java:106)
	at com.kms.katalon.core.main.TestCaseMain.startTestSuite(TestCaseMain.java:180)
	at TempTestSuite1728548700256.run(TempTestSuite1728548700256.groovy:35)
	at java.base/jdk.internal.reflect.NativeMethodAccessorImpl.invoke0(Native Method)
	at java.base/jdk.internal.reflect.NativeMethodAccessorImpl.invoke(NativeMethodAccessorImpl.java:77)
	at java.base/jdk.internal.reflect.DelegatingMethodAccessorImpl.invoke(DelegatingMethodAccessorImpl.java:43)


10-10-2024T15:32:03 - [MESSAGE][ERROR] - Test Cases/Quản lý tài khoản merchant/Quản lý danh sách tài khoản/Nạp tiền/TC_10_Kiểm tra khi chọn ví đúng và chọn loại giao dịch là hoàn phí FAILED.
Reason:
org.openqa.selenium.NoSuchElementException: no such element: Unable to locate element: {"method":"xpath","selector":"//button[contains(text(),'Đồng ý')]"}
  (Session info: chrome=129.0.6668.91)
For documentation on this error, please visit: https://www.seleniumhq.org/exceptions/no_such_element.html
Build info: version: '3.141.59', revision: 'unknown', time: 'unknown'
System info: host: 'Giang-Nguyen.local', ip: '127.0.0.1', os.name: 'Mac OS X', os.arch: 'x86_64', os.version: '12.6.6', java.version: '17.0.7'
Driver info: com.kms.katalon.selenium.driver.CChromeDriver
Capabilities {acceptInsecureCerts: false, browserName: chrome, browserVersion: 129.0.6668.91, chrome: {chromedriverVersion: 129.0.6668.100 (cf58cba358d..., userDataDir: /var/folders/2z/363n2ch977s...}, fedcm:accounts: true, goog:chromeOptions: {debuggerAddress: localhost:57958}, javascriptEnabled: true, networkConnectionEnabled: false, pageLoadStrategy: normal, platform: MAC, platformName: MAC, proxy: Proxy(), setWindowRect: true, strictFileInteractability: false, timeouts: {implicit: 0, pageLoad: 300000, script: 30000}, unhandledPromptBehavior: dismiss and notify, webauthn:extension:credBlob: true, webauthn:extension:largeBlob: true, webauthn:extension:minPinLength: true, webauthn:extension:prf: true, webauthn:virtualAuthenticators: true}
Session ID: b8136a8feb50302284266f7ab0fccd47
*** Element info: {Using=xpath, value=//button[contains(text(),'Đồng ý')]}
	at jdk.internal.reflect.GeneratedConstructorAccessor30.newInstance(Unknown Source)
	at java.base/jdk.internal.reflect.DelegatingConstructorAccessorImpl.newInstance(DelegatingConstructorAccessorImpl.java:45)
	at org.openqa.selenium.remote.http.W3CHttpResponseCodec.createException(W3CHttpResponseCodec.java:187)
	at org.openqa.selenium.remote.http.W3CHttpResponseCodec.decode(W3CHttpResponseCodec.java:122)
	at org.openqa.selenium.remote.http.W3CHttpResponseCodec.decode(W3CHttpResponseCodec.java:49)
	at org.openqa.selenium.remote.HttpCommandExecutor.execute(HttpCommandExecutor.java:158)
	at org.openqa.selenium.remote.service.DriverCommandExecutor.execute(DriverCommandExecutor.java:83)
	at org.openqa.selenium.remote.RemoteWebDriver.execute(RemoteWebDriver.java:552)
	at com.kms.katalon.selenium.driver.CChromeDriver.execute(CChromeDriver.java:19)
	at org.openqa.selenium.remote.RemoteWebDriver.findElement(RemoteWebDriver.java:323)
	at org.openqa.selenium.remote.RemoteWebDriver.findElementByXPath(RemoteWebDriver.java:428)
	at org.openqa.selenium.By$ByXPath.findElement(By.java:353)
	at org.openqa.selenium.remote.RemoteWebDriver.findElement(RemoteWebDriver.java:315)
	at jdk.internal.reflect.GeneratedMethodAccessor12.invoke(Unknown Source)
	at java.base/jdk.internal.reflect.DelegatingMethodAccessorImpl.invoke(DelegatingMethodAccessorImpl.java:43)
	at org.openqa.selenium.support.events.EventFiringWebDriver.lambda$new$1(EventFiringWebDriver.java:105)
	at jdk.proxy2/jdk.proxy2.$Proxy25.findElement(Unknown Source)
	at org.openqa.selenium.support.events.EventFiringWebDriver.findElement(EventFiringWebDriver.java:194)
	at TC_10_Kiểm tra khi chọn ví đúng và chọn loại giao dịch là hoàn phí.run(TC_10_Kiểm tra khi chọn ví đúng và chọn loại giao dịch là hoàn phí:49)
	at com.kms.katalon.core.main.ScriptEngine.run(ScriptEngine.java:194)
	at com.kms.katalon.core.main.ScriptEngine.runScriptAsRawText(ScriptEngine.java:119)
	at com.kms.katalon.core.main.TestCaseExecutor.runScript(TestCaseExecutor.java:448)
	at com.kms.katalon.core.main.TestCaseExecutor.doExecute(TestCaseExecutor.java:439)
	at com.kms.katalon.core.main.TestCaseExecutor.processExecutionPhase(TestCaseExecutor.java:418)
	at com.kms.katalon.core.main.TestCaseExecutor.accessMainPhase(TestCaseExecutor.java:410)
	at com.kms.katalon.core.main.TestCaseExecutor.execute(TestCaseExecutor.java:285)
	at com.kms.katalon.core.common.CommonExecutor.accessTestCaseMainPhase(CommonExecutor.java:65)
	at com.kms.katalon.core.main.TestSuiteExecutor.accessTestSuiteMainPhase(TestSuiteExecutor.java:150)
	at com.kms.katalon.core.main.TestSuiteExecutor.execute(TestSuiteExecutor.java:106)
	at com.kms.katalon.core.main.TestCaseMain.startTestSuite(TestCaseMain.java:180)
	at TempTestSuite1728548700256.run(TempTestSuite1728548700256.groovy:35)
	at java.base/jdk.internal.reflect.NativeMethodAccessorImpl.invoke0(Native Method)
	at java.base/jdk.internal.reflect.NativeMethodAccessorImpl.invoke(NativeMethodAccessorImpl.java:77)
	at java.base/jdk.internal.reflect.DelegatingMethodAccessorImpl.invoke(DelegatingMethodAccessorImpl.java:43)


10-10-2024T15:32:03 - [TEST_STEP][PASSED] - Start listener action : sampleAfterTestCase: null

10-10-2024T15:32:03 - [TEST_STEP][PASSED] - testCaseId = testCaseContext.getTestCaseId(): null

10-10-2024T15:32:03 - [TEST_STEP][PASSED] - if (testCaseId == "Test Cases/Quản lý tài khoản merchant/Quản lý dịch vụ merchant/Kiểm tra chức năng xác nhận cấu hình thay đổi VA"): null]]></system-out>
         <system-err><![CDATA[10-10-2024T15:31:26 - [TEST_CASE][ERROR] - Test Cases/Quản lý tài khoản merchant/Quản lý danh sách tài khoản/Nạp tiền/TC_10_Kiểm tra khi chọn ví đúng và chọn loại giao dịch là hoàn phí: Test Cases/Quản lý tài khoản merchant/Quản lý danh sách tài khoản/Nạp tiền/TC_10_Kiểm tra khi chọn ví đúng và chọn loại giao dịch là hoàn phí FAILED.
Reason:
org.openqa.selenium.NoSuchElementException: no such element: Unable to locate element: {"method":"xpath","selector":"//button[contains(text(),'Đồng ý')]"}
  (Session info: chrome=129.0.6668.91)
For documentation on this error, please visit: https://www.seleniumhq.org/exceptions/no_such_element.html
Build info: version: '3.141.59', revision: 'unknown', time: 'unknown'
System info: host: 'Giang-Nguyen.local', ip: '127.0.0.1', os.name: 'Mac OS X', os.arch: 'x86_64', os.version: '12.6.6', java.version: '17.0.7'
Driver info: com.kms.katalon.selenium.driver.CChromeDriver
Capabilities {acceptInsecureCerts: false, browserName: chrome, browserVersion: 129.0.6668.91, chrome: {chromedriverVersion: 129.0.6668.100 (cf58cba358d..., userDataDir: /var/folders/2z/363n2ch977s...}, fedcm:accounts: true, goog:chromeOptions: {debuggerAddress: localhost:57958}, javascriptEnabled: true, networkConnectionEnabled: false, pageLoadStrategy: normal, platform: MAC, platformName: MAC, proxy: Proxy(), setWindowRect: true, strictFileInteractability: false, timeouts: {implicit: 0, pageLoad: 300000, script: 30000}, unhandledPromptBehavior: dismiss and notify, webauthn:extension:credBlob: true, webauthn:extension:largeBlob: true, webauthn:extension:minPinLength: true, webauthn:extension:prf: true, webauthn:virtualAuthenticators: true}
Session ID: b8136a8feb50302284266f7ab0fccd47
*** Element info: {Using=xpath, value=//button[contains(text(),'Đồng ý')]}
	at jdk.internal.reflect.GeneratedConstructorAccessor30.newInstance(Unknown Source)
	at java.base/jdk.internal.reflect.DelegatingConstructorAccessorImpl.newInstance(DelegatingConstructorAccessorImpl.java:45)
	at org.openqa.selenium.remote.http.W3CHttpResponseCodec.createException(W3CHttpResponseCodec.java:187)
	at org.openqa.selenium.remote.http.W3CHttpResponseCodec.decode(W3CHttpResponseCodec.java:122)
	at org.openqa.selenium.remote.http.W3CHttpResponseCodec.decode(W3CHttpResponseCodec.java:49)
	at org.openqa.selenium.remote.HttpCommandExecutor.execute(HttpCommandExecutor.java:158)
	at org.openqa.selenium.remote.service.DriverCommandExecutor.execute(DriverCommandExecutor.java:83)
	at org.openqa.selenium.remote.RemoteWebDriver.execute(RemoteWebDriver.java:552)
	at com.kms.katalon.selenium.driver.CChromeDriver.execute(CChromeDriver.java:19)
	at org.openqa.selenium.remote.RemoteWebDriver.findElement(RemoteWebDriver.java:323)
	at org.openqa.selenium.remote.RemoteWebDriver.findElementByXPath(RemoteWebDriver.java:428)
	at org.openqa.selenium.By$ByXPath.findElement(By.java:353)
	at org.openqa.selenium.remote.RemoteWebDriver.findElement(RemoteWebDriver.java:315)
	at jdk.internal.reflect.GeneratedMethodAccessor12.invoke(Unknown Source)
	at java.base/jdk.internal.reflect.DelegatingMethodAccessorImpl.invoke(DelegatingMethodAccessorImpl.java:43)
	at org.openqa.selenium.support.events.EventFiringWebDriver.lambda$new$1(EventFiringWebDriver.java:105)
	at jdk.proxy2/jdk.proxy2.$Proxy25.findElement(Unknown Source)
	at org.openqa.selenium.support.events.EventFiringWebDriver.findElement(EventFiringWebDriver.java:194)
	at TC_10_Kiểm tra khi chọn ví đúng và chọn loại giao dịch là hoàn phí.run(TC_10_Kiểm tra khi chọn ví đúng và chọn loại giao dịch là hoàn phí:49)
	at com.kms.katalon.core.main.ScriptEngine.run(ScriptEngine.java:194)
	at com.kms.katalon.core.main.ScriptEngine.runScriptAsRawText(ScriptEngine.java:119)
	at com.kms.katalon.core.main.TestCaseExecutor.runScript(TestCaseExecutor.java:448)
	at com.kms.katalon.core.main.TestCaseExecutor.doExecute(TestCaseExecutor.java:439)
	at com.kms.katalon.core.main.TestCaseExecutor.processExecutionPhase(TestCaseExecutor.java:418)
	at com.kms.katalon.core.main.TestCaseExecutor.accessMainPhase(TestCaseExecutor.java:410)
	at com.kms.katalon.core.main.TestCaseExecutor.execute(TestCaseExecutor.java:285)
	at com.kms.katalon.core.common.CommonExecutor.accessTestCaseMainPhase(CommonExecutor.java:65)
	at com.kms.katalon.core.main.TestSuiteExecutor.accessTestSuiteMainPhase(TestSuiteExecutor.java:150)
	at com.kms.katalon.core.main.TestSuiteExecutor.execute(TestSuiteExecutor.java:106)
	at com.kms.katalon.core.main.TestCaseMain.startTestSuite(TestCaseMain.java:180)
	at TempTestSuite1728548700256.run(TempTestSuite1728548700256.groovy:35)
	at java.base/jdk.internal.reflect.NativeMethodAccessorImpl.invoke0(Native Method)
	at java.base/jdk.internal.reflect.NativeMethodAccessorImpl.invoke(NativeMethodAccessorImpl.java:77)
	at java.base/jdk.internal.reflect.DelegatingMethodAccessorImpl.invoke(DelegatingMethodAccessorImpl.java:43)]]></system-err>
      </testcase>
      <testcase name="Test Cases/Quản lý tài khoản merchant/Quản lý danh sách tài khoản/Nạp tiền/TC_11_Kiểm tra khi hoàn tiền sau khi đã duyệt" time="61.624" classname="Test Cases/Quản lý tài khoản merchant/Quản lý danh sách tài khoản/Nạp tiền/TC_11_Kiểm tra khi hoàn tiền sau khi đã duyệt" status="PASSED">
         <system-out><![CDATA[10-10-2024T15:32:03 - [TEST_CASE][PASSED] - Test Cases/Quản lý tài khoản merchant/Quản lý danh sách tài khoản/Nạp tiền/TC_11_Kiểm tra khi hoàn tiền sau khi đã duyệt: Test Cases/Quản lý tài khoản merchant/Quản lý danh sách tài khoản/Nạp tiền/TC_11_Kiểm tra khi hoàn tiền sau khi đã duyệt

10-10-2024T15:32:03 - [TEST_STEP][PASSED] - Start listener action : sampleBeforeTestCase: Navigate to 'https://stg-cms-console.9pay.mobi/login' successfully

10-10-2024T15:32:03 - [TEST_STEP][PASSED] - testCaseId = testCaseContext.getTestCaseId(): null

10-10-2024T15:32:03 - [TEST_STEP][PASSED] - url = <not implemented yet for class: org.codehaus.groovy.ast.expr.EmptyExpression>: null

10-10-2024T15:32:03 - [TEST_STEP][PASSED] - if (testCaseId == "Test Cases/Quản lý tài khoản merchant/Quản lý dịch vụ merchant/Kiểm tra thay đổi sau khi cấu hình VA trên MCV"): null

10-10-2024T15:32:03 - [TEST_STEP][PASSED] - else: null

10-10-2024T15:32:03 - [TEST_STEP][PASSED] - url = "https://stg-cms-console.9pay.mobi/login": null

10-10-2024T15:32:03 - [TEST_STEP][PASSED] - openBrowser(""): Browser is opened with url: ''

10-10-2024T15:32:04 - [MESSAGE][WARNING] - A browser is already opened. Closing browser and opening a new one

10-10-2024T15:32:04 - [MESSAGE][INFO] - Starting 'Chrome' driver

10-10-2024T15:32:04 - [MESSAGE][INFO] - Action delay is set to 0 milliseconds

10-10-2024T15:32:06 - [MESSAGE][PASSED] - Browser is opened with url: ''

10-10-2024T15:32:06 - [TEST_STEP][PASSED] - maximizeWindow(): Current window maximized

10-10-2024T15:32:06 - [MESSAGE][PASSED] - Current window maximized

10-10-2024T15:32:06 - [TEST_STEP][PASSED] - navigateToUrl(url): Navigate to 'https://stg-cms-console.9pay.mobi/login' successfully

10-10-2024T15:32:12 - [MESSAGE][PASSED] - Navigate to 'https://stg-cms-console.9pay.mobi/login' successfully

10-10-2024T15:32:13 - [TEST_STEP][PASSED] - driver = getWebDriver(): null

10-10-2024T15:32:13 - [TEST_STEP][PASSED] - callTestCase(findTestCase("Test Cases/Login/LoginCommon"), [:], STOP_ON_FAILURE): Call Test Case 'Test Cases/Login/LoginCommon' successfully

10-10-2024T15:32:13 - [TEST_CASE][PASSED] - Test Cases/Login/LoginCommon: Test Cases/Login/LoginCommon

10-10-2024T15:32:13 - [TEST_STEP][PASSED] - driver = getWebDriver(): null

10-10-2024T15:32:13 - [TEST_STEP][PASSED] - sendKeys(findTestObject("Quản lý tài khoản merchant/Quản lý dịch vụ merchant/userNameTextbox"), userAccount): Keys 'dannt@9pay.vn' sent to object: 'Object Repository/Quản lý tài khoản merchant/Quản lý dịch vụ merchant/userNameTextbox'

10-10-2024T15:32:14 - [MESSAGE][PASSED] - Keys 'dannt@9pay.vn' sent to object: 'Object Repository/Quản lý tài khoản merchant/Quản lý dịch vụ merchant/userNameTextbox'

10-10-2024T15:32:14 - [TEST_STEP][PASSED] - sendKeys(findTestObject("Quản lý tài khoản merchant/Quản lý dịch vụ merchant/passwordTextbox"), password): Keys 'dannt@9pay.vn' sent to object: 'Object Repository/Quản lý tài khoản merchant/Quản lý dịch vụ merchant/passwordTextbox'

10-10-2024T15:32:14 - [MESSAGE][PASSED] - Keys 'dannt@9pay.vn' sent to object: 'Object Repository/Quản lý tài khoản merchant/Quản lý dịch vụ merchant/passwordTextbox'

10-10-2024T15:32:14 - [TEST_STEP][PASSED] - click(findTestObject("Quản lý tài khoản merchant/Quản lý dịch vụ merchant/loginButton")): Object: 'Object Repository/Quản lý tài khoản merchant/Quản lý dịch vụ merchant/loginButton' is clicked on

10-10-2024T15:32:14 - [MESSAGE][PASSED] - Object: 'Object Repository/Quản lý tài khoản merchant/Quản lý dịch vụ merchant/loginButton' is clicked on

10-10-2024T15:32:14 - [MESSAGE][PASSED] - Call Test Case 'Test Cases/Login/LoginCommon' successfully

10-10-2024T15:32:14 - [TEST_STEP][PASSED] - waitForElementVisible(findTestObject("Trang chủ/userName"), 10, STOP_ON_FAILURE): Object 'Object Repository/Trang chủ/userName' is visible

10-10-2024T15:32:17 - [MESSAGE][PASSED] - Object 'Object Repository/Trang chủ/userName' is visible

10-10-2024T15:32:17 - [TEST_STEP][PASSED] - callTestCase(findTestCase("Test Cases/Quản lý tài khoản merchant/Quản lý danh sách tài khoản/CustomFunctions Deposit"), [:], STOP_ON_FAILURE): Call Test Case 'Test Cases/Quản lý tài khoản merchant/Quản lý danh sách tài khoản/CustomFunctions Deposit' successfully

10-10-2024T15:32:17 - [TEST_CASE][PASSED] - Test Cases/Quản lý tài khoản merchant/Quản lý danh sách tài khoản/CustomFunctions Deposit: Test Cases/Quản lý tài khoản merchant/Quản lý danh sách tài khoản/CustomFunctions Deposit

10-10-2024T15:32:17 - [TEST_STEP][PASSED] - driver = getWebDriver(): null

10-10-2024T15:32:17 - [TEST_STEP][PASSED] - element1 = driver.findElement(By.xpath("//span[contains(text(),'Quản lý tài khoản merchant')]")): null

10-10-2024T15:32:18 - [TEST_STEP][PASSED] - actions = new org.openqa.selenium.interactions.Actions(driver): null

10-10-2024T15:32:18 - [TEST_STEP][PASSED] - click().perform(): null

10-10-2024T15:32:19 - [TEST_STEP][PASSED] - wait = new org.openqa.selenium.support.ui.WebDriverWait(com.kms.katalon.core.webui.driver.DriverFactory.getWebDriver(), 15): null

10-10-2024T15:32:19 - [TEST_STEP][PASSED] - xpath(xpathManagerListAccount))).click(): null

10-10-2024T15:32:19 - [MESSAGE][PASSED] - Call Test Case 'Test Cases/Quản lý tài khoản merchant/Quản lý danh sách tài khoản/CustomFunctions Deposit' successfully

10-10-2024T15:32:19 - [TEST_STEP][PASSED] - wait = new org.openqa.selenium.support.ui.WebDriverWait(com.kms.katalon.core.webui.driver.DriverFactory.getWebDriver(), 20): null

10-10-2024T15:32:19 - [TEST_STEP][PASSED] - userCode = wait.until(ExpectedConditions.visibilityOfElementLocated(By.xpath(xpathUserCode))): null

10-10-2024T15:32:23 - [TEST_STEP][PASSED] - println(userCode.getText()): null

10-10-2024T15:32:23 - [TEST_STEP][PASSED] - xpath(xpathBtnAccount))).click(): null

10-10-2024T15:32:24 - [TEST_STEP][PASSED] - searchTextbox = wait.until(ExpectedConditions.elementToBeClickable(By.xpath(xpathSearchTextbox))): null

10-10-2024T15:32:24 - [TEST_STEP][PASSED] - searchTextbox.sendKeys("dannt11"): null

10-10-2024T15:32:25 - [TEST_STEP][PASSED] - xpath(xpathOption)).click(): null

10-10-2024T15:32:25 - [TEST_STEP][PASSED] - xpath(xpathBtnSearch)).click(): null

10-10-2024T15:32:26 - [TEST_STEP][PASSED] - wait.until(ExpectedConditions.visibilityOfElementLocated(By.xpath(xpathAccountName))): null

10-10-2024T15:32:26 - [TEST_STEP][PASSED] - startElement = driver.findElement(By.xpath("//strong[contains(text(),'Thu hộ:')]")): null

10-10-2024T15:32:27 - [TEST_STEP][PASSED] - js = driver: null

10-10-2024T15:32:27 - [TEST_STEP][PASSED] - script = "return arguments[0].nextSibling.textContent;": null

10-10-2024T15:32:27 - [TEST_STEP][PASSED] - nextTextNodeContent = js.executeScript(script, startElement): null

10-10-2024T15:32:27 - [TEST_STEP][PASSED] - out.println("Thu ho " + nextTextNodeContent): null

10-10-2024T15:32:27 - [TEST_STEP][PASSED] - numericString = nextTextNodeContent.replaceAll("[^0-9]", ""): null

10-10-2024T15:32:27 - [TEST_STEP][PASSED] - thuHo = Integer.parseInt(numericString): null

10-10-2024T15:32:27 - [TEST_STEP][PASSED] - out.println("Thu ho " + thuHo): null

10-10-2024T15:32:27 - [TEST_STEP][PASSED] - xpath(xpathBtnDeposit)).click(): null

10-10-2024T15:32:28 - [TEST_STEP][PASSED] - wait.until(ExpectedConditions.visibilityOfElementLocated(By.xpath(xpathTextAccount))): null

10-10-2024T15:32:38 - [TEST_STEP][PASSED] - xpath(xpathChonVi)).click(): null

10-10-2024T15:32:38 - [TEST_STEP][PASSED] - xpath(xpathThuHo3)).click(): null

10-10-2024T15:32:39 - [TEST_STEP][PASSED] - xpath(xpathDay)).click(): null

10-10-2024T15:32:39 - [TEST_STEP][PASSED] - xpath(xpathHomNay)).click(): null

10-10-2024T15:32:40 - [TEST_STEP][PASSED] - xpath(xpathBtnContinue)).click(): null

10-10-2024T15:32:40 - [TEST_STEP][PASSED] - xpath(BtnOkXpath)).click(): null

10-10-2024T15:32:41 - [TEST_STEP][PASSED] - xpath(xpathDepositTextbox)).sendKeys("150000"): null

10-10-2024T15:32:41 - [TEST_STEP][PASSED] - xpath(xpathButtonSubmit)).click(): null

10-10-2024T15:32:42 - [TEST_STEP][PASSED] - wait.until(ExpectedConditions.elementToBeClickable(By.xpath(xpathButtonApprove))): null

10-10-2024T15:32:43 - [TEST_STEP][PASSED] - approveDps = driver.findElement(By.xpath(xpathButtonApprove)): null

10-10-2024T15:32:43 - [TEST_STEP][PASSED] - js.executeScript("arguments[0].scrollIntoView(false);", approveDps): null

10-10-2024T15:32:43 - [TEST_STEP][PASSED] - approveDps.click(): null

10-10-2024T15:32:44 - [TEST_STEP][PASSED] - Thread.sleep(1000): null

10-10-2024T15:32:45 - [TEST_STEP][PASSED] - xpath(xpathCfBtn)).click(): null

10-10-2024T15:32:45 - [TEST_STEP][PASSED] - xpath(xpathBtnOk)).click(): null

10-10-2024T15:32:46 - [TEST_STEP][PASSED] - navigate().refresh(): null

10-10-2024T15:32:46 - [TEST_STEP][PASSED] - wait.until(ExpectedConditions.visibilityOfElementLocated(By.xpath(xpathTextAfterAccept))): null

10-10-2024T15:32:47 - [TEST_STEP][PASSED] - thuHoi = driver.findElement(By.xpath(xpathThuHoi)): null

10-10-2024T15:32:48 - [TEST_STEP][PASSED] - js.executeScript("arguments[0].scrollIntoView(false);", thuHoi): null

10-10-2024T15:32:48 - [TEST_STEP][PASSED] - thuHoi.click(): null

10-10-2024T15:32:48 - [TEST_STEP][PASSED] - xpath("//input[@placeholder='Nội dung']")).sendKeys("Test"): null

10-10-2024T15:32:48 - [TEST_STEP][PASSED] - xpath("//button[contains(text(),'Cập nhật')]")).click(): null

10-10-2024T15:32:49 - [TEST_STEP][PASSED] - xpath("//button[normalize-space()='Ok']")).click(): null

10-10-2024T15:32:49 - [TEST_STEP][PASSED] - callTestCase(findTestCase("Test Cases/Quản lý tài khoản merchant/Quản lý danh sách tài khoản/CustomFunctions.groovy"), [:], STOP_ON_FAILURE): Call Test Case 'Test Cases/Quản lý tài khoản merchant/Quản lý danh sách tài khoản/CustomFunctions.groovy' successfully

10-10-2024T15:32:49 - [TEST_CASE][PASSED] - Test Cases/Quản lý tài khoản merchant/Quản lý danh sách tài khoản/CustomFunctions.groovy: Test Cases/Quản lý tài khoản merchant/Quản lý danh sách tài khoản/CustomFunctions.groovy

10-10-2024T15:32:50 - [TEST_STEP][PASSED] - driver = getWebDriver(): null

10-10-2024T15:32:50 - [TEST_STEP][PASSED] - sleep(2000): null

10-10-2024T15:32:52 - [TEST_STEP][PASSED] - element1 = driver.findElement(By.xpath(xpathManagerMC)): null

10-10-2024T15:32:52 - [TEST_STEP][PASSED] - actions = new org.openqa.selenium.interactions.Actions(driver): null

10-10-2024T15:32:52 - [TEST_STEP][PASSED] - click().perform(): null

10-10-2024T15:32:52 - [TEST_STEP][PASSED] - wait = new org.openqa.selenium.support.ui.WebDriverWait(com.kms.katalon.core.webui.driver.DriverFactory.getWebDriver(), 20): null

10-10-2024T15:32:52 - [TEST_STEP][PASSED] - element2 = wait.until(ExpectedConditions.elementToBeClickable(By.xpath(xpathManagerListAccount))): null

10-10-2024T15:32:52 - [TEST_STEP][PASSED] - click().perform(): null

10-10-2024T15:32:53 - [TEST_STEP][PASSED] - wait.until(ExpectedConditions.visibilityOfElementLocated(By.xpath(xpathUserCode))): null

10-10-2024T15:32:57 - [TEST_STEP][PASSED] - xpath(xpathBtnAccount))).click(): null

10-10-2024T15:32:57 - [TEST_STEP][PASSED] - searchTextbox = wait.until(ExpectedConditions.elementToBeClickable(By.xpath(xpathSearchTextbox))): null

10-10-2024T15:32:58 - [TEST_STEP][PASSED] - searchTextbox.sendKeys("dannt11"): null

10-10-2024T15:32:58 - [TEST_STEP][PASSED] - xpath(xpathOption)).click(): null

10-10-2024T15:32:59 - [TEST_STEP][PASSED] - xpath(xpathBtnSearch)).click(): null

10-10-2024T15:32:59 - [TEST_STEP][PASSED] - Assert.assertEquals(xpath(xpathAccountName)).getText(), username): null

10-10-2024T15:33:00 - [TEST_STEP][PASSED] - xpath(xpathUser)).click(): null

10-10-2024T15:33:00 - [TEST_STEP][PASSED] - xpath(xpathSearchTextbox)).sendKeys("dannt21"): null

10-10-2024T15:33:01 - [TEST_STEP][PASSED] - xpath(xpathClicked)).click(): null

10-10-2024T15:33:01 - [TEST_STEP][PASSED] - xpath(xpathBtnSearch)).click(): null

10-10-2024T15:33:02 - [MESSAGE][PASSED] - Call Test Case 'Test Cases/Quản lý tài khoản merchant/Quản lý danh sách tài khoản/CustomFunctions.groovy' successfully

10-10-2024T15:33:02 - [TEST_STEP][PASSED] - startElementAf = driver.findElement(By.xpath(xpathThuHoBtn)): null

10-10-2024T15:33:05 - [TEST_STEP][PASSED] - jsAf = driver: null

10-10-2024T15:33:05 - [TEST_STEP][PASSED] - scriptAf = "return arguments[0].nextSibling.textContent;": null

10-10-2024T15:33:05 - [TEST_STEP][PASSED] - balanceStrAf = jsAf.executeScript(scriptAf, startElementAf): null

10-10-2024T15:33:05 - [TEST_STEP][PASSED] - numericStringAf = balanceStrAf.replaceAll("[^0-9]", ""): null

10-10-2024T15:33:05 - [TEST_STEP][PASSED] - balanceAf = Integer.parseInt(numericStringAf): null

10-10-2024T15:33:05 - [TEST_STEP][PASSED] - out.println("Thu ho " + balanceAf): null

10-10-2024T15:33:05 - [TEST_STEP][PASSED] - if (balanceAf == thuHo): Test case đã pass với số tiền đã được cộng đúng.

10-10-2024T15:33:05 - [TEST_STEP][PASSED] - println("Số tiền đã đúng "): null

10-10-2024T15:33:05 - [TEST_STEP][PASSED] - markPassed("Test case đã pass với số tiền đã được cộng đúng."): Test case đã pass với số tiền đã được cộng đúng.

10-10-2024T15:33:05 - [MESSAGE][PASSED] - Test case đã pass với số tiền đã được cộng đúng.

10-10-2024T15:33:05 - [TEST_STEP][PASSED] - Start listener action : sampleAfterTestCase: null

10-10-2024T15:33:05 - [TEST_STEP][PASSED] - testCaseId = testCaseContext.getTestCaseId(): null

10-10-2024T15:33:05 - [TEST_STEP][PASSED] - if (testCaseId == "Test Cases/Quản lý tài khoản merchant/Quản lý dịch vụ merchant/Kiểm tra chức năng xác nhận cấu hình thay đổi VA"): null]]></system-out>
         <system-err><![CDATA[]]></system-err>
      </testcase>
      <system-out><![CDATA[10-10-2024T15:25:09 - [TEST_SUITE][ERROR] - Nạp tiền: Test Cases/Quản lý tài khoản merchant/Quản lý danh sách tài khoản/Nạp tiền/TC_10_Kiểm tra khi chọn ví đúng và chọn loại giao dịch là hoàn phí FAILED.
Reason:
org.openqa.selenium.NoSuchElementException: no such element: Unable to locate element: {"method":"xpath","selector":"//button[contains(text(),'Đồng ý')]"}
  (Session info: chrome=129.0.6668.91)
For documentation on this error, please visit: https://www.seleniumhq.org/exceptions/no_such_element.html
Build info: version: '3.141.59', revision: 'unknown', time: 'unknown'
System info: host: 'Giang-Nguyen.local', ip: '127.0.0.1', os.name: 'Mac OS X', os.arch: 'x86_64', os.version: '12.6.6', java.version: '17.0.7'
Driver info: com.kms.katalon.selenium.driver.CChromeDriver
Capabilities {acceptInsecureCerts: false, browserName: chrome, browserVersion: 129.0.6668.91, chrome: {chromedriverVersion: 129.0.6668.100 (cf58cba358d..., userDataDir: /var/folders/2z/363n2ch977s...}, fedcm:accounts: true, goog:chromeOptions: {debuggerAddress: localhost:57958}, javascriptEnabled: true, networkConnectionEnabled: false, pageLoadStrategy: normal, platform: MAC, platformName: MAC, proxy: Proxy(), setWindowRect: true, strictFileInteractability: false, timeouts: {implicit: 0, pageLoad: 300000, script: 30000}, unhandledPromptBehavior: dismiss and notify, webauthn:extension:credBlob: true, webauthn:extension:largeBlob: true, webauthn:extension:minPinLength: true, webauthn:extension:prf: true, webauthn:virtualAuthenticators: true}
Session ID: b8136a8feb50302284266f7ab0fccd47
*** Element info: {Using=xpath, value=//button[contains(text(),'Đồng ý')]}
	at jdk.internal.reflect.GeneratedConstructorAccessor30.newInstance(Unknown Source)
	at java.base/jdk.internal.reflect.DelegatingConstructorAccessorImpl.newInstance(DelegatingConstructorAccessorImpl.java:45)
	at org.openqa.selenium.remote.http.W3CHttpResponseCodec.createException(W3CHttpResponseCodec.java:187)
	at org.openqa.selenium.remote.http.W3CHttpResponseCodec.decode(W3CHttpResponseCodec.java:122)
	at org.openqa.selenium.remote.http.W3CHttpResponseCodec.decode(W3CHttpResponseCodec.java:49)
	at org.openqa.selenium.remote.HttpCommandExecutor.execute(HttpCommandExecutor.java:158)
	at org.openqa.selenium.remote.service.DriverCommandExecutor.execute(DriverCommandExecutor.java:83)
	at org.openqa.selenium.remote.RemoteWebDriver.execute(RemoteWebDriver.java:552)
	at com.kms.katalon.selenium.driver.CChromeDriver.execute(CChromeDriver.java:19)
	at org.openqa.selenium.remote.RemoteWebDriver.findElement(RemoteWebDriver.java:323)
	at org.openqa.selenium.remote.RemoteWebDriver.findElementByXPath(RemoteWebDriver.java:428)
	at org.openqa.selenium.By$ByXPath.findElement(By.java:353)
	at org.openqa.selenium.remote.RemoteWebDriver.findElement(RemoteWebDriver.java:315)
	at jdk.internal.reflect.GeneratedMethodAccessor12.invoke(Unknown Source)
	at java.base/jdk.internal.reflect.DelegatingMethodAccessorImpl.invoke(DelegatingMethodAccessorImpl.java:43)
	at org.openqa.selenium.support.events.EventFiringWebDriver.lambda$new$1(EventFiringWebDriver.java:105)
	at jdk.proxy2/jdk.proxy2.$Proxy25.findElement(Unknown Source)
	at org.openqa.selenium.support.events.EventFiringWebDriver.findElement(EventFiringWebDriver.java:194)
	at TC_10_Kiểm tra khi chọn ví đúng và chọn loại giao dịch là hoàn phí.run(TC_10_Kiểm tra khi chọn ví đúng và chọn loại giao dịch là hoàn phí:49)
	at com.kms.katalon.core.main.ScriptEngine.run(ScriptEngine.java:194)
	at com.kms.katalon.core.main.ScriptEngine.runScriptAsRawText(ScriptEngine.java:119)
	at com.kms.katalon.core.main.TestCaseExecutor.runScript(TestCaseExecutor.java:448)
	at com.kms.katalon.core.main.TestCaseExecutor.doExecute(TestCaseExecutor.java:439)
	at com.kms.katalon.core.main.TestCaseExecutor.processExecutionPhase(TestCaseExecutor.java:418)
	at com.kms.katalon.core.main.TestCaseExecutor.accessMainPhase(TestCaseExecutor.java:410)
	at com.kms.katalon.core.main.TestCaseExecutor.execute(TestCaseExecutor.java:285)
	at com.kms.katalon.core.common.CommonExecutor.accessTestCaseMainPhase(CommonExecutor.java:65)
	at com.kms.katalon.core.main.TestSuiteExecutor.accessTestSuiteMainPhase(TestSuiteExecutor.java:150)
	at com.kms.katalon.core.main.TestSuiteExecutor.execute(TestSuiteExecutor.java:106)
	at com.kms.katalon.core.main.TestCaseMain.startTestSuite(TestCaseMain.java:180)
	at TempTestSuite1728548700256.run(TempTestSuite1728548700256.groovy:35)
	at java.base/jdk.internal.reflect.NativeMethodAccessorImpl.invoke0(Native Method)
	at java.base/jdk.internal.reflect.NativeMethodAccessorImpl.invoke(NativeMethodAccessorImpl.java:77)
	at java.base/jdk.internal.reflect.DelegatingMethodAccessorImpl.invoke(DelegatingMethodAccessorImpl.java:43)]]></system-out>
      <system-err><![CDATA[10-10-2024T15:25:09 - [TEST_SUITE][ERROR] - Nạp tiền: Test Cases/Quản lý tài khoản merchant/Quản lý danh sách tài khoản/Nạp tiền/TC_10_Kiểm tra khi chọn ví đúng và chọn loại giao dịch là hoàn phí FAILED.
Reason:
org.openqa.selenium.NoSuchElementException: no such element: Unable to locate element: {"method":"xpath","selector":"//button[contains(text(),'Đồng ý')]"}
  (Session info: chrome=129.0.6668.91)
For documentation on this error, please visit: https://www.seleniumhq.org/exceptions/no_such_element.html
Build info: version: '3.141.59', revision: 'unknown', time: 'unknown'
System info: host: 'Giang-Nguyen.local', ip: '127.0.0.1', os.name: 'Mac OS X', os.arch: 'x86_64', os.version: '12.6.6', java.version: '17.0.7'
Driver info: com.kms.katalon.selenium.driver.CChromeDriver
Capabilities {acceptInsecureCerts: false, browserName: chrome, browserVersion: 129.0.6668.91, chrome: {chromedriverVersion: 129.0.6668.100 (cf58cba358d..., userDataDir: /var/folders/2z/363n2ch977s...}, fedcm:accounts: true, goog:chromeOptions: {debuggerAddress: localhost:57958}, javascriptEnabled: true, networkConnectionEnabled: false, pageLoadStrategy: normal, platform: MAC, platformName: MAC, proxy: Proxy(), setWindowRect: true, strictFileInteractability: false, timeouts: {implicit: 0, pageLoad: 300000, script: 30000}, unhandledPromptBehavior: dismiss and notify, webauthn:extension:credBlob: true, webauthn:extension:largeBlob: true, webauthn:extension:minPinLength: true, webauthn:extension:prf: true, webauthn:virtualAuthenticators: true}
Session ID: b8136a8feb50302284266f7ab0fccd47
*** Element info: {Using=xpath, value=//button[contains(text(),'Đồng ý')]}
	at jdk.internal.reflect.GeneratedConstructorAccessor30.newInstance(Unknown Source)
	at java.base/jdk.internal.reflect.DelegatingConstructorAccessorImpl.newInstance(DelegatingConstructorAccessorImpl.java:45)
	at org.openqa.selenium.remote.http.W3CHttpResponseCodec.createException(W3CHttpResponseCodec.java:187)
	at org.openqa.selenium.remote.http.W3CHttpResponseCodec.decode(W3CHttpResponseCodec.java:122)
	at org.openqa.selenium.remote.http.W3CHttpResponseCodec.decode(W3CHttpResponseCodec.java:49)
	at org.openqa.selenium.remote.HttpCommandExecutor.execute(HttpCommandExecutor.java:158)
	at org.openqa.selenium.remote.service.DriverCommandExecutor.execute(DriverCommandExecutor.java:83)
	at org.openqa.selenium.remote.RemoteWebDriver.execute(RemoteWebDriver.java:552)
	at com.kms.katalon.selenium.driver.CChromeDriver.execute(CChromeDriver.java:19)
	at org.openqa.selenium.remote.RemoteWebDriver.findElement(RemoteWebDriver.java:323)
	at org.openqa.selenium.remote.RemoteWebDriver.findElementByXPath(RemoteWebDriver.java:428)
	at org.openqa.selenium.By$ByXPath.findElement(By.java:353)
	at org.openqa.selenium.remote.RemoteWebDriver.findElement(RemoteWebDriver.java:315)
	at jdk.internal.reflect.GeneratedMethodAccessor12.invoke(Unknown Source)
	at java.base/jdk.internal.reflect.DelegatingMethodAccessorImpl.invoke(DelegatingMethodAccessorImpl.java:43)
	at org.openqa.selenium.support.events.EventFiringWebDriver.lambda$new$1(EventFiringWebDriver.java:105)
	at jdk.proxy2/jdk.proxy2.$Proxy25.findElement(Unknown Source)
	at org.openqa.selenium.support.events.EventFiringWebDriver.findElement(EventFiringWebDriver.java:194)
	at TC_10_Kiểm tra khi chọn ví đúng và chọn loại giao dịch là hoàn phí.run(TC_10_Kiểm tra khi chọn ví đúng và chọn loại giao dịch là hoàn phí:49)
	at com.kms.katalon.core.main.ScriptEngine.run(ScriptEngine.java:194)
	at com.kms.katalon.core.main.ScriptEngine.runScriptAsRawText(ScriptEngine.java:119)
	at com.kms.katalon.core.main.TestCaseExecutor.runScript(TestCaseExecutor.java:448)
	at com.kms.katalon.core.main.TestCaseExecutor.doExecute(TestCaseExecutor.java:439)
	at com.kms.katalon.core.main.TestCaseExecutor.processExecutionPhase(TestCaseExecutor.java:418)
	at com.kms.katalon.core.main.TestCaseExecutor.accessMainPhase(TestCaseExecutor.java:410)
	at com.kms.katalon.core.main.TestCaseExecutor.execute(TestCaseExecutor.java:285)
	at com.kms.katalon.core.common.CommonExecutor.accessTestCaseMainPhase(CommonExecutor.java:65)
	at com.kms.katalon.core.main.TestSuiteExecutor.accessTestSuiteMainPhase(TestSuiteExecutor.java:150)
	at com.kms.katalon.core.main.TestSuiteExecutor.execute(TestSuiteExecutor.java:106)
	at com.kms.katalon.core.main.TestCaseMain.startTestSuite(TestCaseMain.java:180)
	at TempTestSuite1728548700256.run(TempTestSuite1728548700256.groovy:35)
	at java.base/jdk.internal.reflect.NativeMethodAccessorImpl.invoke0(Native Method)
	at java.base/jdk.internal.reflect.NativeMethodAccessorImpl.invoke(NativeMethodAccessorImpl.java:77)
	at java.base/jdk.internal.reflect.DelegatingMethodAccessorImpl.invoke(DelegatingMethodAccessorImpl.java:43)]]></system-err>
   </testsuite>
</testsuites>
