<?xml version="1.0" encoding="UTF-8"?>
<testsuites name="Nạp tiền" time="352.582" tests="11" failures="0" errors="9">
   <testsuite name="Nạp tiền" tests="11" failures="0" errors="9" time="352.582" skipped="0" timestamp="07-10-2024T09:31:50" hostname="ngocanh - localhost" id="Test Suites/Quản lý tài khoản merchant/Nạp tiền">
      <properties>
         <property name="deviceName" value=""/>
         <property name="devicePlatform"/>
         <property name="logFolder" value="/Users/ngocanh/Downloads/D_CMS_9Pay-master 4/Reports/20241007_093137/Qu\u1EA3n l\u00FD t\u00E0i kho\u1EA3n merchant/N\u1EA1p ti\u1EC1n/20241007_093137"/>
         <property name="logFiles" value="/Users/ngocanh/Downloads/D_CMS_9Pay-master 4/Reports/20241007_093137/Qu\u1EA3n l\u00FD t\u00E0i kho\u1EA3n merchant/N\u1EA1p ti\u1EC1n/20241007_093137/execution0.log"/>
         <property name="attachments" value=""/>
         <property name="hostName" value="ngocanh - localhost"/>
         <property name="os" value="Mac OS X 64bit"/>
         <property name="katalonVersion" value="9.5.0.217"/>
         <property name="browser" value="Chrome 129.0.0.0"/>
         <property name="hostAddress" value="127.0.0.1"/>
         <property name="sessionId" value="c15d4503297580c35a63096fc2724185"/>
         <property name="seleniumVersion" value="3.141.59"/>
         <property name="proxyInformation" value="ProxyInformation { proxyOption=NO_PROXY, proxyServerType=HTTP, username=, password=********, proxyServerAddress=, proxyServerPort=0, executionList=&quot;&quot;, isApplyToDesiredCapabilities=true }"/>
         <property name="platform" value="Mac OS X"/>
      </properties>
      <testcase name="Test Cases/Quản lý tài khoản merchant/Quản lý danh sách tài khoản/Nạp tiền/TC_01_Kiểm tra mở màn hình nạp tiền" time="33.032" classname="Test Cases/Quản lý tài khoản merchant/Quản lý danh sách tài khoản/Nạp tiền/TC_01_Kiểm tra mở màn hình nạp tiền" status="PASSED">
         <system-out><![CDATA[07-10-2024T09:31:51 - [TEST_CASE][PASSED] - Test Cases/Quản lý tài khoản merchant/Quản lý danh sách tài khoản/Nạp tiền/TC_01_Kiểm tra mở màn hình nạp tiền: Test Cases/Quản lý tài khoản merchant/Quản lý danh sách tài khoản/Nạp tiền/TC_01_Kiểm tra mở màn hình nạp tiền

07-10-2024T09:31:51 - [TEST_STEP][PASSED] - Start listener action : sampleBeforeTestCase: Navigate to 'https://stg-cms-console.9pay.mobi/login' successfully

07-10-2024T09:31:51 - [TEST_STEP][PASSED] - testCaseId = testCaseContext.getTestCaseId(): null

07-10-2024T09:31:51 - [TEST_STEP][PASSED] - url = <not implemented yet for class: org.codehaus.groovy.ast.expr.EmptyExpression>: null

07-10-2024T09:31:51 - [TEST_STEP][PASSED] - if (testCaseId == "Test Cases/Quản lý tài khoản merchant/Quản lý dịch vụ merchant/Kiểm tra thay đổi sau khi cấu hình VA trên MCV"): null

07-10-2024T09:31:51 - [TEST_STEP][PASSED] - else: null

07-10-2024T09:31:51 - [TEST_STEP][PASSED] - url = "https://stg-cms-console.9pay.mobi/login": null

07-10-2024T09:31:51 - [TEST_STEP][PASSED] - openBrowser(""): Browser is opened with url: ''

07-10-2024T09:31:52 - [MESSAGE][INFO] - Starting 'Chrome' driver

07-10-2024T09:31:52 - [MESSAGE][INFO] - Action delay is set to 0 milliseconds

07-10-2024T09:31:58 - [MESSAGE][PASSED] - Browser is opened with url: ''

07-10-2024T09:31:58 - [TEST_STEP][PASSED] - maximizeWindow(): Current window maximized

07-10-2024T09:31:58 - [MESSAGE][PASSED] - Current window maximized

07-10-2024T09:31:58 - [TEST_STEP][PASSED] - navigateToUrl(url): Navigate to 'https://stg-cms-console.9pay.mobi/login' successfully

07-10-2024T09:32:02 - [MESSAGE][PASSED] - Navigate to 'https://stg-cms-console.9pay.mobi/login' successfully

07-10-2024T09:32:02 - [TEST_STEP][PASSED] - driver = getWebDriver(): null

07-10-2024T09:32:02 - [TEST_STEP][PASSED] - callTestCase(findTestCase("Test Cases/Login/LoginCommon"), [:], STOP_ON_FAILURE): Call Test Case 'Test Cases/Login/LoginCommon' successfully

07-10-2024T09:32:02 - [TEST_CASE][PASSED] - Test Cases/Login/LoginCommon: Test Cases/Login/LoginCommon

07-10-2024T09:32:03 - [TEST_STEP][PASSED] - driver = getWebDriver(): null

07-10-2024T09:32:03 - [TEST_STEP][PASSED] - sendKeys(findTestObject("Quản lý tài khoản merchant/Quản lý dịch vụ merchant/userNameTextbox"), userAccount): Keys 'dannt@9pay.vn' sent to object: 'Object Repository/Quản lý tài khoản merchant/Quản lý dịch vụ merchant/userNameTextbox'

07-10-2024T09:32:04 - [MESSAGE][PASSED] - Keys 'dannt@9pay.vn' sent to object: 'Object Repository/Quản lý tài khoản merchant/Quản lý dịch vụ merchant/userNameTextbox'

07-10-2024T09:32:04 - [TEST_STEP][PASSED] - sendKeys(findTestObject("Quản lý tài khoản merchant/Quản lý dịch vụ merchant/passwordTextbox"), password): Keys 'dannt@9pay.vn' sent to object: 'Object Repository/Quản lý tài khoản merchant/Quản lý dịch vụ merchant/passwordTextbox'

07-10-2024T09:32:05 - [MESSAGE][PASSED] - Keys 'dannt@9pay.vn' sent to object: 'Object Repository/Quản lý tài khoản merchant/Quản lý dịch vụ merchant/passwordTextbox'

07-10-2024T09:32:05 - [TEST_STEP][PASSED] - click(findTestObject("Quản lý tài khoản merchant/Quản lý dịch vụ merchant/loginButton")): Object: 'Object Repository/Quản lý tài khoản merchant/Quản lý dịch vụ merchant/loginButton' is clicked on

07-10-2024T09:32:05 - [MESSAGE][PASSED] - Object: 'Object Repository/Quản lý tài khoản merchant/Quản lý dịch vụ merchant/loginButton' is clicked on

07-10-2024T09:32:05 - [MESSAGE][PASSED] - Call Test Case 'Test Cases/Login/LoginCommon' successfully

07-10-2024T09:32:05 - [TEST_STEP][PASSED] - waitForElementVisible(findTestObject("Trang chủ/userName"), 20, STOP_ON_FAILURE): Object 'Object Repository/Trang chủ/userName' is visible

07-10-2024T09:32:13 - [MESSAGE][PASSED] - Object 'Object Repository/Trang chủ/userName' is visible

07-10-2024T09:32:13 - [TEST_STEP][PASSED] - callTestCase(findTestCase("Test Cases/Quản lý tài khoản merchant/Quản lý danh sách tài khoản/CustomFunctions Deposit"), [:], STOP_ON_FAILURE): Call Test Case 'Test Cases/Quản lý tài khoản merchant/Quản lý danh sách tài khoản/CustomFunctions Deposit' successfully

07-10-2024T09:32:13 - [TEST_CASE][PASSED] - Test Cases/Quản lý tài khoản merchant/Quản lý danh sách tài khoản/CustomFunctions Deposit: Test Cases/Quản lý tài khoản merchant/Quản lý danh sách tài khoản/CustomFunctions Deposit

07-10-2024T09:32:13 - [TEST_STEP][PASSED] - driver = getWebDriver(): null

07-10-2024T09:32:13 - [TEST_STEP][PASSED] - element1 = driver.findElement(By.xpath("//span[contains(text(),'Quản lý tài khoản merchant')]")): null

07-10-2024T09:32:13 - [TEST_STEP][PASSED] - actions = new org.openqa.selenium.interactions.Actions(driver): null

07-10-2024T09:32:13 - [TEST_STEP][PASSED] - click().perform(): null

07-10-2024T09:32:14 - [TEST_STEP][PASSED] - wait = new org.openqa.selenium.support.ui.WebDriverWait(com.kms.katalon.core.webui.driver.DriverFactory.getWebDriver(), 15): null

07-10-2024T09:32:14 - [TEST_STEP][PASSED] - xpath(xpathManagerListAccount))).click(): null

07-10-2024T09:32:14 - [MESSAGE][PASSED] - Call Test Case 'Test Cases/Quản lý tài khoản merchant/Quản lý danh sách tài khoản/CustomFunctions Deposit' successfully

07-10-2024T09:32:14 - [TEST_STEP][PASSED] - wait = new org.openqa.selenium.support.ui.WebDriverWait(com.kms.katalon.core.webui.driver.DriverFactory.getWebDriver(), 20): null

07-10-2024T09:32:14 - [TEST_STEP][PASSED] - userCode = wait.until(ExpectedConditions.visibilityOfElementLocated(By.xpath(xpathUserCode))): null

07-10-2024T09:32:17 - [TEST_STEP][PASSED] - println(userCode.getText()): null

07-10-2024T09:32:18 - [TEST_STEP][PASSED] - accountBtn = wait.until(ExpectedConditions.elementToBeClickable(By.xpath(xpathBtnAccount))): null

07-10-2024T09:32:18 - [TEST_STEP][PASSED] - accountBtn.click(): null

07-10-2024T09:32:18 - [TEST_STEP][PASSED] - searchTextbox = wait.until(ExpectedConditions.elementToBeClickable(By.xpath(xpathSearchTextbox))): null

07-10-2024T09:32:19 - [TEST_STEP][PASSED] - searchTextbox.sendKeys(username): null

07-10-2024T09:32:20 - [TEST_STEP][PASSED] - xpath(xpathOption)).click(): null

07-10-2024T09:32:20 - [TEST_STEP][PASSED] - xpath(xpathBtnSearch)).click(): null

07-10-2024T09:32:21 - [TEST_STEP][PASSED] - Assert.assertEquals(xpath(xpathAccountName)).getText(), username): null

07-10-2024T09:32:22 - [TEST_STEP][PASSED] - xpath(xpathBtnDeposit)).click(): null

07-10-2024T09:32:23 - [TEST_STEP][PASSED] - Assert.assertEquals(xpath(xpathTitle)).getText(), titleText): null

07-10-2024T09:32:24 - [TEST_STEP][PASSED] - Start listener action : sampleAfterTestCase: null

07-10-2024T09:32:24 - [TEST_STEP][PASSED] - testCaseId = testCaseContext.getTestCaseId(): null

07-10-2024T09:32:24 - [TEST_STEP][PASSED] - if (testCaseId == "Test Cases/Quản lý tài khoản merchant/Quản lý dịch vụ merchant/Kiểm tra chức năng xác nhận cấu hình thay đổi VA"): null]]></system-out>
         <system-err><![CDATA[]]></system-err>
      </testcase>
      <testcase name="Test Cases/Quản lý tài khoản merchant/Quản lý danh sách tài khoản/Nạp tiền/TC_02_Kiểm tra khi để trống các trường trong màn Nạp tiền" time="32.058" classname="Test Cases/Quản lý tài khoản merchant/Quản lý danh sách tài khoản/Nạp tiền/TC_02_Kiểm tra khi để trống các trường trong màn Nạp tiền" status="PASSED">
         <system-out><![CDATA[07-10-2024T09:32:24 - [TEST_CASE][PASSED] - Test Cases/Quản lý tài khoản merchant/Quản lý danh sách tài khoản/Nạp tiền/TC_02_Kiểm tra khi để trống các trường trong màn Nạp tiền: Test Cases/Quản lý tài khoản merchant/Quản lý danh sách tài khoản/Nạp tiền/TC_02_Kiểm tra khi để trống các trường trong màn Nạp tiền

07-10-2024T09:32:24 - [TEST_STEP][PASSED] - Start listener action : sampleBeforeTestCase: Navigate to 'https://stg-cms-console.9pay.mobi/login' successfully

07-10-2024T09:32:24 - [TEST_STEP][PASSED] - testCaseId = testCaseContext.getTestCaseId(): null

07-10-2024T09:32:24 - [TEST_STEP][PASSED] - url = <not implemented yet for class: org.codehaus.groovy.ast.expr.EmptyExpression>: null

07-10-2024T09:32:24 - [TEST_STEP][PASSED] - if (testCaseId == "Test Cases/Quản lý tài khoản merchant/Quản lý dịch vụ merchant/Kiểm tra thay đổi sau khi cấu hình VA trên MCV"): null

07-10-2024T09:32:24 - [TEST_STEP][PASSED] - else: null

07-10-2024T09:32:24 - [TEST_STEP][PASSED] - url = "https://stg-cms-console.9pay.mobi/login": null

07-10-2024T09:32:24 - [TEST_STEP][PASSED] - openBrowser(""): Browser is opened with url: ''

07-10-2024T09:32:24 - [MESSAGE][WARNING] - A browser is already opened. Closing browser and opening a new one

07-10-2024T09:32:24 - [MESSAGE][INFO] - Starting 'Chrome' driver

07-10-2024T09:32:24 - [MESSAGE][INFO] - Action delay is set to 0 milliseconds

07-10-2024T09:32:27 - [MESSAGE][PASSED] - Browser is opened with url: ''

07-10-2024T09:32:27 - [TEST_STEP][PASSED] - maximizeWindow(): Current window maximized

07-10-2024T09:32:27 - [MESSAGE][PASSED] - Current window maximized

07-10-2024T09:32:27 - [TEST_STEP][PASSED] - navigateToUrl(url): Navigate to 'https://stg-cms-console.9pay.mobi/login' successfully

07-10-2024T09:32:35 - [MESSAGE][PASSED] - Navigate to 'https://stg-cms-console.9pay.mobi/login' successfully

07-10-2024T09:32:35 - [TEST_STEP][PASSED] - driver = getWebDriver(): null

07-10-2024T09:32:35 - [TEST_STEP][PASSED] - callTestCase(findTestCase("Test Cases/Login/LoginCommon"), [:], STOP_ON_FAILURE): Call Test Case 'Test Cases/Login/LoginCommon' successfully

07-10-2024T09:32:35 - [TEST_CASE][PASSED] - Test Cases/Login/LoginCommon: Test Cases/Login/LoginCommon

07-10-2024T09:32:35 - [TEST_STEP][PASSED] - driver = getWebDriver(): null

07-10-2024T09:32:35 - [TEST_STEP][PASSED] - sendKeys(findTestObject("Quản lý tài khoản merchant/Quản lý dịch vụ merchant/userNameTextbox"), userAccount): Keys 'dannt@9pay.vn' sent to object: 'Object Repository/Quản lý tài khoản merchant/Quản lý dịch vụ merchant/userNameTextbox'

07-10-2024T09:32:36 - [MESSAGE][PASSED] - Keys 'dannt@9pay.vn' sent to object: 'Object Repository/Quản lý tài khoản merchant/Quản lý dịch vụ merchant/userNameTextbox'

07-10-2024T09:32:36 - [TEST_STEP][PASSED] - sendKeys(findTestObject("Quản lý tài khoản merchant/Quản lý dịch vụ merchant/passwordTextbox"), password): Keys 'dannt@9pay.vn' sent to object: 'Object Repository/Quản lý tài khoản merchant/Quản lý dịch vụ merchant/passwordTextbox'

07-10-2024T09:32:36 - [MESSAGE][PASSED] - Keys 'dannt@9pay.vn' sent to object: 'Object Repository/Quản lý tài khoản merchant/Quản lý dịch vụ merchant/passwordTextbox'

07-10-2024T09:32:36 - [TEST_STEP][PASSED] - click(findTestObject("Quản lý tài khoản merchant/Quản lý dịch vụ merchant/loginButton")): Object: 'Object Repository/Quản lý tài khoản merchant/Quản lý dịch vụ merchant/loginButton' is clicked on

07-10-2024T09:32:37 - [MESSAGE][PASSED] - Object: 'Object Repository/Quản lý tài khoản merchant/Quản lý dịch vụ merchant/loginButton' is clicked on

07-10-2024T09:32:37 - [MESSAGE][PASSED] - Call Test Case 'Test Cases/Login/LoginCommon' successfully

07-10-2024T09:32:37 - [TEST_STEP][PASSED] - waitForElementVisible(findTestObject("Trang chủ/userName"), 20, STOP_ON_FAILURE): Object 'Object Repository/Trang chủ/userName' is visible

07-10-2024T09:32:39 - [MESSAGE][PASSED] - Object 'Object Repository/Trang chủ/userName' is visible

07-10-2024T09:32:39 - [TEST_STEP][PASSED] - callTestCase(findTestCase("Test Cases/Quản lý tài khoản merchant/Quản lý danh sách tài khoản/CustomFunctions Deposit"), [:], STOP_ON_FAILURE): Call Test Case 'Test Cases/Quản lý tài khoản merchant/Quản lý danh sách tài khoản/CustomFunctions Deposit' successfully

07-10-2024T09:32:39 - [TEST_CASE][PASSED] - Test Cases/Quản lý tài khoản merchant/Quản lý danh sách tài khoản/CustomFunctions Deposit: Test Cases/Quản lý tài khoản merchant/Quản lý danh sách tài khoản/CustomFunctions Deposit

07-10-2024T09:32:39 - [TEST_STEP][PASSED] - driver = getWebDriver(): null

07-10-2024T09:32:39 - [TEST_STEP][PASSED] - element1 = driver.findElement(By.xpath("//span[contains(text(),'Quản lý tài khoản merchant')]")): null

07-10-2024T09:32:40 - [TEST_STEP][PASSED] - actions = new org.openqa.selenium.interactions.Actions(driver): null

07-10-2024T09:32:40 - [TEST_STEP][PASSED] - click().perform(): null

07-10-2024T09:32:41 - [TEST_STEP][PASSED] - wait = new org.openqa.selenium.support.ui.WebDriverWait(com.kms.katalon.core.webui.driver.DriverFactory.getWebDriver(), 15): null

07-10-2024T09:32:41 - [TEST_STEP][PASSED] - xpath(xpathManagerListAccount))).click(): null

07-10-2024T09:32:41 - [MESSAGE][PASSED] - Call Test Case 'Test Cases/Quản lý tài khoản merchant/Quản lý danh sách tài khoản/CustomFunctions Deposit' successfully

07-10-2024T09:32:41 - [TEST_STEP][PASSED] - wait = new org.openqa.selenium.support.ui.WebDriverWait(com.kms.katalon.core.webui.driver.DriverFactory.getWebDriver(), 20): null

07-10-2024T09:32:41 - [TEST_STEP][PASSED] - userCode = wait.until(ExpectedConditions.visibilityOfElementLocated(By.xpath(xpathUserCode))): null

07-10-2024T09:32:45 - [TEST_STEP][PASSED] - println(userCode.getText()): null

07-10-2024T09:32:45 - [TEST_STEP][PASSED] - xpath(xpathBtnAccount))).click(): null

07-10-2024T09:32:45 - [TEST_STEP][PASSED] - searchTextbox = wait.until(ExpectedConditions.elementToBeClickable(By.xpath(xpathSearchTextbox))): null

07-10-2024T09:32:46 - [TEST_STEP][PASSED] - searchTextbox.sendKeys("dannt11"): null

07-10-2024T09:32:47 - [TEST_STEP][PASSED] - xpath(xpathOption)).click(): null

07-10-2024T09:32:47 - [TEST_STEP][PASSED] - xpath(xpathBtnSearch)).click(): null

07-10-2024T09:32:48 - [TEST_STEP][PASSED] - wait.until(ExpectedConditions.visibilityOfElementLocated(By.xpath(xpathAccountName))): null

07-10-2024T09:32:49 - [TEST_STEP][PASSED] - Assert.assertEquals(xpath(xpathAccountName)).getText(), username): null

07-10-2024T09:32:50 - [TEST_STEP][PASSED] - xpath(xpathBtnDeposit)).click(): null

07-10-2024T09:32:50 - [TEST_STEP][PASSED] - textFiled = wait.until(ExpectedConditions.visibilityOfElementLocated(By.xpath(xpathTextAccount))): null

07-10-2024T09:32:55 - [TEST_STEP][PASSED] - xpath(xpathBtnContinue)).click(): null

07-10-2024T09:32:55 - [TEST_STEP][PASSED] - Assert.assertEquals(xpath(xpathErrorWallet)).getText(), errorWallet): null

07-10-2024T09:32:56 - [TEST_STEP][PASSED] - Start listener action : sampleAfterTestCase: null

07-10-2024T09:32:56 - [TEST_STEP][PASSED] - testCaseId = testCaseContext.getTestCaseId(): null

07-10-2024T09:32:56 - [TEST_STEP][PASSED] - if (testCaseId == "Test Cases/Quản lý tài khoản merchant/Quản lý dịch vụ merchant/Kiểm tra chức năng xác nhận cấu hình thay đổi VA"): null]]></system-out>
         <system-err><![CDATA[]]></system-err>
      </testcase>
      <testcase name="Test Cases/Quản lý tài khoản merchant/Quản lý danh sách tài khoản/Nạp tiền/TC_03_Kiểm tra khi chọn ví và không chọn kì đối soát" time="35.316" classname="Test Cases/Quản lý tài khoản merchant/Quản lý danh sách tài khoản/Nạp tiền/TC_03_Kiểm tra khi chọn ví và không chọn kì đối soát" status="ERROR">
         <error type="ERROR" message="Test Cases/Quản lý tài khoản merchant/Quản lý danh sách tài khoản/Nạp tiền/TC_03_Kiểm tra khi chọn ví và không chọn kì đối soát FAILED.&#xa;Reason:&#xa;java.lang.IllegalArgumentException: Cannot find elements when the XPath is null.&#xa;	at org.openqa.selenium.By$ByXPath.&lt;init>(By.java:339)&#xa;	at org.openqa.selenium.By.xpath(By.java:92)&#xa;	at TC_03_Kiểm tra khi chọn ví và không chọn kì đối soát.run(TC_03_Kiểm tra khi chọn ví và không chọn kì đối soát:34)&#xa;	at com.kms.katalon.core.main.ScriptEngine.run(ScriptEngine.java:194)&#xa;	at com.kms.katalon.core.main.ScriptEngine.runScriptAsRawText(ScriptEngine.java:119)&#xa;	at com.kms.katalon.core.main.TestCaseExecutor.runScript(TestCaseExecutor.java:448)&#xa;	at com.kms.katalon.core.main.TestCaseExecutor.doExecute(TestCaseExecutor.java:439)&#xa;	at com.kms.katalon.core.main.TestCaseExecutor.processExecutionPhase(TestCaseExecutor.java:418)&#xa;	at com.kms.katalon.core.main.TestCaseExecutor.accessMainPhase(TestCaseExecutor.java:410)&#xa;	at com.kms.katalon.core.main.TestCaseExecutor.execute(TestCaseExecutor.java:285)&#xa;	at com.kms.katalon.core.common.CommonExecutor.accessTestCaseMainPhase(CommonExecutor.java:65)&#xa;	at com.kms.katalon.core.main.TestSuiteExecutor.accessTestSuiteMainPhase(TestSuiteExecutor.java:150)&#xa;	at com.kms.katalon.core.main.TestSuiteExecutor.execute(TestSuiteExecutor.java:106)&#xa;	at com.kms.katalon.core.main.TestCaseMain.startTestSuite(TestCaseMain.java:180)&#xa;	at TempTestSuite1728268297176.run(TempTestSuite1728268297176.groovy:35)&#xa;	at java.base/jdk.internal.reflect.NativeMethodAccessorImpl.invoke0(Native Method)&#xa;	at java.base/jdk.internal.reflect.NativeMethodAccessorImpl.invoke(NativeMethodAccessorImpl.java:77)&#xa;	at java.base/jdk.internal.reflect.DelegatingMethodAccessorImpl.invoke(DelegatingMethodAccessorImpl.java:43)&#xa;"/>
         <system-out><![CDATA[07-10-2024T09:32:56 - [TEST_CASE][ERROR] - Test Cases/Quản lý tài khoản merchant/Quản lý danh sách tài khoản/Nạp tiền/TC_03_Kiểm tra khi chọn ví và không chọn kì đối soát: Test Cases/Quản lý tài khoản merchant/Quản lý danh sách tài khoản/Nạp tiền/TC_03_Kiểm tra khi chọn ví và không chọn kì đối soát FAILED.
Reason:
java.lang.IllegalArgumentException: Cannot find elements when the XPath is null.
	at org.openqa.selenium.By$ByXPath.<init>(By.java:339)
	at org.openqa.selenium.By.xpath(By.java:92)
	at TC_03_Kiểm tra khi chọn ví và không chọn kì đối soát.run(TC_03_Kiểm tra khi chọn ví và không chọn kì đối soát:34)
	at com.kms.katalon.core.main.ScriptEngine.run(ScriptEngine.java:194)
	at com.kms.katalon.core.main.ScriptEngine.runScriptAsRawText(ScriptEngine.java:119)
	at com.kms.katalon.core.main.TestCaseExecutor.runScript(TestCaseExecutor.java:448)
	at com.kms.katalon.core.main.TestCaseExecutor.doExecute(TestCaseExecutor.java:439)
	at com.kms.katalon.core.main.TestCaseExecutor.processExecutionPhase(TestCaseExecutor.java:418)
	at com.kms.katalon.core.main.TestCaseExecutor.accessMainPhase(TestCaseExecutor.java:410)
	at com.kms.katalon.core.main.TestCaseExecutor.execute(TestCaseExecutor.java:285)
	at com.kms.katalon.core.common.CommonExecutor.accessTestCaseMainPhase(CommonExecutor.java:65)
	at com.kms.katalon.core.main.TestSuiteExecutor.accessTestSuiteMainPhase(TestSuiteExecutor.java:150)
	at com.kms.katalon.core.main.TestSuiteExecutor.execute(TestSuiteExecutor.java:106)
	at com.kms.katalon.core.main.TestCaseMain.startTestSuite(TestCaseMain.java:180)
	at TempTestSuite1728268297176.run(TempTestSuite1728268297176.groovy:35)
	at java.base/jdk.internal.reflect.NativeMethodAccessorImpl.invoke0(Native Method)
	at java.base/jdk.internal.reflect.NativeMethodAccessorImpl.invoke(NativeMethodAccessorImpl.java:77)
	at java.base/jdk.internal.reflect.DelegatingMethodAccessorImpl.invoke(DelegatingMethodAccessorImpl.java:43)


07-10-2024T09:32:56 - [TEST_STEP][PASSED] - Start listener action : sampleBeforeTestCase: Navigate to 'https://stg-cms-console.9pay.mobi/login' successfully

07-10-2024T09:32:56 - [TEST_STEP][PASSED] - testCaseId = testCaseContext.getTestCaseId(): null

07-10-2024T09:32:56 - [TEST_STEP][PASSED] - url = <not implemented yet for class: org.codehaus.groovy.ast.expr.EmptyExpression>: null

07-10-2024T09:32:56 - [TEST_STEP][PASSED] - if (testCaseId == "Test Cases/Quản lý tài khoản merchant/Quản lý dịch vụ merchant/Kiểm tra thay đổi sau khi cấu hình VA trên MCV"): null

07-10-2024T09:32:56 - [TEST_STEP][PASSED] - else: null

07-10-2024T09:32:56 - [TEST_STEP][PASSED] - url = "https://stg-cms-console.9pay.mobi/login": null

07-10-2024T09:32:56 - [TEST_STEP][PASSED] - openBrowser(""): Browser is opened with url: ''

07-10-2024T09:32:56 - [MESSAGE][WARNING] - A browser is already opened. Closing browser and opening a new one

07-10-2024T09:32:57 - [MESSAGE][INFO] - Starting 'Chrome' driver

07-10-2024T09:32:57 - [MESSAGE][INFO] - Action delay is set to 0 milliseconds

07-10-2024T09:32:59 - [MESSAGE][PASSED] - Browser is opened with url: ''

07-10-2024T09:32:59 - [TEST_STEP][PASSED] - maximizeWindow(): Current window maximized

07-10-2024T09:32:59 - [MESSAGE][PASSED] - Current window maximized

07-10-2024T09:32:59 - [TEST_STEP][PASSED] - navigateToUrl(url): Navigate to 'https://stg-cms-console.9pay.mobi/login' successfully

07-10-2024T09:33:04 - [MESSAGE][PASSED] - Navigate to 'https://stg-cms-console.9pay.mobi/login' successfully

07-10-2024T09:33:04 - [TEST_STEP][PASSED] - driver = getWebDriver(): null

07-10-2024T09:33:04 - [TEST_STEP][PASSED] - callTestCase(findTestCase("Test Cases/Login/LoginCommon"), [:], STOP_ON_FAILURE): Call Test Case 'Test Cases/Login/LoginCommon' successfully

07-10-2024T09:33:04 - [TEST_CASE][PASSED] - Test Cases/Login/LoginCommon: Test Cases/Login/LoginCommon

07-10-2024T09:33:04 - [TEST_STEP][PASSED] - driver = getWebDriver(): null

07-10-2024T09:33:04 - [TEST_STEP][PASSED] - sendKeys(findTestObject("Quản lý tài khoản merchant/Quản lý dịch vụ merchant/userNameTextbox"), userAccount): Keys 'dannt@9pay.vn' sent to object: 'Object Repository/Quản lý tài khoản merchant/Quản lý dịch vụ merchant/userNameTextbox'

07-10-2024T09:33:05 - [MESSAGE][PASSED] - Keys 'dannt@9pay.vn' sent to object: 'Object Repository/Quản lý tài khoản merchant/Quản lý dịch vụ merchant/userNameTextbox'

07-10-2024T09:33:05 - [TEST_STEP][PASSED] - sendKeys(findTestObject("Quản lý tài khoản merchant/Quản lý dịch vụ merchant/passwordTextbox"), password): Keys 'dannt@9pay.vn' sent to object: 'Object Repository/Quản lý tài khoản merchant/Quản lý dịch vụ merchant/passwordTextbox'

07-10-2024T09:33:05 - [MESSAGE][PASSED] - Keys 'dannt@9pay.vn' sent to object: 'Object Repository/Quản lý tài khoản merchant/Quản lý dịch vụ merchant/passwordTextbox'

07-10-2024T09:33:05 - [TEST_STEP][PASSED] - click(findTestObject("Quản lý tài khoản merchant/Quản lý dịch vụ merchant/loginButton")): Object: 'Object Repository/Quản lý tài khoản merchant/Quản lý dịch vụ merchant/loginButton' is clicked on

07-10-2024T09:33:06 - [MESSAGE][PASSED] - Object: 'Object Repository/Quản lý tài khoản merchant/Quản lý dịch vụ merchant/loginButton' is clicked on

07-10-2024T09:33:06 - [MESSAGE][PASSED] - Call Test Case 'Test Cases/Login/LoginCommon' successfully

07-10-2024T09:33:06 - [TEST_STEP][PASSED] - waitForElementVisible(findTestObject("Trang chủ/userName"), 20, STOP_ON_FAILURE): Object 'Object Repository/Trang chủ/userName' is visible

07-10-2024T09:33:13 - [MESSAGE][PASSED] - Object 'Object Repository/Trang chủ/userName' is visible

07-10-2024T09:33:13 - [TEST_STEP][PASSED] - callTestCase(findTestCase("Test Cases/Quản lý tài khoản merchant/Quản lý danh sách tài khoản/CustomFunctions Deposit"), [:], STOP_ON_FAILURE): Call Test Case 'Test Cases/Quản lý tài khoản merchant/Quản lý danh sách tài khoản/CustomFunctions Deposit' successfully

07-10-2024T09:33:13 - [TEST_CASE][PASSED] - Test Cases/Quản lý tài khoản merchant/Quản lý danh sách tài khoản/CustomFunctions Deposit: Test Cases/Quản lý tài khoản merchant/Quản lý danh sách tài khoản/CustomFunctions Deposit

07-10-2024T09:33:13 - [TEST_STEP][PASSED] - driver = getWebDriver(): null

07-10-2024T09:33:13 - [TEST_STEP][PASSED] - element1 = driver.findElement(By.xpath("//span[contains(text(),'Quản lý tài khoản merchant')]")): null

07-10-2024T09:33:14 - [TEST_STEP][PASSED] - actions = new org.openqa.selenium.interactions.Actions(driver): null

07-10-2024T09:33:14 - [TEST_STEP][PASSED] - click().perform(): null

07-10-2024T09:33:14 - [TEST_STEP][PASSED] - wait = new org.openqa.selenium.support.ui.WebDriverWait(com.kms.katalon.core.webui.driver.DriverFactory.getWebDriver(), 15): null

07-10-2024T09:33:14 - [TEST_STEP][PASSED] - xpath(xpathManagerListAccount))).click(): null

07-10-2024T09:33:14 - [MESSAGE][PASSED] - Call Test Case 'Test Cases/Quản lý tài khoản merchant/Quản lý danh sách tài khoản/CustomFunctions Deposit' successfully

07-10-2024T09:33:14 - [TEST_STEP][PASSED] - wait = new org.openqa.selenium.support.ui.WebDriverWait(com.kms.katalon.core.webui.driver.DriverFactory.getWebDriver(), 20): null

07-10-2024T09:33:14 - [TEST_STEP][PASSED] - xpath(xpathBtnAccount))).click(): null

07-10-2024T09:33:18 - [TEST_STEP][PASSED] - searchTextbox = wait.until(ExpectedConditions.elementToBeClickable(By.xpath(xpathSearchTextbox))): null

07-10-2024T09:33:19 - [TEST_STEP][PASSED] - searchTextbox.sendKeys("dannt11"): null

07-10-2024T09:33:20 - [TEST_STEP][PASSED] - xpath(xpathOption)).click(): null

07-10-2024T09:33:20 - [TEST_STEP][PASSED] - xpath(xpathBtnSearch)).click(): null

07-10-2024T09:33:21 - [TEST_STEP][PASSED] - wait.until(ExpectedConditions.visibilityOfElementLocated(By.xpath(xpathAccountName))): null

07-10-2024T09:33:21 - [TEST_STEP][PASSED] - Assert.assertEquals(xpath(xpathAccountName)).getText(), username): null

07-10-2024T09:33:22 - [TEST_STEP][PASSED] - xpath(xpathBtnDeposit)).click(): null

07-10-2024T09:33:23 - [TEST_STEP][PASSED] - wait.until(ExpectedConditions.visibilityOfElementLocated(By.xpath(xpathTextAccount))): null

07-10-2024T09:33:31 - [TEST_STEP][ERROR] - xpath(xpathChonVi)).click(): Test Cases/Quản lý tài khoản merchant/Quản lý danh sách tài khoản/Nạp tiền/TC_03_Kiểm tra khi chọn ví và không chọn kì đối soát FAILED.
Reason:
java.lang.IllegalArgumentException: Cannot find elements when the XPath is null.
	at org.openqa.selenium.By$ByXPath.<init>(By.java:339)
	at org.openqa.selenium.By.xpath(By.java:92)
	at TC_03_Kiểm tra khi chọn ví và không chọn kì đối soát.run(TC_03_Kiểm tra khi chọn ví và không chọn kì đối soát:34)
	at com.kms.katalon.core.main.ScriptEngine.run(ScriptEngine.java:194)
	at com.kms.katalon.core.main.ScriptEngine.runScriptAsRawText(ScriptEngine.java:119)
	at com.kms.katalon.core.main.TestCaseExecutor.runScript(TestCaseExecutor.java:448)
	at com.kms.katalon.core.main.TestCaseExecutor.doExecute(TestCaseExecutor.java:439)
	at com.kms.katalon.core.main.TestCaseExecutor.processExecutionPhase(TestCaseExecutor.java:418)
	at com.kms.katalon.core.main.TestCaseExecutor.accessMainPhase(TestCaseExecutor.java:410)
	at com.kms.katalon.core.main.TestCaseExecutor.execute(TestCaseExecutor.java:285)
	at com.kms.katalon.core.common.CommonExecutor.accessTestCaseMainPhase(CommonExecutor.java:65)
	at com.kms.katalon.core.main.TestSuiteExecutor.accessTestSuiteMainPhase(TestSuiteExecutor.java:150)
	at com.kms.katalon.core.main.TestSuiteExecutor.execute(TestSuiteExecutor.java:106)
	at com.kms.katalon.core.main.TestCaseMain.startTestSuite(TestCaseMain.java:180)
	at TempTestSuite1728268297176.run(TempTestSuite1728268297176.groovy:35)
	at java.base/jdk.internal.reflect.NativeMethodAccessorImpl.invoke0(Native Method)
	at java.base/jdk.internal.reflect.NativeMethodAccessorImpl.invoke(NativeMethodAccessorImpl.java:77)
	at java.base/jdk.internal.reflect.DelegatingMethodAccessorImpl.invoke(DelegatingMethodAccessorImpl.java:43)


07-10-2024T09:33:31 - [MESSAGE][ERROR] - Test Cases/Quản lý tài khoản merchant/Quản lý danh sách tài khoản/Nạp tiền/TC_03_Kiểm tra khi chọn ví và không chọn kì đối soát FAILED.
Reason:
java.lang.IllegalArgumentException: Cannot find elements when the XPath is null.
	at org.openqa.selenium.By$ByXPath.<init>(By.java:339)
	at org.openqa.selenium.By.xpath(By.java:92)
	at TC_03_Kiểm tra khi chọn ví và không chọn kì đối soát.run(TC_03_Kiểm tra khi chọn ví và không chọn kì đối soát:34)
	at com.kms.katalon.core.main.ScriptEngine.run(ScriptEngine.java:194)
	at com.kms.katalon.core.main.ScriptEngine.runScriptAsRawText(ScriptEngine.java:119)
	at com.kms.katalon.core.main.TestCaseExecutor.runScript(TestCaseExecutor.java:448)
	at com.kms.katalon.core.main.TestCaseExecutor.doExecute(TestCaseExecutor.java:439)
	at com.kms.katalon.core.main.TestCaseExecutor.processExecutionPhase(TestCaseExecutor.java:418)
	at com.kms.katalon.core.main.TestCaseExecutor.accessMainPhase(TestCaseExecutor.java:410)
	at com.kms.katalon.core.main.TestCaseExecutor.execute(TestCaseExecutor.java:285)
	at com.kms.katalon.core.common.CommonExecutor.accessTestCaseMainPhase(CommonExecutor.java:65)
	at com.kms.katalon.core.main.TestSuiteExecutor.accessTestSuiteMainPhase(TestSuiteExecutor.java:150)
	at com.kms.katalon.core.main.TestSuiteExecutor.execute(TestSuiteExecutor.java:106)
	at com.kms.katalon.core.main.TestCaseMain.startTestSuite(TestCaseMain.java:180)
	at TempTestSuite1728268297176.run(TempTestSuite1728268297176.groovy:35)
	at java.base/jdk.internal.reflect.NativeMethodAccessorImpl.invoke0(Native Method)
	at java.base/jdk.internal.reflect.NativeMethodAccessorImpl.invoke(NativeMethodAccessorImpl.java:77)
	at java.base/jdk.internal.reflect.DelegatingMethodAccessorImpl.invoke(DelegatingMethodAccessorImpl.java:43)


07-10-2024T09:33:31 - [TEST_STEP][PASSED] - Start listener action : sampleAfterTestCase: null

07-10-2024T09:33:31 - [TEST_STEP][PASSED] - testCaseId = testCaseContext.getTestCaseId(): null

07-10-2024T09:33:31 - [TEST_STEP][PASSED] - if (testCaseId == "Test Cases/Quản lý tài khoản merchant/Quản lý dịch vụ merchant/Kiểm tra chức năng xác nhận cấu hình thay đổi VA"): null]]></system-out>
         <system-err><![CDATA[07-10-2024T09:32:56 - [TEST_CASE][ERROR] - Test Cases/Quản lý tài khoản merchant/Quản lý danh sách tài khoản/Nạp tiền/TC_03_Kiểm tra khi chọn ví và không chọn kì đối soát: Test Cases/Quản lý tài khoản merchant/Quản lý danh sách tài khoản/Nạp tiền/TC_03_Kiểm tra khi chọn ví và không chọn kì đối soát FAILED.
Reason:
java.lang.IllegalArgumentException: Cannot find elements when the XPath is null.
	at org.openqa.selenium.By$ByXPath.<init>(By.java:339)
	at org.openqa.selenium.By.xpath(By.java:92)
	at TC_03_Kiểm tra khi chọn ví và không chọn kì đối soát.run(TC_03_Kiểm tra khi chọn ví và không chọn kì đối soát:34)
	at com.kms.katalon.core.main.ScriptEngine.run(ScriptEngine.java:194)
	at com.kms.katalon.core.main.ScriptEngine.runScriptAsRawText(ScriptEngine.java:119)
	at com.kms.katalon.core.main.TestCaseExecutor.runScript(TestCaseExecutor.java:448)
	at com.kms.katalon.core.main.TestCaseExecutor.doExecute(TestCaseExecutor.java:439)
	at com.kms.katalon.core.main.TestCaseExecutor.processExecutionPhase(TestCaseExecutor.java:418)
	at com.kms.katalon.core.main.TestCaseExecutor.accessMainPhase(TestCaseExecutor.java:410)
	at com.kms.katalon.core.main.TestCaseExecutor.execute(TestCaseExecutor.java:285)
	at com.kms.katalon.core.common.CommonExecutor.accessTestCaseMainPhase(CommonExecutor.java:65)
	at com.kms.katalon.core.main.TestSuiteExecutor.accessTestSuiteMainPhase(TestSuiteExecutor.java:150)
	at com.kms.katalon.core.main.TestSuiteExecutor.execute(TestSuiteExecutor.java:106)
	at com.kms.katalon.core.main.TestCaseMain.startTestSuite(TestCaseMain.java:180)
	at TempTestSuite1728268297176.run(TempTestSuite1728268297176.groovy:35)
	at java.base/jdk.internal.reflect.NativeMethodAccessorImpl.invoke0(Native Method)
	at java.base/jdk.internal.reflect.NativeMethodAccessorImpl.invoke(NativeMethodAccessorImpl.java:77)
	at java.base/jdk.internal.reflect.DelegatingMethodAccessorImpl.invoke(DelegatingMethodAccessorImpl.java:43)]]></system-err>
      </testcase>
      <testcase name="Test Cases/Quản lý tài khoản merchant/Quản lý danh sách tài khoản/Nạp tiền/TC_04_Không nhập số tiền và nhấn Xác nhận" time="26.533" classname="Test Cases/Quản lý tài khoản merchant/Quản lý danh sách tài khoản/Nạp tiền/TC_04_Không nhập số tiền và nhấn Xác nhận" status="ERROR">
         <error type="ERROR" message="Test Cases/Quản lý tài khoản merchant/Quản lý danh sách tài khoản/Nạp tiền/TC_04_Không nhập số tiền và nhấn Xác nhận FAILED.&#xa;Reason:&#xa;java.lang.IllegalArgumentException: Cannot find elements when the XPath is null.&#xa;	at org.openqa.selenium.By$ByXPath.&lt;init>(By.java:339)&#xa;	at org.openqa.selenium.By.xpath(By.java:92)&#xa;	at TC_04_Không nhập số tiền và nhấn Xác nhận.run(TC_04_Không nhập số tiền và nhấn Xác nhận:34)&#xa;	at com.kms.katalon.core.main.ScriptEngine.run(ScriptEngine.java:194)&#xa;	at com.kms.katalon.core.main.ScriptEngine.runScriptAsRawText(ScriptEngine.java:119)&#xa;	at com.kms.katalon.core.main.TestCaseExecutor.runScript(TestCaseExecutor.java:448)&#xa;	at com.kms.katalon.core.main.TestCaseExecutor.doExecute(TestCaseExecutor.java:439)&#xa;	at com.kms.katalon.core.main.TestCaseExecutor.processExecutionPhase(TestCaseExecutor.java:418)&#xa;	at com.kms.katalon.core.main.TestCaseExecutor.accessMainPhase(TestCaseExecutor.java:410)&#xa;	at com.kms.katalon.core.main.TestCaseExecutor.execute(TestCaseExecutor.java:285)&#xa;	at com.kms.katalon.core.common.CommonExecutor.accessTestCaseMainPhase(CommonExecutor.java:65)&#xa;	at com.kms.katalon.core.main.TestSuiteExecutor.accessTestSuiteMainPhase(TestSuiteExecutor.java:150)&#xa;	at com.kms.katalon.core.main.TestSuiteExecutor.execute(TestSuiteExecutor.java:106)&#xa;	at com.kms.katalon.core.main.TestCaseMain.startTestSuite(TestCaseMain.java:180)&#xa;	at TempTestSuite1728268297176.run(TempTestSuite1728268297176.groovy:35)&#xa;	at java.base/jdk.internal.reflect.NativeMethodAccessorImpl.invoke0(Native Method)&#xa;	at java.base/jdk.internal.reflect.NativeMethodAccessorImpl.invoke(NativeMethodAccessorImpl.java:77)&#xa;	at java.base/jdk.internal.reflect.DelegatingMethodAccessorImpl.invoke(DelegatingMethodAccessorImpl.java:43)&#xa;"/>
         <system-out><![CDATA[07-10-2024T09:33:31 - [TEST_CASE][ERROR] - Test Cases/Quản lý tài khoản merchant/Quản lý danh sách tài khoản/Nạp tiền/TC_04_Không nhập số tiền và nhấn Xác nhận: Test Cases/Quản lý tài khoản merchant/Quản lý danh sách tài khoản/Nạp tiền/TC_04_Không nhập số tiền và nhấn Xác nhận FAILED.
Reason:
java.lang.IllegalArgumentException: Cannot find elements when the XPath is null.
	at org.openqa.selenium.By$ByXPath.<init>(By.java:339)
	at org.openqa.selenium.By.xpath(By.java:92)
	at TC_04_Không nhập số tiền và nhấn Xác nhận.run(TC_04_Không nhập số tiền và nhấn Xác nhận:34)
	at com.kms.katalon.core.main.ScriptEngine.run(ScriptEngine.java:194)
	at com.kms.katalon.core.main.ScriptEngine.runScriptAsRawText(ScriptEngine.java:119)
	at com.kms.katalon.core.main.TestCaseExecutor.runScript(TestCaseExecutor.java:448)
	at com.kms.katalon.core.main.TestCaseExecutor.doExecute(TestCaseExecutor.java:439)
	at com.kms.katalon.core.main.TestCaseExecutor.processExecutionPhase(TestCaseExecutor.java:418)
	at com.kms.katalon.core.main.TestCaseExecutor.accessMainPhase(TestCaseExecutor.java:410)
	at com.kms.katalon.core.main.TestCaseExecutor.execute(TestCaseExecutor.java:285)
	at com.kms.katalon.core.common.CommonExecutor.accessTestCaseMainPhase(CommonExecutor.java:65)
	at com.kms.katalon.core.main.TestSuiteExecutor.accessTestSuiteMainPhase(TestSuiteExecutor.java:150)
	at com.kms.katalon.core.main.TestSuiteExecutor.execute(TestSuiteExecutor.java:106)
	at com.kms.katalon.core.main.TestCaseMain.startTestSuite(TestCaseMain.java:180)
	at TempTestSuite1728268297176.run(TempTestSuite1728268297176.groovy:35)
	at java.base/jdk.internal.reflect.NativeMethodAccessorImpl.invoke0(Native Method)
	at java.base/jdk.internal.reflect.NativeMethodAccessorImpl.invoke(NativeMethodAccessorImpl.java:77)
	at java.base/jdk.internal.reflect.DelegatingMethodAccessorImpl.invoke(DelegatingMethodAccessorImpl.java:43)


07-10-2024T09:33:31 - [TEST_STEP][PASSED] - Start listener action : sampleBeforeTestCase: Navigate to 'https://stg-cms-console.9pay.mobi/login' successfully

07-10-2024T09:33:31 - [TEST_STEP][PASSED] - testCaseId = testCaseContext.getTestCaseId(): null

07-10-2024T09:33:31 - [TEST_STEP][PASSED] - url = <not implemented yet for class: org.codehaus.groovy.ast.expr.EmptyExpression>: null

07-10-2024T09:33:31 - [TEST_STEP][PASSED] - if (testCaseId == "Test Cases/Quản lý tài khoản merchant/Quản lý dịch vụ merchant/Kiểm tra thay đổi sau khi cấu hình VA trên MCV"): null

07-10-2024T09:33:31 - [TEST_STEP][PASSED] - else: null

07-10-2024T09:33:31 - [TEST_STEP][PASSED] - url = "https://stg-cms-console.9pay.mobi/login": null

07-10-2024T09:33:31 - [TEST_STEP][PASSED] - openBrowser(""): Browser is opened with url: ''

07-10-2024T09:33:31 - [MESSAGE][WARNING] - A browser is already opened. Closing browser and opening a new one

07-10-2024T09:33:32 - [MESSAGE][INFO] - Starting 'Chrome' driver

07-10-2024T09:33:32 - [MESSAGE][INFO] - Action delay is set to 0 milliseconds

07-10-2024T09:33:34 - [MESSAGE][PASSED] - Browser is opened with url: ''

07-10-2024T09:33:34 - [TEST_STEP][PASSED] - maximizeWindow(): Current window maximized

07-10-2024T09:33:34 - [MESSAGE][PASSED] - Current window maximized

07-10-2024T09:33:34 - [TEST_STEP][PASSED] - navigateToUrl(url): Navigate to 'https://stg-cms-console.9pay.mobi/login' successfully

07-10-2024T09:33:40 - [MESSAGE][PASSED] - Navigate to 'https://stg-cms-console.9pay.mobi/login' successfully

07-10-2024T09:33:40 - [TEST_STEP][PASSED] - driver = getWebDriver(): null

07-10-2024T09:33:40 - [TEST_STEP][PASSED] - callTestCase(findTestCase("Test Cases/Login/LoginCommon"), [:], STOP_ON_FAILURE): Call Test Case 'Test Cases/Login/LoginCommon' successfully

07-10-2024T09:33:40 - [TEST_CASE][PASSED] - Test Cases/Login/LoginCommon: Test Cases/Login/LoginCommon

07-10-2024T09:33:40 - [TEST_STEP][PASSED] - driver = getWebDriver(): null

07-10-2024T09:33:40 - [TEST_STEP][PASSED] - sendKeys(findTestObject("Quản lý tài khoản merchant/Quản lý dịch vụ merchant/userNameTextbox"), userAccount): Keys 'dannt@9pay.vn' sent to object: 'Object Repository/Quản lý tài khoản merchant/Quản lý dịch vụ merchant/userNameTextbox'

07-10-2024T09:33:41 - [MESSAGE][PASSED] - Keys 'dannt@9pay.vn' sent to object: 'Object Repository/Quản lý tài khoản merchant/Quản lý dịch vụ merchant/userNameTextbox'

07-10-2024T09:33:41 - [TEST_STEP][PASSED] - sendKeys(findTestObject("Quản lý tài khoản merchant/Quản lý dịch vụ merchant/passwordTextbox"), password): Keys 'dannt@9pay.vn' sent to object: 'Object Repository/Quản lý tài khoản merchant/Quản lý dịch vụ merchant/passwordTextbox'

07-10-2024T09:33:41 - [MESSAGE][PASSED] - Keys 'dannt@9pay.vn' sent to object: 'Object Repository/Quản lý tài khoản merchant/Quản lý dịch vụ merchant/passwordTextbox'

07-10-2024T09:33:41 - [TEST_STEP][PASSED] - click(findTestObject("Quản lý tài khoản merchant/Quản lý dịch vụ merchant/loginButton")): Object: 'Object Repository/Quản lý tài khoản merchant/Quản lý dịch vụ merchant/loginButton' is clicked on

07-10-2024T09:33:41 - [MESSAGE][PASSED] - Object: 'Object Repository/Quản lý tài khoản merchant/Quản lý dịch vụ merchant/loginButton' is clicked on

07-10-2024T09:33:41 - [MESSAGE][PASSED] - Call Test Case 'Test Cases/Login/LoginCommon' successfully

07-10-2024T09:33:41 - [TEST_STEP][PASSED] - waitForElementVisible(findTestObject("Trang chủ/userName"), 20, STOP_ON_FAILURE): Object 'Object Repository/Trang chủ/userName' is visible

07-10-2024T09:33:44 - [MESSAGE][PASSED] - Object 'Object Repository/Trang chủ/userName' is visible

07-10-2024T09:33:44 - [TEST_STEP][PASSED] - callTestCase(findTestCase("Test Cases/Quản lý tài khoản merchant/Quản lý danh sách tài khoản/CustomFunctions Deposit"), [:], STOP_ON_FAILURE): Call Test Case 'Test Cases/Quản lý tài khoản merchant/Quản lý danh sách tài khoản/CustomFunctions Deposit' successfully

07-10-2024T09:33:44 - [TEST_CASE][PASSED] - Test Cases/Quản lý tài khoản merchant/Quản lý danh sách tài khoản/CustomFunctions Deposit: Test Cases/Quản lý tài khoản merchant/Quản lý danh sách tài khoản/CustomFunctions Deposit

07-10-2024T09:33:44 - [TEST_STEP][PASSED] - driver = getWebDriver(): null

07-10-2024T09:33:44 - [TEST_STEP][PASSED] - element1 = driver.findElement(By.xpath("//span[contains(text(),'Quản lý tài khoản merchant')]")): null

07-10-2024T09:33:45 - [TEST_STEP][PASSED] - actions = new org.openqa.selenium.interactions.Actions(driver): null

07-10-2024T09:33:45 - [TEST_STEP][PASSED] - click().perform(): null

07-10-2024T09:33:45 - [TEST_STEP][PASSED] - wait = new org.openqa.selenium.support.ui.WebDriverWait(com.kms.katalon.core.webui.driver.DriverFactory.getWebDriver(), 15): null

07-10-2024T09:33:45 - [TEST_STEP][PASSED] - xpath(xpathManagerListAccount))).click(): null

07-10-2024T09:33:46 - [MESSAGE][PASSED] - Call Test Case 'Test Cases/Quản lý tài khoản merchant/Quản lý danh sách tài khoản/CustomFunctions Deposit' successfully

07-10-2024T09:33:46 - [TEST_STEP][PASSED] - wait = new org.openqa.selenium.support.ui.WebDriverWait(com.kms.katalon.core.webui.driver.DriverFactory.getWebDriver(), 20): null

07-10-2024T09:33:46 - [TEST_STEP][PASSED] - userCode = wait.until(ExpectedConditions.visibilityOfElementLocated(By.xpath(xpathUserCode))): null

07-10-2024T09:33:49 - [TEST_STEP][PASSED] - xpath(xpathBtnAccount))).click(): null

07-10-2024T09:33:49 - [TEST_STEP][PASSED] - searchTextbox = wait.until(ExpectedConditions.elementToBeClickable(By.xpath(xpathSearchTextbox))): null

07-10-2024T09:33:50 - [TEST_STEP][PASSED] - searchTextbox.sendKeys(username): null

07-10-2024T09:33:50 - [TEST_STEP][PASSED] - xpath(xpathOption)).click(): null

07-10-2024T09:33:51 - [TEST_STEP][PASSED] - xpath(xpathBtnSearch)).click(): null

07-10-2024T09:33:51 - [TEST_STEP][PASSED] - wait.until(ExpectedConditions.visibilityOfElementLocated(By.xpath(xpathAccountName))): null

07-10-2024T09:33:52 - [TEST_STEP][PASSED] - xpath(xpathBtnDeposit)).click(): null

07-10-2024T09:33:53 - [TEST_STEP][PASSED] - wait.until(ExpectedConditions.visibilityOfElementLocated(By.xpath(xpathTextAccount))): null

07-10-2024T09:33:58 - [TEST_STEP][ERROR] - xpath(xpathChonVi)).click(): Test Cases/Quản lý tài khoản merchant/Quản lý danh sách tài khoản/Nạp tiền/TC_04_Không nhập số tiền và nhấn Xác nhận FAILED.
Reason:
java.lang.IllegalArgumentException: Cannot find elements when the XPath is null.
	at org.openqa.selenium.By$ByXPath.<init>(By.java:339)
	at org.openqa.selenium.By.xpath(By.java:92)
	at TC_04_Không nhập số tiền và nhấn Xác nhận.run(TC_04_Không nhập số tiền và nhấn Xác nhận:34)
	at com.kms.katalon.core.main.ScriptEngine.run(ScriptEngine.java:194)
	at com.kms.katalon.core.main.ScriptEngine.runScriptAsRawText(ScriptEngine.java:119)
	at com.kms.katalon.core.main.TestCaseExecutor.runScript(TestCaseExecutor.java:448)
	at com.kms.katalon.core.main.TestCaseExecutor.doExecute(TestCaseExecutor.java:439)
	at com.kms.katalon.core.main.TestCaseExecutor.processExecutionPhase(TestCaseExecutor.java:418)
	at com.kms.katalon.core.main.TestCaseExecutor.accessMainPhase(TestCaseExecutor.java:410)
	at com.kms.katalon.core.main.TestCaseExecutor.execute(TestCaseExecutor.java:285)
	at com.kms.katalon.core.common.CommonExecutor.accessTestCaseMainPhase(CommonExecutor.java:65)
	at com.kms.katalon.core.main.TestSuiteExecutor.accessTestSuiteMainPhase(TestSuiteExecutor.java:150)
	at com.kms.katalon.core.main.TestSuiteExecutor.execute(TestSuiteExecutor.java:106)
	at com.kms.katalon.core.main.TestCaseMain.startTestSuite(TestCaseMain.java:180)
	at TempTestSuite1728268297176.run(TempTestSuite1728268297176.groovy:35)
	at java.base/jdk.internal.reflect.NativeMethodAccessorImpl.invoke0(Native Method)
	at java.base/jdk.internal.reflect.NativeMethodAccessorImpl.invoke(NativeMethodAccessorImpl.java:77)
	at java.base/jdk.internal.reflect.DelegatingMethodAccessorImpl.invoke(DelegatingMethodAccessorImpl.java:43)


07-10-2024T09:33:58 - [MESSAGE][ERROR] - Test Cases/Quản lý tài khoản merchant/Quản lý danh sách tài khoản/Nạp tiền/TC_04_Không nhập số tiền và nhấn Xác nhận FAILED.
Reason:
java.lang.IllegalArgumentException: Cannot find elements when the XPath is null.
	at org.openqa.selenium.By$ByXPath.<init>(By.java:339)
	at org.openqa.selenium.By.xpath(By.java:92)
	at TC_04_Không nhập số tiền và nhấn Xác nhận.run(TC_04_Không nhập số tiền và nhấn Xác nhận:34)
	at com.kms.katalon.core.main.ScriptEngine.run(ScriptEngine.java:194)
	at com.kms.katalon.core.main.ScriptEngine.runScriptAsRawText(ScriptEngine.java:119)
	at com.kms.katalon.core.main.TestCaseExecutor.runScript(TestCaseExecutor.java:448)
	at com.kms.katalon.core.main.TestCaseExecutor.doExecute(TestCaseExecutor.java:439)
	at com.kms.katalon.core.main.TestCaseExecutor.processExecutionPhase(TestCaseExecutor.java:418)
	at com.kms.katalon.core.main.TestCaseExecutor.accessMainPhase(TestCaseExecutor.java:410)
	at com.kms.katalon.core.main.TestCaseExecutor.execute(TestCaseExecutor.java:285)
	at com.kms.katalon.core.common.CommonExecutor.accessTestCaseMainPhase(CommonExecutor.java:65)
	at com.kms.katalon.core.main.TestSuiteExecutor.accessTestSuiteMainPhase(TestSuiteExecutor.java:150)
	at com.kms.katalon.core.main.TestSuiteExecutor.execute(TestSuiteExecutor.java:106)
	at com.kms.katalon.core.main.TestCaseMain.startTestSuite(TestCaseMain.java:180)
	at TempTestSuite1728268297176.run(TempTestSuite1728268297176.groovy:35)
	at java.base/jdk.internal.reflect.NativeMethodAccessorImpl.invoke0(Native Method)
	at java.base/jdk.internal.reflect.NativeMethodAccessorImpl.invoke(NativeMethodAccessorImpl.java:77)
	at java.base/jdk.internal.reflect.DelegatingMethodAccessorImpl.invoke(DelegatingMethodAccessorImpl.java:43)


07-10-2024T09:33:58 - [TEST_STEP][PASSED] - Start listener action : sampleAfterTestCase: null

07-10-2024T09:33:58 - [TEST_STEP][PASSED] - testCaseId = testCaseContext.getTestCaseId(): null

07-10-2024T09:33:58 - [TEST_STEP][PASSED] - if (testCaseId == "Test Cases/Quản lý tài khoản merchant/Quản lý dịch vụ merchant/Kiểm tra chức năng xác nhận cấu hình thay đổi VA"): null]]></system-out>
         <system-err><![CDATA[07-10-2024T09:33:31 - [TEST_CASE][ERROR] - Test Cases/Quản lý tài khoản merchant/Quản lý danh sách tài khoản/Nạp tiền/TC_04_Không nhập số tiền và nhấn Xác nhận: Test Cases/Quản lý tài khoản merchant/Quản lý danh sách tài khoản/Nạp tiền/TC_04_Không nhập số tiền và nhấn Xác nhận FAILED.
Reason:
java.lang.IllegalArgumentException: Cannot find elements when the XPath is null.
	at org.openqa.selenium.By$ByXPath.<init>(By.java:339)
	at org.openqa.selenium.By.xpath(By.java:92)
	at TC_04_Không nhập số tiền và nhấn Xác nhận.run(TC_04_Không nhập số tiền và nhấn Xác nhận:34)
	at com.kms.katalon.core.main.ScriptEngine.run(ScriptEngine.java:194)
	at com.kms.katalon.core.main.ScriptEngine.runScriptAsRawText(ScriptEngine.java:119)
	at com.kms.katalon.core.main.TestCaseExecutor.runScript(TestCaseExecutor.java:448)
	at com.kms.katalon.core.main.TestCaseExecutor.doExecute(TestCaseExecutor.java:439)
	at com.kms.katalon.core.main.TestCaseExecutor.processExecutionPhase(TestCaseExecutor.java:418)
	at com.kms.katalon.core.main.TestCaseExecutor.accessMainPhase(TestCaseExecutor.java:410)
	at com.kms.katalon.core.main.TestCaseExecutor.execute(TestCaseExecutor.java:285)
	at com.kms.katalon.core.common.CommonExecutor.accessTestCaseMainPhase(CommonExecutor.java:65)
	at com.kms.katalon.core.main.TestSuiteExecutor.accessTestSuiteMainPhase(TestSuiteExecutor.java:150)
	at com.kms.katalon.core.main.TestSuiteExecutor.execute(TestSuiteExecutor.java:106)
	at com.kms.katalon.core.main.TestCaseMain.startTestSuite(TestCaseMain.java:180)
	at TempTestSuite1728268297176.run(TempTestSuite1728268297176.groovy:35)
	at java.base/jdk.internal.reflect.NativeMethodAccessorImpl.invoke0(Native Method)
	at java.base/jdk.internal.reflect.NativeMethodAccessorImpl.invoke(NativeMethodAccessorImpl.java:77)
	at java.base/jdk.internal.reflect.DelegatingMethodAccessorImpl.invoke(DelegatingMethodAccessorImpl.java:43)]]></system-err>
      </testcase>
      <testcase name="Test Cases/Quản lý tài khoản merchant/Quản lý danh sách tài khoản/Nạp tiền/TC_05_Nhập số tiền là ký tự đặc biệt và chữ nhấn Xác Nhận" time="31.333" classname="Test Cases/Quản lý tài khoản merchant/Quản lý danh sách tài khoản/Nạp tiền/TC_05_Nhập số tiền là ký tự đặc biệt và chữ nhấn Xác Nhận" status="ERROR">
         <error type="ERROR" message="Test Cases/Quản lý tài khoản merchant/Quản lý danh sách tài khoản/Nạp tiền/TC_05_Nhập số tiền là ký tự đặc biệt và chữ nhấn Xác Nhận FAILED.&#xa;Reason:&#xa;java.lang.IllegalArgumentException: Cannot find elements when the XPath is null.&#xa;	at org.openqa.selenium.By$ByXPath.&lt;init>(By.java:339)&#xa;	at org.openqa.selenium.By.xpath(By.java:92)&#xa;	at TC_05_Nhập số tiền là ký tự đặc biệt và chữ nhấn Xác Nhận.run(TC_05_Nhập số tiền là ký tự đặc biệt và chữ nhấn Xác Nhận:34)&#xa;	at com.kms.katalon.core.main.ScriptEngine.run(ScriptEngine.java:194)&#xa;	at com.kms.katalon.core.main.ScriptEngine.runScriptAsRawText(ScriptEngine.java:119)&#xa;	at com.kms.katalon.core.main.TestCaseExecutor.runScript(TestCaseExecutor.java:448)&#xa;	at com.kms.katalon.core.main.TestCaseExecutor.doExecute(TestCaseExecutor.java:439)&#xa;	at com.kms.katalon.core.main.TestCaseExecutor.processExecutionPhase(TestCaseExecutor.java:418)&#xa;	at com.kms.katalon.core.main.TestCaseExecutor.accessMainPhase(TestCaseExecutor.java:410)&#xa;	at com.kms.katalon.core.main.TestCaseExecutor.execute(TestCaseExecutor.java:285)&#xa;	at com.kms.katalon.core.common.CommonExecutor.accessTestCaseMainPhase(CommonExecutor.java:65)&#xa;	at com.kms.katalon.core.main.TestSuiteExecutor.accessTestSuiteMainPhase(TestSuiteExecutor.java:150)&#xa;	at com.kms.katalon.core.main.TestSuiteExecutor.execute(TestSuiteExecutor.java:106)&#xa;	at com.kms.katalon.core.main.TestCaseMain.startTestSuite(TestCaseMain.java:180)&#xa;	at TempTestSuite1728268297176.run(TempTestSuite1728268297176.groovy:35)&#xa;	at java.base/jdk.internal.reflect.NativeMethodAccessorImpl.invoke0(Native Method)&#xa;	at java.base/jdk.internal.reflect.NativeMethodAccessorImpl.invoke(NativeMethodAccessorImpl.java:77)&#xa;	at java.base/jdk.internal.reflect.DelegatingMethodAccessorImpl.invoke(DelegatingMethodAccessorImpl.java:43)&#xa;"/>
         <system-out><![CDATA[07-10-2024T09:33:58 - [TEST_CASE][ERROR] - Test Cases/Quản lý tài khoản merchant/Quản lý danh sách tài khoản/Nạp tiền/TC_05_Nhập số tiền là ký tự đặc biệt và chữ nhấn Xác Nhận: Test Cases/Quản lý tài khoản merchant/Quản lý danh sách tài khoản/Nạp tiền/TC_05_Nhập số tiền là ký tự đặc biệt và chữ nhấn Xác Nhận FAILED.
Reason:
java.lang.IllegalArgumentException: Cannot find elements when the XPath is null.
	at org.openqa.selenium.By$ByXPath.<init>(By.java:339)
	at org.openqa.selenium.By.xpath(By.java:92)
	at TC_05_Nhập số tiền là ký tự đặc biệt và chữ nhấn Xác Nhận.run(TC_05_Nhập số tiền là ký tự đặc biệt và chữ nhấn Xác Nhận:34)
	at com.kms.katalon.core.main.ScriptEngine.run(ScriptEngine.java:194)
	at com.kms.katalon.core.main.ScriptEngine.runScriptAsRawText(ScriptEngine.java:119)
	at com.kms.katalon.core.main.TestCaseExecutor.runScript(TestCaseExecutor.java:448)
	at com.kms.katalon.core.main.TestCaseExecutor.doExecute(TestCaseExecutor.java:439)
	at com.kms.katalon.core.main.TestCaseExecutor.processExecutionPhase(TestCaseExecutor.java:418)
	at com.kms.katalon.core.main.TestCaseExecutor.accessMainPhase(TestCaseExecutor.java:410)
	at com.kms.katalon.core.main.TestCaseExecutor.execute(TestCaseExecutor.java:285)
	at com.kms.katalon.core.common.CommonExecutor.accessTestCaseMainPhase(CommonExecutor.java:65)
	at com.kms.katalon.core.main.TestSuiteExecutor.accessTestSuiteMainPhase(TestSuiteExecutor.java:150)
	at com.kms.katalon.core.main.TestSuiteExecutor.execute(TestSuiteExecutor.java:106)
	at com.kms.katalon.core.main.TestCaseMain.startTestSuite(TestCaseMain.java:180)
	at TempTestSuite1728268297176.run(TempTestSuite1728268297176.groovy:35)
	at java.base/jdk.internal.reflect.NativeMethodAccessorImpl.invoke0(Native Method)
	at java.base/jdk.internal.reflect.NativeMethodAccessorImpl.invoke(NativeMethodAccessorImpl.java:77)
	at java.base/jdk.internal.reflect.DelegatingMethodAccessorImpl.invoke(DelegatingMethodAccessorImpl.java:43)


07-10-2024T09:33:58 - [TEST_STEP][PASSED] - Start listener action : sampleBeforeTestCase: Navigate to 'https://stg-cms-console.9pay.mobi/login' successfully

07-10-2024T09:33:58 - [TEST_STEP][PASSED] - testCaseId = testCaseContext.getTestCaseId(): null

07-10-2024T09:33:58 - [TEST_STEP][PASSED] - url = <not implemented yet for class: org.codehaus.groovy.ast.expr.EmptyExpression>: null

07-10-2024T09:33:58 - [TEST_STEP][PASSED] - if (testCaseId == "Test Cases/Quản lý tài khoản merchant/Quản lý dịch vụ merchant/Kiểm tra thay đổi sau khi cấu hình VA trên MCV"): null

07-10-2024T09:33:58 - [TEST_STEP][PASSED] - else: null

07-10-2024T09:33:58 - [TEST_STEP][PASSED] - url = "https://stg-cms-console.9pay.mobi/login": null

07-10-2024T09:33:58 - [TEST_STEP][PASSED] - openBrowser(""): Browser is opened with url: ''

07-10-2024T09:33:58 - [MESSAGE][WARNING] - A browser is already opened. Closing browser and opening a new one

07-10-2024T09:33:58 - [MESSAGE][INFO] - Starting 'Chrome' driver

07-10-2024T09:33:58 - [MESSAGE][INFO] - Action delay is set to 0 milliseconds

07-10-2024T09:34:00 - [MESSAGE][PASSED] - Browser is opened with url: ''

07-10-2024T09:34:00 - [TEST_STEP][PASSED] - maximizeWindow(): Current window maximized

07-10-2024T09:34:01 - [MESSAGE][PASSED] - Current window maximized

07-10-2024T09:34:01 - [TEST_STEP][PASSED] - navigateToUrl(url): Navigate to 'https://stg-cms-console.9pay.mobi/login' successfully

07-10-2024T09:34:06 - [MESSAGE][PASSED] - Navigate to 'https://stg-cms-console.9pay.mobi/login' successfully

07-10-2024T09:34:07 - [TEST_STEP][PASSED] - driver = getWebDriver(): null

07-10-2024T09:34:07 - [TEST_STEP][PASSED] - callTestCase(findTestCase("Test Cases/Login/LoginCommon"), [:], STOP_ON_FAILURE): Call Test Case 'Test Cases/Login/LoginCommon' successfully

07-10-2024T09:34:07 - [TEST_CASE][PASSED] - Test Cases/Login/LoginCommon: Test Cases/Login/LoginCommon

07-10-2024T09:34:07 - [TEST_STEP][PASSED] - driver = getWebDriver(): null

07-10-2024T09:34:07 - [TEST_STEP][PASSED] - sendKeys(findTestObject("Quản lý tài khoản merchant/Quản lý dịch vụ merchant/userNameTextbox"), userAccount): Keys 'dannt@9pay.vn' sent to object: 'Object Repository/Quản lý tài khoản merchant/Quản lý dịch vụ merchant/userNameTextbox'

07-10-2024T09:34:07 - [MESSAGE][PASSED] - Keys 'dannt@9pay.vn' sent to object: 'Object Repository/Quản lý tài khoản merchant/Quản lý dịch vụ merchant/userNameTextbox'

07-10-2024T09:34:07 - [TEST_STEP][PASSED] - sendKeys(findTestObject("Quản lý tài khoản merchant/Quản lý dịch vụ merchant/passwordTextbox"), password): Keys 'dannt@9pay.vn' sent to object: 'Object Repository/Quản lý tài khoản merchant/Quản lý dịch vụ merchant/passwordTextbox'

07-10-2024T09:34:08 - [MESSAGE][PASSED] - Keys 'dannt@9pay.vn' sent to object: 'Object Repository/Quản lý tài khoản merchant/Quản lý dịch vụ merchant/passwordTextbox'

07-10-2024T09:34:08 - [TEST_STEP][PASSED] - click(findTestObject("Quản lý tài khoản merchant/Quản lý dịch vụ merchant/loginButton")): Object: 'Object Repository/Quản lý tài khoản merchant/Quản lý dịch vụ merchant/loginButton' is clicked on

07-10-2024T09:34:08 - [MESSAGE][PASSED] - Object: 'Object Repository/Quản lý tài khoản merchant/Quản lý dịch vụ merchant/loginButton' is clicked on

07-10-2024T09:34:08 - [MESSAGE][PASSED] - Call Test Case 'Test Cases/Login/LoginCommon' successfully

07-10-2024T09:34:08 - [TEST_STEP][PASSED] - waitForElementVisible(findTestObject("Trang chủ/userName"), 20, STOP_ON_FAILURE): Object 'Object Repository/Trang chủ/userName' is visible

07-10-2024T09:34:13 - [MESSAGE][PASSED] - Object 'Object Repository/Trang chủ/userName' is visible

07-10-2024T09:34:13 - [TEST_STEP][PASSED] - callTestCase(findTestCase("Test Cases/Quản lý tài khoản merchant/Quản lý danh sách tài khoản/CustomFunctions Deposit"), [:], STOP_ON_FAILURE): Call Test Case 'Test Cases/Quản lý tài khoản merchant/Quản lý danh sách tài khoản/CustomFunctions Deposit' successfully

07-10-2024T09:34:13 - [TEST_CASE][PASSED] - Test Cases/Quản lý tài khoản merchant/Quản lý danh sách tài khoản/CustomFunctions Deposit: Test Cases/Quản lý tài khoản merchant/Quản lý danh sách tài khoản/CustomFunctions Deposit

07-10-2024T09:34:13 - [TEST_STEP][PASSED] - driver = getWebDriver(): null

07-10-2024T09:34:13 - [TEST_STEP][PASSED] - element1 = driver.findElement(By.xpath("//span[contains(text(),'Quản lý tài khoản merchant')]")): null

07-10-2024T09:34:13 - [TEST_STEP][PASSED] - actions = new org.openqa.selenium.interactions.Actions(driver): null

07-10-2024T09:34:13 - [TEST_STEP][PASSED] - click().perform(): null

07-10-2024T09:34:13 - [TEST_STEP][PASSED] - wait = new org.openqa.selenium.support.ui.WebDriverWait(com.kms.katalon.core.webui.driver.DriverFactory.getWebDriver(), 15): null

07-10-2024T09:34:13 - [TEST_STEP][PASSED] - xpath(xpathManagerListAccount))).click(): null

07-10-2024T09:34:14 - [MESSAGE][PASSED] - Call Test Case 'Test Cases/Quản lý tài khoản merchant/Quản lý danh sách tài khoản/CustomFunctions Deposit' successfully

07-10-2024T09:34:14 - [TEST_STEP][PASSED] - wait = new org.openqa.selenium.support.ui.WebDriverWait(com.kms.katalon.core.webui.driver.DriverFactory.getWebDriver(), 20): null

07-10-2024T09:34:14 - [TEST_STEP][PASSED] - userCode = wait.until(ExpectedConditions.visibilityOfElementLocated(By.xpath(xpathUserCode))): null

07-10-2024T09:34:17 - [TEST_STEP][PASSED] - println(userCode.getText()): null

07-10-2024T09:34:17 - [TEST_STEP][PASSED] - xpath(xpathBtnAccount))).click(): null

07-10-2024T09:34:17 - [TEST_STEP][PASSED] - searchTextbox = wait.until(ExpectedConditions.elementToBeClickable(By.xpath(xpathSearchTextbox))): null

07-10-2024T09:34:18 - [TEST_STEP][PASSED] - searchTextbox.sendKeys(username): null

07-10-2024T09:34:19 - [TEST_STEP][PASSED] - xpath(xpathOption)).click(): null

07-10-2024T09:34:19 - [TEST_STEP][PASSED] - xpath(xpathBtnSearch)).click(): null

07-10-2024T09:34:20 - [TEST_STEP][PASSED] - wait.until(ExpectedConditions.visibilityOfElementLocated(By.xpath(xpathAccountName))): null

07-10-2024T09:34:20 - [TEST_STEP][PASSED] - xpath(xpathBtnDeposit)).click(): null

07-10-2024T09:34:21 - [TEST_STEP][PASSED] - wait.until(ExpectedConditions.visibilityOfElementLocated(By.xpath(xpathTextAccount))): null

07-10-2024T09:34:29 - [TEST_STEP][ERROR] - xpath(xpathChonVi)).click(): Test Cases/Quản lý tài khoản merchant/Quản lý danh sách tài khoản/Nạp tiền/TC_05_Nhập số tiền là ký tự đặc biệt và chữ nhấn Xác Nhận FAILED.
Reason:
java.lang.IllegalArgumentException: Cannot find elements when the XPath is null.
	at org.openqa.selenium.By$ByXPath.<init>(By.java:339)
	at org.openqa.selenium.By.xpath(By.java:92)
	at TC_05_Nhập số tiền là ký tự đặc biệt và chữ nhấn Xác Nhận.run(TC_05_Nhập số tiền là ký tự đặc biệt và chữ nhấn Xác Nhận:34)
	at com.kms.katalon.core.main.ScriptEngine.run(ScriptEngine.java:194)
	at com.kms.katalon.core.main.ScriptEngine.runScriptAsRawText(ScriptEngine.java:119)
	at com.kms.katalon.core.main.TestCaseExecutor.runScript(TestCaseExecutor.java:448)
	at com.kms.katalon.core.main.TestCaseExecutor.doExecute(TestCaseExecutor.java:439)
	at com.kms.katalon.core.main.TestCaseExecutor.processExecutionPhase(TestCaseExecutor.java:418)
	at com.kms.katalon.core.main.TestCaseExecutor.accessMainPhase(TestCaseExecutor.java:410)
	at com.kms.katalon.core.main.TestCaseExecutor.execute(TestCaseExecutor.java:285)
	at com.kms.katalon.core.common.CommonExecutor.accessTestCaseMainPhase(CommonExecutor.java:65)
	at com.kms.katalon.core.main.TestSuiteExecutor.accessTestSuiteMainPhase(TestSuiteExecutor.java:150)
	at com.kms.katalon.core.main.TestSuiteExecutor.execute(TestSuiteExecutor.java:106)
	at com.kms.katalon.core.main.TestCaseMain.startTestSuite(TestCaseMain.java:180)
	at TempTestSuite1728268297176.run(TempTestSuite1728268297176.groovy:35)
	at java.base/jdk.internal.reflect.NativeMethodAccessorImpl.invoke0(Native Method)
	at java.base/jdk.internal.reflect.NativeMethodAccessorImpl.invoke(NativeMethodAccessorImpl.java:77)
	at java.base/jdk.internal.reflect.DelegatingMethodAccessorImpl.invoke(DelegatingMethodAccessorImpl.java:43)


07-10-2024T09:34:29 - [MESSAGE][ERROR] - Test Cases/Quản lý tài khoản merchant/Quản lý danh sách tài khoản/Nạp tiền/TC_05_Nhập số tiền là ký tự đặc biệt và chữ nhấn Xác Nhận FAILED.
Reason:
java.lang.IllegalArgumentException: Cannot find elements when the XPath is null.
	at org.openqa.selenium.By$ByXPath.<init>(By.java:339)
	at org.openqa.selenium.By.xpath(By.java:92)
	at TC_05_Nhập số tiền là ký tự đặc biệt và chữ nhấn Xác Nhận.run(TC_05_Nhập số tiền là ký tự đặc biệt và chữ nhấn Xác Nhận:34)
	at com.kms.katalon.core.main.ScriptEngine.run(ScriptEngine.java:194)
	at com.kms.katalon.core.main.ScriptEngine.runScriptAsRawText(ScriptEngine.java:119)
	at com.kms.katalon.core.main.TestCaseExecutor.runScript(TestCaseExecutor.java:448)
	at com.kms.katalon.core.main.TestCaseExecutor.doExecute(TestCaseExecutor.java:439)
	at com.kms.katalon.core.main.TestCaseExecutor.processExecutionPhase(TestCaseExecutor.java:418)
	at com.kms.katalon.core.main.TestCaseExecutor.accessMainPhase(TestCaseExecutor.java:410)
	at com.kms.katalon.core.main.TestCaseExecutor.execute(TestCaseExecutor.java:285)
	at com.kms.katalon.core.common.CommonExecutor.accessTestCaseMainPhase(CommonExecutor.java:65)
	at com.kms.katalon.core.main.TestSuiteExecutor.accessTestSuiteMainPhase(TestSuiteExecutor.java:150)
	at com.kms.katalon.core.main.TestSuiteExecutor.execute(TestSuiteExecutor.java:106)
	at com.kms.katalon.core.main.TestCaseMain.startTestSuite(TestCaseMain.java:180)
	at TempTestSuite1728268297176.run(TempTestSuite1728268297176.groovy:35)
	at java.base/jdk.internal.reflect.NativeMethodAccessorImpl.invoke0(Native Method)
	at java.base/jdk.internal.reflect.NativeMethodAccessorImpl.invoke(NativeMethodAccessorImpl.java:77)
	at java.base/jdk.internal.reflect.DelegatingMethodAccessorImpl.invoke(DelegatingMethodAccessorImpl.java:43)


07-10-2024T09:34:29 - [TEST_STEP][PASSED] - Start listener action : sampleAfterTestCase: null

07-10-2024T09:34:29 - [TEST_STEP][PASSED] - testCaseId = testCaseContext.getTestCaseId(): null

07-10-2024T09:34:29 - [TEST_STEP][PASSED] - if (testCaseId == "Test Cases/Quản lý tài khoản merchant/Quản lý dịch vụ merchant/Kiểm tra chức năng xác nhận cấu hình thay đổi VA"): null]]></system-out>
         <system-err><![CDATA[07-10-2024T09:33:58 - [TEST_CASE][ERROR] - Test Cases/Quản lý tài khoản merchant/Quản lý danh sách tài khoản/Nạp tiền/TC_05_Nhập số tiền là ký tự đặc biệt và chữ nhấn Xác Nhận: Test Cases/Quản lý tài khoản merchant/Quản lý danh sách tài khoản/Nạp tiền/TC_05_Nhập số tiền là ký tự đặc biệt và chữ nhấn Xác Nhận FAILED.
Reason:
java.lang.IllegalArgumentException: Cannot find elements when the XPath is null.
	at org.openqa.selenium.By$ByXPath.<init>(By.java:339)
	at org.openqa.selenium.By.xpath(By.java:92)
	at TC_05_Nhập số tiền là ký tự đặc biệt và chữ nhấn Xác Nhận.run(TC_05_Nhập số tiền là ký tự đặc biệt và chữ nhấn Xác Nhận:34)
	at com.kms.katalon.core.main.ScriptEngine.run(ScriptEngine.java:194)
	at com.kms.katalon.core.main.ScriptEngine.runScriptAsRawText(ScriptEngine.java:119)
	at com.kms.katalon.core.main.TestCaseExecutor.runScript(TestCaseExecutor.java:448)
	at com.kms.katalon.core.main.TestCaseExecutor.doExecute(TestCaseExecutor.java:439)
	at com.kms.katalon.core.main.TestCaseExecutor.processExecutionPhase(TestCaseExecutor.java:418)
	at com.kms.katalon.core.main.TestCaseExecutor.accessMainPhase(TestCaseExecutor.java:410)
	at com.kms.katalon.core.main.TestCaseExecutor.execute(TestCaseExecutor.java:285)
	at com.kms.katalon.core.common.CommonExecutor.accessTestCaseMainPhase(CommonExecutor.java:65)
	at com.kms.katalon.core.main.TestSuiteExecutor.accessTestSuiteMainPhase(TestSuiteExecutor.java:150)
	at com.kms.katalon.core.main.TestSuiteExecutor.execute(TestSuiteExecutor.java:106)
	at com.kms.katalon.core.main.TestCaseMain.startTestSuite(TestCaseMain.java:180)
	at TempTestSuite1728268297176.run(TempTestSuite1728268297176.groovy:35)
	at java.base/jdk.internal.reflect.NativeMethodAccessorImpl.invoke0(Native Method)
	at java.base/jdk.internal.reflect.NativeMethodAccessorImpl.invoke(NativeMethodAccessorImpl.java:77)
	at java.base/jdk.internal.reflect.DelegatingMethodAccessorImpl.invoke(DelegatingMethodAccessorImpl.java:43)]]></system-err>
      </testcase>
      <testcase name="Test Cases/Quản lý tài khoản merchant/Quản lý danh sách tài khoản/Nạp tiền/TC_06_KIểm tra khi nhập số tiền đúng và nhấn xác nhận" time="31.238" classname="Test Cases/Quản lý tài khoản merchant/Quản lý danh sách tài khoản/Nạp tiền/TC_06_KIểm tra khi nhập số tiền đúng và nhấn xác nhận" status="ERROR">
         <error type="ERROR" message="Test Cases/Quản lý tài khoản merchant/Quản lý danh sách tài khoản/Nạp tiền/TC_06_KIểm tra khi nhập số tiền đúng và nhấn xác nhận FAILED.&#xa;Reason:&#xa;java.lang.IllegalArgumentException: Cannot find elements when the XPath is null.&#xa;	at org.openqa.selenium.By$ByXPath.&lt;init>(By.java:339)&#xa;	at org.openqa.selenium.By.xpath(By.java:92)&#xa;	at TC_06_KIểm tra khi nhập số tiền đúng và nhấn xác nhận.run(TC_06_KIểm tra khi nhập số tiền đúng và nhấn xác nhận:35)&#xa;	at com.kms.katalon.core.main.ScriptEngine.run(ScriptEngine.java:194)&#xa;	at com.kms.katalon.core.main.ScriptEngine.runScriptAsRawText(ScriptEngine.java:119)&#xa;	at com.kms.katalon.core.main.TestCaseExecutor.runScript(TestCaseExecutor.java:448)&#xa;	at com.kms.katalon.core.main.TestCaseExecutor.doExecute(TestCaseExecutor.java:439)&#xa;	at com.kms.katalon.core.main.TestCaseExecutor.processExecutionPhase(TestCaseExecutor.java:418)&#xa;	at com.kms.katalon.core.main.TestCaseExecutor.accessMainPhase(TestCaseExecutor.java:410)&#xa;	at com.kms.katalon.core.main.TestCaseExecutor.execute(TestCaseExecutor.java:285)&#xa;	at com.kms.katalon.core.common.CommonExecutor.accessTestCaseMainPhase(CommonExecutor.java:65)&#xa;	at com.kms.katalon.core.main.TestSuiteExecutor.accessTestSuiteMainPhase(TestSuiteExecutor.java:150)&#xa;	at com.kms.katalon.core.main.TestSuiteExecutor.execute(TestSuiteExecutor.java:106)&#xa;	at com.kms.katalon.core.main.TestCaseMain.startTestSuite(TestCaseMain.java:180)&#xa;	at TempTestSuite1728268297176.run(TempTestSuite1728268297176.groovy:35)&#xa;	at java.base/jdk.internal.reflect.NativeMethodAccessorImpl.invoke0(Native Method)&#xa;	at java.base/jdk.internal.reflect.NativeMethodAccessorImpl.invoke(NativeMethodAccessorImpl.java:77)&#xa;	at java.base/jdk.internal.reflect.DelegatingMethodAccessorImpl.invoke(DelegatingMethodAccessorImpl.java:43)&#xa;"/>
         <system-out><![CDATA[07-10-2024T09:34:29 - [TEST_CASE][ERROR] - Test Cases/Quản lý tài khoản merchant/Quản lý danh sách tài khoản/Nạp tiền/TC_06_KIểm tra khi nhập số tiền đúng và nhấn xác nhận: Test Cases/Quản lý tài khoản merchant/Quản lý danh sách tài khoản/Nạp tiền/TC_06_KIểm tra khi nhập số tiền đúng và nhấn xác nhận FAILED.
Reason:
java.lang.IllegalArgumentException: Cannot find elements when the XPath is null.
	at org.openqa.selenium.By$ByXPath.<init>(By.java:339)
	at org.openqa.selenium.By.xpath(By.java:92)
	at TC_06_KIểm tra khi nhập số tiền đúng và nhấn xác nhận.run(TC_06_KIểm tra khi nhập số tiền đúng và nhấn xác nhận:35)
	at com.kms.katalon.core.main.ScriptEngine.run(ScriptEngine.java:194)
	at com.kms.katalon.core.main.ScriptEngine.runScriptAsRawText(ScriptEngine.java:119)
	at com.kms.katalon.core.main.TestCaseExecutor.runScript(TestCaseExecutor.java:448)
	at com.kms.katalon.core.main.TestCaseExecutor.doExecute(TestCaseExecutor.java:439)
	at com.kms.katalon.core.main.TestCaseExecutor.processExecutionPhase(TestCaseExecutor.java:418)
	at com.kms.katalon.core.main.TestCaseExecutor.accessMainPhase(TestCaseExecutor.java:410)
	at com.kms.katalon.core.main.TestCaseExecutor.execute(TestCaseExecutor.java:285)
	at com.kms.katalon.core.common.CommonExecutor.accessTestCaseMainPhase(CommonExecutor.java:65)
	at com.kms.katalon.core.main.TestSuiteExecutor.accessTestSuiteMainPhase(TestSuiteExecutor.java:150)
	at com.kms.katalon.core.main.TestSuiteExecutor.execute(TestSuiteExecutor.java:106)
	at com.kms.katalon.core.main.TestCaseMain.startTestSuite(TestCaseMain.java:180)
	at TempTestSuite1728268297176.run(TempTestSuite1728268297176.groovy:35)
	at java.base/jdk.internal.reflect.NativeMethodAccessorImpl.invoke0(Native Method)
	at java.base/jdk.internal.reflect.NativeMethodAccessorImpl.invoke(NativeMethodAccessorImpl.java:77)
	at java.base/jdk.internal.reflect.DelegatingMethodAccessorImpl.invoke(DelegatingMethodAccessorImpl.java:43)


07-10-2024T09:34:29 - [TEST_STEP][PASSED] - Start listener action : sampleBeforeTestCase: Navigate to 'https://stg-cms-console.9pay.mobi/login' successfully

07-10-2024T09:34:29 - [TEST_STEP][PASSED] - testCaseId = testCaseContext.getTestCaseId(): null

07-10-2024T09:34:29 - [TEST_STEP][PASSED] - url = <not implemented yet for class: org.codehaus.groovy.ast.expr.EmptyExpression>: null

07-10-2024T09:34:29 - [TEST_STEP][PASSED] - if (testCaseId == "Test Cases/Quản lý tài khoản merchant/Quản lý dịch vụ merchant/Kiểm tra thay đổi sau khi cấu hình VA trên MCV"): null

07-10-2024T09:34:29 - [TEST_STEP][PASSED] - else: null

07-10-2024T09:34:29 - [TEST_STEP][PASSED] - url = "https://stg-cms-console.9pay.mobi/login": null

07-10-2024T09:34:29 - [TEST_STEP][PASSED] - openBrowser(""): Browser is opened with url: ''

07-10-2024T09:34:29 - [MESSAGE][WARNING] - A browser is already opened. Closing browser and opening a new one

07-10-2024T09:34:30 - [MESSAGE][INFO] - Starting 'Chrome' driver

07-10-2024T09:34:30 - [MESSAGE][INFO] - Action delay is set to 0 milliseconds

07-10-2024T09:34:32 - [MESSAGE][PASSED] - Browser is opened with url: ''

07-10-2024T09:34:32 - [TEST_STEP][PASSED] - maximizeWindow(): Current window maximized

07-10-2024T09:34:32 - [MESSAGE][PASSED] - Current window maximized

07-10-2024T09:34:32 - [TEST_STEP][PASSED] - navigateToUrl(url): Navigate to 'https://stg-cms-console.9pay.mobi/login' successfully

07-10-2024T09:34:36 - [MESSAGE][PASSED] - Navigate to 'https://stg-cms-console.9pay.mobi/login' successfully

07-10-2024T09:34:36 - [TEST_STEP][PASSED] - driver = getWebDriver(): null

07-10-2024T09:34:36 - [TEST_STEP][PASSED] - callTestCase(findTestCase("Test Cases/Login/LoginCommon"), [:], STOP_ON_FAILURE): Call Test Case 'Test Cases/Login/LoginCommon' successfully

07-10-2024T09:34:36 - [TEST_CASE][PASSED] - Test Cases/Login/LoginCommon: Test Cases/Login/LoginCommon

07-10-2024T09:34:36 - [TEST_STEP][PASSED] - driver = getWebDriver(): null

07-10-2024T09:34:36 - [TEST_STEP][PASSED] - sendKeys(findTestObject("Quản lý tài khoản merchant/Quản lý dịch vụ merchant/userNameTextbox"), userAccount): Keys 'dannt@9pay.vn' sent to object: 'Object Repository/Quản lý tài khoản merchant/Quản lý dịch vụ merchant/userNameTextbox'

07-10-2024T09:34:37 - [MESSAGE][PASSED] - Keys 'dannt@9pay.vn' sent to object: 'Object Repository/Quản lý tài khoản merchant/Quản lý dịch vụ merchant/userNameTextbox'

07-10-2024T09:34:37 - [TEST_STEP][PASSED] - sendKeys(findTestObject("Quản lý tài khoản merchant/Quản lý dịch vụ merchant/passwordTextbox"), password): Keys 'dannt@9pay.vn' sent to object: 'Object Repository/Quản lý tài khoản merchant/Quản lý dịch vụ merchant/passwordTextbox'

07-10-2024T09:34:37 - [MESSAGE][PASSED] - Keys 'dannt@9pay.vn' sent to object: 'Object Repository/Quản lý tài khoản merchant/Quản lý dịch vụ merchant/passwordTextbox'

07-10-2024T09:34:37 - [TEST_STEP][PASSED] - click(findTestObject("Quản lý tài khoản merchant/Quản lý dịch vụ merchant/loginButton")): Object: 'Object Repository/Quản lý tài khoản merchant/Quản lý dịch vụ merchant/loginButton' is clicked on

07-10-2024T09:34:38 - [MESSAGE][PASSED] - Object: 'Object Repository/Quản lý tài khoản merchant/Quản lý dịch vụ merchant/loginButton' is clicked on

07-10-2024T09:34:38 - [MESSAGE][PASSED] - Call Test Case 'Test Cases/Login/LoginCommon' successfully

07-10-2024T09:34:38 - [TEST_STEP][PASSED] - waitForElementVisible(findTestObject("Trang chủ/userName"), 20, STOP_ON_FAILURE): Object 'Object Repository/Trang chủ/userName' is visible

07-10-2024T09:34:41 - [MESSAGE][PASSED] - Object 'Object Repository/Trang chủ/userName' is visible

07-10-2024T09:34:41 - [TEST_STEP][PASSED] - callTestCase(findTestCase("Test Cases/Quản lý tài khoản merchant/Quản lý danh sách tài khoản/CustomFunctions Deposit"), [:], STOP_ON_FAILURE): Call Test Case 'Test Cases/Quản lý tài khoản merchant/Quản lý danh sách tài khoản/CustomFunctions Deposit' successfully

07-10-2024T09:34:41 - [TEST_CASE][PASSED] - Test Cases/Quản lý tài khoản merchant/Quản lý danh sách tài khoản/CustomFunctions Deposit: Test Cases/Quản lý tài khoản merchant/Quản lý danh sách tài khoản/CustomFunctions Deposit

07-10-2024T09:34:41 - [TEST_STEP][PASSED] - driver = getWebDriver(): null

07-10-2024T09:34:41 - [TEST_STEP][PASSED] - element1 = driver.findElement(By.xpath("//span[contains(text(),'Quản lý tài khoản merchant')]")): null

07-10-2024T09:34:41 - [TEST_STEP][PASSED] - actions = new org.openqa.selenium.interactions.Actions(driver): null

07-10-2024T09:34:41 - [TEST_STEP][PASSED] - click().perform(): null

07-10-2024T09:34:42 - [TEST_STEP][PASSED] - wait = new org.openqa.selenium.support.ui.WebDriverWait(com.kms.katalon.core.webui.driver.DriverFactory.getWebDriver(), 15): null

07-10-2024T09:34:42 - [TEST_STEP][PASSED] - xpath(xpathManagerListAccount))).click(): null

07-10-2024T09:34:42 - [MESSAGE][PASSED] - Call Test Case 'Test Cases/Quản lý tài khoản merchant/Quản lý danh sách tài khoản/CustomFunctions Deposit' successfully

07-10-2024T09:34:42 - [TEST_STEP][PASSED] - wait = new org.openqa.selenium.support.ui.WebDriverWait(com.kms.katalon.core.webui.driver.DriverFactory.getWebDriver(), 20): null

07-10-2024T09:34:42 - [TEST_STEP][PASSED] - userCode = wait.until(ExpectedConditions.visibilityOfElementLocated(By.xpath(xpathUserCode))): null

07-10-2024T09:34:45 - [TEST_STEP][PASSED] - println(userCode.getText()): null

07-10-2024T09:34:45 - [TEST_STEP][PASSED] - xpath(xpathBtnAccount))).click(): null

07-10-2024T09:34:46 - [TEST_STEP][PASSED] - searchTextbox = wait.until(ExpectedConditions.elementToBeClickable(By.xpath(xpathSearchTextbox))): null

07-10-2024T09:34:46 - [TEST_STEP][PASSED] - searchTextbox.sendKeys("dannt11"): null

07-10-2024T09:34:47 - [TEST_STEP][PASSED] - xpath(xpathOption)).click(): null

07-10-2024T09:34:47 - [TEST_STEP][PASSED] - xpath(xpathBtnSearch)).click(): null

07-10-2024T09:34:47 - [TEST_STEP][PASSED] - wait.until(ExpectedConditions.visibilityOfElementLocated(By.xpath(xpathAccountName))): null

07-10-2024T09:34:48 - [TEST_STEP][PASSED] - xpath(xpathBtnDeposit)).click(): null

07-10-2024T09:34:49 - [TEST_STEP][PASSED] - wait.until(ExpectedConditions.visibilityOfElementLocated(By.xpath(xpathTextAccount))): null

07-10-2024T09:35:00 - [TEST_STEP][ERROR] - xpath(xpathChonVi)).click(): Test Cases/Quản lý tài khoản merchant/Quản lý danh sách tài khoản/Nạp tiền/TC_06_KIểm tra khi nhập số tiền đúng và nhấn xác nhận FAILED.
Reason:
java.lang.IllegalArgumentException: Cannot find elements when the XPath is null.
	at org.openqa.selenium.By$ByXPath.<init>(By.java:339)
	at org.openqa.selenium.By.xpath(By.java:92)
	at TC_06_KIểm tra khi nhập số tiền đúng và nhấn xác nhận.run(TC_06_KIểm tra khi nhập số tiền đúng và nhấn xác nhận:35)
	at com.kms.katalon.core.main.ScriptEngine.run(ScriptEngine.java:194)
	at com.kms.katalon.core.main.ScriptEngine.runScriptAsRawText(ScriptEngine.java:119)
	at com.kms.katalon.core.main.TestCaseExecutor.runScript(TestCaseExecutor.java:448)
	at com.kms.katalon.core.main.TestCaseExecutor.doExecute(TestCaseExecutor.java:439)
	at com.kms.katalon.core.main.TestCaseExecutor.processExecutionPhase(TestCaseExecutor.java:418)
	at com.kms.katalon.core.main.TestCaseExecutor.accessMainPhase(TestCaseExecutor.java:410)
	at com.kms.katalon.core.main.TestCaseExecutor.execute(TestCaseExecutor.java:285)
	at com.kms.katalon.core.common.CommonExecutor.accessTestCaseMainPhase(CommonExecutor.java:65)
	at com.kms.katalon.core.main.TestSuiteExecutor.accessTestSuiteMainPhase(TestSuiteExecutor.java:150)
	at com.kms.katalon.core.main.TestSuiteExecutor.execute(TestSuiteExecutor.java:106)
	at com.kms.katalon.core.main.TestCaseMain.startTestSuite(TestCaseMain.java:180)
	at TempTestSuite1728268297176.run(TempTestSuite1728268297176.groovy:35)
	at java.base/jdk.internal.reflect.NativeMethodAccessorImpl.invoke0(Native Method)
	at java.base/jdk.internal.reflect.NativeMethodAccessorImpl.invoke(NativeMethodAccessorImpl.java:77)
	at java.base/jdk.internal.reflect.DelegatingMethodAccessorImpl.invoke(DelegatingMethodAccessorImpl.java:43)


07-10-2024T09:35:00 - [MESSAGE][ERROR] - Test Cases/Quản lý tài khoản merchant/Quản lý danh sách tài khoản/Nạp tiền/TC_06_KIểm tra khi nhập số tiền đúng và nhấn xác nhận FAILED.
Reason:
java.lang.IllegalArgumentException: Cannot find elements when the XPath is null.
	at org.openqa.selenium.By$ByXPath.<init>(By.java:339)
	at org.openqa.selenium.By.xpath(By.java:92)
	at TC_06_KIểm tra khi nhập số tiền đúng và nhấn xác nhận.run(TC_06_KIểm tra khi nhập số tiền đúng và nhấn xác nhận:35)
	at com.kms.katalon.core.main.ScriptEngine.run(ScriptEngine.java:194)
	at com.kms.katalon.core.main.ScriptEngine.runScriptAsRawText(ScriptEngine.java:119)
	at com.kms.katalon.core.main.TestCaseExecutor.runScript(TestCaseExecutor.java:448)
	at com.kms.katalon.core.main.TestCaseExecutor.doExecute(TestCaseExecutor.java:439)
	at com.kms.katalon.core.main.TestCaseExecutor.processExecutionPhase(TestCaseExecutor.java:418)
	at com.kms.katalon.core.main.TestCaseExecutor.accessMainPhase(TestCaseExecutor.java:410)
	at com.kms.katalon.core.main.TestCaseExecutor.execute(TestCaseExecutor.java:285)
	at com.kms.katalon.core.common.CommonExecutor.accessTestCaseMainPhase(CommonExecutor.java:65)
	at com.kms.katalon.core.main.TestSuiteExecutor.accessTestSuiteMainPhase(TestSuiteExecutor.java:150)
	at com.kms.katalon.core.main.TestSuiteExecutor.execute(TestSuiteExecutor.java:106)
	at com.kms.katalon.core.main.TestCaseMain.startTestSuite(TestCaseMain.java:180)
	at TempTestSuite1728268297176.run(TempTestSuite1728268297176.groovy:35)
	at java.base/jdk.internal.reflect.NativeMethodAccessorImpl.invoke0(Native Method)
	at java.base/jdk.internal.reflect.NativeMethodAccessorImpl.invoke(NativeMethodAccessorImpl.java:77)
	at java.base/jdk.internal.reflect.DelegatingMethodAccessorImpl.invoke(DelegatingMethodAccessorImpl.java:43)


07-10-2024T09:35:00 - [TEST_STEP][PASSED] - Start listener action : sampleAfterTestCase: null

07-10-2024T09:35:00 - [TEST_STEP][PASSED] - testCaseId = testCaseContext.getTestCaseId(): null

07-10-2024T09:35:00 - [TEST_STEP][PASSED] - if (testCaseId == "Test Cases/Quản lý tài khoản merchant/Quản lý dịch vụ merchant/Kiểm tra chức năng xác nhận cấu hình thay đổi VA"): null]]></system-out>
         <system-err><![CDATA[07-10-2024T09:34:29 - [TEST_CASE][ERROR] - Test Cases/Quản lý tài khoản merchant/Quản lý danh sách tài khoản/Nạp tiền/TC_06_KIểm tra khi nhập số tiền đúng và nhấn xác nhận: Test Cases/Quản lý tài khoản merchant/Quản lý danh sách tài khoản/Nạp tiền/TC_06_KIểm tra khi nhập số tiền đúng và nhấn xác nhận FAILED.
Reason:
java.lang.IllegalArgumentException: Cannot find elements when the XPath is null.
	at org.openqa.selenium.By$ByXPath.<init>(By.java:339)
	at org.openqa.selenium.By.xpath(By.java:92)
	at TC_06_KIểm tra khi nhập số tiền đúng và nhấn xác nhận.run(TC_06_KIểm tra khi nhập số tiền đúng và nhấn xác nhận:35)
	at com.kms.katalon.core.main.ScriptEngine.run(ScriptEngine.java:194)
	at com.kms.katalon.core.main.ScriptEngine.runScriptAsRawText(ScriptEngine.java:119)
	at com.kms.katalon.core.main.TestCaseExecutor.runScript(TestCaseExecutor.java:448)
	at com.kms.katalon.core.main.TestCaseExecutor.doExecute(TestCaseExecutor.java:439)
	at com.kms.katalon.core.main.TestCaseExecutor.processExecutionPhase(TestCaseExecutor.java:418)
	at com.kms.katalon.core.main.TestCaseExecutor.accessMainPhase(TestCaseExecutor.java:410)
	at com.kms.katalon.core.main.TestCaseExecutor.execute(TestCaseExecutor.java:285)
	at com.kms.katalon.core.common.CommonExecutor.accessTestCaseMainPhase(CommonExecutor.java:65)
	at com.kms.katalon.core.main.TestSuiteExecutor.accessTestSuiteMainPhase(TestSuiteExecutor.java:150)
	at com.kms.katalon.core.main.TestSuiteExecutor.execute(TestSuiteExecutor.java:106)
	at com.kms.katalon.core.main.TestCaseMain.startTestSuite(TestCaseMain.java:180)
	at TempTestSuite1728268297176.run(TempTestSuite1728268297176.groovy:35)
	at java.base/jdk.internal.reflect.NativeMethodAccessorImpl.invoke0(Native Method)
	at java.base/jdk.internal.reflect.NativeMethodAccessorImpl.invoke(NativeMethodAccessorImpl.java:77)
	at java.base/jdk.internal.reflect.DelegatingMethodAccessorImpl.invoke(DelegatingMethodAccessorImpl.java:43)]]></system-err>
      </testcase>
      <testcase name="Test Cases/Quản lý tài khoản merchant/Quản lý danh sách tài khoản/Nạp tiền/TC_07_Nhập số tiền đúng và chọn kì đối soát đã có trước đó và nhấn Huỷ" time="22.473" classname="Test Cases/Quản lý tài khoản merchant/Quản lý danh sách tài khoản/Nạp tiền/TC_07_Nhập số tiền đúng và chọn kì đối soát đã có trước đó và nhấn Huỷ" status="ERROR">
         <error type="ERROR" message="Test Cases/Quản lý tài khoản merchant/Quản lý danh sách tài khoản/Nạp tiền/TC_07_Nhập số tiền đúng và chọn kì đối soát đã có trước đó và nhấn Huỷ FAILED.&#xa;Reason:&#xa;java.lang.IllegalArgumentException: Cannot find elements when the XPath is null.&#xa;	at org.openqa.selenium.By$ByXPath.&lt;init>(By.java:339)&#xa;	at org.openqa.selenium.By.xpath(By.java:92)&#xa;	at TC_07_Nhập số tiền đúng và chọn kì đối soát đã có trước đó và nhấn Huỷ.run(TC_07_Nhập số tiền đúng và chọn kì đối soát đã có trước đó và nhấn Huỷ:29)&#xa;	at com.kms.katalon.core.main.ScriptEngine.run(ScriptEngine.java:194)&#xa;	at com.kms.katalon.core.main.ScriptEngine.runScriptAsRawText(ScriptEngine.java:119)&#xa;	at com.kms.katalon.core.main.TestCaseExecutor.runScript(TestCaseExecutor.java:448)&#xa;	at com.kms.katalon.core.main.TestCaseExecutor.doExecute(TestCaseExecutor.java:439)&#xa;	at com.kms.katalon.core.main.TestCaseExecutor.processExecutionPhase(TestCaseExecutor.java:418)&#xa;	at com.kms.katalon.core.main.TestCaseExecutor.accessMainPhase(TestCaseExecutor.java:410)&#xa;	at com.kms.katalon.core.main.TestCaseExecutor.execute(TestCaseExecutor.java:285)&#xa;	at com.kms.katalon.core.common.CommonExecutor.accessTestCaseMainPhase(CommonExecutor.java:65)&#xa;	at com.kms.katalon.core.main.TestSuiteExecutor.accessTestSuiteMainPhase(TestSuiteExecutor.java:150)&#xa;	at com.kms.katalon.core.main.TestSuiteExecutor.execute(TestSuiteExecutor.java:106)&#xa;	at com.kms.katalon.core.main.TestCaseMain.startTestSuite(TestCaseMain.java:180)&#xa;	at TempTestSuite1728268297176.run(TempTestSuite1728268297176.groovy:35)&#xa;	at java.base/jdk.internal.reflect.NativeMethodAccessorImpl.invoke0(Native Method)&#xa;	at java.base/jdk.internal.reflect.NativeMethodAccessorImpl.invoke(NativeMethodAccessorImpl.java:77)&#xa;	at java.base/jdk.internal.reflect.DelegatingMethodAccessorImpl.invoke(DelegatingMethodAccessorImpl.java:43)&#xa;"/>
         <system-out><![CDATA[07-10-2024T09:35:00 - [TEST_CASE][ERROR] - Test Cases/Quản lý tài khoản merchant/Quản lý danh sách tài khoản/Nạp tiền/TC_07_Nhập số tiền đúng và chọn kì đối soát đã có trước đó và nhấn Huỷ: Test Cases/Quản lý tài khoản merchant/Quản lý danh sách tài khoản/Nạp tiền/TC_07_Nhập số tiền đúng và chọn kì đối soát đã có trước đó và nhấn Huỷ FAILED.
Reason:
java.lang.IllegalArgumentException: Cannot find elements when the XPath is null.
	at org.openqa.selenium.By$ByXPath.<init>(By.java:339)
	at org.openqa.selenium.By.xpath(By.java:92)
	at TC_07_Nhập số tiền đúng và chọn kì đối soát đã có trước đó và nhấn Huỷ.run(TC_07_Nhập số tiền đúng và chọn kì đối soát đã có trước đó và nhấn Huỷ:29)
	at com.kms.katalon.core.main.ScriptEngine.run(ScriptEngine.java:194)
	at com.kms.katalon.core.main.ScriptEngine.runScriptAsRawText(ScriptEngine.java:119)
	at com.kms.katalon.core.main.TestCaseExecutor.runScript(TestCaseExecutor.java:448)
	at com.kms.katalon.core.main.TestCaseExecutor.doExecute(TestCaseExecutor.java:439)
	at com.kms.katalon.core.main.TestCaseExecutor.processExecutionPhase(TestCaseExecutor.java:418)
	at com.kms.katalon.core.main.TestCaseExecutor.accessMainPhase(TestCaseExecutor.java:410)
	at com.kms.katalon.core.main.TestCaseExecutor.execute(TestCaseExecutor.java:285)
	at com.kms.katalon.core.common.CommonExecutor.accessTestCaseMainPhase(CommonExecutor.java:65)
	at com.kms.katalon.core.main.TestSuiteExecutor.accessTestSuiteMainPhase(TestSuiteExecutor.java:150)
	at com.kms.katalon.core.main.TestSuiteExecutor.execute(TestSuiteExecutor.java:106)
	at com.kms.katalon.core.main.TestCaseMain.startTestSuite(TestCaseMain.java:180)
	at TempTestSuite1728268297176.run(TempTestSuite1728268297176.groovy:35)
	at java.base/jdk.internal.reflect.NativeMethodAccessorImpl.invoke0(Native Method)
	at java.base/jdk.internal.reflect.NativeMethodAccessorImpl.invoke(NativeMethodAccessorImpl.java:77)
	at java.base/jdk.internal.reflect.DelegatingMethodAccessorImpl.invoke(DelegatingMethodAccessorImpl.java:43)


07-10-2024T09:35:01 - [TEST_STEP][PASSED] - Start listener action : sampleBeforeTestCase: Navigate to 'https://stg-cms-console.9pay.mobi/login' successfully

07-10-2024T09:35:01 - [TEST_STEP][PASSED] - testCaseId = testCaseContext.getTestCaseId(): null

07-10-2024T09:35:01 - [TEST_STEP][PASSED] - url = <not implemented yet for class: org.codehaus.groovy.ast.expr.EmptyExpression>: null

07-10-2024T09:35:01 - [TEST_STEP][PASSED] - if (testCaseId == "Test Cases/Quản lý tài khoản merchant/Quản lý dịch vụ merchant/Kiểm tra thay đổi sau khi cấu hình VA trên MCV"): null

07-10-2024T09:35:01 - [TEST_STEP][PASSED] - else: null

07-10-2024T09:35:01 - [TEST_STEP][PASSED] - url = "https://stg-cms-console.9pay.mobi/login": null

07-10-2024T09:35:01 - [TEST_STEP][PASSED] - openBrowser(""): Browser is opened with url: ''

07-10-2024T09:35:01 - [MESSAGE][WARNING] - A browser is already opened. Closing browser and opening a new one

07-10-2024T09:35:01 - [MESSAGE][INFO] - Starting 'Chrome' driver

07-10-2024T09:35:01 - [MESSAGE][INFO] - Action delay is set to 0 milliseconds

07-10-2024T09:35:03 - [MESSAGE][PASSED] - Browser is opened with url: ''

07-10-2024T09:35:03 - [TEST_STEP][PASSED] - maximizeWindow(): Current window maximized

07-10-2024T09:35:03 - [MESSAGE][PASSED] - Current window maximized

07-10-2024T09:35:03 - [TEST_STEP][PASSED] - navigateToUrl(url): Navigate to 'https://stg-cms-console.9pay.mobi/login' successfully

07-10-2024T09:35:08 - [MESSAGE][PASSED] - Navigate to 'https://stg-cms-console.9pay.mobi/login' successfully

07-10-2024T09:35:09 - [TEST_STEP][PASSED] - driver = getWebDriver(): null

07-10-2024T09:35:09 - [TEST_STEP][PASSED] - callTestCase(findTestCase("Test Cases/Login/LoginCommon"), [:], STOP_ON_FAILURE): Call Test Case 'Test Cases/Login/LoginCommon' successfully

07-10-2024T09:35:09 - [TEST_CASE][PASSED] - Test Cases/Login/LoginCommon: Test Cases/Login/LoginCommon

07-10-2024T09:35:09 - [TEST_STEP][PASSED] - driver = getWebDriver(): null

07-10-2024T09:35:09 - [TEST_STEP][PASSED] - sendKeys(findTestObject("Quản lý tài khoản merchant/Quản lý dịch vụ merchant/userNameTextbox"), userAccount): Keys 'dannt@9pay.vn' sent to object: 'Object Repository/Quản lý tài khoản merchant/Quản lý dịch vụ merchant/userNameTextbox'

07-10-2024T09:35:09 - [MESSAGE][PASSED] - Keys 'dannt@9pay.vn' sent to object: 'Object Repository/Quản lý tài khoản merchant/Quản lý dịch vụ merchant/userNameTextbox'

07-10-2024T09:35:09 - [TEST_STEP][PASSED] - sendKeys(findTestObject("Quản lý tài khoản merchant/Quản lý dịch vụ merchant/passwordTextbox"), password): Keys 'dannt@9pay.vn' sent to object: 'Object Repository/Quản lý tài khoản merchant/Quản lý dịch vụ merchant/passwordTextbox'

07-10-2024T09:35:10 - [MESSAGE][PASSED] - Keys 'dannt@9pay.vn' sent to object: 'Object Repository/Quản lý tài khoản merchant/Quản lý dịch vụ merchant/passwordTextbox'

07-10-2024T09:35:10 - [TEST_STEP][PASSED] - click(findTestObject("Quản lý tài khoản merchant/Quản lý dịch vụ merchant/loginButton")): Object: 'Object Repository/Quản lý tài khoản merchant/Quản lý dịch vụ merchant/loginButton' is clicked on

07-10-2024T09:35:10 - [MESSAGE][PASSED] - Object: 'Object Repository/Quản lý tài khoản merchant/Quản lý dịch vụ merchant/loginButton' is clicked on

07-10-2024T09:35:10 - [MESSAGE][PASSED] - Call Test Case 'Test Cases/Login/LoginCommon' successfully

07-10-2024T09:35:10 - [TEST_STEP][PASSED] - waitForElementVisible(findTestObject("Trang chủ/userName"), 20, STOP_ON_FAILURE): Object 'Object Repository/Trang chủ/userName' is visible

07-10-2024T09:35:16 - [MESSAGE][PASSED] - Object 'Object Repository/Trang chủ/userName' is visible

07-10-2024T09:35:16 - [TEST_STEP][PASSED] - callTestCase(findTestCase("Test Cases/Quản lý tài khoản merchant/Quản lý danh sách tài khoản/CustomFunctions Deposit"), [:], STOP_ON_FAILURE): Call Test Case 'Test Cases/Quản lý tài khoản merchant/Quản lý danh sách tài khoản/CustomFunctions Deposit' successfully

07-10-2024T09:35:16 - [TEST_CASE][PASSED] - Test Cases/Quản lý tài khoản merchant/Quản lý danh sách tài khoản/CustomFunctions Deposit: Test Cases/Quản lý tài khoản merchant/Quản lý danh sách tài khoản/CustomFunctions Deposit

07-10-2024T09:35:16 - [TEST_STEP][PASSED] - driver = getWebDriver(): null

07-10-2024T09:35:16 - [TEST_STEP][PASSED] - element1 = driver.findElement(By.xpath("//span[contains(text(),'Quản lý tài khoản merchant')]")): null

07-10-2024T09:35:16 - [TEST_STEP][PASSED] - actions = new org.openqa.selenium.interactions.Actions(driver): null

07-10-2024T09:35:16 - [TEST_STEP][PASSED] - click().perform(): null

07-10-2024T09:35:17 - [TEST_STEP][PASSED] - wait = new org.openqa.selenium.support.ui.WebDriverWait(com.kms.katalon.core.webui.driver.DriverFactory.getWebDriver(), 15): null

07-10-2024T09:35:17 - [TEST_STEP][PASSED] - xpath(xpathManagerListAccount))).click(): null

07-10-2024T09:35:17 - [MESSAGE][PASSED] - Call Test Case 'Test Cases/Quản lý tài khoản merchant/Quản lý danh sách tài khoản/CustomFunctions Deposit' successfully

07-10-2024T09:35:17 - [TEST_STEP][PASSED] - wait = new org.openqa.selenium.support.ui.WebDriverWait(com.kms.katalon.core.webui.driver.DriverFactory.getWebDriver(), 20): null

07-10-2024T09:35:17 - [TEST_STEP][PASSED] - userCode = wait.until(ExpectedConditions.visibilityOfElementLocated(By.xpath(xpathUserCode))): null

07-10-2024T09:35:21 - [TEST_STEP][PASSED] - println(userCode.getText()): null

07-10-2024T09:35:21 - [TEST_STEP][PASSED] - xpath(xpathBtnAccount))).click(): null

07-10-2024T09:35:22 - [TEST_STEP][PASSED] - searchTextbox = wait.until(ExpectedConditions.elementToBeClickable(By.xpath(xpathSearchTextbox))): null

07-10-2024T09:35:22 - [TEST_STEP][PASSED] - searchTextbox.sendKeys("dannt11"): null

07-10-2024T09:35:23 - [TEST_STEP][ERROR] - xpath(xpathDannt11)).click(): Test Cases/Quản lý tài khoản merchant/Quản lý danh sách tài khoản/Nạp tiền/TC_07_Nhập số tiền đúng và chọn kì đối soát đã có trước đó và nhấn Huỷ FAILED.
Reason:
java.lang.IllegalArgumentException: Cannot find elements when the XPath is null.
	at org.openqa.selenium.By$ByXPath.<init>(By.java:339)
	at org.openqa.selenium.By.xpath(By.java:92)
	at TC_07_Nhập số tiền đúng và chọn kì đối soát đã có trước đó và nhấn Huỷ.run(TC_07_Nhập số tiền đúng và chọn kì đối soát đã có trước đó và nhấn Huỷ:29)
	at com.kms.katalon.core.main.ScriptEngine.run(ScriptEngine.java:194)
	at com.kms.katalon.core.main.ScriptEngine.runScriptAsRawText(ScriptEngine.java:119)
	at com.kms.katalon.core.main.TestCaseExecutor.runScript(TestCaseExecutor.java:448)
	at com.kms.katalon.core.main.TestCaseExecutor.doExecute(TestCaseExecutor.java:439)
	at com.kms.katalon.core.main.TestCaseExecutor.processExecutionPhase(TestCaseExecutor.java:418)
	at com.kms.katalon.core.main.TestCaseExecutor.accessMainPhase(TestCaseExecutor.java:410)
	at com.kms.katalon.core.main.TestCaseExecutor.execute(TestCaseExecutor.java:285)
	at com.kms.katalon.core.common.CommonExecutor.accessTestCaseMainPhase(CommonExecutor.java:65)
	at com.kms.katalon.core.main.TestSuiteExecutor.accessTestSuiteMainPhase(TestSuiteExecutor.java:150)
	at com.kms.katalon.core.main.TestSuiteExecutor.execute(TestSuiteExecutor.java:106)
	at com.kms.katalon.core.main.TestCaseMain.startTestSuite(TestCaseMain.java:180)
	at TempTestSuite1728268297176.run(TempTestSuite1728268297176.groovy:35)
	at java.base/jdk.internal.reflect.NativeMethodAccessorImpl.invoke0(Native Method)
	at java.base/jdk.internal.reflect.NativeMethodAccessorImpl.invoke(NativeMethodAccessorImpl.java:77)
	at java.base/jdk.internal.reflect.DelegatingMethodAccessorImpl.invoke(DelegatingMethodAccessorImpl.java:43)


07-10-2024T09:35:23 - [MESSAGE][ERROR] - Test Cases/Quản lý tài khoản merchant/Quản lý danh sách tài khoản/Nạp tiền/TC_07_Nhập số tiền đúng và chọn kì đối soát đã có trước đó và nhấn Huỷ FAILED.
Reason:
java.lang.IllegalArgumentException: Cannot find elements when the XPath is null.
	at org.openqa.selenium.By$ByXPath.<init>(By.java:339)
	at org.openqa.selenium.By.xpath(By.java:92)
	at TC_07_Nhập số tiền đúng và chọn kì đối soát đã có trước đó và nhấn Huỷ.run(TC_07_Nhập số tiền đúng và chọn kì đối soát đã có trước đó và nhấn Huỷ:29)
	at com.kms.katalon.core.main.ScriptEngine.run(ScriptEngine.java:194)
	at com.kms.katalon.core.main.ScriptEngine.runScriptAsRawText(ScriptEngine.java:119)
	at com.kms.katalon.core.main.TestCaseExecutor.runScript(TestCaseExecutor.java:448)
	at com.kms.katalon.core.main.TestCaseExecutor.doExecute(TestCaseExecutor.java:439)
	at com.kms.katalon.core.main.TestCaseExecutor.processExecutionPhase(TestCaseExecutor.java:418)
	at com.kms.katalon.core.main.TestCaseExecutor.accessMainPhase(TestCaseExecutor.java:410)
	at com.kms.katalon.core.main.TestCaseExecutor.execute(TestCaseExecutor.java:285)
	at com.kms.katalon.core.common.CommonExecutor.accessTestCaseMainPhase(CommonExecutor.java:65)
	at com.kms.katalon.core.main.TestSuiteExecutor.accessTestSuiteMainPhase(TestSuiteExecutor.java:150)
	at com.kms.katalon.core.main.TestSuiteExecutor.execute(TestSuiteExecutor.java:106)
	at com.kms.katalon.core.main.TestCaseMain.startTestSuite(TestCaseMain.java:180)
	at TempTestSuite1728268297176.run(TempTestSuite1728268297176.groovy:35)
	at java.base/jdk.internal.reflect.NativeMethodAccessorImpl.invoke0(Native Method)
	at java.base/jdk.internal.reflect.NativeMethodAccessorImpl.invoke(NativeMethodAccessorImpl.java:77)
	at java.base/jdk.internal.reflect.DelegatingMethodAccessorImpl.invoke(DelegatingMethodAccessorImpl.java:43)


07-10-2024T09:35:23 - [TEST_STEP][PASSED] - Start listener action : sampleAfterTestCase: null

07-10-2024T09:35:23 - [TEST_STEP][PASSED] - testCaseId = testCaseContext.getTestCaseId(): null

07-10-2024T09:35:23 - [TEST_STEP][PASSED] - if (testCaseId == "Test Cases/Quản lý tài khoản merchant/Quản lý dịch vụ merchant/Kiểm tra chức năng xác nhận cấu hình thay đổi VA"): null]]></system-out>
         <system-err><![CDATA[07-10-2024T09:35:00 - [TEST_CASE][ERROR] - Test Cases/Quản lý tài khoản merchant/Quản lý danh sách tài khoản/Nạp tiền/TC_07_Nhập số tiền đúng và chọn kì đối soát đã có trước đó và nhấn Huỷ: Test Cases/Quản lý tài khoản merchant/Quản lý danh sách tài khoản/Nạp tiền/TC_07_Nhập số tiền đúng và chọn kì đối soát đã có trước đó và nhấn Huỷ FAILED.
Reason:
java.lang.IllegalArgumentException: Cannot find elements when the XPath is null.
	at org.openqa.selenium.By$ByXPath.<init>(By.java:339)
	at org.openqa.selenium.By.xpath(By.java:92)
	at TC_07_Nhập số tiền đúng và chọn kì đối soát đã có trước đó và nhấn Huỷ.run(TC_07_Nhập số tiền đúng và chọn kì đối soát đã có trước đó và nhấn Huỷ:29)
	at com.kms.katalon.core.main.ScriptEngine.run(ScriptEngine.java:194)
	at com.kms.katalon.core.main.ScriptEngine.runScriptAsRawText(ScriptEngine.java:119)
	at com.kms.katalon.core.main.TestCaseExecutor.runScript(TestCaseExecutor.java:448)
	at com.kms.katalon.core.main.TestCaseExecutor.doExecute(TestCaseExecutor.java:439)
	at com.kms.katalon.core.main.TestCaseExecutor.processExecutionPhase(TestCaseExecutor.java:418)
	at com.kms.katalon.core.main.TestCaseExecutor.accessMainPhase(TestCaseExecutor.java:410)
	at com.kms.katalon.core.main.TestCaseExecutor.execute(TestCaseExecutor.java:285)
	at com.kms.katalon.core.common.CommonExecutor.accessTestCaseMainPhase(CommonExecutor.java:65)
	at com.kms.katalon.core.main.TestSuiteExecutor.accessTestSuiteMainPhase(TestSuiteExecutor.java:150)
	at com.kms.katalon.core.main.TestSuiteExecutor.execute(TestSuiteExecutor.java:106)
	at com.kms.katalon.core.main.TestCaseMain.startTestSuite(TestCaseMain.java:180)
	at TempTestSuite1728268297176.run(TempTestSuite1728268297176.groovy:35)
	at java.base/jdk.internal.reflect.NativeMethodAccessorImpl.invoke0(Native Method)
	at java.base/jdk.internal.reflect.NativeMethodAccessorImpl.invoke(NativeMethodAccessorImpl.java:77)
	at java.base/jdk.internal.reflect.DelegatingMethodAccessorImpl.invoke(DelegatingMethodAccessorImpl.java:43)]]></system-err>
      </testcase>
      <testcase name="Test Cases/Quản lý tài khoản merchant/Quản lý danh sách tài khoản/Nạp tiền/TC_08_Nhập số tiền đúng và chọn kì đối soát đã có trước đó và nhấn xác nhận" time="25.908" classname="Test Cases/Quản lý tài khoản merchant/Quản lý danh sách tài khoản/Nạp tiền/TC_08_Nhập số tiền đúng và chọn kì đối soát đã có trước đó và nhấn xác nhận" status="ERROR">
         <error type="ERROR" message="Test Cases/Quản lý tài khoản merchant/Quản lý danh sách tài khoản/Nạp tiền/TC_08_Nhập số tiền đúng và chọn kì đối soát đã có trước đó và nhấn xác nhận FAILED.&#xa;Reason:&#xa;java.lang.IllegalArgumentException: Cannot find elements when the XPath is null.&#xa;	at org.openqa.selenium.By$ByXPath.&lt;init>(By.java:339)&#xa;	at org.openqa.selenium.By.xpath(By.java:92)&#xa;	at TC_08_Nhập số tiền đúng và chọn kì đối soát đã có trước đó và nhấn xác nhận.run(TC_08_Nhập số tiền đúng và chọn kì đối soát đã có trước đó và nhấn xác nhận:34)&#xa;	at com.kms.katalon.core.main.ScriptEngine.run(ScriptEngine.java:194)&#xa;	at com.kms.katalon.core.main.ScriptEngine.runScriptAsRawText(ScriptEngine.java:119)&#xa;	at com.kms.katalon.core.main.TestCaseExecutor.runScript(TestCaseExecutor.java:448)&#xa;	at com.kms.katalon.core.main.TestCaseExecutor.doExecute(TestCaseExecutor.java:439)&#xa;	at com.kms.katalon.core.main.TestCaseExecutor.processExecutionPhase(TestCaseExecutor.java:418)&#xa;	at com.kms.katalon.core.main.TestCaseExecutor.accessMainPhase(TestCaseExecutor.java:410)&#xa;	at com.kms.katalon.core.main.TestCaseExecutor.execute(TestCaseExecutor.java:285)&#xa;	at com.kms.katalon.core.common.CommonExecutor.accessTestCaseMainPhase(CommonExecutor.java:65)&#xa;	at com.kms.katalon.core.main.TestSuiteExecutor.accessTestSuiteMainPhase(TestSuiteExecutor.java:150)&#xa;	at com.kms.katalon.core.main.TestSuiteExecutor.execute(TestSuiteExecutor.java:106)&#xa;	at com.kms.katalon.core.main.TestCaseMain.startTestSuite(TestCaseMain.java:180)&#xa;	at TempTestSuite1728268297176.run(TempTestSuite1728268297176.groovy:35)&#xa;	at java.base/jdk.internal.reflect.NativeMethodAccessorImpl.invoke0(Native Method)&#xa;	at java.base/jdk.internal.reflect.NativeMethodAccessorImpl.invoke(NativeMethodAccessorImpl.java:77)&#xa;	at java.base/jdk.internal.reflect.DelegatingMethodAccessorImpl.invoke(DelegatingMethodAccessorImpl.java:43)&#xa;"/>
         <system-out><![CDATA[07-10-2024T09:35:23 - [TEST_CASE][ERROR] - Test Cases/Quản lý tài khoản merchant/Quản lý danh sách tài khoản/Nạp tiền/TC_08_Nhập số tiền đúng và chọn kì đối soát đã có trước đó và nhấn xác nhận: Test Cases/Quản lý tài khoản merchant/Quản lý danh sách tài khoản/Nạp tiền/TC_08_Nhập số tiền đúng và chọn kì đối soát đã có trước đó và nhấn xác nhận FAILED.
Reason:
java.lang.IllegalArgumentException: Cannot find elements when the XPath is null.
	at org.openqa.selenium.By$ByXPath.<init>(By.java:339)
	at org.openqa.selenium.By.xpath(By.java:92)
	at TC_08_Nhập số tiền đúng và chọn kì đối soát đã có trước đó và nhấn xác nhận.run(TC_08_Nhập số tiền đúng và chọn kì đối soát đã có trước đó và nhấn xác nhận:34)
	at com.kms.katalon.core.main.ScriptEngine.run(ScriptEngine.java:194)
	at com.kms.katalon.core.main.ScriptEngine.runScriptAsRawText(ScriptEngine.java:119)
	at com.kms.katalon.core.main.TestCaseExecutor.runScript(TestCaseExecutor.java:448)
	at com.kms.katalon.core.main.TestCaseExecutor.doExecute(TestCaseExecutor.java:439)
	at com.kms.katalon.core.main.TestCaseExecutor.processExecutionPhase(TestCaseExecutor.java:418)
	at com.kms.katalon.core.main.TestCaseExecutor.accessMainPhase(TestCaseExecutor.java:410)
	at com.kms.katalon.core.main.TestCaseExecutor.execute(TestCaseExecutor.java:285)
	at com.kms.katalon.core.common.CommonExecutor.accessTestCaseMainPhase(CommonExecutor.java:65)
	at com.kms.katalon.core.main.TestSuiteExecutor.accessTestSuiteMainPhase(TestSuiteExecutor.java:150)
	at com.kms.katalon.core.main.TestSuiteExecutor.execute(TestSuiteExecutor.java:106)
	at com.kms.katalon.core.main.TestCaseMain.startTestSuite(TestCaseMain.java:180)
	at TempTestSuite1728268297176.run(TempTestSuite1728268297176.groovy:35)
	at java.base/jdk.internal.reflect.NativeMethodAccessorImpl.invoke0(Native Method)
	at java.base/jdk.internal.reflect.NativeMethodAccessorImpl.invoke(NativeMethodAccessorImpl.java:77)
	at java.base/jdk.internal.reflect.DelegatingMethodAccessorImpl.invoke(DelegatingMethodAccessorImpl.java:43)


07-10-2024T09:35:23 - [TEST_STEP][PASSED] - Start listener action : sampleBeforeTestCase: Navigate to 'https://stg-cms-console.9pay.mobi/login' successfully

07-10-2024T09:35:23 - [TEST_STEP][PASSED] - testCaseId = testCaseContext.getTestCaseId(): null

07-10-2024T09:35:23 - [TEST_STEP][PASSED] - url = <not implemented yet for class: org.codehaus.groovy.ast.expr.EmptyExpression>: null

07-10-2024T09:35:23 - [TEST_STEP][PASSED] - if (testCaseId == "Test Cases/Quản lý tài khoản merchant/Quản lý dịch vụ merchant/Kiểm tra thay đổi sau khi cấu hình VA trên MCV"): null

07-10-2024T09:35:23 - [TEST_STEP][PASSED] - else: null

07-10-2024T09:35:23 - [TEST_STEP][PASSED] - url = "https://stg-cms-console.9pay.mobi/login": null

07-10-2024T09:35:23 - [TEST_STEP][PASSED] - openBrowser(""): Browser is opened with url: ''

07-10-2024T09:35:23 - [MESSAGE][WARNING] - A browser is already opened. Closing browser and opening a new one

07-10-2024T09:35:23 - [MESSAGE][INFO] - Starting 'Chrome' driver

07-10-2024T09:35:23 - [MESSAGE][INFO] - Action delay is set to 0 milliseconds

07-10-2024T09:35:25 - [MESSAGE][PASSED] - Browser is opened with url: ''

07-10-2024T09:35:25 - [TEST_STEP][PASSED] - maximizeWindow(): Current window maximized

07-10-2024T09:35:26 - [MESSAGE][PASSED] - Current window maximized

07-10-2024T09:35:26 - [TEST_STEP][PASSED] - navigateToUrl(url): Navigate to 'https://stg-cms-console.9pay.mobi/login' successfully

07-10-2024T09:35:30 - [MESSAGE][PASSED] - Navigate to 'https://stg-cms-console.9pay.mobi/login' successfully

07-10-2024T09:35:30 - [TEST_STEP][PASSED] - driver = getWebDriver(): null

07-10-2024T09:35:30 - [TEST_STEP][PASSED] - callTestCase(findTestCase("Test Cases/Login/LoginCommon"), [:], STOP_ON_FAILURE): Call Test Case 'Test Cases/Login/LoginCommon' successfully

07-10-2024T09:35:30 - [TEST_CASE][PASSED] - Test Cases/Login/LoginCommon: Test Cases/Login/LoginCommon

07-10-2024T09:35:30 - [TEST_STEP][PASSED] - driver = getWebDriver(): null

07-10-2024T09:35:30 - [TEST_STEP][PASSED] - sendKeys(findTestObject("Quản lý tài khoản merchant/Quản lý dịch vụ merchant/userNameTextbox"), userAccount): Keys 'dannt@9pay.vn' sent to object: 'Object Repository/Quản lý tài khoản merchant/Quản lý dịch vụ merchant/userNameTextbox'

07-10-2024T09:35:31 - [MESSAGE][PASSED] - Keys 'dannt@9pay.vn' sent to object: 'Object Repository/Quản lý tài khoản merchant/Quản lý dịch vụ merchant/userNameTextbox'

07-10-2024T09:35:31 - [TEST_STEP][PASSED] - sendKeys(findTestObject("Quản lý tài khoản merchant/Quản lý dịch vụ merchant/passwordTextbox"), password): Keys 'dannt@9pay.vn' sent to object: 'Object Repository/Quản lý tài khoản merchant/Quản lý dịch vụ merchant/passwordTextbox'

07-10-2024T09:35:31 - [MESSAGE][PASSED] - Keys 'dannt@9pay.vn' sent to object: 'Object Repository/Quản lý tài khoản merchant/Quản lý dịch vụ merchant/passwordTextbox'

07-10-2024T09:35:31 - [TEST_STEP][PASSED] - click(findTestObject("Quản lý tài khoản merchant/Quản lý dịch vụ merchant/loginButton")): Object: 'Object Repository/Quản lý tài khoản merchant/Quản lý dịch vụ merchant/loginButton' is clicked on

07-10-2024T09:35:32 - [MESSAGE][PASSED] - Object: 'Object Repository/Quản lý tài khoản merchant/Quản lý dịch vụ merchant/loginButton' is clicked on

07-10-2024T09:35:32 - [MESSAGE][PASSED] - Call Test Case 'Test Cases/Login/LoginCommon' successfully

07-10-2024T09:35:32 - [TEST_STEP][PASSED] - waitForElementVisible(findTestObject("Trang chủ/userName"), 20, STOP_ON_FAILURE): Object 'Object Repository/Trang chủ/userName' is visible

07-10-2024T09:35:35 - [MESSAGE][PASSED] - Object 'Object Repository/Trang chủ/userName' is visible

07-10-2024T09:35:35 - [TEST_STEP][PASSED] - callTestCase(findTestCase("Test Cases/Quản lý tài khoản merchant/Quản lý danh sách tài khoản/CustomFunctions Deposit"), [:], STOP_ON_FAILURE): Call Test Case 'Test Cases/Quản lý tài khoản merchant/Quản lý danh sách tài khoản/CustomFunctions Deposit' successfully

07-10-2024T09:35:35 - [TEST_CASE][PASSED] - Test Cases/Quản lý tài khoản merchant/Quản lý danh sách tài khoản/CustomFunctions Deposit: Test Cases/Quản lý tài khoản merchant/Quản lý danh sách tài khoản/CustomFunctions Deposit

07-10-2024T09:35:35 - [TEST_STEP][PASSED] - driver = getWebDriver(): null

07-10-2024T09:35:35 - [TEST_STEP][PASSED] - element1 = driver.findElement(By.xpath("//span[contains(text(),'Quản lý tài khoản merchant')]")): null

07-10-2024T09:35:35 - [TEST_STEP][PASSED] - actions = new org.openqa.selenium.interactions.Actions(driver): null

07-10-2024T09:35:35 - [TEST_STEP][PASSED] - click().perform(): null

07-10-2024T09:35:35 - [TEST_STEP][PASSED] - wait = new org.openqa.selenium.support.ui.WebDriverWait(com.kms.katalon.core.webui.driver.DriverFactory.getWebDriver(), 15): null

07-10-2024T09:35:35 - [TEST_STEP][PASSED] - xpath(xpathManagerListAccount))).click(): null

07-10-2024T09:35:36 - [MESSAGE][PASSED] - Call Test Case 'Test Cases/Quản lý tài khoản merchant/Quản lý danh sách tài khoản/CustomFunctions Deposit' successfully

07-10-2024T09:35:36 - [TEST_STEP][PASSED] - wait = new org.openqa.selenium.support.ui.WebDriverWait(com.kms.katalon.core.webui.driver.DriverFactory.getWebDriver(), 20): null

07-10-2024T09:35:36 - [TEST_STEP][PASSED] - userCode = wait.until(ExpectedConditions.visibilityOfElementLocated(By.xpath(xpathUserCode))): null

07-10-2024T09:35:39 - [TEST_STEP][PASSED] - println(userCode.getText()): null

07-10-2024T09:35:39 - [TEST_STEP][PASSED] - xpath(xpathBtnAccount))).click(): null

07-10-2024T09:35:39 - [TEST_STEP][PASSED] - searchTextbox = wait.until(ExpectedConditions.elementToBeClickable(By.xpath(xpathSearchTextbox))): null

07-10-2024T09:35:40 - [TEST_STEP][PASSED] - searchTextbox.sendKeys("dannt11"): null

07-10-2024T09:35:40 - [TEST_STEP][PASSED] - xpath(xpathOption)).click(): null

07-10-2024T09:35:41 - [TEST_STEP][PASSED] - xpath(xpathBtnSearch)).click(): null

07-10-2024T09:35:41 - [TEST_STEP][PASSED] - wait.until(ExpectedConditions.visibilityOfElementLocated(By.xpath(xpathAccountName))): null

07-10-2024T09:35:42 - [TEST_STEP][PASSED] - xpath(xpathBtnDeposit)).click(): null

07-10-2024T09:35:43 - [TEST_STEP][PASSED] - wait.until(ExpectedConditions.visibilityOfElementLocated(By.xpath(xpathTextAccount))): null

07-10-2024T09:35:49 - [TEST_STEP][ERROR] - xpath(xpathChonVi)).click(): Test Cases/Quản lý tài khoản merchant/Quản lý danh sách tài khoản/Nạp tiền/TC_08_Nhập số tiền đúng và chọn kì đối soát đã có trước đó và nhấn xác nhận FAILED.
Reason:
java.lang.IllegalArgumentException: Cannot find elements when the XPath is null.
	at org.openqa.selenium.By$ByXPath.<init>(By.java:339)
	at org.openqa.selenium.By.xpath(By.java:92)
	at TC_08_Nhập số tiền đúng và chọn kì đối soát đã có trước đó và nhấn xác nhận.run(TC_08_Nhập số tiền đúng và chọn kì đối soát đã có trước đó và nhấn xác nhận:34)
	at com.kms.katalon.core.main.ScriptEngine.run(ScriptEngine.java:194)
	at com.kms.katalon.core.main.ScriptEngine.runScriptAsRawText(ScriptEngine.java:119)
	at com.kms.katalon.core.main.TestCaseExecutor.runScript(TestCaseExecutor.java:448)
	at com.kms.katalon.core.main.TestCaseExecutor.doExecute(TestCaseExecutor.java:439)
	at com.kms.katalon.core.main.TestCaseExecutor.processExecutionPhase(TestCaseExecutor.java:418)
	at com.kms.katalon.core.main.TestCaseExecutor.accessMainPhase(TestCaseExecutor.java:410)
	at com.kms.katalon.core.main.TestCaseExecutor.execute(TestCaseExecutor.java:285)
	at com.kms.katalon.core.common.CommonExecutor.accessTestCaseMainPhase(CommonExecutor.java:65)
	at com.kms.katalon.core.main.TestSuiteExecutor.accessTestSuiteMainPhase(TestSuiteExecutor.java:150)
	at com.kms.katalon.core.main.TestSuiteExecutor.execute(TestSuiteExecutor.java:106)
	at com.kms.katalon.core.main.TestCaseMain.startTestSuite(TestCaseMain.java:180)
	at TempTestSuite1728268297176.run(TempTestSuite1728268297176.groovy:35)
	at java.base/jdk.internal.reflect.NativeMethodAccessorImpl.invoke0(Native Method)
	at java.base/jdk.internal.reflect.NativeMethodAccessorImpl.invoke(NativeMethodAccessorImpl.java:77)
	at java.base/jdk.internal.reflect.DelegatingMethodAccessorImpl.invoke(DelegatingMethodAccessorImpl.java:43)


07-10-2024T09:35:49 - [MESSAGE][ERROR] - Test Cases/Quản lý tài khoản merchant/Quản lý danh sách tài khoản/Nạp tiền/TC_08_Nhập số tiền đúng và chọn kì đối soát đã có trước đó và nhấn xác nhận FAILED.
Reason:
java.lang.IllegalArgumentException: Cannot find elements when the XPath is null.
	at org.openqa.selenium.By$ByXPath.<init>(By.java:339)
	at org.openqa.selenium.By.xpath(By.java:92)
	at TC_08_Nhập số tiền đúng và chọn kì đối soát đã có trước đó và nhấn xác nhận.run(TC_08_Nhập số tiền đúng và chọn kì đối soát đã có trước đó và nhấn xác nhận:34)
	at com.kms.katalon.core.main.ScriptEngine.run(ScriptEngine.java:194)
	at com.kms.katalon.core.main.ScriptEngine.runScriptAsRawText(ScriptEngine.java:119)
	at com.kms.katalon.core.main.TestCaseExecutor.runScript(TestCaseExecutor.java:448)
	at com.kms.katalon.core.main.TestCaseExecutor.doExecute(TestCaseExecutor.java:439)
	at com.kms.katalon.core.main.TestCaseExecutor.processExecutionPhase(TestCaseExecutor.java:418)
	at com.kms.katalon.core.main.TestCaseExecutor.accessMainPhase(TestCaseExecutor.java:410)
	at com.kms.katalon.core.main.TestCaseExecutor.execute(TestCaseExecutor.java:285)
	at com.kms.katalon.core.common.CommonExecutor.accessTestCaseMainPhase(CommonExecutor.java:65)
	at com.kms.katalon.core.main.TestSuiteExecutor.accessTestSuiteMainPhase(TestSuiteExecutor.java:150)
	at com.kms.katalon.core.main.TestSuiteExecutor.execute(TestSuiteExecutor.java:106)
	at com.kms.katalon.core.main.TestCaseMain.startTestSuite(TestCaseMain.java:180)
	at TempTestSuite1728268297176.run(TempTestSuite1728268297176.groovy:35)
	at java.base/jdk.internal.reflect.NativeMethodAccessorImpl.invoke0(Native Method)
	at java.base/jdk.internal.reflect.NativeMethodAccessorImpl.invoke(NativeMethodAccessorImpl.java:77)
	at java.base/jdk.internal.reflect.DelegatingMethodAccessorImpl.invoke(DelegatingMethodAccessorImpl.java:43)


07-10-2024T09:35:49 - [TEST_STEP][PASSED] - Start listener action : sampleAfterTestCase: null

07-10-2024T09:35:49 - [TEST_STEP][PASSED] - testCaseId = testCaseContext.getTestCaseId(): null

07-10-2024T09:35:49 - [TEST_STEP][PASSED] - if (testCaseId == "Test Cases/Quản lý tài khoản merchant/Quản lý dịch vụ merchant/Kiểm tra chức năng xác nhận cấu hình thay đổi VA"): null]]></system-out>
         <system-err><![CDATA[07-10-2024T09:35:23 - [TEST_CASE][ERROR] - Test Cases/Quản lý tài khoản merchant/Quản lý danh sách tài khoản/Nạp tiền/TC_08_Nhập số tiền đúng và chọn kì đối soát đã có trước đó và nhấn xác nhận: Test Cases/Quản lý tài khoản merchant/Quản lý danh sách tài khoản/Nạp tiền/TC_08_Nhập số tiền đúng và chọn kì đối soát đã có trước đó và nhấn xác nhận FAILED.
Reason:
java.lang.IllegalArgumentException: Cannot find elements when the XPath is null.
	at org.openqa.selenium.By$ByXPath.<init>(By.java:339)
	at org.openqa.selenium.By.xpath(By.java:92)
	at TC_08_Nhập số tiền đúng và chọn kì đối soát đã có trước đó và nhấn xác nhận.run(TC_08_Nhập số tiền đúng và chọn kì đối soát đã có trước đó và nhấn xác nhận:34)
	at com.kms.katalon.core.main.ScriptEngine.run(ScriptEngine.java:194)
	at com.kms.katalon.core.main.ScriptEngine.runScriptAsRawText(ScriptEngine.java:119)
	at com.kms.katalon.core.main.TestCaseExecutor.runScript(TestCaseExecutor.java:448)
	at com.kms.katalon.core.main.TestCaseExecutor.doExecute(TestCaseExecutor.java:439)
	at com.kms.katalon.core.main.TestCaseExecutor.processExecutionPhase(TestCaseExecutor.java:418)
	at com.kms.katalon.core.main.TestCaseExecutor.accessMainPhase(TestCaseExecutor.java:410)
	at com.kms.katalon.core.main.TestCaseExecutor.execute(TestCaseExecutor.java:285)
	at com.kms.katalon.core.common.CommonExecutor.accessTestCaseMainPhase(CommonExecutor.java:65)
	at com.kms.katalon.core.main.TestSuiteExecutor.accessTestSuiteMainPhase(TestSuiteExecutor.java:150)
	at com.kms.katalon.core.main.TestSuiteExecutor.execute(TestSuiteExecutor.java:106)
	at com.kms.katalon.core.main.TestCaseMain.startTestSuite(TestCaseMain.java:180)
	at TempTestSuite1728268297176.run(TempTestSuite1728268297176.groovy:35)
	at java.base/jdk.internal.reflect.NativeMethodAccessorImpl.invoke0(Native Method)
	at java.base/jdk.internal.reflect.NativeMethodAccessorImpl.invoke(NativeMethodAccessorImpl.java:77)
	at java.base/jdk.internal.reflect.DelegatingMethodAccessorImpl.invoke(DelegatingMethodAccessorImpl.java:43)]]></system-err>
      </testcase>
      <testcase name="Test Cases/Quản lý tài khoản merchant/Quản lý danh sách tài khoản/Nạp tiền/TC_09_Kiểm tra khi chọn ví đúng và chọn kỳ đối soát đã tồn tại trước đó" time="50.839" classname="Test Cases/Quản lý tài khoản merchant/Quản lý danh sách tài khoản/Nạp tiền/TC_09_Kiểm tra khi chọn ví đúng và chọn kỳ đối soát đã tồn tại trước đó" status="ERROR">
         <error type="ERROR" message="Test Cases/Quản lý tài khoản merchant/Quản lý danh sách tài khoản/Nạp tiền/TC_09_Kiểm tra khi chọn ví đúng và chọn kỳ đối soát đã tồn tại trước đó FAILED.&#xa;Reason:&#xa;java.lang.IllegalArgumentException: Cannot find elements when the XPath is null.&#xa;	at org.openqa.selenium.By$ByXPath.&lt;init>(By.java:339)&#xa;	at org.openqa.selenium.By.xpath(By.java:92)&#xa;	at TC_09_Kiểm tra khi chọn ví đúng và chọn kỳ đối soát đã tồn tại trước đó.run(TC_09_Kiểm tra khi chọn ví đúng và chọn kỳ đối soát đã tồn tại trước đó:43)&#xa;	at com.kms.katalon.core.main.ScriptEngine.run(ScriptEngine.java:194)&#xa;	at com.kms.katalon.core.main.ScriptEngine.runScriptAsRawText(ScriptEngine.java:119)&#xa;	at com.kms.katalon.core.main.TestCaseExecutor.runScript(TestCaseExecutor.java:448)&#xa;	at com.kms.katalon.core.main.TestCaseExecutor.doExecute(TestCaseExecutor.java:439)&#xa;	at com.kms.katalon.core.main.TestCaseExecutor.processExecutionPhase(TestCaseExecutor.java:418)&#xa;	at com.kms.katalon.core.main.TestCaseExecutor.accessMainPhase(TestCaseExecutor.java:410)&#xa;	at com.kms.katalon.core.main.TestCaseExecutor.execute(TestCaseExecutor.java:285)&#xa;	at com.kms.katalon.core.common.CommonExecutor.accessTestCaseMainPhase(CommonExecutor.java:65)&#xa;	at com.kms.katalon.core.main.TestSuiteExecutor.accessTestSuiteMainPhase(TestSuiteExecutor.java:150)&#xa;	at com.kms.katalon.core.main.TestSuiteExecutor.execute(TestSuiteExecutor.java:106)&#xa;	at com.kms.katalon.core.main.TestCaseMain.startTestSuite(TestCaseMain.java:180)&#xa;	at TempTestSuite1728268297176.run(TempTestSuite1728268297176.groovy:35)&#xa;	at java.base/jdk.internal.reflect.NativeMethodAccessorImpl.invoke0(Native Method)&#xa;	at java.base/jdk.internal.reflect.NativeMethodAccessorImpl.invoke(NativeMethodAccessorImpl.java:77)&#xa;	at java.base/jdk.internal.reflect.DelegatingMethodAccessorImpl.invoke(DelegatingMethodAccessorImpl.java:43)&#xa;"/>
         <system-out><![CDATA[07-10-2024T09:35:49 - [TEST_CASE][ERROR] - Test Cases/Quản lý tài khoản merchant/Quản lý danh sách tài khoản/Nạp tiền/TC_09_Kiểm tra khi chọn ví đúng và chọn kỳ đối soát đã tồn tại trước đó: Test Cases/Quản lý tài khoản merchant/Quản lý danh sách tài khoản/Nạp tiền/TC_09_Kiểm tra khi chọn ví đúng và chọn kỳ đối soát đã tồn tại trước đó FAILED.
Reason:
java.lang.IllegalArgumentException: Cannot find elements when the XPath is null.
	at org.openqa.selenium.By$ByXPath.<init>(By.java:339)
	at org.openqa.selenium.By.xpath(By.java:92)
	at TC_09_Kiểm tra khi chọn ví đúng và chọn kỳ đối soát đã tồn tại trước đó.run(TC_09_Kiểm tra khi chọn ví đúng và chọn kỳ đối soát đã tồn tại trước đó:43)
	at com.kms.katalon.core.main.ScriptEngine.run(ScriptEngine.java:194)
	at com.kms.katalon.core.main.ScriptEngine.runScriptAsRawText(ScriptEngine.java:119)
	at com.kms.katalon.core.main.TestCaseExecutor.runScript(TestCaseExecutor.java:448)
	at com.kms.katalon.core.main.TestCaseExecutor.doExecute(TestCaseExecutor.java:439)
	at com.kms.katalon.core.main.TestCaseExecutor.processExecutionPhase(TestCaseExecutor.java:418)
	at com.kms.katalon.core.main.TestCaseExecutor.accessMainPhase(TestCaseExecutor.java:410)
	at com.kms.katalon.core.main.TestCaseExecutor.execute(TestCaseExecutor.java:285)
	at com.kms.katalon.core.common.CommonExecutor.accessTestCaseMainPhase(CommonExecutor.java:65)
	at com.kms.katalon.core.main.TestSuiteExecutor.accessTestSuiteMainPhase(TestSuiteExecutor.java:150)
	at com.kms.katalon.core.main.TestSuiteExecutor.execute(TestSuiteExecutor.java:106)
	at com.kms.katalon.core.main.TestCaseMain.startTestSuite(TestCaseMain.java:180)
	at TempTestSuite1728268297176.run(TempTestSuite1728268297176.groovy:35)
	at java.base/jdk.internal.reflect.NativeMethodAccessorImpl.invoke0(Native Method)
	at java.base/jdk.internal.reflect.NativeMethodAccessorImpl.invoke(NativeMethodAccessorImpl.java:77)
	at java.base/jdk.internal.reflect.DelegatingMethodAccessorImpl.invoke(DelegatingMethodAccessorImpl.java:43)


07-10-2024T09:35:49 - [TEST_STEP][PASSED] - Start listener action : sampleBeforeTestCase: Navigate to 'https://stg-cms-console.9pay.mobi/login' successfully

07-10-2024T09:35:49 - [TEST_STEP][PASSED] - testCaseId = testCaseContext.getTestCaseId(): null

07-10-2024T09:35:49 - [TEST_STEP][PASSED] - url = <not implemented yet for class: org.codehaus.groovy.ast.expr.EmptyExpression>: null

07-10-2024T09:35:49 - [TEST_STEP][PASSED] - if (testCaseId == "Test Cases/Quản lý tài khoản merchant/Quản lý dịch vụ merchant/Kiểm tra thay đổi sau khi cấu hình VA trên MCV"): null

07-10-2024T09:35:49 - [TEST_STEP][PASSED] - else: null

07-10-2024T09:35:49 - [TEST_STEP][PASSED] - url = "https://stg-cms-console.9pay.mobi/login": null

07-10-2024T09:35:49 - [TEST_STEP][PASSED] - openBrowser(""): Browser is opened with url: ''

07-10-2024T09:35:49 - [MESSAGE][WARNING] - A browser is already opened. Closing browser and opening a new one

07-10-2024T09:35:49 - [MESSAGE][INFO] - Starting 'Chrome' driver

07-10-2024T09:35:49 - [MESSAGE][INFO] - Action delay is set to 0 milliseconds

07-10-2024T09:35:52 - [MESSAGE][PASSED] - Browser is opened with url: ''

07-10-2024T09:35:52 - [TEST_STEP][PASSED] - maximizeWindow(): Current window maximized

07-10-2024T09:35:52 - [MESSAGE][PASSED] - Current window maximized

07-10-2024T09:35:52 - [TEST_STEP][PASSED] - navigateToUrl(url): Navigate to 'https://stg-cms-console.9pay.mobi/login' successfully

07-10-2024T09:36:01 - [MESSAGE][PASSED] - Navigate to 'https://stg-cms-console.9pay.mobi/login' successfully

07-10-2024T09:36:02 - [TEST_STEP][PASSED] - driver = getWebDriver(): null

07-10-2024T09:36:02 - [TEST_STEP][PASSED] - callTestCase(findTestCase("Test Cases/Login/LoginCommon"), [:], STOP_ON_FAILURE): Call Test Case 'Test Cases/Login/LoginCommon' successfully

07-10-2024T09:36:02 - [TEST_CASE][PASSED] - Test Cases/Login/LoginCommon: Test Cases/Login/LoginCommon

07-10-2024T09:36:02 - [TEST_STEP][PASSED] - driver = getWebDriver(): null

07-10-2024T09:36:02 - [TEST_STEP][PASSED] - sendKeys(findTestObject("Quản lý tài khoản merchant/Quản lý dịch vụ merchant/userNameTextbox"), userAccount): Keys 'dannt@9pay.vn' sent to object: 'Object Repository/Quản lý tài khoản merchant/Quản lý dịch vụ merchant/userNameTextbox'

07-10-2024T09:36:02 - [MESSAGE][PASSED] - Keys 'dannt@9pay.vn' sent to object: 'Object Repository/Quản lý tài khoản merchant/Quản lý dịch vụ merchant/userNameTextbox'

07-10-2024T09:36:02 - [TEST_STEP][PASSED] - sendKeys(findTestObject("Quản lý tài khoản merchant/Quản lý dịch vụ merchant/passwordTextbox"), password): Keys 'dannt@9pay.vn' sent to object: 'Object Repository/Quản lý tài khoản merchant/Quản lý dịch vụ merchant/passwordTextbox'

07-10-2024T09:36:03 - [MESSAGE][PASSED] - Keys 'dannt@9pay.vn' sent to object: 'Object Repository/Quản lý tài khoản merchant/Quản lý dịch vụ merchant/passwordTextbox'

07-10-2024T09:36:03 - [TEST_STEP][PASSED] - click(findTestObject("Quản lý tài khoản merchant/Quản lý dịch vụ merchant/loginButton")): Object: 'Object Repository/Quản lý tài khoản merchant/Quản lý dịch vụ merchant/loginButton' is clicked on

07-10-2024T09:36:03 - [MESSAGE][PASSED] - Object: 'Object Repository/Quản lý tài khoản merchant/Quản lý dịch vụ merchant/loginButton' is clicked on

07-10-2024T09:36:03 - [MESSAGE][PASSED] - Call Test Case 'Test Cases/Login/LoginCommon' successfully

07-10-2024T09:36:03 - [TEST_STEP][PASSED] - waitForElementVisible(findTestObject("Trang chủ/userName"), 20, STOP_ON_FAILURE): Object 'Object Repository/Trang chủ/userName' is visible

07-10-2024T09:36:12 - [MESSAGE][PASSED] - Object 'Object Repository/Trang chủ/userName' is visible

07-10-2024T09:36:12 - [TEST_STEP][PASSED] - callTestCase(findTestCase("Test Cases/Quản lý tài khoản merchant/Quản lý danh sách tài khoản/CustomFunctions Deposit"), [:], STOP_ON_FAILURE): Call Test Case 'Test Cases/Quản lý tài khoản merchant/Quản lý danh sách tài khoản/CustomFunctions Deposit' successfully

07-10-2024T09:36:12 - [TEST_CASE][PASSED] - Test Cases/Quản lý tài khoản merchant/Quản lý danh sách tài khoản/CustomFunctions Deposit: Test Cases/Quản lý tài khoản merchant/Quản lý danh sách tài khoản/CustomFunctions Deposit

07-10-2024T09:36:12 - [TEST_STEP][PASSED] - driver = getWebDriver(): null

07-10-2024T09:36:12 - [TEST_STEP][PASSED] - element1 = driver.findElement(By.xpath("//span[contains(text(),'Quản lý tài khoản merchant')]")): null

07-10-2024T09:36:13 - [TEST_STEP][PASSED] - actions = new org.openqa.selenium.interactions.Actions(driver): null

07-10-2024T09:36:13 - [TEST_STEP][PASSED] - click().perform(): null

07-10-2024T09:36:13 - [TEST_STEP][PASSED] - wait = new org.openqa.selenium.support.ui.WebDriverWait(com.kms.katalon.core.webui.driver.DriverFactory.getWebDriver(), 15): null

07-10-2024T09:36:13 - [TEST_STEP][PASSED] - xpath(xpathManagerListAccount))).click(): null

07-10-2024T09:36:14 - [MESSAGE][PASSED] - Call Test Case 'Test Cases/Quản lý tài khoản merchant/Quản lý danh sách tài khoản/CustomFunctions Deposit' successfully

07-10-2024T09:36:14 - [TEST_STEP][PASSED] - wait = new org.openqa.selenium.support.ui.WebDriverWait(com.kms.katalon.core.webui.driver.DriverFactory.getWebDriver(), 20): null

07-10-2024T09:36:14 - [TEST_STEP][PASSED] - userCode = wait.until(ExpectedConditions.visibilityOfElementLocated(By.xpath(xpathUserCode))): null

07-10-2024T09:36:20 - [TEST_STEP][PASSED] - println(userCode.getText()): null

07-10-2024T09:36:20 - [TEST_STEP][PASSED] - xpath(xpathBtnAccount))).click(): null

07-10-2024T09:36:21 - [TEST_STEP][PASSED] - searchTextbox = wait.until(ExpectedConditions.elementToBeClickable(By.xpath(xpathSearchTextbox))): null

07-10-2024T09:36:22 - [TEST_STEP][PASSED] - searchTextbox.sendKeys("dannt11"): null

07-10-2024T09:36:22 - [TEST_STEP][PASSED] - xpath(xpathOption)).click(): null

07-10-2024T09:36:23 - [TEST_STEP][PASSED] - xpath(xpathBtnSearch)).click(): null

07-10-2024T09:36:24 - [TEST_STEP][PASSED] - wait.until(ExpectedConditions.visibilityOfElementLocated(By.xpath(xpathAccountName))): null

07-10-2024T09:36:24 - [TEST_STEP][PASSED] - startElement = driver.findElement(By.xpath("//strong[contains(text(),'Thu hộ:')]")): null

07-10-2024T09:36:25 - [TEST_STEP][PASSED] - js = driver: null

07-10-2024T09:36:25 - [TEST_STEP][PASSED] - script = "return arguments[0].nextSibling.textContent;": null

07-10-2024T09:36:25 - [TEST_STEP][PASSED] - nextTextNodeContent = js.executeScript(script, startElement): null

07-10-2024T09:36:25 - [TEST_STEP][PASSED] - out.println("Thu ho " + nextTextNodeContent): null

07-10-2024T09:36:25 - [TEST_STEP][PASSED] - numericString = nextTextNodeContent.replaceAll("[^0-9]", ""): null

07-10-2024T09:36:25 - [TEST_STEP][PASSED] - thuHo = Integer.parseInt(numericString): null

07-10-2024T09:36:25 - [TEST_STEP][PASSED] - out.println("Thu ho " + thuHo): null

07-10-2024T09:36:25 - [TEST_STEP][PASSED] - xpath(xpathBtnDeposit)).click(): null

07-10-2024T09:36:26 - [TEST_STEP][PASSED] - wait.until(ExpectedConditions.visibilityOfElementLocated(By.xpath(xpathTextAccount))): null

07-10-2024T09:36:40 - [TEST_STEP][ERROR] - xpath(xpathChonVi)).click(): Test Cases/Quản lý tài khoản merchant/Quản lý danh sách tài khoản/Nạp tiền/TC_09_Kiểm tra khi chọn ví đúng và chọn kỳ đối soát đã tồn tại trước đó FAILED.
Reason:
java.lang.IllegalArgumentException: Cannot find elements when the XPath is null.
	at org.openqa.selenium.By$ByXPath.<init>(By.java:339)
	at org.openqa.selenium.By.xpath(By.java:92)
	at TC_09_Kiểm tra khi chọn ví đúng và chọn kỳ đối soát đã tồn tại trước đó.run(TC_09_Kiểm tra khi chọn ví đúng và chọn kỳ đối soát đã tồn tại trước đó:43)
	at com.kms.katalon.core.main.ScriptEngine.run(ScriptEngine.java:194)
	at com.kms.katalon.core.main.ScriptEngine.runScriptAsRawText(ScriptEngine.java:119)
	at com.kms.katalon.core.main.TestCaseExecutor.runScript(TestCaseExecutor.java:448)
	at com.kms.katalon.core.main.TestCaseExecutor.doExecute(TestCaseExecutor.java:439)
	at com.kms.katalon.core.main.TestCaseExecutor.processExecutionPhase(TestCaseExecutor.java:418)
	at com.kms.katalon.core.main.TestCaseExecutor.accessMainPhase(TestCaseExecutor.java:410)
	at com.kms.katalon.core.main.TestCaseExecutor.execute(TestCaseExecutor.java:285)
	at com.kms.katalon.core.common.CommonExecutor.accessTestCaseMainPhase(CommonExecutor.java:65)
	at com.kms.katalon.core.main.TestSuiteExecutor.accessTestSuiteMainPhase(TestSuiteExecutor.java:150)
	at com.kms.katalon.core.main.TestSuiteExecutor.execute(TestSuiteExecutor.java:106)
	at com.kms.katalon.core.main.TestCaseMain.startTestSuite(TestCaseMain.java:180)
	at TempTestSuite1728268297176.run(TempTestSuite1728268297176.groovy:35)
	at java.base/jdk.internal.reflect.NativeMethodAccessorImpl.invoke0(Native Method)
	at java.base/jdk.internal.reflect.NativeMethodAccessorImpl.invoke(NativeMethodAccessorImpl.java:77)
	at java.base/jdk.internal.reflect.DelegatingMethodAccessorImpl.invoke(DelegatingMethodAccessorImpl.java:43)


07-10-2024T09:36:40 - [MESSAGE][ERROR] - Test Cases/Quản lý tài khoản merchant/Quản lý danh sách tài khoản/Nạp tiền/TC_09_Kiểm tra khi chọn ví đúng và chọn kỳ đối soát đã tồn tại trước đó FAILED.
Reason:
java.lang.IllegalArgumentException: Cannot find elements when the XPath is null.
	at org.openqa.selenium.By$ByXPath.<init>(By.java:339)
	at org.openqa.selenium.By.xpath(By.java:92)
	at TC_09_Kiểm tra khi chọn ví đúng và chọn kỳ đối soát đã tồn tại trước đó.run(TC_09_Kiểm tra khi chọn ví đúng và chọn kỳ đối soát đã tồn tại trước đó:43)
	at com.kms.katalon.core.main.ScriptEngine.run(ScriptEngine.java:194)
	at com.kms.katalon.core.main.ScriptEngine.runScriptAsRawText(ScriptEngine.java:119)
	at com.kms.katalon.core.main.TestCaseExecutor.runScript(TestCaseExecutor.java:448)
	at com.kms.katalon.core.main.TestCaseExecutor.doExecute(TestCaseExecutor.java:439)
	at com.kms.katalon.core.main.TestCaseExecutor.processExecutionPhase(TestCaseExecutor.java:418)
	at com.kms.katalon.core.main.TestCaseExecutor.accessMainPhase(TestCaseExecutor.java:410)
	at com.kms.katalon.core.main.TestCaseExecutor.execute(TestCaseExecutor.java:285)
	at com.kms.katalon.core.common.CommonExecutor.accessTestCaseMainPhase(CommonExecutor.java:65)
	at com.kms.katalon.core.main.TestSuiteExecutor.accessTestSuiteMainPhase(TestSuiteExecutor.java:150)
	at com.kms.katalon.core.main.TestSuiteExecutor.execute(TestSuiteExecutor.java:106)
	at com.kms.katalon.core.main.TestCaseMain.startTestSuite(TestCaseMain.java:180)
	at TempTestSuite1728268297176.run(TempTestSuite1728268297176.groovy:35)
	at java.base/jdk.internal.reflect.NativeMethodAccessorImpl.invoke0(Native Method)
	at java.base/jdk.internal.reflect.NativeMethodAccessorImpl.invoke(NativeMethodAccessorImpl.java:77)
	at java.base/jdk.internal.reflect.DelegatingMethodAccessorImpl.invoke(DelegatingMethodAccessorImpl.java:43)


07-10-2024T09:36:40 - [TEST_STEP][PASSED] - Start listener action : sampleAfterTestCase: null

07-10-2024T09:36:40 - [TEST_STEP][PASSED] - testCaseId = testCaseContext.getTestCaseId(): null

07-10-2024T09:36:40 - [TEST_STEP][PASSED] - if (testCaseId == "Test Cases/Quản lý tài khoản merchant/Quản lý dịch vụ merchant/Kiểm tra chức năng xác nhận cấu hình thay đổi VA"): null]]></system-out>
         <system-err><![CDATA[07-10-2024T09:35:49 - [TEST_CASE][ERROR] - Test Cases/Quản lý tài khoản merchant/Quản lý danh sách tài khoản/Nạp tiền/TC_09_Kiểm tra khi chọn ví đúng và chọn kỳ đối soát đã tồn tại trước đó: Test Cases/Quản lý tài khoản merchant/Quản lý danh sách tài khoản/Nạp tiền/TC_09_Kiểm tra khi chọn ví đúng và chọn kỳ đối soát đã tồn tại trước đó FAILED.
Reason:
java.lang.IllegalArgumentException: Cannot find elements when the XPath is null.
	at org.openqa.selenium.By$ByXPath.<init>(By.java:339)
	at org.openqa.selenium.By.xpath(By.java:92)
	at TC_09_Kiểm tra khi chọn ví đúng và chọn kỳ đối soát đã tồn tại trước đó.run(TC_09_Kiểm tra khi chọn ví đúng và chọn kỳ đối soát đã tồn tại trước đó:43)
	at com.kms.katalon.core.main.ScriptEngine.run(ScriptEngine.java:194)
	at com.kms.katalon.core.main.ScriptEngine.runScriptAsRawText(ScriptEngine.java:119)
	at com.kms.katalon.core.main.TestCaseExecutor.runScript(TestCaseExecutor.java:448)
	at com.kms.katalon.core.main.TestCaseExecutor.doExecute(TestCaseExecutor.java:439)
	at com.kms.katalon.core.main.TestCaseExecutor.processExecutionPhase(TestCaseExecutor.java:418)
	at com.kms.katalon.core.main.TestCaseExecutor.accessMainPhase(TestCaseExecutor.java:410)
	at com.kms.katalon.core.main.TestCaseExecutor.execute(TestCaseExecutor.java:285)
	at com.kms.katalon.core.common.CommonExecutor.accessTestCaseMainPhase(CommonExecutor.java:65)
	at com.kms.katalon.core.main.TestSuiteExecutor.accessTestSuiteMainPhase(TestSuiteExecutor.java:150)
	at com.kms.katalon.core.main.TestSuiteExecutor.execute(TestSuiteExecutor.java:106)
	at com.kms.katalon.core.main.TestCaseMain.startTestSuite(TestCaseMain.java:180)
	at TempTestSuite1728268297176.run(TempTestSuite1728268297176.groovy:35)
	at java.base/jdk.internal.reflect.NativeMethodAccessorImpl.invoke0(Native Method)
	at java.base/jdk.internal.reflect.NativeMethodAccessorImpl.invoke(NativeMethodAccessorImpl.java:77)
	at java.base/jdk.internal.reflect.DelegatingMethodAccessorImpl.invoke(DelegatingMethodAccessorImpl.java:43)]]></system-err>
      </testcase>
      <testcase name="Test Cases/Quản lý tài khoản merchant/Quản lý danh sách tài khoản/Nạp tiền/TC_10_Kiểm tra khi chọn ví đúng và chọn loại giao dịch là hoàn phí" time="36.544" classname="Test Cases/Quản lý tài khoản merchant/Quản lý danh sách tài khoản/Nạp tiền/TC_10_Kiểm tra khi chọn ví đúng và chọn loại giao dịch là hoàn phí" status="ERROR">
         <error type="ERROR" message="Test Cases/Quản lý tài khoản merchant/Quản lý danh sách tài khoản/Nạp tiền/TC_10_Kiểm tra khi chọn ví đúng và chọn loại giao dịch là hoàn phí FAILED.&#xa;Reason:&#xa;java.lang.IllegalArgumentException: Cannot find elements when the XPath is null.&#xa;	at org.openqa.selenium.By$ByXPath.&lt;init>(By.java:339)&#xa;	at org.openqa.selenium.By.xpath(By.java:92)&#xa;	at TC_10_Kiểm tra khi chọn ví đúng và chọn loại giao dịch là hoàn phí.run(TC_10_Kiểm tra khi chọn ví đúng và chọn loại giao dịch là hoàn phí:41)&#xa;	at com.kms.katalon.core.main.ScriptEngine.run(ScriptEngine.java:194)&#xa;	at com.kms.katalon.core.main.ScriptEngine.runScriptAsRawText(ScriptEngine.java:119)&#xa;	at com.kms.katalon.core.main.TestCaseExecutor.runScript(TestCaseExecutor.java:448)&#xa;	at com.kms.katalon.core.main.TestCaseExecutor.doExecute(TestCaseExecutor.java:439)&#xa;	at com.kms.katalon.core.main.TestCaseExecutor.processExecutionPhase(TestCaseExecutor.java:418)&#xa;	at com.kms.katalon.core.main.TestCaseExecutor.accessMainPhase(TestCaseExecutor.java:410)&#xa;	at com.kms.katalon.core.main.TestCaseExecutor.execute(TestCaseExecutor.java:285)&#xa;	at com.kms.katalon.core.common.CommonExecutor.accessTestCaseMainPhase(CommonExecutor.java:65)&#xa;	at com.kms.katalon.core.main.TestSuiteExecutor.accessTestSuiteMainPhase(TestSuiteExecutor.java:150)&#xa;	at com.kms.katalon.core.main.TestSuiteExecutor.execute(TestSuiteExecutor.java:106)&#xa;	at com.kms.katalon.core.main.TestCaseMain.startTestSuite(TestCaseMain.java:180)&#xa;	at TempTestSuite1728268297176.run(TempTestSuite1728268297176.groovy:35)&#xa;	at java.base/jdk.internal.reflect.NativeMethodAccessorImpl.invoke0(Native Method)&#xa;	at java.base/jdk.internal.reflect.NativeMethodAccessorImpl.invoke(NativeMethodAccessorImpl.java:77)&#xa;	at java.base/jdk.internal.reflect.DelegatingMethodAccessorImpl.invoke(DelegatingMethodAccessorImpl.java:43)&#xa;"/>
         <system-out><![CDATA[07-10-2024T09:36:40 - [TEST_CASE][ERROR] - Test Cases/Quản lý tài khoản merchant/Quản lý danh sách tài khoản/Nạp tiền/TC_10_Kiểm tra khi chọn ví đúng và chọn loại giao dịch là hoàn phí: Test Cases/Quản lý tài khoản merchant/Quản lý danh sách tài khoản/Nạp tiền/TC_10_Kiểm tra khi chọn ví đúng và chọn loại giao dịch là hoàn phí FAILED.
Reason:
java.lang.IllegalArgumentException: Cannot find elements when the XPath is null.
	at org.openqa.selenium.By$ByXPath.<init>(By.java:339)
	at org.openqa.selenium.By.xpath(By.java:92)
	at TC_10_Kiểm tra khi chọn ví đúng và chọn loại giao dịch là hoàn phí.run(TC_10_Kiểm tra khi chọn ví đúng và chọn loại giao dịch là hoàn phí:41)
	at com.kms.katalon.core.main.ScriptEngine.run(ScriptEngine.java:194)
	at com.kms.katalon.core.main.ScriptEngine.runScriptAsRawText(ScriptEngine.java:119)
	at com.kms.katalon.core.main.TestCaseExecutor.runScript(TestCaseExecutor.java:448)
	at com.kms.katalon.core.main.TestCaseExecutor.doExecute(TestCaseExecutor.java:439)
	at com.kms.katalon.core.main.TestCaseExecutor.processExecutionPhase(TestCaseExecutor.java:418)
	at com.kms.katalon.core.main.TestCaseExecutor.accessMainPhase(TestCaseExecutor.java:410)
	at com.kms.katalon.core.main.TestCaseExecutor.execute(TestCaseExecutor.java:285)
	at com.kms.katalon.core.common.CommonExecutor.accessTestCaseMainPhase(CommonExecutor.java:65)
	at com.kms.katalon.core.main.TestSuiteExecutor.accessTestSuiteMainPhase(TestSuiteExecutor.java:150)
	at com.kms.katalon.core.main.TestSuiteExecutor.execute(TestSuiteExecutor.java:106)
	at com.kms.katalon.core.main.TestCaseMain.startTestSuite(TestCaseMain.java:180)
	at TempTestSuite1728268297176.run(TempTestSuite1728268297176.groovy:35)
	at java.base/jdk.internal.reflect.NativeMethodAccessorImpl.invoke0(Native Method)
	at java.base/jdk.internal.reflect.NativeMethodAccessorImpl.invoke(NativeMethodAccessorImpl.java:77)
	at java.base/jdk.internal.reflect.DelegatingMethodAccessorImpl.invoke(DelegatingMethodAccessorImpl.java:43)


07-10-2024T09:36:40 - [TEST_STEP][PASSED] - Start listener action : sampleBeforeTestCase: Navigate to 'https://stg-cms-console.9pay.mobi/login' successfully

07-10-2024T09:36:40 - [TEST_STEP][PASSED] - testCaseId = testCaseContext.getTestCaseId(): null

07-10-2024T09:36:40 - [TEST_STEP][PASSED] - url = <not implemented yet for class: org.codehaus.groovy.ast.expr.EmptyExpression>: null

07-10-2024T09:36:40 - [TEST_STEP][PASSED] - if (testCaseId == "Test Cases/Quản lý tài khoản merchant/Quản lý dịch vụ merchant/Kiểm tra thay đổi sau khi cấu hình VA trên MCV"): null

07-10-2024T09:36:40 - [TEST_STEP][PASSED] - else: null

07-10-2024T09:36:40 - [TEST_STEP][PASSED] - url = "https://stg-cms-console.9pay.mobi/login": null

07-10-2024T09:36:40 - [TEST_STEP][PASSED] - openBrowser(""): Browser is opened with url: ''

07-10-2024T09:36:40 - [MESSAGE][WARNING] - A browser is already opened. Closing browser and opening a new one

07-10-2024T09:36:40 - [MESSAGE][INFO] - Starting 'Chrome' driver

07-10-2024T09:36:40 - [MESSAGE][INFO] - Action delay is set to 0 milliseconds

07-10-2024T09:36:42 - [MESSAGE][PASSED] - Browser is opened with url: ''

07-10-2024T09:36:42 - [TEST_STEP][PASSED] - maximizeWindow(): Current window maximized

07-10-2024T09:36:43 - [MESSAGE][PASSED] - Current window maximized

07-10-2024T09:36:43 - [TEST_STEP][PASSED] - navigateToUrl(url): Navigate to 'https://stg-cms-console.9pay.mobi/login' successfully

07-10-2024T09:36:47 - [MESSAGE][PASSED] - Navigate to 'https://stg-cms-console.9pay.mobi/login' successfully

07-10-2024T09:36:48 - [TEST_STEP][PASSED] - driver = getWebDriver(): null

07-10-2024T09:36:48 - [TEST_STEP][PASSED] - callTestCase(findTestCase("Test Cases/Login/LoginCommon"), [:], STOP_ON_FAILURE): Call Test Case 'Test Cases/Login/LoginCommon' successfully

07-10-2024T09:36:48 - [TEST_CASE][PASSED] - Test Cases/Login/LoginCommon: Test Cases/Login/LoginCommon

07-10-2024T09:36:48 - [TEST_STEP][PASSED] - driver = getWebDriver(): null

07-10-2024T09:36:48 - [TEST_STEP][PASSED] - sendKeys(findTestObject("Quản lý tài khoản merchant/Quản lý dịch vụ merchant/userNameTextbox"), userAccount): Keys 'dannt@9pay.vn' sent to object: 'Object Repository/Quản lý tài khoản merchant/Quản lý dịch vụ merchant/userNameTextbox'

07-10-2024T09:36:48 - [MESSAGE][PASSED] - Keys 'dannt@9pay.vn' sent to object: 'Object Repository/Quản lý tài khoản merchant/Quản lý dịch vụ merchant/userNameTextbox'

07-10-2024T09:36:48 - [TEST_STEP][PASSED] - sendKeys(findTestObject("Quản lý tài khoản merchant/Quản lý dịch vụ merchant/passwordTextbox"), password): Keys 'dannt@9pay.vn' sent to object: 'Object Repository/Quản lý tài khoản merchant/Quản lý dịch vụ merchant/passwordTextbox'

07-10-2024T09:36:49 - [MESSAGE][PASSED] - Keys 'dannt@9pay.vn' sent to object: 'Object Repository/Quản lý tài khoản merchant/Quản lý dịch vụ merchant/passwordTextbox'

07-10-2024T09:36:49 - [TEST_STEP][PASSED] - click(findTestObject("Quản lý tài khoản merchant/Quản lý dịch vụ merchant/loginButton")): Object: 'Object Repository/Quản lý tài khoản merchant/Quản lý dịch vụ merchant/loginButton' is clicked on

07-10-2024T09:36:49 - [MESSAGE][PASSED] - Object: 'Object Repository/Quản lý tài khoản merchant/Quản lý dịch vụ merchant/loginButton' is clicked on

07-10-2024T09:36:49 - [MESSAGE][PASSED] - Call Test Case 'Test Cases/Login/LoginCommon' successfully

07-10-2024T09:36:49 - [TEST_STEP][PASSED] - waitForElementVisible(findTestObject("Trang chủ/userName"), 10, STOP_ON_FAILURE): Object 'Object Repository/Trang chủ/userName' is visible

07-10-2024T09:36:51 - [MESSAGE][PASSED] - Object 'Object Repository/Trang chủ/userName' is visible

07-10-2024T09:36:51 - [TEST_STEP][PASSED] - callTestCase(findTestCase("Test Cases/Quản lý tài khoản merchant/Quản lý danh sách tài khoản/CustomFunctions Deposit"), [:], STOP_ON_FAILURE): Call Test Case 'Test Cases/Quản lý tài khoản merchant/Quản lý danh sách tài khoản/CustomFunctions Deposit' successfully

07-10-2024T09:36:51 - [TEST_CASE][PASSED] - Test Cases/Quản lý tài khoản merchant/Quản lý danh sách tài khoản/CustomFunctions Deposit: Test Cases/Quản lý tài khoản merchant/Quản lý danh sách tài khoản/CustomFunctions Deposit

07-10-2024T09:36:51 - [TEST_STEP][PASSED] - driver = getWebDriver(): null

07-10-2024T09:36:51 - [TEST_STEP][PASSED] - element1 = driver.findElement(By.xpath("//span[contains(text(),'Quản lý tài khoản merchant')]")): null

07-10-2024T09:36:52 - [TEST_STEP][PASSED] - actions = new org.openqa.selenium.interactions.Actions(driver): null

07-10-2024T09:36:52 - [TEST_STEP][PASSED] - click().perform(): null

07-10-2024T09:36:53 - [TEST_STEP][PASSED] - wait = new org.openqa.selenium.support.ui.WebDriverWait(com.kms.katalon.core.webui.driver.DriverFactory.getWebDriver(), 15): null

07-10-2024T09:36:53 - [TEST_STEP][PASSED] - xpath(xpathManagerListAccount))).click(): null

07-10-2024T09:36:53 - [MESSAGE][PASSED] - Call Test Case 'Test Cases/Quản lý tài khoản merchant/Quản lý danh sách tài khoản/CustomFunctions Deposit' successfully

07-10-2024T09:36:53 - [TEST_STEP][PASSED] - wait = new org.openqa.selenium.support.ui.WebDriverWait(com.kms.katalon.core.webui.driver.DriverFactory.getWebDriver(), 20): null

07-10-2024T09:36:53 - [TEST_STEP][PASSED] - userCode = wait.until(ExpectedConditions.visibilityOfElementLocated(By.xpath(xpathUserCode))): null

07-10-2024T09:36:56 - [TEST_STEP][PASSED] - println(userCode.getText()): null

07-10-2024T09:36:56 - [TEST_STEP][PASSED] - xpath(xpathBtnAccount))).click(): null

07-10-2024T09:36:57 - [TEST_STEP][PASSED] - searchTextbox = wait.until(ExpectedConditions.elementToBeClickable(By.xpath(xpathSearchTextbox))): null

07-10-2024T09:36:57 - [TEST_STEP][PASSED] - searchTextbox.sendKeys("dannt11"): null

07-10-2024T09:36:58 - [TEST_STEP][PASSED] - xpath(xpathOption)).click(): null

07-10-2024T09:36:58 - [TEST_STEP][PASSED] - xpath(xpathBtnSearch)).click(): null

07-10-2024T09:36:59 - [TEST_STEP][PASSED] - wait.until(ExpectedConditions.visibilityOfElementLocated(By.xpath(xpathAccountName))): null

07-10-2024T09:37:00 - [TEST_STEP][PASSED] - startElement = driver.findElement(By.xpath("//strong[contains(text(),'Thu hộ:')]")): null

07-10-2024T09:37:00 - [TEST_STEP][PASSED] - js = driver: null

07-10-2024T09:37:00 - [TEST_STEP][PASSED] - script = "return arguments[0].nextSibling.textContent;": null

07-10-2024T09:37:00 - [TEST_STEP][PASSED] - nextTextNodeContent = js.executeScript(script, startElement): null

07-10-2024T09:37:00 - [TEST_STEP][PASSED] - out.println("Thu ho " + nextTextNodeContent): null

07-10-2024T09:37:00 - [TEST_STEP][PASSED] - numericString = nextTextNodeContent.replaceAll("[^0-9]", ""): null

07-10-2024T09:37:00 - [TEST_STEP][PASSED] - thuHo = Integer.parseInt(numericString): null

07-10-2024T09:37:00 - [TEST_STEP][PASSED] - out.println("Thu ho " + thuHo): null

07-10-2024T09:37:00 - [TEST_STEP][PASSED] - xpath(xpathBtnDeposit)).click(): null

07-10-2024T09:37:01 - [TEST_STEP][PASSED] - wait.until(ExpectedConditions.visibilityOfElementLocated(By.xpath(xpathTextAccount))): null

07-10-2024T09:37:16 - [TEST_STEP][ERROR] - xpath(xpathChonVi)).click(): Test Cases/Quản lý tài khoản merchant/Quản lý danh sách tài khoản/Nạp tiền/TC_10_Kiểm tra khi chọn ví đúng và chọn loại giao dịch là hoàn phí FAILED.
Reason:
java.lang.IllegalArgumentException: Cannot find elements when the XPath is null.
	at org.openqa.selenium.By$ByXPath.<init>(By.java:339)
	at org.openqa.selenium.By.xpath(By.java:92)
	at TC_10_Kiểm tra khi chọn ví đúng và chọn loại giao dịch là hoàn phí.run(TC_10_Kiểm tra khi chọn ví đúng và chọn loại giao dịch là hoàn phí:41)
	at com.kms.katalon.core.main.ScriptEngine.run(ScriptEngine.java:194)
	at com.kms.katalon.core.main.ScriptEngine.runScriptAsRawText(ScriptEngine.java:119)
	at com.kms.katalon.core.main.TestCaseExecutor.runScript(TestCaseExecutor.java:448)
	at com.kms.katalon.core.main.TestCaseExecutor.doExecute(TestCaseExecutor.java:439)
	at com.kms.katalon.core.main.TestCaseExecutor.processExecutionPhase(TestCaseExecutor.java:418)
	at com.kms.katalon.core.main.TestCaseExecutor.accessMainPhase(TestCaseExecutor.java:410)
	at com.kms.katalon.core.main.TestCaseExecutor.execute(TestCaseExecutor.java:285)
	at com.kms.katalon.core.common.CommonExecutor.accessTestCaseMainPhase(CommonExecutor.java:65)
	at com.kms.katalon.core.main.TestSuiteExecutor.accessTestSuiteMainPhase(TestSuiteExecutor.java:150)
	at com.kms.katalon.core.main.TestSuiteExecutor.execute(TestSuiteExecutor.java:106)
	at com.kms.katalon.core.main.TestCaseMain.startTestSuite(TestCaseMain.java:180)
	at TempTestSuite1728268297176.run(TempTestSuite1728268297176.groovy:35)
	at java.base/jdk.internal.reflect.NativeMethodAccessorImpl.invoke0(Native Method)
	at java.base/jdk.internal.reflect.NativeMethodAccessorImpl.invoke(NativeMethodAccessorImpl.java:77)
	at java.base/jdk.internal.reflect.DelegatingMethodAccessorImpl.invoke(DelegatingMethodAccessorImpl.java:43)


07-10-2024T09:37:16 - [MESSAGE][ERROR] - Test Cases/Quản lý tài khoản merchant/Quản lý danh sách tài khoản/Nạp tiền/TC_10_Kiểm tra khi chọn ví đúng và chọn loại giao dịch là hoàn phí FAILED.
Reason:
java.lang.IllegalArgumentException: Cannot find elements when the XPath is null.
	at org.openqa.selenium.By$ByXPath.<init>(By.java:339)
	at org.openqa.selenium.By.xpath(By.java:92)
	at TC_10_Kiểm tra khi chọn ví đúng và chọn loại giao dịch là hoàn phí.run(TC_10_Kiểm tra khi chọn ví đúng và chọn loại giao dịch là hoàn phí:41)
	at com.kms.katalon.core.main.ScriptEngine.run(ScriptEngine.java:194)
	at com.kms.katalon.core.main.ScriptEngine.runScriptAsRawText(ScriptEngine.java:119)
	at com.kms.katalon.core.main.TestCaseExecutor.runScript(TestCaseExecutor.java:448)
	at com.kms.katalon.core.main.TestCaseExecutor.doExecute(TestCaseExecutor.java:439)
	at com.kms.katalon.core.main.TestCaseExecutor.processExecutionPhase(TestCaseExecutor.java:418)
	at com.kms.katalon.core.main.TestCaseExecutor.accessMainPhase(TestCaseExecutor.java:410)
	at com.kms.katalon.core.main.TestCaseExecutor.execute(TestCaseExecutor.java:285)
	at com.kms.katalon.core.common.CommonExecutor.accessTestCaseMainPhase(CommonExecutor.java:65)
	at com.kms.katalon.core.main.TestSuiteExecutor.accessTestSuiteMainPhase(TestSuiteExecutor.java:150)
	at com.kms.katalon.core.main.TestSuiteExecutor.execute(TestSuiteExecutor.java:106)
	at com.kms.katalon.core.main.TestCaseMain.startTestSuite(TestCaseMain.java:180)
	at TempTestSuite1728268297176.run(TempTestSuite1728268297176.groovy:35)
	at java.base/jdk.internal.reflect.NativeMethodAccessorImpl.invoke0(Native Method)
	at java.base/jdk.internal.reflect.NativeMethodAccessorImpl.invoke(NativeMethodAccessorImpl.java:77)
	at java.base/jdk.internal.reflect.DelegatingMethodAccessorImpl.invoke(DelegatingMethodAccessorImpl.java:43)


07-10-2024T09:37:16 - [TEST_STEP][PASSED] - Start listener action : sampleAfterTestCase: null

07-10-2024T09:37:16 - [TEST_STEP][PASSED] - testCaseId = testCaseContext.getTestCaseId(): null

07-10-2024T09:37:16 - [TEST_STEP][PASSED] - if (testCaseId == "Test Cases/Quản lý tài khoản merchant/Quản lý dịch vụ merchant/Kiểm tra chức năng xác nhận cấu hình thay đổi VA"): null]]></system-out>
         <system-err><![CDATA[07-10-2024T09:36:40 - [TEST_CASE][ERROR] - Test Cases/Quản lý tài khoản merchant/Quản lý danh sách tài khoản/Nạp tiền/TC_10_Kiểm tra khi chọn ví đúng và chọn loại giao dịch là hoàn phí: Test Cases/Quản lý tài khoản merchant/Quản lý danh sách tài khoản/Nạp tiền/TC_10_Kiểm tra khi chọn ví đúng và chọn loại giao dịch là hoàn phí FAILED.
Reason:
java.lang.IllegalArgumentException: Cannot find elements when the XPath is null.
	at org.openqa.selenium.By$ByXPath.<init>(By.java:339)
	at org.openqa.selenium.By.xpath(By.java:92)
	at TC_10_Kiểm tra khi chọn ví đúng và chọn loại giao dịch là hoàn phí.run(TC_10_Kiểm tra khi chọn ví đúng và chọn loại giao dịch là hoàn phí:41)
	at com.kms.katalon.core.main.ScriptEngine.run(ScriptEngine.java:194)
	at com.kms.katalon.core.main.ScriptEngine.runScriptAsRawText(ScriptEngine.java:119)
	at com.kms.katalon.core.main.TestCaseExecutor.runScript(TestCaseExecutor.java:448)
	at com.kms.katalon.core.main.TestCaseExecutor.doExecute(TestCaseExecutor.java:439)
	at com.kms.katalon.core.main.TestCaseExecutor.processExecutionPhase(TestCaseExecutor.java:418)
	at com.kms.katalon.core.main.TestCaseExecutor.accessMainPhase(TestCaseExecutor.java:410)
	at com.kms.katalon.core.main.TestCaseExecutor.execute(TestCaseExecutor.java:285)
	at com.kms.katalon.core.common.CommonExecutor.accessTestCaseMainPhase(CommonExecutor.java:65)
	at com.kms.katalon.core.main.TestSuiteExecutor.accessTestSuiteMainPhase(TestSuiteExecutor.java:150)
	at com.kms.katalon.core.main.TestSuiteExecutor.execute(TestSuiteExecutor.java:106)
	at com.kms.katalon.core.main.TestCaseMain.startTestSuite(TestCaseMain.java:180)
	at TempTestSuite1728268297176.run(TempTestSuite1728268297176.groovy:35)
	at java.base/jdk.internal.reflect.NativeMethodAccessorImpl.invoke0(Native Method)
	at java.base/jdk.internal.reflect.NativeMethodAccessorImpl.invoke(NativeMethodAccessorImpl.java:77)
	at java.base/jdk.internal.reflect.DelegatingMethodAccessorImpl.invoke(DelegatingMethodAccessorImpl.java:43)]]></system-err>
      </testcase>
      <testcase name="Test Cases/Quản lý tài khoản merchant/Quản lý danh sách tài khoản/Nạp tiền/TC_11_Kiểm tra khi hoàn tiền sau khi đã duyệt" time="26.744" classname="Test Cases/Quản lý tài khoản merchant/Quản lý danh sách tài khoản/Nạp tiền/TC_11_Kiểm tra khi hoàn tiền sau khi đã duyệt" status="ERROR">
         <error type="ERROR" message="Test Cases/Quản lý tài khoản merchant/Quản lý danh sách tài khoản/Nạp tiền/TC_11_Kiểm tra khi hoàn tiền sau khi đã duyệt FAILED.&#xa;Reason:&#xa;java.lang.IllegalArgumentException: Cannot find elements when the XPath is null.&#xa;	at org.openqa.selenium.By$ByXPath.&lt;init>(By.java:339)&#xa;	at org.openqa.selenium.By.xpath(By.java:92)&#xa;	at TC_11_Kiểm tra khi hoàn tiền sau khi đã duyệt.run(TC_11_Kiểm tra khi hoàn tiền sau khi đã duyệt:45)&#xa;	at com.kms.katalon.core.main.ScriptEngine.run(ScriptEngine.java:194)&#xa;	at com.kms.katalon.core.main.ScriptEngine.runScriptAsRawText(ScriptEngine.java:119)&#xa;	at com.kms.katalon.core.main.TestCaseExecutor.runScript(TestCaseExecutor.java:448)&#xa;	at com.kms.katalon.core.main.TestCaseExecutor.doExecute(TestCaseExecutor.java:439)&#xa;	at com.kms.katalon.core.main.TestCaseExecutor.processExecutionPhase(TestCaseExecutor.java:418)&#xa;	at com.kms.katalon.core.main.TestCaseExecutor.accessMainPhase(TestCaseExecutor.java:410)&#xa;	at com.kms.katalon.core.main.TestCaseExecutor.execute(TestCaseExecutor.java:285)&#xa;	at com.kms.katalon.core.common.CommonExecutor.accessTestCaseMainPhase(CommonExecutor.java:65)&#xa;	at com.kms.katalon.core.main.TestSuiteExecutor.accessTestSuiteMainPhase(TestSuiteExecutor.java:150)&#xa;	at com.kms.katalon.core.main.TestSuiteExecutor.execute(TestSuiteExecutor.java:106)&#xa;	at com.kms.katalon.core.main.TestCaseMain.startTestSuite(TestCaseMain.java:180)&#xa;	at TempTestSuite1728268297176.run(TempTestSuite1728268297176.groovy:35)&#xa;	at java.base/jdk.internal.reflect.NativeMethodAccessorImpl.invoke0(Native Method)&#xa;	at java.base/jdk.internal.reflect.NativeMethodAccessorImpl.invoke(NativeMethodAccessorImpl.java:77)&#xa;	at java.base/jdk.internal.reflect.DelegatingMethodAccessorImpl.invoke(DelegatingMethodAccessorImpl.java:43)&#xa;"/>
         <system-out><![CDATA[07-10-2024T09:37:16 - [TEST_CASE][ERROR] - Test Cases/Quản lý tài khoản merchant/Quản lý danh sách tài khoản/Nạp tiền/TC_11_Kiểm tra khi hoàn tiền sau khi đã duyệt: Test Cases/Quản lý tài khoản merchant/Quản lý danh sách tài khoản/Nạp tiền/TC_11_Kiểm tra khi hoàn tiền sau khi đã duyệt FAILED.
Reason:
java.lang.IllegalArgumentException: Cannot find elements when the XPath is null.
	at org.openqa.selenium.By$ByXPath.<init>(By.java:339)
	at org.openqa.selenium.By.xpath(By.java:92)
	at TC_11_Kiểm tra khi hoàn tiền sau khi đã duyệt.run(TC_11_Kiểm tra khi hoàn tiền sau khi đã duyệt:45)
	at com.kms.katalon.core.main.ScriptEngine.run(ScriptEngine.java:194)
	at com.kms.katalon.core.main.ScriptEngine.runScriptAsRawText(ScriptEngine.java:119)
	at com.kms.katalon.core.main.TestCaseExecutor.runScript(TestCaseExecutor.java:448)
	at com.kms.katalon.core.main.TestCaseExecutor.doExecute(TestCaseExecutor.java:439)
	at com.kms.katalon.core.main.TestCaseExecutor.processExecutionPhase(TestCaseExecutor.java:418)
	at com.kms.katalon.core.main.TestCaseExecutor.accessMainPhase(TestCaseExecutor.java:410)
	at com.kms.katalon.core.main.TestCaseExecutor.execute(TestCaseExecutor.java:285)
	at com.kms.katalon.core.common.CommonExecutor.accessTestCaseMainPhase(CommonExecutor.java:65)
	at com.kms.katalon.core.main.TestSuiteExecutor.accessTestSuiteMainPhase(TestSuiteExecutor.java:150)
	at com.kms.katalon.core.main.TestSuiteExecutor.execute(TestSuiteExecutor.java:106)
	at com.kms.katalon.core.main.TestCaseMain.startTestSuite(TestCaseMain.java:180)
	at TempTestSuite1728268297176.run(TempTestSuite1728268297176.groovy:35)
	at java.base/jdk.internal.reflect.NativeMethodAccessorImpl.invoke0(Native Method)
	at java.base/jdk.internal.reflect.NativeMethodAccessorImpl.invoke(NativeMethodAccessorImpl.java:77)
	at java.base/jdk.internal.reflect.DelegatingMethodAccessorImpl.invoke(DelegatingMethodAccessorImpl.java:43)


07-10-2024T09:37:16 - [TEST_STEP][PASSED] - Start listener action : sampleBeforeTestCase: Navigate to 'https://stg-cms-console.9pay.mobi/login' successfully

07-10-2024T09:37:16 - [TEST_STEP][PASSED] - testCaseId = testCaseContext.getTestCaseId(): null

07-10-2024T09:37:16 - [TEST_STEP][PASSED] - url = <not implemented yet for class: org.codehaus.groovy.ast.expr.EmptyExpression>: null

07-10-2024T09:37:16 - [TEST_STEP][PASSED] - if (testCaseId == "Test Cases/Quản lý tài khoản merchant/Quản lý dịch vụ merchant/Kiểm tra thay đổi sau khi cấu hình VA trên MCV"): null

07-10-2024T09:37:16 - [TEST_STEP][PASSED] - else: null

07-10-2024T09:37:16 - [TEST_STEP][PASSED] - url = "https://stg-cms-console.9pay.mobi/login": null

07-10-2024T09:37:16 - [TEST_STEP][PASSED] - openBrowser(""): Browser is opened with url: ''

07-10-2024T09:37:16 - [MESSAGE][WARNING] - A browser is already opened. Closing browser and opening a new one

07-10-2024T09:37:17 - [MESSAGE][INFO] - Starting 'Chrome' driver

07-10-2024T09:37:17 - [MESSAGE][INFO] - Action delay is set to 0 milliseconds

07-10-2024T09:37:19 - [MESSAGE][PASSED] - Browser is opened with url: ''

07-10-2024T09:37:19 - [TEST_STEP][PASSED] - maximizeWindow(): Current window maximized

07-10-2024T09:37:19 - [MESSAGE][PASSED] - Current window maximized

07-10-2024T09:37:19 - [TEST_STEP][PASSED] - navigateToUrl(url): Navigate to 'https://stg-cms-console.9pay.mobi/login' successfully

07-10-2024T09:37:24 - [MESSAGE][PASSED] - Navigate to 'https://stg-cms-console.9pay.mobi/login' successfully

07-10-2024T09:37:25 - [TEST_STEP][PASSED] - driver = getWebDriver(): null

07-10-2024T09:37:25 - [TEST_STEP][PASSED] - callTestCase(findTestCase("Test Cases/Login/LoginCommon"), [:], STOP_ON_FAILURE): Call Test Case 'Test Cases/Login/LoginCommon' successfully

07-10-2024T09:37:25 - [TEST_CASE][PASSED] - Test Cases/Login/LoginCommon: Test Cases/Login/LoginCommon

07-10-2024T09:37:25 - [TEST_STEP][PASSED] - driver = getWebDriver(): null

07-10-2024T09:37:25 - [TEST_STEP][PASSED] - sendKeys(findTestObject("Quản lý tài khoản merchant/Quản lý dịch vụ merchant/userNameTextbox"), userAccount): Keys 'dannt@9pay.vn' sent to object: 'Object Repository/Quản lý tài khoản merchant/Quản lý dịch vụ merchant/userNameTextbox'

07-10-2024T09:37:25 - [MESSAGE][PASSED] - Keys 'dannt@9pay.vn' sent to object: 'Object Repository/Quản lý tài khoản merchant/Quản lý dịch vụ merchant/userNameTextbox'

07-10-2024T09:37:25 - [TEST_STEP][PASSED] - sendKeys(findTestObject("Quản lý tài khoản merchant/Quản lý dịch vụ merchant/passwordTextbox"), password): Keys 'dannt@9pay.vn' sent to object: 'Object Repository/Quản lý tài khoản merchant/Quản lý dịch vụ merchant/passwordTextbox'

07-10-2024T09:37:26 - [MESSAGE][PASSED] - Keys 'dannt@9pay.vn' sent to object: 'Object Repository/Quản lý tài khoản merchant/Quản lý dịch vụ merchant/passwordTextbox'

07-10-2024T09:37:26 - [TEST_STEP][PASSED] - click(findTestObject("Quản lý tài khoản merchant/Quản lý dịch vụ merchant/loginButton")): Object: 'Object Repository/Quản lý tài khoản merchant/Quản lý dịch vụ merchant/loginButton' is clicked on

07-10-2024T09:37:26 - [MESSAGE][PASSED] - Object: 'Object Repository/Quản lý tài khoản merchant/Quản lý dịch vụ merchant/loginButton' is clicked on

07-10-2024T09:37:26 - [MESSAGE][PASSED] - Call Test Case 'Test Cases/Login/LoginCommon' successfully

07-10-2024T09:37:26 - [TEST_STEP][PASSED] - waitForElementVisible(findTestObject("Trang chủ/userName"), 10, STOP_ON_FAILURE): Object 'Object Repository/Trang chủ/userName' is visible

07-10-2024T09:37:28 - [MESSAGE][PASSED] - Object 'Object Repository/Trang chủ/userName' is visible

07-10-2024T09:37:28 - [TEST_STEP][PASSED] - callTestCase(findTestCase("Test Cases/Quản lý tài khoản merchant/Quản lý danh sách tài khoản/CustomFunctions Deposit"), [:], STOP_ON_FAILURE): Call Test Case 'Test Cases/Quản lý tài khoản merchant/Quản lý danh sách tài khoản/CustomFunctions Deposit' successfully

07-10-2024T09:37:28 - [TEST_CASE][PASSED] - Test Cases/Quản lý tài khoản merchant/Quản lý danh sách tài khoản/CustomFunctions Deposit: Test Cases/Quản lý tài khoản merchant/Quản lý danh sách tài khoản/CustomFunctions Deposit

07-10-2024T09:37:28 - [TEST_STEP][PASSED] - driver = getWebDriver(): null

07-10-2024T09:37:28 - [TEST_STEP][PASSED] - element1 = driver.findElement(By.xpath("//span[contains(text(),'Quản lý tài khoản merchant')]")): null

07-10-2024T09:37:29 - [TEST_STEP][PASSED] - actions = new org.openqa.selenium.interactions.Actions(driver): null

07-10-2024T09:37:29 - [TEST_STEP][PASSED] - click().perform(): null

07-10-2024T09:37:30 - [TEST_STEP][PASSED] - wait = new org.openqa.selenium.support.ui.WebDriverWait(com.kms.katalon.core.webui.driver.DriverFactory.getWebDriver(), 15): null

07-10-2024T09:37:30 - [TEST_STEP][PASSED] - xpath(xpathManagerListAccount))).click(): null

07-10-2024T09:37:30 - [MESSAGE][PASSED] - Call Test Case 'Test Cases/Quản lý tài khoản merchant/Quản lý danh sách tài khoản/CustomFunctions Deposit' successfully

07-10-2024T09:37:30 - [TEST_STEP][PASSED] - wait = new org.openqa.selenium.support.ui.WebDriverWait(com.kms.katalon.core.webui.driver.DriverFactory.getWebDriver(), 20): null

07-10-2024T09:37:30 - [TEST_STEP][PASSED] - userCode = wait.until(ExpectedConditions.visibilityOfElementLocated(By.xpath(xpathUserCode))): null

07-10-2024T09:37:33 - [TEST_STEP][PASSED] - println(userCode.getText()): null

07-10-2024T09:37:33 - [TEST_STEP][PASSED] - xpath(xpathBtnAccount))).click(): null

07-10-2024T09:37:34 - [TEST_STEP][PASSED] - searchTextbox = wait.until(ExpectedConditions.elementToBeClickable(By.xpath(xpathSearchTextbox))): null

07-10-2024T09:37:34 - [TEST_STEP][PASSED] - searchTextbox.sendKeys("dannt11"): null

07-10-2024T09:37:35 - [TEST_STEP][PASSED] - xpath(xpathOption)).click(): null

07-10-2024T09:37:35 - [TEST_STEP][PASSED] - xpath(xpathBtnSearch)).click(): null

07-10-2024T09:37:36 - [TEST_STEP][PASSED] - wait.until(ExpectedConditions.visibilityOfElementLocated(By.xpath(xpathAccountName))): null

07-10-2024T09:37:36 - [TEST_STEP][PASSED] - startElement = driver.findElement(By.xpath("//strong[contains(text(),'Thu hộ:')]")): null

07-10-2024T09:37:37 - [TEST_STEP][PASSED] - js = driver: null

07-10-2024T09:37:37 - [TEST_STEP][PASSED] - script = "return arguments[0].nextSibling.textContent;": null

07-10-2024T09:37:37 - [TEST_STEP][PASSED] - nextTextNodeContent = js.executeScript(script, startElement): null

07-10-2024T09:37:37 - [TEST_STEP][PASSED] - out.println("Thu ho " + nextTextNodeContent): null

07-10-2024T09:37:37 - [TEST_STEP][PASSED] - numericString = nextTextNodeContent.replaceAll("[^0-9]", ""): null

07-10-2024T09:37:37 - [TEST_STEP][PASSED] - thuHo = Integer.parseInt(numericString): null

07-10-2024T09:37:37 - [TEST_STEP][PASSED] - out.println("Thu ho " + thuHo): null

07-10-2024T09:37:37 - [TEST_STEP][PASSED] - xpath(xpathBtnDeposit)).click(): null

07-10-2024T09:37:38 - [TEST_STEP][PASSED] - wait.until(ExpectedConditions.visibilityOfElementLocated(By.xpath(xpathTextAccount))): null

07-10-2024T09:37:43 - [TEST_STEP][ERROR] - xpath(xpathChonVi)).click(): Test Cases/Quản lý tài khoản merchant/Quản lý danh sách tài khoản/Nạp tiền/TC_11_Kiểm tra khi hoàn tiền sau khi đã duyệt FAILED.
Reason:
java.lang.IllegalArgumentException: Cannot find elements when the XPath is null.
	at org.openqa.selenium.By$ByXPath.<init>(By.java:339)
	at org.openqa.selenium.By.xpath(By.java:92)
	at TC_11_Kiểm tra khi hoàn tiền sau khi đã duyệt.run(TC_11_Kiểm tra khi hoàn tiền sau khi đã duyệt:45)
	at com.kms.katalon.core.main.ScriptEngine.run(ScriptEngine.java:194)
	at com.kms.katalon.core.main.ScriptEngine.runScriptAsRawText(ScriptEngine.java:119)
	at com.kms.katalon.core.main.TestCaseExecutor.runScript(TestCaseExecutor.java:448)
	at com.kms.katalon.core.main.TestCaseExecutor.doExecute(TestCaseExecutor.java:439)
	at com.kms.katalon.core.main.TestCaseExecutor.processExecutionPhase(TestCaseExecutor.java:418)
	at com.kms.katalon.core.main.TestCaseExecutor.accessMainPhase(TestCaseExecutor.java:410)
	at com.kms.katalon.core.main.TestCaseExecutor.execute(TestCaseExecutor.java:285)
	at com.kms.katalon.core.common.CommonExecutor.accessTestCaseMainPhase(CommonExecutor.java:65)
	at com.kms.katalon.core.main.TestSuiteExecutor.accessTestSuiteMainPhase(TestSuiteExecutor.java:150)
	at com.kms.katalon.core.main.TestSuiteExecutor.execute(TestSuiteExecutor.java:106)
	at com.kms.katalon.core.main.TestCaseMain.startTestSuite(TestCaseMain.java:180)
	at TempTestSuite1728268297176.run(TempTestSuite1728268297176.groovy:35)
	at java.base/jdk.internal.reflect.NativeMethodAccessorImpl.invoke0(Native Method)
	at java.base/jdk.internal.reflect.NativeMethodAccessorImpl.invoke(NativeMethodAccessorImpl.java:77)
	at java.base/jdk.internal.reflect.DelegatingMethodAccessorImpl.invoke(DelegatingMethodAccessorImpl.java:43)


07-10-2024T09:37:43 - [MESSAGE][ERROR] - Test Cases/Quản lý tài khoản merchant/Quản lý danh sách tài khoản/Nạp tiền/TC_11_Kiểm tra khi hoàn tiền sau khi đã duyệt FAILED.
Reason:
java.lang.IllegalArgumentException: Cannot find elements when the XPath is null.
	at org.openqa.selenium.By$ByXPath.<init>(By.java:339)
	at org.openqa.selenium.By.xpath(By.java:92)
	at TC_11_Kiểm tra khi hoàn tiền sau khi đã duyệt.run(TC_11_Kiểm tra khi hoàn tiền sau khi đã duyệt:45)
	at com.kms.katalon.core.main.ScriptEngine.run(ScriptEngine.java:194)
	at com.kms.katalon.core.main.ScriptEngine.runScriptAsRawText(ScriptEngine.java:119)
	at com.kms.katalon.core.main.TestCaseExecutor.runScript(TestCaseExecutor.java:448)
	at com.kms.katalon.core.main.TestCaseExecutor.doExecute(TestCaseExecutor.java:439)
	at com.kms.katalon.core.main.TestCaseExecutor.processExecutionPhase(TestCaseExecutor.java:418)
	at com.kms.katalon.core.main.TestCaseExecutor.accessMainPhase(TestCaseExecutor.java:410)
	at com.kms.katalon.core.main.TestCaseExecutor.execute(TestCaseExecutor.java:285)
	at com.kms.katalon.core.common.CommonExecutor.accessTestCaseMainPhase(CommonExecutor.java:65)
	at com.kms.katalon.core.main.TestSuiteExecutor.accessTestSuiteMainPhase(TestSuiteExecutor.java:150)
	at com.kms.katalon.core.main.TestSuiteExecutor.execute(TestSuiteExecutor.java:106)
	at com.kms.katalon.core.main.TestCaseMain.startTestSuite(TestCaseMain.java:180)
	at TempTestSuite1728268297176.run(TempTestSuite1728268297176.groovy:35)
	at java.base/jdk.internal.reflect.NativeMethodAccessorImpl.invoke0(Native Method)
	at java.base/jdk.internal.reflect.NativeMethodAccessorImpl.invoke(NativeMethodAccessorImpl.java:77)
	at java.base/jdk.internal.reflect.DelegatingMethodAccessorImpl.invoke(DelegatingMethodAccessorImpl.java:43)


07-10-2024T09:37:43 - [TEST_STEP][PASSED] - Start listener action : sampleAfterTestCase: null

07-10-2024T09:37:43 - [TEST_STEP][PASSED] - testCaseId = testCaseContext.getTestCaseId(): null

07-10-2024T09:37:43 - [TEST_STEP][PASSED] - if (testCaseId == "Test Cases/Quản lý tài khoản merchant/Quản lý dịch vụ merchant/Kiểm tra chức năng xác nhận cấu hình thay đổi VA"): null]]></system-out>
         <system-err><![CDATA[07-10-2024T09:37:16 - [TEST_CASE][ERROR] - Test Cases/Quản lý tài khoản merchant/Quản lý danh sách tài khoản/Nạp tiền/TC_11_Kiểm tra khi hoàn tiền sau khi đã duyệt: Test Cases/Quản lý tài khoản merchant/Quản lý danh sách tài khoản/Nạp tiền/TC_11_Kiểm tra khi hoàn tiền sau khi đã duyệt FAILED.
Reason:
java.lang.IllegalArgumentException: Cannot find elements when the XPath is null.
	at org.openqa.selenium.By$ByXPath.<init>(By.java:339)
	at org.openqa.selenium.By.xpath(By.java:92)
	at TC_11_Kiểm tra khi hoàn tiền sau khi đã duyệt.run(TC_11_Kiểm tra khi hoàn tiền sau khi đã duyệt:45)
	at com.kms.katalon.core.main.ScriptEngine.run(ScriptEngine.java:194)
	at com.kms.katalon.core.main.ScriptEngine.runScriptAsRawText(ScriptEngine.java:119)
	at com.kms.katalon.core.main.TestCaseExecutor.runScript(TestCaseExecutor.java:448)
	at com.kms.katalon.core.main.TestCaseExecutor.doExecute(TestCaseExecutor.java:439)
	at com.kms.katalon.core.main.TestCaseExecutor.processExecutionPhase(TestCaseExecutor.java:418)
	at com.kms.katalon.core.main.TestCaseExecutor.accessMainPhase(TestCaseExecutor.java:410)
	at com.kms.katalon.core.main.TestCaseExecutor.execute(TestCaseExecutor.java:285)
	at com.kms.katalon.core.common.CommonExecutor.accessTestCaseMainPhase(CommonExecutor.java:65)
	at com.kms.katalon.core.main.TestSuiteExecutor.accessTestSuiteMainPhase(TestSuiteExecutor.java:150)
	at com.kms.katalon.core.main.TestSuiteExecutor.execute(TestSuiteExecutor.java:106)
	at com.kms.katalon.core.main.TestCaseMain.startTestSuite(TestCaseMain.java:180)
	at TempTestSuite1728268297176.run(TempTestSuite1728268297176.groovy:35)
	at java.base/jdk.internal.reflect.NativeMethodAccessorImpl.invoke0(Native Method)
	at java.base/jdk.internal.reflect.NativeMethodAccessorImpl.invoke(NativeMethodAccessorImpl.java:77)
	at java.base/jdk.internal.reflect.DelegatingMethodAccessorImpl.invoke(DelegatingMethodAccessorImpl.java:43)]]></system-err>
      </testcase>
      <system-out><![CDATA[07-10-2024T09:31:50 - [TEST_SUITE][ERROR] - Nạp tiền: Test Cases/Quản lý tài khoản merchant/Quản lý danh sách tài khoản/Nạp tiền/TC_03_Kiểm tra khi chọn ví và không chọn kì đối soát FAILED.
Reason:
java.lang.IllegalArgumentException: Cannot find elements when the XPath is null.
	at org.openqa.selenium.By$ByXPath.<init>(By.java:339)
	at org.openqa.selenium.By.xpath(By.java:92)
	at TC_03_Kiểm tra khi chọn ví và không chọn kì đối soát.run(TC_03_Kiểm tra khi chọn ví và không chọn kì đối soát:34)
	at com.kms.katalon.core.main.ScriptEngine.run(ScriptEngine.java:194)
	at com.kms.katalon.core.main.ScriptEngine.runScriptAsRawText(ScriptEngine.java:119)
	at com.kms.katalon.core.main.TestCaseExecutor.runScript(TestCaseExecutor.java:448)
	at com.kms.katalon.core.main.TestCaseExecutor.doExecute(TestCaseExecutor.java:439)
	at com.kms.katalon.core.main.TestCaseExecutor.processExecutionPhase(TestCaseExecutor.java:418)
	at com.kms.katalon.core.main.TestCaseExecutor.accessMainPhase(TestCaseExecutor.java:410)
	at com.kms.katalon.core.main.TestCaseExecutor.execute(TestCaseExecutor.java:285)
	at com.kms.katalon.core.common.CommonExecutor.accessTestCaseMainPhase(CommonExecutor.java:65)
	at com.kms.katalon.core.main.TestSuiteExecutor.accessTestSuiteMainPhase(TestSuiteExecutor.java:150)
	at com.kms.katalon.core.main.TestSuiteExecutor.execute(TestSuiteExecutor.java:106)
	at com.kms.katalon.core.main.TestCaseMain.startTestSuite(TestCaseMain.java:180)
	at TempTestSuite1728268297176.run(TempTestSuite1728268297176.groovy:35)
	at java.base/jdk.internal.reflect.NativeMethodAccessorImpl.invoke0(Native Method)
	at java.base/jdk.internal.reflect.NativeMethodAccessorImpl.invoke(NativeMethodAccessorImpl.java:77)
	at java.base/jdk.internal.reflect.DelegatingMethodAccessorImpl.invoke(DelegatingMethodAccessorImpl.java:43)]]></system-out>
      <system-err><![CDATA[07-10-2024T09:31:50 - [TEST_SUITE][ERROR] - Nạp tiền: Test Cases/Quản lý tài khoản merchant/Quản lý danh sách tài khoản/Nạp tiền/TC_03_Kiểm tra khi chọn ví và không chọn kì đối soát FAILED.
Reason:
java.lang.IllegalArgumentException: Cannot find elements when the XPath is null.
	at org.openqa.selenium.By$ByXPath.<init>(By.java:339)
	at org.openqa.selenium.By.xpath(By.java:92)
	at TC_03_Kiểm tra khi chọn ví và không chọn kì đối soát.run(TC_03_Kiểm tra khi chọn ví và không chọn kì đối soát:34)
	at com.kms.katalon.core.main.ScriptEngine.run(ScriptEngine.java:194)
	at com.kms.katalon.core.main.ScriptEngine.runScriptAsRawText(ScriptEngine.java:119)
	at com.kms.katalon.core.main.TestCaseExecutor.runScript(TestCaseExecutor.java:448)
	at com.kms.katalon.core.main.TestCaseExecutor.doExecute(TestCaseExecutor.java:439)
	at com.kms.katalon.core.main.TestCaseExecutor.processExecutionPhase(TestCaseExecutor.java:418)
	at com.kms.katalon.core.main.TestCaseExecutor.accessMainPhase(TestCaseExecutor.java:410)
	at com.kms.katalon.core.main.TestCaseExecutor.execute(TestCaseExecutor.java:285)
	at com.kms.katalon.core.common.CommonExecutor.accessTestCaseMainPhase(CommonExecutor.java:65)
	at com.kms.katalon.core.main.TestSuiteExecutor.accessTestSuiteMainPhase(TestSuiteExecutor.java:150)
	at com.kms.katalon.core.main.TestSuiteExecutor.execute(TestSuiteExecutor.java:106)
	at com.kms.katalon.core.main.TestCaseMain.startTestSuite(TestCaseMain.java:180)
	at TempTestSuite1728268297176.run(TempTestSuite1728268297176.groovy:35)
	at java.base/jdk.internal.reflect.NativeMethodAccessorImpl.invoke0(Native Method)
	at java.base/jdk.internal.reflect.NativeMethodAccessorImpl.invoke(NativeMethodAccessorImpl.java:77)
	at java.base/jdk.internal.reflect.DelegatingMethodAccessorImpl.invoke(DelegatingMethodAccessorImpl.java:43)]]></system-err>
   </testsuite>
</testsuites>
