<?xml version="1.0" encoding="UTF-8"?>
<testsuites name="Rút tiền" time="519.627" tests="12" failures="0" errors="1">
   <testsuite name="Rút tiền" tests="12" failures="0" errors="1" time="519.627" skipped="0" timestamp="13-10-2024T23:24:13" hostname="mac - 192.168.1.10" id="Test Suites/Quản lý tài khoản merchant/Rút tiền">
      <properties>
         <property name="deviceName" value=""/>
         <property name="devicePlatform"/>
         <property name="logFolder" value="/Users/mac/Documents/test/Cms9Pay/Reports/20241013_232407/Qu\u1EA3n l\u00FD t\u00E0i kho\u1EA3n merchant/R\u00FAt ti\u1EC1n/20241013_232408"/>
         <property name="logFiles" value="/Users/mac/Documents/test/Cms9Pay/Reports/20241013_232407/Qu\u1EA3n l\u00FD t\u00E0i kho\u1EA3n merchant/R\u00FAt ti\u1EC1n/20241013_232408/execution0.log"/>
         <property name="attachments" value=""/>
         <property name="hostName" value="mac - 192.168.1.10"/>
         <property name="os" value="Mac OS X 64bit"/>
         <property name="katalonVersion" value="9.7.2.223"/>
         <property name="browser" value="Chrome 129.0.0.0"/>
         <property name="hostAddress" value="192.168.1.10"/>
         <property name="sessionId" value="e276f216ea0cf0f4b1b721e0fc8eab2d"/>
         <property name="seleniumVersion" value="3.141.59"/>
         <property name="proxyInformation" value="ProxyInformation { proxyOption=NO_PROXY, proxyServerType=HTTP, username=, password=********, proxyServerAddress=, proxyServerPort=0, executionList=&quot;&quot;, isApplyToDesiredCapabilities=true }"/>
         <property name="platform" value="Mac OS X"/>
      </properties>
      <testcase name="Test Cases/Quản lý tài khoản merchant/Quản lý danh sách tài khoản/Rút tiền/TC_01_Kiểm tra mở form Rút tiền" time="23.064" classname="Test Cases/Quản lý tài khoản merchant/Quản lý danh sách tài khoản/Rút tiền/TC_01_Kiểm tra mở form Rút tiền" status="PASSED">
         <system-out><![CDATA[13-10-2024T23:24:14 - [TEST_CASE][PASSED] - Test Cases/Quản lý tài khoản merchant/Quản lý danh sách tài khoản/Rút tiền/TC_01_Kiểm tra mở form Rút tiền: Test Cases/Quản lý tài khoản merchant/Quản lý danh sách tài khoản/Rút tiền/TC_01_Kiểm tra mở form Rút tiền

13-10-2024T23:24:14 - [TEST_STEP][PASSED] - Start listener action : sampleBeforeTestCase: Navigate to 'https://stg-cms-console.9pay.mobi/login' successfully

13-10-2024T23:24:14 - [TEST_STEP][PASSED] - testCaseId = testCaseContext.getTestCaseId(): null

13-10-2024T23:24:14 - [TEST_STEP][PASSED] - url = <not implemented yet for class: org.codehaus.groovy.ast.expr.EmptyExpression>: null

13-10-2024T23:24:14 - [TEST_STEP][PASSED] - if (testCaseId == "Test Cases/Quản lý tài khoản merchant/Quản lý dịch vụ merchant/TC_14_Kiểm tra thay đổi sau khi cấu hình VA trên MCV"): null

13-10-2024T23:24:14 - [TEST_STEP][PASSED] - else: null

13-10-2024T23:24:14 - [TEST_STEP][PASSED] - url = "https://stg-cms-console.9pay.mobi/login": null

13-10-2024T23:24:14 - [TEST_STEP][PASSED] - openBrowser(""): Browser is opened with url: ''

13-10-2024T23:24:14 - [MESSAGE][INFO] - Starting 'Chrome' driver

13-10-2024T23:24:14 - [MESSAGE][INFO] - Action delay is set to 0 milliseconds

13-10-2024T23:24:15 - [MESSAGE][PASSED] - Browser is opened with url: ''

13-10-2024T23:24:15 - [TEST_STEP][PASSED] - maximizeWindow(): Current window maximized

13-10-2024T23:24:15 - [MESSAGE][PASSED] - Current window maximized

13-10-2024T23:24:15 - [TEST_STEP][PASSED] - navigateToUrl(url): Navigate to 'https://stg-cms-console.9pay.mobi/login' successfully

13-10-2024T23:24:17 - [MESSAGE][PASSED] - Navigate to 'https://stg-cms-console.9pay.mobi/login' successfully

13-10-2024T23:24:17 - [TEST_STEP][PASSED] - driver = getWebDriver(): null

13-10-2024T23:24:17 - [TEST_STEP][PASSED] - callTestCase(findTestCase("Test Cases/Login/LoginCommon"), [:], STOP_ON_FAILURE): Call Test Case 'Test Cases/Login/LoginCommon' successfully

13-10-2024T23:24:17 - [TEST_CASE][PASSED] - Test Cases/Login/LoginCommon: Test Cases/Login/LoginCommon

13-10-2024T23:24:17 - [TEST_STEP][PASSED] - driver = getWebDriver(): null

13-10-2024T23:24:17 - [TEST_STEP][PASSED] - sendKeys(findTestObject("Quản lý tài khoản merchant/Quản lý dịch vụ merchant/userNameTextbox"), userAccount): Keys 'dannt@9pay.vn' sent to object: 'Object Repository/Quản lý tài khoản merchant/Quản lý dịch vụ merchant/userNameTextbox'

13-10-2024T23:24:18 - [MESSAGE][PASSED] - Keys 'dannt@9pay.vn' sent to object: 'Object Repository/Quản lý tài khoản merchant/Quản lý dịch vụ merchant/userNameTextbox'

13-10-2024T23:24:18 - [TEST_STEP][PASSED] - sendKeys(findTestObject("Quản lý tài khoản merchant/Quản lý dịch vụ merchant/passwordTextbox"), password): Keys 'dannt@9pay.vn' sent to object: 'Object Repository/Quản lý tài khoản merchant/Quản lý dịch vụ merchant/passwordTextbox'

13-10-2024T23:24:18 - [MESSAGE][PASSED] - Keys 'dannt@9pay.vn' sent to object: 'Object Repository/Quản lý tài khoản merchant/Quản lý dịch vụ merchant/passwordTextbox'

13-10-2024T23:24:18 - [TEST_STEP][PASSED] - click(findTestObject("Quản lý tài khoản merchant/Quản lý dịch vụ merchant/loginButton")): Object: 'Object Repository/Quản lý tài khoản merchant/Quản lý dịch vụ merchant/loginButton' is clicked on

13-10-2024T23:24:19 - [MESSAGE][PASSED] - Object: 'Object Repository/Quản lý tài khoản merchant/Quản lý dịch vụ merchant/loginButton' is clicked on

13-10-2024T23:24:19 - [MESSAGE][PASSED] - Call Test Case 'Test Cases/Login/LoginCommon' successfully

13-10-2024T23:24:19 - [TEST_STEP][PASSED] - waitForElementVisible(findTestObject("Trang chủ/userName"), 10, STOP_ON_FAILURE): Object 'Object Repository/Trang chủ/userName' is visible

13-10-2024T23:24:22 - [MESSAGE][PASSED] - Object 'Object Repository/Trang chủ/userName' is visible

13-10-2024T23:24:22 - [TEST_STEP][PASSED] - click(findTestObject("Quản lý tài khoản merchant/menuManagerMerchantAccount")): Object: 'Object Repository/Quản lý tài khoản merchant/menuManagerMerchantAccount' is clicked on

13-10-2024T23:24:22 - [MESSAGE][PASSED] - Object: 'Object Repository/Quản lý tài khoản merchant/menuManagerMerchantAccount' is clicked on

13-10-2024T23:24:22 - [TEST_STEP][PASSED] - waitForElementVisible(findTestObject("Quản lý tài khoản merchant/Quản lý dịch vụ merchant/menuManagerMerchantService"), 10, STOP_ON_FAILURE): Object 'Object Repository/Quản lý tài khoản merchant/Quản lý dịch vụ merchant/menuManagerMerchantService' is visible

13-10-2024T23:24:23 - [MESSAGE][PASSED] - Object 'Object Repository/Quản lý tài khoản merchant/Quản lý dịch vụ merchant/menuManagerMerchantService' is visible

13-10-2024T23:24:23 - [TEST_STEP][PASSED] - wait = new org.openqa.selenium.support.ui.WebDriverWait(com.kms.katalon.core.webui.driver.DriverFactory.getWebDriver(), internal.GlobalVariable.waitSecond): null

13-10-2024T23:24:23 - [TEST_STEP][PASSED] - menuManagerUserAccount = wait.until(ExpectedConditions.elementToBeClickable(By.xpath(xpathManagerListAccount))): null

13-10-2024T23:24:23 - [TEST_STEP][PASSED] - menuManagerUserAccount.click(): null

13-10-2024T23:24:23 - [TEST_STEP][PASSED] - userCode = wait.until(ExpectedConditions.visibilityOfElementLocated(By.xpath(xpathUserCode))): null

13-10-2024T23:24:33 - [TEST_STEP][PASSED] - println(userCode.getText()): null

13-10-2024T23:24:33 - [TEST_STEP][PASSED] - accountBtn = wait.until(ExpectedConditions.elementToBeClickable(By.xpath(xpathBtnAccount))): null

13-10-2024T23:24:33 - [TEST_STEP][PASSED] - accountBtn.click(): null

13-10-2024T23:24:33 - [TEST_STEP][PASSED] - searchTextbox = wait.until(ExpectedConditions.elementToBeClickable(By.xpath(xpathSearchTextbox))): null

13-10-2024T23:24:34 - [TEST_STEP][PASSED] - searchTextbox.sendKeys(username): null

13-10-2024T23:24:34 - [TEST_STEP][PASSED] - xpath(xpathOption)).click(): null

13-10-2024T23:24:34 - [TEST_STEP][PASSED] - xpath(xpathBtnSearch)).click(): null

13-10-2024T23:24:35 - [TEST_STEP][PASSED] - Assert.assertEquals(xpath(xpathAccountName)).getText(), username): null

13-10-2024T23:24:35 - [TEST_STEP][PASSED] - xpath(xpathMoneyOff)).click(): null

13-10-2024T23:24:36 - [TEST_STEP][PASSED] - Assert.assertEquals(xpath(xpathActiveItem)).getText(), "RÚT TIỀN THÔNG THƯỜNG VÀ CHI NỘI ĐỊA"): null

13-10-2024T23:24:37 - [TEST_STEP][PASSED] - Start listener action : sampleAfterTestCase: null

13-10-2024T23:24:37 - [TEST_STEP][PASSED] - testCaseId = testCaseContext.getTestCaseId(): null

13-10-2024T23:24:37 - [TEST_STEP][PASSED] - if (testCaseId == "Test Cases/Quản lý tài khoản merchant/Quản lý dịch vụ merchant/TC_13_Kiểm tra chức năng xác nhận cấu hình thay đổi VA"): null]]></system-out>
         <system-err><![CDATA[]]></system-err>
      </testcase>
      <testcase name="Test Cases/Quản lý tài khoản merchant/Quản lý danh sách tài khoản/Rút tiền/TC_02_Kiểm tra validate trường thông tin" time="26.752" classname="Test Cases/Quản lý tài khoản merchant/Quản lý danh sách tài khoản/Rút tiền/TC_02_Kiểm tra validate trường thông tin" status="PASSED">
         <system-out><![CDATA[13-10-2024T23:24:37 - [TEST_CASE][PASSED] - Test Cases/Quản lý tài khoản merchant/Quản lý danh sách tài khoản/Rút tiền/TC_02_Kiểm tra validate trường thông tin: Test Cases/Quản lý tài khoản merchant/Quản lý danh sách tài khoản/Rút tiền/TC_02_Kiểm tra validate trường thông tin

13-10-2024T23:24:37 - [TEST_STEP][PASSED] - Start listener action : sampleBeforeTestCase: Navigate to 'https://stg-cms-console.9pay.mobi/login' successfully

13-10-2024T23:24:37 - [TEST_STEP][PASSED] - testCaseId = testCaseContext.getTestCaseId(): null

13-10-2024T23:24:37 - [TEST_STEP][PASSED] - url = <not implemented yet for class: org.codehaus.groovy.ast.expr.EmptyExpression>: null

13-10-2024T23:24:37 - [TEST_STEP][PASSED] - if (testCaseId == "Test Cases/Quản lý tài khoản merchant/Quản lý dịch vụ merchant/TC_14_Kiểm tra thay đổi sau khi cấu hình VA trên MCV"): null

13-10-2024T23:24:37 - [TEST_STEP][PASSED] - else: null

13-10-2024T23:24:37 - [TEST_STEP][PASSED] - url = "https://stg-cms-console.9pay.mobi/login": null

13-10-2024T23:24:37 - [TEST_STEP][PASSED] - openBrowser(""): Browser is opened with url: ''

13-10-2024T23:24:37 - [MESSAGE][WARNING] - A browser is already opened. Closing browser and opening a new one

13-10-2024T23:24:37 - [MESSAGE][INFO] - Starting 'Chrome' driver

13-10-2024T23:24:37 - [MESSAGE][INFO] - Action delay is set to 0 milliseconds

13-10-2024T23:24:37 - [MESSAGE][PASSED] - Browser is opened with url: ''

13-10-2024T23:24:37 - [TEST_STEP][PASSED] - maximizeWindow(): Current window maximized

13-10-2024T23:24:38 - [MESSAGE][PASSED] - Current window maximized

13-10-2024T23:24:38 - [TEST_STEP][PASSED] - navigateToUrl(url): Navigate to 'https://stg-cms-console.9pay.mobi/login' successfully

13-10-2024T23:24:40 - [MESSAGE][PASSED] - Navigate to 'https://stg-cms-console.9pay.mobi/login' successfully

13-10-2024T23:24:40 - [TEST_STEP][PASSED] - driver = getWebDriver(): null

13-10-2024T23:24:40 - [TEST_STEP][PASSED] - callTestCase(findTestCase("Test Cases/Login/LoginCommon"), [:], STOP_ON_FAILURE): Call Test Case 'Test Cases/Login/LoginCommon' successfully

13-10-2024T23:24:40 - [TEST_CASE][PASSED] - Test Cases/Login/LoginCommon: Test Cases/Login/LoginCommon

13-10-2024T23:24:40 - [TEST_STEP][PASSED] - driver = getWebDriver(): null

13-10-2024T23:24:40 - [TEST_STEP][PASSED] - sendKeys(findTestObject("Quản lý tài khoản merchant/Quản lý dịch vụ merchant/userNameTextbox"), userAccount): Keys 'dannt@9pay.vn' sent to object: 'Object Repository/Quản lý tài khoản merchant/Quản lý dịch vụ merchant/userNameTextbox'

13-10-2024T23:24:40 - [MESSAGE][PASSED] - Keys 'dannt@9pay.vn' sent to object: 'Object Repository/Quản lý tài khoản merchant/Quản lý dịch vụ merchant/userNameTextbox'

13-10-2024T23:24:40 - [TEST_STEP][PASSED] - sendKeys(findTestObject("Quản lý tài khoản merchant/Quản lý dịch vụ merchant/passwordTextbox"), password): Keys 'dannt@9pay.vn' sent to object: 'Object Repository/Quản lý tài khoản merchant/Quản lý dịch vụ merchant/passwordTextbox'

13-10-2024T23:24:40 - [MESSAGE][PASSED] - Keys 'dannt@9pay.vn' sent to object: 'Object Repository/Quản lý tài khoản merchant/Quản lý dịch vụ merchant/passwordTextbox'

13-10-2024T23:24:40 - [TEST_STEP][PASSED] - click(findTestObject("Quản lý tài khoản merchant/Quản lý dịch vụ merchant/loginButton")): Object: 'Object Repository/Quản lý tài khoản merchant/Quản lý dịch vụ merchant/loginButton' is clicked on

13-10-2024T23:24:41 - [MESSAGE][PASSED] - Object: 'Object Repository/Quản lý tài khoản merchant/Quản lý dịch vụ merchant/loginButton' is clicked on

13-10-2024T23:24:41 - [MESSAGE][PASSED] - Call Test Case 'Test Cases/Login/LoginCommon' successfully

13-10-2024T23:24:41 - [TEST_STEP][PASSED] - waitForElementVisible(findTestObject("Trang chủ/userName"), 10, STOP_ON_FAILURE): Object 'Object Repository/Trang chủ/userName' is visible

13-10-2024T23:24:44 - [MESSAGE][PASSED] - Object 'Object Repository/Trang chủ/userName' is visible

13-10-2024T23:24:44 - [TEST_STEP][PASSED] - click(findTestObject("Quản lý tài khoản merchant/menuManagerMerchantAccount")): Object: 'Object Repository/Quản lý tài khoản merchant/menuManagerMerchantAccount' is clicked on

13-10-2024T23:24:44 - [MESSAGE][PASSED] - Object: 'Object Repository/Quản lý tài khoản merchant/menuManagerMerchantAccount' is clicked on

13-10-2024T23:24:44 - [TEST_STEP][PASSED] - waitForElementVisible(findTestObject("Quản lý tài khoản merchant/Quản lý dịch vụ merchant/menuManagerMerchantService"), 10, STOP_ON_FAILURE): Object 'Object Repository/Quản lý tài khoản merchant/Quản lý dịch vụ merchant/menuManagerMerchantService' is visible

13-10-2024T23:24:45 - [MESSAGE][PASSED] - Object 'Object Repository/Quản lý tài khoản merchant/Quản lý dịch vụ merchant/menuManagerMerchantService' is visible

13-10-2024T23:24:45 - [TEST_STEP][PASSED] - wait = new org.openqa.selenium.support.ui.WebDriverWait(com.kms.katalon.core.webui.driver.DriverFactory.getWebDriver(), internal.GlobalVariable.waitSecond): null

13-10-2024T23:24:45 - [TEST_STEP][PASSED] - menuManagerUserAccount = wait.until(ExpectedConditions.elementToBeClickable(By.xpath(xpathManagerListAccount))): null

13-10-2024T23:24:45 - [TEST_STEP][PASSED] - menuManagerUserAccount.click(): null

13-10-2024T23:24:45 - [TEST_STEP][PASSED] - userCode = wait.until(ExpectedConditions.visibilityOfElementLocated(By.xpath(xpathUserCode))): null

13-10-2024T23:24:48 - [TEST_STEP][PASSED] - println(userCode.getText()): null

13-10-2024T23:24:48 - [TEST_STEP][PASSED] - accountBtn = wait.until(ExpectedConditions.elementToBeClickable(By.xpath(xpathBtnAccount))): null

13-10-2024T23:24:48 - [TEST_STEP][PASSED] - accountBtn.click(): null

13-10-2024T23:24:48 - [TEST_STEP][PASSED] - searchTextbox = wait.until(ExpectedConditions.elementToBeClickable(By.xpath(xpathSearchTextbox))): null

13-10-2024T23:24:49 - [TEST_STEP][PASSED] - searchTextbox.sendKeys(username): null

13-10-2024T23:24:49 - [TEST_STEP][PASSED] - xpath(xpathOption)).click(): null

13-10-2024T23:24:49 - [TEST_STEP][PASSED] - xpath(xpathBtnSearch)).click(): null

13-10-2024T23:24:50 - [TEST_STEP][PASSED] - Assert.assertEquals(xpath(xpathAccountName)).getText(), username): null

13-10-2024T23:24:50 - [TEST_STEP][PASSED] - xpath(xpathMoneyOff)).click(): null

13-10-2024T23:24:51 - [TEST_STEP][PASSED] - wait.until(ExpectedConditions.visibilityOfElementLocated(By.xpath(xpathUser))): null

13-10-2024T23:25:01 - [TEST_STEP][PASSED] - xpath(xpathBtnContinue)).click(): null

13-10-2024T23:25:01 - [TEST_STEP][PASSED] - Assert.assertEquals(xpath(xpathErrorWallet)).getText(), "Vui lòng chọn ví dịch vụ"): null

13-10-2024T23:25:02 - [TEST_STEP][PASSED] - xpath(xpathViRut)).click(): null

13-10-2024T23:25:02 - [TEST_STEP][PASSED] - xpath(xpathParentThuHo)).click(): null

13-10-2024T23:25:02 - [TEST_STEP][PASSED] - xpath(xpathBtnContinue)).click(): null

13-10-2024T23:25:03 - [TEST_STEP][PASSED] - Assert.assertEquals(xpath(xpathChonKiDoiSoat)).getText(), "Vui lòng chọn kỳ đối soát"): null

13-10-2024T23:25:03 - [TEST_STEP][PASSED] - Start listener action : sampleAfterTestCase: null

13-10-2024T23:25:03 - [TEST_STEP][PASSED] - testCaseId = testCaseContext.getTestCaseId(): null

13-10-2024T23:25:03 - [TEST_STEP][PASSED] - if (testCaseId == "Test Cases/Quản lý tài khoản merchant/Quản lý dịch vụ merchant/TC_13_Kiểm tra chức năng xác nhận cấu hình thay đổi VA"): null]]></system-out>
         <system-err><![CDATA[]]></system-err>
      </testcase>
      <testcase name="Test Cases/Quản lý tài khoản merchant/Quản lý danh sách tài khoản/Rút tiền/TC_03_Kiểm tra khi nhập đầy đủ và nhấn tiếp tục" time="29.082" classname="Test Cases/Quản lý tài khoản merchant/Quản lý danh sách tài khoản/Rút tiền/TC_03_Kiểm tra khi nhập đầy đủ và nhấn tiếp tục" status="PASSED">
         <system-out><![CDATA[13-10-2024T23:25:03 - [TEST_CASE][PASSED] - Test Cases/Quản lý tài khoản merchant/Quản lý danh sách tài khoản/Rút tiền/TC_03_Kiểm tra khi nhập đầy đủ và nhấn tiếp tục: Test Cases/Quản lý tài khoản merchant/Quản lý danh sách tài khoản/Rút tiền/TC_03_Kiểm tra khi nhập đầy đủ và nhấn tiếp tục

13-10-2024T23:25:03 - [TEST_STEP][PASSED] - Start listener action : sampleBeforeTestCase: Navigate to 'https://stg-cms-console.9pay.mobi/login' successfully

13-10-2024T23:25:03 - [TEST_STEP][PASSED] - testCaseId = testCaseContext.getTestCaseId(): null

13-10-2024T23:25:03 - [TEST_STEP][PASSED] - url = <not implemented yet for class: org.codehaus.groovy.ast.expr.EmptyExpression>: null

13-10-2024T23:25:03 - [TEST_STEP][PASSED] - if (testCaseId == "Test Cases/Quản lý tài khoản merchant/Quản lý dịch vụ merchant/TC_14_Kiểm tra thay đổi sau khi cấu hình VA trên MCV"): null

13-10-2024T23:25:03 - [TEST_STEP][PASSED] - else: null

13-10-2024T23:25:03 - [TEST_STEP][PASSED] - url = "https://stg-cms-console.9pay.mobi/login": null

13-10-2024T23:25:03 - [TEST_STEP][PASSED] - openBrowser(""): Browser is opened with url: ''

13-10-2024T23:25:03 - [MESSAGE][WARNING] - A browser is already opened. Closing browser and opening a new one

13-10-2024T23:25:04 - [MESSAGE][INFO] - Starting 'Chrome' driver

13-10-2024T23:25:04 - [MESSAGE][INFO] - Action delay is set to 0 milliseconds

13-10-2024T23:25:04 - [MESSAGE][PASSED] - Browser is opened with url: ''

13-10-2024T23:25:04 - [TEST_STEP][PASSED] - maximizeWindow(): Current window maximized

13-10-2024T23:25:04 - [MESSAGE][PASSED] - Current window maximized

13-10-2024T23:25:04 - [TEST_STEP][PASSED] - navigateToUrl(url): Navigate to 'https://stg-cms-console.9pay.mobi/login' successfully

13-10-2024T23:25:07 - [MESSAGE][PASSED] - Navigate to 'https://stg-cms-console.9pay.mobi/login' successfully

13-10-2024T23:25:07 - [TEST_STEP][PASSED] - driver = getWebDriver(): null

13-10-2024T23:25:07 - [TEST_STEP][PASSED] - callTestCase(findTestCase("Test Cases/Login/LoginCommon"), [:], STOP_ON_FAILURE): Call Test Case 'Test Cases/Login/LoginCommon' successfully

13-10-2024T23:25:07 - [TEST_CASE][PASSED] - Test Cases/Login/LoginCommon: Test Cases/Login/LoginCommon

13-10-2024T23:25:07 - [TEST_STEP][PASSED] - driver = getWebDriver(): null

13-10-2024T23:25:07 - [TEST_STEP][PASSED] - sendKeys(findTestObject("Quản lý tài khoản merchant/Quản lý dịch vụ merchant/userNameTextbox"), userAccount): Keys 'dannt@9pay.vn' sent to object: 'Object Repository/Quản lý tài khoản merchant/Quản lý dịch vụ merchant/userNameTextbox'

13-10-2024T23:25:07 - [MESSAGE][PASSED] - Keys 'dannt@9pay.vn' sent to object: 'Object Repository/Quản lý tài khoản merchant/Quản lý dịch vụ merchant/userNameTextbox'

13-10-2024T23:25:07 - [TEST_STEP][PASSED] - sendKeys(findTestObject("Quản lý tài khoản merchant/Quản lý dịch vụ merchant/passwordTextbox"), password): Keys 'dannt@9pay.vn' sent to object: 'Object Repository/Quản lý tài khoản merchant/Quản lý dịch vụ merchant/passwordTextbox'

13-10-2024T23:25:07 - [MESSAGE][PASSED] - Keys 'dannt@9pay.vn' sent to object: 'Object Repository/Quản lý tài khoản merchant/Quản lý dịch vụ merchant/passwordTextbox'

13-10-2024T23:25:07 - [TEST_STEP][PASSED] - click(findTestObject("Quản lý tài khoản merchant/Quản lý dịch vụ merchant/loginButton")): Object: 'Object Repository/Quản lý tài khoản merchant/Quản lý dịch vụ merchant/loginButton' is clicked on

13-10-2024T23:25:08 - [MESSAGE][PASSED] - Object: 'Object Repository/Quản lý tài khoản merchant/Quản lý dịch vụ merchant/loginButton' is clicked on

13-10-2024T23:25:08 - [MESSAGE][PASSED] - Call Test Case 'Test Cases/Login/LoginCommon' successfully

13-10-2024T23:25:08 - [TEST_STEP][PASSED] - waitForElementVisible(findTestObject("Trang chủ/userName"), 10, STOP_ON_FAILURE): Object 'Object Repository/Trang chủ/userName' is visible

13-10-2024T23:25:16 - [MESSAGE][PASSED] - Object 'Object Repository/Trang chủ/userName' is visible

13-10-2024T23:25:16 - [TEST_STEP][PASSED] - click(findTestObject("Quản lý tài khoản merchant/menuManagerMerchantAccount")): Object: 'Object Repository/Quản lý tài khoản merchant/menuManagerMerchantAccount' is clicked on

13-10-2024T23:25:16 - [MESSAGE][PASSED] - Object: 'Object Repository/Quản lý tài khoản merchant/menuManagerMerchantAccount' is clicked on

13-10-2024T23:25:16 - [TEST_STEP][PASSED] - waitForElementVisible(findTestObject("Quản lý tài khoản merchant/Quản lý dịch vụ merchant/menuManagerMerchantService"), 10, STOP_ON_FAILURE): Object 'Object Repository/Quản lý tài khoản merchant/Quản lý dịch vụ merchant/menuManagerMerchantService' is visible

13-10-2024T23:25:17 - [MESSAGE][PASSED] - Object 'Object Repository/Quản lý tài khoản merchant/Quản lý dịch vụ merchant/menuManagerMerchantService' is visible

13-10-2024T23:25:17 - [TEST_STEP][PASSED] - wait = new org.openqa.selenium.support.ui.WebDriverWait(com.kms.katalon.core.webui.driver.DriverFactory.getWebDriver(), internal.GlobalVariable.waitSecond): null

13-10-2024T23:25:17 - [TEST_STEP][PASSED] - menuManagerUserAccount = wait.until(ExpectedConditions.elementToBeClickable(By.xpath(xpathManagerListAccount))): null

13-10-2024T23:25:17 - [TEST_STEP][PASSED] - menuManagerUserAccount.click(): null

13-10-2024T23:25:17 - [TEST_STEP][PASSED] - userCode = wait.until(ExpectedConditions.visibilityOfElementLocated(By.xpath(xpathUserCode))): null

13-10-2024T23:25:20 - [TEST_STEP][PASSED] - println(userCode.getText()): null

13-10-2024T23:25:20 - [TEST_STEP][PASSED] - accountBtn = wait.until(ExpectedConditions.elementToBeClickable(By.xpath(xpathBtnAccount))): null

13-10-2024T23:25:21 - [TEST_STEP][PASSED] - accountBtn.click(): null

13-10-2024T23:25:21 - [TEST_STEP][PASSED] - searchTextbox = wait.until(ExpectedConditions.elementToBeClickable(By.xpath(xpathSearchTextbox))): null

13-10-2024T23:25:21 - [TEST_STEP][PASSED] - searchTextbox.sendKeys(username): null

13-10-2024T23:25:21 - [TEST_STEP][PASSED] - xpath(xpathOption)).click(): null

13-10-2024T23:25:22 - [TEST_STEP][PASSED] - xpath(xpathBtnSearch)).click(): null

13-10-2024T23:25:22 - [TEST_STEP][PASSED] - Assert.assertEquals(xpath(xpathAccountName)).getText(), username): null

13-10-2024T23:25:23 - [TEST_STEP][PASSED] - xpath(xpathMoneyOff)).click(): null

13-10-2024T23:25:23 - [TEST_STEP][PASSED] - wait.until(ExpectedConditions.visibilityOfElementLocated(By.xpath(xpathUser))): null

13-10-2024T23:25:31 - [TEST_STEP][PASSED] - xpath(xpathViRut)).click(): null

13-10-2024T23:25:31 - [TEST_STEP][PASSED] - xpath(xpathParentThuHo)).click(): null

13-10-2024T23:25:31 - [TEST_STEP][PASSED] - xpath(xpathDay)).click(): null

13-10-2024T23:25:32 - [TEST_STEP][PASSED] - xpath(xpathToday)).click(): null

13-10-2024T23:25:32 - [TEST_STEP][PASSED] - xpath(xpathBtnContinue)).click(): null

13-10-2024T23:25:32 - [TEST_STEP][PASSED] - Start listener action : sampleAfterTestCase: null

13-10-2024T23:25:32 - [TEST_STEP][PASSED] - testCaseId = testCaseContext.getTestCaseId(): null

13-10-2024T23:25:32 - [TEST_STEP][PASSED] - if (testCaseId == "Test Cases/Quản lý tài khoản merchant/Quản lý dịch vụ merchant/TC_13_Kiểm tra chức năng xác nhận cấu hình thay đổi VA"): null]]></system-out>
         <system-err><![CDATA[]]></system-err>
      </testcase>
      <testcase name="Test Cases/Quản lý tài khoản merchant/Quản lý danh sách tài khoản/Rút tiền/TC_04_Kiểm tra khi nhập số tiền lớn hơn số dư khả dụng" time="36.132" classname="Test Cases/Quản lý tài khoản merchant/Quản lý danh sách tài khoản/Rút tiền/TC_04_Kiểm tra khi nhập số tiền lớn hơn số dư khả dụng" status="PASSED">
         <system-out><![CDATA[13-10-2024T23:25:32 - [TEST_CASE][PASSED] - Test Cases/Quản lý tài khoản merchant/Quản lý danh sách tài khoản/Rút tiền/TC_04_Kiểm tra khi nhập số tiền lớn hơn số dư khả dụng: Test Cases/Quản lý tài khoản merchant/Quản lý danh sách tài khoản/Rút tiền/TC_04_Kiểm tra khi nhập số tiền lớn hơn số dư khả dụng

13-10-2024T23:25:33 - [TEST_STEP][PASSED] - Start listener action : sampleBeforeTestCase: Navigate to 'https://stg-cms-console.9pay.mobi/login' successfully

13-10-2024T23:25:33 - [TEST_STEP][PASSED] - testCaseId = testCaseContext.getTestCaseId(): null

13-10-2024T23:25:33 - [TEST_STEP][PASSED] - url = <not implemented yet for class: org.codehaus.groovy.ast.expr.EmptyExpression>: null

13-10-2024T23:25:33 - [TEST_STEP][PASSED] - if (testCaseId == "Test Cases/Quản lý tài khoản merchant/Quản lý dịch vụ merchant/TC_14_Kiểm tra thay đổi sau khi cấu hình VA trên MCV"): null

13-10-2024T23:25:33 - [TEST_STEP][PASSED] - else: null

13-10-2024T23:25:33 - [TEST_STEP][PASSED] - url = "https://stg-cms-console.9pay.mobi/login": null

13-10-2024T23:25:33 - [TEST_STEP][PASSED] - openBrowser(""): Browser is opened with url: ''

13-10-2024T23:25:33 - [MESSAGE][WARNING] - A browser is already opened. Closing browser and opening a new one

13-10-2024T23:25:33 - [MESSAGE][INFO] - Starting 'Chrome' driver

13-10-2024T23:25:33 - [MESSAGE][INFO] - Action delay is set to 0 milliseconds

13-10-2024T23:25:33 - [MESSAGE][PASSED] - Browser is opened with url: ''

13-10-2024T23:25:33 - [TEST_STEP][PASSED] - maximizeWindow(): Current window maximized

13-10-2024T23:25:34 - [MESSAGE][PASSED] - Current window maximized

13-10-2024T23:25:34 - [TEST_STEP][PASSED] - navigateToUrl(url): Navigate to 'https://stg-cms-console.9pay.mobi/login' successfully

13-10-2024T23:25:36 - [MESSAGE][PASSED] - Navigate to 'https://stg-cms-console.9pay.mobi/login' successfully

13-10-2024T23:25:36 - [TEST_STEP][PASSED] - driver = getWebDriver(): null

13-10-2024T23:25:36 - [TEST_STEP][PASSED] - callTestCase(findTestCase("Test Cases/Login/LoginCommon"), [:], STOP_ON_FAILURE): Call Test Case 'Test Cases/Login/LoginCommon' successfully

13-10-2024T23:25:36 - [TEST_CASE][PASSED] - Test Cases/Login/LoginCommon: Test Cases/Login/LoginCommon

13-10-2024T23:25:36 - [TEST_STEP][PASSED] - driver = getWebDriver(): null

13-10-2024T23:25:36 - [TEST_STEP][PASSED] - sendKeys(findTestObject("Quản lý tài khoản merchant/Quản lý dịch vụ merchant/userNameTextbox"), userAccount): Keys 'dannt@9pay.vn' sent to object: 'Object Repository/Quản lý tài khoản merchant/Quản lý dịch vụ merchant/userNameTextbox'

13-10-2024T23:25:37 - [MESSAGE][PASSED] - Keys 'dannt@9pay.vn' sent to object: 'Object Repository/Quản lý tài khoản merchant/Quản lý dịch vụ merchant/userNameTextbox'

13-10-2024T23:25:37 - [TEST_STEP][PASSED] - sendKeys(findTestObject("Quản lý tài khoản merchant/Quản lý dịch vụ merchant/passwordTextbox"), password): Keys 'dannt@9pay.vn' sent to object: 'Object Repository/Quản lý tài khoản merchant/Quản lý dịch vụ merchant/passwordTextbox'

13-10-2024T23:25:37 - [MESSAGE][PASSED] - Keys 'dannt@9pay.vn' sent to object: 'Object Repository/Quản lý tài khoản merchant/Quản lý dịch vụ merchant/passwordTextbox'

13-10-2024T23:25:37 - [TEST_STEP][PASSED] - click(findTestObject("Quản lý tài khoản merchant/Quản lý dịch vụ merchant/loginButton")): Object: 'Object Repository/Quản lý tài khoản merchant/Quản lý dịch vụ merchant/loginButton' is clicked on

13-10-2024T23:25:37 - [MESSAGE][PASSED] - Object: 'Object Repository/Quản lý tài khoản merchant/Quản lý dịch vụ merchant/loginButton' is clicked on

13-10-2024T23:25:37 - [MESSAGE][PASSED] - Call Test Case 'Test Cases/Login/LoginCommon' successfully

13-10-2024T23:25:37 - [TEST_STEP][PASSED] - waitForElementVisible(findTestObject("Trang chủ/userName"), 10, STOP_ON_FAILURE): Object 'Object Repository/Trang chủ/userName' is visible

13-10-2024T23:25:39 - [MESSAGE][PASSED] - Object 'Object Repository/Trang chủ/userName' is visible

13-10-2024T23:25:39 - [TEST_STEP][PASSED] - click(findTestObject("Quản lý tài khoản merchant/menuManagerMerchantAccount")): Object: 'Object Repository/Quản lý tài khoản merchant/menuManagerMerchantAccount' is clicked on

13-10-2024T23:25:45 - [MESSAGE][PASSED] - Object: 'Object Repository/Quản lý tài khoản merchant/menuManagerMerchantAccount' is clicked on

13-10-2024T23:25:45 - [TEST_STEP][PASSED] - waitForElementVisible(findTestObject("Quản lý tài khoản merchant/Quản lý dịch vụ merchant/menuManagerMerchantService"), 10, STOP_ON_FAILURE): Object 'Object Repository/Quản lý tài khoản merchant/Quản lý dịch vụ merchant/menuManagerMerchantService' is visible

13-10-2024T23:25:46 - [MESSAGE][PASSED] - Object 'Object Repository/Quản lý tài khoản merchant/Quản lý dịch vụ merchant/menuManagerMerchantService' is visible

13-10-2024T23:25:46 - [TEST_STEP][PASSED] - wait = new org.openqa.selenium.support.ui.WebDriverWait(com.kms.katalon.core.webui.driver.DriverFactory.getWebDriver(), internal.GlobalVariable.waitSecond): null

13-10-2024T23:25:46 - [TEST_STEP][PASSED] - menuManagerUserAccount = wait.until(ExpectedConditions.elementToBeClickable(By.xpath(xpathManagerListAccount))): null

13-10-2024T23:25:46 - [TEST_STEP][PASSED] - menuManagerUserAccount.click(): null

13-10-2024T23:25:46 - [TEST_STEP][PASSED] - userCode = wait.until(ExpectedConditions.visibilityOfElementLocated(By.xpath(xpathUserCode))): null

13-10-2024T23:25:49 - [TEST_STEP][PASSED] - println(userCode.getText()): null

13-10-2024T23:25:49 - [TEST_STEP][PASSED] - accountBtn = wait.until(ExpectedConditions.elementToBeClickable(By.xpath(xpathBtnAccount))): null

13-10-2024T23:25:49 - [TEST_STEP][PASSED] - accountBtn.click(): null

13-10-2024T23:25:50 - [TEST_STEP][PASSED] - searchTextbox = wait.until(ExpectedConditions.elementToBeClickable(By.xpath(xpathSearchTextbox))): null

13-10-2024T23:25:50 - [TEST_STEP][PASSED] - searchTextbox.sendKeys(username): null

13-10-2024T23:25:50 - [TEST_STEP][PASSED] - xpath(xpathOption)).click(): null

13-10-2024T23:25:50 - [TEST_STEP][PASSED] - xpath(xpathBtnSearch)).click(): null

13-10-2024T23:25:51 - [TEST_STEP][PASSED] - Assert.assertEquals(xpath(xpathAccountName)).getText(), username): null

13-10-2024T23:25:52 - [TEST_STEP][PASSED] - xpath(xpathMoneyOff)).click(): null

13-10-2024T23:25:52 - [TEST_STEP][PASSED] - wait.until(ExpectedConditions.visibilityOfElementLocated(By.xpath("//span[@class='filter-option pull-left'][normalize-space()='" + username + "']"))): null

13-10-2024T23:26:02 - [TEST_STEP][PASSED] - xpath(xpathViRut)).click(): null

13-10-2024T23:26:02 - [TEST_STEP][PASSED] - sleep(1000): null

13-10-2024T23:26:03 - [TEST_STEP][PASSED] - xpath(xpathOptionThuho)).click(): null

13-10-2024T23:26:04 - [TEST_STEP][PASSED] - xpath(xpathDay)).click(): null

13-10-2024T23:26:04 - [TEST_STEP][PASSED] - xpath(xpathToday)).click(): null

13-10-2024T23:26:05 - [TEST_STEP][PASSED] - xpath(xpathBtnContinue)).click(): null

13-10-2024T23:26:05 - [TEST_STEP][PASSED] - try: null

13-10-2024T23:26:05 - [TEST_STEP][PASSED] - popupDS = wait.until(ExpectedConditions.visibilityOfElementLocated(By.xpath("//p[contains(text(),'Đã tồn tại kỳ đối soát trước đó, Bạn có chắc chắn ')]"))): null

13-10-2024T23:26:06 - [TEST_STEP][PASSED] - Assert.assertEquals(popupDS.getText(), "Đã tồn tại kỳ đối soát trước đó, Bạn có chắc chắn muốn tiếp tục thực hiện giao dịch?"): null

13-10-2024T23:26:06 - [TEST_STEP][PASSED] - xpath(BtnOkXpath)).click(): null

13-10-2024T23:26:06 - [TEST_STEP][PASSED] - soDuKhaDung = driver.findElement(By.xpath(xpathSoDuVi)): null

13-10-2024T23:26:07 - [TEST_STEP][PASSED] - value = soDuKhaDung.getAttribute("value"): null

13-10-2024T23:26:07 - [TEST_STEP][PASSED] - println(">>>: " + value): null

13-10-2024T23:26:07 - [TEST_STEP][PASSED] - availableBalances = Integer.parseInt(value.replace(",", "")): null

13-10-2024T23:26:07 - [TEST_STEP][PASSED] - println("so du kha dung la: " + availableBalances): null

13-10-2024T23:26:07 - [TEST_STEP][PASSED] - amountTransaction = String.valueOf(availableBalances + 1000): null

13-10-2024T23:26:07 - [TEST_STEP][PASSED] - println("so du kha dung la: " + amountTransaction): null

13-10-2024T23:26:07 - [TEST_STEP][PASSED] - xpath(xpathFieldAmount)).sendKeys(amountTransaction): null

13-10-2024T23:26:07 - [TEST_STEP][PASSED] - xpath(xpathConfirm)).click(): null

13-10-2024T23:26:07 - [TEST_STEP][PASSED] - Assert.assertEquals(xpath("//p[contains(text(),'Số tiền rút không được lớn hơn " + value + "VNĐ')]"))).getText(), "Số tiền rút không được lớn hơn " + value + "VNĐ"): null

13-10-2024T23:26:09 - [TEST_STEP][PASSED] - Start listener action : sampleAfterTestCase: null

13-10-2024T23:26:09 - [TEST_STEP][PASSED] - testCaseId = testCaseContext.getTestCaseId(): null

13-10-2024T23:26:09 - [TEST_STEP][PASSED] - if (testCaseId == "Test Cases/Quản lý tài khoản merchant/Quản lý dịch vụ merchant/TC_13_Kiểm tra chức năng xác nhận cấu hình thay đổi VA"): null]]></system-out>
         <system-err><![CDATA[]]></system-err>
      </testcase>
      <testcase name="Test Cases/Quản lý tài khoản merchant/Quản lý danh sách tài khoản/Rút tiền/TC_05_Kiểm tra khi nhập số tiền bé hơn số tiền khả dụng" time="28.713" classname="Test Cases/Quản lý tài khoản merchant/Quản lý danh sách tài khoản/Rút tiền/TC_05_Kiểm tra khi nhập số tiền bé hơn số tiền khả dụng" status="PASSED">
         <system-out><![CDATA[13-10-2024T23:26:09 - [TEST_CASE][PASSED] - Test Cases/Quản lý tài khoản merchant/Quản lý danh sách tài khoản/Rút tiền/TC_05_Kiểm tra khi nhập số tiền bé hơn số tiền khả dụng: Test Cases/Quản lý tài khoản merchant/Quản lý danh sách tài khoản/Rút tiền/TC_05_Kiểm tra khi nhập số tiền bé hơn số tiền khả dụng

13-10-2024T23:26:09 - [TEST_STEP][PASSED] - Start listener action : sampleBeforeTestCase: Navigate to 'https://stg-cms-console.9pay.mobi/login' successfully

13-10-2024T23:26:09 - [TEST_STEP][PASSED] - testCaseId = testCaseContext.getTestCaseId(): null

13-10-2024T23:26:09 - [TEST_STEP][PASSED] - url = <not implemented yet for class: org.codehaus.groovy.ast.expr.EmptyExpression>: null

13-10-2024T23:26:09 - [TEST_STEP][PASSED] - if (testCaseId == "Test Cases/Quản lý tài khoản merchant/Quản lý dịch vụ merchant/TC_14_Kiểm tra thay đổi sau khi cấu hình VA trên MCV"): null

13-10-2024T23:26:09 - [TEST_STEP][PASSED] - else: null

13-10-2024T23:26:09 - [TEST_STEP][PASSED] - url = "https://stg-cms-console.9pay.mobi/login": null

13-10-2024T23:26:09 - [TEST_STEP][PASSED] - openBrowser(""): Browser is opened with url: ''

13-10-2024T23:26:09 - [MESSAGE][WARNING] - A browser is already opened. Closing browser and opening a new one

13-10-2024T23:26:09 - [MESSAGE][INFO] - Starting 'Chrome' driver

13-10-2024T23:26:09 - [MESSAGE][INFO] - Action delay is set to 0 milliseconds

13-10-2024T23:26:09 - [MESSAGE][PASSED] - Browser is opened with url: ''

13-10-2024T23:26:09 - [TEST_STEP][PASSED] - maximizeWindow(): Current window maximized

13-10-2024T23:26:10 - [MESSAGE][PASSED] - Current window maximized

13-10-2024T23:26:10 - [TEST_STEP][PASSED] - navigateToUrl(url): Navigate to 'https://stg-cms-console.9pay.mobi/login' successfully

13-10-2024T23:26:12 - [MESSAGE][PASSED] - Navigate to 'https://stg-cms-console.9pay.mobi/login' successfully

13-10-2024T23:26:12 - [TEST_STEP][PASSED] - driver = getWebDriver(): null

13-10-2024T23:26:12 - [TEST_STEP][PASSED] - callTestCase(findTestCase("Test Cases/Login/LoginCommon"), [:], STOP_ON_FAILURE): Call Test Case 'Test Cases/Login/LoginCommon' successfully

13-10-2024T23:26:12 - [TEST_CASE][PASSED] - Test Cases/Login/LoginCommon: Test Cases/Login/LoginCommon

13-10-2024T23:26:12 - [TEST_STEP][PASSED] - driver = getWebDriver(): null

13-10-2024T23:26:12 - [TEST_STEP][PASSED] - sendKeys(findTestObject("Quản lý tài khoản merchant/Quản lý dịch vụ merchant/userNameTextbox"), userAccount): Keys 'dannt@9pay.vn' sent to object: 'Object Repository/Quản lý tài khoản merchant/Quản lý dịch vụ merchant/userNameTextbox'

13-10-2024T23:26:12 - [MESSAGE][PASSED] - Keys 'dannt@9pay.vn' sent to object: 'Object Repository/Quản lý tài khoản merchant/Quản lý dịch vụ merchant/userNameTextbox'

13-10-2024T23:26:12 - [TEST_STEP][PASSED] - sendKeys(findTestObject("Quản lý tài khoản merchant/Quản lý dịch vụ merchant/passwordTextbox"), password): Keys 'dannt@9pay.vn' sent to object: 'Object Repository/Quản lý tài khoản merchant/Quản lý dịch vụ merchant/passwordTextbox'

13-10-2024T23:26:12 - [MESSAGE][PASSED] - Keys 'dannt@9pay.vn' sent to object: 'Object Repository/Quản lý tài khoản merchant/Quản lý dịch vụ merchant/passwordTextbox'

13-10-2024T23:26:12 - [TEST_STEP][PASSED] - click(findTestObject("Quản lý tài khoản merchant/Quản lý dịch vụ merchant/loginButton")): Object: 'Object Repository/Quản lý tài khoản merchant/Quản lý dịch vụ merchant/loginButton' is clicked on

13-10-2024T23:26:13 - [MESSAGE][PASSED] - Object: 'Object Repository/Quản lý tài khoản merchant/Quản lý dịch vụ merchant/loginButton' is clicked on

13-10-2024T23:26:13 - [MESSAGE][PASSED] - Call Test Case 'Test Cases/Login/LoginCommon' successfully

13-10-2024T23:26:13 - [TEST_STEP][PASSED] - waitForElementVisible(findTestObject("Trang chủ/userName"), 30, STOP_ON_FAILURE): Object 'Object Repository/Trang chủ/userName' is visible

13-10-2024T23:26:14 - [MESSAGE][PASSED] - Object 'Object Repository/Trang chủ/userName' is visible

13-10-2024T23:26:14 - [TEST_STEP][PASSED] - click(findTestObject("Quản lý tài khoản merchant/menuManagerMerchantAccount")): Object: 'Object Repository/Quản lý tài khoản merchant/menuManagerMerchantAccount' is clicked on

13-10-2024T23:26:16 - [MESSAGE][PASSED] - Object: 'Object Repository/Quản lý tài khoản merchant/menuManagerMerchantAccount' is clicked on

13-10-2024T23:26:16 - [TEST_STEP][PASSED] - waitForElementVisible(findTestObject("Quản lý tài khoản merchant/Quản lý dịch vụ merchant/menuManagerMerchantService"), 10, STOP_ON_FAILURE): Object 'Object Repository/Quản lý tài khoản merchant/Quản lý dịch vụ merchant/menuManagerMerchantService' is visible

13-10-2024T23:26:16 - [MESSAGE][PASSED] - Object 'Object Repository/Quản lý tài khoản merchant/Quản lý dịch vụ merchant/menuManagerMerchantService' is visible

13-10-2024T23:26:16 - [TEST_STEP][PASSED] - wait = new org.openqa.selenium.support.ui.WebDriverWait(com.kms.katalon.core.webui.driver.DriverFactory.getWebDriver(), 30): null

13-10-2024T23:26:16 - [TEST_STEP][PASSED] - menuManagerUserAccount = wait.until(ExpectedConditions.elementToBeClickable(By.xpath(xpathManagerListAccount))): null

13-10-2024T23:26:17 - [TEST_STEP][PASSED] - menuManagerUserAccount.click(): null

13-10-2024T23:26:17 - [TEST_STEP][PASSED] - userCode = wait.until(ExpectedConditions.visibilityOfElementLocated(By.xpath(xpathUserCode))): null

13-10-2024T23:26:19 - [TEST_STEP][PASSED] - println(userCode.getText()): null

13-10-2024T23:26:19 - [TEST_STEP][PASSED] - accountBtn = wait.until(ExpectedConditions.elementToBeClickable(By.xpath(xpathBtnAccount))): null

13-10-2024T23:26:20 - [TEST_STEP][PASSED] - accountBtn.click(): null

13-10-2024T23:26:20 - [TEST_STEP][PASSED] - searchTextbox = wait.until(ExpectedConditions.elementToBeClickable(By.xpath(xpathSearchTextbox))): null

13-10-2024T23:26:20 - [TEST_STEP][PASSED] - searchTextbox.sendKeys(username): null

13-10-2024T23:26:20 - [TEST_STEP][PASSED] - xpath(xpathOption)).click(): null

13-10-2024T23:26:21 - [TEST_STEP][PASSED] - xpath(xpathBtnSearch)).click(): null

13-10-2024T23:26:21 - [TEST_STEP][PASSED] - Assert.assertEquals(xpath(xpathAccountName)).getText(), username): null

13-10-2024T23:26:22 - [TEST_STEP][PASSED] - xpath(xpathMoneyOff)).click(): null

13-10-2024T23:26:23 - [TEST_STEP][PASSED] - wait.until(ExpectedConditions.visibilityOfElementLocated(By.xpath(xpathUser))): null

13-10-2024T23:26:33 - [TEST_STEP][PASSED] - xpath(xpathViRut)).click(): null

13-10-2024T23:26:33 - [TEST_STEP][PASSED] - sleep(1000): null

13-10-2024T23:26:34 - [TEST_STEP][PASSED] - xpath(xpathOptionThuho)).click(): null

13-10-2024T23:26:34 - [TEST_STEP][PASSED] - xpath(xpathDay)).click(): null

13-10-2024T23:26:35 - [TEST_STEP][PASSED] - xpath(xpathToday)).click(): null

13-10-2024T23:26:35 - [TEST_STEP][PASSED] - xpath(xpathBtnContinue)).click(): null

13-10-2024T23:26:35 - [TEST_STEP][PASSED] - try: null

13-10-2024T23:26:35 - [TEST_STEP][PASSED] - popupDS = wait.until(ExpectedConditions.visibilityOfElementLocated(By.xpath(xpathXacNhanKiDS))): null

13-10-2024T23:26:36 - [TEST_STEP][PASSED] - Assert.assertEquals(popupDS.getText(), "Đã tồn tại kỳ đối soát trước đó, Bạn có chắc chắn muốn tiếp tục thực hiện giao dịch?"): null

13-10-2024T23:26:36 - [TEST_STEP][PASSED] - xpath(BtnOkXpath)).click(): null

13-10-2024T23:26:36 - [TEST_STEP][PASSED] - soDuKhaDung = driver.findElement(By.xpath(xpathSoDuKhaDung)): null

13-10-2024T23:26:37 - [TEST_STEP][PASSED] - value = soDuKhaDung.getAttribute("value"): null

13-10-2024T23:26:37 - [TEST_STEP][PASSED] - availableBalances = Integer.parseInt(value.replace(",", "")): null

13-10-2024T23:26:37 - [TEST_STEP][PASSED] - println("so du kha dung la: " + availableBalances): null

13-10-2024T23:26:37 - [TEST_STEP][PASSED] - amountTransaction = String.valueOf(availableBalances + 90000000): null

13-10-2024T23:26:37 - [TEST_STEP][PASSED] - println("so du kha dung la: " + amountTransaction): null

13-10-2024T23:26:37 - [TEST_STEP][PASSED] - xpath(xpathFieldAmount)).sendKeys(amountTransaction): null

13-10-2024T23:26:37 - [TEST_STEP][PASSED] - xpath(xpathConfirm)).click(): null

13-10-2024T23:26:37 - [TEST_STEP][PASSED] - Start listener action : sampleAfterTestCase: null

13-10-2024T23:26:37 - [TEST_STEP][PASSED] - testCaseId = testCaseContext.getTestCaseId(): null

13-10-2024T23:26:37 - [TEST_STEP][PASSED] - if (testCaseId == "Test Cases/Quản lý tài khoản merchant/Quản lý dịch vụ merchant/TC_13_Kiểm tra chức năng xác nhận cấu hình thay đổi VA"): null]]></system-out>
         <system-err><![CDATA[]]></system-err>
      </testcase>
      <testcase name="Test Cases/Quản lý tài khoản merchant/Quản lý danh sách tài khoản/Rút tiền/TC_06_Kiểm tra khi rút tiền thành công và duyệt lần 1" time="46.851" classname="Test Cases/Quản lý tài khoản merchant/Quản lý danh sách tài khoản/Rút tiền/TC_06_Kiểm tra khi rút tiền thành công và duyệt lần 1" status="PASSED">
         <system-out><![CDATA[13-10-2024T23:26:37 - [TEST_CASE][PASSED] - Test Cases/Quản lý tài khoản merchant/Quản lý danh sách tài khoản/Rút tiền/TC_06_Kiểm tra khi rút tiền thành công và duyệt lần 1: Test Cases/Quản lý tài khoản merchant/Quản lý danh sách tài khoản/Rút tiền/TC_06_Kiểm tra khi rút tiền thành công và duyệt lần 1

13-10-2024T23:26:37 - [TEST_STEP][PASSED] - Start listener action : sampleBeforeTestCase: Navigate to 'https://stg-cms-console.9pay.mobi/login' successfully

13-10-2024T23:26:37 - [TEST_STEP][PASSED] - testCaseId = testCaseContext.getTestCaseId(): null

13-10-2024T23:26:37 - [TEST_STEP][PASSED] - url = <not implemented yet for class: org.codehaus.groovy.ast.expr.EmptyExpression>: null

13-10-2024T23:26:37 - [TEST_STEP][PASSED] - if (testCaseId == "Test Cases/Quản lý tài khoản merchant/Quản lý dịch vụ merchant/TC_14_Kiểm tra thay đổi sau khi cấu hình VA trên MCV"): null

13-10-2024T23:26:37 - [TEST_STEP][PASSED] - else: null

13-10-2024T23:26:37 - [TEST_STEP][PASSED] - url = "https://stg-cms-console.9pay.mobi/login": null

13-10-2024T23:26:37 - [TEST_STEP][PASSED] - openBrowser(""): Browser is opened with url: ''

13-10-2024T23:26:37 - [MESSAGE][WARNING] - A browser is already opened. Closing browser and opening a new one

13-10-2024T23:26:37 - [MESSAGE][INFO] - Starting 'Chrome' driver

13-10-2024T23:26:37 - [MESSAGE][INFO] - Action delay is set to 0 milliseconds

13-10-2024T23:26:38 - [MESSAGE][PASSED] - Browser is opened with url: ''

13-10-2024T23:26:38 - [TEST_STEP][PASSED] - maximizeWindow(): Current window maximized

13-10-2024T23:26:38 - [MESSAGE][PASSED] - Current window maximized

13-10-2024T23:26:38 - [TEST_STEP][PASSED] - navigateToUrl(url): Navigate to 'https://stg-cms-console.9pay.mobi/login' successfully

13-10-2024T23:26:41 - [MESSAGE][PASSED] - Navigate to 'https://stg-cms-console.9pay.mobi/login' successfully

13-10-2024T23:26:41 - [TEST_STEP][PASSED] - driver = getWebDriver(): null

13-10-2024T23:26:41 - [TEST_STEP][PASSED] - js = driver: null

13-10-2024T23:26:41 - [TEST_STEP][PASSED] - callTestCase(findTestCase("Test Cases/Login/LoginCommon"), [:], STOP_ON_FAILURE): Call Test Case 'Test Cases/Login/LoginCommon' successfully

13-10-2024T23:26:41 - [TEST_CASE][PASSED] - Test Cases/Login/LoginCommon: Test Cases/Login/LoginCommon

13-10-2024T23:26:41 - [TEST_STEP][PASSED] - driver = getWebDriver(): null

13-10-2024T23:26:41 - [TEST_STEP][PASSED] - sendKeys(findTestObject("Quản lý tài khoản merchant/Quản lý dịch vụ merchant/userNameTextbox"), userAccount): Keys 'dannt@9pay.vn' sent to object: 'Object Repository/Quản lý tài khoản merchant/Quản lý dịch vụ merchant/userNameTextbox'

13-10-2024T23:26:41 - [MESSAGE][PASSED] - Keys 'dannt@9pay.vn' sent to object: 'Object Repository/Quản lý tài khoản merchant/Quản lý dịch vụ merchant/userNameTextbox'

13-10-2024T23:26:41 - [TEST_STEP][PASSED] - sendKeys(findTestObject("Quản lý tài khoản merchant/Quản lý dịch vụ merchant/passwordTextbox"), password): Keys 'dannt@9pay.vn' sent to object: 'Object Repository/Quản lý tài khoản merchant/Quản lý dịch vụ merchant/passwordTextbox'

13-10-2024T23:26:41 - [MESSAGE][PASSED] - Keys 'dannt@9pay.vn' sent to object: 'Object Repository/Quản lý tài khoản merchant/Quản lý dịch vụ merchant/passwordTextbox'

13-10-2024T23:26:41 - [TEST_STEP][PASSED] - click(findTestObject("Quản lý tài khoản merchant/Quản lý dịch vụ merchant/loginButton")): Object: 'Object Repository/Quản lý tài khoản merchant/Quản lý dịch vụ merchant/loginButton' is clicked on

13-10-2024T23:26:42 - [MESSAGE][PASSED] - Object: 'Object Repository/Quản lý tài khoản merchant/Quản lý dịch vụ merchant/loginButton' is clicked on

13-10-2024T23:26:42 - [MESSAGE][PASSED] - Call Test Case 'Test Cases/Login/LoginCommon' successfully

13-10-2024T23:26:42 - [TEST_STEP][PASSED] - waitForElementVisible(findTestObject("Trang chủ/userName"), 30, STOP_ON_FAILURE): Object 'Object Repository/Trang chủ/userName' is visible

13-10-2024T23:26:43 - [MESSAGE][PASSED] - Object 'Object Repository/Trang chủ/userName' is visible

13-10-2024T23:26:43 - [TEST_STEP][PASSED] - click(findTestObject("Quản lý tài khoản merchant/menuManagerMerchantAccount")): Object: 'Object Repository/Quản lý tài khoản merchant/menuManagerMerchantAccount' is clicked on

13-10-2024T23:26:52 - [MESSAGE][PASSED] - Object: 'Object Repository/Quản lý tài khoản merchant/menuManagerMerchantAccount' is clicked on

13-10-2024T23:26:52 - [TEST_STEP][PASSED] - waitForElementVisible(findTestObject("Quản lý tài khoản merchant/Quản lý dịch vụ merchant/menuManagerMerchantService"), 30, STOP_ON_FAILURE): Object 'Object Repository/Quản lý tài khoản merchant/Quản lý dịch vụ merchant/menuManagerMerchantService' is visible

13-10-2024T23:26:53 - [MESSAGE][PASSED] - Object 'Object Repository/Quản lý tài khoản merchant/Quản lý dịch vụ merchant/menuManagerMerchantService' is visible

13-10-2024T23:26:53 - [TEST_STEP][PASSED] - wait = new org.openqa.selenium.support.ui.WebDriverWait(com.kms.katalon.core.webui.driver.DriverFactory.getWebDriver(), internal.GlobalVariable.waitSecond): null

13-10-2024T23:26:53 - [TEST_STEP][PASSED] - menuManagerUserAccount = wait.until(ExpectedConditions.elementToBeClickable(By.xpath(xpathManagerListAccount))): null

13-10-2024T23:26:53 - [TEST_STEP][PASSED] - menuManagerUserAccount.click(): null

13-10-2024T23:26:53 - [TEST_STEP][PASSED] - userCode = wait.until(ExpectedConditions.visibilityOfElementLocated(By.xpath(xpathUserCode))): null

13-10-2024T23:26:56 - [TEST_STEP][PASSED] - accountBtn = wait.until(ExpectedConditions.elementToBeClickable(By.xpath(xpathBtnAccount))): null

13-10-2024T23:26:56 - [TEST_STEP][PASSED] - accountBtn.click(): null

13-10-2024T23:26:56 - [TEST_STEP][PASSED] - searchTextbox = wait.until(ExpectedConditions.elementToBeClickable(By.xpath(xpathSearchTextbox))): null

13-10-2024T23:26:56 - [TEST_STEP][PASSED] - searchTextbox.sendKeys(username): null

13-10-2024T23:26:56 - [TEST_STEP][PASSED] - xpath(xpathOption)).click(): null

13-10-2024T23:26:57 - [TEST_STEP][PASSED] - xpath(xpathBtnSearch)).click(): null

13-10-2024T23:26:57 - [TEST_STEP][PASSED] - startElement = driver.findElement(By.xpath("//strong[contains(text(),'Thu hộ:')]")): null

13-10-2024T23:26:58 - [TEST_STEP][PASSED] - script = "return arguments[0].nextSibling.textContent;": null

13-10-2024T23:26:58 - [TEST_STEP][PASSED] - nextTextNodeContent = js.executeScript(script, startElement): null

13-10-2024T23:26:58 - [TEST_STEP][PASSED] - out.println("Thu ho " + nextTextNodeContent): null

13-10-2024T23:26:58 - [TEST_STEP][PASSED] - numericString = nextTextNodeContent.replaceAll("[^0-9]", ""): null

13-10-2024T23:26:58 - [TEST_STEP][PASSED] - thuHo = Integer.parseInt(numericString): null

13-10-2024T23:26:58 - [TEST_STEP][PASSED] - out.println("Thu ho " + thuHo): null

13-10-2024T23:26:58 - [TEST_STEP][PASSED] - Assert.assertEquals(xpath(xpathAccountName)).getText(), username): null

13-10-2024T23:26:58 - [TEST_STEP][PASSED] - xpath(xpathMoneyOff)).click(): null

13-10-2024T23:26:59 - [TEST_STEP][PASSED] - wait.until(ExpectedConditions.visibilityOfElementLocated(By.xpath("//span[@class='filter-option pull-left'][normalize-space()='" + username + "']"))): null

13-10-2024T23:27:07 - [TEST_STEP][PASSED] - xpath(xpathViRut)).click(): null

13-10-2024T23:27:07 - [TEST_STEP][PASSED] - xpath(xpathOptionThuho)).click(): null

13-10-2024T23:27:08 - [TEST_STEP][PASSED] - xpath(xpathDay)).click(): null

13-10-2024T23:27:08 - [TEST_STEP][PASSED] - xpath(xpathToday)).click(): null

13-10-2024T23:27:09 - [TEST_STEP][PASSED] - xpath(xpathBtnContinue)).click(): null

13-10-2024T23:27:09 - [TEST_STEP][PASSED] - try: null

13-10-2024T23:27:09 - [TEST_STEP][PASSED] - popupDS = wait.until(ExpectedConditions.visibilityOfElementLocated(By.xpath(xpathXacNhanKiDS))): null

13-10-2024T23:27:10 - [TEST_STEP][PASSED] - Assert.assertEquals(popupDS.getText(), "Đã tồn tại kỳ đối soát trước đó, Bạn có chắc chắn muốn tiếp tục thực hiện giao dịch?"): null

13-10-2024T23:27:10 - [TEST_STEP][PASSED] - xpath(BtnOkXpath)).click(): null

13-10-2024T23:27:10 - [TEST_STEP][PASSED] - soDuKhaDung = driver.findElement(By.xpath(xpathSoDuKhaDung)): null

13-10-2024T23:27:11 - [TEST_STEP][PASSED] - value = soDuKhaDung.getAttribute("value"): null

13-10-2024T23:27:11 - [TEST_STEP][PASSED] - availableBalances = Integer.parseInt(value.replace(",", "")): null

13-10-2024T23:27:11 - [TEST_STEP][PASSED] - amountTransaction = 100000: null

13-10-2024T23:27:11 - [TEST_STEP][PASSED] - xpath(xpathFieldAmount)).sendKeys(amountTransaction): null

13-10-2024T23:27:11 - [TEST_STEP][PASSED] - xpath(xpathConfirm)).click(): null

13-10-2024T23:27:11 - [TEST_STEP][PASSED] - approveButton = wait.until(ExpectedConditions.elementToBeClickable(By.xpath(xpathAcceptFirst))): null

13-10-2024T23:27:13 - [TEST_STEP][PASSED] - js.executeScript("arguments[0].scrollIntoView(true);", approveButton): null

13-10-2024T23:27:13 - [TEST_STEP][PASSED] - approveButton.click(): null

13-10-2024T23:27:13 - [TEST_STEP][PASSED] - Thread.sleep(2000): null

13-10-2024T23:27:15 - [TEST_STEP][PASSED] - xpath(xpathCfBtn)).click(): null

13-10-2024T23:27:15 - [TEST_STEP][PASSED] - xpath(xpathBtnOk)).click(): null

13-10-2024T23:27:16 - [TEST_STEP][PASSED] - callTestCase(findTestCase("Test Cases/Quản lý tài khoản merchant/Quản lý danh sách tài khoản/CustomeFuncRutTien"), [:], STOP_ON_FAILURE): Call Test Case 'Test Cases/Quản lý tài khoản merchant/Quản lý danh sách tài khoản/CustomeFuncRutTien' successfully

13-10-2024T23:27:16 - [TEST_CASE][PASSED] - Test Cases/Quản lý tài khoản merchant/Quản lý danh sách tài khoản/CustomeFuncRutTien: Test Cases/Quản lý tài khoản merchant/Quản lý danh sách tài khoản/CustomeFuncRutTien

13-10-2024T23:27:16 - [TEST_STEP][PASSED] - driver = getWebDriver(): null

13-10-2024T23:27:16 - [TEST_STEP][PASSED] - sleep(2000): null

13-10-2024T23:27:18 - [TEST_STEP][PASSED] - element1 = driver.findElement(By.xpath(xpathManagerMC)): null

13-10-2024T23:27:18 - [TEST_STEP][PASSED] - actions = new org.openqa.selenium.interactions.Actions(driver): null

13-10-2024T23:27:19 - [TEST_STEP][PASSED] - click().perform(): null

13-10-2024T23:27:19 - [TEST_STEP][PASSED] - wait = new org.openqa.selenium.support.ui.WebDriverWait(com.kms.katalon.core.webui.driver.DriverFactory.getWebDriver(), 15): null

13-10-2024T23:27:19 - [TEST_STEP][PASSED] - element2 = wait.until(ExpectedConditions.elementToBeClickable(By.xpath(xpathManagerListAccount))): null

13-10-2024T23:27:19 - [TEST_STEP][PASSED] - click().perform(): null

13-10-2024T23:27:19 - [MESSAGE][PASSED] - Call Test Case 'Test Cases/Quản lý tài khoản merchant/Quản lý danh sách tài khoản/CustomeFuncRutTien' successfully

13-10-2024T23:27:19 - [TEST_STEP][PASSED] - xpath(xpathBtnAccount)).click(): null

13-10-2024T23:27:22 - [TEST_STEP][PASSED] - xpath(xpathSearchField)).sendKeys(username): null

13-10-2024T23:27:23 - [TEST_STEP][PASSED] - xpath(xpathOption)).click(): null

13-10-2024T23:27:23 - [TEST_STEP][PASSED] - xpath(xpathBtnSearch)).click(): null

13-10-2024T23:27:23 - [TEST_STEP][PASSED] - startElement1 = driver.findElement(By.xpath("//strong[contains(text(),'Thu hộ:')]")): null

13-10-2024T23:27:24 - [TEST_STEP][PASSED] - script1 = "return arguments[0].nextSibling.textContent;": null

13-10-2024T23:27:24 - [TEST_STEP][PASSED] - nextTextNodeContent1 = js.executeScript(script1, startElement1): null

13-10-2024T23:27:24 - [TEST_STEP][PASSED] - if (nextTextNodeContent1 == nextTextNodeContent): Test case đã pass với số tiền chưa được trừ khỏi tài khoản.

13-10-2024T23:27:24 - [TEST_STEP][PASSED] - println("Số tiền đã đúng "): null

13-10-2024T23:27:24 - [TEST_STEP][PASSED] - markPassed("Test case đã pass với số tiền chưa được trừ khỏi tài khoản."): Test case đã pass với số tiền chưa được trừ khỏi tài khoản.

13-10-2024T23:27:24 - [MESSAGE][PASSED] - Test case đã pass với số tiền chưa được trừ khỏi tài khoản.

13-10-2024T23:27:24 - [TEST_STEP][PASSED] - Start listener action : sampleAfterTestCase: null

13-10-2024T23:27:24 - [TEST_STEP][PASSED] - testCaseId = testCaseContext.getTestCaseId(): null

13-10-2024T23:27:24 - [TEST_STEP][PASSED] - if (testCaseId == "Test Cases/Quản lý tài khoản merchant/Quản lý dịch vụ merchant/TC_13_Kiểm tra chức năng xác nhận cấu hình thay đổi VA"): null]]></system-out>
         <system-err><![CDATA[]]></system-err>
      </testcase>
      <testcase name="Test Cases/Quản lý tài khoản merchant/Quản lý danh sách tài khoản/Rút tiền/TC_07_Kiểm tra khi rút tiền thành công và duyệt đủ 4 bước" time="53.492" classname="Test Cases/Quản lý tài khoản merchant/Quản lý danh sách tài khoản/Rút tiền/TC_07_Kiểm tra khi rút tiền thành công và duyệt đủ 4 bước" status="PASSED">
         <system-out><![CDATA[13-10-2024T23:27:24 - [TEST_CASE][PASSED] - Test Cases/Quản lý tài khoản merchant/Quản lý danh sách tài khoản/Rút tiền/TC_07_Kiểm tra khi rút tiền thành công và duyệt đủ 4 bước: Test Cases/Quản lý tài khoản merchant/Quản lý danh sách tài khoản/Rút tiền/TC_07_Kiểm tra khi rút tiền thành công và duyệt đủ 4 bước

13-10-2024T23:27:24 - [TEST_STEP][PASSED] - Start listener action : sampleBeforeTestCase: Navigate to 'https://stg-cms-console.9pay.mobi/login' successfully

13-10-2024T23:27:24 - [TEST_STEP][PASSED] - testCaseId = testCaseContext.getTestCaseId(): null

13-10-2024T23:27:24 - [TEST_STEP][PASSED] - url = <not implemented yet for class: org.codehaus.groovy.ast.expr.EmptyExpression>: null

13-10-2024T23:27:24 - [TEST_STEP][PASSED] - if (testCaseId == "Test Cases/Quản lý tài khoản merchant/Quản lý dịch vụ merchant/TC_14_Kiểm tra thay đổi sau khi cấu hình VA trên MCV"): null

13-10-2024T23:27:24 - [TEST_STEP][PASSED] - else: null

13-10-2024T23:27:24 - [TEST_STEP][PASSED] - url = "https://stg-cms-console.9pay.mobi/login": null

13-10-2024T23:27:24 - [TEST_STEP][PASSED] - openBrowser(""): Browser is opened with url: ''

13-10-2024T23:27:24 - [MESSAGE][WARNING] - A browser is already opened. Closing browser and opening a new one

13-10-2024T23:27:24 - [MESSAGE][INFO] - Starting 'Chrome' driver

13-10-2024T23:27:24 - [MESSAGE][INFO] - Action delay is set to 0 milliseconds

13-10-2024T23:27:25 - [MESSAGE][PASSED] - Browser is opened with url: ''

13-10-2024T23:27:25 - [TEST_STEP][PASSED] - maximizeWindow(): Current window maximized

13-10-2024T23:27:25 - [MESSAGE][PASSED] - Current window maximized

13-10-2024T23:27:25 - [TEST_STEP][PASSED] - navigateToUrl(url): Navigate to 'https://stg-cms-console.9pay.mobi/login' successfully

13-10-2024T23:27:27 - [MESSAGE][PASSED] - Navigate to 'https://stg-cms-console.9pay.mobi/login' successfully

13-10-2024T23:27:27 - [TEST_STEP][PASSED] - driver = getWebDriver(): null

13-10-2024T23:27:27 - [TEST_STEP][PASSED] - js = driver: null

13-10-2024T23:27:27 - [TEST_STEP][PASSED] - callTestCase(findTestCase("Test Cases/Login/LoginCommon"), [:], STOP_ON_FAILURE): Call Test Case 'Test Cases/Login/LoginCommon' successfully

13-10-2024T23:27:27 - [TEST_CASE][PASSED] - Test Cases/Login/LoginCommon: Test Cases/Login/LoginCommon

13-10-2024T23:27:27 - [TEST_STEP][PASSED] - driver = getWebDriver(): null

13-10-2024T23:27:27 - [TEST_STEP][PASSED] - sendKeys(findTestObject("Quản lý tài khoản merchant/Quản lý dịch vụ merchant/userNameTextbox"), userAccount): Keys 'dannt@9pay.vn' sent to object: 'Object Repository/Quản lý tài khoản merchant/Quản lý dịch vụ merchant/userNameTextbox'

13-10-2024T23:27:28 - [MESSAGE][PASSED] - Keys 'dannt@9pay.vn' sent to object: 'Object Repository/Quản lý tài khoản merchant/Quản lý dịch vụ merchant/userNameTextbox'

13-10-2024T23:27:28 - [TEST_STEP][PASSED] - sendKeys(findTestObject("Quản lý tài khoản merchant/Quản lý dịch vụ merchant/passwordTextbox"), password): Keys 'dannt@9pay.vn' sent to object: 'Object Repository/Quản lý tài khoản merchant/Quản lý dịch vụ merchant/passwordTextbox'

13-10-2024T23:27:28 - [MESSAGE][PASSED] - Keys 'dannt@9pay.vn' sent to object: 'Object Repository/Quản lý tài khoản merchant/Quản lý dịch vụ merchant/passwordTextbox'

13-10-2024T23:27:28 - [TEST_STEP][PASSED] - click(findTestObject("Quản lý tài khoản merchant/Quản lý dịch vụ merchant/loginButton")): Object: 'Object Repository/Quản lý tài khoản merchant/Quản lý dịch vụ merchant/loginButton' is clicked on

13-10-2024T23:27:28 - [MESSAGE][PASSED] - Object: 'Object Repository/Quản lý tài khoản merchant/Quản lý dịch vụ merchant/loginButton' is clicked on

13-10-2024T23:27:28 - [MESSAGE][PASSED] - Call Test Case 'Test Cases/Login/LoginCommon' successfully

13-10-2024T23:27:28 - [TEST_STEP][PASSED] - waitForElementVisible(findTestObject("Trang chủ/userName"), 30, STOP_ON_FAILURE): Object 'Object Repository/Trang chủ/userName' is visible

13-10-2024T23:27:30 - [MESSAGE][PASSED] - Object 'Object Repository/Trang chủ/userName' is visible

13-10-2024T23:27:30 - [TEST_STEP][PASSED] - click(findTestObject("Quản lý tài khoản merchant/menuManagerMerchantAccount")): Object: 'Object Repository/Quản lý tài khoản merchant/menuManagerMerchantAccount' is clicked on

13-10-2024T23:27:32 - [MESSAGE][PASSED] - Object: 'Object Repository/Quản lý tài khoản merchant/menuManagerMerchantAccount' is clicked on

13-10-2024T23:27:32 - [TEST_STEP][PASSED] - waitForElementVisible(findTestObject("Quản lý tài khoản merchant/Quản lý dịch vụ merchant/menuManagerMerchantService"), 30, STOP_ON_FAILURE): Object 'Object Repository/Quản lý tài khoản merchant/Quản lý dịch vụ merchant/menuManagerMerchantService' is visible

13-10-2024T23:27:32 - [MESSAGE][PASSED] - Object 'Object Repository/Quản lý tài khoản merchant/Quản lý dịch vụ merchant/menuManagerMerchantService' is visible

13-10-2024T23:27:32 - [TEST_STEP][PASSED] - wait = new org.openqa.selenium.support.ui.WebDriverWait(com.kms.katalon.core.webui.driver.DriverFactory.getWebDriver(), internal.GlobalVariable.waitSecond): null

13-10-2024T23:27:32 - [TEST_STEP][PASSED] - menuManagerUserAccount = wait.until(ExpectedConditions.elementToBeClickable(By.xpath(xpathManagerListAccount))): null

13-10-2024T23:27:32 - [TEST_STEP][PASSED] - menuManagerUserAccount.click(): null

13-10-2024T23:27:32 - [TEST_STEP][PASSED] - userCode = wait.until(ExpectedConditions.visibilityOfElementLocated(By.xpath(xpathUserCode))): null

13-10-2024T23:27:35 - [TEST_STEP][PASSED] - accountBtn = wait.until(ExpectedConditions.elementToBeClickable(By.xpath(xpathBtnAccount))): null

13-10-2024T23:27:36 - [TEST_STEP][PASSED] - accountBtn.click(): null

13-10-2024T23:27:36 - [TEST_STEP][PASSED] - searchTextbox = wait.until(ExpectedConditions.elementToBeClickable(By.xpath(xpathSearchTextbox))): null

13-10-2024T23:27:36 - [TEST_STEP][PASSED] - searchTextbox.sendKeys(username): null

13-10-2024T23:27:36 - [TEST_STEP][PASSED] - xpath(xpathOption)).click(): null

13-10-2024T23:27:36 - [TEST_STEP][PASSED] - xpath(xpathBtnSearch)).click(): null

13-10-2024T23:27:37 - [TEST_STEP][PASSED] - beforeWithdrawing = driver.findElement(By.xpath("//strong[contains(text(),'Thu hộ:')]")): null

13-10-2024T23:27:37 - [TEST_STEP][PASSED] - script = "return arguments[0].nextSibling.textContent;": null

13-10-2024T23:27:37 - [TEST_STEP][PASSED] - beforeWithdrawing1 = js.executeScript(script, beforeWithdrawing): null

13-10-2024T23:27:37 - [TEST_STEP][PASSED] - out.println("Thu ho " + beforeWithdrawing1): null

13-10-2024T23:27:37 - [TEST_STEP][PASSED] - numericString = beforeWithdrawing1.replaceAll("[^0-9]", ""): null

13-10-2024T23:27:37 - [TEST_STEP][PASSED] - thuHo = Integer.parseInt(numericString): null

13-10-2024T23:27:37 - [TEST_STEP][PASSED] - out.println("Thu ho " + thuHo): null

13-10-2024T23:27:37 - [TEST_STEP][PASSED] - Assert.assertEquals(xpath(xpathAccountName)).getText(), username): null

13-10-2024T23:27:38 - [TEST_STEP][PASSED] - xpath("//i[normalize-space()='money_off']")).click(): null

13-10-2024T23:27:38 - [TEST_STEP][PASSED] - wait.until(ExpectedConditions.visibilityOfElementLocated(By.xpath("//span[@class='filter-option pull-left'][normalize-space()='" + username + "']"))): null

13-10-2024T23:27:48 - [TEST_STEP][PASSED] - xpath(xpathViRut)).click(): null

13-10-2024T23:27:48 - [TEST_STEP][PASSED] - sleep(1000): null

13-10-2024T23:27:49 - [TEST_STEP][PASSED] - xpath(xpathOptionThuho)).click(): null

13-10-2024T23:27:50 - [TEST_STEP][PASSED] - xpath(xpathDay)).click(): null

13-10-2024T23:27:50 - [TEST_STEP][PASSED] - xpath(xpathToday)).click(): null

13-10-2024T23:27:51 - [TEST_STEP][PASSED] - xpath("//div[@class='btn btn-lg btn-primary waves-effect']")).click(): null

13-10-2024T23:27:51 - [TEST_STEP][PASSED] - try: null

13-10-2024T23:27:51 - [TEST_STEP][PASSED] - popupDS = wait.until(ExpectedConditions.visibilityOfElementLocated(By.xpath(xpathXacNhanKiDS))): null

13-10-2024T23:27:52 - [TEST_STEP][PASSED] - Assert.assertEquals(popupDS.getText(), "Đã tồn tại kỳ đối soát trước đó, Bạn có chắc chắn muốn tiếp tục thực hiện giao dịch?"): null

13-10-2024T23:27:52 - [TEST_STEP][PASSED] - xpath(BtnOkXpath)).click(): null

13-10-2024T23:27:52 - [TEST_STEP][PASSED] - soDuKhaDung = driver.findElement(By.xpath(xpathSoDuKhaDung)): null

13-10-2024T23:27:52 - [TEST_STEP][PASSED] - value = soDuKhaDung.getAttribute("value"): null

13-10-2024T23:27:52 - [TEST_STEP][PASSED] - availableBalances = Integer.parseInt(value.replace(",", "")): null

13-10-2024T23:27:52 - [TEST_STEP][PASSED] - println("so du kha dung la: " + availableBalances): null

13-10-2024T23:27:52 - [TEST_STEP][PASSED] - amountTransaction = 2000000: null

13-10-2024T23:27:52 - [TEST_STEP][PASSED] - println("so du kha dung la: " + amountTransaction): null

13-10-2024T23:27:52 - [TEST_STEP][PASSED] - if (amountTransaction > availableBalances): null

13-10-2024T23:27:52 - [TEST_STEP][PASSED] - xpath("//input[@name='amount']")).sendKeys(String.valueOf(amountTransaction)): null

13-10-2024T23:27:53 - [TEST_STEP][PASSED] - xpath("//button[contains(text(),'Xác nhận')]")).click(): null

13-10-2024T23:27:53 - [TEST_STEP][PASSED] - approveButton = wait.until(ExpectedConditions.elementToBeClickable(By.xpath("//button[contains(text(),'VH DUYỆT GD RÚT LẦN 1')]"))): null

13-10-2024T23:27:54 - [TEST_STEP][PASSED] - js.executeScript("arguments[0].scrollIntoView(true);", approveButton): null

13-10-2024T23:27:55 - [TEST_STEP][PASSED] - approveButton.click(): null

13-10-2024T23:27:55 - [TEST_STEP][PASSED] - Thread.sleep(1000): null

13-10-2024T23:27:56 - [TEST_STEP][PASSED] - xpath("//button[contains(text(),'Đồng ý')]"))).click(): null

13-10-2024T23:27:56 - [TEST_STEP][PASSED] - xpath("//button[contains(text(),'Ok')]")).click(): null

13-10-2024T23:27:57 - [TEST_STEP][PASSED] - navigate().refresh(): null

13-10-2024T23:27:57 - [TEST_STEP][PASSED] - approveButton1 = wait.until(ExpectedConditions.elementToBeClickable(By.xpath("//button[contains(text(),'VH DUYỆT GD RÚT LẦN 2')]"))): null

13-10-2024T23:27:58 - [TEST_STEP][PASSED] - js.executeScript("arguments[0].scrollIntoView(true);", approveButton1): null

13-10-2024T23:27:58 - [TEST_STEP][PASSED] - approveButton1.click(): null

13-10-2024T23:27:58 - [TEST_STEP][PASSED] - Thread.sleep(1000): null

13-10-2024T23:27:59 - [TEST_STEP][PASSED] - xpath("//button[contains(text(),'Đồng ý')]")).click(): null

13-10-2024T23:28:00 - [TEST_STEP][PASSED] - xpath("//button[contains(text(),'Ok')]")).click(): null

13-10-2024T23:28:00 - [TEST_STEP][PASSED] - navigate().refresh(): null

13-10-2024T23:28:01 - [TEST_STEP][PASSED] - approveButton2 = wait.until(ExpectedConditions.elementToBeClickable(By.xpath("//button[contains(text(),'KT DUYỆT GD RÚT LẦN 1')]"))): null

13-10-2024T23:28:02 - [TEST_STEP][PASSED] - js.executeScript("arguments[0].scrollIntoView(true);", approveButton2): null

13-10-2024T23:28:02 - [TEST_STEP][PASSED] - approveButton2.click(): null

13-10-2024T23:28:02 - [TEST_STEP][PASSED] - Thread.sleep(1000): null

13-10-2024T23:28:03 - [TEST_STEP][PASSED] - xpath("//button[contains(text(),'Đồng ý')]")).click(): null

13-10-2024T23:28:03 - [TEST_STEP][PASSED] - xpath("//button[contains(text(),'Ok')]")).click(): null

13-10-2024T23:28:05 - [TEST_STEP][PASSED] - navigate().refresh(): null

13-10-2024T23:28:05 - [TEST_STEP][PASSED] - approveButton3 = wait.until(ExpectedConditions.elementToBeClickable(By.xpath("//button[contains(text(),'KT DUYỆT GD RÚT LẦN 2')]"))): null

13-10-2024T23:28:07 - [TEST_STEP][PASSED] - js.executeScript("arguments[0].scrollIntoView(true);", approveButton3): null

13-10-2024T23:28:07 - [TEST_STEP][PASSED] - approveButton3.click(): null

13-10-2024T23:28:07 - [TEST_STEP][PASSED] - Thread.sleep(1000): null

13-10-2024T23:28:08 - [TEST_STEP][PASSED] - xpath("//button[contains(text(),'Đồng ý')]")).click(): null

13-10-2024T23:28:08 - [TEST_STEP][PASSED] - xpath("//button[contains(text(),'Ok')]")).click(): null

13-10-2024T23:28:10 - [TEST_STEP][PASSED] - callTestCase(findTestCase("Test Cases/Quản lý tài khoản merchant/Quản lý danh sách tài khoản/CustomeFuncRutTien"), [:], STOP_ON_FAILURE): Call Test Case 'Test Cases/Quản lý tài khoản merchant/Quản lý danh sách tài khoản/CustomeFuncRutTien' successfully

13-10-2024T23:28:10 - [TEST_CASE][PASSED] - Test Cases/Quản lý tài khoản merchant/Quản lý danh sách tài khoản/CustomeFuncRutTien: Test Cases/Quản lý tài khoản merchant/Quản lý danh sách tài khoản/CustomeFuncRutTien

13-10-2024T23:28:10 - [TEST_STEP][PASSED] - driver = getWebDriver(): null

13-10-2024T23:28:10 - [TEST_STEP][PASSED] - sleep(2000): null

13-10-2024T23:28:12 - [TEST_STEP][PASSED] - element1 = driver.findElement(By.xpath(xpathManagerMC)): null

13-10-2024T23:28:12 - [TEST_STEP][PASSED] - actions = new org.openqa.selenium.interactions.Actions(driver): null

13-10-2024T23:28:12 - [TEST_STEP][PASSED] - click().perform(): null

13-10-2024T23:28:12 - [TEST_STEP][PASSED] - wait = new org.openqa.selenium.support.ui.WebDriverWait(com.kms.katalon.core.webui.driver.DriverFactory.getWebDriver(), 15): null

13-10-2024T23:28:12 - [TEST_STEP][PASSED] - element2 = wait.until(ExpectedConditions.elementToBeClickable(By.xpath(xpathManagerListAccount))): null

13-10-2024T23:28:12 - [TEST_STEP][PASSED] - click().perform(): null

13-10-2024T23:28:13 - [MESSAGE][PASSED] - Call Test Case 'Test Cases/Quản lý tài khoản merchant/Quản lý danh sách tài khoản/CustomeFuncRutTien' successfully

13-10-2024T23:28:13 - [TEST_STEP][PASSED] - xpath("//span[contains(text(),'Tài khoản')]")).click(): null

13-10-2024T23:28:16 - [TEST_STEP][PASSED] - xpath("(//input[@type='text'])[2]")).sendKeys(username): null

13-10-2024T23:28:16 - [TEST_STEP][PASSED] - xpath(xpathOption)).click(): null

13-10-2024T23:28:16 - [TEST_STEP][PASSED] - xpath(xpathBtnSearch)).click(): null

13-10-2024T23:28:17 - [TEST_STEP][PASSED] - afterWithdraw = driver.findElement(By.xpath("//strong[contains(text(),'Thu hộ:')]")): null

13-10-2024T23:28:18 - [TEST_STEP][PASSED] - script1 = "return arguments[0].nextSibling.textContent;": null

13-10-2024T23:28:18 - [TEST_STEP][PASSED] - afterWithdraw1 = js.executeScript(script1, afterWithdraw): null

13-10-2024T23:28:18 - [TEST_STEP][PASSED] - numericString1 = afterWithdraw1.replaceAll("[^0-9]", ""): null

13-10-2024T23:28:18 - [TEST_STEP][PASSED] - thuHo1 = Integer.parseInt(numericString1): null

13-10-2024T23:28:18 - [TEST_STEP][PASSED] - if (thuHo1 == thuHo - amountTransaction): Test case đã pass với số tiền chưa được trừ khỏi tài khoản.

13-10-2024T23:28:18 - [TEST_STEP][PASSED] - println("Số tiền đã đúng "): null

13-10-2024T23:28:18 - [TEST_STEP][PASSED] - markPassed("Test case đã pass với số tiền chưa được trừ khỏi tài khoản."): Test case đã pass với số tiền chưa được trừ khỏi tài khoản.

13-10-2024T23:28:18 - [MESSAGE][PASSED] - Test case đã pass với số tiền chưa được trừ khỏi tài khoản.

13-10-2024T23:28:18 - [TEST_STEP][PASSED] - Start listener action : sampleAfterTestCase: null

13-10-2024T23:28:18 - [TEST_STEP][PASSED] - testCaseId = testCaseContext.getTestCaseId(): null

13-10-2024T23:28:18 - [TEST_STEP][PASSED] - if (testCaseId == "Test Cases/Quản lý tài khoản merchant/Quản lý dịch vụ merchant/TC_13_Kiểm tra chức năng xác nhận cấu hình thay đổi VA"): null]]></system-out>
         <system-err><![CDATA[]]></system-err>
      </testcase>
      <testcase name="Test Cases/Quản lý tài khoản merchant/Quản lý danh sách tài khoản/Rút tiền/TC_08_Kiểm tra user chưa đăng ký dịch vụ và chọn kì đối soát chưa tồn tại" time="62.445" classname="Test Cases/Quản lý tài khoản merchant/Quản lý danh sách tài khoản/Rút tiền/TC_08_Kiểm tra user chưa đăng ký dịch vụ và chọn kì đối soát chưa tồn tại" status="PASSED">
         <system-out><![CDATA[13-10-2024T23:28:18 - [TEST_CASE][PASSED] - Test Cases/Quản lý tài khoản merchant/Quản lý danh sách tài khoản/Rút tiền/TC_08_Kiểm tra user chưa đăng ký dịch vụ và chọn kì đối soát chưa tồn tại: Test Cases/Quản lý tài khoản merchant/Quản lý danh sách tài khoản/Rút tiền/TC_08_Kiểm tra user chưa đăng ký dịch vụ và chọn kì đối soát chưa tồn tại

13-10-2024T23:28:18 - [TEST_STEP][PASSED] - Start listener action : sampleBeforeTestCase: Navigate to 'https://stg-cms-console.9pay.mobi/login' successfully

13-10-2024T23:28:18 - [TEST_STEP][PASSED] - testCaseId = testCaseContext.getTestCaseId(): null

13-10-2024T23:28:18 - [TEST_STEP][PASSED] - url = <not implemented yet for class: org.codehaus.groovy.ast.expr.EmptyExpression>: null

13-10-2024T23:28:18 - [TEST_STEP][PASSED] - if (testCaseId == "Test Cases/Quản lý tài khoản merchant/Quản lý dịch vụ merchant/TC_14_Kiểm tra thay đổi sau khi cấu hình VA trên MCV"): null

13-10-2024T23:28:18 - [TEST_STEP][PASSED] - else: null

13-10-2024T23:28:18 - [TEST_STEP][PASSED] - url = "https://stg-cms-console.9pay.mobi/login": null

13-10-2024T23:28:18 - [TEST_STEP][PASSED] - openBrowser(""): Browser is opened with url: ''

13-10-2024T23:28:18 - [MESSAGE][WARNING] - A browser is already opened. Closing browser and opening a new one

13-10-2024T23:28:18 - [MESSAGE][INFO] - Starting 'Chrome' driver

13-10-2024T23:28:18 - [MESSAGE][INFO] - Action delay is set to 0 milliseconds

13-10-2024T23:28:19 - [MESSAGE][PASSED] - Browser is opened with url: ''

13-10-2024T23:28:19 - [TEST_STEP][PASSED] - maximizeWindow(): Current window maximized

13-10-2024T23:28:19 - [MESSAGE][PASSED] - Current window maximized

13-10-2024T23:28:19 - [TEST_STEP][PASSED] - navigateToUrl(url): Navigate to 'https://stg-cms-console.9pay.mobi/login' successfully

13-10-2024T23:28:21 - [MESSAGE][PASSED] - Navigate to 'https://stg-cms-console.9pay.mobi/login' successfully

13-10-2024T23:28:21 - [TEST_STEP][PASSED] - driver = getWebDriver(): null

13-10-2024T23:28:21 - [TEST_STEP][PASSED] - callTestCase(findTestCase("Test Cases/Login/LoginCommon"), [:], STOP_ON_FAILURE): Call Test Case 'Test Cases/Login/LoginCommon' successfully

13-10-2024T23:28:21 - [TEST_CASE][PASSED] - Test Cases/Login/LoginCommon: Test Cases/Login/LoginCommon

13-10-2024T23:28:21 - [TEST_STEP][PASSED] - driver = getWebDriver(): null

13-10-2024T23:28:21 - [TEST_STEP][PASSED] - sendKeys(findTestObject("Quản lý tài khoản merchant/Quản lý dịch vụ merchant/userNameTextbox"), userAccount): Keys 'dannt@9pay.vn' sent to object: 'Object Repository/Quản lý tài khoản merchant/Quản lý dịch vụ merchant/userNameTextbox'

13-10-2024T23:28:21 - [MESSAGE][PASSED] - Keys 'dannt@9pay.vn' sent to object: 'Object Repository/Quản lý tài khoản merchant/Quản lý dịch vụ merchant/userNameTextbox'

13-10-2024T23:28:21 - [TEST_STEP][PASSED] - sendKeys(findTestObject("Quản lý tài khoản merchant/Quản lý dịch vụ merchant/passwordTextbox"), password): Keys 'dannt@9pay.vn' sent to object: 'Object Repository/Quản lý tài khoản merchant/Quản lý dịch vụ merchant/passwordTextbox'

13-10-2024T23:28:21 - [MESSAGE][PASSED] - Keys 'dannt@9pay.vn' sent to object: 'Object Repository/Quản lý tài khoản merchant/Quản lý dịch vụ merchant/passwordTextbox'

13-10-2024T23:28:21 - [TEST_STEP][PASSED] - click(findTestObject("Quản lý tài khoản merchant/Quản lý dịch vụ merchant/loginButton")): Object: 'Object Repository/Quản lý tài khoản merchant/Quản lý dịch vụ merchant/loginButton' is clicked on

13-10-2024T23:28:22 - [MESSAGE][PASSED] - Object: 'Object Repository/Quản lý tài khoản merchant/Quản lý dịch vụ merchant/loginButton' is clicked on

13-10-2024T23:28:22 - [MESSAGE][PASSED] - Call Test Case 'Test Cases/Login/LoginCommon' successfully

13-10-2024T23:28:22 - [TEST_STEP][PASSED] - waitForElementVisible(findTestObject("Trang chủ/userName"), 30, STOP_ON_FAILURE): Object 'Object Repository/Trang chủ/userName' is visible

13-10-2024T23:28:25 - [MESSAGE][PASSED] - Object 'Object Repository/Trang chủ/userName' is visible

13-10-2024T23:28:25 - [TEST_STEP][PASSED] - click(findTestObject("Quản lý tài khoản merchant/menuManagerMerchantAccount")): Object: 'Object Repository/Quản lý tài khoản merchant/menuManagerMerchantAccount' is clicked on

13-10-2024T23:28:26 - [MESSAGE][PASSED] - Object: 'Object Repository/Quản lý tài khoản merchant/menuManagerMerchantAccount' is clicked on

13-10-2024T23:28:26 - [TEST_STEP][PASSED] - waitForElementVisible(findTestObject("Quản lý tài khoản merchant/Quản lý dịch vụ merchant/menuManagerMerchantService"), 30, STOP_ON_FAILURE): Object 'Object Repository/Quản lý tài khoản merchant/Quản lý dịch vụ merchant/menuManagerMerchantService' is visible

13-10-2024T23:28:26 - [MESSAGE][PASSED] - Object 'Object Repository/Quản lý tài khoản merchant/Quản lý dịch vụ merchant/menuManagerMerchantService' is visible

13-10-2024T23:28:26 - [TEST_STEP][PASSED] - wait = new org.openqa.selenium.support.ui.WebDriverWait(com.kms.katalon.core.webui.driver.DriverFactory.getWebDriver(), 30): null

13-10-2024T23:28:26 - [TEST_STEP][PASSED] - menuManagerUserAccount = wait.until(ExpectedConditions.elementToBeClickable(By.xpath(xpathManagerListAccount))): null

13-10-2024T23:28:26 - [TEST_STEP][PASSED] - menuManagerUserAccount.click(): null

13-10-2024T23:28:26 - [TEST_STEP][PASSED] - userCode = wait.until(ExpectedConditions.visibilityOfElementLocated(By.xpath(xpathUserCode))): null

13-10-2024T23:28:29 - [TEST_STEP][PASSED] - println(userCode.getText()): null

13-10-2024T23:28:29 - [TEST_STEP][PASSED] - accountBtn = wait.until(ExpectedConditions.elementToBeClickable(By.xpath(xpathBtnAccount))): null

13-10-2024T23:28:30 - [TEST_STEP][PASSED] - accountBtn.click(): null

13-10-2024T23:28:30 - [TEST_STEP][PASSED] - searchTextbox = wait.until(ExpectedConditions.elementToBeClickable(By.xpath(xpathSearchTextbox))): null

13-10-2024T23:28:30 - [TEST_STEP][PASSED] - searchTextbox.sendKeys(username): null

13-10-2024T23:28:30 - [TEST_STEP][PASSED] - xpath(xpathOption)).click(): null

13-10-2024T23:28:30 - [TEST_STEP][PASSED] - xpath(xpathBtnSearch)).click(): null

13-10-2024T23:28:31 - [TEST_STEP][PASSED] - Assert.assertEquals(xpath(xpathAccountName)).getText(), username): null

13-10-2024T23:28:32 - [TEST_STEP][PASSED] - xpath(xpathBtnRutTien)).click(): null

13-10-2024T23:28:32 - [TEST_STEP][PASSED] - wait.until(ExpectedConditions.visibilityOfElementLocated(By.xpath(xpathUser))): null

13-10-2024T23:28:35 - [TEST_STEP][PASSED] - xpath(xpathUser)).click(): null

13-10-2024T23:28:35 - [TEST_STEP][PASSED] - xpath(xpathUser2)).sendKeys("dannt21"): null

13-10-2024T23:28:36 - [TEST_STEP][PASSED] - xpath(xpathUserClicked)).click(): null

13-10-2024T23:28:36 - [TEST_STEP][PASSED] - xpath(xpathViRut)).click(): null

13-10-2024T23:28:44 - [TEST_STEP][PASSED] - sleep(1000): null

13-10-2024T23:28:45 - [TEST_STEP][PASSED] - xpath(xpathOptionThuho)).click(): null

13-10-2024T23:28:46 - [TEST_STEP][PASSED] - xpath(xpathDay)).click(): null

13-10-2024T23:28:46 - [TEST_STEP][PASSED] - xpath(xpathToday)).click(): null

13-10-2024T23:28:47 - [TEST_STEP][PASSED] - xpath(xpathDayClicked)).click(): null

13-10-2024T23:28:47 - [TEST_STEP][PASSED] - try: null

13-10-2024T23:28:47 - [TEST_STEP][PASSED] - popupDS = wait.until(ExpectedConditions.visibilityOfElementLocated(By.xpath(xpathXacNhanKiDS))): null

13-10-2024T23:29:17 - [TEST_STEP][PASSED] - catch (org.openqa.selenium.TimeoutException e): null

13-10-2024T23:29:17 - [TEST_STEP][PASSED] - println("Popup không xuất hiện, tiếp tục thực hiện giao dịch."): null

13-10-2024T23:29:17 - [TEST_STEP][PASSED] - xpath(xpathFieldAmount)).sendKeys(amount): null

13-10-2024T23:29:18 - [TEST_STEP][PASSED] - xpath(xpathConfirm)).click(): null

13-10-2024T23:29:18 - [TEST_STEP][PASSED] - sleep(2000): null

13-10-2024T23:29:20 - [TEST_STEP][PASSED] - Assert.assertEquals(xpath(xpathError1)).getText(), "Tài khoản không đủ tiền để rút"): null

13-10-2024T23:29:20 - [TEST_STEP][PASSED] - Start listener action : sampleAfterTestCase: null

13-10-2024T23:29:20 - [TEST_STEP][PASSED] - testCaseId = testCaseContext.getTestCaseId(): null

13-10-2024T23:29:20 - [TEST_STEP][PASSED] - if (testCaseId == "Test Cases/Quản lý tài khoản merchant/Quản lý dịch vụ merchant/TC_13_Kiểm tra chức năng xác nhận cấu hình thay đổi VA"): null]]></system-out>
         <system-err><![CDATA[]]></system-err>
      </testcase>
      <testcase name="Test Cases/Quản lý tài khoản merchant/Quản lý danh sách tài khoản/Rút tiền/TC_09_Kiểm tra user rút tiền và sử dụng dịch vụ chi hộ" time="62.597" classname="Test Cases/Quản lý tài khoản merchant/Quản lý danh sách tài khoản/Rút tiền/TC_09_Kiểm tra user rút tiền và sử dụng dịch vụ chi hộ" status="PASSED">
         <system-out><![CDATA[13-10-2024T23:29:20 - [TEST_CASE][PASSED] - Test Cases/Quản lý tài khoản merchant/Quản lý danh sách tài khoản/Rút tiền/TC_09_Kiểm tra user rút tiền và sử dụng dịch vụ chi hộ: Test Cases/Quản lý tài khoản merchant/Quản lý danh sách tài khoản/Rút tiền/TC_09_Kiểm tra user rút tiền và sử dụng dịch vụ chi hộ

13-10-2024T23:29:20 - [TEST_STEP][PASSED] - Start listener action : sampleBeforeTestCase: Navigate to 'https://stg-cms-console.9pay.mobi/login' successfully

13-10-2024T23:29:20 - [TEST_STEP][PASSED] - testCaseId = testCaseContext.getTestCaseId(): null

13-10-2024T23:29:20 - [TEST_STEP][PASSED] - url = <not implemented yet for class: org.codehaus.groovy.ast.expr.EmptyExpression>: null

13-10-2024T23:29:20 - [TEST_STEP][PASSED] - if (testCaseId == "Test Cases/Quản lý tài khoản merchant/Quản lý dịch vụ merchant/TC_14_Kiểm tra thay đổi sau khi cấu hình VA trên MCV"): null

13-10-2024T23:29:20 - [TEST_STEP][PASSED] - else: null

13-10-2024T23:29:20 - [TEST_STEP][PASSED] - url = "https://stg-cms-console.9pay.mobi/login": null

13-10-2024T23:29:20 - [TEST_STEP][PASSED] - openBrowser(""): Browser is opened with url: ''

13-10-2024T23:29:20 - [MESSAGE][WARNING] - A browser is already opened. Closing browser and opening a new one

13-10-2024T23:29:20 - [MESSAGE][INFO] - Starting 'Chrome' driver

13-10-2024T23:29:20 - [MESSAGE][INFO] - Action delay is set to 0 milliseconds

13-10-2024T23:29:21 - [MESSAGE][PASSED] - Browser is opened with url: ''

13-10-2024T23:29:21 - [TEST_STEP][PASSED] - maximizeWindow(): Current window maximized

13-10-2024T23:29:21 - [MESSAGE][PASSED] - Current window maximized

13-10-2024T23:29:21 - [TEST_STEP][PASSED] - navigateToUrl(url): Navigate to 'https://stg-cms-console.9pay.mobi/login' successfully

13-10-2024T23:29:23 - [MESSAGE][PASSED] - Navigate to 'https://stg-cms-console.9pay.mobi/login' successfully

13-10-2024T23:29:23 - [TEST_STEP][PASSED] - driver = getWebDriver(): null

13-10-2024T23:29:23 - [TEST_STEP][PASSED] - js = driver: null

13-10-2024T23:29:23 - [TEST_STEP][PASSED] - callTestCase(findTestCase("Test Cases/Login/LoginCommon"), [:], STOP_ON_FAILURE): Call Test Case 'Test Cases/Login/LoginCommon' successfully

13-10-2024T23:29:23 - [TEST_CASE][PASSED] - Test Cases/Login/LoginCommon: Test Cases/Login/LoginCommon

13-10-2024T23:29:23 - [TEST_STEP][PASSED] - driver = getWebDriver(): null

13-10-2024T23:29:23 - [TEST_STEP][PASSED] - sendKeys(findTestObject("Quản lý tài khoản merchant/Quản lý dịch vụ merchant/userNameTextbox"), userAccount): Keys 'dannt@9pay.vn' sent to object: 'Object Repository/Quản lý tài khoản merchant/Quản lý dịch vụ merchant/userNameTextbox'

13-10-2024T23:29:24 - [MESSAGE][PASSED] - Keys 'dannt@9pay.vn' sent to object: 'Object Repository/Quản lý tài khoản merchant/Quản lý dịch vụ merchant/userNameTextbox'

13-10-2024T23:29:24 - [TEST_STEP][PASSED] - sendKeys(findTestObject("Quản lý tài khoản merchant/Quản lý dịch vụ merchant/passwordTextbox"), password): Keys 'dannt@9pay.vn' sent to object: 'Object Repository/Quản lý tài khoản merchant/Quản lý dịch vụ merchant/passwordTextbox'

13-10-2024T23:29:24 - [MESSAGE][PASSED] - Keys 'dannt@9pay.vn' sent to object: 'Object Repository/Quản lý tài khoản merchant/Quản lý dịch vụ merchant/passwordTextbox'

13-10-2024T23:29:24 - [TEST_STEP][PASSED] - click(findTestObject("Quản lý tài khoản merchant/Quản lý dịch vụ merchant/loginButton")): Object: 'Object Repository/Quản lý tài khoản merchant/Quản lý dịch vụ merchant/loginButton' is clicked on

13-10-2024T23:29:24 - [MESSAGE][PASSED] - Object: 'Object Repository/Quản lý tài khoản merchant/Quản lý dịch vụ merchant/loginButton' is clicked on

13-10-2024T23:29:24 - [MESSAGE][PASSED] - Call Test Case 'Test Cases/Login/LoginCommon' successfully

13-10-2024T23:29:24 - [TEST_STEP][PASSED] - waitForElementVisible(findTestObject("Trang chủ/userName"), 30, STOP_ON_FAILURE): Object 'Object Repository/Trang chủ/userName' is visible

13-10-2024T23:29:26 - [MESSAGE][PASSED] - Object 'Object Repository/Trang chủ/userName' is visible

13-10-2024T23:29:26 - [TEST_STEP][PASSED] - click(findTestObject("Quản lý tài khoản merchant/menuManagerMerchantAccount")): Object: 'Object Repository/Quản lý tài khoản merchant/menuManagerMerchantAccount' is clicked on

13-10-2024T23:29:27 - [MESSAGE][PASSED] - Object: 'Object Repository/Quản lý tài khoản merchant/menuManagerMerchantAccount' is clicked on

13-10-2024T23:29:27 - [TEST_STEP][PASSED] - waitForElementVisible(findTestObject("Quản lý tài khoản merchant/Quản lý dịch vụ merchant/menuManagerMerchantService"), 30, STOP_ON_FAILURE): Object 'Object Repository/Quản lý tài khoản merchant/Quản lý dịch vụ merchant/menuManagerMerchantService' is visible

13-10-2024T23:29:28 - [MESSAGE][PASSED] - Object 'Object Repository/Quản lý tài khoản merchant/Quản lý dịch vụ merchant/menuManagerMerchantService' is visible

13-10-2024T23:29:28 - [TEST_STEP][PASSED] - wait = new org.openqa.selenium.support.ui.WebDriverWait(com.kms.katalon.core.webui.driver.DriverFactory.getWebDriver(), internal.GlobalVariable.waitSecond): null

13-10-2024T23:29:28 - [TEST_STEP][PASSED] - menuManagerUserAccount = wait.until(ExpectedConditions.elementToBeClickable(By.xpath(xpathManagerListAccount))): null

13-10-2024T23:29:28 - [TEST_STEP][PASSED] - menuManagerUserAccount.click(): null

13-10-2024T23:29:28 - [TEST_STEP][PASSED] - userCode = wait.until(ExpectedConditions.visibilityOfElementLocated(By.xpath(xpathUserCode))): null

13-10-2024T23:29:31 - [TEST_STEP][PASSED] - println(userCode.getText()): null

13-10-2024T23:29:31 - [TEST_STEP][PASSED] - accountBtn = wait.until(ExpectedConditions.elementToBeClickable(By.xpath(xpathBtnAccount))): null

13-10-2024T23:29:31 - [TEST_STEP][PASSED] - accountBtn.click(): null

13-10-2024T23:29:31 - [TEST_STEP][PASSED] - searchTextbox = wait.until(ExpectedConditions.elementToBeClickable(By.xpath(xpathSearchTextbox))): null

13-10-2024T23:29:32 - [TEST_STEP][PASSED] - searchTextbox.sendKeys(username): null

13-10-2024T23:29:32 - [TEST_STEP][PASSED] - xpath(xpathOption)).click(): null

13-10-2024T23:29:32 - [TEST_STEP][PASSED] - xpath(xpathBtnSearch)).click(): null

13-10-2024T23:29:33 - [TEST_STEP][PASSED] - Assert.assertEquals(xpath(xpathAccountName)).getText(), username): null

13-10-2024T23:29:34 - [TEST_STEP][PASSED] - xpath(xpathBtnRutTien)).click(): null

13-10-2024T23:29:34 - [TEST_STEP][PASSED] - wait.until(ExpectedConditions.visibilityOfElementLocated(By.xpath(xpathUser))): null

13-10-2024T23:29:44 - [TEST_STEP][PASSED] - xpath(xpathViRut)).click(): null

13-10-2024T23:29:44 - [TEST_STEP][PASSED] - sleep(1000): null

13-10-2024T23:29:45 - [TEST_STEP][PASSED] - xpath(xpathOptionThuho)).click(): null

13-10-2024T23:29:45 - [TEST_STEP][PASSED] - xpath(xpathDay)).click(): null

13-10-2024T23:29:46 - [TEST_STEP][PASSED] - xpath(xpathToday)).click(): null

13-10-2024T23:29:46 - [TEST_STEP][PASSED] - xpath(xpathDayClicked)).click(): null

13-10-2024T23:29:47 - [TEST_STEP][PASSED] - try: null

13-10-2024T23:29:47 - [TEST_STEP][PASSED] - popupDS = wait.until(ExpectedConditions.visibilityOfElementLocated(By.xpath(xpathXacNhanKiDS))): null

13-10-2024T23:29:47 - [TEST_STEP][PASSED] - Assert.assertEquals(popupDS.getText(), "Đã tồn tại kỳ đối soát trước đó, Bạn có chắc chắn muốn tiếp tục thực hiện giao dịch?"): null

13-10-2024T23:29:47 - [TEST_STEP][PASSED] - xpath(BtnOkXpath)).click(): null

13-10-2024T23:29:48 - [TEST_STEP][PASSED] - soDuVi = driver.findElement(By.xpath("//label[contains(text(),'Số dư Ví')]/following::input[1]")): null

13-10-2024T23:29:48 - [TEST_STEP][PASSED] - inputValue = soDuVi.getAttribute("value"): null

13-10-2024T23:29:48 - [TEST_STEP][PASSED] - numericString = inputValue.replaceAll("[^0-9]", ""): null

13-10-2024T23:29:48 - [TEST_STEP][PASSED] - walletBalance = Integer.parseInt(numericString): null

13-10-2024T23:29:48 - [TEST_STEP][PASSED] - out.println(walletBalance): null

13-10-2024T23:29:48 - [TEST_STEP][PASSED] - xpath(xpathFieldAmount)).sendKeys(amount): null

13-10-2024T23:29:48 - [TEST_STEP][PASSED] - xpath("//label[contains(text(),'Sử dụng dịch vụ chi hộ')]")).click(): null

13-10-2024T23:29:49 - [TEST_STEP][PASSED] - xpath(xpathConfirm)).click(): null

13-10-2024T23:29:49 - [TEST_STEP][PASSED] - testText = wait.until(ExpectedConditions.visibilityOfElementLocated(By.xpath(UserPayIn))): null

13-10-2024T23:29:50 - [TEST_STEP][PASSED] - text1 = split("\n")[0].trim(): null

13-10-2024T23:29:50 - [TEST_STEP][PASSED] - Assert.assertEquals(text1, "Sử dụng chi hộ"): null

13-10-2024T23:29:50 - [TEST_STEP][PASSED] - approveButton = wait.until(ExpectedConditions.elementToBeClickable(By.xpath("//button[contains(text(),'VH DUYỆT GD RÚT LẦN 1')]"))): null

13-10-2024T23:29:51 - [TEST_STEP][PASSED] - js.executeScript("arguments[0].scrollIntoView(true);", approveButton): null

13-10-2024T23:29:51 - [TEST_STEP][PASSED] - approveButton.click(): null

13-10-2024T23:29:51 - [TEST_STEP][PASSED] - Thread.sleep(1000): null

13-10-2024T23:29:52 - [TEST_STEP][PASSED] - xpath(BtnOkXpath))).click(): null

13-10-2024T23:29:52 - [TEST_STEP][PASSED] - xpath(xpathBtnOk)).click(): null

13-10-2024T23:29:53 - [TEST_STEP][PASSED] - navigate().refresh(): null

13-10-2024T23:29:53 - [TEST_STEP][PASSED] - approveButton1 = wait.until(ExpectedConditions.elementToBeClickable(By.xpath("//button[contains(text(),'VH DUYỆT GD RÚT LẦN 2')]"))): null

13-10-2024T23:29:54 - [TEST_STEP][PASSED] - js.executeScript("arguments[0].scrollIntoView(true);", approveButton1): null

13-10-2024T23:29:54 - [TEST_STEP][PASSED] - approveButton1.click(): null

13-10-2024T23:29:54 - [TEST_STEP][PASSED] - Thread.sleep(1000): null

13-10-2024T23:29:55 - [TEST_STEP][PASSED] - xpath(BtnOkXpath)).click(): null

13-10-2024T23:29:55 - [TEST_STEP][PASSED] - xpath(xpathBtnOk)).click(): null

13-10-2024T23:29:56 - [TEST_STEP][PASSED] - navigate().refresh(): null

13-10-2024T23:29:56 - [TEST_STEP][PASSED] - approveButton2 = wait.until(ExpectedConditions.elementToBeClickable(By.xpath("//button[contains(text(),'KT DUYỆT GD RÚT LẦN 1')]"))): null

13-10-2024T23:29:57 - [TEST_STEP][PASSED] - js.executeScript("arguments[0].scrollIntoView(true);", approveButton2): null

13-10-2024T23:29:57 - [TEST_STEP][PASSED] - approveButton2.click(): null

13-10-2024T23:29:57 - [TEST_STEP][PASSED] - Thread.sleep(1000): null

13-10-2024T23:29:58 - [TEST_STEP][PASSED] - xpath(BtnOkXpath)).click(): null

13-10-2024T23:29:58 - [TEST_STEP][PASSED] - xpath(xpathBtnOk)).click(): null

13-10-2024T23:29:59 - [TEST_STEP][PASSED] - navigate().refresh(): null

13-10-2024T23:30:00 - [TEST_STEP][PASSED] - approveButton3 = wait.until(ExpectedConditions.elementToBeClickable(By.xpath("//button[contains(text(),'KT DUYỆT GD RÚT LẦN 2')]"))): null

13-10-2024T23:30:01 - [TEST_STEP][PASSED] - js.executeScript("arguments[0].scrollIntoView(true);", approveButton3): null

13-10-2024T23:30:01 - [TEST_STEP][PASSED] - approveButton3.click(): null

13-10-2024T23:30:01 - [TEST_STEP][PASSED] - Thread.sleep(1000): null

13-10-2024T23:30:02 - [TEST_STEP][PASSED] - xpath(BtnOkXpath)).click(): null

13-10-2024T23:30:02 - [TEST_STEP][PASSED] - xpath(xpathBtnOk)).click(): null

13-10-2024T23:30:04 - [TEST_STEP][PASSED] - callTestCase(findTestCase("Test Cases/Quản lý tài khoản merchant/Quản lý danh sách tài khoản/CustomeFuncRutTien"), [:], STOP_ON_FAILURE): Call Test Case 'Test Cases/Quản lý tài khoản merchant/Quản lý danh sách tài khoản/CustomeFuncRutTien' successfully

13-10-2024T23:30:04 - [TEST_CASE][PASSED] - Test Cases/Quản lý tài khoản merchant/Quản lý danh sách tài khoản/CustomeFuncRutTien: Test Cases/Quản lý tài khoản merchant/Quản lý danh sách tài khoản/CustomeFuncRutTien

13-10-2024T23:30:04 - [TEST_STEP][PASSED] - driver = getWebDriver(): null

13-10-2024T23:30:04 - [TEST_STEP][PASSED] - sleep(2000): null

13-10-2024T23:30:06 - [TEST_STEP][PASSED] - element1 = driver.findElement(By.xpath(xpathManagerMC)): null

13-10-2024T23:30:07 - [TEST_STEP][PASSED] - actions = new org.openqa.selenium.interactions.Actions(driver): null

13-10-2024T23:30:07 - [TEST_STEP][PASSED] - click().perform(): null

13-10-2024T23:30:07 - [TEST_STEP][PASSED] - wait = new org.openqa.selenium.support.ui.WebDriverWait(com.kms.katalon.core.webui.driver.DriverFactory.getWebDriver(), 15): null

13-10-2024T23:30:07 - [TEST_STEP][PASSED] - element2 = wait.until(ExpectedConditions.elementToBeClickable(By.xpath(xpathManagerListAccount))): null

13-10-2024T23:30:07 - [TEST_STEP][PASSED] - click().perform(): null

13-10-2024T23:30:07 - [MESSAGE][PASSED] - Call Test Case 'Test Cases/Quản lý tài khoản merchant/Quản lý danh sách tài khoản/CustomeFuncRutTien' successfully

13-10-2024T23:30:07 - [TEST_STEP][PASSED] - xpath("//span[contains(text(),'Tài khoản')]")).click(): null

13-10-2024T23:30:21 - [TEST_STEP][PASSED] - xpath("(//input[@type='text'])[2]")).sendKeys(username): null

13-10-2024T23:30:21 - [TEST_STEP][PASSED] - xpath(xpathOption)).click(): null

13-10-2024T23:30:21 - [TEST_STEP][PASSED] - xpath(xpathBtnSearch)).click(): null

13-10-2024T23:30:22 - [TEST_STEP][PASSED] - afterWithdraw = driver.findElement(By.xpath("//strong[contains(text(),'Thu hộ:')]")): null

13-10-2024T23:30:23 - [TEST_STEP][PASSED] - script1 = "return arguments[0].nextSibling.textContent;": null

13-10-2024T23:30:23 - [TEST_STEP][PASSED] - afterWithdraw1 = js.executeScript(script1, afterWithdraw): null

13-10-2024T23:30:23 - [TEST_STEP][PASSED] - numericString1 = afterWithdraw1.replaceAll("[^0-9]", ""): null

13-10-2024T23:30:23 - [TEST_STEP][PASSED] - thuHo1 = Integer.parseInt(numericString1): null

13-10-2024T23:30:23 - [TEST_STEP][PASSED] - amountTransaction1 = Integer.parseInt(amount): null

13-10-2024T23:30:23 - [TEST_STEP][PASSED] - if (thuHo1 == walletBalance - amountTransaction1): Test case đã pass với số tiền chưa được trừ khỏi tài khoản.

13-10-2024T23:30:23 - [TEST_STEP][PASSED] - println("Số tiền đã đúng "): null

13-10-2024T23:30:23 - [TEST_STEP][PASSED] - markPassed("Test case đã pass với số tiền chưa được trừ khỏi tài khoản."): Test case đã pass với số tiền chưa được trừ khỏi tài khoản.

13-10-2024T23:30:23 - [MESSAGE][PASSED] - Test case đã pass với số tiền chưa được trừ khỏi tài khoản.

13-10-2024T23:30:23 - [TEST_STEP][PASSED] - Start listener action : sampleAfterTestCase: null

13-10-2024T23:30:23 - [TEST_STEP][PASSED] - testCaseId = testCaseContext.getTestCaseId(): null

13-10-2024T23:30:23 - [TEST_STEP][PASSED] - if (testCaseId == "Test Cases/Quản lý tài khoản merchant/Quản lý dịch vụ merchant/TC_13_Kiểm tra chức năng xác nhận cấu hình thay đổi VA"): null]]></system-out>
         <system-err><![CDATA[]]></system-err>
      </testcase>
      <testcase name="Test Cases/Quản lý tài khoản merchant/Quản lý danh sách tài khoản/Rút tiền/TC_10_Kiểm tra khi rút tiền số tiền lớn hơn số tiền có thể rút do tạm giữ" time="38.648" classname="Test Cases/Quản lý tài khoản merchant/Quản lý danh sách tài khoản/Rút tiền/TC_10_Kiểm tra khi rút tiền số tiền lớn hơn số tiền có thể rút do tạm giữ" status="ERROR">
         <error type="ERROR" message="Test Cases/Quản lý tài khoản merchant/Quản lý danh sách tài khoản/Rút tiền/TC_10_Kiểm tra khi rút tiền số tiền lớn hơn số tiền có thể rút do tạm giữ FAILED.&#xa;Reason:&#xa;org.openqa.selenium.NoSuchElementException: no such element: Unable to locate element: {&quot;method&quot;:&quot;xpath&quot;,&quot;selector&quot;:&quot;//p[contains(text(),'Số tiền rút không được lớn hơn 197,499,423VNĐ')]&quot;}&#xa;  (Session info: chrome=129.0.6668.91)&#xa;For documentation on this error, please visit: https://www.seleniumhq.org/exceptions/no_such_element.html&#xa;Build info: version: '3.141.59', revision: 'unknown', time: 'unknown'&#xa;System info: host: 'Aidan', ip: '2405:4803:fd90:9ef0:35c5:6ea1:b1e8:64e8%en0', os.name: 'Mac OS X', os.arch: 'aarch64', os.version: '15.0.1', java.version: '17.0.7'&#xa;Driver info: com.kms.katalon.selenium.driver.CChromeDriver&#xa;Capabilities {acceptInsecureCerts: false, browserName: chrome, browserVersion: 129.0.6668.91, chrome: {chromedriverVersion: 128.0.6613.84 (606aa55c7d68..., userDataDir: /var/folders/t5/b7k67ybj7gz...}, fedcm:accounts: true, goog:chromeOptions: {debuggerAddress: localhost:52660}, javascriptEnabled: true, networkConnectionEnabled: false, pageLoadStrategy: normal, platform: MAC, platformName: MAC, proxy: Proxy(), setWindowRect: true, strictFileInteractability: false, timeouts: {implicit: 0, pageLoad: 300000, script: 30000}, unhandledPromptBehavior: dismiss and notify, webauthn:extension:credBlob: true, webauthn:extension:largeBlob: true, webauthn:extension:minPinLength: true, webauthn:extension:prf: true, webauthn:virtualAuthenticators: true}&#xa;Session ID: b4121e46232774f3f553023ed0e898d0&#xa;*** Element info: {Using=xpath, value=//p[contains(text(),'Số tiền rút không được lớn hơn 197,499,423VNĐ')]}&#xa;	at jdk.internal.reflect.GeneratedConstructorAccessor22.newInstance(Unknown Source)&#xa;	at java.base/jdk.internal.reflect.DelegatingConstructorAccessorImpl.newInstance(DelegatingConstructorAccessorImpl.java:45)&#xa;	at org.openqa.selenium.remote.http.W3CHttpResponseCodec.createException(W3CHttpResponseCodec.java:187)&#xa;	at org.openqa.selenium.remote.http.W3CHttpResponseCodec.decode(W3CHttpResponseCodec.java:122)&#xa;	at org.openqa.selenium.remote.http.W3CHttpResponseCodec.decode(W3CHttpResponseCodec.java:49)&#xa;	at org.openqa.selenium.remote.HttpCommandExecutor.execute(HttpCommandExecutor.java:158)&#xa;	at org.openqa.selenium.remote.service.DriverCommandExecutor.execute(DriverCommandExecutor.java:83)&#xa;	at org.openqa.selenium.remote.RemoteWebDriver.execute(RemoteWebDriver.java:552)&#xa;	at com.kms.katalon.selenium.driver.CChromeDriver.execute(CChromeDriver.java:19)&#xa;	at org.openqa.selenium.remote.RemoteWebDriver.findElement(RemoteWebDriver.java:323)&#xa;	at org.openqa.selenium.remote.RemoteWebDriver.findElementByXPath(RemoteWebDriver.java:428)&#xa;	at org.openqa.selenium.By$ByXPath.findElement(By.java:353)&#xa;	at org.openqa.selenium.remote.RemoteWebDriver.findElement(RemoteWebDriver.java:315)&#xa;	at jdk.internal.reflect.GeneratedMethodAccessor9.invoke(Unknown Source)&#xa;	at java.base/jdk.internal.reflect.DelegatingMethodAccessorImpl.invoke(DelegatingMethodAccessorImpl.java:43)&#xa;	at org.openqa.selenium.support.events.EventFiringWebDriver.lambda$new$1(EventFiringWebDriver.java:105)&#xa;	at jdk.proxy2/jdk.proxy2.$Proxy22.findElement(Unknown Source)&#xa;	at org.openqa.selenium.support.events.EventFiringWebDriver.findElement(EventFiringWebDriver.java:194)&#xa;	at TC_10_Kiểm tra khi rút tiền số tiền lớn hơn số tiền có thể rút do tạm giữ.run(TC_10_Kiểm tra khi rút tiền số tiền lớn hơn số tiền có thể rút do tạm giữ:94)&#xa;	at com.kms.katalon.core.main.ScriptEngine.run(ScriptEngine.java:194)&#xa;	at com.kms.katalon.core.main.ScriptEngine.runScriptAsRawText(ScriptEngine.java:119)&#xa;	at com.kms.katalon.core.main.TestCaseExecutor.runScript(TestCaseExecutor.java:448)&#xa;	at com.kms.katalon.core.main.TestCaseExecutor.doExecute(TestCaseExecutor.java:439)&#xa;	at com.kms.katalon.core.main.TestCaseExecutor.processExecutionPhase(TestCaseExecutor.java:418)&#xa;	at com.kms.katalon.core.main.TestCaseExecutor.accessMainPhase(TestCaseExecutor.java:410)&#xa;	at com.kms.katalon.core.main.TestCaseExecutor.execute(TestCaseExecutor.java:285)&#xa;	at com.kms.katalon.core.common.CommonExecutor.accessTestCaseMainPhase(CommonExecutor.java:65)&#xa;	at com.kms.katalon.core.main.TestSuiteExecutor.accessTestSuiteMainPhase(TestSuiteExecutor.java:150)&#xa;	at com.kms.katalon.core.main.TestSuiteExecutor.execute(TestSuiteExecutor.java:106)&#xa;	at com.kms.katalon.core.main.TestCaseMain.startTestSuite(TestCaseMain.java:180)&#xa;	at TempTestSuite1728836648372.run(TempTestSuite1728836648372.groovy:35)&#xa;	at java.base/jdk.internal.reflect.NativeMethodAccessorImpl.invoke0(Native Method)&#xa;	at java.base/jdk.internal.reflect.NativeMethodAccessorImpl.invoke(NativeMethodAccessorImpl.java:77)&#xa;	at java.base/jdk.internal.reflect.DelegatingMethodAccessorImpl.invoke(DelegatingMethodAccessorImpl.java:43)&#xa;"/>
         <system-out><![CDATA[13-10-2024T23:30:23 - [TEST_CASE][ERROR] - Test Cases/Quản lý tài khoản merchant/Quản lý danh sách tài khoản/Rút tiền/TC_10_Kiểm tra khi rút tiền số tiền lớn hơn số tiền có thể rút do tạm giữ: Test Cases/Quản lý tài khoản merchant/Quản lý danh sách tài khoản/Rút tiền/TC_10_Kiểm tra khi rút tiền số tiền lớn hơn số tiền có thể rút do tạm giữ FAILED.
Reason:
org.openqa.selenium.NoSuchElementException: no such element: Unable to locate element: {"method":"xpath","selector":"//p[contains(text(),'Số tiền rút không được lớn hơn 197,499,423VNĐ')]"}
  (Session info: chrome=129.0.6668.91)
For documentation on this error, please visit: https://www.seleniumhq.org/exceptions/no_such_element.html
Build info: version: '3.141.59', revision: 'unknown', time: 'unknown'
System info: host: 'Aidan', ip: '2405:4803:fd90:9ef0:35c5:6ea1:b1e8:64e8%en0', os.name: 'Mac OS X', os.arch: 'aarch64', os.version: '15.0.1', java.version: '17.0.7'
Driver info: com.kms.katalon.selenium.driver.CChromeDriver
Capabilities {acceptInsecureCerts: false, browserName: chrome, browserVersion: 129.0.6668.91, chrome: {chromedriverVersion: 128.0.6613.84 (606aa55c7d68..., userDataDir: /var/folders/t5/b7k67ybj7gz...}, fedcm:accounts: true, goog:chromeOptions: {debuggerAddress: localhost:52660}, javascriptEnabled: true, networkConnectionEnabled: false, pageLoadStrategy: normal, platform: MAC, platformName: MAC, proxy: Proxy(), setWindowRect: true, strictFileInteractability: false, timeouts: {implicit: 0, pageLoad: 300000, script: 30000}, unhandledPromptBehavior: dismiss and notify, webauthn:extension:credBlob: true, webauthn:extension:largeBlob: true, webauthn:extension:minPinLength: true, webauthn:extension:prf: true, webauthn:virtualAuthenticators: true}
Session ID: b4121e46232774f3f553023ed0e898d0
*** Element info: {Using=xpath, value=//p[contains(text(),'Số tiền rút không được lớn hơn 197,499,423VNĐ')]}
	at jdk.internal.reflect.GeneratedConstructorAccessor22.newInstance(Unknown Source)
	at java.base/jdk.internal.reflect.DelegatingConstructorAccessorImpl.newInstance(DelegatingConstructorAccessorImpl.java:45)
	at org.openqa.selenium.remote.http.W3CHttpResponseCodec.createException(W3CHttpResponseCodec.java:187)
	at org.openqa.selenium.remote.http.W3CHttpResponseCodec.decode(W3CHttpResponseCodec.java:122)
	at org.openqa.selenium.remote.http.W3CHttpResponseCodec.decode(W3CHttpResponseCodec.java:49)
	at org.openqa.selenium.remote.HttpCommandExecutor.execute(HttpCommandExecutor.java:158)
	at org.openqa.selenium.remote.service.DriverCommandExecutor.execute(DriverCommandExecutor.java:83)
	at org.openqa.selenium.remote.RemoteWebDriver.execute(RemoteWebDriver.java:552)
	at com.kms.katalon.selenium.driver.CChromeDriver.execute(CChromeDriver.java:19)
	at org.openqa.selenium.remote.RemoteWebDriver.findElement(RemoteWebDriver.java:323)
	at org.openqa.selenium.remote.RemoteWebDriver.findElementByXPath(RemoteWebDriver.java:428)
	at org.openqa.selenium.By$ByXPath.findElement(By.java:353)
	at org.openqa.selenium.remote.RemoteWebDriver.findElement(RemoteWebDriver.java:315)
	at jdk.internal.reflect.GeneratedMethodAccessor9.invoke(Unknown Source)
	at java.base/jdk.internal.reflect.DelegatingMethodAccessorImpl.invoke(DelegatingMethodAccessorImpl.java:43)
	at org.openqa.selenium.support.events.EventFiringWebDriver.lambda$new$1(EventFiringWebDriver.java:105)
	at jdk.proxy2/jdk.proxy2.$Proxy22.findElement(Unknown Source)
	at org.openqa.selenium.support.events.EventFiringWebDriver.findElement(EventFiringWebDriver.java:194)
	at TC_10_Kiểm tra khi rút tiền số tiền lớn hơn số tiền có thể rút do tạm giữ.run(TC_10_Kiểm tra khi rút tiền số tiền lớn hơn số tiền có thể rút do tạm giữ:94)
	at com.kms.katalon.core.main.ScriptEngine.run(ScriptEngine.java:194)
	at com.kms.katalon.core.main.ScriptEngine.runScriptAsRawText(ScriptEngine.java:119)
	at com.kms.katalon.core.main.TestCaseExecutor.runScript(TestCaseExecutor.java:448)
	at com.kms.katalon.core.main.TestCaseExecutor.doExecute(TestCaseExecutor.java:439)
	at com.kms.katalon.core.main.TestCaseExecutor.processExecutionPhase(TestCaseExecutor.java:418)
	at com.kms.katalon.core.main.TestCaseExecutor.accessMainPhase(TestCaseExecutor.java:410)
	at com.kms.katalon.core.main.TestCaseExecutor.execute(TestCaseExecutor.java:285)
	at com.kms.katalon.core.common.CommonExecutor.accessTestCaseMainPhase(CommonExecutor.java:65)
	at com.kms.katalon.core.main.TestSuiteExecutor.accessTestSuiteMainPhase(TestSuiteExecutor.java:150)
	at com.kms.katalon.core.main.TestSuiteExecutor.execute(TestSuiteExecutor.java:106)
	at com.kms.katalon.core.main.TestCaseMain.startTestSuite(TestCaseMain.java:180)
	at TempTestSuite1728836648372.run(TempTestSuite1728836648372.groovy:35)
	at java.base/jdk.internal.reflect.NativeMethodAccessorImpl.invoke0(Native Method)
	at java.base/jdk.internal.reflect.NativeMethodAccessorImpl.invoke(NativeMethodAccessorImpl.java:77)
	at java.base/jdk.internal.reflect.DelegatingMethodAccessorImpl.invoke(DelegatingMethodAccessorImpl.java:43)


13-10-2024T23:30:23 - [TEST_STEP][PASSED] - Start listener action : sampleBeforeTestCase: Navigate to 'https://stg-cms-console.9pay.mobi/login' successfully

13-10-2024T23:30:23 - [TEST_STEP][PASSED] - testCaseId = testCaseContext.getTestCaseId(): null

13-10-2024T23:30:23 - [TEST_STEP][PASSED] - url = <not implemented yet for class: org.codehaus.groovy.ast.expr.EmptyExpression>: null

13-10-2024T23:30:23 - [TEST_STEP][PASSED] - if (testCaseId == "Test Cases/Quản lý tài khoản merchant/Quản lý dịch vụ merchant/TC_14_Kiểm tra thay đổi sau khi cấu hình VA trên MCV"): null

13-10-2024T23:30:23 - [TEST_STEP][PASSED] - else: null

13-10-2024T23:30:23 - [TEST_STEP][PASSED] - url = "https://stg-cms-console.9pay.mobi/login": null

13-10-2024T23:30:23 - [TEST_STEP][PASSED] - openBrowser(""): Browser is opened with url: ''

13-10-2024T23:30:23 - [MESSAGE][WARNING] - A browser is already opened. Closing browser and opening a new one

13-10-2024T23:30:23 - [MESSAGE][INFO] - Starting 'Chrome' driver

13-10-2024T23:30:23 - [MESSAGE][INFO] - Action delay is set to 0 milliseconds

13-10-2024T23:30:24 - [MESSAGE][PASSED] - Browser is opened with url: ''

13-10-2024T23:30:24 - [TEST_STEP][PASSED] - maximizeWindow(): Current window maximized

13-10-2024T23:30:24 - [MESSAGE][PASSED] - Current window maximized

13-10-2024T23:30:24 - [TEST_STEP][PASSED] - navigateToUrl(url): Navigate to 'https://stg-cms-console.9pay.mobi/login' successfully

13-10-2024T23:30:25 - [MESSAGE][PASSED] - Navigate to 'https://stg-cms-console.9pay.mobi/login' successfully

13-10-2024T23:30:26 - [TEST_STEP][PASSED] - driver = getWebDriver(): null

13-10-2024T23:30:26 - [TEST_STEP][PASSED] - js = driver: null

13-10-2024T23:30:26 - [TEST_STEP][PASSED] - callTestCase(findTestCase("Test Cases/Login/LoginCommon"), [:], STOP_ON_FAILURE): Call Test Case 'Test Cases/Login/LoginCommon' successfully

13-10-2024T23:30:26 - [TEST_CASE][PASSED] - Test Cases/Login/LoginCommon: Test Cases/Login/LoginCommon

13-10-2024T23:30:26 - [TEST_STEP][PASSED] - driver = getWebDriver(): null

13-10-2024T23:30:26 - [TEST_STEP][PASSED] - sendKeys(findTestObject("Quản lý tài khoản merchant/Quản lý dịch vụ merchant/userNameTextbox"), userAccount): Keys 'dannt@9pay.vn' sent to object: 'Object Repository/Quản lý tài khoản merchant/Quản lý dịch vụ merchant/userNameTextbox'

13-10-2024T23:30:26 - [MESSAGE][PASSED] - Keys 'dannt@9pay.vn' sent to object: 'Object Repository/Quản lý tài khoản merchant/Quản lý dịch vụ merchant/userNameTextbox'

13-10-2024T23:30:26 - [TEST_STEP][PASSED] - sendKeys(findTestObject("Quản lý tài khoản merchant/Quản lý dịch vụ merchant/passwordTextbox"), password): Keys 'dannt@9pay.vn' sent to object: 'Object Repository/Quản lý tài khoản merchant/Quản lý dịch vụ merchant/passwordTextbox'

13-10-2024T23:30:26 - [MESSAGE][PASSED] - Keys 'dannt@9pay.vn' sent to object: 'Object Repository/Quản lý tài khoản merchant/Quản lý dịch vụ merchant/passwordTextbox'

13-10-2024T23:30:26 - [TEST_STEP][PASSED] - click(findTestObject("Quản lý tài khoản merchant/Quản lý dịch vụ merchant/loginButton")): Object: 'Object Repository/Quản lý tài khoản merchant/Quản lý dịch vụ merchant/loginButton' is clicked on

13-10-2024T23:30:26 - [MESSAGE][PASSED] - Object: 'Object Repository/Quản lý tài khoản merchant/Quản lý dịch vụ merchant/loginButton' is clicked on

13-10-2024T23:30:26 - [MESSAGE][PASSED] - Call Test Case 'Test Cases/Login/LoginCommon' successfully

13-10-2024T23:30:26 - [TEST_STEP][PASSED] - waitForElementVisible(findTestObject("Trang chủ/userName"), 30, STOP_ON_FAILURE): Object 'Object Repository/Trang chủ/userName' is visible

13-10-2024T23:30:31 - [MESSAGE][PASSED] - Object 'Object Repository/Trang chủ/userName' is visible

13-10-2024T23:30:31 - [TEST_STEP][PASSED] - click(findTestObject("Quản lý tài khoản merchant/menuManagerMerchantAccount")): Object: 'Object Repository/Quản lý tài khoản merchant/menuManagerMerchantAccount' is clicked on

13-10-2024T23:30:31 - [MESSAGE][PASSED] - Object: 'Object Repository/Quản lý tài khoản merchant/menuManagerMerchantAccount' is clicked on

13-10-2024T23:30:31 - [TEST_STEP][PASSED] - waitForElementVisible(findTestObject("Quản lý tài khoản merchant/Quản lý dịch vụ merchant/menuManagerMerchantService"), 10, STOP_ON_FAILURE): Object 'Object Repository/Quản lý tài khoản merchant/Quản lý dịch vụ merchant/menuManagerMerchantService' is visible

13-10-2024T23:30:31 - [MESSAGE][PASSED] - Object 'Object Repository/Quản lý tài khoản merchant/Quản lý dịch vụ merchant/menuManagerMerchantService' is visible

13-10-2024T23:30:31 - [TEST_STEP][PASSED] - wait = new org.openqa.selenium.support.ui.WebDriverWait(com.kms.katalon.core.webui.driver.DriverFactory.getWebDriver(), 30): null

13-10-2024T23:30:31 - [TEST_STEP][PASSED] - menuManagerUserAccount = wait.until(ExpectedConditions.elementToBeClickable(By.xpath(xpathManagerListAccount))): null

13-10-2024T23:30:32 - [TEST_STEP][PASSED] - menuManagerUserAccount.click(): null

13-10-2024T23:30:32 - [TEST_STEP][PASSED] - userCode = wait.until(ExpectedConditions.visibilityOfElementLocated(By.xpath(xpathUserCode))): null

13-10-2024T23:30:35 - [TEST_STEP][PASSED] - println(userCode.getText()): null

13-10-2024T23:30:35 - [TEST_STEP][PASSED] - accountBtn = wait.until(ExpectedConditions.elementToBeClickable(By.xpath(xpathBtnAccount))): null

13-10-2024T23:30:35 - [TEST_STEP][PASSED] - accountBtn.click(): null

13-10-2024T23:30:35 - [TEST_STEP][PASSED] - searchTextbox = wait.until(ExpectedConditions.elementToBeClickable(By.xpath(xpathSearchTextbox))): null

13-10-2024T23:30:35 - [TEST_STEP][PASSED] - searchTextbox.sendKeys(username): null

13-10-2024T23:30:36 - [TEST_STEP][PASSED] - xpath(xpathOption)).click(): null

13-10-2024T23:30:36 - [TEST_STEP][PASSED] - xpath(xpathBtnSearch)).click(): null

13-10-2024T23:30:36 - [TEST_STEP][PASSED] - currentUrl = driver.getCurrentUrl(): null

13-10-2024T23:30:36 - [TEST_STEP][PASSED] - xpath(xpathEditUser)).click(): null

13-10-2024T23:30:37 - [TEST_STEP][PASSED] - xpath(xpathTTHD)).click(): null

13-10-2024T23:30:41 - [TEST_STEP][PASSED] - xpath(xpathSoTienTamGiu)).sendKeys("2000000"): null

13-10-2024T23:30:42 - [TEST_STEP][PASSED] - xpath(xpathCapNhat)).click(): null

13-10-2024T23:30:42 - [TEST_STEP][PASSED] - xpath(xpathBtnOk)).click(): null

13-10-2024T23:30:43 - [TEST_STEP][PASSED] - driver.get(currentUrl): null

13-10-2024T23:30:43 - [TEST_STEP][PASSED] - lockBalance = wait.until(ExpectedConditions.visibilityOfElementLocated(By.xpath(xpathSoDuKhongRut))): null

13-10-2024T23:30:46 - [TEST_STEP][PASSED] - script = "return arguments[0].nextSibling.textContent;": null

13-10-2024T23:30:46 - [TEST_STEP][PASSED] - lockBalanceAf = js.executeScript(script, lockBalance): null

13-10-2024T23:30:46 - [TEST_STEP][PASSED] - result = replace("VNĐ", "").trim(): null

13-10-2024T23:30:46 - [TEST_STEP][PASSED] - lockBalanceAf1 = lockBalanceAf.replaceAll("[^0-9]", ""): null

13-10-2024T23:30:46 - [TEST_STEP][PASSED] - lockBalanceBf = Integer.parseInt(lockBalanceAf1): null

13-10-2024T23:30:46 - [TEST_STEP][PASSED] - out.println("So du khong duoc rut" + lockBalanceBf): null

13-10-2024T23:30:46 - [TEST_STEP][PASSED] - Assert.assertEquals(xpath(xpathAccountName)).getText(), username): null

13-10-2024T23:30:46 - [TEST_STEP][PASSED] - xpath(xpathBtnRutTien)).click(): null

13-10-2024T23:30:47 - [TEST_STEP][PASSED] - wait.until(ExpectedConditions.visibilityOfElementLocated(By.xpath(xpathUser))): null

13-10-2024T23:30:55 - [TEST_STEP][PASSED] - xpath(xpathViRut)).click(): null

13-10-2024T23:30:55 - [TEST_STEP][PASSED] - sleep(1000): null

13-10-2024T23:30:56 - [TEST_STEP][PASSED] - xpath(xpathOptionThuho)).click(): null

13-10-2024T23:30:56 - [TEST_STEP][PASSED] - xpath(xpathDay)).click(): null

13-10-2024T23:30:57 - [TEST_STEP][PASSED] - xpath(xpathToday)).click(): null

13-10-2024T23:30:57 - [TEST_STEP][PASSED] - xpath(xpathDayClicked)).click(): null

13-10-2024T23:30:57 - [TEST_STEP][PASSED] - try: null

13-10-2024T23:30:57 - [TEST_STEP][PASSED] - popupDS = wait.until(ExpectedConditions.visibilityOfElementLocated(By.xpath("//p[contains(text(),'Đã tồn tại kỳ đối soát trước đó, Bạn có chắc chắn ')]"))): null

13-10-2024T23:30:58 - [TEST_STEP][PASSED] - Assert.assertEquals(popupDS.getText(), "Đã tồn tại kỳ đối soát trước đó, Bạn có chắc chắn muốn tiếp tục thực hiện giao dịch?"): null

13-10-2024T23:30:58 - [TEST_STEP][PASSED] - xpath(BtnOkXpath)).click(): null

13-10-2024T23:30:58 - [TEST_STEP][PASSED] - overbalance = driver.findElement(By.xpath("//label[contains(text(),'Số dư Ví')]/following::input[1]")): null

13-10-2024T23:30:59 - [TEST_STEP][PASSED] - inputValue = overbalance.getAttribute("value"): null

13-10-2024T23:30:59 - [TEST_STEP][PASSED] - numericString = inputValue.replaceAll("[^0-9]", ""): null

13-10-2024T23:30:59 - [TEST_STEP][PASSED] - walletBalance = Integer.parseInt(numericString): null

13-10-2024T23:30:59 - [TEST_STEP][PASSED] - availbeBalance = driver.findElement(By.xpath("//label[contains(text(),'Số tiền GD')]/following::input[1]")): null

13-10-2024T23:30:59 - [TEST_STEP][PASSED] - outputValue = availbeBalance.getAttribute("value"): null

13-10-2024T23:30:59 - [TEST_STEP][PASSED] - outputValueClear = outputValue.replaceAll("[^0-9]", ""): null

13-10-2024T23:30:59 - [TEST_STEP][PASSED] - availbeBalanceInt = Integer.parseInt(outputValueClear): null

13-10-2024T23:30:59 - [TEST_STEP][PASSED] - xpath(xpathFieldAmount)).sendKeys(amountInvalid): null

13-10-2024T23:30:59 - [TEST_STEP][PASSED] - xpath("//label[contains(text(),'Chấp nhận cho rút số tiền tạm giữ')]")).click(): null

13-10-2024T23:31:00 - [TEST_STEP][PASSED] - xpath(xpathConfirm)).click(): null

13-10-2024T23:31:00 - [TEST_STEP][PASSED] - test1 = walletBalance - availbeBalanceInt: null

13-10-2024T23:31:00 - [TEST_STEP][PASSED] - formatter = new java.text.DecimalFormat(#,###): null

13-10-2024T23:31:00 - [TEST_STEP][PASSED] - formattedResult = formatter.format(test1): null

13-10-2024T23:31:00 - [TEST_STEP][PASSED] - out.println("So tien rut khong the hon" + formattedResult): null

13-10-2024T23:31:00 - [TEST_STEP][PASSED] - xpathErrorGreatThanAvailbleBalance = "//p[contains(text(),'Số tiền rút không được lớn hơn " + formattedResult + "VNĐ')]": null

13-10-2024T23:31:00 - [TEST_STEP][ERROR] - Assert.assertEquals(xpath(xpathErrorGreatThanAvailbleBalance)).getText(), "Số tiền rút không được lớn hơn " + formattedResult + "VNĐ"): Test Cases/Quản lý tài khoản merchant/Quản lý danh sách tài khoản/Rút tiền/TC_10_Kiểm tra khi rút tiền số tiền lớn hơn số tiền có thể rút do tạm giữ FAILED.
Reason:
org.openqa.selenium.NoSuchElementException: no such element: Unable to locate element: {"method":"xpath","selector":"//p[contains(text(),'Số tiền rút không được lớn hơn 197,499,423VNĐ')]"}
  (Session info: chrome=129.0.6668.91)
For documentation on this error, please visit: https://www.seleniumhq.org/exceptions/no_such_element.html
Build info: version: '3.141.59', revision: 'unknown', time: 'unknown'
System info: host: 'Aidan', ip: '2405:4803:fd90:9ef0:35c5:6ea1:b1e8:64e8%en0', os.name: 'Mac OS X', os.arch: 'aarch64', os.version: '15.0.1', java.version: '17.0.7'
Driver info: com.kms.katalon.selenium.driver.CChromeDriver
Capabilities {acceptInsecureCerts: false, browserName: chrome, browserVersion: 129.0.6668.91, chrome: {chromedriverVersion: 128.0.6613.84 (606aa55c7d68..., userDataDir: /var/folders/t5/b7k67ybj7gz...}, fedcm:accounts: true, goog:chromeOptions: {debuggerAddress: localhost:52660}, javascriptEnabled: true, networkConnectionEnabled: false, pageLoadStrategy: normal, platform: MAC, platformName: MAC, proxy: Proxy(), setWindowRect: true, strictFileInteractability: false, timeouts: {implicit: 0, pageLoad: 300000, script: 30000}, unhandledPromptBehavior: dismiss and notify, webauthn:extension:credBlob: true, webauthn:extension:largeBlob: true, webauthn:extension:minPinLength: true, webauthn:extension:prf: true, webauthn:virtualAuthenticators: true}
Session ID: b4121e46232774f3f553023ed0e898d0
*** Element info: {Using=xpath, value=//p[contains(text(),'Số tiền rút không được lớn hơn 197,499,423VNĐ')]}
	at jdk.internal.reflect.GeneratedConstructorAccessor22.newInstance(Unknown Source)
	at java.base/jdk.internal.reflect.DelegatingConstructorAccessorImpl.newInstance(DelegatingConstructorAccessorImpl.java:45)
	at org.openqa.selenium.remote.http.W3CHttpResponseCodec.createException(W3CHttpResponseCodec.java:187)
	at org.openqa.selenium.remote.http.W3CHttpResponseCodec.decode(W3CHttpResponseCodec.java:122)
	at org.openqa.selenium.remote.http.W3CHttpResponseCodec.decode(W3CHttpResponseCodec.java:49)
	at org.openqa.selenium.remote.HttpCommandExecutor.execute(HttpCommandExecutor.java:158)
	at org.openqa.selenium.remote.service.DriverCommandExecutor.execute(DriverCommandExecutor.java:83)
	at org.openqa.selenium.remote.RemoteWebDriver.execute(RemoteWebDriver.java:552)
	at com.kms.katalon.selenium.driver.CChromeDriver.execute(CChromeDriver.java:19)
	at org.openqa.selenium.remote.RemoteWebDriver.findElement(RemoteWebDriver.java:323)
	at org.openqa.selenium.remote.RemoteWebDriver.findElementByXPath(RemoteWebDriver.java:428)
	at org.openqa.selenium.By$ByXPath.findElement(By.java:353)
	at org.openqa.selenium.remote.RemoteWebDriver.findElement(RemoteWebDriver.java:315)
	at jdk.internal.reflect.GeneratedMethodAccessor9.invoke(Unknown Source)
	at java.base/jdk.internal.reflect.DelegatingMethodAccessorImpl.invoke(DelegatingMethodAccessorImpl.java:43)
	at org.openqa.selenium.support.events.EventFiringWebDriver.lambda$new$1(EventFiringWebDriver.java:105)
	at jdk.proxy2/jdk.proxy2.$Proxy22.findElement(Unknown Source)
	at org.openqa.selenium.support.events.EventFiringWebDriver.findElement(EventFiringWebDriver.java:194)
	at TC_10_Kiểm tra khi rút tiền số tiền lớn hơn số tiền có thể rút do tạm giữ.run(TC_10_Kiểm tra khi rút tiền số tiền lớn hơn số tiền có thể rút do tạm giữ:94)
	at com.kms.katalon.core.main.ScriptEngine.run(ScriptEngine.java:194)
	at com.kms.katalon.core.main.ScriptEngine.runScriptAsRawText(ScriptEngine.java:119)
	at com.kms.katalon.core.main.TestCaseExecutor.runScript(TestCaseExecutor.java:448)
	at com.kms.katalon.core.main.TestCaseExecutor.doExecute(TestCaseExecutor.java:439)
	at com.kms.katalon.core.main.TestCaseExecutor.processExecutionPhase(TestCaseExecutor.java:418)
	at com.kms.katalon.core.main.TestCaseExecutor.accessMainPhase(TestCaseExecutor.java:410)
	at com.kms.katalon.core.main.TestCaseExecutor.execute(TestCaseExecutor.java:285)
	at com.kms.katalon.core.common.CommonExecutor.accessTestCaseMainPhase(CommonExecutor.java:65)
	at com.kms.katalon.core.main.TestSuiteExecutor.accessTestSuiteMainPhase(TestSuiteExecutor.java:150)
	at com.kms.katalon.core.main.TestSuiteExecutor.execute(TestSuiteExecutor.java:106)
	at com.kms.katalon.core.main.TestCaseMain.startTestSuite(TestCaseMain.java:180)
	at TempTestSuite1728836648372.run(TempTestSuite1728836648372.groovy:35)
	at java.base/jdk.internal.reflect.NativeMethodAccessorImpl.invoke0(Native Method)
	at java.base/jdk.internal.reflect.NativeMethodAccessorImpl.invoke(NativeMethodAccessorImpl.java:77)
	at java.base/jdk.internal.reflect.DelegatingMethodAccessorImpl.invoke(DelegatingMethodAccessorImpl.java:43)


13-10-2024T23:31:01 - [MESSAGE][ERROR] - Test Cases/Quản lý tài khoản merchant/Quản lý danh sách tài khoản/Rút tiền/TC_10_Kiểm tra khi rút tiền số tiền lớn hơn số tiền có thể rút do tạm giữ FAILED.
Reason:
org.openqa.selenium.NoSuchElementException: no such element: Unable to locate element: {"method":"xpath","selector":"//p[contains(text(),'Số tiền rút không được lớn hơn 197,499,423VNĐ')]"}
  (Session info: chrome=129.0.6668.91)
For documentation on this error, please visit: https://www.seleniumhq.org/exceptions/no_such_element.html
Build info: version: '3.141.59', revision: 'unknown', time: 'unknown'
System info: host: 'Aidan', ip: '2405:4803:fd90:9ef0:35c5:6ea1:b1e8:64e8%en0', os.name: 'Mac OS X', os.arch: 'aarch64', os.version: '15.0.1', java.version: '17.0.7'
Driver info: com.kms.katalon.selenium.driver.CChromeDriver
Capabilities {acceptInsecureCerts: false, browserName: chrome, browserVersion: 129.0.6668.91, chrome: {chromedriverVersion: 128.0.6613.84 (606aa55c7d68..., userDataDir: /var/folders/t5/b7k67ybj7gz...}, fedcm:accounts: true, goog:chromeOptions: {debuggerAddress: localhost:52660}, javascriptEnabled: true, networkConnectionEnabled: false, pageLoadStrategy: normal, platform: MAC, platformName: MAC, proxy: Proxy(), setWindowRect: true, strictFileInteractability: false, timeouts: {implicit: 0, pageLoad: 300000, script: 30000}, unhandledPromptBehavior: dismiss and notify, webauthn:extension:credBlob: true, webauthn:extension:largeBlob: true, webauthn:extension:minPinLength: true, webauthn:extension:prf: true, webauthn:virtualAuthenticators: true}
Session ID: b4121e46232774f3f553023ed0e898d0
*** Element info: {Using=xpath, value=//p[contains(text(),'Số tiền rút không được lớn hơn 197,499,423VNĐ')]}
	at jdk.internal.reflect.GeneratedConstructorAccessor22.newInstance(Unknown Source)
	at java.base/jdk.internal.reflect.DelegatingConstructorAccessorImpl.newInstance(DelegatingConstructorAccessorImpl.java:45)
	at org.openqa.selenium.remote.http.W3CHttpResponseCodec.createException(W3CHttpResponseCodec.java:187)
	at org.openqa.selenium.remote.http.W3CHttpResponseCodec.decode(W3CHttpResponseCodec.java:122)
	at org.openqa.selenium.remote.http.W3CHttpResponseCodec.decode(W3CHttpResponseCodec.java:49)
	at org.openqa.selenium.remote.HttpCommandExecutor.execute(HttpCommandExecutor.java:158)
	at org.openqa.selenium.remote.service.DriverCommandExecutor.execute(DriverCommandExecutor.java:83)
	at org.openqa.selenium.remote.RemoteWebDriver.execute(RemoteWebDriver.java:552)
	at com.kms.katalon.selenium.driver.CChromeDriver.execute(CChromeDriver.java:19)
	at org.openqa.selenium.remote.RemoteWebDriver.findElement(RemoteWebDriver.java:323)
	at org.openqa.selenium.remote.RemoteWebDriver.findElementByXPath(RemoteWebDriver.java:428)
	at org.openqa.selenium.By$ByXPath.findElement(By.java:353)
	at org.openqa.selenium.remote.RemoteWebDriver.findElement(RemoteWebDriver.java:315)
	at jdk.internal.reflect.GeneratedMethodAccessor9.invoke(Unknown Source)
	at java.base/jdk.internal.reflect.DelegatingMethodAccessorImpl.invoke(DelegatingMethodAccessorImpl.java:43)
	at org.openqa.selenium.support.events.EventFiringWebDriver.lambda$new$1(EventFiringWebDriver.java:105)
	at jdk.proxy2/jdk.proxy2.$Proxy22.findElement(Unknown Source)
	at org.openqa.selenium.support.events.EventFiringWebDriver.findElement(EventFiringWebDriver.java:194)
	at TC_10_Kiểm tra khi rút tiền số tiền lớn hơn số tiền có thể rút do tạm giữ.run(TC_10_Kiểm tra khi rút tiền số tiền lớn hơn số tiền có thể rút do tạm giữ:94)
	at com.kms.katalon.core.main.ScriptEngine.run(ScriptEngine.java:194)
	at com.kms.katalon.core.main.ScriptEngine.runScriptAsRawText(ScriptEngine.java:119)
	at com.kms.katalon.core.main.TestCaseExecutor.runScript(TestCaseExecutor.java:448)
	at com.kms.katalon.core.main.TestCaseExecutor.doExecute(TestCaseExecutor.java:439)
	at com.kms.katalon.core.main.TestCaseExecutor.processExecutionPhase(TestCaseExecutor.java:418)
	at com.kms.katalon.core.main.TestCaseExecutor.accessMainPhase(TestCaseExecutor.java:410)
	at com.kms.katalon.core.main.TestCaseExecutor.execute(TestCaseExecutor.java:285)
	at com.kms.katalon.core.common.CommonExecutor.accessTestCaseMainPhase(CommonExecutor.java:65)
	at com.kms.katalon.core.main.TestSuiteExecutor.accessTestSuiteMainPhase(TestSuiteExecutor.java:150)
	at com.kms.katalon.core.main.TestSuiteExecutor.execute(TestSuiteExecutor.java:106)
	at com.kms.katalon.core.main.TestCaseMain.startTestSuite(TestCaseMain.java:180)
	at TempTestSuite1728836648372.run(TempTestSuite1728836648372.groovy:35)
	at java.base/jdk.internal.reflect.NativeMethodAccessorImpl.invoke0(Native Method)
	at java.base/jdk.internal.reflect.NativeMethodAccessorImpl.invoke(NativeMethodAccessorImpl.java:77)
	at java.base/jdk.internal.reflect.DelegatingMethodAccessorImpl.invoke(DelegatingMethodAccessorImpl.java:43)


13-10-2024T23:31:01 - [TEST_STEP][PASSED] - Start listener action : sampleAfterTestCase: null

13-10-2024T23:31:01 - [TEST_STEP][PASSED] - testCaseId = testCaseContext.getTestCaseId(): null

13-10-2024T23:31:01 - [TEST_STEP][PASSED] - if (testCaseId == "Test Cases/Quản lý tài khoản merchant/Quản lý dịch vụ merchant/TC_13_Kiểm tra chức năng xác nhận cấu hình thay đổi VA"): null]]></system-out>
         <system-err><![CDATA[13-10-2024T23:30:23 - [TEST_CASE][ERROR] - Test Cases/Quản lý tài khoản merchant/Quản lý danh sách tài khoản/Rút tiền/TC_10_Kiểm tra khi rút tiền số tiền lớn hơn số tiền có thể rút do tạm giữ: Test Cases/Quản lý tài khoản merchant/Quản lý danh sách tài khoản/Rút tiền/TC_10_Kiểm tra khi rút tiền số tiền lớn hơn số tiền có thể rút do tạm giữ FAILED.
Reason:
org.openqa.selenium.NoSuchElementException: no such element: Unable to locate element: {"method":"xpath","selector":"//p[contains(text(),'Số tiền rút không được lớn hơn 197,499,423VNĐ')]"}
  (Session info: chrome=129.0.6668.91)
For documentation on this error, please visit: https://www.seleniumhq.org/exceptions/no_such_element.html
Build info: version: '3.141.59', revision: 'unknown', time: 'unknown'
System info: host: 'Aidan', ip: '2405:4803:fd90:9ef0:35c5:6ea1:b1e8:64e8%en0', os.name: 'Mac OS X', os.arch: 'aarch64', os.version: '15.0.1', java.version: '17.0.7'
Driver info: com.kms.katalon.selenium.driver.CChromeDriver
Capabilities {acceptInsecureCerts: false, browserName: chrome, browserVersion: 129.0.6668.91, chrome: {chromedriverVersion: 128.0.6613.84 (606aa55c7d68..., userDataDir: /var/folders/t5/b7k67ybj7gz...}, fedcm:accounts: true, goog:chromeOptions: {debuggerAddress: localhost:52660}, javascriptEnabled: true, networkConnectionEnabled: false, pageLoadStrategy: normal, platform: MAC, platformName: MAC, proxy: Proxy(), setWindowRect: true, strictFileInteractability: false, timeouts: {implicit: 0, pageLoad: 300000, script: 30000}, unhandledPromptBehavior: dismiss and notify, webauthn:extension:credBlob: true, webauthn:extension:largeBlob: true, webauthn:extension:minPinLength: true, webauthn:extension:prf: true, webauthn:virtualAuthenticators: true}
Session ID: b4121e46232774f3f553023ed0e898d0
*** Element info: {Using=xpath, value=//p[contains(text(),'Số tiền rút không được lớn hơn 197,499,423VNĐ')]}
	at jdk.internal.reflect.GeneratedConstructorAccessor22.newInstance(Unknown Source)
	at java.base/jdk.internal.reflect.DelegatingConstructorAccessorImpl.newInstance(DelegatingConstructorAccessorImpl.java:45)
	at org.openqa.selenium.remote.http.W3CHttpResponseCodec.createException(W3CHttpResponseCodec.java:187)
	at org.openqa.selenium.remote.http.W3CHttpResponseCodec.decode(W3CHttpResponseCodec.java:122)
	at org.openqa.selenium.remote.http.W3CHttpResponseCodec.decode(W3CHttpResponseCodec.java:49)
	at org.openqa.selenium.remote.HttpCommandExecutor.execute(HttpCommandExecutor.java:158)
	at org.openqa.selenium.remote.service.DriverCommandExecutor.execute(DriverCommandExecutor.java:83)
	at org.openqa.selenium.remote.RemoteWebDriver.execute(RemoteWebDriver.java:552)
	at com.kms.katalon.selenium.driver.CChromeDriver.execute(CChromeDriver.java:19)
	at org.openqa.selenium.remote.RemoteWebDriver.findElement(RemoteWebDriver.java:323)
	at org.openqa.selenium.remote.RemoteWebDriver.findElementByXPath(RemoteWebDriver.java:428)
	at org.openqa.selenium.By$ByXPath.findElement(By.java:353)
	at org.openqa.selenium.remote.RemoteWebDriver.findElement(RemoteWebDriver.java:315)
	at jdk.internal.reflect.GeneratedMethodAccessor9.invoke(Unknown Source)
	at java.base/jdk.internal.reflect.DelegatingMethodAccessorImpl.invoke(DelegatingMethodAccessorImpl.java:43)
	at org.openqa.selenium.support.events.EventFiringWebDriver.lambda$new$1(EventFiringWebDriver.java:105)
	at jdk.proxy2/jdk.proxy2.$Proxy22.findElement(Unknown Source)
	at org.openqa.selenium.support.events.EventFiringWebDriver.findElement(EventFiringWebDriver.java:194)
	at TC_10_Kiểm tra khi rút tiền số tiền lớn hơn số tiền có thể rút do tạm giữ.run(TC_10_Kiểm tra khi rút tiền số tiền lớn hơn số tiền có thể rút do tạm giữ:94)
	at com.kms.katalon.core.main.ScriptEngine.run(ScriptEngine.java:194)
	at com.kms.katalon.core.main.ScriptEngine.runScriptAsRawText(ScriptEngine.java:119)
	at com.kms.katalon.core.main.TestCaseExecutor.runScript(TestCaseExecutor.java:448)
	at com.kms.katalon.core.main.TestCaseExecutor.doExecute(TestCaseExecutor.java:439)
	at com.kms.katalon.core.main.TestCaseExecutor.processExecutionPhase(TestCaseExecutor.java:418)
	at com.kms.katalon.core.main.TestCaseExecutor.accessMainPhase(TestCaseExecutor.java:410)
	at com.kms.katalon.core.main.TestCaseExecutor.execute(TestCaseExecutor.java:285)
	at com.kms.katalon.core.common.CommonExecutor.accessTestCaseMainPhase(CommonExecutor.java:65)
	at com.kms.katalon.core.main.TestSuiteExecutor.accessTestSuiteMainPhase(TestSuiteExecutor.java:150)
	at com.kms.katalon.core.main.TestSuiteExecutor.execute(TestSuiteExecutor.java:106)
	at com.kms.katalon.core.main.TestCaseMain.startTestSuite(TestCaseMain.java:180)
	at TempTestSuite1728836648372.run(TempTestSuite1728836648372.groovy:35)
	at java.base/jdk.internal.reflect.NativeMethodAccessorImpl.invoke0(Native Method)
	at java.base/jdk.internal.reflect.NativeMethodAccessorImpl.invoke(NativeMethodAccessorImpl.java:77)
	at java.base/jdk.internal.reflect.DelegatingMethodAccessorImpl.invoke(DelegatingMethodAccessorImpl.java:43)]]></system-err>
      </testcase>
      <testcase name="Test Cases/Quản lý tài khoản merchant/Quản lý danh sách tài khoản/Rút tiền/TC_11_Kiểm tra khi rút tiền số tiền bé hơn số tiền có thể rút do tạm giữ" time="54.362" classname="Test Cases/Quản lý tài khoản merchant/Quản lý danh sách tài khoản/Rút tiền/TC_11_Kiểm tra khi rút tiền số tiền bé hơn số tiền có thể rút do tạm giữ" status="PASSED">
         <system-out><![CDATA[13-10-2024T23:31:01 - [TEST_CASE][PASSED] - Test Cases/Quản lý tài khoản merchant/Quản lý danh sách tài khoản/Rút tiền/TC_11_Kiểm tra khi rút tiền số tiền bé hơn số tiền có thể rút do tạm giữ: Test Cases/Quản lý tài khoản merchant/Quản lý danh sách tài khoản/Rút tiền/TC_11_Kiểm tra khi rút tiền số tiền bé hơn số tiền có thể rút do tạm giữ

13-10-2024T23:31:01 - [TEST_STEP][PASSED] - Start listener action : sampleBeforeTestCase: Navigate to 'https://stg-cms-console.9pay.mobi/login' successfully

13-10-2024T23:31:01 - [TEST_STEP][PASSED] - testCaseId = testCaseContext.getTestCaseId(): null

13-10-2024T23:31:01 - [TEST_STEP][PASSED] - url = <not implemented yet for class: org.codehaus.groovy.ast.expr.EmptyExpression>: null

13-10-2024T23:31:01 - [TEST_STEP][PASSED] - if (testCaseId == "Test Cases/Quản lý tài khoản merchant/Quản lý dịch vụ merchant/TC_14_Kiểm tra thay đổi sau khi cấu hình VA trên MCV"): null

13-10-2024T23:31:01 - [TEST_STEP][PASSED] - else: null

13-10-2024T23:31:01 - [TEST_STEP][PASSED] - url = "https://stg-cms-console.9pay.mobi/login": null

13-10-2024T23:31:01 - [TEST_STEP][PASSED] - openBrowser(""): Browser is opened with url: ''

13-10-2024T23:31:01 - [MESSAGE][WARNING] - A browser is already opened. Closing browser and opening a new one

13-10-2024T23:31:01 - [MESSAGE][INFO] - Starting 'Chrome' driver

13-10-2024T23:31:01 - [MESSAGE][INFO] - Action delay is set to 0 milliseconds

13-10-2024T23:31:02 - [MESSAGE][PASSED] - Browser is opened with url: ''

13-10-2024T23:31:02 - [TEST_STEP][PASSED] - maximizeWindow(): Current window maximized

13-10-2024T23:31:02 - [MESSAGE][PASSED] - Current window maximized

13-10-2024T23:31:02 - [TEST_STEP][PASSED] - navigateToUrl(url): Navigate to 'https://stg-cms-console.9pay.mobi/login' successfully

13-10-2024T23:31:06 - [MESSAGE][PASSED] - Navigate to 'https://stg-cms-console.9pay.mobi/login' successfully

13-10-2024T23:31:07 - [TEST_STEP][PASSED] - driver = getWebDriver(): null

13-10-2024T23:31:07 - [TEST_STEP][PASSED] - js = driver: null

13-10-2024T23:31:07 - [TEST_STEP][PASSED] - callTestCase(findTestCase("Test Cases/Login/LoginCommon"), [:], STOP_ON_FAILURE): Call Test Case 'Test Cases/Login/LoginCommon' successfully

13-10-2024T23:31:07 - [TEST_CASE][PASSED] - Test Cases/Login/LoginCommon: Test Cases/Login/LoginCommon

13-10-2024T23:31:07 - [TEST_STEP][PASSED] - driver = getWebDriver(): null

13-10-2024T23:31:07 - [TEST_STEP][PASSED] - sendKeys(findTestObject("Quản lý tài khoản merchant/Quản lý dịch vụ merchant/userNameTextbox"), userAccount): Keys 'dannt@9pay.vn' sent to object: 'Object Repository/Quản lý tài khoản merchant/Quản lý dịch vụ merchant/userNameTextbox'

13-10-2024T23:31:07 - [MESSAGE][PASSED] - Keys 'dannt@9pay.vn' sent to object: 'Object Repository/Quản lý tài khoản merchant/Quản lý dịch vụ merchant/userNameTextbox'

13-10-2024T23:31:07 - [TEST_STEP][PASSED] - sendKeys(findTestObject("Quản lý tài khoản merchant/Quản lý dịch vụ merchant/passwordTextbox"), password): Keys 'dannt@9pay.vn' sent to object: 'Object Repository/Quản lý tài khoản merchant/Quản lý dịch vụ merchant/passwordTextbox'

13-10-2024T23:31:07 - [MESSAGE][PASSED] - Keys 'dannt@9pay.vn' sent to object: 'Object Repository/Quản lý tài khoản merchant/Quản lý dịch vụ merchant/passwordTextbox'

13-10-2024T23:31:07 - [TEST_STEP][PASSED] - click(findTestObject("Quản lý tài khoản merchant/Quản lý dịch vụ merchant/loginButton")): Object: 'Object Repository/Quản lý tài khoản merchant/Quản lý dịch vụ merchant/loginButton' is clicked on

13-10-2024T23:31:07 - [MESSAGE][PASSED] - Object: 'Object Repository/Quản lý tài khoản merchant/Quản lý dịch vụ merchant/loginButton' is clicked on

13-10-2024T23:31:07 - [MESSAGE][PASSED] - Call Test Case 'Test Cases/Login/LoginCommon' successfully

13-10-2024T23:31:07 - [TEST_STEP][PASSED] - waitForElementVisible(findTestObject("Trang chủ/userName"), waitSecond, STOP_ON_FAILURE): Object 'Object Repository/Trang chủ/userName' is visible

13-10-2024T23:31:14 - [MESSAGE][PASSED] - Object 'Object Repository/Trang chủ/userName' is visible

13-10-2024T23:31:14 - [TEST_STEP][PASSED] - click(findTestObject("Quản lý tài khoản merchant/menuManagerMerchantAccount")): Object: 'Object Repository/Quản lý tài khoản merchant/menuManagerMerchantAccount' is clicked on

13-10-2024T23:31:14 - [MESSAGE][PASSED] - Object: 'Object Repository/Quản lý tài khoản merchant/menuManagerMerchantAccount' is clicked on

13-10-2024T23:31:14 - [TEST_STEP][PASSED] - waitForElementVisible(findTestObject("Quản lý tài khoản merchant/Quản lý dịch vụ merchant/menuManagerMerchantService"), 30, STOP_ON_FAILURE): Object 'Object Repository/Quản lý tài khoản merchant/Quản lý dịch vụ merchant/menuManagerMerchantService' is visible

13-10-2024T23:31:14 - [MESSAGE][PASSED] - Object 'Object Repository/Quản lý tài khoản merchant/Quản lý dịch vụ merchant/menuManagerMerchantService' is visible

13-10-2024T23:31:14 - [TEST_STEP][PASSED] - wait = new org.openqa.selenium.support.ui.WebDriverWait(com.kms.katalon.core.webui.driver.DriverFactory.getWebDriver(), internal.GlobalVariable.waitSecond): null

13-10-2024T23:31:14 - [TEST_STEP][PASSED] - menuManagerUserAccount = wait.until(ExpectedConditions.elementToBeClickable(By.xpath(xpathManagerListAccount))): null

13-10-2024T23:31:15 - [TEST_STEP][PASSED] - menuManagerUserAccount.click(): null

13-10-2024T23:31:15 - [TEST_STEP][PASSED] - userCode = wait.until(ExpectedConditions.visibilityOfElementLocated(By.xpath(xpathUserCode))): null

13-10-2024T23:31:18 - [TEST_STEP][PASSED] - println(userCode.getText()): null

13-10-2024T23:31:18 - [TEST_STEP][PASSED] - accountBtn = wait.until(ExpectedConditions.elementToBeClickable(By.xpath(xpathBtnAccount))): null

13-10-2024T23:31:19 - [TEST_STEP][PASSED] - accountBtn.click(): null

13-10-2024T23:31:19 - [TEST_STEP][PASSED] - searchTextbox = wait.until(ExpectedConditions.elementToBeClickable(By.xpath(xpathSearchTextbox))): null

13-10-2024T23:31:19 - [TEST_STEP][PASSED] - searchTextbox.sendKeys(username): null

13-10-2024T23:31:19 - [TEST_STEP][PASSED] - xpath(xpathOption)).click(): null

13-10-2024T23:31:19 - [TEST_STEP][PASSED] - xpath(xpathBtnSearch)).click(): null

13-10-2024T23:31:20 - [TEST_STEP][PASSED] - lockBalance = driver.findElement(By.xpath("//strong[contains(text(),'Số dư không được rút:')]")): null

13-10-2024T23:31:21 - [TEST_STEP][PASSED] - script = "return arguments[0].nextSibling.textContent;": null

13-10-2024T23:31:21 - [TEST_STEP][PASSED] - lockBalanceAf = js.executeScript(script, lockBalance): null

13-10-2024T23:31:21 - [TEST_STEP][PASSED] - result = replace("VNĐ", "").trim(): null

13-10-2024T23:31:21 - [TEST_STEP][PASSED] - lockBalanceAf1 = lockBalanceAf.replaceAll("[^0-9]", ""): null

13-10-2024T23:31:21 - [TEST_STEP][PASSED] - lockBalanceBf = Integer.parseInt(lockBalanceAf1): null

13-10-2024T23:31:21 - [TEST_STEP][PASSED] - out.println("Thu ho " + lockBalanceBf): null

13-10-2024T23:31:21 - [TEST_STEP][PASSED] - Assert.assertEquals(xpath(xpathAccountName)).getText(), username): null

13-10-2024T23:31:21 - [TEST_STEP][PASSED] - xpath(xpathBtnRutTien)).click(): null

13-10-2024T23:31:21 - [TEST_STEP][PASSED] - wait.until(ExpectedConditions.visibilityOfElementLocated(By.xpath(xpathUser))): null

13-10-2024T23:31:30 - [TEST_STEP][PASSED] - xpath(xpathViRut)).click(): null

13-10-2024T23:31:30 - [TEST_STEP][PASSED] - sleep(1000): null

13-10-2024T23:31:31 - [TEST_STEP][PASSED] - xpath(xpathOptionThuho)).click(): null

13-10-2024T23:31:31 - [TEST_STEP][PASSED] - xpath(xpathDay)).click(): null

13-10-2024T23:31:32 - [TEST_STEP][PASSED] - xpath(xpathToday)).click(): null

13-10-2024T23:31:32 - [TEST_STEP][PASSED] - xpath(xpathDayClicked)).click(): null

13-10-2024T23:31:32 - [TEST_STEP][PASSED] - xpath(BtnOkXpath))).click(): null

13-10-2024T23:31:33 - [TEST_STEP][PASSED] - overbalance = driver.findElement(By.xpath(xpathLabelAvailbeWallet)): null

13-10-2024T23:31:34 - [TEST_STEP][PASSED] - inputValue = overbalance.getAttribute("value"): null

13-10-2024T23:31:34 - [TEST_STEP][PASSED] - numericString = inputValue.replaceAll("[^0-9]", ""): null

13-10-2024T23:31:34 - [TEST_STEP][PASSED] - walletBalance = Integer.parseInt(numericString): null

13-10-2024T23:31:34 - [TEST_STEP][PASSED] - availbeBalance = driver.findElement(By.xpath("//label[contains(text(),'Số dư khả dụng')]/following::input[1]")): null

13-10-2024T23:31:34 - [TEST_STEP][PASSED] - outputValue = availbeBalance.getAttribute("value"): null

13-10-2024T23:31:34 - [TEST_STEP][PASSED] - outputValueClear = outputValue.replaceAll("[^0-9]", ""): null

13-10-2024T23:31:34 - [TEST_STEP][PASSED] - availbeBalanceInt = Integer.parseInt(outputValueClear): null

13-10-2024T23:31:34 - [TEST_STEP][PASSED] - xpath(xpathFieldAmount)).sendKeys(amountValid): null

13-10-2024T23:31:34 - [TEST_STEP][PASSED] - xpath(xpathConfirm)).click(): null

13-10-2024T23:31:35 - [TEST_STEP][PASSED] - approveButton = wait.until(ExpectedConditions.elementToBeClickable(By.xpath(xpathAcceptFirst))): null

13-10-2024T23:31:36 - [TEST_STEP][PASSED] - js.executeScript("arguments[0].scrollIntoView(true);", approveButton): null

13-10-2024T23:31:36 - [TEST_STEP][PASSED] - approveButton.click(): null

13-10-2024T23:31:36 - [TEST_STEP][PASSED] - Thread.sleep(1000): null

13-10-2024T23:31:37 - [TEST_STEP][PASSED] - xpath(BtnOkXpath))).click(): null

13-10-2024T23:31:37 - [TEST_STEP][PASSED] - xpath(xpathBtnOk)).click(): null

13-10-2024T23:31:38 - [TEST_STEP][PASSED] - navigate().refresh(): null

13-10-2024T23:31:38 - [TEST_STEP][PASSED] - approveButton1 = wait.until(ExpectedConditions.elementToBeClickable(By.xpath(xpathAcceptSecond))): null

13-10-2024T23:31:39 - [TEST_STEP][PASSED] - js.executeScript("arguments[0].scrollIntoView(true);", approveButton1): null

13-10-2024T23:31:39 - [TEST_STEP][PASSED] - approveButton1.click(): null

13-10-2024T23:31:39 - [TEST_STEP][PASSED] - Thread.sleep(1000): null

13-10-2024T23:31:40 - [TEST_STEP][PASSED] - xpath(BtnOkXpath)).click(): null

13-10-2024T23:31:40 - [TEST_STEP][PASSED] - xpath(xpathBtnOk)).click(): null

13-10-2024T23:31:41 - [TEST_STEP][PASSED] - navigate().refresh(): null

13-10-2024T23:31:41 - [TEST_STEP][PASSED] - approveButton2 = wait.until(ExpectedConditions.elementToBeClickable(By.xpath(xpathAcceptThird))): null

13-10-2024T23:31:42 - [TEST_STEP][PASSED] - js.executeScript("arguments[0].scrollIntoView(true);", approveButton2): null

13-10-2024T23:31:42 - [TEST_STEP][PASSED] - approveButton2.click(): null

13-10-2024T23:31:42 - [TEST_STEP][PASSED] - Thread.sleep(1000): null

13-10-2024T23:31:43 - [TEST_STEP][PASSED] - xpath(BtnOkXpath)).click(): null

13-10-2024T23:31:43 - [TEST_STEP][PASSED] - xpath(xpathBtnOk)).click(): null

13-10-2024T23:31:44 - [TEST_STEP][PASSED] - navigate().refresh(): null

13-10-2024T23:31:44 - [TEST_STEP][PASSED] - approveButton3 = wait.until(ExpectedConditions.elementToBeClickable(By.xpath(xpathAcceptFinally))): null

13-10-2024T23:31:45 - [TEST_STEP][PASSED] - js.executeScript("arguments[0].scrollIntoView(true);", approveButton3): null

13-10-2024T23:31:45 - [TEST_STEP][PASSED] - approveButton3.click(): null

13-10-2024T23:31:46 - [TEST_STEP][PASSED] - Thread.sleep(1000): null

13-10-2024T23:31:47 - [TEST_STEP][PASSED] - xpath(BtnOkXpath)).click(): null

13-10-2024T23:31:47 - [TEST_STEP][PASSED] - xpath(xpathBtnOk)).click(): null

13-10-2024T23:31:48 - [TEST_STEP][PASSED] - callTestCase(findTestCase("Test Cases/Quản lý tài khoản merchant/Quản lý danh sách tài khoản/CustomeFuncRutTien"), [:], STOP_ON_FAILURE): Call Test Case 'Test Cases/Quản lý tài khoản merchant/Quản lý danh sách tài khoản/CustomeFuncRutTien' successfully

13-10-2024T23:31:48 - [TEST_CASE][PASSED] - Test Cases/Quản lý tài khoản merchant/Quản lý danh sách tài khoản/CustomeFuncRutTien: Test Cases/Quản lý tài khoản merchant/Quản lý danh sách tài khoản/CustomeFuncRutTien

13-10-2024T23:31:48 - [TEST_STEP][PASSED] - driver = getWebDriver(): null

13-10-2024T23:31:48 - [TEST_STEP][PASSED] - sleep(2000): null

13-10-2024T23:31:50 - [TEST_STEP][PASSED] - element1 = driver.findElement(By.xpath(xpathManagerMC)): null

13-10-2024T23:31:50 - [TEST_STEP][PASSED] - actions = new org.openqa.selenium.interactions.Actions(driver): null

13-10-2024T23:31:50 - [TEST_STEP][PASSED] - click().perform(): null

13-10-2024T23:31:50 - [TEST_STEP][PASSED] - wait = new org.openqa.selenium.support.ui.WebDriverWait(com.kms.katalon.core.webui.driver.DriverFactory.getWebDriver(), 15): null

13-10-2024T23:31:50 - [TEST_STEP][PASSED] - element2 = wait.until(ExpectedConditions.elementToBeClickable(By.xpath(xpathManagerListAccount))): null

13-10-2024T23:31:51 - [TEST_STEP][PASSED] - click().perform(): null

13-10-2024T23:31:51 - [MESSAGE][PASSED] - Call Test Case 'Test Cases/Quản lý tài khoản merchant/Quản lý danh sách tài khoản/CustomeFuncRutTien' successfully

13-10-2024T23:31:51 - [TEST_STEP][PASSED] - xpath(xpathBtnAccount)).click(): null

13-10-2024T23:31:54 - [TEST_STEP][PASSED] - xpath(xpathSearchField)).sendKeys(username): null

13-10-2024T23:31:54 - [TEST_STEP][PASSED] - xpath(xpathOption)).click(): null

13-10-2024T23:31:54 - [TEST_STEP][PASSED] - xpath(xpathBtnSearch)).click(): null

13-10-2024T23:31:55 - [TEST_STEP][PASSED] - afterWithdraw = driver.findElement(By.xpath(xpathAvailbleBalancePayin)): null

13-10-2024T23:31:56 - [TEST_STEP][PASSED] - script1 = "return arguments[0].nextSibling.textContent;": null

13-10-2024T23:31:56 - [TEST_STEP][PASSED] - afterWithdraw1 = js.executeScript(script1, afterWithdraw): null

13-10-2024T23:31:56 - [TEST_STEP][PASSED] - numericString1 = afterWithdraw1.replaceAll("[^0-9]", ""): null

13-10-2024T23:31:56 - [TEST_STEP][PASSED] - thuHo1 = Integer.parseInt(numericString1): null

13-10-2024T23:31:56 - [TEST_STEP][PASSED] - amountTransaction1 = Integer.parseInt(amountValid): null

13-10-2024T23:31:56 - [TEST_STEP][PASSED] - if (thuHo1 == walletBalance - amountTransaction1): Test case đã pass với số tiền chưa được trừ khỏi tài khoản.

13-10-2024T23:31:56 - [TEST_STEP][PASSED] - println("Số tiền đã đúng "): null

13-10-2024T23:31:56 - [TEST_STEP][PASSED] - markPassed("Test case đã pass với số tiền chưa được trừ khỏi tài khoản."): Test case đã pass với số tiền chưa được trừ khỏi tài khoản.

13-10-2024T23:31:56 - [MESSAGE][PASSED] - Test case đã pass với số tiền chưa được trừ khỏi tài khoản.

13-10-2024T23:31:56 - [TEST_STEP][PASSED] - Start listener action : sampleAfterTestCase: null

13-10-2024T23:31:56 - [TEST_STEP][PASSED] - testCaseId = testCaseContext.getTestCaseId(): null

13-10-2024T23:31:56 - [TEST_STEP][PASSED] - if (testCaseId == "Test Cases/Quản lý tài khoản merchant/Quản lý dịch vụ merchant/TC_13_Kiểm tra chức năng xác nhận cấu hình thay đổi VA"): null]]></system-out>
         <system-err><![CDATA[]]></system-err>
      </testcase>
      <testcase name="Test Cases/Quản lý tài khoản merchant/Quản lý danh sách tài khoản/Rút tiền/TC_12_Kiểm tra khi rút tiền số tiền bé hơn số tiền có thể rút do tạm giữ và chọn chấp nhận cho rút số tiền tạm giữ" time="57.392" classname="Test Cases/Quản lý tài khoản merchant/Quản lý danh sách tài khoản/Rút tiền/TC_12_Kiểm tra khi rút tiền số tiền bé hơn số tiền có thể rút do tạm giữ và chọn chấp nhận cho rút số tiền tạm giữ" status="PASSED">
         <system-out><![CDATA[13-10-2024T23:31:56 - [TEST_CASE][PASSED] - Test Cases/Quản lý tài khoản merchant/Quản lý danh sách tài khoản/Rút tiền/TC_12_Kiểm tra khi rút tiền số tiền bé hơn số tiền có thể rút do tạm giữ và chọn chấp nhận cho rút số tiền tạm giữ: Test Cases/Quản lý tài khoản merchant/Quản lý danh sách tài khoản/Rút tiền/TC_12_Kiểm tra khi rút tiền số tiền bé hơn số tiền có thể rút do tạm giữ và chọn chấp nhận cho rút số tiền tạm giữ

13-10-2024T23:31:56 - [TEST_STEP][PASSED] - Start listener action : sampleBeforeTestCase: Navigate to 'https://stg-cms-console.9pay.mobi/login' successfully

13-10-2024T23:31:56 - [TEST_STEP][PASSED] - testCaseId = testCaseContext.getTestCaseId(): null

13-10-2024T23:31:56 - [TEST_STEP][PASSED] - url = <not implemented yet for class: org.codehaus.groovy.ast.expr.EmptyExpression>: null

13-10-2024T23:31:56 - [TEST_STEP][PASSED] - if (testCaseId == "Test Cases/Quản lý tài khoản merchant/Quản lý dịch vụ merchant/TC_14_Kiểm tra thay đổi sau khi cấu hình VA trên MCV"): null

13-10-2024T23:31:56 - [TEST_STEP][PASSED] - else: null

13-10-2024T23:31:56 - [TEST_STEP][PASSED] - url = "https://stg-cms-console.9pay.mobi/login": null

13-10-2024T23:31:56 - [TEST_STEP][PASSED] - openBrowser(""): Browser is opened with url: ''

13-10-2024T23:31:56 - [MESSAGE][WARNING] - A browser is already opened. Closing browser and opening a new one

13-10-2024T23:31:56 - [MESSAGE][INFO] - Starting 'Chrome' driver

13-10-2024T23:31:56 - [MESSAGE][INFO] - Action delay is set to 0 milliseconds

13-10-2024T23:31:57 - [MESSAGE][PASSED] - Browser is opened with url: ''

13-10-2024T23:31:57 - [TEST_STEP][PASSED] - maximizeWindow(): Current window maximized

13-10-2024T23:31:57 - [MESSAGE][PASSED] - Current window maximized

13-10-2024T23:31:57 - [TEST_STEP][PASSED] - navigateToUrl(url): Navigate to 'https://stg-cms-console.9pay.mobi/login' successfully

13-10-2024T23:32:01 - [MESSAGE][PASSED] - Navigate to 'https://stg-cms-console.9pay.mobi/login' successfully

13-10-2024T23:32:01 - [TEST_STEP][PASSED] - driver = getWebDriver(): null

13-10-2024T23:32:01 - [TEST_STEP][PASSED] - js = driver: null

13-10-2024T23:32:01 - [TEST_STEP][PASSED] - callTestCase(findTestCase("Test Cases/Login/LoginCommon"), [:], STOP_ON_FAILURE): Call Test Case 'Test Cases/Login/LoginCommon' successfully

13-10-2024T23:32:01 - [TEST_CASE][PASSED] - Test Cases/Login/LoginCommon: Test Cases/Login/LoginCommon

13-10-2024T23:32:01 - [TEST_STEP][PASSED] - driver = getWebDriver(): null

13-10-2024T23:32:01 - [TEST_STEP][PASSED] - sendKeys(findTestObject("Quản lý tài khoản merchant/Quản lý dịch vụ merchant/userNameTextbox"), userAccount): Keys 'dannt@9pay.vn' sent to object: 'Object Repository/Quản lý tài khoản merchant/Quản lý dịch vụ merchant/userNameTextbox'

13-10-2024T23:32:01 - [MESSAGE][PASSED] - Keys 'dannt@9pay.vn' sent to object: 'Object Repository/Quản lý tài khoản merchant/Quản lý dịch vụ merchant/userNameTextbox'

13-10-2024T23:32:01 - [TEST_STEP][PASSED] - sendKeys(findTestObject("Quản lý tài khoản merchant/Quản lý dịch vụ merchant/passwordTextbox"), password): Keys 'dannt@9pay.vn' sent to object: 'Object Repository/Quản lý tài khoản merchant/Quản lý dịch vụ merchant/passwordTextbox'

13-10-2024T23:32:01 - [MESSAGE][PASSED] - Keys 'dannt@9pay.vn' sent to object: 'Object Repository/Quản lý tài khoản merchant/Quản lý dịch vụ merchant/passwordTextbox'

13-10-2024T23:32:01 - [TEST_STEP][PASSED] - click(findTestObject("Quản lý tài khoản merchant/Quản lý dịch vụ merchant/loginButton")): Object: 'Object Repository/Quản lý tài khoản merchant/Quản lý dịch vụ merchant/loginButton' is clicked on

13-10-2024T23:32:02 - [MESSAGE][PASSED] - Object: 'Object Repository/Quản lý tài khoản merchant/Quản lý dịch vụ merchant/loginButton' is clicked on

13-10-2024T23:32:02 - [MESSAGE][PASSED] - Call Test Case 'Test Cases/Login/LoginCommon' successfully

13-10-2024T23:32:02 - [TEST_STEP][PASSED] - waitForElementVisible(findTestObject("Trang chủ/userName"), waitSecond, STOP_ON_FAILURE): Object 'Object Repository/Trang chủ/userName' is visible

13-10-2024T23:32:12 - [MESSAGE][PASSED] - Object 'Object Repository/Trang chủ/userName' is visible

13-10-2024T23:32:12 - [TEST_STEP][PASSED] - click(findTestObject("Quản lý tài khoản merchant/menuManagerMerchantAccount")): Object: 'Object Repository/Quản lý tài khoản merchant/menuManagerMerchantAccount' is clicked on

13-10-2024T23:32:13 - [MESSAGE][PASSED] - Object: 'Object Repository/Quản lý tài khoản merchant/menuManagerMerchantAccount' is clicked on

13-10-2024T23:32:13 - [TEST_STEP][PASSED] - waitForElementVisible(findTestObject("Quản lý tài khoản merchant/Quản lý dịch vụ merchant/menuManagerMerchantService"), 30, STOP_ON_FAILURE): Object 'Object Repository/Quản lý tài khoản merchant/Quản lý dịch vụ merchant/menuManagerMerchantService' is visible

13-10-2024T23:32:13 - [MESSAGE][PASSED] - Object 'Object Repository/Quản lý tài khoản merchant/Quản lý dịch vụ merchant/menuManagerMerchantService' is visible

13-10-2024T23:32:13 - [TEST_STEP][PASSED] - wait = new org.openqa.selenium.support.ui.WebDriverWait(com.kms.katalon.core.webui.driver.DriverFactory.getWebDriver(), internal.GlobalVariable.waitSecond): null

13-10-2024T23:32:13 - [TEST_STEP][PASSED] - menuManagerUserAccount = wait.until(ExpectedConditions.elementToBeClickable(By.xpath(xpathManagerListAccount))): null

13-10-2024T23:32:13 - [TEST_STEP][PASSED] - menuManagerUserAccount.click(): null

13-10-2024T23:32:13 - [TEST_STEP][PASSED] - userCode = wait.until(ExpectedConditions.visibilityOfElementLocated(By.xpath(xpathUserCode))): null

13-10-2024T23:32:18 - [TEST_STEP][PASSED] - println(userCode.getText()): null

13-10-2024T23:32:18 - [TEST_STEP][PASSED] - accountBtn = wait.until(ExpectedConditions.elementToBeClickable(By.xpath(xpathBtnAccount))): null

13-10-2024T23:32:18 - [TEST_STEP][PASSED] - accountBtn.click(): null

13-10-2024T23:32:18 - [TEST_STEP][PASSED] - searchTextbox = wait.until(ExpectedConditions.elementToBeClickable(By.xpath(xpathSearchTextbox))): null

13-10-2024T23:32:18 - [TEST_STEP][PASSED] - searchTextbox.sendKeys(username): null

13-10-2024T23:32:19 - [TEST_STEP][PASSED] - xpath(xpathOption)).click(): null

13-10-2024T23:32:19 - [TEST_STEP][PASSED] - xpath(xpathBtnSearch)).click(): null

13-10-2024T23:32:19 - [TEST_STEP][PASSED] - lockBalance = driver.findElement(By.xpath("//strong[contains(text(),'Số dư không được rút:')]")): null

13-10-2024T23:32:20 - [TEST_STEP][PASSED] - script = "return arguments[0].nextSibling.textContent;": null

13-10-2024T23:32:20 - [TEST_STEP][PASSED] - lockBalanceAf = js.executeScript(script, lockBalance): null

13-10-2024T23:32:20 - [TEST_STEP][PASSED] - result = replace("VNĐ", "").trim(): null

13-10-2024T23:32:20 - [TEST_STEP][PASSED] - lockBalanceAf1 = lockBalanceAf.replaceAll("[^0-9]", ""): null

13-10-2024T23:32:20 - [TEST_STEP][PASSED] - lockBalanceBf = Integer.parseInt(lockBalanceAf1): null

13-10-2024T23:32:20 - [TEST_STEP][PASSED] - out.println("Thu ho " + lockBalanceBf): null

13-10-2024T23:32:20 - [TEST_STEP][PASSED] - Assert.assertEquals(xpath(xpathAccountName)).getText(), username): null

13-10-2024T23:32:20 - [TEST_STEP][PASSED] - xpath(xpathBtnRutTien)).click(): null

13-10-2024T23:32:21 - [TEST_STEP][PASSED] - wait.until(ExpectedConditions.visibilityOfElementLocated(By.xpath(xpathUser))): null

13-10-2024T23:32:26 - [TEST_STEP][PASSED] - xpath(xpathViRut)).click(): null

13-10-2024T23:32:26 - [TEST_STEP][PASSED] - sleep(1000): null

13-10-2024T23:32:27 - [TEST_STEP][PASSED] - xpath(xpathOptionThuho)).click(): null

13-10-2024T23:32:28 - [TEST_STEP][PASSED] - xpath(xpathDay)).click(): null

13-10-2024T23:32:28 - [TEST_STEP][PASSED] - xpath(xpathToday)).click(): null

13-10-2024T23:32:28 - [TEST_STEP][PASSED] - xpath(xpathDayClicked)).click(): null

13-10-2024T23:32:29 - [TEST_STEP][PASSED] - xpath(BtnOkXpath))).click(): null

13-10-2024T23:32:29 - [TEST_STEP][PASSED] - overbalance = driver.findElement(By.xpath(xpathLabelAvailbeWallet)): null

13-10-2024T23:32:30 - [TEST_STEP][PASSED] - inputValue = overbalance.getAttribute("value"): null

13-10-2024T23:32:30 - [TEST_STEP][PASSED] - numericString = inputValue.replaceAll("[^0-9]", ""): null

13-10-2024T23:32:30 - [TEST_STEP][PASSED] - walletBalance = Integer.parseInt(numericString): null

13-10-2024T23:32:30 - [TEST_STEP][PASSED] - availbeBalance = driver.findElement(By.xpath("//label[contains(text(),'Số dư khả dụng')]/following::input[1]")): null

13-10-2024T23:32:30 - [TEST_STEP][PASSED] - outputValue = availbeBalance.getAttribute("value"): null

13-10-2024T23:32:30 - [TEST_STEP][PASSED] - outputValueClear = outputValue.replaceAll("[^0-9]", ""): null

13-10-2024T23:32:30 - [TEST_STEP][PASSED] - availbeBalanceInt = Integer.parseInt(outputValueClear): null

13-10-2024T23:32:30 - [TEST_STEP][PASSED] - xpath(xpathFieldAmount)).sendKeys(amountValid): null

13-10-2024T23:32:30 - [TEST_STEP][PASSED] - xpath("//label[contains(text(),'Chấp nhận cho rút số tiền tạm giữ')]")).click(): null

13-10-2024T23:32:31 - [TEST_STEP][PASSED] - xpath(xpathConfirm)).click(): null

13-10-2024T23:32:31 - [TEST_STEP][PASSED] - approveButton = wait.until(ExpectedConditions.elementToBeClickable(By.xpath(xpathAcceptFirst))): null

13-10-2024T23:32:32 - [TEST_STEP][PASSED] - js.executeScript("arguments[0].scrollIntoView(true);", approveButton): null

13-10-2024T23:32:32 - [TEST_STEP][PASSED] - approveButton.click(): null

13-10-2024T23:32:32 - [TEST_STEP][PASSED] - Thread.sleep(1000): null

13-10-2024T23:32:33 - [TEST_STEP][PASSED] - xpath(BtnOkXpath))).click(): null

13-10-2024T23:32:34 - [TEST_STEP][PASSED] - xpath(xpathBtnOk)).click(): null

13-10-2024T23:32:35 - [TEST_STEP][PASSED] - navigate().refresh(): null

13-10-2024T23:32:35 - [TEST_STEP][PASSED] - approveButton1 = wait.until(ExpectedConditions.elementToBeClickable(By.xpath(xpathAcceptSecond))): null

13-10-2024T23:32:36 - [TEST_STEP][PASSED] - js.executeScript("arguments[0].scrollIntoView(true);", approveButton1): null

13-10-2024T23:32:36 - [TEST_STEP][PASSED] - approveButton1.click(): null

13-10-2024T23:32:36 - [TEST_STEP][PASSED] - Thread.sleep(1000): null

13-10-2024T23:32:37 - [TEST_STEP][PASSED] - xpath(BtnOkXpath)).click(): null

13-10-2024T23:32:37 - [TEST_STEP][PASSED] - xpath(xpathBtnOk)).click(): null

13-10-2024T23:32:38 - [TEST_STEP][PASSED] - navigate().refresh(): null

13-10-2024T23:32:38 - [TEST_STEP][PASSED] - approveButton2 = wait.until(ExpectedConditions.elementToBeClickable(By.xpath(xpathAcceptThird))): null

13-10-2024T23:32:39 - [TEST_STEP][PASSED] - js.executeScript("arguments[0].scrollIntoView(true);", approveButton2): null

13-10-2024T23:32:39 - [TEST_STEP][PASSED] - approveButton2.click(): null

13-10-2024T23:32:39 - [TEST_STEP][PASSED] - Thread.sleep(1000): null

13-10-2024T23:32:40 - [TEST_STEP][PASSED] - xpath(BtnOkXpath)).click(): null

13-10-2024T23:32:41 - [TEST_STEP][PASSED] - xpath(xpathBtnOk)).click(): null

13-10-2024T23:32:42 - [TEST_STEP][PASSED] - navigate().refresh(): null

13-10-2024T23:32:42 - [TEST_STEP][PASSED] - approveButton3 = wait.until(ExpectedConditions.elementToBeClickable(By.xpath(xpathAcceptFinally))): null

13-10-2024T23:32:43 - [TEST_STEP][PASSED] - js.executeScript("arguments[0].scrollIntoView(true);", approveButton3): null

13-10-2024T23:32:43 - [TEST_STEP][PASSED] - approveButton3.click(): null

13-10-2024T23:32:43 - [TEST_STEP][PASSED] - Thread.sleep(1000): null

13-10-2024T23:32:44 - [TEST_STEP][PASSED] - xpath(BtnOkXpath)).click(): null

13-10-2024T23:32:44 - [TEST_STEP][PASSED] - xpath(xpathBtnOk)).click(): null

13-10-2024T23:32:45 - [TEST_STEP][PASSED] - callTestCase(findTestCase("Test Cases/Quản lý tài khoản merchant/Quản lý danh sách tài khoản/CustomeFuncRutTien"), [:], STOP_ON_FAILURE): Call Test Case 'Test Cases/Quản lý tài khoản merchant/Quản lý danh sách tài khoản/CustomeFuncRutTien' successfully

13-10-2024T23:32:45 - [TEST_CASE][PASSED] - Test Cases/Quản lý tài khoản merchant/Quản lý danh sách tài khoản/CustomeFuncRutTien: Test Cases/Quản lý tài khoản merchant/Quản lý danh sách tài khoản/CustomeFuncRutTien

13-10-2024T23:32:45 - [TEST_STEP][PASSED] - driver = getWebDriver(): null

13-10-2024T23:32:45 - [TEST_STEP][PASSED] - sleep(2000): null

13-10-2024T23:32:47 - [TEST_STEP][PASSED] - element1 = driver.findElement(By.xpath(xpathManagerMC)): null

13-10-2024T23:32:47 - [TEST_STEP][PASSED] - actions = new org.openqa.selenium.interactions.Actions(driver): null

13-10-2024T23:32:47 - [TEST_STEP][PASSED] - click().perform(): null

13-10-2024T23:32:48 - [TEST_STEP][PASSED] - wait = new org.openqa.selenium.support.ui.WebDriverWait(com.kms.katalon.core.webui.driver.DriverFactory.getWebDriver(), 15): null

13-10-2024T23:32:48 - [TEST_STEP][PASSED] - element2 = wait.until(ExpectedConditions.elementToBeClickable(By.xpath(xpathManagerListAccount))): null

13-10-2024T23:32:48 - [TEST_STEP][PASSED] - click().perform(): null

13-10-2024T23:32:48 - [MESSAGE][PASSED] - Call Test Case 'Test Cases/Quản lý tài khoản merchant/Quản lý danh sách tài khoản/CustomeFuncRutTien' successfully

13-10-2024T23:32:48 - [TEST_STEP][PASSED] - xpath(xpathBtnAccount)).click(): null

13-10-2024T23:32:51 - [TEST_STEP][PASSED] - xpath(xpathSearchField)).sendKeys(username): null

13-10-2024T23:32:52 - [TEST_STEP][PASSED] - xpath(xpathOption)).click(): null

13-10-2024T23:32:52 - [TEST_STEP][PASSED] - xpath(xpathBtnSearch)).click(): null

13-10-2024T23:32:52 - [TEST_STEP][PASSED] - afterWithdraw = driver.findElement(By.xpath(xpathAvailbleBalancePayin)): null

13-10-2024T23:32:53 - [TEST_STEP][PASSED] - script1 = "return arguments[0].nextSibling.textContent;": null

13-10-2024T23:32:53 - [TEST_STEP][PASSED] - afterWithdraw1 = js.executeScript(script1, afterWithdraw): null

13-10-2024T23:32:53 - [TEST_STEP][PASSED] - numericString1 = afterWithdraw1.replaceAll("[^0-9]", ""): null

13-10-2024T23:32:53 - [TEST_STEP][PASSED] - thuHo1 = Integer.parseInt(numericString1): null

13-10-2024T23:32:53 - [TEST_STEP][PASSED] - amountTransaction1 = Integer.parseInt(amountValid): null

13-10-2024T23:32:53 - [TEST_STEP][PASSED] - if (thuHo1 == walletBalance - amountTransaction1): Test case đã pass với số tiền chưa được trừ khỏi tài khoản.

13-10-2024T23:32:53 - [TEST_STEP][PASSED] - println("Số tiền đã đúng "): null

13-10-2024T23:32:53 - [TEST_STEP][PASSED] - markPassed("Test case đã pass với số tiền chưa được trừ khỏi tài khoản."): Test case đã pass với số tiền chưa được trừ khỏi tài khoản.

13-10-2024T23:32:53 - [MESSAGE][PASSED] - Test case đã pass với số tiền chưa được trừ khỏi tài khoản.

13-10-2024T23:32:53 - [TEST_STEP][PASSED] - Start listener action : sampleAfterTestCase: null

13-10-2024T23:32:53 - [TEST_STEP][PASSED] - testCaseId = testCaseContext.getTestCaseId(): null

13-10-2024T23:32:53 - [TEST_STEP][PASSED] - if (testCaseId == "Test Cases/Quản lý tài khoản merchant/Quản lý dịch vụ merchant/TC_13_Kiểm tra chức năng xác nhận cấu hình thay đổi VA"): null]]></system-out>
         <system-err><![CDATA[]]></system-err>
      </testcase>
      <system-out><![CDATA[13-10-2024T23:24:13 - [TEST_SUITE][ERROR] - Rút tiền: Test Cases/Quản lý tài khoản merchant/Quản lý danh sách tài khoản/Rút tiền/TC_10_Kiểm tra khi rút tiền số tiền lớn hơn số tiền có thể rút do tạm giữ FAILED.
Reason:
org.openqa.selenium.NoSuchElementException: no such element: Unable to locate element: {"method":"xpath","selector":"//p[contains(text(),'Số tiền rút không được lớn hơn 197,499,423VNĐ')]"}
  (Session info: chrome=129.0.6668.91)
For documentation on this error, please visit: https://www.seleniumhq.org/exceptions/no_such_element.html
Build info: version: '3.141.59', revision: 'unknown', time: 'unknown'
System info: host: 'Aidan', ip: '2405:4803:fd90:9ef0:35c5:6ea1:b1e8:64e8%en0', os.name: 'Mac OS X', os.arch: 'aarch64', os.version: '15.0.1', java.version: '17.0.7'
Driver info: com.kms.katalon.selenium.driver.CChromeDriver
Capabilities {acceptInsecureCerts: false, browserName: chrome, browserVersion: 129.0.6668.91, chrome: {chromedriverVersion: 128.0.6613.84 (606aa55c7d68..., userDataDir: /var/folders/t5/b7k67ybj7gz...}, fedcm:accounts: true, goog:chromeOptions: {debuggerAddress: localhost:52660}, javascriptEnabled: true, networkConnectionEnabled: false, pageLoadStrategy: normal, platform: MAC, platformName: MAC, proxy: Proxy(), setWindowRect: true, strictFileInteractability: false, timeouts: {implicit: 0, pageLoad: 300000, script: 30000}, unhandledPromptBehavior: dismiss and notify, webauthn:extension:credBlob: true, webauthn:extension:largeBlob: true, webauthn:extension:minPinLength: true, webauthn:extension:prf: true, webauthn:virtualAuthenticators: true}
Session ID: b4121e46232774f3f553023ed0e898d0
*** Element info: {Using=xpath, value=//p[contains(text(),'Số tiền rút không được lớn hơn 197,499,423VNĐ')]}
	at jdk.internal.reflect.GeneratedConstructorAccessor22.newInstance(Unknown Source)
	at java.base/jdk.internal.reflect.DelegatingConstructorAccessorImpl.newInstance(DelegatingConstructorAccessorImpl.java:45)
	at org.openqa.selenium.remote.http.W3CHttpResponseCodec.createException(W3CHttpResponseCodec.java:187)
	at org.openqa.selenium.remote.http.W3CHttpResponseCodec.decode(W3CHttpResponseCodec.java:122)
	at org.openqa.selenium.remote.http.W3CHttpResponseCodec.decode(W3CHttpResponseCodec.java:49)
	at org.openqa.selenium.remote.HttpCommandExecutor.execute(HttpCommandExecutor.java:158)
	at org.openqa.selenium.remote.service.DriverCommandExecutor.execute(DriverCommandExecutor.java:83)
	at org.openqa.selenium.remote.RemoteWebDriver.execute(RemoteWebDriver.java:552)
	at com.kms.katalon.selenium.driver.CChromeDriver.execute(CChromeDriver.java:19)
	at org.openqa.selenium.remote.RemoteWebDriver.findElement(RemoteWebDriver.java:323)
	at org.openqa.selenium.remote.RemoteWebDriver.findElementByXPath(RemoteWebDriver.java:428)
	at org.openqa.selenium.By$ByXPath.findElement(By.java:353)
	at org.openqa.selenium.remote.RemoteWebDriver.findElement(RemoteWebDriver.java:315)
	at jdk.internal.reflect.GeneratedMethodAccessor9.invoke(Unknown Source)
	at java.base/jdk.internal.reflect.DelegatingMethodAccessorImpl.invoke(DelegatingMethodAccessorImpl.java:43)
	at org.openqa.selenium.support.events.EventFiringWebDriver.lambda$new$1(EventFiringWebDriver.java:105)
	at jdk.proxy2/jdk.proxy2.$Proxy22.findElement(Unknown Source)
	at org.openqa.selenium.support.events.EventFiringWebDriver.findElement(EventFiringWebDriver.java:194)
	at TC_10_Kiểm tra khi rút tiền số tiền lớn hơn số tiền có thể rút do tạm giữ.run(TC_10_Kiểm tra khi rút tiền số tiền lớn hơn số tiền có thể rút do tạm giữ:94)
	at com.kms.katalon.core.main.ScriptEngine.run(ScriptEngine.java:194)
	at com.kms.katalon.core.main.ScriptEngine.runScriptAsRawText(ScriptEngine.java:119)
	at com.kms.katalon.core.main.TestCaseExecutor.runScript(TestCaseExecutor.java:448)
	at com.kms.katalon.core.main.TestCaseExecutor.doExecute(TestCaseExecutor.java:439)
	at com.kms.katalon.core.main.TestCaseExecutor.processExecutionPhase(TestCaseExecutor.java:418)
	at com.kms.katalon.core.main.TestCaseExecutor.accessMainPhase(TestCaseExecutor.java:410)
	at com.kms.katalon.core.main.TestCaseExecutor.execute(TestCaseExecutor.java:285)
	at com.kms.katalon.core.common.CommonExecutor.accessTestCaseMainPhase(CommonExecutor.java:65)
	at com.kms.katalon.core.main.TestSuiteExecutor.accessTestSuiteMainPhase(TestSuiteExecutor.java:150)
	at com.kms.katalon.core.main.TestSuiteExecutor.execute(TestSuiteExecutor.java:106)
	at com.kms.katalon.core.main.TestCaseMain.startTestSuite(TestCaseMain.java:180)
	at TempTestSuite1728836648372.run(TempTestSuite1728836648372.groovy:35)
	at java.base/jdk.internal.reflect.NativeMethodAccessorImpl.invoke0(Native Method)
	at java.base/jdk.internal.reflect.NativeMethodAccessorImpl.invoke(NativeMethodAccessorImpl.java:77)
	at java.base/jdk.internal.reflect.DelegatingMethodAccessorImpl.invoke(DelegatingMethodAccessorImpl.java:43)]]></system-out>
      <system-err><![CDATA[13-10-2024T23:24:13 - [TEST_SUITE][ERROR] - Rút tiền: Test Cases/Quản lý tài khoản merchant/Quản lý danh sách tài khoản/Rút tiền/TC_10_Kiểm tra khi rút tiền số tiền lớn hơn số tiền có thể rút do tạm giữ FAILED.
Reason:
org.openqa.selenium.NoSuchElementException: no such element: Unable to locate element: {"method":"xpath","selector":"//p[contains(text(),'Số tiền rút không được lớn hơn 197,499,423VNĐ')]"}
  (Session info: chrome=129.0.6668.91)
For documentation on this error, please visit: https://www.seleniumhq.org/exceptions/no_such_element.html
Build info: version: '3.141.59', revision: 'unknown', time: 'unknown'
System info: host: 'Aidan', ip: '2405:4803:fd90:9ef0:35c5:6ea1:b1e8:64e8%en0', os.name: 'Mac OS X', os.arch: 'aarch64', os.version: '15.0.1', java.version: '17.0.7'
Driver info: com.kms.katalon.selenium.driver.CChromeDriver
Capabilities {acceptInsecureCerts: false, browserName: chrome, browserVersion: 129.0.6668.91, chrome: {chromedriverVersion: 128.0.6613.84 (606aa55c7d68..., userDataDir: /var/folders/t5/b7k67ybj7gz...}, fedcm:accounts: true, goog:chromeOptions: {debuggerAddress: localhost:52660}, javascriptEnabled: true, networkConnectionEnabled: false, pageLoadStrategy: normal, platform: MAC, platformName: MAC, proxy: Proxy(), setWindowRect: true, strictFileInteractability: false, timeouts: {implicit: 0, pageLoad: 300000, script: 30000}, unhandledPromptBehavior: dismiss and notify, webauthn:extension:credBlob: true, webauthn:extension:largeBlob: true, webauthn:extension:minPinLength: true, webauthn:extension:prf: true, webauthn:virtualAuthenticators: true}
Session ID: b4121e46232774f3f553023ed0e898d0
*** Element info: {Using=xpath, value=//p[contains(text(),'Số tiền rút không được lớn hơn 197,499,423VNĐ')]}
	at jdk.internal.reflect.GeneratedConstructorAccessor22.newInstance(Unknown Source)
	at java.base/jdk.internal.reflect.DelegatingConstructorAccessorImpl.newInstance(DelegatingConstructorAccessorImpl.java:45)
	at org.openqa.selenium.remote.http.W3CHttpResponseCodec.createException(W3CHttpResponseCodec.java:187)
	at org.openqa.selenium.remote.http.W3CHttpResponseCodec.decode(W3CHttpResponseCodec.java:122)
	at org.openqa.selenium.remote.http.W3CHttpResponseCodec.decode(W3CHttpResponseCodec.java:49)
	at org.openqa.selenium.remote.HttpCommandExecutor.execute(HttpCommandExecutor.java:158)
	at org.openqa.selenium.remote.service.DriverCommandExecutor.execute(DriverCommandExecutor.java:83)
	at org.openqa.selenium.remote.RemoteWebDriver.execute(RemoteWebDriver.java:552)
	at com.kms.katalon.selenium.driver.CChromeDriver.execute(CChromeDriver.java:19)
	at org.openqa.selenium.remote.RemoteWebDriver.findElement(RemoteWebDriver.java:323)
	at org.openqa.selenium.remote.RemoteWebDriver.findElementByXPath(RemoteWebDriver.java:428)
	at org.openqa.selenium.By$ByXPath.findElement(By.java:353)
	at org.openqa.selenium.remote.RemoteWebDriver.findElement(RemoteWebDriver.java:315)
	at jdk.internal.reflect.GeneratedMethodAccessor9.invoke(Unknown Source)
	at java.base/jdk.internal.reflect.DelegatingMethodAccessorImpl.invoke(DelegatingMethodAccessorImpl.java:43)
	at org.openqa.selenium.support.events.EventFiringWebDriver.lambda$new$1(EventFiringWebDriver.java:105)
	at jdk.proxy2/jdk.proxy2.$Proxy22.findElement(Unknown Source)
	at org.openqa.selenium.support.events.EventFiringWebDriver.findElement(EventFiringWebDriver.java:194)
	at TC_10_Kiểm tra khi rút tiền số tiền lớn hơn số tiền có thể rút do tạm giữ.run(TC_10_Kiểm tra khi rút tiền số tiền lớn hơn số tiền có thể rút do tạm giữ:94)
	at com.kms.katalon.core.main.ScriptEngine.run(ScriptEngine.java:194)
	at com.kms.katalon.core.main.ScriptEngine.runScriptAsRawText(ScriptEngine.java:119)
	at com.kms.katalon.core.main.TestCaseExecutor.runScript(TestCaseExecutor.java:448)
	at com.kms.katalon.core.main.TestCaseExecutor.doExecute(TestCaseExecutor.java:439)
	at com.kms.katalon.core.main.TestCaseExecutor.processExecutionPhase(TestCaseExecutor.java:418)
	at com.kms.katalon.core.main.TestCaseExecutor.accessMainPhase(TestCaseExecutor.java:410)
	at com.kms.katalon.core.main.TestCaseExecutor.execute(TestCaseExecutor.java:285)
	at com.kms.katalon.core.common.CommonExecutor.accessTestCaseMainPhase(CommonExecutor.java:65)
	at com.kms.katalon.core.main.TestSuiteExecutor.accessTestSuiteMainPhase(TestSuiteExecutor.java:150)
	at com.kms.katalon.core.main.TestSuiteExecutor.execute(TestSuiteExecutor.java:106)
	at com.kms.katalon.core.main.TestCaseMain.startTestSuite(TestCaseMain.java:180)
	at TempTestSuite1728836648372.run(TempTestSuite1728836648372.groovy:35)
	at java.base/jdk.internal.reflect.NativeMethodAccessorImpl.invoke0(Native Method)
	at java.base/jdk.internal.reflect.NativeMethodAccessorImpl.invoke(NativeMethodAccessorImpl.java:77)
	at java.base/jdk.internal.reflect.DelegatingMethodAccessorImpl.invoke(DelegatingMethodAccessorImpl.java:43)]]></system-err>
   </testsuite>
</testsuites>
