<?xml version="1.0" encoding="UTF-8"?>
<testsuites name="Quản lý dịch vụ merchant" time="363.739" tests="20" failures="3" errors="2">
   <testsuite name="Quản lý dịch vụ merchant" tests="20" failures="3" errors="2" time="363.739" skipped="0" timestamp="12-10-2024T20:01:31" hostname="mac - 192.168.1.10" id="Test Suites/Quản lý tài khoản merchant/Quản lý dịch vụ merchant">
      <properties>
         <property name="deviceName" value=""/>
         <property name="devicePlatform"/>
         <property name="logFolder" value="/Users/mac/Documents/test/Cms9Pay/Reports/20241012_200124/Qu\u1EA3n l\u00FD t\u00E0i kho\u1EA3n merchant/Qu\u1EA3n l\u00FD d\u1ECBch v\u1EE5 merchant/20241012_200125"/>
         <property name="logFiles" value="/Users/mac/Documents/test/Cms9Pay/Reports/20241012_200124/Qu\u1EA3n l\u00FD t\u00E0i kho\u1EA3n merchant/Qu\u1EA3n l\u00FD d\u1ECBch v\u1EE5 merchant/20241012_200125/execution0.log"/>
         <property name="attachments" value=""/>
         <property name="hostName" value="mac - 192.168.1.10"/>
         <property name="os" value="Mac OS X 64bit"/>
         <property name="katalonVersion" value="9.7.2.223"/>
         <property name="browser" value="Chrome 129.0.0.0"/>
         <property name="hostAddress" value="192.168.1.10"/>
         <property name="sessionId" value="261dd4dc537d74c56a507a2bc8ac162f"/>
         <property name="seleniumVersion" value="3.141.59"/>
         <property name="proxyInformation" value="ProxyInformation { proxyOption=NO_PROXY, proxyServerType=HTTP, username=, password=********, proxyServerAddress=, proxyServerPort=0, executionList=&quot;&quot;, isApplyToDesiredCapabilities=true }"/>
         <property name="platform" value="Mac OS X"/>
      </properties>
      <testcase name="Test Cases/Quản lý tài khoản merchant/Quản lý dịch vụ merchant/TC_01_Kiểm tra chức năng search" time="18.442" classname="Test Cases/Quản lý tài khoản merchant/Quản lý dịch vụ merchant/TC_01_Kiểm tra chức năng search" status="PASSED">
         <system-out><![CDATA[12-10-2024T20:01:31 - [TEST_CASE][PASSED] - Test Cases/Quản lý tài khoản merchant/Quản lý dịch vụ merchant/TC_01_Kiểm tra chức năng search: Test Cases/Quản lý tài khoản merchant/Quản lý dịch vụ merchant/TC_01_Kiểm tra chức năng search

12-10-2024T20:01:31 - [TEST_STEP][PASSED] - Start listener action : sampleBeforeTestCase: Navigate to 'https://stg-cms-console.9pay.mobi/login' successfully

12-10-2024T20:01:31 - [TEST_STEP][PASSED] - testCaseId = testCaseContext.getTestCaseId(): null

12-10-2024T20:01:31 - [TEST_STEP][PASSED] - url = <not implemented yet for class: org.codehaus.groovy.ast.expr.EmptyExpression>: null

12-10-2024T20:01:31 - [TEST_STEP][PASSED] - if (testCaseId == "Test Cases/Quản lý tài khoản merchant/Quản lý dịch vụ merchant/Kiểm tra thay đổi sau khi cấu hình VA trên MCV"): null

12-10-2024T20:01:31 - [TEST_STEP][PASSED] - else: null

12-10-2024T20:01:31 - [TEST_STEP][PASSED] - url = "https://stg-cms-console.9pay.mobi/login": null

12-10-2024T20:01:31 - [TEST_STEP][PASSED] - openBrowser(""): Browser is opened with url: ''

12-10-2024T20:01:31 - [MESSAGE][INFO] - Starting 'Chrome' driver

12-10-2024T20:01:31 - [MESSAGE][INFO] - Action delay is set to 0 milliseconds

12-10-2024T20:01:32 - [MESSAGE][PASSED] - Browser is opened with url: ''

12-10-2024T20:01:32 - [TEST_STEP][PASSED] - maximizeWindow(): Current window maximized

12-10-2024T20:01:32 - [MESSAGE][PASSED] - Current window maximized

12-10-2024T20:01:32 - [TEST_STEP][PASSED] - navigateToUrl(url): Navigate to 'https://stg-cms-console.9pay.mobi/login' successfully

12-10-2024T20:01:37 - [MESSAGE][PASSED] - Navigate to 'https://stg-cms-console.9pay.mobi/login' successfully

12-10-2024T20:01:37 - [TEST_STEP][PASSED] - callTestCase(findTestCase("Test Cases/Login/LoginCommon"), [:], STOP_ON_FAILURE): Call Test Case 'Test Cases/Login/LoginCommon' successfully

12-10-2024T20:01:37 - [TEST_CASE][PASSED] - Test Cases/Login/LoginCommon: Test Cases/Login/LoginCommon

12-10-2024T20:01:37 - [TEST_STEP][PASSED] - driver = getWebDriver(): null

12-10-2024T20:01:37 - [TEST_STEP][PASSED] - sendKeys(findTestObject("Quản lý tài khoản merchant/Quản lý dịch vụ merchant/userNameTextbox"), userAccount): Keys 'dannt@9pay.vn' sent to object: 'Object Repository/Quản lý tài khoản merchant/Quản lý dịch vụ merchant/userNameTextbox'

12-10-2024T20:01:38 - [MESSAGE][PASSED] - Keys 'dannt@9pay.vn' sent to object: 'Object Repository/Quản lý tài khoản merchant/Quản lý dịch vụ merchant/userNameTextbox'

12-10-2024T20:01:38 - [TEST_STEP][PASSED] - sendKeys(findTestObject("Quản lý tài khoản merchant/Quản lý dịch vụ merchant/passwordTextbox"), password): Keys 'dannt@9pay.vn' sent to object: 'Object Repository/Quản lý tài khoản merchant/Quản lý dịch vụ merchant/passwordTextbox'

12-10-2024T20:01:38 - [MESSAGE][PASSED] - Keys 'dannt@9pay.vn' sent to object: 'Object Repository/Quản lý tài khoản merchant/Quản lý dịch vụ merchant/passwordTextbox'

12-10-2024T20:01:38 - [TEST_STEP][PASSED] - click(findTestObject("Quản lý tài khoản merchant/Quản lý dịch vụ merchant/loginButton")): Object: 'Object Repository/Quản lý tài khoản merchant/Quản lý dịch vụ merchant/loginButton' is clicked on

12-10-2024T20:01:38 - [MESSAGE][PASSED] - Object: 'Object Repository/Quản lý tài khoản merchant/Quản lý dịch vụ merchant/loginButton' is clicked on

12-10-2024T20:01:38 - [MESSAGE][PASSED] - Call Test Case 'Test Cases/Login/LoginCommon' successfully

12-10-2024T20:01:38 - [TEST_STEP][PASSED] - waitForElementVisible(findTestObject("Trang chủ/userName"), 20, STOP_ON_FAILURE): Object 'Object Repository/Trang chủ/userName' is visible

12-10-2024T20:01:45 - [MESSAGE][PASSED] - Object 'Object Repository/Trang chủ/userName' is visible

12-10-2024T20:01:45 - [TEST_STEP][PASSED] - callTestCase(findTestCase("Test Cases/Quản lý tài khoản merchant/Quản lý danh sách tài khoản/CustomFunctions"), [:], STOP_ON_FAILURE): Call Test Case 'Test Cases/Quản lý tài khoản merchant/Quản lý danh sách tài khoản/CustomFunctions' successfully

12-10-2024T20:01:45 - [TEST_CASE][PASSED] - Test Cases/Quản lý tài khoản merchant/Quản lý danh sách tài khoản/CustomFunctions: Test Cases/Quản lý tài khoản merchant/Quản lý danh sách tài khoản/CustomFunctions

12-10-2024T20:01:45 - [TEST_STEP][PASSED] - driver = getWebDriver(): null

12-10-2024T20:01:45 - [TEST_STEP][PASSED] - sleep(2000): null

12-10-2024T20:01:47 - [TEST_STEP][PASSED] - element1 = driver.findElement(By.xpath(xpathManagerMC)): null

12-10-2024T20:01:47 - [TEST_STEP][PASSED] - actions = new org.openqa.selenium.interactions.Actions(driver): null

12-10-2024T20:01:47 - [TEST_STEP][PASSED] - click().perform(): null

12-10-2024T20:01:47 - [TEST_STEP][PASSED] - wait = new org.openqa.selenium.support.ui.WebDriverWait(com.kms.katalon.core.webui.driver.DriverFactory.getWebDriver(), 15): null

12-10-2024T20:01:47 - [TEST_STEP][PASSED] - element2 = wait.until(ExpectedConditions.elementToBeClickable(By.xpath(xpathManagerServiceMC))): null

12-10-2024T20:01:48 - [TEST_STEP][PASSED] - click().perform(): null

12-10-2024T20:01:48 - [MESSAGE][PASSED] - Call Test Case 'Test Cases/Quản lý tài khoản merchant/Quản lý danh sách tài khoản/CustomFunctions' successfully

12-10-2024T20:01:48 - [TEST_STEP][PASSED] - verifyElementPresent(findTestObject("Quản lý tài khoản merchant/Quản lý dịch vụ merchant/headerMenu"), 3): Object 'Object Repository/Quản lý tài khoản merchant/Quản lý dịch vụ merchant/headerMenu' is present

12-10-2024T20:01:49 - [MESSAGE][PASSED] - Object 'Object Repository/Quản lý tài khoản merchant/Quản lý dịch vụ merchant/headerMenu' is present

12-10-2024T20:01:49 - [TEST_STEP][PASSED] - Start listener action : sampleAfterTestCase: null

12-10-2024T20:01:49 - [TEST_STEP][PASSED] - testCaseId = testCaseContext.getTestCaseId(): null

12-10-2024T20:01:49 - [TEST_STEP][PASSED] - if (testCaseId == "Test Cases/Quản lý tài khoản merchant/Quản lý dịch vụ merchant/Kiểm tra chức năng xác nhận cấu hình thay đổi VA"): null]]></system-out>
         <system-err><![CDATA[]]></system-err>
      </testcase>
      <testcase name="Test Cases/Quản lý tài khoản merchant/Quản lý dịch vụ merchant/TC_02_Kiểm tra chức năng search khi chọn dịch vụ là chi hộ" time="19.026" classname="Test Cases/Quản lý tài khoản merchant/Quản lý dịch vụ merchant/TC_02_Kiểm tra chức năng search khi chọn dịch vụ là chi hộ" status="PASSED">
         <system-out><![CDATA[12-10-2024T20:01:49 - [TEST_CASE][PASSED] - Test Cases/Quản lý tài khoản merchant/Quản lý dịch vụ merchant/TC_02_Kiểm tra chức năng search khi chọn dịch vụ là chi hộ: Test Cases/Quản lý tài khoản merchant/Quản lý dịch vụ merchant/TC_02_Kiểm tra chức năng search khi chọn dịch vụ là chi hộ

12-10-2024T20:01:49 - [TEST_STEP][PASSED] - Start listener action : sampleBeforeTestCase: Navigate to 'https://stg-cms-console.9pay.mobi/login' successfully

12-10-2024T20:01:49 - [TEST_STEP][PASSED] - testCaseId = testCaseContext.getTestCaseId(): null

12-10-2024T20:01:49 - [TEST_STEP][PASSED] - url = <not implemented yet for class: org.codehaus.groovy.ast.expr.EmptyExpression>: null

12-10-2024T20:01:49 - [TEST_STEP][PASSED] - if (testCaseId == "Test Cases/Quản lý tài khoản merchant/Quản lý dịch vụ merchant/Kiểm tra thay đổi sau khi cấu hình VA trên MCV"): null

12-10-2024T20:01:49 - [TEST_STEP][PASSED] - else: null

12-10-2024T20:01:49 - [TEST_STEP][PASSED] - url = "https://stg-cms-console.9pay.mobi/login": null

12-10-2024T20:01:49 - [TEST_STEP][PASSED] - openBrowser(""): Browser is opened with url: ''

12-10-2024T20:01:49 - [MESSAGE][WARNING] - A browser is already opened. Closing browser and opening a new one

12-10-2024T20:01:49 - [MESSAGE][INFO] - Starting 'Chrome' driver

12-10-2024T20:01:49 - [MESSAGE][INFO] - Action delay is set to 0 milliseconds

12-10-2024T20:01:50 - [MESSAGE][PASSED] - Browser is opened with url: ''

12-10-2024T20:01:50 - [TEST_STEP][PASSED] - maximizeWindow(): Current window maximized

12-10-2024T20:01:50 - [MESSAGE][PASSED] - Current window maximized

12-10-2024T20:01:50 - [TEST_STEP][PASSED] - navigateToUrl(url): Navigate to 'https://stg-cms-console.9pay.mobi/login' successfully

12-10-2024T20:01:53 - [MESSAGE][PASSED] - Navigate to 'https://stg-cms-console.9pay.mobi/login' successfully

12-10-2024T20:01:53 - [TEST_STEP][PASSED] - callTestCase(findTestCase("Test Cases/Login/LoginCommon"), [:], STOP_ON_FAILURE): Call Test Case 'Test Cases/Login/LoginCommon' successfully

12-10-2024T20:01:53 - [TEST_CASE][PASSED] - Test Cases/Login/LoginCommon: Test Cases/Login/LoginCommon

12-10-2024T20:01:53 - [TEST_STEP][PASSED] - driver = getWebDriver(): null

12-10-2024T20:01:53 - [TEST_STEP][PASSED] - sendKeys(findTestObject("Quản lý tài khoản merchant/Quản lý dịch vụ merchant/userNameTextbox"), userAccount): Keys 'dannt@9pay.vn' sent to object: 'Object Repository/Quản lý tài khoản merchant/Quản lý dịch vụ merchant/userNameTextbox'

12-10-2024T20:01:53 - [MESSAGE][PASSED] - Keys 'dannt@9pay.vn' sent to object: 'Object Repository/Quản lý tài khoản merchant/Quản lý dịch vụ merchant/userNameTextbox'

12-10-2024T20:01:53 - [TEST_STEP][PASSED] - sendKeys(findTestObject("Quản lý tài khoản merchant/Quản lý dịch vụ merchant/passwordTextbox"), password): Keys 'dannt@9pay.vn' sent to object: 'Object Repository/Quản lý tài khoản merchant/Quản lý dịch vụ merchant/passwordTextbox'

12-10-2024T20:01:53 - [MESSAGE][PASSED] - Keys 'dannt@9pay.vn' sent to object: 'Object Repository/Quản lý tài khoản merchant/Quản lý dịch vụ merchant/passwordTextbox'

12-10-2024T20:01:53 - [TEST_STEP][PASSED] - click(findTestObject("Quản lý tài khoản merchant/Quản lý dịch vụ merchant/loginButton")): Object: 'Object Repository/Quản lý tài khoản merchant/Quản lý dịch vụ merchant/loginButton' is clicked on

12-10-2024T20:01:54 - [MESSAGE][PASSED] - Object: 'Object Repository/Quản lý tài khoản merchant/Quản lý dịch vụ merchant/loginButton' is clicked on

12-10-2024T20:01:54 - [MESSAGE][PASSED] - Call Test Case 'Test Cases/Login/LoginCommon' successfully

12-10-2024T20:01:54 - [TEST_STEP][PASSED] - waitForElementVisible(findTestObject("Trang chủ/userName"), 20, STOP_ON_FAILURE): Object 'Object Repository/Trang chủ/userName' is visible

12-10-2024T20:01:57 - [MESSAGE][PASSED] - Object 'Object Repository/Trang chủ/userName' is visible

12-10-2024T20:01:57 - [TEST_STEP][PASSED] - callTestCase(findTestCase("Test Cases/Quản lý tài khoản merchant/Quản lý danh sách tài khoản/CustomFunctions"), [:], STOP_ON_FAILURE): Call Test Case 'Test Cases/Quản lý tài khoản merchant/Quản lý danh sách tài khoản/CustomFunctions' successfully

12-10-2024T20:01:57 - [TEST_CASE][PASSED] - Test Cases/Quản lý tài khoản merchant/Quản lý danh sách tài khoản/CustomFunctions: Test Cases/Quản lý tài khoản merchant/Quản lý danh sách tài khoản/CustomFunctions

12-10-2024T20:01:57 - [TEST_STEP][PASSED] - driver = getWebDriver(): null

12-10-2024T20:01:57 - [TEST_STEP][PASSED] - sleep(2000): null

12-10-2024T20:01:59 - [TEST_STEP][PASSED] - element1 = driver.findElement(By.xpath(xpathManagerMC)): null

12-10-2024T20:02:00 - [TEST_STEP][PASSED] - actions = new org.openqa.selenium.interactions.Actions(driver): null

12-10-2024T20:02:00 - [TEST_STEP][PASSED] - click().perform(): null

12-10-2024T20:02:00 - [TEST_STEP][PASSED] - wait = new org.openqa.selenium.support.ui.WebDriverWait(com.kms.katalon.core.webui.driver.DriverFactory.getWebDriver(), 15): null

12-10-2024T20:02:00 - [TEST_STEP][PASSED] - element2 = wait.until(ExpectedConditions.elementToBeClickable(By.xpath(xpathManagerServiceMC))): null

12-10-2024T20:02:00 - [TEST_STEP][PASSED] - click().perform(): null

12-10-2024T20:02:00 - [MESSAGE][PASSED] - Call Test Case 'Test Cases/Quản lý tài khoản merchant/Quản lý danh sách tài khoản/CustomFunctions' successfully

12-10-2024T20:02:00 - [TEST_STEP][PASSED] - driver = getWebDriver(): null

12-10-2024T20:02:00 - [TEST_STEP][PASSED] - dropdown = driver.findElement(By.name("service_type")): null

12-10-2024T20:02:03 - [TEST_STEP][PASSED] - xpath("//option[@value='TRANSFER_BANK']")).click(): null

12-10-2024T20:02:03 - [TEST_STEP][PASSED] - click(findTestObject("Quản lý tài khoản merchant/Quản lý dịch vụ merchant/searchBtn")): Object: 'Object Repository/Quản lý tài khoản merchant/Quản lý dịch vụ merchant/searchBtn' is clicked on

12-10-2024T20:02:04 - [MESSAGE][PASSED] - Object: 'Object Repository/Quản lý tài khoản merchant/Quản lý dịch vụ merchant/searchBtn' is clicked on

12-10-2024T20:02:04 - [TEST_STEP][PASSED] - xpath = "//label[contains(@for, 'transfer_provider_EPAY')]": null

12-10-2024T20:02:04 - [TEST_STEP][PASSED] - elements = new java.util.ArrayList(): null

12-10-2024T20:02:04 - [TEST_STEP][PASSED] - elements = driver.findElements(By.xpath(xpath)): null

12-10-2024T20:02:08 - [TEST_STEP][PASSED] - println("Số lượng phần tử: " + elements.size()): null

12-10-2024T20:02:08 - [TEST_STEP][PASSED] - expectedElements = 25: null

12-10-2024T20:02:08 - [TEST_STEP][PASSED] - if (elements.size() == expectedElements): Test case đã pass với số lượng icon đúng.

12-10-2024T20:02:08 - [TEST_STEP][PASSED] - println("Số lượng icon tìm thấy là đúng: " + elements.size()): null

12-10-2024T20:02:08 - [TEST_STEP][PASSED] - markPassed("Test case đã pass với số lượng icon đúng."): Test case đã pass với số lượng icon đúng.

12-10-2024T20:02:08 - [MESSAGE][PASSED] - Test case đã pass với số lượng icon đúng.

12-10-2024T20:02:08 - [TEST_STEP][PASSED] - Start listener action : sampleAfterTestCase: null

12-10-2024T20:02:08 - [TEST_STEP][PASSED] - testCaseId = testCaseContext.getTestCaseId(): null

12-10-2024T20:02:08 - [TEST_STEP][PASSED] - if (testCaseId == "Test Cases/Quản lý tài khoản merchant/Quản lý dịch vụ merchant/Kiểm tra chức năng xác nhận cấu hình thay đổi VA"): null]]></system-out>
         <system-err><![CDATA[]]></system-err>
      </testcase>
      <testcase name="Test Cases/Quản lý tài khoản merchant/Quản lý dịch vụ merchant/TC_03_Kiểm tra chức năng search khi chọn dịch vụ là chi hộ và Active" time="14.396" classname="Test Cases/Quản lý tài khoản merchant/Quản lý dịch vụ merchant/TC_03_Kiểm tra chức năng search khi chọn dịch vụ là chi hộ và Active" status="PASSED">
         <system-out><![CDATA[12-10-2024T20:02:08 - [TEST_CASE][PASSED] - Test Cases/Quản lý tài khoản merchant/Quản lý dịch vụ merchant/TC_03_Kiểm tra chức năng search khi chọn dịch vụ là chi hộ và Active: Test Cases/Quản lý tài khoản merchant/Quản lý dịch vụ merchant/TC_03_Kiểm tra chức năng search khi chọn dịch vụ là chi hộ và Active

12-10-2024T20:02:08 - [TEST_STEP][PASSED] - Start listener action : sampleBeforeTestCase: Navigate to 'https://stg-cms-console.9pay.mobi/login' successfully

12-10-2024T20:02:08 - [TEST_STEP][PASSED] - testCaseId = testCaseContext.getTestCaseId(): null

12-10-2024T20:02:08 - [TEST_STEP][PASSED] - url = <not implemented yet for class: org.codehaus.groovy.ast.expr.EmptyExpression>: null

12-10-2024T20:02:08 - [TEST_STEP][PASSED] - if (testCaseId == "Test Cases/Quản lý tài khoản merchant/Quản lý dịch vụ merchant/Kiểm tra thay đổi sau khi cấu hình VA trên MCV"): null

12-10-2024T20:02:08 - [TEST_STEP][PASSED] - else: null

12-10-2024T20:02:08 - [TEST_STEP][PASSED] - url = "https://stg-cms-console.9pay.mobi/login": null

12-10-2024T20:02:08 - [TEST_STEP][PASSED] - openBrowser(""): Browser is opened with url: ''

12-10-2024T20:02:08 - [MESSAGE][WARNING] - A browser is already opened. Closing browser and opening a new one

12-10-2024T20:02:08 - [MESSAGE][INFO] - Starting 'Chrome' driver

12-10-2024T20:02:08 - [MESSAGE][INFO] - Action delay is set to 0 milliseconds

12-10-2024T20:02:09 - [MESSAGE][PASSED] - Browser is opened with url: ''

12-10-2024T20:02:09 - [TEST_STEP][PASSED] - maximizeWindow(): Current window maximized

12-10-2024T20:02:09 - [MESSAGE][PASSED] - Current window maximized

12-10-2024T20:02:09 - [TEST_STEP][PASSED] - navigateToUrl(url): Navigate to 'https://stg-cms-console.9pay.mobi/login' successfully

12-10-2024T20:02:11 - [MESSAGE][PASSED] - Navigate to 'https://stg-cms-console.9pay.mobi/login' successfully

12-10-2024T20:02:11 - [TEST_STEP][PASSED] - callTestCase(findTestCase("Test Cases/Login/LoginCommon"), [:], STOP_ON_FAILURE): Call Test Case 'Test Cases/Login/LoginCommon' successfully

12-10-2024T20:02:11 - [TEST_CASE][PASSED] - Test Cases/Login/LoginCommon: Test Cases/Login/LoginCommon

12-10-2024T20:02:11 - [TEST_STEP][PASSED] - driver = getWebDriver(): null

12-10-2024T20:02:11 - [TEST_STEP][PASSED] - sendKeys(findTestObject("Quản lý tài khoản merchant/Quản lý dịch vụ merchant/userNameTextbox"), userAccount): Keys 'dannt@9pay.vn' sent to object: 'Object Repository/Quản lý tài khoản merchant/Quản lý dịch vụ merchant/userNameTextbox'

12-10-2024T20:02:12 - [MESSAGE][PASSED] - Keys 'dannt@9pay.vn' sent to object: 'Object Repository/Quản lý tài khoản merchant/Quản lý dịch vụ merchant/userNameTextbox'

12-10-2024T20:02:12 - [TEST_STEP][PASSED] - sendKeys(findTestObject("Quản lý tài khoản merchant/Quản lý dịch vụ merchant/passwordTextbox"), password): Keys 'dannt@9pay.vn' sent to object: 'Object Repository/Quản lý tài khoản merchant/Quản lý dịch vụ merchant/passwordTextbox'

12-10-2024T20:02:12 - [MESSAGE][PASSED] - Keys 'dannt@9pay.vn' sent to object: 'Object Repository/Quản lý tài khoản merchant/Quản lý dịch vụ merchant/passwordTextbox'

12-10-2024T20:02:12 - [TEST_STEP][PASSED] - click(findTestObject("Quản lý tài khoản merchant/Quản lý dịch vụ merchant/loginButton")): Object: 'Object Repository/Quản lý tài khoản merchant/Quản lý dịch vụ merchant/loginButton' is clicked on

12-10-2024T20:02:12 - [MESSAGE][PASSED] - Object: 'Object Repository/Quản lý tài khoản merchant/Quản lý dịch vụ merchant/loginButton' is clicked on

12-10-2024T20:02:12 - [MESSAGE][PASSED] - Call Test Case 'Test Cases/Login/LoginCommon' successfully

12-10-2024T20:02:12 - [TEST_STEP][PASSED] - waitForElementVisible(findTestObject("Trang chủ/userName"), 20, STOP_ON_FAILURE): Object 'Object Repository/Trang chủ/userName' is visible

12-10-2024T20:02:16 - [MESSAGE][PASSED] - Object 'Object Repository/Trang chủ/userName' is visible

12-10-2024T20:02:16 - [TEST_STEP][PASSED] - callTestCase(findTestCase("Test Cases/Quản lý tài khoản merchant/Quản lý danh sách tài khoản/CustomFunctions"), [:], STOP_ON_FAILURE): Call Test Case 'Test Cases/Quản lý tài khoản merchant/Quản lý danh sách tài khoản/CustomFunctions' successfully

12-10-2024T20:02:16 - [TEST_CASE][PASSED] - Test Cases/Quản lý tài khoản merchant/Quản lý danh sách tài khoản/CustomFunctions: Test Cases/Quản lý tài khoản merchant/Quản lý danh sách tài khoản/CustomFunctions

12-10-2024T20:02:16 - [TEST_STEP][PASSED] - driver = getWebDriver(): null

12-10-2024T20:02:16 - [TEST_STEP][PASSED] - sleep(2000): null

12-10-2024T20:02:18 - [TEST_STEP][PASSED] - element1 = driver.findElement(By.xpath(xpathManagerMC)): null

12-10-2024T20:02:18 - [TEST_STEP][PASSED] - actions = new org.openqa.selenium.interactions.Actions(driver): null

12-10-2024T20:02:18 - [TEST_STEP][PASSED] - click().perform(): null

12-10-2024T20:02:18 - [TEST_STEP][PASSED] - wait = new org.openqa.selenium.support.ui.WebDriverWait(com.kms.katalon.core.webui.driver.DriverFactory.getWebDriver(), 15): null

12-10-2024T20:02:18 - [TEST_STEP][PASSED] - element2 = wait.until(ExpectedConditions.elementToBeClickable(By.xpath(xpathManagerServiceMC))): null

12-10-2024T20:02:18 - [TEST_STEP][PASSED] - click().perform(): null

12-10-2024T20:02:19 - [MESSAGE][PASSED] - Call Test Case 'Test Cases/Quản lý tài khoản merchant/Quản lý danh sách tài khoản/CustomFunctions' successfully

12-10-2024T20:02:19 - [TEST_STEP][PASSED] - driver = getWebDriver(): null

12-10-2024T20:02:19 - [TEST_STEP][PASSED] - dropdownService = driver.findElement(By.name("service_type")): null

12-10-2024T20:02:20 - [TEST_STEP][PASSED] - dropdownStt = driver.findElement(By.name("is_active")): null

12-10-2024T20:02:20 - [TEST_STEP][PASSED] - xpath("//option[@value='TRANSFER_BANK']")).click(): null

12-10-2024T20:02:20 - [TEST_STEP][PASSED] - xpath("//option[@value="1"]")).click(): null

12-10-2024T20:02:21 - [TEST_STEP][PASSED] - click(findTestObject("Quản lý tài khoản merchant/Quản lý dịch vụ merchant/searchBtn")): Object: 'Object Repository/Quản lý tài khoản merchant/Quản lý dịch vụ merchant/searchBtn' is clicked on

12-10-2024T20:02:21 - [MESSAGE][PASSED] - Object: 'Object Repository/Quản lý tài khoản merchant/Quản lý dịch vụ merchant/searchBtn' is clicked on

12-10-2024T20:02:21 - [TEST_STEP][PASSED] - xpathPayOn = "//label[contains(@for, 'transfer_provider_EPAY')]": null

12-10-2024T20:02:21 - [TEST_STEP][PASSED] - xpathSttActive = "//td//span[contains(text(),'Đang hoạt động')]": null

12-10-2024T20:02:21 - [TEST_STEP][PASSED] - PayOns = new java.util.ArrayList(): null

12-10-2024T20:02:21 - [TEST_STEP][PASSED] - SttActives = new java.util.ArrayList(): null

12-10-2024T20:02:21 - [TEST_STEP][PASSED] - PayOns = driver.findElements(By.xpath(xpathPayOn)): null

12-10-2024T20:02:22 - [TEST_STEP][PASSED] - SttActives = driver.findElements(By.xpath(xpathSttActive)): null

12-10-2024T20:02:23 - [TEST_STEP][PASSED] - println("Số lượng phần tử chi hộ: " + PayOns.size()): null

12-10-2024T20:02:23 - [TEST_STEP][PASSED] - println("Số lượng phần tử active là: " + SttActives.size()): null

12-10-2024T20:02:23 - [TEST_STEP][PASSED] - expectedElements = 25: null

12-10-2024T20:02:23 - [TEST_STEP][PASSED] - if (PayOns.size() == expectedElements && SttActives.size() == expectedElements): Test case đã pass với số lượng icon đúng.

12-10-2024T20:02:23 - [TEST_STEP][PASSED] - markPassed("Test case đã pass với số lượng icon đúng."): Test case đã pass với số lượng icon đúng.

12-10-2024T20:02:23 - [MESSAGE][PASSED] - Test case đã pass với số lượng icon đúng.

12-10-2024T20:02:23 - [TEST_STEP][PASSED] - Start listener action : sampleAfterTestCase: null

12-10-2024T20:02:23 - [TEST_STEP][PASSED] - testCaseId = testCaseContext.getTestCaseId(): null

12-10-2024T20:02:23 - [TEST_STEP][PASSED] - if (testCaseId == "Test Cases/Quản lý tài khoản merchant/Quản lý dịch vụ merchant/Kiểm tra chức năng xác nhận cấu hình thay đổi VA"): null]]></system-out>
         <system-err><![CDATA[]]></system-err>
      </testcase>
      <testcase name="Test Cases/Quản lý tài khoản merchant/Quản lý dịch vụ merchant/TC_04_Kiểm tra chức năng search khi chọn dịch vụ là chi hộ và Inactive" time="11.834" classname="Test Cases/Quản lý tài khoản merchant/Quản lý dịch vụ merchant/TC_04_Kiểm tra chức năng search khi chọn dịch vụ là chi hộ và Inactive" status="PASSED">
         <system-out><![CDATA[12-10-2024T20:02:23 - [TEST_CASE][PASSED] - Test Cases/Quản lý tài khoản merchant/Quản lý dịch vụ merchant/TC_04_Kiểm tra chức năng search khi chọn dịch vụ là chi hộ và Inactive: Test Cases/Quản lý tài khoản merchant/Quản lý dịch vụ merchant/TC_04_Kiểm tra chức năng search khi chọn dịch vụ là chi hộ và Inactive

12-10-2024T20:02:23 - [TEST_STEP][PASSED] - Start listener action : sampleBeforeTestCase: Navigate to 'https://stg-cms-console.9pay.mobi/login' successfully

12-10-2024T20:02:23 - [TEST_STEP][PASSED] - testCaseId = testCaseContext.getTestCaseId(): null

12-10-2024T20:02:23 - [TEST_STEP][PASSED] - url = <not implemented yet for class: org.codehaus.groovy.ast.expr.EmptyExpression>: null

12-10-2024T20:02:23 - [TEST_STEP][PASSED] - if (testCaseId == "Test Cases/Quản lý tài khoản merchant/Quản lý dịch vụ merchant/Kiểm tra thay đổi sau khi cấu hình VA trên MCV"): null

12-10-2024T20:02:23 - [TEST_STEP][PASSED] - else: null

12-10-2024T20:02:23 - [TEST_STEP][PASSED] - url = "https://stg-cms-console.9pay.mobi/login": null

12-10-2024T20:02:23 - [TEST_STEP][PASSED] - openBrowser(""): Browser is opened with url: ''

12-10-2024T20:02:23 - [MESSAGE][WARNING] - A browser is already opened. Closing browser and opening a new one

12-10-2024T20:02:23 - [MESSAGE][INFO] - Starting 'Chrome' driver

12-10-2024T20:02:23 - [MESSAGE][INFO] - Action delay is set to 0 milliseconds

12-10-2024T20:02:23 - [MESSAGE][PASSED] - Browser is opened with url: ''

12-10-2024T20:02:23 - [TEST_STEP][PASSED] - maximizeWindow(): Current window maximized

12-10-2024T20:02:24 - [MESSAGE][PASSED] - Current window maximized

12-10-2024T20:02:24 - [TEST_STEP][PASSED] - navigateToUrl(url): Navigate to 'https://stg-cms-console.9pay.mobi/login' successfully

12-10-2024T20:02:25 - [MESSAGE][PASSED] - Navigate to 'https://stg-cms-console.9pay.mobi/login' successfully

12-10-2024T20:02:25 - [TEST_STEP][PASSED] - callTestCase(findTestCase("Test Cases/Login/LoginCommon"), [:], STOP_ON_FAILURE): Call Test Case 'Test Cases/Login/LoginCommon' successfully

12-10-2024T20:02:25 - [TEST_CASE][PASSED] - Test Cases/Login/LoginCommon: Test Cases/Login/LoginCommon

12-10-2024T20:02:25 - [TEST_STEP][PASSED] - driver = getWebDriver(): null

12-10-2024T20:02:25 - [TEST_STEP][PASSED] - sendKeys(findTestObject("Quản lý tài khoản merchant/Quản lý dịch vụ merchant/userNameTextbox"), userAccount): Keys 'dannt@9pay.vn' sent to object: 'Object Repository/Quản lý tài khoản merchant/Quản lý dịch vụ merchant/userNameTextbox'

12-10-2024T20:02:26 - [MESSAGE][PASSED] - Keys 'dannt@9pay.vn' sent to object: 'Object Repository/Quản lý tài khoản merchant/Quản lý dịch vụ merchant/userNameTextbox'

12-10-2024T20:02:26 - [TEST_STEP][PASSED] - sendKeys(findTestObject("Quản lý tài khoản merchant/Quản lý dịch vụ merchant/passwordTextbox"), password): Keys 'dannt@9pay.vn' sent to object: 'Object Repository/Quản lý tài khoản merchant/Quản lý dịch vụ merchant/passwordTextbox'

12-10-2024T20:02:26 - [MESSAGE][PASSED] - Keys 'dannt@9pay.vn' sent to object: 'Object Repository/Quản lý tài khoản merchant/Quản lý dịch vụ merchant/passwordTextbox'

12-10-2024T20:02:26 - [TEST_STEP][PASSED] - click(findTestObject("Quản lý tài khoản merchant/Quản lý dịch vụ merchant/loginButton")): Object: 'Object Repository/Quản lý tài khoản merchant/Quản lý dịch vụ merchant/loginButton' is clicked on

12-10-2024T20:02:27 - [MESSAGE][PASSED] - Object: 'Object Repository/Quản lý tài khoản merchant/Quản lý dịch vụ merchant/loginButton' is clicked on

12-10-2024T20:02:27 - [MESSAGE][PASSED] - Call Test Case 'Test Cases/Login/LoginCommon' successfully

12-10-2024T20:02:27 - [TEST_STEP][PASSED] - waitForElementVisible(findTestObject("Trang chủ/userName"), 20, STOP_ON_FAILURE): Object 'Object Repository/Trang chủ/userName' is visible

12-10-2024T20:02:28 - [MESSAGE][PASSED] - Object 'Object Repository/Trang chủ/userName' is visible

12-10-2024T20:02:28 - [TEST_STEP][PASSED] - callTestCase(findTestCase("Test Cases/Quản lý tài khoản merchant/Quản lý danh sách tài khoản/CustomFunctions"), [:], STOP_ON_FAILURE): Call Test Case 'Test Cases/Quản lý tài khoản merchant/Quản lý danh sách tài khoản/CustomFunctions' successfully

12-10-2024T20:02:28 - [TEST_CASE][PASSED] - Test Cases/Quản lý tài khoản merchant/Quản lý danh sách tài khoản/CustomFunctions: Test Cases/Quản lý tài khoản merchant/Quản lý danh sách tài khoản/CustomFunctions

12-10-2024T20:02:28 - [TEST_STEP][PASSED] - driver = getWebDriver(): null

12-10-2024T20:02:28 - [TEST_STEP][PASSED] - sleep(2000): null

12-10-2024T20:02:30 - [TEST_STEP][PASSED] - element1 = driver.findElement(By.xpath(xpathManagerMC)): null

12-10-2024T20:02:30 - [TEST_STEP][PASSED] - actions = new org.openqa.selenium.interactions.Actions(driver): null

12-10-2024T20:02:30 - [TEST_STEP][PASSED] - click().perform(): null

12-10-2024T20:02:31 - [TEST_STEP][PASSED] - wait = new org.openqa.selenium.support.ui.WebDriverWait(com.kms.katalon.core.webui.driver.DriverFactory.getWebDriver(), 15): null

12-10-2024T20:02:31 - [TEST_STEP][PASSED] - element2 = wait.until(ExpectedConditions.elementToBeClickable(By.xpath(xpathManagerServiceMC))): null

12-10-2024T20:02:31 - [TEST_STEP][PASSED] - click().perform(): null

12-10-2024T20:02:31 - [MESSAGE][PASSED] - Call Test Case 'Test Cases/Quản lý tài khoản merchant/Quản lý danh sách tài khoản/CustomFunctions' successfully

12-10-2024T20:02:31 - [TEST_STEP][PASSED] - driver = getWebDriver(): null

12-10-2024T20:02:31 - [TEST_STEP][PASSED] - dropdownService = driver.findElement(By.name("service_type")): null

12-10-2024T20:02:32 - [TEST_STEP][PASSED] - dropdownStt = driver.findElement(By.name("is_active")): null

12-10-2024T20:02:33 - [TEST_STEP][PASSED] - xpath("//option[@value='TRANSFER_BANK']")).click(): null

12-10-2024T20:02:33 - [TEST_STEP][PASSED] - xpath("//option[@value="0"]")).click(): null

12-10-2024T20:02:33 - [TEST_STEP][PASSED] - click(findTestObject("Quản lý tài khoản merchant/Quản lý dịch vụ merchant/searchBtn")): Object: 'Object Repository/Quản lý tài khoản merchant/Quản lý dịch vụ merchant/searchBtn' is clicked on

12-10-2024T20:02:33 - [MESSAGE][PASSED] - Object: 'Object Repository/Quản lý tài khoản merchant/Quản lý dịch vụ merchant/searchBtn' is clicked on

12-10-2024T20:02:33 - [TEST_STEP][PASSED] - xpathPayOn = "//label[contains(@for, 'transfer_provider_EPAY')]": null

12-10-2024T20:02:33 - [TEST_STEP][PASSED] - xpathSttInactive = "//td//span[contains(text(),'Không hoạt động')]": null

12-10-2024T20:02:33 - [TEST_STEP][PASSED] - PayOns = new java.util.ArrayList(): null

12-10-2024T20:02:33 - [TEST_STEP][PASSED] - SttInactives = new java.util.ArrayList(): null

12-10-2024T20:02:33 - [TEST_STEP][PASSED] - PayOns = driver.findElements(By.xpath(xpathPayOn)): null

12-10-2024T20:02:34 - [TEST_STEP][PASSED] - SttInactives = driver.findElements(By.xpath(xpathSttInactive)): null

12-10-2024T20:02:34 - [TEST_STEP][PASSED] - println("Số lượng phần tử chi hộ: " + PayOns.size()): null

12-10-2024T20:02:34 - [TEST_STEP][PASSED] - println("Số lượng phần tử active là: " + SttInactives.size()): null

12-10-2024T20:02:34 - [TEST_STEP][PASSED] - expectedElements = 0: null

12-10-2024T20:02:34 - [TEST_STEP][PASSED] - if (PayOns.size() == expectedElements && SttInactives.size() == expectedElements): Test case đã pass với số lượng icon đúng.

12-10-2024T20:02:34 - [TEST_STEP][PASSED] - markPassed("Test case đã pass với số lượng icon đúng."): Test case đã pass với số lượng icon đúng.

12-10-2024T20:02:34 - [MESSAGE][PASSED] - Test case đã pass với số lượng icon đúng.

12-10-2024T20:02:34 - [TEST_STEP][PASSED] - Start listener action : sampleAfterTestCase: null

12-10-2024T20:02:34 - [TEST_STEP][PASSED] - testCaseId = testCaseContext.getTestCaseId(): null

12-10-2024T20:02:34 - [TEST_STEP][PASSED] - if (testCaseId == "Test Cases/Quản lý tài khoản merchant/Quản lý dịch vụ merchant/Kiểm tra chức năng xác nhận cấu hình thay đổi VA"): null]]></system-out>
         <system-err><![CDATA[]]></system-err>
      </testcase>
      <testcase name="Test Cases/Quản lý tài khoản merchant/Quản lý dịch vụ merchant/TC_05_kiểm tra chức năng search khi chọn dịch vụ là thu hộ IB" time="14.202" classname="Test Cases/Quản lý tài khoản merchant/Quản lý dịch vụ merchant/TC_05_kiểm tra chức năng search khi chọn dịch vụ là thu hộ IB" status="PASSED">
         <system-out><![CDATA[12-10-2024T20:02:34 - [TEST_CASE][PASSED] - Test Cases/Quản lý tài khoản merchant/Quản lý dịch vụ merchant/TC_05_kiểm tra chức năng search khi chọn dịch vụ là thu hộ IB: Test Cases/Quản lý tài khoản merchant/Quản lý dịch vụ merchant/TC_05_kiểm tra chức năng search khi chọn dịch vụ là thu hộ IB

12-10-2024T20:02:34 - [TEST_STEP][PASSED] - Start listener action : sampleBeforeTestCase: Navigate to 'https://stg-cms-console.9pay.mobi/login' successfully

12-10-2024T20:02:34 - [TEST_STEP][PASSED] - testCaseId = testCaseContext.getTestCaseId(): null

12-10-2024T20:02:34 - [TEST_STEP][PASSED] - url = <not implemented yet for class: org.codehaus.groovy.ast.expr.EmptyExpression>: null

12-10-2024T20:02:34 - [TEST_STEP][PASSED] - if (testCaseId == "Test Cases/Quản lý tài khoản merchant/Quản lý dịch vụ merchant/Kiểm tra thay đổi sau khi cấu hình VA trên MCV"): null

12-10-2024T20:02:34 - [TEST_STEP][PASSED] - else: null

12-10-2024T20:02:34 - [TEST_STEP][PASSED] - url = "https://stg-cms-console.9pay.mobi/login": null

12-10-2024T20:02:34 - [TEST_STEP][PASSED] - openBrowser(""): Browser is opened with url: ''

12-10-2024T20:02:34 - [MESSAGE][WARNING] - A browser is already opened. Closing browser and opening a new one

12-10-2024T20:02:34 - [MESSAGE][INFO] - Starting 'Chrome' driver

12-10-2024T20:02:34 - [MESSAGE][INFO] - Action delay is set to 0 milliseconds

12-10-2024T20:02:35 - [MESSAGE][PASSED] - Browser is opened with url: ''

12-10-2024T20:02:35 - [TEST_STEP][PASSED] - maximizeWindow(): Current window maximized

12-10-2024T20:02:35 - [MESSAGE][PASSED] - Current window maximized

12-10-2024T20:02:35 - [TEST_STEP][PASSED] - navigateToUrl(url): Navigate to 'https://stg-cms-console.9pay.mobi/login' successfully

12-10-2024T20:02:37 - [MESSAGE][PASSED] - Navigate to 'https://stg-cms-console.9pay.mobi/login' successfully

12-10-2024T20:02:37 - [TEST_STEP][PASSED] - callTestCase(findTestCase("Test Cases/Login/LoginCommon"), [:], STOP_ON_FAILURE): Call Test Case 'Test Cases/Login/LoginCommon' successfully

12-10-2024T20:02:37 - [TEST_CASE][PASSED] - Test Cases/Login/LoginCommon: Test Cases/Login/LoginCommon

12-10-2024T20:02:37 - [TEST_STEP][PASSED] - driver = getWebDriver(): null

12-10-2024T20:02:37 - [TEST_STEP][PASSED] - sendKeys(findTestObject("Quản lý tài khoản merchant/Quản lý dịch vụ merchant/userNameTextbox"), userAccount): Keys 'dannt@9pay.vn' sent to object: 'Object Repository/Quản lý tài khoản merchant/Quản lý dịch vụ merchant/userNameTextbox'

12-10-2024T20:02:38 - [MESSAGE][PASSED] - Keys 'dannt@9pay.vn' sent to object: 'Object Repository/Quản lý tài khoản merchant/Quản lý dịch vụ merchant/userNameTextbox'

12-10-2024T20:02:38 - [TEST_STEP][PASSED] - sendKeys(findTestObject("Quản lý tài khoản merchant/Quản lý dịch vụ merchant/passwordTextbox"), password): Keys 'dannt@9pay.vn' sent to object: 'Object Repository/Quản lý tài khoản merchant/Quản lý dịch vụ merchant/passwordTextbox'

12-10-2024T20:02:38 - [MESSAGE][PASSED] - Keys 'dannt@9pay.vn' sent to object: 'Object Repository/Quản lý tài khoản merchant/Quản lý dịch vụ merchant/passwordTextbox'

12-10-2024T20:02:38 - [TEST_STEP][PASSED] - click(findTestObject("Quản lý tài khoản merchant/Quản lý dịch vụ merchant/loginButton")): Object: 'Object Repository/Quản lý tài khoản merchant/Quản lý dịch vụ merchant/loginButton' is clicked on

12-10-2024T20:02:38 - [MESSAGE][PASSED] - Object: 'Object Repository/Quản lý tài khoản merchant/Quản lý dịch vụ merchant/loginButton' is clicked on

12-10-2024T20:02:38 - [MESSAGE][PASSED] - Call Test Case 'Test Cases/Login/LoginCommon' successfully

12-10-2024T20:02:38 - [TEST_STEP][PASSED] - waitForElementVisible(findTestObject("Trang chủ/userName"), 20, STOP_ON_FAILURE): Object 'Object Repository/Trang chủ/userName' is visible

12-10-2024T20:02:40 - [MESSAGE][PASSED] - Object 'Object Repository/Trang chủ/userName' is visible

12-10-2024T20:02:40 - [TEST_STEP][PASSED] - callTestCase(findTestCase("Test Cases/Quản lý tài khoản merchant/Quản lý danh sách tài khoản/CustomFunctions"), [:], STOP_ON_FAILURE): Call Test Case 'Test Cases/Quản lý tài khoản merchant/Quản lý danh sách tài khoản/CustomFunctions' successfully

12-10-2024T20:02:40 - [TEST_CASE][PASSED] - Test Cases/Quản lý tài khoản merchant/Quản lý danh sách tài khoản/CustomFunctions: Test Cases/Quản lý tài khoản merchant/Quản lý danh sách tài khoản/CustomFunctions

12-10-2024T20:02:40 - [TEST_STEP][PASSED] - driver = getWebDriver(): null

12-10-2024T20:02:40 - [TEST_STEP][PASSED] - sleep(2000): null

12-10-2024T20:02:42 - [TEST_STEP][PASSED] - element1 = driver.findElement(By.xpath(xpathManagerMC)): null

12-10-2024T20:02:42 - [TEST_STEP][PASSED] - actions = new org.openqa.selenium.interactions.Actions(driver): null

12-10-2024T20:02:42 - [TEST_STEP][PASSED] - click().perform(): null

12-10-2024T20:02:42 - [TEST_STEP][PASSED] - wait = new org.openqa.selenium.support.ui.WebDriverWait(com.kms.katalon.core.webui.driver.DriverFactory.getWebDriver(), 15): null

12-10-2024T20:02:42 - [TEST_STEP][PASSED] - element2 = wait.until(ExpectedConditions.elementToBeClickable(By.xpath(xpathManagerServiceMC))): null

12-10-2024T20:02:43 - [TEST_STEP][PASSED] - click().perform(): null

12-10-2024T20:02:43 - [MESSAGE][PASSED] - Call Test Case 'Test Cases/Quản lý tài khoản merchant/Quản lý danh sách tài khoản/CustomFunctions' successfully

12-10-2024T20:02:43 - [TEST_STEP][PASSED] - driver = getWebDriver(): null

12-10-2024T20:02:43 - [TEST_STEP][PASSED] - dropdown = driver.findElement(By.name("service_type")): null

12-10-2024T20:02:45 - [TEST_STEP][PASSED] - xpath("//option[@value='DEPOSIT_TRANSFER_IB']")).click(): null

12-10-2024T20:02:46 - [TEST_STEP][PASSED] - click(findTestObject("Quản lý tài khoản merchant/Quản lý dịch vụ merchant/searchBtn")): Object: 'Object Repository/Quản lý tài khoản merchant/Quản lý dịch vụ merchant/searchBtn' is clicked on

12-10-2024T20:02:46 - [MESSAGE][PASSED] - Object: 'Object Repository/Quản lý tài khoản merchant/Quản lý dịch vụ merchant/searchBtn' is clicked on

12-10-2024T20:02:46 - [TEST_STEP][PASSED] - xpath = "//th/span[@class='font-bold col-teal']/i[@class='material-icons' and text()='check_circle']": null

12-10-2024T20:02:46 - [TEST_STEP][PASSED] - elements = new java.util.ArrayList(): null

12-10-2024T20:02:46 - [TEST_STEP][PASSED] - elements = driver.findElements(By.xpath(xpath)): null

12-10-2024T20:02:49 - [TEST_STEP][PASSED] - println("Số lượng phần tử: " + elements.size()): null

12-10-2024T20:02:49 - [TEST_STEP][PASSED] - expectedElements = 24: null

12-10-2024T20:02:49 - [TEST_STEP][PASSED] - if (elements.size() == expectedElements): Test case đã pass với số lượng icon đúng.

12-10-2024T20:02:49 - [TEST_STEP][PASSED] - println("Số lượng icon tìm thấy là đúng: " + elements.size()): null

12-10-2024T20:02:49 - [TEST_STEP][PASSED] - markPassed("Test case đã pass với số lượng icon đúng."): Test case đã pass với số lượng icon đúng.

12-10-2024T20:02:49 - [MESSAGE][PASSED] - Test case đã pass với số lượng icon đúng.

12-10-2024T20:02:49 - [TEST_STEP][PASSED] - Start listener action : sampleAfterTestCase: null

12-10-2024T20:02:49 - [TEST_STEP][PASSED] - testCaseId = testCaseContext.getTestCaseId(): null

12-10-2024T20:02:49 - [TEST_STEP][PASSED] - if (testCaseId == "Test Cases/Quản lý tài khoản merchant/Quản lý dịch vụ merchant/Kiểm tra chức năng xác nhận cấu hình thay đổi VA"): null]]></system-out>
         <system-err><![CDATA[]]></system-err>
      </testcase>
      <testcase name="Test Cases/Quản lý tài khoản merchant/Quản lý dịch vụ merchant/TC_06_Kiểm tra chức năng search khi chọn dịch vụ là thu hộ IB và active" time="12.342" classname="Test Cases/Quản lý tài khoản merchant/Quản lý dịch vụ merchant/TC_06_Kiểm tra chức năng search khi chọn dịch vụ là thu hộ IB và active" status="PASSED">
         <system-out><![CDATA[12-10-2024T20:02:49 - [TEST_CASE][PASSED] - Test Cases/Quản lý tài khoản merchant/Quản lý dịch vụ merchant/TC_06_Kiểm tra chức năng search khi chọn dịch vụ là thu hộ IB và active: Test Cases/Quản lý tài khoản merchant/Quản lý dịch vụ merchant/TC_06_Kiểm tra chức năng search khi chọn dịch vụ là thu hộ IB và active

12-10-2024T20:02:49 - [TEST_STEP][PASSED] - Start listener action : sampleBeforeTestCase: Navigate to 'https://stg-cms-console.9pay.mobi/login' successfully

12-10-2024T20:02:49 - [TEST_STEP][PASSED] - testCaseId = testCaseContext.getTestCaseId(): null

12-10-2024T20:02:49 - [TEST_STEP][PASSED] - url = <not implemented yet for class: org.codehaus.groovy.ast.expr.EmptyExpression>: null

12-10-2024T20:02:49 - [TEST_STEP][PASSED] - if (testCaseId == "Test Cases/Quản lý tài khoản merchant/Quản lý dịch vụ merchant/Kiểm tra thay đổi sau khi cấu hình VA trên MCV"): null

12-10-2024T20:02:49 - [TEST_STEP][PASSED] - else: null

12-10-2024T20:02:49 - [TEST_STEP][PASSED] - url = "https://stg-cms-console.9pay.mobi/login": null

12-10-2024T20:02:49 - [TEST_STEP][PASSED] - openBrowser(""): Browser is opened with url: ''

12-10-2024T20:02:49 - [MESSAGE][WARNING] - A browser is already opened. Closing browser and opening a new one

12-10-2024T20:02:49 - [MESSAGE][INFO] - Starting 'Chrome' driver

12-10-2024T20:02:49 - [MESSAGE][INFO] - Action delay is set to 0 milliseconds

12-10-2024T20:02:49 - [MESSAGE][PASSED] - Browser is opened with url: ''

12-10-2024T20:02:49 - [TEST_STEP][PASSED] - maximizeWindow(): Current window maximized

12-10-2024T20:02:50 - [MESSAGE][PASSED] - Current window maximized

12-10-2024T20:02:50 - [TEST_STEP][PASSED] - navigateToUrl(url): Navigate to 'https://stg-cms-console.9pay.mobi/login' successfully

12-10-2024T20:02:51 - [MESSAGE][PASSED] - Navigate to 'https://stg-cms-console.9pay.mobi/login' successfully

12-10-2024T20:02:51 - [TEST_STEP][PASSED] - callTestCase(findTestCase("Test Cases/Login/LoginCommon"), [:], STOP_ON_FAILURE): Call Test Case 'Test Cases/Login/LoginCommon' successfully

12-10-2024T20:02:51 - [TEST_CASE][PASSED] - Test Cases/Login/LoginCommon: Test Cases/Login/LoginCommon

12-10-2024T20:02:51 - [TEST_STEP][PASSED] - driver = getWebDriver(): null

12-10-2024T20:02:51 - [TEST_STEP][PASSED] - sendKeys(findTestObject("Quản lý tài khoản merchant/Quản lý dịch vụ merchant/userNameTextbox"), userAccount): Keys 'dannt@9pay.vn' sent to object: 'Object Repository/Quản lý tài khoản merchant/Quản lý dịch vụ merchant/userNameTextbox'

12-10-2024T20:02:52 - [MESSAGE][PASSED] - Keys 'dannt@9pay.vn' sent to object: 'Object Repository/Quản lý tài khoản merchant/Quản lý dịch vụ merchant/userNameTextbox'

12-10-2024T20:02:52 - [TEST_STEP][PASSED] - sendKeys(findTestObject("Quản lý tài khoản merchant/Quản lý dịch vụ merchant/passwordTextbox"), password): Keys 'dannt@9pay.vn' sent to object: 'Object Repository/Quản lý tài khoản merchant/Quản lý dịch vụ merchant/passwordTextbox'

12-10-2024T20:02:52 - [MESSAGE][PASSED] - Keys 'dannt@9pay.vn' sent to object: 'Object Repository/Quản lý tài khoản merchant/Quản lý dịch vụ merchant/passwordTextbox'

12-10-2024T20:02:52 - [TEST_STEP][PASSED] - click(findTestObject("Quản lý tài khoản merchant/Quản lý dịch vụ merchant/loginButton")): Object: 'Object Repository/Quản lý tài khoản merchant/Quản lý dịch vụ merchant/loginButton' is clicked on

12-10-2024T20:02:52 - [MESSAGE][PASSED] - Object: 'Object Repository/Quản lý tài khoản merchant/Quản lý dịch vụ merchant/loginButton' is clicked on

12-10-2024T20:02:52 - [MESSAGE][PASSED] - Call Test Case 'Test Cases/Login/LoginCommon' successfully

12-10-2024T20:02:52 - [TEST_STEP][PASSED] - waitForElementVisible(findTestObject("Trang chủ/userName"), 20, STOP_ON_FAILURE): Object 'Object Repository/Trang chủ/userName' is visible

12-10-2024T20:02:54 - [MESSAGE][PASSED] - Object 'Object Repository/Trang chủ/userName' is visible

12-10-2024T20:02:54 - [TEST_STEP][PASSED] - callTestCase(findTestCase("Test Cases/Quản lý tài khoản merchant/Quản lý danh sách tài khoản/CustomFunctions"), [:], STOP_ON_FAILURE): Call Test Case 'Test Cases/Quản lý tài khoản merchant/Quản lý danh sách tài khoản/CustomFunctions' successfully

12-10-2024T20:02:54 - [TEST_CASE][PASSED] - Test Cases/Quản lý tài khoản merchant/Quản lý danh sách tài khoản/CustomFunctions: Test Cases/Quản lý tài khoản merchant/Quản lý danh sách tài khoản/CustomFunctions

12-10-2024T20:02:54 - [TEST_STEP][PASSED] - driver = getWebDriver(): null

12-10-2024T20:02:54 - [TEST_STEP][PASSED] - sleep(2000): null

12-10-2024T20:02:56 - [TEST_STEP][PASSED] - element1 = driver.findElement(By.xpath(xpathManagerMC)): null

12-10-2024T20:02:56 - [TEST_STEP][PASSED] - actions = new org.openqa.selenium.interactions.Actions(driver): null

12-10-2024T20:02:56 - [TEST_STEP][PASSED] - click().perform(): null

12-10-2024T20:02:56 - [TEST_STEP][PASSED] - wait = new org.openqa.selenium.support.ui.WebDriverWait(com.kms.katalon.core.webui.driver.DriverFactory.getWebDriver(), 15): null

12-10-2024T20:02:56 - [TEST_STEP][PASSED] - element2 = wait.until(ExpectedConditions.elementToBeClickable(By.xpath(xpathManagerServiceMC))): null

12-10-2024T20:02:57 - [TEST_STEP][PASSED] - click().perform(): null

12-10-2024T20:02:57 - [MESSAGE][PASSED] - Call Test Case 'Test Cases/Quản lý tài khoản merchant/Quản lý danh sách tài khoản/CustomFunctions' successfully

12-10-2024T20:02:57 - [TEST_STEP][PASSED] - driver = getWebDriver(): null

12-10-2024T20:02:57 - [TEST_STEP][PASSED] - dropdown = driver.findElement(By.name("service_type")): null

12-10-2024T20:02:58 - [TEST_STEP][PASSED] - xpath("//option[@value='DEPOSIT_TRANSFER_IB']")).click(): null

12-10-2024T20:02:58 - [TEST_STEP][PASSED] - dropdownStt = driver.findElement(By.name("is_active")): null

12-10-2024T20:02:59 - [TEST_STEP][PASSED] - xpath("//option[@value="1"]")).click(): null

12-10-2024T20:02:59 - [TEST_STEP][PASSED] - click(findTestObject("Quản lý tài khoản merchant/Quản lý dịch vụ merchant/searchBtn")): Object: 'Object Repository/Quản lý tài khoản merchant/Quản lý dịch vụ merchant/searchBtn' is clicked on

12-10-2024T20:02:59 - [MESSAGE][PASSED] - Object: 'Object Repository/Quản lý tài khoản merchant/Quản lý dịch vụ merchant/searchBtn' is clicked on

12-10-2024T20:02:59 - [TEST_STEP][PASSED] - xpathCollectionIB = "//th/span[@class='font-bold col-teal']/i[@class='material-icons' and text()='check_circle']": null

12-10-2024T20:02:59 - [TEST_STEP][PASSED] - xpathSttActive = "//td//span[contains(text(),'Đang hoạt động')]": null

12-10-2024T20:02:59 - [TEST_STEP][PASSED] - CollectionIBs = new java.util.ArrayList(): null

12-10-2024T20:02:59 - [TEST_STEP][PASSED] - SttActives = new java.util.ArrayList(): null

12-10-2024T20:02:59 - [TEST_STEP][PASSED] - CollectionIBs = driver.findElements(By.xpath(xpathCollectionIB)): null

12-10-2024T20:03:01 - [TEST_STEP][PASSED] - SttActives = driver.findElements(By.xpath(xpathSttActive)): null

12-10-2024T20:03:01 - [TEST_STEP][PASSED] - expectedElements = 25: null

12-10-2024T20:03:01 - [TEST_STEP][PASSED] - if (SttActives.size() == expectedElements): Test case đã pass với số lượng icon đúng.

12-10-2024T20:03:01 - [TEST_STEP][PASSED] - println("Số lượng icon tìm thấy là đúng: " + CollectionIBs.size()): null

12-10-2024T20:03:01 - [TEST_STEP][PASSED] - markPassed("Test case đã pass với số lượng icon đúng."): Test case đã pass với số lượng icon đúng.

12-10-2024T20:03:01 - [MESSAGE][PASSED] - Test case đã pass với số lượng icon đúng.

12-10-2024T20:03:01 - [TEST_STEP][PASSED] - Start listener action : sampleAfterTestCase: null

12-10-2024T20:03:01 - [TEST_STEP][PASSED] - testCaseId = testCaseContext.getTestCaseId(): null

12-10-2024T20:03:01 - [TEST_STEP][PASSED] - if (testCaseId == "Test Cases/Quản lý tài khoản merchant/Quản lý dịch vụ merchant/Kiểm tra chức năng xác nhận cấu hình thay đổi VA"): null]]></system-out>
         <system-err><![CDATA[]]></system-err>
      </testcase>
      <testcase name="Test Cases/Quản lý tài khoản merchant/Quản lý dịch vụ merchant/TC_07_Kiểm tra chức năng search khi chọn dịch vụ là thu hộ IB và inactive" time="18.807" classname="Test Cases/Quản lý tài khoản merchant/Quản lý dịch vụ merchant/TC_07_Kiểm tra chức năng search khi chọn dịch vụ là thu hộ IB và inactive" status="PASSED">
         <system-out><![CDATA[12-10-2024T20:03:01 - [TEST_CASE][PASSED] - Test Cases/Quản lý tài khoản merchant/Quản lý dịch vụ merchant/TC_07_Kiểm tra chức năng search khi chọn dịch vụ là thu hộ IB và inactive: Test Cases/Quản lý tài khoản merchant/Quản lý dịch vụ merchant/TC_07_Kiểm tra chức năng search khi chọn dịch vụ là thu hộ IB và inactive

12-10-2024T20:03:01 - [TEST_STEP][PASSED] - Start listener action : sampleBeforeTestCase: Navigate to 'https://stg-cms-console.9pay.mobi/login' successfully

12-10-2024T20:03:01 - [TEST_STEP][PASSED] - testCaseId = testCaseContext.getTestCaseId(): null

12-10-2024T20:03:01 - [TEST_STEP][PASSED] - url = <not implemented yet for class: org.codehaus.groovy.ast.expr.EmptyExpression>: null

12-10-2024T20:03:01 - [TEST_STEP][PASSED] - if (testCaseId == "Test Cases/Quản lý tài khoản merchant/Quản lý dịch vụ merchant/Kiểm tra thay đổi sau khi cấu hình VA trên MCV"): null

12-10-2024T20:03:01 - [TEST_STEP][PASSED] - else: null

12-10-2024T20:03:01 - [TEST_STEP][PASSED] - url = "https://stg-cms-console.9pay.mobi/login": null

12-10-2024T20:03:01 - [TEST_STEP][PASSED] - openBrowser(""): Browser is opened with url: ''

12-10-2024T20:03:01 - [MESSAGE][WARNING] - A browser is already opened. Closing browser and opening a new one

12-10-2024T20:03:01 - [MESSAGE][INFO] - Starting 'Chrome' driver

12-10-2024T20:03:01 - [MESSAGE][INFO] - Action delay is set to 0 milliseconds

12-10-2024T20:03:02 - [MESSAGE][PASSED] - Browser is opened with url: ''

12-10-2024T20:03:02 - [TEST_STEP][PASSED] - maximizeWindow(): Current window maximized

12-10-2024T20:03:02 - [MESSAGE][PASSED] - Current window maximized

12-10-2024T20:03:02 - [TEST_STEP][PASSED] - navigateToUrl(url): Navigate to 'https://stg-cms-console.9pay.mobi/login' successfully

12-10-2024T20:03:04 - [MESSAGE][PASSED] - Navigate to 'https://stg-cms-console.9pay.mobi/login' successfully

12-10-2024T20:03:04 - [TEST_STEP][PASSED] - callTestCase(findTestCase("Test Cases/Login/LoginCommon"), [:], STOP_ON_FAILURE): Call Test Case 'Test Cases/Login/LoginCommon' successfully

12-10-2024T20:03:04 - [TEST_CASE][PASSED] - Test Cases/Login/LoginCommon: Test Cases/Login/LoginCommon

12-10-2024T20:03:04 - [TEST_STEP][PASSED] - driver = getWebDriver(): null

12-10-2024T20:03:04 - [TEST_STEP][PASSED] - sendKeys(findTestObject("Quản lý tài khoản merchant/Quản lý dịch vụ merchant/userNameTextbox"), userAccount): Keys 'dannt@9pay.vn' sent to object: 'Object Repository/Quản lý tài khoản merchant/Quản lý dịch vụ merchant/userNameTextbox'

12-10-2024T20:03:05 - [MESSAGE][PASSED] - Keys 'dannt@9pay.vn' sent to object: 'Object Repository/Quản lý tài khoản merchant/Quản lý dịch vụ merchant/userNameTextbox'

12-10-2024T20:03:05 - [TEST_STEP][PASSED] - sendKeys(findTestObject("Quản lý tài khoản merchant/Quản lý dịch vụ merchant/passwordTextbox"), password): Keys 'dannt@9pay.vn' sent to object: 'Object Repository/Quản lý tài khoản merchant/Quản lý dịch vụ merchant/passwordTextbox'

12-10-2024T20:03:05 - [MESSAGE][PASSED] - Keys 'dannt@9pay.vn' sent to object: 'Object Repository/Quản lý tài khoản merchant/Quản lý dịch vụ merchant/passwordTextbox'

12-10-2024T20:03:05 - [TEST_STEP][PASSED] - click(findTestObject("Quản lý tài khoản merchant/Quản lý dịch vụ merchant/loginButton")): Object: 'Object Repository/Quản lý tài khoản merchant/Quản lý dịch vụ merchant/loginButton' is clicked on

12-10-2024T20:03:05 - [MESSAGE][PASSED] - Object: 'Object Repository/Quản lý tài khoản merchant/Quản lý dịch vụ merchant/loginButton' is clicked on

12-10-2024T20:03:05 - [MESSAGE][PASSED] - Call Test Case 'Test Cases/Login/LoginCommon' successfully

12-10-2024T20:03:05 - [TEST_STEP][PASSED] - waitForElementVisible(findTestObject("Trang chủ/userName"), 20, STOP_ON_FAILURE): Object 'Object Repository/Trang chủ/userName' is visible

12-10-2024T20:03:13 - [MESSAGE][PASSED] - Object 'Object Repository/Trang chủ/userName' is visible

12-10-2024T20:03:13 - [TEST_STEP][PASSED] - callTestCase(findTestCase("Test Cases/Quản lý tài khoản merchant/Quản lý danh sách tài khoản/CustomFunctions"), [:], STOP_ON_FAILURE): Call Test Case 'Test Cases/Quản lý tài khoản merchant/Quản lý danh sách tài khoản/CustomFunctions' successfully

12-10-2024T20:03:13 - [TEST_CASE][PASSED] - Test Cases/Quản lý tài khoản merchant/Quản lý danh sách tài khoản/CustomFunctions: Test Cases/Quản lý tài khoản merchant/Quản lý danh sách tài khoản/CustomFunctions

12-10-2024T20:03:13 - [TEST_STEP][PASSED] - driver = getWebDriver(): null

12-10-2024T20:03:13 - [TEST_STEP][PASSED] - sleep(2000): null

12-10-2024T20:03:15 - [TEST_STEP][PASSED] - element1 = driver.findElement(By.xpath(xpathManagerMC)): null

12-10-2024T20:03:15 - [TEST_STEP][PASSED] - actions = new org.openqa.selenium.interactions.Actions(driver): null

12-10-2024T20:03:15 - [TEST_STEP][PASSED] - click().perform(): null

12-10-2024T20:03:16 - [TEST_STEP][PASSED] - wait = new org.openqa.selenium.support.ui.WebDriverWait(com.kms.katalon.core.webui.driver.DriverFactory.getWebDriver(), 15): null

12-10-2024T20:03:16 - [TEST_STEP][PASSED] - element2 = wait.until(ExpectedConditions.elementToBeClickable(By.xpath(xpathManagerServiceMC))): null

12-10-2024T20:03:16 - [TEST_STEP][PASSED] - click().perform(): null

12-10-2024T20:03:16 - [MESSAGE][PASSED] - Call Test Case 'Test Cases/Quản lý tài khoản merchant/Quản lý danh sách tài khoản/CustomFunctions' successfully

12-10-2024T20:03:16 - [TEST_STEP][PASSED] - driver = getWebDriver(): null

12-10-2024T20:03:16 - [TEST_STEP][PASSED] - dropdown = driver.findElement(By.name("service_type")): null

12-10-2024T20:03:17 - [TEST_STEP][PASSED] - dropdownStt = driver.findElement(By.name("is_active")): null

12-10-2024T20:03:18 - [TEST_STEP][PASSED] - xpath("//option[@value='DEPOSIT_TRANSFER_IB']")).click(): null

12-10-2024T20:03:18 - [TEST_STEP][PASSED] - xpath("//option[@value="0"]")).click(): null

12-10-2024T20:03:18 - [TEST_STEP][PASSED] - click(findTestObject("Quản lý tài khoản merchant/Quản lý dịch vụ merchant/searchBtn")): Object: 'Object Repository/Quản lý tài khoản merchant/Quản lý dịch vụ merchant/searchBtn' is clicked on

12-10-2024T20:03:19 - [MESSAGE][PASSED] - Object: 'Object Repository/Quản lý tài khoản merchant/Quản lý dịch vụ merchant/searchBtn' is clicked on

12-10-2024T20:03:19 - [TEST_STEP][PASSED] - xpathCollectionIB = "//th/span[@class='font-bold col-teal']/i[@class='material-icons' and text()='check_circle']": null

12-10-2024T20:03:19 - [TEST_STEP][PASSED] - xpathSttInactive = "//td//span[contains(text(),'Không hoạt động')]": null

12-10-2024T20:03:19 - [TEST_STEP][PASSED] - CollectionIBs = new java.util.ArrayList(): null

12-10-2024T20:03:19 - [TEST_STEP][PASSED] - SttInactives = new java.util.ArrayList(): null

12-10-2024T20:03:19 - [TEST_STEP][PASSED] - CollectionIBs = driver.findElements(By.xpath(xpathCollectionIB)): null

12-10-2024T20:03:19 - [TEST_STEP][PASSED] - SttInactives = driver.findElements(By.xpath(xpathSttInactive)): null

12-10-2024T20:03:20 - [TEST_STEP][PASSED] - for (org.openqa.selenium.WebElement element : SttInactives): null

12-10-2024T20:03:20 - [TEST_STEP][PASSED] - elementText = element.getText(): null

12-10-2024T20:03:20 - [TEST_STEP][PASSED] - if (elementText == "Không hoạt động"): null

12-10-2024T20:03:20 - [TEST_STEP][PASSED] - println("Element text is correct: " + elementText): null

12-10-2024T20:03:20 - [TEST_STEP][PASSED] - elementText = element.getText(): null

12-10-2024T20:03:20 - [TEST_STEP][PASSED] - if (elementText == "Không hoạt động"): null

12-10-2024T20:03:20 - [TEST_STEP][PASSED] - println("Element text is correct: " + elementText): null

12-10-2024T20:03:20 - [TEST_STEP][PASSED] - elementText = element.getText(): null

12-10-2024T20:03:20 - [TEST_STEP][PASSED] - if (elementText == "Không hoạt động"): null

12-10-2024T20:03:20 - [TEST_STEP][PASSED] - println("Element text is correct: " + elementText): null

12-10-2024T20:03:20 - [TEST_STEP][PASSED] - elementText = element.getText(): null

12-10-2024T20:03:20 - [TEST_STEP][PASSED] - if (elementText == "Không hoạt động"): null

12-10-2024T20:03:20 - [TEST_STEP][PASSED] - println("Element text is correct: " + elementText): null

12-10-2024T20:03:20 - [TEST_STEP][PASSED] - Start listener action : sampleAfterTestCase: null

12-10-2024T20:03:20 - [TEST_STEP][PASSED] - testCaseId = testCaseContext.getTestCaseId(): null

12-10-2024T20:03:20 - [TEST_STEP][PASSED] - if (testCaseId == "Test Cases/Quản lý tài khoản merchant/Quản lý dịch vụ merchant/Kiểm tra chức năng xác nhận cấu hình thay đổi VA"): null]]></system-out>
         <system-err><![CDATA[]]></system-err>
      </testcase>
      <testcase name="Test Cases/Quản lý tài khoản merchant/Quản lý dịch vụ merchant/TC_08_Kiểm tra chức năng search khi chọn dịch vụ là thu hộ Va" time="13.114" classname="Test Cases/Quản lý tài khoản merchant/Quản lý dịch vụ merchant/TC_08_Kiểm tra chức năng search khi chọn dịch vụ là thu hộ Va" status="PASSED">
         <system-out><![CDATA[12-10-2024T20:03:20 - [TEST_CASE][PASSED] - Test Cases/Quản lý tài khoản merchant/Quản lý dịch vụ merchant/TC_08_Kiểm tra chức năng search khi chọn dịch vụ là thu hộ Va: Test Cases/Quản lý tài khoản merchant/Quản lý dịch vụ merchant/TC_08_Kiểm tra chức năng search khi chọn dịch vụ là thu hộ Va

12-10-2024T20:03:20 - [TEST_STEP][PASSED] - Start listener action : sampleBeforeTestCase: Navigate to 'https://stg-cms-console.9pay.mobi/login' successfully

12-10-2024T20:03:20 - [TEST_STEP][PASSED] - testCaseId = testCaseContext.getTestCaseId(): null

12-10-2024T20:03:20 - [TEST_STEP][PASSED] - url = <not implemented yet for class: org.codehaus.groovy.ast.expr.EmptyExpression>: null

12-10-2024T20:03:20 - [TEST_STEP][PASSED] - if (testCaseId == "Test Cases/Quản lý tài khoản merchant/Quản lý dịch vụ merchant/Kiểm tra thay đổi sau khi cấu hình VA trên MCV"): null

12-10-2024T20:03:20 - [TEST_STEP][PASSED] - else: null

12-10-2024T20:03:20 - [TEST_STEP][PASSED] - url = "https://stg-cms-console.9pay.mobi/login": null

12-10-2024T20:03:20 - [TEST_STEP][PASSED] - openBrowser(""): Browser is opened with url: ''

12-10-2024T20:03:20 - [MESSAGE][WARNING] - A browser is already opened. Closing browser and opening a new one

12-10-2024T20:03:20 - [MESSAGE][INFO] - Starting 'Chrome' driver

12-10-2024T20:03:20 - [MESSAGE][INFO] - Action delay is set to 0 milliseconds

12-10-2024T20:03:20 - [MESSAGE][PASSED] - Browser is opened with url: ''

12-10-2024T20:03:20 - [TEST_STEP][PASSED] - maximizeWindow(): Current window maximized

12-10-2024T20:03:21 - [MESSAGE][PASSED] - Current window maximized

12-10-2024T20:03:21 - [TEST_STEP][PASSED] - navigateToUrl(url): Navigate to 'https://stg-cms-console.9pay.mobi/login' successfully

12-10-2024T20:03:22 - [MESSAGE][PASSED] - Navigate to 'https://stg-cms-console.9pay.mobi/login' successfully

12-10-2024T20:03:23 - [TEST_STEP][PASSED] - callTestCase(findTestCase("Test Cases/Login/LoginCommon"), [:], STOP_ON_FAILURE): Call Test Case 'Test Cases/Login/LoginCommon' successfully

12-10-2024T20:03:23 - [TEST_CASE][PASSED] - Test Cases/Login/LoginCommon: Test Cases/Login/LoginCommon

12-10-2024T20:03:23 - [TEST_STEP][PASSED] - driver = getWebDriver(): null

12-10-2024T20:03:23 - [TEST_STEP][PASSED] - sendKeys(findTestObject("Quản lý tài khoản merchant/Quản lý dịch vụ merchant/userNameTextbox"), userAccount): Keys 'dannt@9pay.vn' sent to object: 'Object Repository/Quản lý tài khoản merchant/Quản lý dịch vụ merchant/userNameTextbox'

12-10-2024T20:03:23 - [MESSAGE][PASSED] - Keys 'dannt@9pay.vn' sent to object: 'Object Repository/Quản lý tài khoản merchant/Quản lý dịch vụ merchant/userNameTextbox'

12-10-2024T20:03:23 - [TEST_STEP][PASSED] - sendKeys(findTestObject("Quản lý tài khoản merchant/Quản lý dịch vụ merchant/passwordTextbox"), password): Keys 'dannt@9pay.vn' sent to object: 'Object Repository/Quản lý tài khoản merchant/Quản lý dịch vụ merchant/passwordTextbox'

12-10-2024T20:03:23 - [MESSAGE][PASSED] - Keys 'dannt@9pay.vn' sent to object: 'Object Repository/Quản lý tài khoản merchant/Quản lý dịch vụ merchant/passwordTextbox'

12-10-2024T20:03:23 - [TEST_STEP][PASSED] - click(findTestObject("Quản lý tài khoản merchant/Quản lý dịch vụ merchant/loginButton")): Object: 'Object Repository/Quản lý tài khoản merchant/Quản lý dịch vụ merchant/loginButton' is clicked on

12-10-2024T20:03:24 - [MESSAGE][PASSED] - Object: 'Object Repository/Quản lý tài khoản merchant/Quản lý dịch vụ merchant/loginButton' is clicked on

12-10-2024T20:03:24 - [MESSAGE][PASSED] - Call Test Case 'Test Cases/Login/LoginCommon' successfully

12-10-2024T20:03:24 - [TEST_STEP][PASSED] - waitForElementVisible(findTestObject("Trang chủ/userName"), 20, STOP_ON_FAILURE): Object 'Object Repository/Trang chủ/userName' is visible

12-10-2024T20:03:27 - [MESSAGE][PASSED] - Object 'Object Repository/Trang chủ/userName' is visible

12-10-2024T20:03:27 - [TEST_STEP][PASSED] - callTestCase(findTestCase("Test Cases/Quản lý tài khoản merchant/Quản lý danh sách tài khoản/CustomFunctions"), [:], STOP_ON_FAILURE): Call Test Case 'Test Cases/Quản lý tài khoản merchant/Quản lý danh sách tài khoản/CustomFunctions' successfully

12-10-2024T20:03:27 - [TEST_CASE][PASSED] - Test Cases/Quản lý tài khoản merchant/Quản lý danh sách tài khoản/CustomFunctions: Test Cases/Quản lý tài khoản merchant/Quản lý danh sách tài khoản/CustomFunctions

12-10-2024T20:03:27 - [TEST_STEP][PASSED] - driver = getWebDriver(): null

12-10-2024T20:03:27 - [TEST_STEP][PASSED] - sleep(2000): null

12-10-2024T20:03:29 - [TEST_STEP][PASSED] - element1 = driver.findElement(By.xpath(xpathManagerMC)): null

12-10-2024T20:03:29 - [TEST_STEP][PASSED] - actions = new org.openqa.selenium.interactions.Actions(driver): null

12-10-2024T20:03:29 - [TEST_STEP][PASSED] - click().perform(): null

12-10-2024T20:03:29 - [TEST_STEP][PASSED] - wait = new org.openqa.selenium.support.ui.WebDriverWait(com.kms.katalon.core.webui.driver.DriverFactory.getWebDriver(), 15): null

12-10-2024T20:03:29 - [TEST_STEP][PASSED] - element2 = wait.until(ExpectedConditions.elementToBeClickable(By.xpath(xpathManagerServiceMC))): null

12-10-2024T20:03:30 - [TEST_STEP][PASSED] - click().perform(): null

12-10-2024T20:03:30 - [MESSAGE][PASSED] - Call Test Case 'Test Cases/Quản lý tài khoản merchant/Quản lý danh sách tài khoản/CustomFunctions' successfully

12-10-2024T20:03:30 - [TEST_STEP][PASSED] - driver = getWebDriver(): null

12-10-2024T20:03:30 - [TEST_STEP][PASSED] - dropdown = driver.findElement(By.name("service_type")): null

12-10-2024T20:03:31 - [TEST_STEP][PASSED] - xpath("//option[@value='DEPOSIT_TRANSFER_VA']")).click(): null

12-10-2024T20:03:31 - [TEST_STEP][PASSED] - click(findTestObject("Quản lý tài khoản merchant/Quản lý dịch vụ merchant/searchBtn")): Object: 'Object Repository/Quản lý tài khoản merchant/Quản lý dịch vụ merchant/searchBtn' is clicked on

12-10-2024T20:03:32 - [MESSAGE][PASSED] - Object: 'Object Repository/Quản lý tài khoản merchant/Quản lý dịch vụ merchant/searchBtn' is clicked on

12-10-2024T20:03:32 - [TEST_STEP][PASSED] - xpath = "//label[contains(@for, 'bank_va_TECHCOMBANK')]": null

12-10-2024T20:03:32 - [TEST_STEP][PASSED] - elements = new java.util.ArrayList(): null

12-10-2024T20:03:32 - [TEST_STEP][PASSED] - elements = driver.findElements(By.xpath(xpath)): null

12-10-2024T20:03:33 - [TEST_STEP][PASSED] - println("Số lượng phần tử: " + elements.size()): null

12-10-2024T20:03:33 - [TEST_STEP][PASSED] - expectedElements = 24: null

12-10-2024T20:03:33 - [TEST_STEP][PASSED] - if (elements.size() == expectedElements): Test case đã pass với số lượng icon đúng.

12-10-2024T20:03:33 - [TEST_STEP][PASSED] - println("Số lượng icon tìm thấy là đúng: " + elements.size()): null

12-10-2024T20:03:33 - [TEST_STEP][PASSED] - markPassed("Test case đã pass với số lượng icon đúng."): Test case đã pass với số lượng icon đúng.

12-10-2024T20:03:33 - [MESSAGE][PASSED] - Test case đã pass với số lượng icon đúng.

12-10-2024T20:03:33 - [TEST_STEP][PASSED] - Start listener action : sampleAfterTestCase: null

12-10-2024T20:03:33 - [TEST_STEP][PASSED] - testCaseId = testCaseContext.getTestCaseId(): null

12-10-2024T20:03:33 - [TEST_STEP][PASSED] - if (testCaseId == "Test Cases/Quản lý tài khoản merchant/Quản lý dịch vụ merchant/Kiểm tra chức năng xác nhận cấu hình thay đổi VA"): null]]></system-out>
         <system-err><![CDATA[]]></system-err>
      </testcase>
      <testcase name="Test Cases/Quản lý tài khoản merchant/Quản lý dịch vụ merchant/TC_09_Kiểm tra chức năng search khi chọn dịch vụ là thu hộ Va và active" time="14.722" classname="Test Cases/Quản lý tài khoản merchant/Quản lý dịch vụ merchant/TC_09_Kiểm tra chức năng search khi chọn dịch vụ là thu hộ Va và active" status="FAILED">
         <failure type="FAILED" message="Test Cases/Quản lý tài khoản merchant/Quản lý dịch vụ merchant/TC_09_Kiểm tra chức năng search khi chọn dịch vụ là thu hộ Va và active FAILED.&#xa;Reason:&#xa;com.kms.katalon.core.exception.StepFailedException: Test case đã fail với số lượng icon không đúng.&#xa;	at com.kms.katalon.core.util.KeywordUtil.markFailed(KeywordUtil.java:19)&#xa;	at TC_09_Kiểm tra chức năng search khi chọn dịch vụ là thu hộ Va và active.run(TC_09_Kiểm tra chức năng search khi chọn dịch vụ là thu hộ Va và active:65)&#xa;	at com.kms.katalon.core.main.ScriptEngine.run(ScriptEngine.java:194)&#xa;	at com.kms.katalon.core.main.ScriptEngine.runScriptAsRawText(ScriptEngine.java:119)&#xa;	at com.kms.katalon.core.main.TestCaseExecutor.runScript(TestCaseExecutor.java:448)&#xa;	at com.kms.katalon.core.main.TestCaseExecutor.doExecute(TestCaseExecutor.java:439)&#xa;	at com.kms.katalon.core.main.TestCaseExecutor.processExecutionPhase(TestCaseExecutor.java:418)&#xa;	at com.kms.katalon.core.main.TestCaseExecutor.accessMainPhase(TestCaseExecutor.java:410)&#xa;	at com.kms.katalon.core.main.TestCaseExecutor.execute(TestCaseExecutor.java:285)&#xa;	at com.kms.katalon.core.common.CommonExecutor.accessTestCaseMainPhase(CommonExecutor.java:65)&#xa;	at com.kms.katalon.core.main.TestSuiteExecutor.accessTestSuiteMainPhase(TestSuiteExecutor.java:150)&#xa;	at com.kms.katalon.core.main.TestSuiteExecutor.execute(TestSuiteExecutor.java:106)&#xa;	at com.kms.katalon.core.main.TestCaseMain.startTestSuite(TestCaseMain.java:180)&#xa;	at TempTestSuite1728738085357.run(TempTestSuite1728738085357.groovy:35)&#xa;	at java.base/jdk.internal.reflect.NativeMethodAccessorImpl.invoke0(Native Method)&#xa;	at java.base/jdk.internal.reflect.NativeMethodAccessorImpl.invoke(NativeMethodAccessorImpl.java:77)&#xa;	at java.base/jdk.internal.reflect.DelegatingMethodAccessorImpl.invoke(DelegatingMethodAccessorImpl.java:43)&#xa;"/>
         <system-out><![CDATA[12-10-2024T20:03:33 - [TEST_CASE][FAILED] - Test Cases/Quản lý tài khoản merchant/Quản lý dịch vụ merchant/TC_09_Kiểm tra chức năng search khi chọn dịch vụ là thu hộ Va và active: Test Cases/Quản lý tài khoản merchant/Quản lý dịch vụ merchant/TC_09_Kiểm tra chức năng search khi chọn dịch vụ là thu hộ Va và active FAILED.
Reason:
com.kms.katalon.core.exception.StepFailedException: Test case đã fail với số lượng icon không đúng.
	at com.kms.katalon.core.util.KeywordUtil.markFailed(KeywordUtil.java:19)
	at TC_09_Kiểm tra chức năng search khi chọn dịch vụ là thu hộ Va và active.run(TC_09_Kiểm tra chức năng search khi chọn dịch vụ là thu hộ Va và active:65)
	at com.kms.katalon.core.main.ScriptEngine.run(ScriptEngine.java:194)
	at com.kms.katalon.core.main.ScriptEngine.runScriptAsRawText(ScriptEngine.java:119)
	at com.kms.katalon.core.main.TestCaseExecutor.runScript(TestCaseExecutor.java:448)
	at com.kms.katalon.core.main.TestCaseExecutor.doExecute(TestCaseExecutor.java:439)
	at com.kms.katalon.core.main.TestCaseExecutor.processExecutionPhase(TestCaseExecutor.java:418)
	at com.kms.katalon.core.main.TestCaseExecutor.accessMainPhase(TestCaseExecutor.java:410)
	at com.kms.katalon.core.main.TestCaseExecutor.execute(TestCaseExecutor.java:285)
	at com.kms.katalon.core.common.CommonExecutor.accessTestCaseMainPhase(CommonExecutor.java:65)
	at com.kms.katalon.core.main.TestSuiteExecutor.accessTestSuiteMainPhase(TestSuiteExecutor.java:150)
	at com.kms.katalon.core.main.TestSuiteExecutor.execute(TestSuiteExecutor.java:106)
	at com.kms.katalon.core.main.TestCaseMain.startTestSuite(TestCaseMain.java:180)
	at TempTestSuite1728738085357.run(TempTestSuite1728738085357.groovy:35)
	at java.base/jdk.internal.reflect.NativeMethodAccessorImpl.invoke0(Native Method)
	at java.base/jdk.internal.reflect.NativeMethodAccessorImpl.invoke(NativeMethodAccessorImpl.java:77)
	at java.base/jdk.internal.reflect.DelegatingMethodAccessorImpl.invoke(DelegatingMethodAccessorImpl.java:43)


12-10-2024T20:03:33 - [TEST_STEP][PASSED] - Start listener action : sampleBeforeTestCase: Navigate to 'https://stg-cms-console.9pay.mobi/login' successfully

12-10-2024T20:03:33 - [TEST_STEP][PASSED] - testCaseId = testCaseContext.getTestCaseId(): null

12-10-2024T20:03:33 - [TEST_STEP][PASSED] - url = <not implemented yet for class: org.codehaus.groovy.ast.expr.EmptyExpression>: null

12-10-2024T20:03:33 - [TEST_STEP][PASSED] - if (testCaseId == "Test Cases/Quản lý tài khoản merchant/Quản lý dịch vụ merchant/Kiểm tra thay đổi sau khi cấu hình VA trên MCV"): null

12-10-2024T20:03:33 - [TEST_STEP][PASSED] - else: null

12-10-2024T20:03:33 - [TEST_STEP][PASSED] - url = "https://stg-cms-console.9pay.mobi/login": null

12-10-2024T20:03:33 - [TEST_STEP][PASSED] - openBrowser(""): Browser is opened with url: ''

12-10-2024T20:03:33 - [MESSAGE][WARNING] - A browser is already opened. Closing browser and opening a new one

12-10-2024T20:03:33 - [MESSAGE][INFO] - Starting 'Chrome' driver

12-10-2024T20:03:33 - [MESSAGE][INFO] - Action delay is set to 0 milliseconds

12-10-2024T20:03:34 - [MESSAGE][PASSED] - Browser is opened with url: ''

12-10-2024T20:03:34 - [TEST_STEP][PASSED] - maximizeWindow(): Current window maximized

12-10-2024T20:03:34 - [MESSAGE][PASSED] - Current window maximized

12-10-2024T20:03:34 - [TEST_STEP][PASSED] - navigateToUrl(url): Navigate to 'https://stg-cms-console.9pay.mobi/login' successfully

12-10-2024T20:03:35 - [MESSAGE][PASSED] - Navigate to 'https://stg-cms-console.9pay.mobi/login' successfully

12-10-2024T20:03:35 - [TEST_STEP][PASSED] - callTestCase(findTestCase("Test Cases/Login/LoginCommon"), [:], STOP_ON_FAILURE): Call Test Case 'Test Cases/Login/LoginCommon' successfully

12-10-2024T20:03:35 - [TEST_CASE][PASSED] - Test Cases/Login/LoginCommon: Test Cases/Login/LoginCommon

12-10-2024T20:03:35 - [TEST_STEP][PASSED] - driver = getWebDriver(): null

12-10-2024T20:03:35 - [TEST_STEP][PASSED] - sendKeys(findTestObject("Quản lý tài khoản merchant/Quản lý dịch vụ merchant/userNameTextbox"), userAccount): Keys 'dannt@9pay.vn' sent to object: 'Object Repository/Quản lý tài khoản merchant/Quản lý dịch vụ merchant/userNameTextbox'

12-10-2024T20:03:36 - [MESSAGE][PASSED] - Keys 'dannt@9pay.vn' sent to object: 'Object Repository/Quản lý tài khoản merchant/Quản lý dịch vụ merchant/userNameTextbox'

12-10-2024T20:03:36 - [TEST_STEP][PASSED] - sendKeys(findTestObject("Quản lý tài khoản merchant/Quản lý dịch vụ merchant/passwordTextbox"), password): Keys 'dannt@9pay.vn' sent to object: 'Object Repository/Quản lý tài khoản merchant/Quản lý dịch vụ merchant/passwordTextbox'

12-10-2024T20:03:36 - [MESSAGE][PASSED] - Keys 'dannt@9pay.vn' sent to object: 'Object Repository/Quản lý tài khoản merchant/Quản lý dịch vụ merchant/passwordTextbox'

12-10-2024T20:03:36 - [TEST_STEP][PASSED] - click(findTestObject("Quản lý tài khoản merchant/Quản lý dịch vụ merchant/loginButton")): Object: 'Object Repository/Quản lý tài khoản merchant/Quản lý dịch vụ merchant/loginButton' is clicked on

12-10-2024T20:03:36 - [MESSAGE][PASSED] - Object: 'Object Repository/Quản lý tài khoản merchant/Quản lý dịch vụ merchant/loginButton' is clicked on

12-10-2024T20:03:36 - [MESSAGE][PASSED] - Call Test Case 'Test Cases/Login/LoginCommon' successfully

12-10-2024T20:03:36 - [TEST_STEP][PASSED] - waitForElementVisible(findTestObject("Trang chủ/userName"), 20, STOP_ON_FAILURE): Object 'Object Repository/Trang chủ/userName' is visible

12-10-2024T20:03:40 - [MESSAGE][PASSED] - Object 'Object Repository/Trang chủ/userName' is visible

12-10-2024T20:03:40 - [TEST_STEP][PASSED] - callTestCase(findTestCase("Test Cases/Quản lý tài khoản merchant/Quản lý danh sách tài khoản/CustomFunctions"), [:], STOP_ON_FAILURE): Call Test Case 'Test Cases/Quản lý tài khoản merchant/Quản lý danh sách tài khoản/CustomFunctions' successfully

12-10-2024T20:03:40 - [TEST_CASE][PASSED] - Test Cases/Quản lý tài khoản merchant/Quản lý danh sách tài khoản/CustomFunctions: Test Cases/Quản lý tài khoản merchant/Quản lý danh sách tài khoản/CustomFunctions

12-10-2024T20:03:40 - [TEST_STEP][PASSED] - driver = getWebDriver(): null

12-10-2024T20:03:40 - [TEST_STEP][PASSED] - sleep(2000): null

12-10-2024T20:03:42 - [TEST_STEP][PASSED] - element1 = driver.findElement(By.xpath(xpathManagerMC)): null

12-10-2024T20:03:42 - [TEST_STEP][PASSED] - actions = new org.openqa.selenium.interactions.Actions(driver): null

12-10-2024T20:03:42 - [TEST_STEP][PASSED] - click().perform(): null

12-10-2024T20:03:43 - [TEST_STEP][PASSED] - wait = new org.openqa.selenium.support.ui.WebDriverWait(com.kms.katalon.core.webui.driver.DriverFactory.getWebDriver(), 15): null

12-10-2024T20:03:43 - [TEST_STEP][PASSED] - element2 = wait.until(ExpectedConditions.elementToBeClickable(By.xpath(xpathManagerServiceMC))): null

12-10-2024T20:03:43 - [TEST_STEP][PASSED] - click().perform(): null

12-10-2024T20:03:43 - [MESSAGE][PASSED] - Call Test Case 'Test Cases/Quản lý tài khoản merchant/Quản lý danh sách tài khoản/CustomFunctions' successfully

12-10-2024T20:03:43 - [TEST_STEP][PASSED] - driver = getWebDriver(): null

12-10-2024T20:03:43 - [TEST_STEP][PASSED] - dropdown = driver.findElement(By.name("service_type")): null

12-10-2024T20:03:44 - [TEST_STEP][PASSED] - dropdownStt = driver.findElement(By.name("is_active")): null

12-10-2024T20:03:45 - [TEST_STEP][PASSED] - xpath("//option[@value='DEPOSIT_TRANSFER_VA']")).click(): null

12-10-2024T20:03:45 - [TEST_STEP][PASSED] - xpath("//option[@value="1"]")).click(): null

12-10-2024T20:03:45 - [TEST_STEP][PASSED] - click(findTestObject("Quản lý tài khoản merchant/Quản lý dịch vụ merchant/searchBtn")): Object: 'Object Repository/Quản lý tài khoản merchant/Quản lý dịch vụ merchant/searchBtn' is clicked on

12-10-2024T20:03:46 - [MESSAGE][PASSED] - Object: 'Object Repository/Quản lý tài khoản merchant/Quản lý dịch vụ merchant/searchBtn' is clicked on

12-10-2024T20:03:46 - [TEST_STEP][PASSED] - xpath = "//label[contains(@for, 'bank_va_TECHCOMBANK')]": null

12-10-2024T20:03:46 - [TEST_STEP][PASSED] - xpathSttActive = "//td//span[contains(text(),'Đang hoạt động')]": null

12-10-2024T20:03:46 - [TEST_STEP][PASSED] - elements = new java.util.ArrayList(): null

12-10-2024T20:03:46 - [TEST_STEP][PASSED] - SttActives = new java.util.ArrayList(): null

12-10-2024T20:03:46 - [TEST_STEP][PASSED] - elements = driver.findElements(By.xpath(xpath)): null

12-10-2024T20:03:47 - [TEST_STEP][PASSED] - SttActives = driver.findElements(By.xpath(xpathSttActive)): null

12-10-2024T20:03:48 - [TEST_STEP][PASSED] - println("Số lượng phần tử: " + elements.size()): null

12-10-2024T20:03:48 - [TEST_STEP][PASSED] - expectedElements = 25: null

12-10-2024T20:03:48 - [TEST_STEP][PASSED] - if (elements.size() == expectedElements && SttActives.size() == expectedElements): null

12-10-2024T20:03:48 - [TEST_STEP][FAILED] - else: Test case đã fail với số lượng icon không đúng.

12-10-2024T20:03:48 - [TEST_STEP][PASSED] - println("Số lượng icon tìm thấy không đúng. Số lượng thực tế: " + elements.size() + ", Số lượng mong đợi: " + expectedElements): null

12-10-2024T20:03:48 - [TEST_STEP][FAILED] - markFailed("Test case đã fail với số lượng icon không đúng."): Test case đã fail với số lượng icon không đúng.

12-10-2024T20:03:48 - [MESSAGE][FAILED] - Test case đã fail với số lượng icon không đúng.

12-10-2024T20:03:48 - [TEST_STEP][PASSED] - Start listener action : sampleAfterTestCase: null

12-10-2024T20:03:48 - [TEST_STEP][PASSED] - testCaseId = testCaseContext.getTestCaseId(): null

12-10-2024T20:03:48 - [TEST_STEP][PASSED] - if (testCaseId == "Test Cases/Quản lý tài khoản merchant/Quản lý dịch vụ merchant/Kiểm tra chức năng xác nhận cấu hình thay đổi VA"): null]]></system-out>
         <system-err><![CDATA[12-10-2024T20:03:33 - [TEST_CASE][FAILED] - Test Cases/Quản lý tài khoản merchant/Quản lý dịch vụ merchant/TC_09_Kiểm tra chức năng search khi chọn dịch vụ là thu hộ Va và active: Test Cases/Quản lý tài khoản merchant/Quản lý dịch vụ merchant/TC_09_Kiểm tra chức năng search khi chọn dịch vụ là thu hộ Va và active FAILED.
Reason:
com.kms.katalon.core.exception.StepFailedException: Test case đã fail với số lượng icon không đúng.
	at com.kms.katalon.core.util.KeywordUtil.markFailed(KeywordUtil.java:19)
	at TC_09_Kiểm tra chức năng search khi chọn dịch vụ là thu hộ Va và active.run(TC_09_Kiểm tra chức năng search khi chọn dịch vụ là thu hộ Va và active:65)
	at com.kms.katalon.core.main.ScriptEngine.run(ScriptEngine.java:194)
	at com.kms.katalon.core.main.ScriptEngine.runScriptAsRawText(ScriptEngine.java:119)
	at com.kms.katalon.core.main.TestCaseExecutor.runScript(TestCaseExecutor.java:448)
	at com.kms.katalon.core.main.TestCaseExecutor.doExecute(TestCaseExecutor.java:439)
	at com.kms.katalon.core.main.TestCaseExecutor.processExecutionPhase(TestCaseExecutor.java:418)
	at com.kms.katalon.core.main.TestCaseExecutor.accessMainPhase(TestCaseExecutor.java:410)
	at com.kms.katalon.core.main.TestCaseExecutor.execute(TestCaseExecutor.java:285)
	at com.kms.katalon.core.common.CommonExecutor.accessTestCaseMainPhase(CommonExecutor.java:65)
	at com.kms.katalon.core.main.TestSuiteExecutor.accessTestSuiteMainPhase(TestSuiteExecutor.java:150)
	at com.kms.katalon.core.main.TestSuiteExecutor.execute(TestSuiteExecutor.java:106)
	at com.kms.katalon.core.main.TestCaseMain.startTestSuite(TestCaseMain.java:180)
	at TempTestSuite1728738085357.run(TempTestSuite1728738085357.groovy:35)
	at java.base/jdk.internal.reflect.NativeMethodAccessorImpl.invoke0(Native Method)
	at java.base/jdk.internal.reflect.NativeMethodAccessorImpl.invoke(NativeMethodAccessorImpl.java:77)
	at java.base/jdk.internal.reflect.DelegatingMethodAccessorImpl.invoke(DelegatingMethodAccessorImpl.java:43)]]></system-err>
      </testcase>
      <testcase name="Test Cases/Quản lý tài khoản merchant/Quản lý dịch vụ merchant/TC_10_Kiểm tra chức năng search khi chọn dịch vụ là thu hộ VA và inactive" time="25.79" classname="Test Cases/Quản lý tài khoản merchant/Quản lý dịch vụ merchant/TC_10_Kiểm tra chức năng search khi chọn dịch vụ là thu hộ VA và inactive" status="FAILED">
         <failure type="FAILED" message="Test Cases/Quản lý tài khoản merchant/Quản lý dịch vụ merchant/TC_10_Kiểm tra chức năng search khi chọn dịch vụ là thu hộ VA và inactive FAILED.&#xa;Reason:&#xa;com.kms.katalon.core.exception.StepFailedException: Test case đã fail với số lượng icon không đúng.&#xa;	at com.kms.katalon.core.util.KeywordUtil.markFailed(KeywordUtil.java:19)&#xa;	at TC_10_Kiểm tra chức năng search khi chọn dịch vụ là thu hộ VA và inactive.run(TC_10_Kiểm tra chức năng search khi chọn dịch vụ là thu hộ VA và inactive:65)&#xa;	at com.kms.katalon.core.main.ScriptEngine.run(ScriptEngine.java:194)&#xa;	at com.kms.katalon.core.main.ScriptEngine.runScriptAsRawText(ScriptEngine.java:119)&#xa;	at com.kms.katalon.core.main.TestCaseExecutor.runScript(TestCaseExecutor.java:448)&#xa;	at com.kms.katalon.core.main.TestCaseExecutor.doExecute(TestCaseExecutor.java:439)&#xa;	at com.kms.katalon.core.main.TestCaseExecutor.processExecutionPhase(TestCaseExecutor.java:418)&#xa;	at com.kms.katalon.core.main.TestCaseExecutor.accessMainPhase(TestCaseExecutor.java:410)&#xa;	at com.kms.katalon.core.main.TestCaseExecutor.execute(TestCaseExecutor.java:285)&#xa;	at com.kms.katalon.core.common.CommonExecutor.accessTestCaseMainPhase(CommonExecutor.java:65)&#xa;	at com.kms.katalon.core.main.TestSuiteExecutor.accessTestSuiteMainPhase(TestSuiteExecutor.java:150)&#xa;	at com.kms.katalon.core.main.TestSuiteExecutor.execute(TestSuiteExecutor.java:106)&#xa;	at com.kms.katalon.core.main.TestCaseMain.startTestSuite(TestCaseMain.java:180)&#xa;	at TempTestSuite1728738085357.run(TempTestSuite1728738085357.groovy:35)&#xa;	at java.base/jdk.internal.reflect.NativeMethodAccessorImpl.invoke0(Native Method)&#xa;	at java.base/jdk.internal.reflect.NativeMethodAccessorImpl.invoke(NativeMethodAccessorImpl.java:77)&#xa;	at java.base/jdk.internal.reflect.DelegatingMethodAccessorImpl.invoke(DelegatingMethodAccessorImpl.java:43)&#xa;"/>
         <system-out><![CDATA[12-10-2024T20:03:48 - [TEST_CASE][FAILED] - Test Cases/Quản lý tài khoản merchant/Quản lý dịch vụ merchant/TC_10_Kiểm tra chức năng search khi chọn dịch vụ là thu hộ VA và inactive: Test Cases/Quản lý tài khoản merchant/Quản lý dịch vụ merchant/TC_10_Kiểm tra chức năng search khi chọn dịch vụ là thu hộ VA và inactive FAILED.
Reason:
com.kms.katalon.core.exception.StepFailedException: Test case đã fail với số lượng icon không đúng.
	at com.kms.katalon.core.util.KeywordUtil.markFailed(KeywordUtil.java:19)
	at TC_10_Kiểm tra chức năng search khi chọn dịch vụ là thu hộ VA và inactive.run(TC_10_Kiểm tra chức năng search khi chọn dịch vụ là thu hộ VA và inactive:65)
	at com.kms.katalon.core.main.ScriptEngine.run(ScriptEngine.java:194)
	at com.kms.katalon.core.main.ScriptEngine.runScriptAsRawText(ScriptEngine.java:119)
	at com.kms.katalon.core.main.TestCaseExecutor.runScript(TestCaseExecutor.java:448)
	at com.kms.katalon.core.main.TestCaseExecutor.doExecute(TestCaseExecutor.java:439)
	at com.kms.katalon.core.main.TestCaseExecutor.processExecutionPhase(TestCaseExecutor.java:418)
	at com.kms.katalon.core.main.TestCaseExecutor.accessMainPhase(TestCaseExecutor.java:410)
	at com.kms.katalon.core.main.TestCaseExecutor.execute(TestCaseExecutor.java:285)
	at com.kms.katalon.core.common.CommonExecutor.accessTestCaseMainPhase(CommonExecutor.java:65)
	at com.kms.katalon.core.main.TestSuiteExecutor.accessTestSuiteMainPhase(TestSuiteExecutor.java:150)
	at com.kms.katalon.core.main.TestSuiteExecutor.execute(TestSuiteExecutor.java:106)
	at com.kms.katalon.core.main.TestCaseMain.startTestSuite(TestCaseMain.java:180)
	at TempTestSuite1728738085357.run(TempTestSuite1728738085357.groovy:35)
	at java.base/jdk.internal.reflect.NativeMethodAccessorImpl.invoke0(Native Method)
	at java.base/jdk.internal.reflect.NativeMethodAccessorImpl.invoke(NativeMethodAccessorImpl.java:77)
	at java.base/jdk.internal.reflect.DelegatingMethodAccessorImpl.invoke(DelegatingMethodAccessorImpl.java:43)


12-10-2024T20:03:48 - [TEST_STEP][PASSED] - Start listener action : sampleBeforeTestCase: Navigate to 'https://stg-cms-console.9pay.mobi/login' successfully

12-10-2024T20:03:48 - [TEST_STEP][PASSED] - testCaseId = testCaseContext.getTestCaseId(): null

12-10-2024T20:03:48 - [TEST_STEP][PASSED] - url = <not implemented yet for class: org.codehaus.groovy.ast.expr.EmptyExpression>: null

12-10-2024T20:03:48 - [TEST_STEP][PASSED] - if (testCaseId == "Test Cases/Quản lý tài khoản merchant/Quản lý dịch vụ merchant/Kiểm tra thay đổi sau khi cấu hình VA trên MCV"): null

12-10-2024T20:03:48 - [TEST_STEP][PASSED] - else: null

12-10-2024T20:03:48 - [TEST_STEP][PASSED] - url = "https://stg-cms-console.9pay.mobi/login": null

12-10-2024T20:03:48 - [TEST_STEP][PASSED] - openBrowser(""): Browser is opened with url: ''

12-10-2024T20:03:48 - [MESSAGE][WARNING] - A browser is already opened. Closing browser and opening a new one

12-10-2024T20:03:48 - [MESSAGE][INFO] - Starting 'Chrome' driver

12-10-2024T20:03:48 - [MESSAGE][INFO] - Action delay is set to 0 milliseconds

12-10-2024T20:03:48 - [MESSAGE][PASSED] - Browser is opened with url: ''

12-10-2024T20:03:48 - [TEST_STEP][PASSED] - maximizeWindow(): Current window maximized

12-10-2024T20:03:48 - [MESSAGE][PASSED] - Current window maximized

12-10-2024T20:03:48 - [TEST_STEP][PASSED] - navigateToUrl(url): Navigate to 'https://stg-cms-console.9pay.mobi/login' successfully

12-10-2024T20:03:50 - [MESSAGE][PASSED] - Navigate to 'https://stg-cms-console.9pay.mobi/login' successfully

12-10-2024T20:03:50 - [TEST_STEP][PASSED] - callTestCase(findTestCase("Test Cases/Login/LoginCommon"), [:], STOP_ON_FAILURE): Call Test Case 'Test Cases/Login/LoginCommon' successfully

12-10-2024T20:03:50 - [TEST_CASE][PASSED] - Test Cases/Login/LoginCommon: Test Cases/Login/LoginCommon

12-10-2024T20:03:50 - [TEST_STEP][PASSED] - driver = getWebDriver(): null

12-10-2024T20:03:50 - [TEST_STEP][PASSED] - sendKeys(findTestObject("Quản lý tài khoản merchant/Quản lý dịch vụ merchant/userNameTextbox"), userAccount): Keys 'dannt@9pay.vn' sent to object: 'Object Repository/Quản lý tài khoản merchant/Quản lý dịch vụ merchant/userNameTextbox'

12-10-2024T20:03:51 - [MESSAGE][PASSED] - Keys 'dannt@9pay.vn' sent to object: 'Object Repository/Quản lý tài khoản merchant/Quản lý dịch vụ merchant/userNameTextbox'

12-10-2024T20:03:51 - [TEST_STEP][PASSED] - sendKeys(findTestObject("Quản lý tài khoản merchant/Quản lý dịch vụ merchant/passwordTextbox"), password): Keys 'dannt@9pay.vn' sent to object: 'Object Repository/Quản lý tài khoản merchant/Quản lý dịch vụ merchant/passwordTextbox'

12-10-2024T20:03:51 - [MESSAGE][PASSED] - Keys 'dannt@9pay.vn' sent to object: 'Object Repository/Quản lý tài khoản merchant/Quản lý dịch vụ merchant/passwordTextbox'

12-10-2024T20:03:51 - [TEST_STEP][PASSED] - click(findTestObject("Quản lý tài khoản merchant/Quản lý dịch vụ merchant/loginButton")): Object: 'Object Repository/Quản lý tài khoản merchant/Quản lý dịch vụ merchant/loginButton' is clicked on

12-10-2024T20:03:51 - [MESSAGE][PASSED] - Object: 'Object Repository/Quản lý tài khoản merchant/Quản lý dịch vụ merchant/loginButton' is clicked on

12-10-2024T20:03:51 - [MESSAGE][PASSED] - Call Test Case 'Test Cases/Login/LoginCommon' successfully

12-10-2024T20:03:51 - [TEST_STEP][PASSED] - waitForElementVisible(findTestObject("Trang chủ/userName"), 20, STOP_ON_FAILURE): Object 'Object Repository/Trang chủ/userName' is visible

12-10-2024T20:04:00 - [MESSAGE][PASSED] - Object 'Object Repository/Trang chủ/userName' is visible

12-10-2024T20:04:00 - [TEST_STEP][PASSED] - callTestCase(findTestCase("Test Cases/Quản lý tài khoản merchant/Quản lý danh sách tài khoản/CustomFunctions"), [:], STOP_ON_FAILURE): Call Test Case 'Test Cases/Quản lý tài khoản merchant/Quản lý danh sách tài khoản/CustomFunctions' successfully

12-10-2024T20:04:00 - [TEST_CASE][PASSED] - Test Cases/Quản lý tài khoản merchant/Quản lý danh sách tài khoản/CustomFunctions: Test Cases/Quản lý tài khoản merchant/Quản lý danh sách tài khoản/CustomFunctions

12-10-2024T20:04:00 - [TEST_STEP][PASSED] - driver = getWebDriver(): null

12-10-2024T20:04:00 - [TEST_STEP][PASSED] - sleep(2000): null

12-10-2024T20:04:02 - [TEST_STEP][PASSED] - element1 = driver.findElement(By.xpath(xpathManagerMC)): null

12-10-2024T20:04:04 - [TEST_STEP][PASSED] - actions = new org.openqa.selenium.interactions.Actions(driver): null

12-10-2024T20:04:04 - [TEST_STEP][PASSED] - click().perform(): null

12-10-2024T20:04:09 - [TEST_STEP][PASSED] - wait = new org.openqa.selenium.support.ui.WebDriverWait(com.kms.katalon.core.webui.driver.DriverFactory.getWebDriver(), 15): null

12-10-2024T20:04:09 - [TEST_STEP][PASSED] - element2 = wait.until(ExpectedConditions.elementToBeClickable(By.xpath(xpathManagerServiceMC))): null

12-10-2024T20:04:10 - [TEST_STEP][PASSED] - click().perform(): null

12-10-2024T20:04:10 - [MESSAGE][PASSED] - Call Test Case 'Test Cases/Quản lý tài khoản merchant/Quản lý danh sách tài khoản/CustomFunctions' successfully

12-10-2024T20:04:10 - [TEST_STEP][PASSED] - driver = getWebDriver(): null

12-10-2024T20:04:10 - [TEST_STEP][PASSED] - dropdown = driver.findElement(By.name("service_type")): null

12-10-2024T20:04:11 - [TEST_STEP][PASSED] - dropdownStt = driver.findElement(By.name("is_active")): null

12-10-2024T20:04:11 - [TEST_STEP][PASSED] - xpath("//option[@value='DEPOSIT_TRANSFER_VA']")).click(): null

12-10-2024T20:04:12 - [TEST_STEP][PASSED] - xpath("//option[@value="0"]")).click(): null

12-10-2024T20:04:12 - [TEST_STEP][PASSED] - click(findTestObject("Quản lý tài khoản merchant/Quản lý dịch vụ merchant/searchBtn")): Object: 'Object Repository/Quản lý tài khoản merchant/Quản lý dịch vụ merchant/searchBtn' is clicked on

12-10-2024T20:04:12 - [MESSAGE][PASSED] - Object: 'Object Repository/Quản lý tài khoản merchant/Quản lý dịch vụ merchant/searchBtn' is clicked on

12-10-2024T20:04:12 - [TEST_STEP][PASSED] - xpath = "//label[contains(@for, 'bank_va_TECHCOMBANK')]": null

12-10-2024T20:04:12 - [TEST_STEP][PASSED] - xpathSttInactive = "//td//span[contains(text(),'Không hoạt động')]": null

12-10-2024T20:04:12 - [TEST_STEP][PASSED] - elements = new java.util.ArrayList(): null

12-10-2024T20:04:12 - [TEST_STEP][PASSED] - SttInactives = new java.util.ArrayList(): null

12-10-2024T20:04:12 - [TEST_STEP][PASSED] - elements = driver.findElements(By.xpath(xpath)): null

12-10-2024T20:04:13 - [TEST_STEP][PASSED] - SttInactives = driver.findElements(By.xpath(xpathSttInactive)): null

12-10-2024T20:04:13 - [TEST_STEP][PASSED] - println("Số lượng phần tử: " + elements.size()): null

12-10-2024T20:04:13 - [TEST_STEP][PASSED] - expectedElements = 0: null

12-10-2024T20:04:13 - [TEST_STEP][PASSED] - if (elements.size() == expectedElements && SttInactives.size() == expectedElements): null

12-10-2024T20:04:13 - [TEST_STEP][FAILED] - else: Test case đã fail với số lượng icon không đúng.

12-10-2024T20:04:13 - [TEST_STEP][PASSED] - println("Số lượng icon tìm thấy không đúng. Số lượng thực tế: " + elements.size() + ", Số lượng mong đợi: " + expectedElements): null

12-10-2024T20:04:13 - [TEST_STEP][FAILED] - markFailed("Test case đã fail với số lượng icon không đúng."): Test case đã fail với số lượng icon không đúng.

12-10-2024T20:04:13 - [MESSAGE][FAILED] - Test case đã fail với số lượng icon không đúng.

12-10-2024T20:04:13 - [TEST_STEP][PASSED] - Start listener action : sampleAfterTestCase: null

12-10-2024T20:04:13 - [TEST_STEP][PASSED] - testCaseId = testCaseContext.getTestCaseId(): null

12-10-2024T20:04:13 - [TEST_STEP][PASSED] - if (testCaseId == "Test Cases/Quản lý tài khoản merchant/Quản lý dịch vụ merchant/Kiểm tra chức năng xác nhận cấu hình thay đổi VA"): null]]></system-out>
         <system-err><![CDATA[12-10-2024T20:03:48 - [TEST_CASE][FAILED] - Test Cases/Quản lý tài khoản merchant/Quản lý dịch vụ merchant/TC_10_Kiểm tra chức năng search khi chọn dịch vụ là thu hộ VA và inactive: Test Cases/Quản lý tài khoản merchant/Quản lý dịch vụ merchant/TC_10_Kiểm tra chức năng search khi chọn dịch vụ là thu hộ VA và inactive FAILED.
Reason:
com.kms.katalon.core.exception.StepFailedException: Test case đã fail với số lượng icon không đúng.
	at com.kms.katalon.core.util.KeywordUtil.markFailed(KeywordUtil.java:19)
	at TC_10_Kiểm tra chức năng search khi chọn dịch vụ là thu hộ VA và inactive.run(TC_10_Kiểm tra chức năng search khi chọn dịch vụ là thu hộ VA và inactive:65)
	at com.kms.katalon.core.main.ScriptEngine.run(ScriptEngine.java:194)
	at com.kms.katalon.core.main.ScriptEngine.runScriptAsRawText(ScriptEngine.java:119)
	at com.kms.katalon.core.main.TestCaseExecutor.runScript(TestCaseExecutor.java:448)
	at com.kms.katalon.core.main.TestCaseExecutor.doExecute(TestCaseExecutor.java:439)
	at com.kms.katalon.core.main.TestCaseExecutor.processExecutionPhase(TestCaseExecutor.java:418)
	at com.kms.katalon.core.main.TestCaseExecutor.accessMainPhase(TestCaseExecutor.java:410)
	at com.kms.katalon.core.main.TestCaseExecutor.execute(TestCaseExecutor.java:285)
	at com.kms.katalon.core.common.CommonExecutor.accessTestCaseMainPhase(CommonExecutor.java:65)
	at com.kms.katalon.core.main.TestSuiteExecutor.accessTestSuiteMainPhase(TestSuiteExecutor.java:150)
	at com.kms.katalon.core.main.TestSuiteExecutor.execute(TestSuiteExecutor.java:106)
	at com.kms.katalon.core.main.TestCaseMain.startTestSuite(TestCaseMain.java:180)
	at TempTestSuite1728738085357.run(TempTestSuite1728738085357.groovy:35)
	at java.base/jdk.internal.reflect.NativeMethodAccessorImpl.invoke0(Native Method)
	at java.base/jdk.internal.reflect.NativeMethodAccessorImpl.invoke(NativeMethodAccessorImpl.java:77)
	at java.base/jdk.internal.reflect.DelegatingMethodAccessorImpl.invoke(DelegatingMethodAccessorImpl.java:43)]]></system-err>
      </testcase>
      <testcase name="Test Cases/Quản lý tài khoản merchant/Quản lý dịch vụ merchant/TC_11_Kiểm tra chức năng search khi chọn tên merchant đúng" time="10.96" classname="Test Cases/Quản lý tài khoản merchant/Quản lý dịch vụ merchant/TC_11_Kiểm tra chức năng search khi chọn tên merchant đúng" status="PASSED">
         <system-out><![CDATA[12-10-2024T20:04:13 - [TEST_CASE][PASSED] - Test Cases/Quản lý tài khoản merchant/Quản lý dịch vụ merchant/TC_11_Kiểm tra chức năng search khi chọn tên merchant đúng: Test Cases/Quản lý tài khoản merchant/Quản lý dịch vụ merchant/TC_11_Kiểm tra chức năng search khi chọn tên merchant đúng

12-10-2024T20:04:13 - [TEST_STEP][PASSED] - Start listener action : sampleBeforeTestCase: Navigate to 'https://stg-cms-console.9pay.mobi/login' successfully

12-10-2024T20:04:13 - [TEST_STEP][PASSED] - testCaseId = testCaseContext.getTestCaseId(): null

12-10-2024T20:04:13 - [TEST_STEP][PASSED] - url = <not implemented yet for class: org.codehaus.groovy.ast.expr.EmptyExpression>: null

12-10-2024T20:04:13 - [TEST_STEP][PASSED] - if (testCaseId == "Test Cases/Quản lý tài khoản merchant/Quản lý dịch vụ merchant/Kiểm tra thay đổi sau khi cấu hình VA trên MCV"): null

12-10-2024T20:04:13 - [TEST_STEP][PASSED] - else: null

12-10-2024T20:04:13 - [TEST_STEP][PASSED] - url = "https://stg-cms-console.9pay.mobi/login": null

12-10-2024T20:04:13 - [TEST_STEP][PASSED] - openBrowser(""): Browser is opened with url: ''

12-10-2024T20:04:13 - [MESSAGE][WARNING] - A browser is already opened. Closing browser and opening a new one

12-10-2024T20:04:13 - [MESSAGE][INFO] - Starting 'Chrome' driver

12-10-2024T20:04:13 - [MESSAGE][INFO] - Action delay is set to 0 milliseconds

12-10-2024T20:04:14 - [MESSAGE][PASSED] - Browser is opened with url: ''

12-10-2024T20:04:14 - [TEST_STEP][PASSED] - maximizeWindow(): Current window maximized

12-10-2024T20:04:15 - [MESSAGE][PASSED] - Current window maximized

12-10-2024T20:04:15 - [TEST_STEP][PASSED] - navigateToUrl(url): Navigate to 'https://stg-cms-console.9pay.mobi/login' successfully

12-10-2024T20:04:16 - [MESSAGE][PASSED] - Navigate to 'https://stg-cms-console.9pay.mobi/login' successfully

12-10-2024T20:04:16 - [TEST_STEP][PASSED] - callTestCase(findTestCase("Test Cases/Login/LoginCommon"), [:], STOP_ON_FAILURE): Call Test Case 'Test Cases/Login/LoginCommon' successfully

12-10-2024T20:04:16 - [TEST_CASE][PASSED] - Test Cases/Login/LoginCommon: Test Cases/Login/LoginCommon

12-10-2024T20:04:16 - [TEST_STEP][PASSED] - driver = getWebDriver(): null

12-10-2024T20:04:16 - [TEST_STEP][PASSED] - sendKeys(findTestObject("Quản lý tài khoản merchant/Quản lý dịch vụ merchant/userNameTextbox"), userAccount): Keys 'dannt@9pay.vn' sent to object: 'Object Repository/Quản lý tài khoản merchant/Quản lý dịch vụ merchant/userNameTextbox'

12-10-2024T20:04:17 - [MESSAGE][PASSED] - Keys 'dannt@9pay.vn' sent to object: 'Object Repository/Quản lý tài khoản merchant/Quản lý dịch vụ merchant/userNameTextbox'

12-10-2024T20:04:17 - [TEST_STEP][PASSED] - sendKeys(findTestObject("Quản lý tài khoản merchant/Quản lý dịch vụ merchant/passwordTextbox"), password): Keys 'dannt@9pay.vn' sent to object: 'Object Repository/Quản lý tài khoản merchant/Quản lý dịch vụ merchant/passwordTextbox'

12-10-2024T20:04:17 - [MESSAGE][PASSED] - Keys 'dannt@9pay.vn' sent to object: 'Object Repository/Quản lý tài khoản merchant/Quản lý dịch vụ merchant/passwordTextbox'

12-10-2024T20:04:17 - [TEST_STEP][PASSED] - click(findTestObject("Quản lý tài khoản merchant/Quản lý dịch vụ merchant/loginButton")): Object: 'Object Repository/Quản lý tài khoản merchant/Quản lý dịch vụ merchant/loginButton' is clicked on

12-10-2024T20:04:17 - [MESSAGE][PASSED] - Object: 'Object Repository/Quản lý tài khoản merchant/Quản lý dịch vụ merchant/loginButton' is clicked on

12-10-2024T20:04:17 - [MESSAGE][PASSED] - Call Test Case 'Test Cases/Login/LoginCommon' successfully

12-10-2024T20:04:17 - [TEST_STEP][PASSED] - waitForElementVisible(findTestObject("Trang chủ/userName"), 20, STOP_ON_FAILURE): Object 'Object Repository/Trang chủ/userName' is visible

12-10-2024T20:04:19 - [MESSAGE][PASSED] - Object 'Object Repository/Trang chủ/userName' is visible

12-10-2024T20:04:19 - [TEST_STEP][PASSED] - callTestCase(findTestCase("Test Cases/Quản lý tài khoản merchant/Quản lý danh sách tài khoản/CustomFunctions"), [:], STOP_ON_FAILURE): Call Test Case 'Test Cases/Quản lý tài khoản merchant/Quản lý danh sách tài khoản/CustomFunctions' successfully

12-10-2024T20:04:19 - [TEST_CASE][PASSED] - Test Cases/Quản lý tài khoản merchant/Quản lý danh sách tài khoản/CustomFunctions: Test Cases/Quản lý tài khoản merchant/Quản lý danh sách tài khoản/CustomFunctions

12-10-2024T20:04:19 - [TEST_STEP][PASSED] - driver = getWebDriver(): null

12-10-2024T20:04:19 - [TEST_STEP][PASSED] - sleep(2000): null

12-10-2024T20:04:21 - [TEST_STEP][PASSED] - element1 = driver.findElement(By.xpath(xpathManagerMC)): null

12-10-2024T20:04:21 - [TEST_STEP][PASSED] - actions = new org.openqa.selenium.interactions.Actions(driver): null

12-10-2024T20:04:21 - [TEST_STEP][PASSED] - click().perform(): null

12-10-2024T20:04:21 - [TEST_STEP][PASSED] - wait = new org.openqa.selenium.support.ui.WebDriverWait(com.kms.katalon.core.webui.driver.DriverFactory.getWebDriver(), 15): null

12-10-2024T20:04:21 - [TEST_STEP][PASSED] - element2 = wait.until(ExpectedConditions.elementToBeClickable(By.xpath(xpathManagerServiceMC))): null

12-10-2024T20:04:22 - [TEST_STEP][PASSED] - click().perform(): null

12-10-2024T20:04:22 - [MESSAGE][PASSED] - Call Test Case 'Test Cases/Quản lý tài khoản merchant/Quản lý danh sách tài khoản/CustomFunctions' successfully

12-10-2024T20:04:22 - [TEST_STEP][PASSED] - sendKeys(findTestObject("Quản lý tài khoản merchant/Quản lý dịch vụ merchant/accountName"), "dannt11"): Keys 'dannt11' sent to object: 'Object Repository/Quản lý tài khoản merchant/Quản lý dịch vụ merchant/accountName'

12-10-2024T20:04:23 - [MESSAGE][PASSED] - Keys 'dannt11' sent to object: 'Object Repository/Quản lý tài khoản merchant/Quản lý dịch vụ merchant/accountName'

12-10-2024T20:04:23 - [TEST_STEP][PASSED] - click(findTestObject("Quản lý tài khoản merchant/Quản lý dịch vụ merchant/searchBtn")): Object: 'Object Repository/Quản lý tài khoản merchant/Quản lý dịch vụ merchant/searchBtn' is clicked on

12-10-2024T20:04:24 - [MESSAGE][PASSED] - Object: 'Object Repository/Quản lý tài khoản merchant/Quản lý dịch vụ merchant/searchBtn' is clicked on

12-10-2024T20:04:24 - [TEST_STEP][PASSED] - verifyElementPresent(findTestObject("Quản lý tài khoản merchant/Quản lý dịch vụ merchant/accountNameWhenSearch"), 2): Object 'Object Repository/Quản lý tài khoản merchant/Quản lý dịch vụ merchant/accountNameWhenSearch' is present

12-10-2024T20:04:24 - [MESSAGE][PASSED] - Object 'Object Repository/Quản lý tài khoản merchant/Quản lý dịch vụ merchant/accountNameWhenSearch' is present

12-10-2024T20:04:24 - [TEST_STEP][PASSED] - Start listener action : sampleAfterTestCase: null

12-10-2024T20:04:24 - [TEST_STEP][PASSED] - testCaseId = testCaseContext.getTestCaseId(): null

12-10-2024T20:04:24 - [TEST_STEP][PASSED] - if (testCaseId == "Test Cases/Quản lý tài khoản merchant/Quản lý dịch vụ merchant/Kiểm tra chức năng xác nhận cấu hình thay đổi VA"): null]]></system-out>
         <system-err><![CDATA[]]></system-err>
      </testcase>
      <testcase name="Test Cases/Quản lý tài khoản merchant/Quản lý dịch vụ merchant/TC_12_Kiểm tra chức năng search khi nhập tên merchant không đúng" time="12.49" classname="Test Cases/Quản lý tài khoản merchant/Quản lý dịch vụ merchant/TC_12_Kiểm tra chức năng search khi nhập tên merchant không đúng" status="PASSED">
         <system-out><![CDATA[12-10-2024T20:04:24 - [TEST_CASE][PASSED] - Test Cases/Quản lý tài khoản merchant/Quản lý dịch vụ merchant/TC_12_Kiểm tra chức năng search khi nhập tên merchant không đúng: Test Cases/Quản lý tài khoản merchant/Quản lý dịch vụ merchant/TC_12_Kiểm tra chức năng search khi nhập tên merchant không đúng

12-10-2024T20:04:24 - [TEST_STEP][PASSED] - Start listener action : sampleBeforeTestCase: Navigate to 'https://stg-cms-console.9pay.mobi/login' successfully

12-10-2024T20:04:24 - [TEST_STEP][PASSED] - testCaseId = testCaseContext.getTestCaseId(): null

12-10-2024T20:04:24 - [TEST_STEP][PASSED] - url = <not implemented yet for class: org.codehaus.groovy.ast.expr.EmptyExpression>: null

12-10-2024T20:04:24 - [TEST_STEP][PASSED] - if (testCaseId == "Test Cases/Quản lý tài khoản merchant/Quản lý dịch vụ merchant/Kiểm tra thay đổi sau khi cấu hình VA trên MCV"): null

12-10-2024T20:04:24 - [TEST_STEP][PASSED] - else: null

12-10-2024T20:04:24 - [TEST_STEP][PASSED] - url = "https://stg-cms-console.9pay.mobi/login": null

12-10-2024T20:04:24 - [TEST_STEP][PASSED] - openBrowser(""): Browser is opened with url: ''

12-10-2024T20:04:24 - [MESSAGE][WARNING] - A browser is already opened. Closing browser and opening a new one

12-10-2024T20:04:24 - [MESSAGE][INFO] - Starting 'Chrome' driver

12-10-2024T20:04:24 - [MESSAGE][INFO] - Action delay is set to 0 milliseconds

12-10-2024T20:04:25 - [MESSAGE][PASSED] - Browser is opened with url: ''

12-10-2024T20:04:25 - [TEST_STEP][PASSED] - maximizeWindow(): Current window maximized

12-10-2024T20:04:25 - [MESSAGE][PASSED] - Current window maximized

12-10-2024T20:04:25 - [TEST_STEP][PASSED] - navigateToUrl(url): Navigate to 'https://stg-cms-console.9pay.mobi/login' successfully

12-10-2024T20:04:27 - [MESSAGE][PASSED] - Navigate to 'https://stg-cms-console.9pay.mobi/login' successfully

12-10-2024T20:04:27 - [TEST_STEP][PASSED] - callTestCase(findTestCase("Test Cases/Login/LoginCommon"), [:], STOP_ON_FAILURE): Call Test Case 'Test Cases/Login/LoginCommon' successfully

12-10-2024T20:04:27 - [TEST_CASE][PASSED] - Test Cases/Login/LoginCommon: Test Cases/Login/LoginCommon

12-10-2024T20:04:27 - [TEST_STEP][PASSED] - driver = getWebDriver(): null

12-10-2024T20:04:27 - [TEST_STEP][PASSED] - sendKeys(findTestObject("Quản lý tài khoản merchant/Quản lý dịch vụ merchant/userNameTextbox"), userAccount): Keys 'dannt@9pay.vn' sent to object: 'Object Repository/Quản lý tài khoản merchant/Quản lý dịch vụ merchant/userNameTextbox'

12-10-2024T20:04:28 - [MESSAGE][PASSED] - Keys 'dannt@9pay.vn' sent to object: 'Object Repository/Quản lý tài khoản merchant/Quản lý dịch vụ merchant/userNameTextbox'

12-10-2024T20:04:28 - [TEST_STEP][PASSED] - sendKeys(findTestObject("Quản lý tài khoản merchant/Quản lý dịch vụ merchant/passwordTextbox"), password): Keys 'dannt@9pay.vn' sent to object: 'Object Repository/Quản lý tài khoản merchant/Quản lý dịch vụ merchant/passwordTextbox'

12-10-2024T20:04:28 - [MESSAGE][PASSED] - Keys 'dannt@9pay.vn' sent to object: 'Object Repository/Quản lý tài khoản merchant/Quản lý dịch vụ merchant/passwordTextbox'

12-10-2024T20:04:28 - [TEST_STEP][PASSED] - click(findTestObject("Quản lý tài khoản merchant/Quản lý dịch vụ merchant/loginButton")): Object: 'Object Repository/Quản lý tài khoản merchant/Quản lý dịch vụ merchant/loginButton' is clicked on

12-10-2024T20:04:28 - [MESSAGE][PASSED] - Object: 'Object Repository/Quản lý tài khoản merchant/Quản lý dịch vụ merchant/loginButton' is clicked on

12-10-2024T20:04:28 - [MESSAGE][PASSED] - Call Test Case 'Test Cases/Login/LoginCommon' successfully

12-10-2024T20:04:28 - [TEST_STEP][PASSED] - waitForElementVisible(findTestObject("Trang chủ/userName"), 20, STOP_ON_FAILURE): Object 'Object Repository/Trang chủ/userName' is visible

12-10-2024T20:04:32 - [MESSAGE][PASSED] - Object 'Object Repository/Trang chủ/userName' is visible

12-10-2024T20:04:32 - [TEST_STEP][PASSED] - callTestCase(findTestCase("Test Cases/Quản lý tài khoản merchant/Quản lý danh sách tài khoản/CustomFunctions"), [:], STOP_ON_FAILURE): Call Test Case 'Test Cases/Quản lý tài khoản merchant/Quản lý danh sách tài khoản/CustomFunctions' successfully

12-10-2024T20:04:32 - [TEST_CASE][PASSED] - Test Cases/Quản lý tài khoản merchant/Quản lý danh sách tài khoản/CustomFunctions: Test Cases/Quản lý tài khoản merchant/Quản lý danh sách tài khoản/CustomFunctions

12-10-2024T20:04:32 - [TEST_STEP][PASSED] - driver = getWebDriver(): null

12-10-2024T20:04:32 - [TEST_STEP][PASSED] - sleep(2000): null

12-10-2024T20:04:34 - [TEST_STEP][PASSED] - element1 = driver.findElement(By.xpath(xpathManagerMC)): null

12-10-2024T20:04:34 - [TEST_STEP][PASSED] - actions = new org.openqa.selenium.interactions.Actions(driver): null

12-10-2024T20:04:34 - [TEST_STEP][PASSED] - click().perform(): null

12-10-2024T20:04:34 - [TEST_STEP][PASSED] - wait = new org.openqa.selenium.support.ui.WebDriverWait(com.kms.katalon.core.webui.driver.DriverFactory.getWebDriver(), 15): null

12-10-2024T20:04:34 - [TEST_STEP][PASSED] - element2 = wait.until(ExpectedConditions.elementToBeClickable(By.xpath(xpathManagerServiceMC))): null

12-10-2024T20:04:34 - [TEST_STEP][PASSED] - click().perform(): null

12-10-2024T20:04:35 - [MESSAGE][PASSED] - Call Test Case 'Test Cases/Quản lý tài khoản merchant/Quản lý danh sách tài khoản/CustomFunctions' successfully

12-10-2024T20:04:35 - [TEST_STEP][PASSED] - sendKeys(findTestObject("Quản lý tài khoản merchant/Quản lý dịch vụ merchant/accountName"), "dannt11222"): Keys 'dannt11222' sent to object: 'Object Repository/Quản lý tài khoản merchant/Quản lý dịch vụ merchant/accountName'

12-10-2024T20:04:36 - [MESSAGE][PASSED] - Keys 'dannt11222' sent to object: 'Object Repository/Quản lý tài khoản merchant/Quản lý dịch vụ merchant/accountName'

12-10-2024T20:04:36 - [TEST_STEP][PASSED] - click(findTestObject("Quản lý tài khoản merchant/Quản lý dịch vụ merchant/searchBtn")): Object: 'Object Repository/Quản lý tài khoản merchant/Quản lý dịch vụ merchant/searchBtn' is clicked on

12-10-2024T20:04:36 - [MESSAGE][PASSED] - Object: 'Object Repository/Quản lý tài khoản merchant/Quản lý dịch vụ merchant/searchBtn' is clicked on

12-10-2024T20:04:36 - [TEST_STEP][PASSED] - textSearchIncorect = getText(findTestObject("Quản lý tài khoản merchant/Quản lý dịch vụ merchant/textSearchIncorect")): Text of object 'Object Repository/Quản lý tài khoản merchant/Quản lý dịch vụ merchant/textSearchIncorect' is: 'Không tìm thấy dữ liệu.'

12-10-2024T20:04:37 - [MESSAGE][PASSED] - Text of object 'Object Repository/Quản lý tài khoản merchant/Quản lý dịch vụ merchant/textSearchIncorect' is: 'Không tìm thấy dữ liệu.'

12-10-2024T20:04:37 - [TEST_STEP][PASSED] - verifyEqual(textSearchIncorect, "Không tìm thấy dữ liệu."): Actual object 'Không tìm thấy dữ liệu.' and expected object 'Không tìm thấy dữ liệu.' are equal

12-10-2024T20:04:37 - [MESSAGE][PASSED] - Actual object 'Không tìm thấy dữ liệu.' and expected object 'Không tìm thấy dữ liệu.' are equal

12-10-2024T20:04:37 - [TEST_STEP][PASSED] - Start listener action : sampleAfterTestCase: null

12-10-2024T20:04:37 - [TEST_STEP][PASSED] - testCaseId = testCaseContext.getTestCaseId(): null

12-10-2024T20:04:37 - [TEST_STEP][PASSED] - if (testCaseId == "Test Cases/Quản lý tài khoản merchant/Quản lý dịch vụ merchant/Kiểm tra chức năng xác nhận cấu hình thay đổi VA"): null]]></system-out>
         <system-err><![CDATA[]]></system-err>
      </testcase>
      <testcase name="Test Cases/Quản lý tài khoản merchant/Quản lý dịch vụ merchant/TC_13_Kiểm tra chức năng xác nhận cấu hình thay đổi VA" time="19.657" classname="Test Cases/Quản lý tài khoản merchant/Quản lý dịch vụ merchant/TC_13_Kiểm tra chức năng xác nhận cấu hình thay đổi VA" status="PASSED">
         <system-out><![CDATA[12-10-2024T20:04:37 - [TEST_CASE][PASSED] - Test Cases/Quản lý tài khoản merchant/Quản lý dịch vụ merchant/TC_13_Kiểm tra chức năng xác nhận cấu hình thay đổi VA: Test Cases/Quản lý tài khoản merchant/Quản lý dịch vụ merchant/TC_13_Kiểm tra chức năng xác nhận cấu hình thay đổi VA

12-10-2024T20:04:37 - [TEST_STEP][PASSED] - Start listener action : sampleBeforeTestCase: Navigate to 'https://stg-cms-console.9pay.mobi/login' successfully

12-10-2024T20:04:37 - [TEST_STEP][PASSED] - testCaseId = testCaseContext.getTestCaseId(): null

12-10-2024T20:04:37 - [TEST_STEP][PASSED] - url = <not implemented yet for class: org.codehaus.groovy.ast.expr.EmptyExpression>: null

12-10-2024T20:04:37 - [TEST_STEP][PASSED] - if (testCaseId == "Test Cases/Quản lý tài khoản merchant/Quản lý dịch vụ merchant/Kiểm tra thay đổi sau khi cấu hình VA trên MCV"): null

12-10-2024T20:04:37 - [TEST_STEP][PASSED] - else: null

12-10-2024T20:04:37 - [TEST_STEP][PASSED] - url = "https://stg-cms-console.9pay.mobi/login": null

12-10-2024T20:04:37 - [TEST_STEP][PASSED] - openBrowser(""): Browser is opened with url: ''

12-10-2024T20:04:37 - [MESSAGE][WARNING] - A browser is already opened. Closing browser and opening a new one

12-10-2024T20:04:37 - [MESSAGE][INFO] - Starting 'Chrome' driver

12-10-2024T20:04:37 - [MESSAGE][INFO] - Action delay is set to 0 milliseconds

12-10-2024T20:04:38 - [MESSAGE][PASSED] - Browser is opened with url: ''

12-10-2024T20:04:38 - [TEST_STEP][PASSED] - maximizeWindow(): Current window maximized

12-10-2024T20:04:38 - [MESSAGE][PASSED] - Current window maximized

12-10-2024T20:04:38 - [TEST_STEP][PASSED] - navigateToUrl(url): Navigate to 'https://stg-cms-console.9pay.mobi/login' successfully

12-10-2024T20:04:40 - [MESSAGE][PASSED] - Navigate to 'https://stg-cms-console.9pay.mobi/login' successfully

12-10-2024T20:04:40 - [TEST_STEP][PASSED] - callTestCase(findTestCase("Test Cases/Login/LoginCommon"), [:], STOP_ON_FAILURE): Call Test Case 'Test Cases/Login/LoginCommon' successfully

12-10-2024T20:04:40 - [TEST_CASE][PASSED] - Test Cases/Login/LoginCommon: Test Cases/Login/LoginCommon

12-10-2024T20:04:40 - [TEST_STEP][PASSED] - driver = getWebDriver(): null

12-10-2024T20:04:40 - [TEST_STEP][PASSED] - sendKeys(findTestObject("Quản lý tài khoản merchant/Quản lý dịch vụ merchant/userNameTextbox"), userAccount): Keys 'dannt@9pay.vn' sent to object: 'Object Repository/Quản lý tài khoản merchant/Quản lý dịch vụ merchant/userNameTextbox'

12-10-2024T20:04:40 - [MESSAGE][PASSED] - Keys 'dannt@9pay.vn' sent to object: 'Object Repository/Quản lý tài khoản merchant/Quản lý dịch vụ merchant/userNameTextbox'

12-10-2024T20:04:40 - [TEST_STEP][PASSED] - sendKeys(findTestObject("Quản lý tài khoản merchant/Quản lý dịch vụ merchant/passwordTextbox"), password): Keys 'dannt@9pay.vn' sent to object: 'Object Repository/Quản lý tài khoản merchant/Quản lý dịch vụ merchant/passwordTextbox'

12-10-2024T20:04:40 - [MESSAGE][PASSED] - Keys 'dannt@9pay.vn' sent to object: 'Object Repository/Quản lý tài khoản merchant/Quản lý dịch vụ merchant/passwordTextbox'

12-10-2024T20:04:40 - [TEST_STEP][PASSED] - click(findTestObject("Quản lý tài khoản merchant/Quản lý dịch vụ merchant/loginButton")): Object: 'Object Repository/Quản lý tài khoản merchant/Quản lý dịch vụ merchant/loginButton' is clicked on

12-10-2024T20:04:41 - [MESSAGE][PASSED] - Object: 'Object Repository/Quản lý tài khoản merchant/Quản lý dịch vụ merchant/loginButton' is clicked on

12-10-2024T20:04:41 - [MESSAGE][PASSED] - Call Test Case 'Test Cases/Login/LoginCommon' successfully

12-10-2024T20:04:41 - [TEST_STEP][PASSED] - waitForElementVisible(findTestObject("Trang chủ/userName"), 20, STOP_ON_FAILURE): Object 'Object Repository/Trang chủ/userName' is visible

12-10-2024T20:04:44 - [MESSAGE][PASSED] - Object 'Object Repository/Trang chủ/userName' is visible

12-10-2024T20:04:44 - [TEST_STEP][PASSED] - callTestCase(findTestCase("Test Cases/Quản lý tài khoản merchant/Quản lý danh sách tài khoản/CustomFunctions"), [:], STOP_ON_FAILURE): Call Test Case 'Test Cases/Quản lý tài khoản merchant/Quản lý danh sách tài khoản/CustomFunctions' successfully

12-10-2024T20:04:44 - [TEST_CASE][PASSED] - Test Cases/Quản lý tài khoản merchant/Quản lý danh sách tài khoản/CustomFunctions: Test Cases/Quản lý tài khoản merchant/Quản lý danh sách tài khoản/CustomFunctions

12-10-2024T20:04:44 - [TEST_STEP][PASSED] - driver = getWebDriver(): null

12-10-2024T20:04:44 - [TEST_STEP][PASSED] - sleep(2000): null

12-10-2024T20:04:46 - [TEST_STEP][PASSED] - element1 = driver.findElement(By.xpath(xpathManagerMC)): null

12-10-2024T20:04:47 - [TEST_STEP][PASSED] - actions = new org.openqa.selenium.interactions.Actions(driver): null

12-10-2024T20:04:47 - [TEST_STEP][PASSED] - click().perform(): null

12-10-2024T20:04:47 - [TEST_STEP][PASSED] - wait = new org.openqa.selenium.support.ui.WebDriverWait(com.kms.katalon.core.webui.driver.DriverFactory.getWebDriver(), 15): null

12-10-2024T20:04:47 - [TEST_STEP][PASSED] - element2 = wait.until(ExpectedConditions.elementToBeClickable(By.xpath(xpathManagerServiceMC))): null

12-10-2024T20:04:47 - [TEST_STEP][PASSED] - click().perform(): null

12-10-2024T20:04:47 - [MESSAGE][PASSED] - Call Test Case 'Test Cases/Quản lý tài khoản merchant/Quản lý danh sách tài khoản/CustomFunctions' successfully

12-10-2024T20:04:47 - [TEST_STEP][PASSED] - click(findTestObject("Quản lý tài khoản merchant/Quản lý dịch vụ merchant/iconTime")): Object: 'Object Repository/Quản lý tài khoản merchant/Quản lý dịch vụ merchant/iconTime' is clicked on

12-10-2024T20:04:49 - [MESSAGE][PASSED] - Object: 'Object Repository/Quản lý tài khoản merchant/Quản lý dịch vụ merchant/iconTime' is clicked on

12-10-2024T20:04:49 - [TEST_STEP][PASSED] - driver = getWebDriver(): null

12-10-2024T20:04:49 - [TEST_STEP][PASSED] - wait = new org.openqa.selenium.support.ui.WebDriverWait(com.kms.katalon.core.webui.driver.DriverFactory.getWebDriver(), 10): null

12-10-2024T20:04:49 - [TEST_STEP][PASSED] - iconClick = driver.findElement(By.xpath(xpathDropdownSwitchFrom)): null

12-10-2024T20:04:49 - [TEST_STEP][PASSED] - iconClick.click(): null

12-10-2024T20:04:49 - [TEST_STEP][PASSED] - techcombankOtp = driver.findElement(By.xpath(xpathOptionTCB)): null

12-10-2024T20:04:50 - [TEST_STEP][PASSED] - textTech = techcombankOtp.getText(): null

12-10-2024T20:04:50 - [TEST_STEP][PASSED] - println("Đoạn văn: " + textTech): null

12-10-2024T20:04:50 - [TEST_STEP][PASSED] - techcombankOtp.click(): null

12-10-2024T20:04:50 - [TEST_STEP][PASSED] - matcher = textTech =~ "\bTECHCOMBANK\b": null

12-10-2024T20:04:50 - [TEST_STEP][PASSED] - techcombank = (matcher.find()) ? matcher.group() : : null

12-10-2024T20:04:50 - [TEST_STEP][PASSED] - iconClick2 = driver.findElement(By.xpath(xpathDropdownSwitchTo)): null

12-10-2024T20:04:50 - [TEST_STEP][PASSED] - iconClick2.click(): null

12-10-2024T20:04:50 - [TEST_STEP][PASSED] - element2 = driver.findElement(By.xpath(xpathOptionVPTo)): null

12-10-2024T20:04:50 - [TEST_STEP][PASSED] - element2.click(): null

12-10-2024T20:04:50 - [TEST_STEP][PASSED] - xpath(xpathDatePicker)).click(): null

12-10-2024T20:04:51 - [TEST_STEP][PASSED] - xpath(xpathOkBtn)).click(): null

12-10-2024T20:04:51 - [TEST_STEP][PASSED] - xpath(xpathOkBtn)).click(): null

12-10-2024T20:04:52 - [TEST_STEP][PASSED] - now = new java.util.Date(): null

12-10-2024T20:04:52 - [TEST_STEP][PASSED] - sdf1 = new java.text.SimpleDateFormat(mm): null

12-10-2024T20:04:52 - [TEST_STEP][PASSED] - formattedDate1 = sdf1.format(now): null

12-10-2024T20:04:52 - [TEST_STEP][PASSED] - currentMinute1 = Integer.parseInt(formattedDate1) + 1: null

12-10-2024T20:04:52 - [TEST_STEP][PASSED] - dateXpath1 = "m-" + currentMinute1: null

12-10-2024T20:04:52 - [TEST_STEP][PASSED] - clock3 = "//div[@class='dtp']/descendant::*[name()='circle' and @id='" + dateXpath1 + "']": null

12-10-2024T20:04:52 - [TEST_STEP][PASSED] - println("element: " + clock3): null

12-10-2024T20:04:52 - [TEST_STEP][PASSED] - clock4 = wait.until(ExpectedConditions.elementToBeClickable(By.xpath(clock3))): null

12-10-2024T20:04:52 - [TEST_STEP][PASSED] - script1 = "var event = new MouseEvent('click', {" + "view: window," + "bubbles: true," + "cancelable: true" + "});" + "arguments[0].dispatchEvent(event);": null

12-10-2024T20:04:52 - [TEST_STEP][PASSED] - driver.executeScript(script1, clock4): null

12-10-2024T20:04:52 - [TEST_STEP][PASSED] - xpath(xpathOkBtn)).click(): null

12-10-2024T20:04:53 - [TEST_STEP][PASSED] - xpath(xpathDatePickerEnd)).click(): null

12-10-2024T20:04:53 - [TEST_STEP][PASSED] - xpath(xpathBtnOkEnd)).click(): null

12-10-2024T20:04:53 - [TEST_STEP][PASSED] - xpath(xpathBtnOkEnd)).click(): null

12-10-2024T20:04:54 - [TEST_STEP][PASSED] - sdf = new java.text.SimpleDateFormat(mm): null

12-10-2024T20:04:54 - [TEST_STEP][PASSED] - formattedDate = sdf.format(now): null

12-10-2024T20:04:54 - [TEST_STEP][PASSED] - currentMinute = Integer.parseInt(formattedDate) + 2: null

12-10-2024T20:04:54 - [TEST_STEP][PASSED] - dateXpath = "m-" + currentMinute: null

12-10-2024T20:04:54 - [TEST_STEP][PASSED] - clock2 = "//div[@class='dtp']/descendant::*[name()='circle' and @id='" + dateXpath + "']": null

12-10-2024T20:04:54 - [TEST_STEP][PASSED] - clock1 = wait.until(ExpectedConditions.elementToBeClickable(By.xpath(clock2))): null

12-10-2024T20:04:54 - [TEST_STEP][PASSED] - script = "var event = new MouseEvent('click', {" + "view: window," + "bubbles: true," + "cancelable: true" + "});" + "arguments[0].dispatchEvent(event);": null

12-10-2024T20:04:54 - [TEST_STEP][PASSED] - driver.executeScript(script, clock1): null

12-10-2024T20:04:54 - [TEST_STEP][PASSED] - xpath(xpathBtnOkEnd)).click(): null

12-10-2024T20:04:55 - [TEST_STEP][PASSED] - xpath(xpathOptionBack)).click(): null

12-10-2024T20:04:55 - [TEST_STEP][PASSED] - xpath(xpathOptionTCBBack)).click(): null

12-10-2024T20:04:55 - [TEST_STEP][PASSED] - xpath(xpathUpdateBtn)).click(): null

12-10-2024T20:04:56 - [TEST_STEP][PASSED] - xpath("//button[normalize-space()='Ok']")).click(): null

12-10-2024T20:04:56 - [TEST_STEP][PASSED] - Start listener action : sampleAfterTestCase: null

12-10-2024T20:04:56 - [TEST_STEP][PASSED] - testCaseId = testCaseContext.getTestCaseId(): null

12-10-2024T20:04:56 - [TEST_STEP][PASSED] - if (testCaseId == "Test Cases/Quản lý tài khoản merchant/Quản lý dịch vụ merchant/Kiểm tra chức năng xác nhận cấu hình thay đổi VA"): null]]></system-out>
         <system-err><![CDATA[]]></system-err>
      </testcase>
      <testcase name="Test Cases/Quản lý tài khoản merchant/Quản lý dịch vụ merchant/TC_14_Kiểm tra thay đổi sau khi cấu hình VA trên MCV" time="3.805" classname="Test Cases/Quản lý tài khoản merchant/Quản lý dịch vụ merchant/TC_14_Kiểm tra thay đổi sau khi cấu hình VA trên MCV" status="ERROR">
         <error type="ERROR" message="Test Cases/Quản lý tài khoản merchant/Quản lý dịch vụ merchant/TC_14_Kiểm tra thay đổi sau khi cấu hình VA trên MCV FAILED.&#xa;Reason:&#xa;org.openqa.selenium.NoSuchElementException: no such element: Unable to locate element: {&quot;method&quot;:&quot;xpath&quot;,&quot;selector&quot;:&quot;//button[contains(text(),'Đăng nhập')]&quot;}&#xa;  (Session info: chrome=129.0.6668.91)&#xa;For documentation on this error, please visit: https://www.seleniumhq.org/exceptions/no_such_element.html&#xa;Build info: version: '3.141.59', revision: 'unknown', time: 'unknown'&#xa;System info: host: 'Aidan', ip: '2405:4803:fd90:9ef0:35c5:6ea1:b1e8:64e8%en0', os.name: 'Mac OS X', os.arch: 'aarch64', os.version: '15.0.1', java.version: '17.0.7'&#xa;Driver info: com.kms.katalon.selenium.driver.CChromeDriver&#xa;Capabilities {acceptInsecureCerts: false, browserName: chrome, browserVersion: 129.0.6668.91, chrome: {chromedriverVersion: 128.0.6613.84 (606aa55c7d68..., userDataDir: /var/folders/t5/b7k67ybj7gz...}, fedcm:accounts: true, goog:chromeOptions: {debuggerAddress: localhost:63543}, javascriptEnabled: true, networkConnectionEnabled: false, pageLoadStrategy: normal, platform: MAC, platformName: MAC, proxy: Proxy(), setWindowRect: true, strictFileInteractability: false, timeouts: {implicit: 0, pageLoad: 300000, script: 30000}, unhandledPromptBehavior: dismiss and notify, webauthn:extension:credBlob: true, webauthn:extension:largeBlob: true, webauthn:extension:minPinLength: true, webauthn:extension:prf: true, webauthn:virtualAuthenticators: true}&#xa;Session ID: f59fa5dad7b72c9c655eb4bed6f117b6&#xa;*** Element info: {Using=xpath, value=//button[contains(text(),'Đăng nhập')]}&#xa;	at java.base/jdk.internal.reflect.NativeConstructorAccessorImpl.newInstance0(Native Method)&#xa;	at java.base/jdk.internal.reflect.NativeConstructorAccessorImpl.newInstance(NativeConstructorAccessorImpl.java:77)&#xa;	at java.base/jdk.internal.reflect.DelegatingConstructorAccessorImpl.newInstance(DelegatingConstructorAccessorImpl.java:45)&#xa;	at org.openqa.selenium.remote.http.W3CHttpResponseCodec.createException(W3CHttpResponseCodec.java:187)&#xa;	at org.openqa.selenium.remote.http.W3CHttpResponseCodec.decode(W3CHttpResponseCodec.java:122)&#xa;	at org.openqa.selenium.remote.http.W3CHttpResponseCodec.decode(W3CHttpResponseCodec.java:49)&#xa;	at org.openqa.selenium.remote.HttpCommandExecutor.execute(HttpCommandExecutor.java:158)&#xa;	at org.openqa.selenium.remote.service.DriverCommandExecutor.execute(DriverCommandExecutor.java:83)&#xa;	at org.openqa.selenium.remote.RemoteWebDriver.execute(RemoteWebDriver.java:552)&#xa;	at com.kms.katalon.selenium.driver.CChromeDriver.execute(CChromeDriver.java:19)&#xa;	at org.openqa.selenium.remote.RemoteWebDriver.findElement(RemoteWebDriver.java:323)&#xa;	at org.openqa.selenium.remote.RemoteWebDriver.findElementByXPath(RemoteWebDriver.java:428)&#xa;	at org.openqa.selenium.By$ByXPath.findElement(By.java:353)&#xa;	at org.openqa.selenium.remote.RemoteWebDriver.findElement(RemoteWebDriver.java:315)&#xa;	at jdk.internal.reflect.GeneratedMethodAccessor15.invoke(Unknown Source)&#xa;	at java.base/jdk.internal.reflect.DelegatingMethodAccessorImpl.invoke(DelegatingMethodAccessorImpl.java:43)&#xa;	at org.openqa.selenium.support.events.EventFiringWebDriver.lambda$new$1(EventFiringWebDriver.java:105)&#xa;	at jdk.proxy2/jdk.proxy2.$Proxy22.findElement(Unknown Source)&#xa;	at org.openqa.selenium.support.events.EventFiringWebDriver.findElement(EventFiringWebDriver.java:194)&#xa;	at TC_14_Kiểm tra thay đổi sau khi cấu hình VA trên MCV.run(TC_14_Kiểm tra thay đổi sau khi cấu hình VA trên MCV:13)&#xa;	at com.kms.katalon.core.main.ScriptEngine.run(ScriptEngine.java:194)&#xa;	at com.kms.katalon.core.main.ScriptEngine.runScriptAsRawText(ScriptEngine.java:119)&#xa;	at com.kms.katalon.core.main.TestCaseExecutor.runScript(TestCaseExecutor.java:448)&#xa;	at com.kms.katalon.core.main.TestCaseExecutor.doExecute(TestCaseExecutor.java:439)&#xa;	at com.kms.katalon.core.main.TestCaseExecutor.processExecutionPhase(TestCaseExecutor.java:418)&#xa;	at com.kms.katalon.core.main.TestCaseExecutor.accessMainPhase(TestCaseExecutor.java:410)&#xa;	at com.kms.katalon.core.main.TestCaseExecutor.execute(TestCaseExecutor.java:285)&#xa;	at com.kms.katalon.core.common.CommonExecutor.accessTestCaseMainPhase(CommonExecutor.java:65)&#xa;	at com.kms.katalon.core.main.TestSuiteExecutor.accessTestSuiteMainPhase(TestSuiteExecutor.java:150)&#xa;	at com.kms.katalon.core.main.TestSuiteExecutor.execute(TestSuiteExecutor.java:106)&#xa;	at com.kms.katalon.core.main.TestCaseMain.startTestSuite(TestCaseMain.java:180)&#xa;	at TempTestSuite1728738085357.run(TempTestSuite1728738085357.groovy:35)&#xa;	at java.base/jdk.internal.reflect.NativeMethodAccessorImpl.invoke0(Native Method)&#xa;	at java.base/jdk.internal.reflect.NativeMethodAccessorImpl.invoke(NativeMethodAccessorImpl.java:77)&#xa;	at java.base/jdk.internal.reflect.DelegatingMethodAccessorImpl.invoke(DelegatingMethodAccessorImpl.java:43)&#xa;"/>
         <system-out><![CDATA[12-10-2024T20:04:56 - [TEST_CASE][ERROR] - Test Cases/Quản lý tài khoản merchant/Quản lý dịch vụ merchant/TC_14_Kiểm tra thay đổi sau khi cấu hình VA trên MCV: Test Cases/Quản lý tài khoản merchant/Quản lý dịch vụ merchant/TC_14_Kiểm tra thay đổi sau khi cấu hình VA trên MCV FAILED.
Reason:
org.openqa.selenium.NoSuchElementException: no such element: Unable to locate element: {"method":"xpath","selector":"//button[contains(text(),'Đăng nhập')]"}
  (Session info: chrome=129.0.6668.91)
For documentation on this error, please visit: https://www.seleniumhq.org/exceptions/no_such_element.html
Build info: version: '3.141.59', revision: 'unknown', time: 'unknown'
System info: host: 'Aidan', ip: '2405:4803:fd90:9ef0:35c5:6ea1:b1e8:64e8%en0', os.name: 'Mac OS X', os.arch: 'aarch64', os.version: '15.0.1', java.version: '17.0.7'
Driver info: com.kms.katalon.selenium.driver.CChromeDriver
Capabilities {acceptInsecureCerts: false, browserName: chrome, browserVersion: 129.0.6668.91, chrome: {chromedriverVersion: 128.0.6613.84 (606aa55c7d68..., userDataDir: /var/folders/t5/b7k67ybj7gz...}, fedcm:accounts: true, goog:chromeOptions: {debuggerAddress: localhost:63543}, javascriptEnabled: true, networkConnectionEnabled: false, pageLoadStrategy: normal, platform: MAC, platformName: MAC, proxy: Proxy(), setWindowRect: true, strictFileInteractability: false, timeouts: {implicit: 0, pageLoad: 300000, script: 30000}, unhandledPromptBehavior: dismiss and notify, webauthn:extension:credBlob: true, webauthn:extension:largeBlob: true, webauthn:extension:minPinLength: true, webauthn:extension:prf: true, webauthn:virtualAuthenticators: true}
Session ID: f59fa5dad7b72c9c655eb4bed6f117b6
*** Element info: {Using=xpath, value=//button[contains(text(),'Đăng nhập')]}
	at java.base/jdk.internal.reflect.NativeConstructorAccessorImpl.newInstance0(Native Method)
	at java.base/jdk.internal.reflect.NativeConstructorAccessorImpl.newInstance(NativeConstructorAccessorImpl.java:77)
	at java.base/jdk.internal.reflect.DelegatingConstructorAccessorImpl.newInstance(DelegatingConstructorAccessorImpl.java:45)
	at org.openqa.selenium.remote.http.W3CHttpResponseCodec.createException(W3CHttpResponseCodec.java:187)
	at org.openqa.selenium.remote.http.W3CHttpResponseCodec.decode(W3CHttpResponseCodec.java:122)
	at org.openqa.selenium.remote.http.W3CHttpResponseCodec.decode(W3CHttpResponseCodec.java:49)
	at org.openqa.selenium.remote.HttpCommandExecutor.execute(HttpCommandExecutor.java:158)
	at org.openqa.selenium.remote.service.DriverCommandExecutor.execute(DriverCommandExecutor.java:83)
	at org.openqa.selenium.remote.RemoteWebDriver.execute(RemoteWebDriver.java:552)
	at com.kms.katalon.selenium.driver.CChromeDriver.execute(CChromeDriver.java:19)
	at org.openqa.selenium.remote.RemoteWebDriver.findElement(RemoteWebDriver.java:323)
	at org.openqa.selenium.remote.RemoteWebDriver.findElementByXPath(RemoteWebDriver.java:428)
	at org.openqa.selenium.By$ByXPath.findElement(By.java:353)
	at org.openqa.selenium.remote.RemoteWebDriver.findElement(RemoteWebDriver.java:315)
	at jdk.internal.reflect.GeneratedMethodAccessor15.invoke(Unknown Source)
	at java.base/jdk.internal.reflect.DelegatingMethodAccessorImpl.invoke(DelegatingMethodAccessorImpl.java:43)
	at org.openqa.selenium.support.events.EventFiringWebDriver.lambda$new$1(EventFiringWebDriver.java:105)
	at jdk.proxy2/jdk.proxy2.$Proxy22.findElement(Unknown Source)
	at org.openqa.selenium.support.events.EventFiringWebDriver.findElement(EventFiringWebDriver.java:194)
	at TC_14_Kiểm tra thay đổi sau khi cấu hình VA trên MCV.run(TC_14_Kiểm tra thay đổi sau khi cấu hình VA trên MCV:13)
	at com.kms.katalon.core.main.ScriptEngine.run(ScriptEngine.java:194)
	at com.kms.katalon.core.main.ScriptEngine.runScriptAsRawText(ScriptEngine.java:119)
	at com.kms.katalon.core.main.TestCaseExecutor.runScript(TestCaseExecutor.java:448)
	at com.kms.katalon.core.main.TestCaseExecutor.doExecute(TestCaseExecutor.java:439)
	at com.kms.katalon.core.main.TestCaseExecutor.processExecutionPhase(TestCaseExecutor.java:418)
	at com.kms.katalon.core.main.TestCaseExecutor.accessMainPhase(TestCaseExecutor.java:410)
	at com.kms.katalon.core.main.TestCaseExecutor.execute(TestCaseExecutor.java:285)
	at com.kms.katalon.core.common.CommonExecutor.accessTestCaseMainPhase(CommonExecutor.java:65)
	at com.kms.katalon.core.main.TestSuiteExecutor.accessTestSuiteMainPhase(TestSuiteExecutor.java:150)
	at com.kms.katalon.core.main.TestSuiteExecutor.execute(TestSuiteExecutor.java:106)
	at com.kms.katalon.core.main.TestCaseMain.startTestSuite(TestCaseMain.java:180)
	at TempTestSuite1728738085357.run(TempTestSuite1728738085357.groovy:35)
	at java.base/jdk.internal.reflect.NativeMethodAccessorImpl.invoke0(Native Method)
	at java.base/jdk.internal.reflect.NativeMethodAccessorImpl.invoke(NativeMethodAccessorImpl.java:77)
	at java.base/jdk.internal.reflect.DelegatingMethodAccessorImpl.invoke(DelegatingMethodAccessorImpl.java:43)


12-10-2024T20:04:56 - [TEST_STEP][PASSED] - Start listener action : sampleBeforeTestCase: Navigate to 'https://stg-cms-console.9pay.mobi/login' successfully

12-10-2024T20:04:56 - [TEST_STEP][PASSED] - testCaseId = testCaseContext.getTestCaseId(): null

12-10-2024T20:04:56 - [TEST_STEP][PASSED] - url = <not implemented yet for class: org.codehaus.groovy.ast.expr.EmptyExpression>: null

12-10-2024T20:04:56 - [TEST_STEP][PASSED] - if (testCaseId == "Test Cases/Quản lý tài khoản merchant/Quản lý dịch vụ merchant/Kiểm tra thay đổi sau khi cấu hình VA trên MCV"): null

12-10-2024T20:04:56 - [TEST_STEP][PASSED] - else: null

12-10-2024T20:04:56 - [TEST_STEP][PASSED] - url = "https://stg-cms-console.9pay.mobi/login": null

12-10-2024T20:04:56 - [TEST_STEP][PASSED] - openBrowser(""): Browser is opened with url: ''

12-10-2024T20:04:56 - [MESSAGE][WARNING] - A browser is already opened. Closing browser and opening a new one

12-10-2024T20:04:57 - [MESSAGE][INFO] - Starting 'Chrome' driver

12-10-2024T20:04:57 - [MESSAGE][INFO] - Action delay is set to 0 milliseconds

12-10-2024T20:04:57 - [MESSAGE][PASSED] - Browser is opened with url: ''

12-10-2024T20:04:57 - [TEST_STEP][PASSED] - maximizeWindow(): Current window maximized

12-10-2024T20:04:58 - [MESSAGE][PASSED] - Current window maximized

12-10-2024T20:04:58 - [TEST_STEP][PASSED] - navigateToUrl(url): Navigate to 'https://stg-cms-console.9pay.mobi/login' successfully

12-10-2024T20:04:59 - [MESSAGE][PASSED] - Navigate to 'https://stg-cms-console.9pay.mobi/login' successfully

12-10-2024T20:04:59 - [TEST_STEP][PASSED] - driver = getWebDriver(): null

12-10-2024T20:04:59 - [TEST_STEP][PASSED] - xpath("//input[@placeholder='Tài khoản']")).sendKeys("dannt11"): null

12-10-2024T20:05:00 - [TEST_STEP][PASSED] - xpath("//input[@placeholder='Mật khẩu']")).sendKeys("9Pay@1234"): null

12-10-2024T20:05:00 - [TEST_STEP][ERROR] - xpath("//button[contains(text(),'Đăng nhập')]")).click(): Test Cases/Quản lý tài khoản merchant/Quản lý dịch vụ merchant/TC_14_Kiểm tra thay đổi sau khi cấu hình VA trên MCV FAILED.
Reason:
org.openqa.selenium.NoSuchElementException: no such element: Unable to locate element: {"method":"xpath","selector":"//button[contains(text(),'Đăng nhập')]"}
  (Session info: chrome=129.0.6668.91)
For documentation on this error, please visit: https://www.seleniumhq.org/exceptions/no_such_element.html
Build info: version: '3.141.59', revision: 'unknown', time: 'unknown'
System info: host: 'Aidan', ip: '2405:4803:fd90:9ef0:35c5:6ea1:b1e8:64e8%en0', os.name: 'Mac OS X', os.arch: 'aarch64', os.version: '15.0.1', java.version: '17.0.7'
Driver info: com.kms.katalon.selenium.driver.CChromeDriver
Capabilities {acceptInsecureCerts: false, browserName: chrome, browserVersion: 129.0.6668.91, chrome: {chromedriverVersion: 128.0.6613.84 (606aa55c7d68..., userDataDir: /var/folders/t5/b7k67ybj7gz...}, fedcm:accounts: true, goog:chromeOptions: {debuggerAddress: localhost:63543}, javascriptEnabled: true, networkConnectionEnabled: false, pageLoadStrategy: normal, platform: MAC, platformName: MAC, proxy: Proxy(), setWindowRect: true, strictFileInteractability: false, timeouts: {implicit: 0, pageLoad: 300000, script: 30000}, unhandledPromptBehavior: dismiss and notify, webauthn:extension:credBlob: true, webauthn:extension:largeBlob: true, webauthn:extension:minPinLength: true, webauthn:extension:prf: true, webauthn:virtualAuthenticators: true}
Session ID: f59fa5dad7b72c9c655eb4bed6f117b6
*** Element info: {Using=xpath, value=//button[contains(text(),'Đăng nhập')]}
	at java.base/jdk.internal.reflect.NativeConstructorAccessorImpl.newInstance0(Native Method)
	at java.base/jdk.internal.reflect.NativeConstructorAccessorImpl.newInstance(NativeConstructorAccessorImpl.java:77)
	at java.base/jdk.internal.reflect.DelegatingConstructorAccessorImpl.newInstance(DelegatingConstructorAccessorImpl.java:45)
	at org.openqa.selenium.remote.http.W3CHttpResponseCodec.createException(W3CHttpResponseCodec.java:187)
	at org.openqa.selenium.remote.http.W3CHttpResponseCodec.decode(W3CHttpResponseCodec.java:122)
	at org.openqa.selenium.remote.http.W3CHttpResponseCodec.decode(W3CHttpResponseCodec.java:49)
	at org.openqa.selenium.remote.HttpCommandExecutor.execute(HttpCommandExecutor.java:158)
	at org.openqa.selenium.remote.service.DriverCommandExecutor.execute(DriverCommandExecutor.java:83)
	at org.openqa.selenium.remote.RemoteWebDriver.execute(RemoteWebDriver.java:552)
	at com.kms.katalon.selenium.driver.CChromeDriver.execute(CChromeDriver.java:19)
	at org.openqa.selenium.remote.RemoteWebDriver.findElement(RemoteWebDriver.java:323)
	at org.openqa.selenium.remote.RemoteWebDriver.findElementByXPath(RemoteWebDriver.java:428)
	at org.openqa.selenium.By$ByXPath.findElement(By.java:353)
	at org.openqa.selenium.remote.RemoteWebDriver.findElement(RemoteWebDriver.java:315)
	at jdk.internal.reflect.GeneratedMethodAccessor15.invoke(Unknown Source)
	at java.base/jdk.internal.reflect.DelegatingMethodAccessorImpl.invoke(DelegatingMethodAccessorImpl.java:43)
	at org.openqa.selenium.support.events.EventFiringWebDriver.lambda$new$1(EventFiringWebDriver.java:105)
	at jdk.proxy2/jdk.proxy2.$Proxy22.findElement(Unknown Source)
	at org.openqa.selenium.support.events.EventFiringWebDriver.findElement(EventFiringWebDriver.java:194)
	at TC_14_Kiểm tra thay đổi sau khi cấu hình VA trên MCV.run(TC_14_Kiểm tra thay đổi sau khi cấu hình VA trên MCV:13)
	at com.kms.katalon.core.main.ScriptEngine.run(ScriptEngine.java:194)
	at com.kms.katalon.core.main.ScriptEngine.runScriptAsRawText(ScriptEngine.java:119)
	at com.kms.katalon.core.main.TestCaseExecutor.runScript(TestCaseExecutor.java:448)
	at com.kms.katalon.core.main.TestCaseExecutor.doExecute(TestCaseExecutor.java:439)
	at com.kms.katalon.core.main.TestCaseExecutor.processExecutionPhase(TestCaseExecutor.java:418)
	at com.kms.katalon.core.main.TestCaseExecutor.accessMainPhase(TestCaseExecutor.java:410)
	at com.kms.katalon.core.main.TestCaseExecutor.execute(TestCaseExecutor.java:285)
	at com.kms.katalon.core.common.CommonExecutor.accessTestCaseMainPhase(CommonExecutor.java:65)
	at com.kms.katalon.core.main.TestSuiteExecutor.accessTestSuiteMainPhase(TestSuiteExecutor.java:150)
	at com.kms.katalon.core.main.TestSuiteExecutor.execute(TestSuiteExecutor.java:106)
	at com.kms.katalon.core.main.TestCaseMain.startTestSuite(TestCaseMain.java:180)
	at TempTestSuite1728738085357.run(TempTestSuite1728738085357.groovy:35)
	at java.base/jdk.internal.reflect.NativeMethodAccessorImpl.invoke0(Native Method)
	at java.base/jdk.internal.reflect.NativeMethodAccessorImpl.invoke(NativeMethodAccessorImpl.java:77)
	at java.base/jdk.internal.reflect.DelegatingMethodAccessorImpl.invoke(DelegatingMethodAccessorImpl.java:43)


12-10-2024T20:05:00 - [MESSAGE][ERROR] - Test Cases/Quản lý tài khoản merchant/Quản lý dịch vụ merchant/TC_14_Kiểm tra thay đổi sau khi cấu hình VA trên MCV FAILED.
Reason:
org.openqa.selenium.NoSuchElementException: no such element: Unable to locate element: {"method":"xpath","selector":"//button[contains(text(),'Đăng nhập')]"}
  (Session info: chrome=129.0.6668.91)
For documentation on this error, please visit: https://www.seleniumhq.org/exceptions/no_such_element.html
Build info: version: '3.141.59', revision: 'unknown', time: 'unknown'
System info: host: 'Aidan', ip: '2405:4803:fd90:9ef0:35c5:6ea1:b1e8:64e8%en0', os.name: 'Mac OS X', os.arch: 'aarch64', os.version: '15.0.1', java.version: '17.0.7'
Driver info: com.kms.katalon.selenium.driver.CChromeDriver
Capabilities {acceptInsecureCerts: false, browserName: chrome, browserVersion: 129.0.6668.91, chrome: {chromedriverVersion: 128.0.6613.84 (606aa55c7d68..., userDataDir: /var/folders/t5/b7k67ybj7gz...}, fedcm:accounts: true, goog:chromeOptions: {debuggerAddress: localhost:63543}, javascriptEnabled: true, networkConnectionEnabled: false, pageLoadStrategy: normal, platform: MAC, platformName: MAC, proxy: Proxy(), setWindowRect: true, strictFileInteractability: false, timeouts: {implicit: 0, pageLoad: 300000, script: 30000}, unhandledPromptBehavior: dismiss and notify, webauthn:extension:credBlob: true, webauthn:extension:largeBlob: true, webauthn:extension:minPinLength: true, webauthn:extension:prf: true, webauthn:virtualAuthenticators: true}
Session ID: f59fa5dad7b72c9c655eb4bed6f117b6
*** Element info: {Using=xpath, value=//button[contains(text(),'Đăng nhập')]}
	at java.base/jdk.internal.reflect.NativeConstructorAccessorImpl.newInstance0(Native Method)
	at java.base/jdk.internal.reflect.NativeConstructorAccessorImpl.newInstance(NativeConstructorAccessorImpl.java:77)
	at java.base/jdk.internal.reflect.DelegatingConstructorAccessorImpl.newInstance(DelegatingConstructorAccessorImpl.java:45)
	at org.openqa.selenium.remote.http.W3CHttpResponseCodec.createException(W3CHttpResponseCodec.java:187)
	at org.openqa.selenium.remote.http.W3CHttpResponseCodec.decode(W3CHttpResponseCodec.java:122)
	at org.openqa.selenium.remote.http.W3CHttpResponseCodec.decode(W3CHttpResponseCodec.java:49)
	at org.openqa.selenium.remote.HttpCommandExecutor.execute(HttpCommandExecutor.java:158)
	at org.openqa.selenium.remote.service.DriverCommandExecutor.execute(DriverCommandExecutor.java:83)
	at org.openqa.selenium.remote.RemoteWebDriver.execute(RemoteWebDriver.java:552)
	at com.kms.katalon.selenium.driver.CChromeDriver.execute(CChromeDriver.java:19)
	at org.openqa.selenium.remote.RemoteWebDriver.findElement(RemoteWebDriver.java:323)
	at org.openqa.selenium.remote.RemoteWebDriver.findElementByXPath(RemoteWebDriver.java:428)
	at org.openqa.selenium.By$ByXPath.findElement(By.java:353)
	at org.openqa.selenium.remote.RemoteWebDriver.findElement(RemoteWebDriver.java:315)
	at jdk.internal.reflect.GeneratedMethodAccessor15.invoke(Unknown Source)
	at java.base/jdk.internal.reflect.DelegatingMethodAccessorImpl.invoke(DelegatingMethodAccessorImpl.java:43)
	at org.openqa.selenium.support.events.EventFiringWebDriver.lambda$new$1(EventFiringWebDriver.java:105)
	at jdk.proxy2/jdk.proxy2.$Proxy22.findElement(Unknown Source)
	at org.openqa.selenium.support.events.EventFiringWebDriver.findElement(EventFiringWebDriver.java:194)
	at TC_14_Kiểm tra thay đổi sau khi cấu hình VA trên MCV.run(TC_14_Kiểm tra thay đổi sau khi cấu hình VA trên MCV:13)
	at com.kms.katalon.core.main.ScriptEngine.run(ScriptEngine.java:194)
	at com.kms.katalon.core.main.ScriptEngine.runScriptAsRawText(ScriptEngine.java:119)
	at com.kms.katalon.core.main.TestCaseExecutor.runScript(TestCaseExecutor.java:448)
	at com.kms.katalon.core.main.TestCaseExecutor.doExecute(TestCaseExecutor.java:439)
	at com.kms.katalon.core.main.TestCaseExecutor.processExecutionPhase(TestCaseExecutor.java:418)
	at com.kms.katalon.core.main.TestCaseExecutor.accessMainPhase(TestCaseExecutor.java:410)
	at com.kms.katalon.core.main.TestCaseExecutor.execute(TestCaseExecutor.java:285)
	at com.kms.katalon.core.common.CommonExecutor.accessTestCaseMainPhase(CommonExecutor.java:65)
	at com.kms.katalon.core.main.TestSuiteExecutor.accessTestSuiteMainPhase(TestSuiteExecutor.java:150)
	at com.kms.katalon.core.main.TestSuiteExecutor.execute(TestSuiteExecutor.java:106)
	at com.kms.katalon.core.main.TestCaseMain.startTestSuite(TestCaseMain.java:180)
	at TempTestSuite1728738085357.run(TempTestSuite1728738085357.groovy:35)
	at java.base/jdk.internal.reflect.NativeMethodAccessorImpl.invoke0(Native Method)
	at java.base/jdk.internal.reflect.NativeMethodAccessorImpl.invoke(NativeMethodAccessorImpl.java:77)
	at java.base/jdk.internal.reflect.DelegatingMethodAccessorImpl.invoke(DelegatingMethodAccessorImpl.java:43)


12-10-2024T20:05:00 - [TEST_STEP][PASSED] - Start listener action : sampleAfterTestCase: null

12-10-2024T20:05:00 - [TEST_STEP][PASSED] - testCaseId = testCaseContext.getTestCaseId(): null

12-10-2024T20:05:00 - [TEST_STEP][PASSED] - if (testCaseId == "Test Cases/Quản lý tài khoản merchant/Quản lý dịch vụ merchant/Kiểm tra chức năng xác nhận cấu hình thay đổi VA"): null]]></system-out>
         <system-err><![CDATA[12-10-2024T20:04:56 - [TEST_CASE][ERROR] - Test Cases/Quản lý tài khoản merchant/Quản lý dịch vụ merchant/TC_14_Kiểm tra thay đổi sau khi cấu hình VA trên MCV: Test Cases/Quản lý tài khoản merchant/Quản lý dịch vụ merchant/TC_14_Kiểm tra thay đổi sau khi cấu hình VA trên MCV FAILED.
Reason:
org.openqa.selenium.NoSuchElementException: no such element: Unable to locate element: {"method":"xpath","selector":"//button[contains(text(),'Đăng nhập')]"}
  (Session info: chrome=129.0.6668.91)
For documentation on this error, please visit: https://www.seleniumhq.org/exceptions/no_such_element.html
Build info: version: '3.141.59', revision: 'unknown', time: 'unknown'
System info: host: 'Aidan', ip: '2405:4803:fd90:9ef0:35c5:6ea1:b1e8:64e8%en0', os.name: 'Mac OS X', os.arch: 'aarch64', os.version: '15.0.1', java.version: '17.0.7'
Driver info: com.kms.katalon.selenium.driver.CChromeDriver
Capabilities {acceptInsecureCerts: false, browserName: chrome, browserVersion: 129.0.6668.91, chrome: {chromedriverVersion: 128.0.6613.84 (606aa55c7d68..., userDataDir: /var/folders/t5/b7k67ybj7gz...}, fedcm:accounts: true, goog:chromeOptions: {debuggerAddress: localhost:63543}, javascriptEnabled: true, networkConnectionEnabled: false, pageLoadStrategy: normal, platform: MAC, platformName: MAC, proxy: Proxy(), setWindowRect: true, strictFileInteractability: false, timeouts: {implicit: 0, pageLoad: 300000, script: 30000}, unhandledPromptBehavior: dismiss and notify, webauthn:extension:credBlob: true, webauthn:extension:largeBlob: true, webauthn:extension:minPinLength: true, webauthn:extension:prf: true, webauthn:virtualAuthenticators: true}
Session ID: f59fa5dad7b72c9c655eb4bed6f117b6
*** Element info: {Using=xpath, value=//button[contains(text(),'Đăng nhập')]}
	at java.base/jdk.internal.reflect.NativeConstructorAccessorImpl.newInstance0(Native Method)
	at java.base/jdk.internal.reflect.NativeConstructorAccessorImpl.newInstance(NativeConstructorAccessorImpl.java:77)
	at java.base/jdk.internal.reflect.DelegatingConstructorAccessorImpl.newInstance(DelegatingConstructorAccessorImpl.java:45)
	at org.openqa.selenium.remote.http.W3CHttpResponseCodec.createException(W3CHttpResponseCodec.java:187)
	at org.openqa.selenium.remote.http.W3CHttpResponseCodec.decode(W3CHttpResponseCodec.java:122)
	at org.openqa.selenium.remote.http.W3CHttpResponseCodec.decode(W3CHttpResponseCodec.java:49)
	at org.openqa.selenium.remote.HttpCommandExecutor.execute(HttpCommandExecutor.java:158)
	at org.openqa.selenium.remote.service.DriverCommandExecutor.execute(DriverCommandExecutor.java:83)
	at org.openqa.selenium.remote.RemoteWebDriver.execute(RemoteWebDriver.java:552)
	at com.kms.katalon.selenium.driver.CChromeDriver.execute(CChromeDriver.java:19)
	at org.openqa.selenium.remote.RemoteWebDriver.findElement(RemoteWebDriver.java:323)
	at org.openqa.selenium.remote.RemoteWebDriver.findElementByXPath(RemoteWebDriver.java:428)
	at org.openqa.selenium.By$ByXPath.findElement(By.java:353)
	at org.openqa.selenium.remote.RemoteWebDriver.findElement(RemoteWebDriver.java:315)
	at jdk.internal.reflect.GeneratedMethodAccessor15.invoke(Unknown Source)
	at java.base/jdk.internal.reflect.DelegatingMethodAccessorImpl.invoke(DelegatingMethodAccessorImpl.java:43)
	at org.openqa.selenium.support.events.EventFiringWebDriver.lambda$new$1(EventFiringWebDriver.java:105)
	at jdk.proxy2/jdk.proxy2.$Proxy22.findElement(Unknown Source)
	at org.openqa.selenium.support.events.EventFiringWebDriver.findElement(EventFiringWebDriver.java:194)
	at TC_14_Kiểm tra thay đổi sau khi cấu hình VA trên MCV.run(TC_14_Kiểm tra thay đổi sau khi cấu hình VA trên MCV:13)
	at com.kms.katalon.core.main.ScriptEngine.run(ScriptEngine.java:194)
	at com.kms.katalon.core.main.ScriptEngine.runScriptAsRawText(ScriptEngine.java:119)
	at com.kms.katalon.core.main.TestCaseExecutor.runScript(TestCaseExecutor.java:448)
	at com.kms.katalon.core.main.TestCaseExecutor.doExecute(TestCaseExecutor.java:439)
	at com.kms.katalon.core.main.TestCaseExecutor.processExecutionPhase(TestCaseExecutor.java:418)
	at com.kms.katalon.core.main.TestCaseExecutor.accessMainPhase(TestCaseExecutor.java:410)
	at com.kms.katalon.core.main.TestCaseExecutor.execute(TestCaseExecutor.java:285)
	at com.kms.katalon.core.common.CommonExecutor.accessTestCaseMainPhase(CommonExecutor.java:65)
	at com.kms.katalon.core.main.TestSuiteExecutor.accessTestSuiteMainPhase(TestSuiteExecutor.java:150)
	at com.kms.katalon.core.main.TestSuiteExecutor.execute(TestSuiteExecutor.java:106)
	at com.kms.katalon.core.main.TestCaseMain.startTestSuite(TestCaseMain.java:180)
	at TempTestSuite1728738085357.run(TempTestSuite1728738085357.groovy:35)
	at java.base/jdk.internal.reflect.NativeMethodAccessorImpl.invoke0(Native Method)
	at java.base/jdk.internal.reflect.NativeMethodAccessorImpl.invoke(NativeMethodAccessorImpl.java:77)
	at java.base/jdk.internal.reflect.DelegatingMethodAccessorImpl.invoke(DelegatingMethodAccessorImpl.java:43)]]></system-err>
      </testcase>
      <testcase name="Test Cases/Quản lý tài khoản merchant/Quản lý dịch vụ merchant/TC_15_Kiểm tra khi button lịch sử cấu hình VA" time="39.149" classname="Test Cases/Quản lý tài khoản merchant/Quản lý dịch vụ merchant/TC_15_Kiểm tra khi button lịch sử cấu hình VA" status="FAILED">
         <failure type="FAILED" message="Test Cases/Quản lý tài khoản merchant/Quản lý dịch vụ merchant/TC_15_Kiểm tra khi button lịch sử cấu hình VA FAILED.&#xa;Reason:&#xa;java.lang.AssertionError: expected [Lịch sử cấu hình chuyển mạch VA] but found []&#xa;	at org.testng.Assert.fail(Assert.java:111)&#xa;	at org.testng.Assert.failNotEquals(Assert.java:1578)&#xa;	at org.testng.Assert.assertEqualsImpl(Assert.java:150)&#xa;	at org.testng.Assert.assertEquals(Assert.java:132)&#xa;	at org.testng.Assert.assertEquals(Assert.java:656)&#xa;	at org.testng.Assert.assertEquals(Assert.java:666)&#xa;	at TC_15_Kiểm tra khi button lịch sử cấu hình VA.run(TC_15_Kiểm tra khi button lịch sử cấu hình VA:27)&#xa;	at com.kms.katalon.core.main.ScriptEngine.run(ScriptEngine.java:194)&#xa;	at com.kms.katalon.core.main.ScriptEngine.runScriptAsRawText(ScriptEngine.java:119)&#xa;	at com.kms.katalon.core.main.TestCaseExecutor.runScript(TestCaseExecutor.java:448)&#xa;	at com.kms.katalon.core.main.TestCaseExecutor.doExecute(TestCaseExecutor.java:439)&#xa;	at com.kms.katalon.core.main.TestCaseExecutor.processExecutionPhase(TestCaseExecutor.java:418)&#xa;	at com.kms.katalon.core.main.TestCaseExecutor.accessMainPhase(TestCaseExecutor.java:410)&#xa;	at com.kms.katalon.core.main.TestCaseExecutor.execute(TestCaseExecutor.java:285)&#xa;	at com.kms.katalon.core.common.CommonExecutor.accessTestCaseMainPhase(CommonExecutor.java:65)&#xa;	at com.kms.katalon.core.main.TestSuiteExecutor.accessTestSuiteMainPhase(TestSuiteExecutor.java:150)&#xa;	at com.kms.katalon.core.main.TestSuiteExecutor.execute(TestSuiteExecutor.java:106)&#xa;	at com.kms.katalon.core.main.TestCaseMain.startTestSuite(TestCaseMain.java:180)&#xa;	at TempTestSuite1728738085357.run(TempTestSuite1728738085357.groovy:35)&#xa;	at java.base/jdk.internal.reflect.NativeMethodAccessorImpl.invoke0(Native Method)&#xa;	at java.base/jdk.internal.reflect.NativeMethodAccessorImpl.invoke(NativeMethodAccessorImpl.java:77)&#xa;	at java.base/jdk.internal.reflect.DelegatingMethodAccessorImpl.invoke(DelegatingMethodAccessorImpl.java:43)&#xa;"/>
         <system-out><![CDATA[12-10-2024T20:05:00 - [TEST_CASE][FAILED] - Test Cases/Quản lý tài khoản merchant/Quản lý dịch vụ merchant/TC_15_Kiểm tra khi button lịch sử cấu hình VA: Test Cases/Quản lý tài khoản merchant/Quản lý dịch vụ merchant/TC_15_Kiểm tra khi button lịch sử cấu hình VA FAILED.
Reason:
java.lang.AssertionError: expected [Lịch sử cấu hình chuyển mạch VA] but found []
	at org.testng.Assert.fail(Assert.java:111)
	at org.testng.Assert.failNotEquals(Assert.java:1578)
	at org.testng.Assert.assertEqualsImpl(Assert.java:150)
	at org.testng.Assert.assertEquals(Assert.java:132)
	at org.testng.Assert.assertEquals(Assert.java:656)
	at org.testng.Assert.assertEquals(Assert.java:666)
	at TC_15_Kiểm tra khi button lịch sử cấu hình VA.run(TC_15_Kiểm tra khi button lịch sử cấu hình VA:27)
	at com.kms.katalon.core.main.ScriptEngine.run(ScriptEngine.java:194)
	at com.kms.katalon.core.main.ScriptEngine.runScriptAsRawText(ScriptEngine.java:119)
	at com.kms.katalon.core.main.TestCaseExecutor.runScript(TestCaseExecutor.java:448)
	at com.kms.katalon.core.main.TestCaseExecutor.doExecute(TestCaseExecutor.java:439)
	at com.kms.katalon.core.main.TestCaseExecutor.processExecutionPhase(TestCaseExecutor.java:418)
	at com.kms.katalon.core.main.TestCaseExecutor.accessMainPhase(TestCaseExecutor.java:410)
	at com.kms.katalon.core.main.TestCaseExecutor.execute(TestCaseExecutor.java:285)
	at com.kms.katalon.core.common.CommonExecutor.accessTestCaseMainPhase(CommonExecutor.java:65)
	at com.kms.katalon.core.main.TestSuiteExecutor.accessTestSuiteMainPhase(TestSuiteExecutor.java:150)
	at com.kms.katalon.core.main.TestSuiteExecutor.execute(TestSuiteExecutor.java:106)
	at com.kms.katalon.core.main.TestCaseMain.startTestSuite(TestCaseMain.java:180)
	at TempTestSuite1728738085357.run(TempTestSuite1728738085357.groovy:35)
	at java.base/jdk.internal.reflect.NativeMethodAccessorImpl.invoke0(Native Method)
	at java.base/jdk.internal.reflect.NativeMethodAccessorImpl.invoke(NativeMethodAccessorImpl.java:77)
	at java.base/jdk.internal.reflect.DelegatingMethodAccessorImpl.invoke(DelegatingMethodAccessorImpl.java:43)


12-10-2024T20:05:00 - [TEST_STEP][PASSED] - Start listener action : sampleBeforeTestCase: Navigate to 'https://stg-cms-console.9pay.mobi/login' successfully

12-10-2024T20:05:00 - [TEST_STEP][PASSED] - testCaseId = testCaseContext.getTestCaseId(): null

12-10-2024T20:05:00 - [TEST_STEP][PASSED] - url = <not implemented yet for class: org.codehaus.groovy.ast.expr.EmptyExpression>: null

12-10-2024T20:05:00 - [TEST_STEP][PASSED] - if (testCaseId == "Test Cases/Quản lý tài khoản merchant/Quản lý dịch vụ merchant/Kiểm tra thay đổi sau khi cấu hình VA trên MCV"): null

12-10-2024T20:05:00 - [TEST_STEP][PASSED] - else: null

12-10-2024T20:05:00 - [TEST_STEP][PASSED] - url = "https://stg-cms-console.9pay.mobi/login": null

12-10-2024T20:05:00 - [TEST_STEP][PASSED] - openBrowser(""): Browser is opened with url: ''

12-10-2024T20:05:00 - [MESSAGE][WARNING] - A browser is already opened. Closing browser and opening a new one

12-10-2024T20:05:00 - [MESSAGE][INFO] - Starting 'Chrome' driver

12-10-2024T20:05:00 - [MESSAGE][INFO] - Action delay is set to 0 milliseconds

12-10-2024T20:05:01 - [MESSAGE][PASSED] - Browser is opened with url: ''

12-10-2024T20:05:01 - [TEST_STEP][PASSED] - maximizeWindow(): Current window maximized

12-10-2024T20:05:01 - [MESSAGE][PASSED] - Current window maximized

12-10-2024T20:05:01 - [TEST_STEP][PASSED] - navigateToUrl(url): Navigate to 'https://stg-cms-console.9pay.mobi/login' successfully

12-10-2024T20:05:03 - [MESSAGE][PASSED] - Navigate to 'https://stg-cms-console.9pay.mobi/login' successfully

12-10-2024T20:05:03 - [TEST_STEP][PASSED] - callTestCase(findTestCase("Test Cases/Login/LoginCommon"), [:], STOP_ON_FAILURE): Call Test Case 'Test Cases/Login/LoginCommon' successfully

12-10-2024T20:05:03 - [TEST_CASE][PASSED] - Test Cases/Login/LoginCommon: Test Cases/Login/LoginCommon

12-10-2024T20:05:03 - [TEST_STEP][PASSED] - driver = getWebDriver(): null

12-10-2024T20:05:03 - [TEST_STEP][PASSED] - sendKeys(findTestObject("Quản lý tài khoản merchant/Quản lý dịch vụ merchant/userNameTextbox"), userAccount): Keys 'dannt@9pay.vn' sent to object: 'Object Repository/Quản lý tài khoản merchant/Quản lý dịch vụ merchant/userNameTextbox'

12-10-2024T20:05:04 - [MESSAGE][PASSED] - Keys 'dannt@9pay.vn' sent to object: 'Object Repository/Quản lý tài khoản merchant/Quản lý dịch vụ merchant/userNameTextbox'

12-10-2024T20:05:04 - [TEST_STEP][PASSED] - sendKeys(findTestObject("Quản lý tài khoản merchant/Quản lý dịch vụ merchant/passwordTextbox"), password): Keys 'dannt@9pay.vn' sent to object: 'Object Repository/Quản lý tài khoản merchant/Quản lý dịch vụ merchant/passwordTextbox'

12-10-2024T20:05:04 - [MESSAGE][PASSED] - Keys 'dannt@9pay.vn' sent to object: 'Object Repository/Quản lý tài khoản merchant/Quản lý dịch vụ merchant/passwordTextbox'

12-10-2024T20:05:04 - [TEST_STEP][PASSED] - click(findTestObject("Quản lý tài khoản merchant/Quản lý dịch vụ merchant/loginButton")): Object: 'Object Repository/Quản lý tài khoản merchant/Quản lý dịch vụ merchant/loginButton' is clicked on

12-10-2024T20:05:04 - [MESSAGE][PASSED] - Object: 'Object Repository/Quản lý tài khoản merchant/Quản lý dịch vụ merchant/loginButton' is clicked on

12-10-2024T20:05:04 - [MESSAGE][PASSED] - Call Test Case 'Test Cases/Login/LoginCommon' successfully

12-10-2024T20:05:04 - [TEST_STEP][PASSED] - waitForElementVisible(findTestObject("Trang chủ/userName"), 20, STOP_ON_FAILURE): Object 'Object Repository/Trang chủ/userName' is visible

12-10-2024T20:05:18 - [MESSAGE][PASSED] - Object 'Object Repository/Trang chủ/userName' is visible

12-10-2024T20:05:18 - [TEST_STEP][PASSED] - callTestCase(findTestCase("Test Cases/Quản lý tài khoản merchant/Quản lý danh sách tài khoản/CustomFunctions"), [:], STOP_ON_FAILURE): Call Test Case 'Test Cases/Quản lý tài khoản merchant/Quản lý danh sách tài khoản/CustomFunctions' successfully

12-10-2024T20:05:18 - [TEST_CASE][PASSED] - Test Cases/Quản lý tài khoản merchant/Quản lý danh sách tài khoản/CustomFunctions: Test Cases/Quản lý tài khoản merchant/Quản lý danh sách tài khoản/CustomFunctions

12-10-2024T20:05:18 - [TEST_STEP][PASSED] - driver = getWebDriver(): null

12-10-2024T20:05:18 - [TEST_STEP][PASSED] - sleep(2000): null

12-10-2024T20:05:20 - [TEST_STEP][PASSED] - element1 = driver.findElement(By.xpath(xpathManagerMC)): null

12-10-2024T20:05:22 - [TEST_STEP][PASSED] - actions = new org.openqa.selenium.interactions.Actions(driver): null

12-10-2024T20:05:22 - [TEST_STEP][PASSED] - click().perform(): null

12-10-2024T20:05:28 - [TEST_STEP][PASSED] - wait = new org.openqa.selenium.support.ui.WebDriverWait(com.kms.katalon.core.webui.driver.DriverFactory.getWebDriver(), 15): null

12-10-2024T20:05:28 - [TEST_STEP][PASSED] - element2 = wait.until(ExpectedConditions.elementToBeClickable(By.xpath(xpathManagerServiceMC))): null

12-10-2024T20:05:29 - [TEST_STEP][PASSED] - click().perform(): null

12-10-2024T20:05:35 - [MESSAGE][PASSED] - Call Test Case 'Test Cases/Quản lý tài khoản merchant/Quản lý danh sách tài khoản/CustomFunctions' successfully

12-10-2024T20:05:35 - [TEST_STEP][PASSED] - driver = getWebDriver(): null

12-10-2024T20:05:35 - [TEST_STEP][PASSED] - wait = new org.openqa.selenium.support.ui.WebDriverWait(com.kms.katalon.core.webui.driver.DriverFactory.getWebDriver(), 20): null

12-10-2024T20:05:35 - [TEST_STEP][PASSED] - xpath("//button[contains(text(),'Lịch sử cấu hình VA')]")).click(): null

12-10-2024T20:05:37 - [TEST_STEP][FAILED] - Assert.assertEquals(xpath("//h4[contains(text(),'Lịch sử cấu hình chuyển mạch VA')]")).getText(), "Lịch sử cấu hình chuyển mạch VA"): Test Cases/Quản lý tài khoản merchant/Quản lý dịch vụ merchant/TC_15_Kiểm tra khi button lịch sử cấu hình VA FAILED.
Reason:
java.lang.AssertionError: expected [Lịch sử cấu hình chuyển mạch VA] but found []
	at org.testng.Assert.fail(Assert.java:111)
	at org.testng.Assert.failNotEquals(Assert.java:1578)
	at org.testng.Assert.assertEqualsImpl(Assert.java:150)
	at org.testng.Assert.assertEquals(Assert.java:132)
	at org.testng.Assert.assertEquals(Assert.java:656)
	at org.testng.Assert.assertEquals(Assert.java:666)
	at TC_15_Kiểm tra khi button lịch sử cấu hình VA.run(TC_15_Kiểm tra khi button lịch sử cấu hình VA:27)
	at com.kms.katalon.core.main.ScriptEngine.run(ScriptEngine.java:194)
	at com.kms.katalon.core.main.ScriptEngine.runScriptAsRawText(ScriptEngine.java:119)
	at com.kms.katalon.core.main.TestCaseExecutor.runScript(TestCaseExecutor.java:448)
	at com.kms.katalon.core.main.TestCaseExecutor.doExecute(TestCaseExecutor.java:439)
	at com.kms.katalon.core.main.TestCaseExecutor.processExecutionPhase(TestCaseExecutor.java:418)
	at com.kms.katalon.core.main.TestCaseExecutor.accessMainPhase(TestCaseExecutor.java:410)
	at com.kms.katalon.core.main.TestCaseExecutor.execute(TestCaseExecutor.java:285)
	at com.kms.katalon.core.common.CommonExecutor.accessTestCaseMainPhase(CommonExecutor.java:65)
	at com.kms.katalon.core.main.TestSuiteExecutor.accessTestSuiteMainPhase(TestSuiteExecutor.java:150)
	at com.kms.katalon.core.main.TestSuiteExecutor.execute(TestSuiteExecutor.java:106)
	at com.kms.katalon.core.main.TestCaseMain.startTestSuite(TestCaseMain.java:180)
	at TempTestSuite1728738085357.run(TempTestSuite1728738085357.groovy:35)
	at java.base/jdk.internal.reflect.NativeMethodAccessorImpl.invoke0(Native Method)
	at java.base/jdk.internal.reflect.NativeMethodAccessorImpl.invoke(NativeMethodAccessorImpl.java:77)
	at java.base/jdk.internal.reflect.DelegatingMethodAccessorImpl.invoke(DelegatingMethodAccessorImpl.java:43)


12-10-2024T20:05:39 - [MESSAGE][FAILED] - Test Cases/Quản lý tài khoản merchant/Quản lý dịch vụ merchant/TC_15_Kiểm tra khi button lịch sử cấu hình VA FAILED.
Reason:
java.lang.AssertionError: expected [Lịch sử cấu hình chuyển mạch VA] but found []
	at org.testng.Assert.fail(Assert.java:111)
	at org.testng.Assert.failNotEquals(Assert.java:1578)
	at org.testng.Assert.assertEqualsImpl(Assert.java:150)
	at org.testng.Assert.assertEquals(Assert.java:132)
	at org.testng.Assert.assertEquals(Assert.java:656)
	at org.testng.Assert.assertEquals(Assert.java:666)
	at TC_15_Kiểm tra khi button lịch sử cấu hình VA.run(TC_15_Kiểm tra khi button lịch sử cấu hình VA:27)
	at com.kms.katalon.core.main.ScriptEngine.run(ScriptEngine.java:194)
	at com.kms.katalon.core.main.ScriptEngine.runScriptAsRawText(ScriptEngine.java:119)
	at com.kms.katalon.core.main.TestCaseExecutor.runScript(TestCaseExecutor.java:448)
	at com.kms.katalon.core.main.TestCaseExecutor.doExecute(TestCaseExecutor.java:439)
	at com.kms.katalon.core.main.TestCaseExecutor.processExecutionPhase(TestCaseExecutor.java:418)
	at com.kms.katalon.core.main.TestCaseExecutor.accessMainPhase(TestCaseExecutor.java:410)
	at com.kms.katalon.core.main.TestCaseExecutor.execute(TestCaseExecutor.java:285)
	at com.kms.katalon.core.common.CommonExecutor.accessTestCaseMainPhase(CommonExecutor.java:65)
	at com.kms.katalon.core.main.TestSuiteExecutor.accessTestSuiteMainPhase(TestSuiteExecutor.java:150)
	at com.kms.katalon.core.main.TestSuiteExecutor.execute(TestSuiteExecutor.java:106)
	at com.kms.katalon.core.main.TestCaseMain.startTestSuite(TestCaseMain.java:180)
	at TempTestSuite1728738085357.run(TempTestSuite1728738085357.groovy:35)
	at java.base/jdk.internal.reflect.NativeMethodAccessorImpl.invoke0(Native Method)
	at java.base/jdk.internal.reflect.NativeMethodAccessorImpl.invoke(NativeMethodAccessorImpl.java:77)
	at java.base/jdk.internal.reflect.DelegatingMethodAccessorImpl.invoke(DelegatingMethodAccessorImpl.java:43)


12-10-2024T20:05:39 - [TEST_STEP][PASSED] - Start listener action : sampleAfterTestCase: null

12-10-2024T20:05:39 - [TEST_STEP][PASSED] - testCaseId = testCaseContext.getTestCaseId(): null

12-10-2024T20:05:39 - [TEST_STEP][PASSED] - if (testCaseId == "Test Cases/Quản lý tài khoản merchant/Quản lý dịch vụ merchant/Kiểm tra chức năng xác nhận cấu hình thay đổi VA"): null]]></system-out>
         <system-err><![CDATA[12-10-2024T20:05:00 - [TEST_CASE][FAILED] - Test Cases/Quản lý tài khoản merchant/Quản lý dịch vụ merchant/TC_15_Kiểm tra khi button lịch sử cấu hình VA: Test Cases/Quản lý tài khoản merchant/Quản lý dịch vụ merchant/TC_15_Kiểm tra khi button lịch sử cấu hình VA FAILED.
Reason:
java.lang.AssertionError: expected [Lịch sử cấu hình chuyển mạch VA] but found []
	at org.testng.Assert.fail(Assert.java:111)
	at org.testng.Assert.failNotEquals(Assert.java:1578)
	at org.testng.Assert.assertEqualsImpl(Assert.java:150)
	at org.testng.Assert.assertEquals(Assert.java:132)
	at org.testng.Assert.assertEquals(Assert.java:656)
	at org.testng.Assert.assertEquals(Assert.java:666)
	at TC_15_Kiểm tra khi button lịch sử cấu hình VA.run(TC_15_Kiểm tra khi button lịch sử cấu hình VA:27)
	at com.kms.katalon.core.main.ScriptEngine.run(ScriptEngine.java:194)
	at com.kms.katalon.core.main.ScriptEngine.runScriptAsRawText(ScriptEngine.java:119)
	at com.kms.katalon.core.main.TestCaseExecutor.runScript(TestCaseExecutor.java:448)
	at com.kms.katalon.core.main.TestCaseExecutor.doExecute(TestCaseExecutor.java:439)
	at com.kms.katalon.core.main.TestCaseExecutor.processExecutionPhase(TestCaseExecutor.java:418)
	at com.kms.katalon.core.main.TestCaseExecutor.accessMainPhase(TestCaseExecutor.java:410)
	at com.kms.katalon.core.main.TestCaseExecutor.execute(TestCaseExecutor.java:285)
	at com.kms.katalon.core.common.CommonExecutor.accessTestCaseMainPhase(CommonExecutor.java:65)
	at com.kms.katalon.core.main.TestSuiteExecutor.accessTestSuiteMainPhase(TestSuiteExecutor.java:150)
	at com.kms.katalon.core.main.TestSuiteExecutor.execute(TestSuiteExecutor.java:106)
	at com.kms.katalon.core.main.TestCaseMain.startTestSuite(TestCaseMain.java:180)
	at TempTestSuite1728738085357.run(TempTestSuite1728738085357.groovy:35)
	at java.base/jdk.internal.reflect.NativeMethodAccessorImpl.invoke0(Native Method)
	at java.base/jdk.internal.reflect.NativeMethodAccessorImpl.invoke(NativeMethodAccessorImpl.java:77)
	at java.base/jdk.internal.reflect.DelegatingMethodAccessorImpl.invoke(DelegatingMethodAccessorImpl.java:43)]]></system-err>
      </testcase>
      <testcase name="Test Cases/Quản lý tài khoản merchant/Quản lý dịch vụ merchant/TC_16_Kiểm tra khi click vào button Sửa sau mỗi bản ghi" time="14.944" classname="Test Cases/Quản lý tài khoản merchant/Quản lý dịch vụ merchant/TC_16_Kiểm tra khi click vào button Sửa sau mỗi bản ghi" status="PASSED">
         <system-out><![CDATA[12-10-2024T20:05:39 - [TEST_CASE][PASSED] - Test Cases/Quản lý tài khoản merchant/Quản lý dịch vụ merchant/TC_16_Kiểm tra khi click vào button Sửa sau mỗi bản ghi: Test Cases/Quản lý tài khoản merchant/Quản lý dịch vụ merchant/TC_16_Kiểm tra khi click vào button Sửa sau mỗi bản ghi

12-10-2024T20:05:39 - [TEST_STEP][PASSED] - Start listener action : sampleBeforeTestCase: Navigate to 'https://stg-cms-console.9pay.mobi/login' successfully

12-10-2024T20:05:39 - [TEST_STEP][PASSED] - testCaseId = testCaseContext.getTestCaseId(): null

12-10-2024T20:05:39 - [TEST_STEP][PASSED] - url = <not implemented yet for class: org.codehaus.groovy.ast.expr.EmptyExpression>: null

12-10-2024T20:05:39 - [TEST_STEP][PASSED] - if (testCaseId == "Test Cases/Quản lý tài khoản merchant/Quản lý dịch vụ merchant/Kiểm tra thay đổi sau khi cấu hình VA trên MCV"): null

12-10-2024T20:05:39 - [TEST_STEP][PASSED] - else: null

12-10-2024T20:05:39 - [TEST_STEP][PASSED] - url = "https://stg-cms-console.9pay.mobi/login": null

12-10-2024T20:05:39 - [TEST_STEP][PASSED] - openBrowser(""): Browser is opened with url: ''

12-10-2024T20:05:39 - [MESSAGE][WARNING] - A browser is already opened. Closing browser and opening a new one

12-10-2024T20:05:40 - [MESSAGE][INFO] - Starting 'Chrome' driver

12-10-2024T20:05:40 - [MESSAGE][INFO] - Action delay is set to 0 milliseconds

12-10-2024T20:05:40 - [MESSAGE][PASSED] - Browser is opened with url: ''

12-10-2024T20:05:40 - [TEST_STEP][PASSED] - maximizeWindow(): Current window maximized

12-10-2024T20:05:40 - [MESSAGE][PASSED] - Current window maximized

12-10-2024T20:05:40 - [TEST_STEP][PASSED] - navigateToUrl(url): Navigate to 'https://stg-cms-console.9pay.mobi/login' successfully

12-10-2024T20:05:42 - [MESSAGE][PASSED] - Navigate to 'https://stg-cms-console.9pay.mobi/login' successfully

12-10-2024T20:05:42 - [TEST_STEP][PASSED] - callTestCase(findTestCase("Test Cases/Login/LoginCommon"), [:], STOP_ON_FAILURE): Call Test Case 'Test Cases/Login/LoginCommon' successfully

12-10-2024T20:05:42 - [TEST_CASE][PASSED] - Test Cases/Login/LoginCommon: Test Cases/Login/LoginCommon

12-10-2024T20:05:42 - [TEST_STEP][PASSED] - driver = getWebDriver(): null

12-10-2024T20:05:42 - [TEST_STEP][PASSED] - sendKeys(findTestObject("Quản lý tài khoản merchant/Quản lý dịch vụ merchant/userNameTextbox"), userAccount): Keys 'dannt@9pay.vn' sent to object: 'Object Repository/Quản lý tài khoản merchant/Quản lý dịch vụ merchant/userNameTextbox'

12-10-2024T20:05:43 - [MESSAGE][PASSED] - Keys 'dannt@9pay.vn' sent to object: 'Object Repository/Quản lý tài khoản merchant/Quản lý dịch vụ merchant/userNameTextbox'

12-10-2024T20:05:43 - [TEST_STEP][PASSED] - sendKeys(findTestObject("Quản lý tài khoản merchant/Quản lý dịch vụ merchant/passwordTextbox"), password): Keys 'dannt@9pay.vn' sent to object: 'Object Repository/Quản lý tài khoản merchant/Quản lý dịch vụ merchant/passwordTextbox'

12-10-2024T20:05:43 - [MESSAGE][PASSED] - Keys 'dannt@9pay.vn' sent to object: 'Object Repository/Quản lý tài khoản merchant/Quản lý dịch vụ merchant/passwordTextbox'

12-10-2024T20:05:43 - [TEST_STEP][PASSED] - click(findTestObject("Quản lý tài khoản merchant/Quản lý dịch vụ merchant/loginButton")): Object: 'Object Repository/Quản lý tài khoản merchant/Quản lý dịch vụ merchant/loginButton' is clicked on

12-10-2024T20:05:43 - [MESSAGE][PASSED] - Object: 'Object Repository/Quản lý tài khoản merchant/Quản lý dịch vụ merchant/loginButton' is clicked on

12-10-2024T20:05:43 - [MESSAGE][PASSED] - Call Test Case 'Test Cases/Login/LoginCommon' successfully

12-10-2024T20:05:43 - [TEST_STEP][PASSED] - waitForElementVisible(findTestObject("Trang chủ/userName"), 20, STOP_ON_FAILURE): Object 'Object Repository/Trang chủ/userName' is visible

12-10-2024T20:05:45 - [MESSAGE][PASSED] - Object 'Object Repository/Trang chủ/userName' is visible

12-10-2024T20:05:45 - [TEST_STEP][PASSED] - driver = getWebDriver(): null

12-10-2024T20:05:45 - [TEST_STEP][PASSED] - wait = new org.openqa.selenium.support.ui.WebDriverWait(com.kms.katalon.core.webui.driver.DriverFactory.getWebDriver(), 20): null

12-10-2024T20:05:45 - [TEST_STEP][PASSED] - callTestCase(findTestCase("Test Cases/Quản lý tài khoản merchant/Quản lý danh sách tài khoản/CustomFunctions"), [:], STOP_ON_FAILURE): Call Test Case 'Test Cases/Quản lý tài khoản merchant/Quản lý danh sách tài khoản/CustomFunctions' successfully

12-10-2024T20:05:45 - [TEST_CASE][PASSED] - Test Cases/Quản lý tài khoản merchant/Quản lý danh sách tài khoản/CustomFunctions: Test Cases/Quản lý tài khoản merchant/Quản lý danh sách tài khoản/CustomFunctions

12-10-2024T20:05:45 - [TEST_STEP][PASSED] - driver = getWebDriver(): null

12-10-2024T20:05:45 - [TEST_STEP][PASSED] - sleep(2000): null

12-10-2024T20:05:47 - [TEST_STEP][PASSED] - element1 = driver.findElement(By.xpath(xpathManagerMC)): null

12-10-2024T20:05:47 - [TEST_STEP][PASSED] - actions = new org.openqa.selenium.interactions.Actions(driver): null

12-10-2024T20:05:47 - [TEST_STEP][PASSED] - click().perform(): null

12-10-2024T20:05:47 - [TEST_STEP][PASSED] - wait = new org.openqa.selenium.support.ui.WebDriverWait(com.kms.katalon.core.webui.driver.DriverFactory.getWebDriver(), 15): null

12-10-2024T20:05:47 - [TEST_STEP][PASSED] - element2 = wait.until(ExpectedConditions.elementToBeClickable(By.xpath(xpathManagerServiceMC))): null

12-10-2024T20:05:48 - [TEST_STEP][PASSED] - click().perform(): null

12-10-2024T20:05:48 - [MESSAGE][PASSED] - Call Test Case 'Test Cases/Quản lý tài khoản merchant/Quản lý danh sách tài khoản/CustomFunctions' successfully

12-10-2024T20:05:48 - [TEST_STEP][PASSED] - elements = driver.findElements(By.xpath("//a[contains(.,'edit')]")): null

12-10-2024T20:05:49 - [TEST_STEP][PASSED] - random = new java.util.Random(): null

12-10-2024T20:05:49 - [TEST_STEP][PASSED] - randomElement = elements.get(random.nextInt(elements.size())): null

12-10-2024T20:05:49 - [TEST_STEP][PASSED] - randomElement.click(): null

12-10-2024T20:05:49 - [TEST_STEP][PASSED] - title = xpath("//h2[contains(text(),'THÔNG TIN TÀI KHOẢN')]")).getText(): null

12-10-2024T20:05:54 - [TEST_STEP][PASSED] - Assert.assertEquals(title, "THÔNG TIN TÀI KHOẢN"): null

12-10-2024T20:05:54 - [TEST_STEP][PASSED] - Start listener action : sampleAfterTestCase: null

12-10-2024T20:05:54 - [TEST_STEP][PASSED] - testCaseId = testCaseContext.getTestCaseId(): null

12-10-2024T20:05:54 - [TEST_STEP][PASSED] - if (testCaseId == "Test Cases/Quản lý tài khoản merchant/Quản lý dịch vụ merchant/Kiểm tra chức năng xác nhận cấu hình thay đổi VA"): null]]></system-out>
         <system-err><![CDATA[]]></system-err>
      </testcase>
      <testcase name="Test Cases/Quản lý tài khoản merchant/Quản lý dịch vụ merchant/TC_17_Kiểm tra khi nhấn resetBtn" time="28.353" classname="Test Cases/Quản lý tài khoản merchant/Quản lý dịch vụ merchant/TC_17_Kiểm tra khi nhấn resetBtn" status="PASSED">
         <system-out><![CDATA[12-10-2024T20:05:54 - [TEST_CASE][PASSED] - Test Cases/Quản lý tài khoản merchant/Quản lý dịch vụ merchant/TC_17_Kiểm tra khi nhấn resetBtn: Test Cases/Quản lý tài khoản merchant/Quản lý dịch vụ merchant/TC_17_Kiểm tra khi nhấn resetBtn

12-10-2024T20:05:54 - [TEST_STEP][PASSED] - Start listener action : sampleBeforeTestCase: Navigate to 'https://stg-cms-console.9pay.mobi/login' successfully

12-10-2024T20:05:54 - [TEST_STEP][PASSED] - testCaseId = testCaseContext.getTestCaseId(): null

12-10-2024T20:05:54 - [TEST_STEP][PASSED] - url = <not implemented yet for class: org.codehaus.groovy.ast.expr.EmptyExpression>: null

12-10-2024T20:05:54 - [TEST_STEP][PASSED] - if (testCaseId == "Test Cases/Quản lý tài khoản merchant/Quản lý dịch vụ merchant/Kiểm tra thay đổi sau khi cấu hình VA trên MCV"): null

12-10-2024T20:05:54 - [TEST_STEP][PASSED] - else: null

12-10-2024T20:05:54 - [TEST_STEP][PASSED] - url = "https://stg-cms-console.9pay.mobi/login": null

12-10-2024T20:05:54 - [TEST_STEP][PASSED] - openBrowser(""): Browser is opened with url: ''

12-10-2024T20:05:54 - [MESSAGE][WARNING] - A browser is already opened. Closing browser and opening a new one

12-10-2024T20:05:54 - [MESSAGE][INFO] - Starting 'Chrome' driver

12-10-2024T20:05:54 - [MESSAGE][INFO] - Action delay is set to 0 milliseconds

12-10-2024T20:05:55 - [MESSAGE][PASSED] - Browser is opened with url: ''

12-10-2024T20:05:55 - [TEST_STEP][PASSED] - maximizeWindow(): Current window maximized

12-10-2024T20:05:55 - [MESSAGE][PASSED] - Current window maximized

12-10-2024T20:05:55 - [TEST_STEP][PASSED] - navigateToUrl(url): Navigate to 'https://stg-cms-console.9pay.mobi/login' successfully

12-10-2024T20:05:58 - [MESSAGE][PASSED] - Navigate to 'https://stg-cms-console.9pay.mobi/login' successfully

12-10-2024T20:05:58 - [TEST_STEP][PASSED] - callTestCase(findTestCase("Test Cases/Login/LoginCommon"), [:], STOP_ON_FAILURE): Call Test Case 'Test Cases/Login/LoginCommon' successfully

12-10-2024T20:05:58 - [TEST_CASE][PASSED] - Test Cases/Login/LoginCommon: Test Cases/Login/LoginCommon

12-10-2024T20:05:58 - [TEST_STEP][PASSED] - driver = getWebDriver(): null

12-10-2024T20:05:58 - [TEST_STEP][PASSED] - sendKeys(findTestObject("Quản lý tài khoản merchant/Quản lý dịch vụ merchant/userNameTextbox"), userAccount): Keys 'dannt@9pay.vn' sent to object: 'Object Repository/Quản lý tài khoản merchant/Quản lý dịch vụ merchant/userNameTextbox'

12-10-2024T20:05:59 - [MESSAGE][PASSED] - Keys 'dannt@9pay.vn' sent to object: 'Object Repository/Quản lý tài khoản merchant/Quản lý dịch vụ merchant/userNameTextbox'

12-10-2024T20:05:59 - [TEST_STEP][PASSED] - sendKeys(findTestObject("Quản lý tài khoản merchant/Quản lý dịch vụ merchant/passwordTextbox"), password): Keys 'dannt@9pay.vn' sent to object: 'Object Repository/Quản lý tài khoản merchant/Quản lý dịch vụ merchant/passwordTextbox'

12-10-2024T20:05:59 - [MESSAGE][PASSED] - Keys 'dannt@9pay.vn' sent to object: 'Object Repository/Quản lý tài khoản merchant/Quản lý dịch vụ merchant/passwordTextbox'

12-10-2024T20:05:59 - [TEST_STEP][PASSED] - click(findTestObject("Quản lý tài khoản merchant/Quản lý dịch vụ merchant/loginButton")): Object: 'Object Repository/Quản lý tài khoản merchant/Quản lý dịch vụ merchant/loginButton' is clicked on

12-10-2024T20:05:59 - [MESSAGE][PASSED] - Object: 'Object Repository/Quản lý tài khoản merchant/Quản lý dịch vụ merchant/loginButton' is clicked on

12-10-2024T20:05:59 - [MESSAGE][PASSED] - Call Test Case 'Test Cases/Login/LoginCommon' successfully

12-10-2024T20:05:59 - [TEST_STEP][PASSED] - waitForElementVisible(findTestObject("Trang chủ/userName"), 20, STOP_ON_FAILURE): Object 'Object Repository/Trang chủ/userName' is visible

12-10-2024T20:06:16 - [MESSAGE][PASSED] - Object 'Object Repository/Trang chủ/userName' is visible

12-10-2024T20:06:16 - [TEST_STEP][PASSED] - callTestCase(findTestCase("Test Cases/Quản lý tài khoản merchant/Quản lý danh sách tài khoản/CustomFunctions"), [:], STOP_ON_FAILURE): Call Test Case 'Test Cases/Quản lý tài khoản merchant/Quản lý danh sách tài khoản/CustomFunctions' successfully

12-10-2024T20:06:16 - [TEST_CASE][PASSED] - Test Cases/Quản lý tài khoản merchant/Quản lý danh sách tài khoản/CustomFunctions: Test Cases/Quản lý tài khoản merchant/Quản lý danh sách tài khoản/CustomFunctions

12-10-2024T20:06:16 - [TEST_STEP][PASSED] - driver = getWebDriver(): null

12-10-2024T20:06:16 - [TEST_STEP][PASSED] - sleep(2000): null

12-10-2024T20:06:18 - [TEST_STEP][PASSED] - element1 = driver.findElement(By.xpath(xpathManagerMC)): null

12-10-2024T20:06:18 - [TEST_STEP][PASSED] - actions = new org.openqa.selenium.interactions.Actions(driver): null

12-10-2024T20:06:18 - [TEST_STEP][PASSED] - click().perform(): null

12-10-2024T20:06:18 - [TEST_STEP][PASSED] - wait = new org.openqa.selenium.support.ui.WebDriverWait(com.kms.katalon.core.webui.driver.DriverFactory.getWebDriver(), 15): null

12-10-2024T20:06:18 - [TEST_STEP][PASSED] - element2 = wait.until(ExpectedConditions.elementToBeClickable(By.xpath(xpathManagerServiceMC))): null

12-10-2024T20:06:19 - [TEST_STEP][PASSED] - click().perform(): null

12-10-2024T20:06:19 - [MESSAGE][PASSED] - Call Test Case 'Test Cases/Quản lý tài khoản merchant/Quản lý danh sách tài khoản/CustomFunctions' successfully

12-10-2024T20:06:19 - [TEST_STEP][PASSED] - driver = getWebDriver(): null

12-10-2024T20:06:19 - [TEST_STEP][PASSED] - dropdown = driver.findElement(By.name("service_type")): null

12-10-2024T20:06:20 - [TEST_STEP][PASSED] - usenameInputField = driver.findElement(By.xpath("//input[@placeholder='Nhập tên tài khoản']")): null

12-10-2024T20:06:20 - [TEST_STEP][PASSED] - xpath("//option[@value='DEPOSIT_TRANSFER_IB']")).click(): null

12-10-2024T20:06:21 - [TEST_STEP][PASSED] - dropdownStt = driver.findElement(By.name("is_active")): null

12-10-2024T20:06:21 - [TEST_STEP][PASSED] - xpath("//option[@value="1"]")).click(): null

12-10-2024T20:06:21 - [TEST_STEP][PASSED] - sendKeys(findTestObject("Quản lý tài khoản merchant/Quản lý dịch vụ merchant/accountName"), "dannt11"): Keys 'dannt11' sent to object: 'Object Repository/Quản lý tài khoản merchant/Quản lý dịch vụ merchant/accountName'

12-10-2024T20:06:22 - [MESSAGE][PASSED] - Keys 'dannt11' sent to object: 'Object Repository/Quản lý tài khoản merchant/Quản lý dịch vụ merchant/accountName'

12-10-2024T20:06:22 - [TEST_STEP][PASSED] - valueUsername = usenameInputField.getAttribute("value"): null

12-10-2024T20:06:22 - [TEST_STEP][PASSED] - println("Giá trị đã nhập trước là: " + valueUsername): null

12-10-2024T20:06:22 - [TEST_STEP][PASSED] - resetBtn = driver.findElement(By.xpath("//button[contains(text(),'Reset bộ lọc')]")): null

12-10-2024T20:06:22 - [TEST_STEP][PASSED] - resetBtn.click(): null

12-10-2024T20:06:22 - [TEST_STEP][PASSED] - wait = new org.openqa.selenium.support.ui.WebDriverWait(com.kms.katalon.core.webui.driver.DriverFactory.getWebDriver(), 20): null

12-10-2024T20:06:22 - [TEST_STEP][PASSED] - inputElement = wait.until(ExpectedConditions.presenceOfElementLocated(By.xpath("//input[@placeholder='Nhập tên tài khoản']"))): null

12-10-2024T20:06:22 - [TEST_STEP][PASSED] - usenameInputFieldg = driver.findElement(By.xpath("//input[@placeholder='Nhập tên tài khoản']")): null

12-10-2024T20:06:23 - [TEST_STEP][PASSED] - valueUsernameAf = usenameInputFieldg.getAttribute("value"): null

12-10-2024T20:06:23 - [TEST_STEP][PASSED] - println("Giá trị đã nhập là: " + valueUsernameAf): null

12-10-2024T20:06:23 - [TEST_STEP][PASSED] - if (valueUsernameAf != valueUsername): Values are not equal

12-10-2024T20:06:23 - [TEST_STEP][PASSED] - markPassed("Values are not equal"): Values are not equal

12-10-2024T20:06:23 - [MESSAGE][PASSED] - Values are not equal

12-10-2024T20:06:23 - [TEST_STEP][PASSED] - Start listener action : sampleAfterTestCase: null

12-10-2024T20:06:23 - [TEST_STEP][PASSED] - testCaseId = testCaseContext.getTestCaseId(): null

12-10-2024T20:06:23 - [TEST_STEP][PASSED] - if (testCaseId == "Test Cases/Quản lý tài khoản merchant/Quản lý dịch vụ merchant/Kiểm tra chức năng xác nhận cấu hình thay đổi VA"): null]]></system-out>
         <system-err><![CDATA[]]></system-err>
      </testcase>
      <testcase name="Test Cases/Quản lý tài khoản merchant/Quản lý dịch vụ merchant/TC_18_Kiểm tra khả năng mở form quản lý dịch vụ merchant" time="9.494" classname="Test Cases/Quản lý tài khoản merchant/Quản lý dịch vụ merchant/TC_18_Kiểm tra khả năng mở form quản lý dịch vụ merchant" status="PASSED">
         <system-out><![CDATA[12-10-2024T20:06:23 - [TEST_CASE][PASSED] - Test Cases/Quản lý tài khoản merchant/Quản lý dịch vụ merchant/TC_18_Kiểm tra khả năng mở form quản lý dịch vụ merchant: Test Cases/Quản lý tài khoản merchant/Quản lý dịch vụ merchant/TC_18_Kiểm tra khả năng mở form quản lý dịch vụ merchant

12-10-2024T20:06:23 - [TEST_STEP][PASSED] - Start listener action : sampleBeforeTestCase: Navigate to 'https://stg-cms-console.9pay.mobi/login' successfully

12-10-2024T20:06:23 - [TEST_STEP][PASSED] - testCaseId = testCaseContext.getTestCaseId(): null

12-10-2024T20:06:23 - [TEST_STEP][PASSED] - url = <not implemented yet for class: org.codehaus.groovy.ast.expr.EmptyExpression>: null

12-10-2024T20:06:23 - [TEST_STEP][PASSED] - if (testCaseId == "Test Cases/Quản lý tài khoản merchant/Quản lý dịch vụ merchant/Kiểm tra thay đổi sau khi cấu hình VA trên MCV"): null

12-10-2024T20:06:23 - [TEST_STEP][PASSED] - else: null

12-10-2024T20:06:23 - [TEST_STEP][PASSED] - url = "https://stg-cms-console.9pay.mobi/login": null

12-10-2024T20:06:23 - [TEST_STEP][PASSED] - openBrowser(""): Browser is opened with url: ''

12-10-2024T20:06:23 - [MESSAGE][WARNING] - A browser is already opened. Closing browser and opening a new one

12-10-2024T20:06:23 - [MESSAGE][INFO] - Starting 'Chrome' driver

12-10-2024T20:06:23 - [MESSAGE][INFO] - Action delay is set to 0 milliseconds

12-10-2024T20:06:23 - [MESSAGE][PASSED] - Browser is opened with url: ''

12-10-2024T20:06:23 - [TEST_STEP][PASSED] - maximizeWindow(): Current window maximized

12-10-2024T20:06:24 - [MESSAGE][PASSED] - Current window maximized

12-10-2024T20:06:24 - [TEST_STEP][PASSED] - navigateToUrl(url): Navigate to 'https://stg-cms-console.9pay.mobi/login' successfully

12-10-2024T20:06:26 - [MESSAGE][PASSED] - Navigate to 'https://stg-cms-console.9pay.mobi/login' successfully

12-10-2024T20:06:26 - [TEST_STEP][PASSED] - callTestCase(findTestCase("Test Cases/Login/LoginCommon"), [:], STOP_ON_FAILURE): Call Test Case 'Test Cases/Login/LoginCommon' successfully

12-10-2024T20:06:26 - [TEST_CASE][PASSED] - Test Cases/Login/LoginCommon: Test Cases/Login/LoginCommon

12-10-2024T20:06:26 - [TEST_STEP][PASSED] - driver = getWebDriver(): null

12-10-2024T20:06:26 - [TEST_STEP][PASSED] - sendKeys(findTestObject("Quản lý tài khoản merchant/Quản lý dịch vụ merchant/userNameTextbox"), userAccount): Keys 'dannt@9pay.vn' sent to object: 'Object Repository/Quản lý tài khoản merchant/Quản lý dịch vụ merchant/userNameTextbox'

12-10-2024T20:06:26 - [MESSAGE][PASSED] - Keys 'dannt@9pay.vn' sent to object: 'Object Repository/Quản lý tài khoản merchant/Quản lý dịch vụ merchant/userNameTextbox'

12-10-2024T20:06:26 - [TEST_STEP][PASSED] - sendKeys(findTestObject("Quản lý tài khoản merchant/Quản lý dịch vụ merchant/passwordTextbox"), password): Keys 'dannt@9pay.vn' sent to object: 'Object Repository/Quản lý tài khoản merchant/Quản lý dịch vụ merchant/passwordTextbox'

12-10-2024T20:06:27 - [MESSAGE][PASSED] - Keys 'dannt@9pay.vn' sent to object: 'Object Repository/Quản lý tài khoản merchant/Quản lý dịch vụ merchant/passwordTextbox'

12-10-2024T20:06:27 - [TEST_STEP][PASSED] - click(findTestObject("Quản lý tài khoản merchant/Quản lý dịch vụ merchant/loginButton")): Object: 'Object Repository/Quản lý tài khoản merchant/Quản lý dịch vụ merchant/loginButton' is clicked on

12-10-2024T20:06:27 - [MESSAGE][PASSED] - Object: 'Object Repository/Quản lý tài khoản merchant/Quản lý dịch vụ merchant/loginButton' is clicked on

12-10-2024T20:06:27 - [MESSAGE][PASSED] - Call Test Case 'Test Cases/Login/LoginCommon' successfully

12-10-2024T20:06:27 - [TEST_STEP][PASSED] - waitForElementVisible(findTestObject("Trang chủ/userName"), 20, STOP_ON_FAILURE): Object 'Object Repository/Trang chủ/userName' is visible

12-10-2024T20:06:28 - [MESSAGE][PASSED] - Object 'Object Repository/Trang chủ/userName' is visible

12-10-2024T20:06:28 - [TEST_STEP][PASSED] - callTestCase(findTestCase("Test Cases/Quản lý tài khoản merchant/Quản lý danh sách tài khoản/CustomFunctions"), [:], STOP_ON_FAILURE): Call Test Case 'Test Cases/Quản lý tài khoản merchant/Quản lý danh sách tài khoản/CustomFunctions' successfully

12-10-2024T20:06:28 - [TEST_CASE][PASSED] - Test Cases/Quản lý tài khoản merchant/Quản lý danh sách tài khoản/CustomFunctions: Test Cases/Quản lý tài khoản merchant/Quản lý danh sách tài khoản/CustomFunctions

12-10-2024T20:06:28 - [TEST_STEP][PASSED] - driver = getWebDriver(): null

12-10-2024T20:06:28 - [TEST_STEP][PASSED] - sleep(2000): null

12-10-2024T20:06:30 - [TEST_STEP][PASSED] - element1 = driver.findElement(By.xpath(xpathManagerMC)): null

12-10-2024T20:06:30 - [TEST_STEP][PASSED] - actions = new org.openqa.selenium.interactions.Actions(driver): null

12-10-2024T20:06:30 - [TEST_STEP][PASSED] - click().perform(): null

12-10-2024T20:06:30 - [TEST_STEP][PASSED] - wait = new org.openqa.selenium.support.ui.WebDriverWait(com.kms.katalon.core.webui.driver.DriverFactory.getWebDriver(), 15): null

12-10-2024T20:06:30 - [TEST_STEP][PASSED] - element2 = wait.until(ExpectedConditions.elementToBeClickable(By.xpath(xpathManagerServiceMC))): null

12-10-2024T20:06:31 - [TEST_STEP][PASSED] - click().perform(): null

12-10-2024T20:06:31 - [MESSAGE][PASSED] - Call Test Case 'Test Cases/Quản lý tài khoản merchant/Quản lý danh sách tài khoản/CustomFunctions' successfully

12-10-2024T20:06:31 - [TEST_STEP][PASSED] - verifyElementPresent(findTestObject("Quản lý tài khoản merchant/Quản lý dịch vụ merchant/headerMenu"), 3): Object 'Object Repository/Quản lý tài khoản merchant/Quản lý dịch vụ merchant/headerMenu' is present

12-10-2024T20:06:32 - [MESSAGE][PASSED] - Object 'Object Repository/Quản lý tài khoản merchant/Quản lý dịch vụ merchant/headerMenu' is present

12-10-2024T20:06:32 - [TEST_STEP][PASSED] - Start listener action : sampleAfterTestCase: null

12-10-2024T20:06:32 - [TEST_STEP][PASSED] - testCaseId = testCaseContext.getTestCaseId(): null

12-10-2024T20:06:32 - [TEST_STEP][PASSED] - if (testCaseId == "Test Cases/Quản lý tài khoản merchant/Quản lý dịch vụ merchant/Kiểm tra chức năng xác nhận cấu hình thay đổi VA"): null]]></system-out>
         <system-err><![CDATA[]]></system-err>
      </testcase>
      <testcase name="Test Cases/Quản lý tài khoản merchant/Quản lý dịch vụ merchant/TC_19_Kiểm tra tài khoản đã active dịch vụ chi" time="47.217" classname="Test Cases/Quản lý tài khoản merchant/Quản lý dịch vụ merchant/TC_19_Kiểm tra tài khoản đã active dịch vụ chi" status="ERROR">
         <error type="ERROR" message="Test Cases/Quản lý tài khoản merchant/Quản lý dịch vụ merchant/TC_19_Kiểm tra tài khoản đã active dịch vụ chi FAILED.&#xa;Reason:&#xa;org.openqa.selenium.ElementNotInteractableException: element not interactable&#xa;  (Session info: chrome=129.0.6668.91)&#xa;Build info: version: '3.141.59', revision: 'unknown', time: 'unknown'&#xa;System info: host: 'Aidan', ip: '2405:4803:fd90:9ef0:35c5:6ea1:b1e8:64e8%en0', os.name: 'Mac OS X', os.arch: 'aarch64', os.version: '15.0.1', java.version: '17.0.7'&#xa;Driver info: com.kms.katalon.selenium.driver.CChromeDriver&#xa;Capabilities {acceptInsecureCerts: false, browserName: chrome, browserVersion: 129.0.6668.91, chrome: {chromedriverVersion: 128.0.6613.84 (606aa55c7d68..., userDataDir: /var/folders/t5/b7k67ybj7gz...}, fedcm:accounts: true, goog:chromeOptions: {debuggerAddress: localhost:63671}, javascriptEnabled: true, networkConnectionEnabled: false, pageLoadStrategy: normal, platform: MAC, platformName: MAC, proxy: Proxy(), setWindowRect: true, strictFileInteractability: false, timeouts: {implicit: 0, pageLoad: 300000, script: 30000}, unhandledPromptBehavior: dismiss and notify, webauthn:extension:credBlob: true, webauthn:extension:largeBlob: true, webauthn:extension:minPinLength: true, webauthn:extension:prf: true, webauthn:virtualAuthenticators: true}&#xa;Session ID: 960dd6967b82a9fa82569c8d5e5ba09f&#xa;	at java.base/jdk.internal.reflect.NativeConstructorAccessorImpl.newInstance0(Native Method)&#xa;	at java.base/jdk.internal.reflect.NativeConstructorAccessorImpl.newInstance(NativeConstructorAccessorImpl.java:77)&#xa;	at java.base/jdk.internal.reflect.DelegatingConstructorAccessorImpl.newInstance(DelegatingConstructorAccessorImpl.java:45)&#xa;	at org.openqa.selenium.remote.http.W3CHttpResponseCodec.createException(W3CHttpResponseCodec.java:187)&#xa;	at org.openqa.selenium.remote.http.W3CHttpResponseCodec.decode(W3CHttpResponseCodec.java:122)&#xa;	at org.openqa.selenium.remote.http.W3CHttpResponseCodec.decode(W3CHttpResponseCodec.java:49)&#xa;	at org.openqa.selenium.remote.HttpCommandExecutor.execute(HttpCommandExecutor.java:158)&#xa;	at org.openqa.selenium.remote.service.DriverCommandExecutor.execute(DriverCommandExecutor.java:83)&#xa;	at org.openqa.selenium.remote.RemoteWebDriver.execute(RemoteWebDriver.java:552)&#xa;	at com.kms.katalon.selenium.driver.CChromeDriver.execute(CChromeDriver.java:19)&#xa;	at org.openqa.selenium.remote.RemoteWebElement.execute(RemoteWebElement.java:285)&#xa;	at org.openqa.selenium.remote.RemoteWebElement.click(RemoteWebElement.java:84)&#xa;	at jdk.internal.reflect.GeneratedMethodAccessor18.invoke(Unknown Source)&#xa;	at java.base/jdk.internal.reflect.DelegatingMethodAccessorImpl.invoke(DelegatingMethodAccessorImpl.java:43)&#xa;	at org.openqa.selenium.support.events.EventFiringWebDriver$EventFiringWebElement.lambda$new$0(EventFiringWebDriver.java:404)&#xa;	at jdk.proxy2/jdk.proxy2.$Proxy23.click(Unknown Source)&#xa;	at org.openqa.selenium.support.events.EventFiringWebDriver$EventFiringWebElement.click(EventFiringWebDriver.java:417)&#xa;	at TC_19_Kiểm tra tài khoản đã active dịch vụ chi.run(TC_19_Kiểm tra tài khoản đã active dịch vụ chi:34)&#xa;	at com.kms.katalon.core.main.ScriptEngine.run(ScriptEngine.java:194)&#xa;	at com.kms.katalon.core.main.ScriptEngine.runScriptAsRawText(ScriptEngine.java:119)&#xa;	at com.kms.katalon.core.main.TestCaseExecutor.runScript(TestCaseExecutor.java:448)&#xa;	at com.kms.katalon.core.main.TestCaseExecutor.doExecute(TestCaseExecutor.java:439)&#xa;	at com.kms.katalon.core.main.TestCaseExecutor.processExecutionPhase(TestCaseExecutor.java:418)&#xa;	at com.kms.katalon.core.main.TestCaseExecutor.accessMainPhase(TestCaseExecutor.java:410)&#xa;	at com.kms.katalon.core.main.TestCaseExecutor.execute(TestCaseExecutor.java:285)&#xa;	at com.kms.katalon.core.common.CommonExecutor.accessTestCaseMainPhase(CommonExecutor.java:65)&#xa;	at com.kms.katalon.core.main.TestSuiteExecutor.accessTestSuiteMainPhase(TestSuiteExecutor.java:150)&#xa;	at com.kms.katalon.core.main.TestSuiteExecutor.execute(TestSuiteExecutor.java:106)&#xa;	at com.kms.katalon.core.main.TestCaseMain.startTestSuite(TestCaseMain.java:180)&#xa;	at TempTestSuite1728738085357.run(TempTestSuite1728738085357.groovy:35)&#xa;	at java.base/jdk.internal.reflect.NativeMethodAccessorImpl.invoke0(Native Method)&#xa;	at java.base/jdk.internal.reflect.NativeMethodAccessorImpl.invoke(NativeMethodAccessorImpl.java:77)&#xa;	at java.base/jdk.internal.reflect.DelegatingMethodAccessorImpl.invoke(DelegatingMethodAccessorImpl.java:43)&#xa;"/>
         <system-out><![CDATA[12-10-2024T20:06:32 - [TEST_CASE][ERROR] - Test Cases/Quản lý tài khoản merchant/Quản lý dịch vụ merchant/TC_19_Kiểm tra tài khoản đã active dịch vụ chi: Test Cases/Quản lý tài khoản merchant/Quản lý dịch vụ merchant/TC_19_Kiểm tra tài khoản đã active dịch vụ chi FAILED.
Reason:
org.openqa.selenium.ElementNotInteractableException: element not interactable
  (Session info: chrome=129.0.6668.91)
Build info: version: '3.141.59', revision: 'unknown', time: 'unknown'
System info: host: 'Aidan', ip: '2405:4803:fd90:9ef0:35c5:6ea1:b1e8:64e8%en0', os.name: 'Mac OS X', os.arch: 'aarch64', os.version: '15.0.1', java.version: '17.0.7'
Driver info: com.kms.katalon.selenium.driver.CChromeDriver
Capabilities {acceptInsecureCerts: false, browserName: chrome, browserVersion: 129.0.6668.91, chrome: {chromedriverVersion: 128.0.6613.84 (606aa55c7d68..., userDataDir: /var/folders/t5/b7k67ybj7gz...}, fedcm:accounts: true, goog:chromeOptions: {debuggerAddress: localhost:63671}, javascriptEnabled: true, networkConnectionEnabled: false, pageLoadStrategy: normal, platform: MAC, platformName: MAC, proxy: Proxy(), setWindowRect: true, strictFileInteractability: false, timeouts: {implicit: 0, pageLoad: 300000, script: 30000}, unhandledPromptBehavior: dismiss and notify, webauthn:extension:credBlob: true, webauthn:extension:largeBlob: true, webauthn:extension:minPinLength: true, webauthn:extension:prf: true, webauthn:virtualAuthenticators: true}
Session ID: 960dd6967b82a9fa82569c8d5e5ba09f
	at java.base/jdk.internal.reflect.NativeConstructorAccessorImpl.newInstance0(Native Method)
	at java.base/jdk.internal.reflect.NativeConstructorAccessorImpl.newInstance(NativeConstructorAccessorImpl.java:77)
	at java.base/jdk.internal.reflect.DelegatingConstructorAccessorImpl.newInstance(DelegatingConstructorAccessorImpl.java:45)
	at org.openqa.selenium.remote.http.W3CHttpResponseCodec.createException(W3CHttpResponseCodec.java:187)
	at org.openqa.selenium.remote.http.W3CHttpResponseCodec.decode(W3CHttpResponseCodec.java:122)
	at org.openqa.selenium.remote.http.W3CHttpResponseCodec.decode(W3CHttpResponseCodec.java:49)
	at org.openqa.selenium.remote.HttpCommandExecutor.execute(HttpCommandExecutor.java:158)
	at org.openqa.selenium.remote.service.DriverCommandExecutor.execute(DriverCommandExecutor.java:83)
	at org.openqa.selenium.remote.RemoteWebDriver.execute(RemoteWebDriver.java:552)
	at com.kms.katalon.selenium.driver.CChromeDriver.execute(CChromeDriver.java:19)
	at org.openqa.selenium.remote.RemoteWebElement.execute(RemoteWebElement.java:285)
	at org.openqa.selenium.remote.RemoteWebElement.click(RemoteWebElement.java:84)
	at jdk.internal.reflect.GeneratedMethodAccessor18.invoke(Unknown Source)
	at java.base/jdk.internal.reflect.DelegatingMethodAccessorImpl.invoke(DelegatingMethodAccessorImpl.java:43)
	at org.openqa.selenium.support.events.EventFiringWebDriver$EventFiringWebElement.lambda$new$0(EventFiringWebDriver.java:404)
	at jdk.proxy2/jdk.proxy2.$Proxy23.click(Unknown Source)
	at org.openqa.selenium.support.events.EventFiringWebDriver$EventFiringWebElement.click(EventFiringWebDriver.java:417)
	at TC_19_Kiểm tra tài khoản đã active dịch vụ chi.run(TC_19_Kiểm tra tài khoản đã active dịch vụ chi:34)
	at com.kms.katalon.core.main.ScriptEngine.run(ScriptEngine.java:194)
	at com.kms.katalon.core.main.ScriptEngine.runScriptAsRawText(ScriptEngine.java:119)
	at com.kms.katalon.core.main.TestCaseExecutor.runScript(TestCaseExecutor.java:448)
	at com.kms.katalon.core.main.TestCaseExecutor.doExecute(TestCaseExecutor.java:439)
	at com.kms.katalon.core.main.TestCaseExecutor.processExecutionPhase(TestCaseExecutor.java:418)
	at com.kms.katalon.core.main.TestCaseExecutor.accessMainPhase(TestCaseExecutor.java:410)
	at com.kms.katalon.core.main.TestCaseExecutor.execute(TestCaseExecutor.java:285)
	at com.kms.katalon.core.common.CommonExecutor.accessTestCaseMainPhase(CommonExecutor.java:65)
	at com.kms.katalon.core.main.TestSuiteExecutor.accessTestSuiteMainPhase(TestSuiteExecutor.java:150)
	at com.kms.katalon.core.main.TestSuiteExecutor.execute(TestSuiteExecutor.java:106)
	at com.kms.katalon.core.main.TestCaseMain.startTestSuite(TestCaseMain.java:180)
	at TempTestSuite1728738085357.run(TempTestSuite1728738085357.groovy:35)
	at java.base/jdk.internal.reflect.NativeMethodAccessorImpl.invoke0(Native Method)
	at java.base/jdk.internal.reflect.NativeMethodAccessorImpl.invoke(NativeMethodAccessorImpl.java:77)
	at java.base/jdk.internal.reflect.DelegatingMethodAccessorImpl.invoke(DelegatingMethodAccessorImpl.java:43)


12-10-2024T20:06:32 - [TEST_STEP][PASSED] - Start listener action : sampleBeforeTestCase: Navigate to 'https://stg-cms-console.9pay.mobi/login' successfully

12-10-2024T20:06:32 - [TEST_STEP][PASSED] - testCaseId = testCaseContext.getTestCaseId(): null

12-10-2024T20:06:32 - [TEST_STEP][PASSED] - url = <not implemented yet for class: org.codehaus.groovy.ast.expr.EmptyExpression>: null

12-10-2024T20:06:32 - [TEST_STEP][PASSED] - if (testCaseId == "Test Cases/Quản lý tài khoản merchant/Quản lý dịch vụ merchant/Kiểm tra thay đổi sau khi cấu hình VA trên MCV"): null

12-10-2024T20:06:32 - [TEST_STEP][PASSED] - else: null

12-10-2024T20:06:32 - [TEST_STEP][PASSED] - url = "https://stg-cms-console.9pay.mobi/login": null

12-10-2024T20:06:32 - [TEST_STEP][PASSED] - openBrowser(""): Browser is opened with url: ''

12-10-2024T20:06:32 - [MESSAGE][WARNING] - A browser is already opened. Closing browser and opening a new one

12-10-2024T20:06:32 - [MESSAGE][INFO] - Starting 'Chrome' driver

12-10-2024T20:06:32 - [MESSAGE][INFO] - Action delay is set to 0 milliseconds

12-10-2024T20:06:33 - [MESSAGE][PASSED] - Browser is opened with url: ''

12-10-2024T20:06:33 - [TEST_STEP][PASSED] - maximizeWindow(): Current window maximized

12-10-2024T20:06:33 - [MESSAGE][PASSED] - Current window maximized

12-10-2024T20:06:33 - [TEST_STEP][PASSED] - navigateToUrl(url): Navigate to 'https://stg-cms-console.9pay.mobi/login' successfully

12-10-2024T20:06:35 - [MESSAGE][PASSED] - Navigate to 'https://stg-cms-console.9pay.mobi/login' successfully

12-10-2024T20:06:35 - [TEST_STEP][PASSED] - callTestCase(findTestCase("Test Cases/Login/LoginCommon"), [:], STOP_ON_FAILURE): Call Test Case 'Test Cases/Login/LoginCommon' successfully

12-10-2024T20:06:35 - [TEST_CASE][PASSED] - Test Cases/Login/LoginCommon: Test Cases/Login/LoginCommon

12-10-2024T20:06:35 - [TEST_STEP][PASSED] - driver = getWebDriver(): null

12-10-2024T20:06:35 - [TEST_STEP][PASSED] - sendKeys(findTestObject("Quản lý tài khoản merchant/Quản lý dịch vụ merchant/userNameTextbox"), userAccount): Keys 'dannt@9pay.vn' sent to object: 'Object Repository/Quản lý tài khoản merchant/Quản lý dịch vụ merchant/userNameTextbox'

12-10-2024T20:06:36 - [MESSAGE][PASSED] - Keys 'dannt@9pay.vn' sent to object: 'Object Repository/Quản lý tài khoản merchant/Quản lý dịch vụ merchant/userNameTextbox'

12-10-2024T20:06:36 - [TEST_STEP][PASSED] - sendKeys(findTestObject("Quản lý tài khoản merchant/Quản lý dịch vụ merchant/passwordTextbox"), password): Keys 'dannt@9pay.vn' sent to object: 'Object Repository/Quản lý tài khoản merchant/Quản lý dịch vụ merchant/passwordTextbox'

12-10-2024T20:06:38 - [MESSAGE][PASSED] - Keys 'dannt@9pay.vn' sent to object: 'Object Repository/Quản lý tài khoản merchant/Quản lý dịch vụ merchant/passwordTextbox'

12-10-2024T20:06:38 - [TEST_STEP][PASSED] - click(findTestObject("Quản lý tài khoản merchant/Quản lý dịch vụ merchant/loginButton")): Object: 'Object Repository/Quản lý tài khoản merchant/Quản lý dịch vụ merchant/loginButton' is clicked on

12-10-2024T20:06:40 - [MESSAGE][PASSED] - Object: 'Object Repository/Quản lý tài khoản merchant/Quản lý dịch vụ merchant/loginButton' is clicked on

12-10-2024T20:06:40 - [MESSAGE][PASSED] - Call Test Case 'Test Cases/Login/LoginCommon' successfully

12-10-2024T20:06:40 - [TEST_STEP][PASSED] - waitForElementVisible(findTestObject("Trang chủ/userName"), 10, STOP_ON_FAILURE): Object 'Object Repository/Trang chủ/userName' is visible

12-10-2024T20:06:44 - [MESSAGE][PASSED] - Object 'Object Repository/Trang chủ/userName' is visible

12-10-2024T20:06:44 - [TEST_STEP][PASSED] - driver = getWebDriver(): null

12-10-2024T20:06:44 - [TEST_STEP][PASSED] - wait = new org.openqa.selenium.support.ui.WebDriverWait(com.kms.katalon.core.webui.driver.DriverFactory.getWebDriver(), 20): null

12-10-2024T20:06:44 - [TEST_STEP][PASSED] - callTestCase(findTestCase("Test Cases/Quản lý tài khoản merchant/Quản lý danh sách tài khoản/CustomFunctions"), [:], STOP_ON_FAILURE): Call Test Case 'Test Cases/Quản lý tài khoản merchant/Quản lý danh sách tài khoản/CustomFunctions' successfully

12-10-2024T20:06:44 - [TEST_CASE][PASSED] - Test Cases/Quản lý tài khoản merchant/Quản lý danh sách tài khoản/CustomFunctions: Test Cases/Quản lý tài khoản merchant/Quản lý danh sách tài khoản/CustomFunctions

12-10-2024T20:06:44 - [TEST_STEP][PASSED] - driver = getWebDriver(): null

12-10-2024T20:06:44 - [TEST_STEP][PASSED] - sleep(2000): null

12-10-2024T20:06:46 - [TEST_STEP][PASSED] - element1 = driver.findElement(By.xpath(xpathManagerMC)): null

12-10-2024T20:06:48 - [TEST_STEP][PASSED] - actions = new org.openqa.selenium.interactions.Actions(driver): null

12-10-2024T20:06:48 - [TEST_STEP][PASSED] - click().perform(): null

12-10-2024T20:06:54 - [TEST_STEP][PASSED] - wait = new org.openqa.selenium.support.ui.WebDriverWait(com.kms.katalon.core.webui.driver.DriverFactory.getWebDriver(), 15): null

12-10-2024T20:06:54 - [TEST_STEP][PASSED] - element2 = wait.until(ExpectedConditions.elementToBeClickable(By.xpath(xpathManagerServiceMC))): null

12-10-2024T20:06:55 - [TEST_STEP][PASSED] - click().perform(): null

12-10-2024T20:07:01 - [MESSAGE][PASSED] - Call Test Case 'Test Cases/Quản lý tài khoản merchant/Quản lý danh sách tài khoản/CustomFunctions' successfully

12-10-2024T20:07:01 - [TEST_STEP][PASSED] - elements = driver.findElements(By.xpath("//tbody//td[@class='text-center'][2]")): null

12-10-2024T20:07:05 - [TEST_STEP][PASSED] - random = new java.util.Random(): null

12-10-2024T20:07:05 - [TEST_STEP][PASSED] - randomElement = elements.get(random.nextInt(elements.size())): null

12-10-2024T20:07:05 - [TEST_STEP][PASSED] - element1 = randomElement.getText(): null

12-10-2024T20:07:05 - [TEST_STEP][PASSED] - println("tên merchant: " + element1): null

12-10-2024T20:07:05 - [TEST_STEP][PASSED] - xpath("//input[@placeholder='Nhập tên tài khoản']")).sendKeys(element1): null

12-10-2024T20:07:08 - [TEST_STEP][PASSED] - xpath("//button[contains(text(),'Tìm kiếm')]")).click(): null

12-10-2024T20:07:09 - [TEST_STEP][PASSED] - xpath("//a[contains(text(),'Quản lý phí dịch vụ merchant')]")).click(): null

12-10-2024T20:07:11 - [TEST_STEP][PASSED] - xpath("//span[@class='filter-option pull-left']")).click(): null

12-10-2024T20:07:15 - [TEST_STEP][PASSED] - xpath("//input[@class='form-control']")).sendKeys(element1): null

12-10-2024T20:07:18 - [TEST_STEP][ERROR] - xpath("//ul[@role='menu']//li[@class='active']//a")).click(): Test Cases/Quản lý tài khoản merchant/Quản lý dịch vụ merchant/TC_19_Kiểm tra tài khoản đã active dịch vụ chi FAILED.
Reason:
org.openqa.selenium.ElementNotInteractableException: element not interactable
  (Session info: chrome=129.0.6668.91)
Build info: version: '3.141.59', revision: 'unknown', time: 'unknown'
System info: host: 'Aidan', ip: '2405:4803:fd90:9ef0:35c5:6ea1:b1e8:64e8%en0', os.name: 'Mac OS X', os.arch: 'aarch64', os.version: '15.0.1', java.version: '17.0.7'
Driver info: com.kms.katalon.selenium.driver.CChromeDriver
Capabilities {acceptInsecureCerts: false, browserName: chrome, browserVersion: 129.0.6668.91, chrome: {chromedriverVersion: 128.0.6613.84 (606aa55c7d68..., userDataDir: /var/folders/t5/b7k67ybj7gz...}, fedcm:accounts: true, goog:chromeOptions: {debuggerAddress: localhost:63671}, javascriptEnabled: true, networkConnectionEnabled: false, pageLoadStrategy: normal, platform: MAC, platformName: MAC, proxy: Proxy(), setWindowRect: true, strictFileInteractability: false, timeouts: {implicit: 0, pageLoad: 300000, script: 30000}, unhandledPromptBehavior: dismiss and notify, webauthn:extension:credBlob: true, webauthn:extension:largeBlob: true, webauthn:extension:minPinLength: true, webauthn:extension:prf: true, webauthn:virtualAuthenticators: true}
Session ID: 960dd6967b82a9fa82569c8d5e5ba09f
	at java.base/jdk.internal.reflect.NativeConstructorAccessorImpl.newInstance0(Native Method)
	at java.base/jdk.internal.reflect.NativeConstructorAccessorImpl.newInstance(NativeConstructorAccessorImpl.java:77)
	at java.base/jdk.internal.reflect.DelegatingConstructorAccessorImpl.newInstance(DelegatingConstructorAccessorImpl.java:45)
	at org.openqa.selenium.remote.http.W3CHttpResponseCodec.createException(W3CHttpResponseCodec.java:187)
	at org.openqa.selenium.remote.http.W3CHttpResponseCodec.decode(W3CHttpResponseCodec.java:122)
	at org.openqa.selenium.remote.http.W3CHttpResponseCodec.decode(W3CHttpResponseCodec.java:49)
	at org.openqa.selenium.remote.HttpCommandExecutor.execute(HttpCommandExecutor.java:158)
	at org.openqa.selenium.remote.service.DriverCommandExecutor.execute(DriverCommandExecutor.java:83)
	at org.openqa.selenium.remote.RemoteWebDriver.execute(RemoteWebDriver.java:552)
	at com.kms.katalon.selenium.driver.CChromeDriver.execute(CChromeDriver.java:19)
	at org.openqa.selenium.remote.RemoteWebElement.execute(RemoteWebElement.java:285)
	at org.openqa.selenium.remote.RemoteWebElement.click(RemoteWebElement.java:84)
	at jdk.internal.reflect.GeneratedMethodAccessor18.invoke(Unknown Source)
	at java.base/jdk.internal.reflect.DelegatingMethodAccessorImpl.invoke(DelegatingMethodAccessorImpl.java:43)
	at org.openqa.selenium.support.events.EventFiringWebDriver$EventFiringWebElement.lambda$new$0(EventFiringWebDriver.java:404)
	at jdk.proxy2/jdk.proxy2.$Proxy23.click(Unknown Source)
	at org.openqa.selenium.support.events.EventFiringWebDriver$EventFiringWebElement.click(EventFiringWebDriver.java:417)
	at TC_19_Kiểm tra tài khoản đã active dịch vụ chi.run(TC_19_Kiểm tra tài khoản đã active dịch vụ chi:34)
	at com.kms.katalon.core.main.ScriptEngine.run(ScriptEngine.java:194)
	at com.kms.katalon.core.main.ScriptEngine.runScriptAsRawText(ScriptEngine.java:119)
	at com.kms.katalon.core.main.TestCaseExecutor.runScript(TestCaseExecutor.java:448)
	at com.kms.katalon.core.main.TestCaseExecutor.doExecute(TestCaseExecutor.java:439)
	at com.kms.katalon.core.main.TestCaseExecutor.processExecutionPhase(TestCaseExecutor.java:418)
	at com.kms.katalon.core.main.TestCaseExecutor.accessMainPhase(TestCaseExecutor.java:410)
	at com.kms.katalon.core.main.TestCaseExecutor.execute(TestCaseExecutor.java:285)
	at com.kms.katalon.core.common.CommonExecutor.accessTestCaseMainPhase(CommonExecutor.java:65)
	at com.kms.katalon.core.main.TestSuiteExecutor.accessTestSuiteMainPhase(TestSuiteExecutor.java:150)
	at com.kms.katalon.core.main.TestSuiteExecutor.execute(TestSuiteExecutor.java:106)
	at com.kms.katalon.core.main.TestCaseMain.startTestSuite(TestCaseMain.java:180)
	at TempTestSuite1728738085357.run(TempTestSuite1728738085357.groovy:35)
	at java.base/jdk.internal.reflect.NativeMethodAccessorImpl.invoke0(Native Method)
	at java.base/jdk.internal.reflect.NativeMethodAccessorImpl.invoke(NativeMethodAccessorImpl.java:77)
	at java.base/jdk.internal.reflect.DelegatingMethodAccessorImpl.invoke(DelegatingMethodAccessorImpl.java:43)


12-10-2024T20:07:19 - [MESSAGE][ERROR] - Test Cases/Quản lý tài khoản merchant/Quản lý dịch vụ merchant/TC_19_Kiểm tra tài khoản đã active dịch vụ chi FAILED.
Reason:
org.openqa.selenium.ElementNotInteractableException: element not interactable
  (Session info: chrome=129.0.6668.91)
Build info: version: '3.141.59', revision: 'unknown', time: 'unknown'
System info: host: 'Aidan', ip: '2405:4803:fd90:9ef0:35c5:6ea1:b1e8:64e8%en0', os.name: 'Mac OS X', os.arch: 'aarch64', os.version: '15.0.1', java.version: '17.0.7'
Driver info: com.kms.katalon.selenium.driver.CChromeDriver
Capabilities {acceptInsecureCerts: false, browserName: chrome, browserVersion: 129.0.6668.91, chrome: {chromedriverVersion: 128.0.6613.84 (606aa55c7d68..., userDataDir: /var/folders/t5/b7k67ybj7gz...}, fedcm:accounts: true, goog:chromeOptions: {debuggerAddress: localhost:63671}, javascriptEnabled: true, networkConnectionEnabled: false, pageLoadStrategy: normal, platform: MAC, platformName: MAC, proxy: Proxy(), setWindowRect: true, strictFileInteractability: false, timeouts: {implicit: 0, pageLoad: 300000, script: 30000}, unhandledPromptBehavior: dismiss and notify, webauthn:extension:credBlob: true, webauthn:extension:largeBlob: true, webauthn:extension:minPinLength: true, webauthn:extension:prf: true, webauthn:virtualAuthenticators: true}
Session ID: 960dd6967b82a9fa82569c8d5e5ba09f
	at java.base/jdk.internal.reflect.NativeConstructorAccessorImpl.newInstance0(Native Method)
	at java.base/jdk.internal.reflect.NativeConstructorAccessorImpl.newInstance(NativeConstructorAccessorImpl.java:77)
	at java.base/jdk.internal.reflect.DelegatingConstructorAccessorImpl.newInstance(DelegatingConstructorAccessorImpl.java:45)
	at org.openqa.selenium.remote.http.W3CHttpResponseCodec.createException(W3CHttpResponseCodec.java:187)
	at org.openqa.selenium.remote.http.W3CHttpResponseCodec.decode(W3CHttpResponseCodec.java:122)
	at org.openqa.selenium.remote.http.W3CHttpResponseCodec.decode(W3CHttpResponseCodec.java:49)
	at org.openqa.selenium.remote.HttpCommandExecutor.execute(HttpCommandExecutor.java:158)
	at org.openqa.selenium.remote.service.DriverCommandExecutor.execute(DriverCommandExecutor.java:83)
	at org.openqa.selenium.remote.RemoteWebDriver.execute(RemoteWebDriver.java:552)
	at com.kms.katalon.selenium.driver.CChromeDriver.execute(CChromeDriver.java:19)
	at org.openqa.selenium.remote.RemoteWebElement.execute(RemoteWebElement.java:285)
	at org.openqa.selenium.remote.RemoteWebElement.click(RemoteWebElement.java:84)
	at jdk.internal.reflect.GeneratedMethodAccessor18.invoke(Unknown Source)
	at java.base/jdk.internal.reflect.DelegatingMethodAccessorImpl.invoke(DelegatingMethodAccessorImpl.java:43)
	at org.openqa.selenium.support.events.EventFiringWebDriver$EventFiringWebElement.lambda$new$0(EventFiringWebDriver.java:404)
	at jdk.proxy2/jdk.proxy2.$Proxy23.click(Unknown Source)
	at org.openqa.selenium.support.events.EventFiringWebDriver$EventFiringWebElement.click(EventFiringWebDriver.java:417)
	at TC_19_Kiểm tra tài khoản đã active dịch vụ chi.run(TC_19_Kiểm tra tài khoản đã active dịch vụ chi:34)
	at com.kms.katalon.core.main.ScriptEngine.run(ScriptEngine.java:194)
	at com.kms.katalon.core.main.ScriptEngine.runScriptAsRawText(ScriptEngine.java:119)
	at com.kms.katalon.core.main.TestCaseExecutor.runScript(TestCaseExecutor.java:448)
	at com.kms.katalon.core.main.TestCaseExecutor.doExecute(TestCaseExecutor.java:439)
	at com.kms.katalon.core.main.TestCaseExecutor.processExecutionPhase(TestCaseExecutor.java:418)
	at com.kms.katalon.core.main.TestCaseExecutor.accessMainPhase(TestCaseExecutor.java:410)
	at com.kms.katalon.core.main.TestCaseExecutor.execute(TestCaseExecutor.java:285)
	at com.kms.katalon.core.common.CommonExecutor.accessTestCaseMainPhase(CommonExecutor.java:65)
	at com.kms.katalon.core.main.TestSuiteExecutor.accessTestSuiteMainPhase(TestSuiteExecutor.java:150)
	at com.kms.katalon.core.main.TestSuiteExecutor.execute(TestSuiteExecutor.java:106)
	at com.kms.katalon.core.main.TestCaseMain.startTestSuite(TestCaseMain.java:180)
	at TempTestSuite1728738085357.run(TempTestSuite1728738085357.groovy:35)
	at java.base/jdk.internal.reflect.NativeMethodAccessorImpl.invoke0(Native Method)
	at java.base/jdk.internal.reflect.NativeMethodAccessorImpl.invoke(NativeMethodAccessorImpl.java:77)
	at java.base/jdk.internal.reflect.DelegatingMethodAccessorImpl.invoke(DelegatingMethodAccessorImpl.java:43)


12-10-2024T20:07:19 - [TEST_STEP][PASSED] - Start listener action : sampleAfterTestCase: null

12-10-2024T20:07:19 - [TEST_STEP][PASSED] - testCaseId = testCaseContext.getTestCaseId(): null

12-10-2024T20:07:19 - [TEST_STEP][PASSED] - if (testCaseId == "Test Cases/Quản lý tài khoản merchant/Quản lý dịch vụ merchant/Kiểm tra chức năng xác nhận cấu hình thay đổi VA"): null]]></system-out>
         <system-err><![CDATA[12-10-2024T20:06:32 - [TEST_CASE][ERROR] - Test Cases/Quản lý tài khoản merchant/Quản lý dịch vụ merchant/TC_19_Kiểm tra tài khoản đã active dịch vụ chi: Test Cases/Quản lý tài khoản merchant/Quản lý dịch vụ merchant/TC_19_Kiểm tra tài khoản đã active dịch vụ chi FAILED.
Reason:
org.openqa.selenium.ElementNotInteractableException: element not interactable
  (Session info: chrome=129.0.6668.91)
Build info: version: '3.141.59', revision: 'unknown', time: 'unknown'
System info: host: 'Aidan', ip: '2405:4803:fd90:9ef0:35c5:6ea1:b1e8:64e8%en0', os.name: 'Mac OS X', os.arch: 'aarch64', os.version: '15.0.1', java.version: '17.0.7'
Driver info: com.kms.katalon.selenium.driver.CChromeDriver
Capabilities {acceptInsecureCerts: false, browserName: chrome, browserVersion: 129.0.6668.91, chrome: {chromedriverVersion: 128.0.6613.84 (606aa55c7d68..., userDataDir: /var/folders/t5/b7k67ybj7gz...}, fedcm:accounts: true, goog:chromeOptions: {debuggerAddress: localhost:63671}, javascriptEnabled: true, networkConnectionEnabled: false, pageLoadStrategy: normal, platform: MAC, platformName: MAC, proxy: Proxy(), setWindowRect: true, strictFileInteractability: false, timeouts: {implicit: 0, pageLoad: 300000, script: 30000}, unhandledPromptBehavior: dismiss and notify, webauthn:extension:credBlob: true, webauthn:extension:largeBlob: true, webauthn:extension:minPinLength: true, webauthn:extension:prf: true, webauthn:virtualAuthenticators: true}
Session ID: 960dd6967b82a9fa82569c8d5e5ba09f
	at java.base/jdk.internal.reflect.NativeConstructorAccessorImpl.newInstance0(Native Method)
	at java.base/jdk.internal.reflect.NativeConstructorAccessorImpl.newInstance(NativeConstructorAccessorImpl.java:77)
	at java.base/jdk.internal.reflect.DelegatingConstructorAccessorImpl.newInstance(DelegatingConstructorAccessorImpl.java:45)
	at org.openqa.selenium.remote.http.W3CHttpResponseCodec.createException(W3CHttpResponseCodec.java:187)
	at org.openqa.selenium.remote.http.W3CHttpResponseCodec.decode(W3CHttpResponseCodec.java:122)
	at org.openqa.selenium.remote.http.W3CHttpResponseCodec.decode(W3CHttpResponseCodec.java:49)
	at org.openqa.selenium.remote.HttpCommandExecutor.execute(HttpCommandExecutor.java:158)
	at org.openqa.selenium.remote.service.DriverCommandExecutor.execute(DriverCommandExecutor.java:83)
	at org.openqa.selenium.remote.RemoteWebDriver.execute(RemoteWebDriver.java:552)
	at com.kms.katalon.selenium.driver.CChromeDriver.execute(CChromeDriver.java:19)
	at org.openqa.selenium.remote.RemoteWebElement.execute(RemoteWebElement.java:285)
	at org.openqa.selenium.remote.RemoteWebElement.click(RemoteWebElement.java:84)
	at jdk.internal.reflect.GeneratedMethodAccessor18.invoke(Unknown Source)
	at java.base/jdk.internal.reflect.DelegatingMethodAccessorImpl.invoke(DelegatingMethodAccessorImpl.java:43)
	at org.openqa.selenium.support.events.EventFiringWebDriver$EventFiringWebElement.lambda$new$0(EventFiringWebDriver.java:404)
	at jdk.proxy2/jdk.proxy2.$Proxy23.click(Unknown Source)
	at org.openqa.selenium.support.events.EventFiringWebDriver$EventFiringWebElement.click(EventFiringWebDriver.java:417)
	at TC_19_Kiểm tra tài khoản đã active dịch vụ chi.run(TC_19_Kiểm tra tài khoản đã active dịch vụ chi:34)
	at com.kms.katalon.core.main.ScriptEngine.run(ScriptEngine.java:194)
	at com.kms.katalon.core.main.ScriptEngine.runScriptAsRawText(ScriptEngine.java:119)
	at com.kms.katalon.core.main.TestCaseExecutor.runScript(TestCaseExecutor.java:448)
	at com.kms.katalon.core.main.TestCaseExecutor.doExecute(TestCaseExecutor.java:439)
	at com.kms.katalon.core.main.TestCaseExecutor.processExecutionPhase(TestCaseExecutor.java:418)
	at com.kms.katalon.core.main.TestCaseExecutor.accessMainPhase(TestCaseExecutor.java:410)
	at com.kms.katalon.core.main.TestCaseExecutor.execute(TestCaseExecutor.java:285)
	at com.kms.katalon.core.common.CommonExecutor.accessTestCaseMainPhase(CommonExecutor.java:65)
	at com.kms.katalon.core.main.TestSuiteExecutor.accessTestSuiteMainPhase(TestSuiteExecutor.java:150)
	at com.kms.katalon.core.main.TestSuiteExecutor.execute(TestSuiteExecutor.java:106)
	at com.kms.katalon.core.main.TestCaseMain.startTestSuite(TestCaseMain.java:180)
	at TempTestSuite1728738085357.run(TempTestSuite1728738085357.groovy:35)
	at java.base/jdk.internal.reflect.NativeMethodAccessorImpl.invoke0(Native Method)
	at java.base/jdk.internal.reflect.NativeMethodAccessorImpl.invoke(NativeMethodAccessorImpl.java:77)
	at java.base/jdk.internal.reflect.DelegatingMethodAccessorImpl.invoke(DelegatingMethodAccessorImpl.java:43)]]></system-err>
      </testcase>
      <testcase name="Test Cases/Quản lý tài khoản merchant/Quản lý dịch vụ merchant/TC_20_Kiểm tra tài khoản đã active dịch vụ thu hộ IB" time="14.895" classname="Test Cases/Quản lý tài khoản merchant/Quản lý dịch vụ merchant/TC_20_Kiểm tra tài khoản đã active dịch vụ thu hộ IB" status="PASSED">
         <system-out><![CDATA[12-10-2024T20:07:19 - [TEST_CASE][PASSED] - Test Cases/Quản lý tài khoản merchant/Quản lý dịch vụ merchant/TC_20_Kiểm tra tài khoản đã active dịch vụ thu hộ IB: Test Cases/Quản lý tài khoản merchant/Quản lý dịch vụ merchant/TC_20_Kiểm tra tài khoản đã active dịch vụ thu hộ IB

12-10-2024T20:07:19 - [TEST_STEP][PASSED] - Start listener action : sampleBeforeTestCase: Navigate to 'https://stg-cms-console.9pay.mobi/login' successfully

12-10-2024T20:07:19 - [TEST_STEP][PASSED] - testCaseId = testCaseContext.getTestCaseId(): null

12-10-2024T20:07:19 - [TEST_STEP][PASSED] - url = <not implemented yet for class: org.codehaus.groovy.ast.expr.EmptyExpression>: null

12-10-2024T20:07:19 - [TEST_STEP][PASSED] - if (testCaseId == "Test Cases/Quản lý tài khoản merchant/Quản lý dịch vụ merchant/Kiểm tra thay đổi sau khi cấu hình VA trên MCV"): null

12-10-2024T20:07:19 - [TEST_STEP][PASSED] - else: null

12-10-2024T20:07:19 - [TEST_STEP][PASSED] - url = "https://stg-cms-console.9pay.mobi/login": null

12-10-2024T20:07:19 - [TEST_STEP][PASSED] - openBrowser(""): Browser is opened with url: ''

12-10-2024T20:07:19 - [MESSAGE][WARNING] - A browser is already opened. Closing browser and opening a new one

12-10-2024T20:07:20 - [MESSAGE][INFO] - Starting 'Chrome' driver

12-10-2024T20:07:20 - [MESSAGE][INFO] - Action delay is set to 0 milliseconds

12-10-2024T20:07:20 - [MESSAGE][PASSED] - Browser is opened with url: ''

12-10-2024T20:07:20 - [TEST_STEP][PASSED] - maximizeWindow(): Current window maximized

12-10-2024T20:07:20 - [MESSAGE][PASSED] - Current window maximized

12-10-2024T20:07:20 - [TEST_STEP][PASSED] - navigateToUrl(url): Navigate to 'https://stg-cms-console.9pay.mobi/login' successfully

12-10-2024T20:07:22 - [MESSAGE][PASSED] - Navigate to 'https://stg-cms-console.9pay.mobi/login' successfully

12-10-2024T20:07:22 - [TEST_STEP][PASSED] - callTestCase(findTestCase("Test Cases/Login/LoginCommon"), [:], STOP_ON_FAILURE): Call Test Case 'Test Cases/Login/LoginCommon' successfully

12-10-2024T20:07:22 - [TEST_CASE][PASSED] - Test Cases/Login/LoginCommon: Test Cases/Login/LoginCommon

12-10-2024T20:07:22 - [TEST_STEP][PASSED] - driver = getWebDriver(): null

12-10-2024T20:07:22 - [TEST_STEP][PASSED] - sendKeys(findTestObject("Quản lý tài khoản merchant/Quản lý dịch vụ merchant/userNameTextbox"), userAccount): Keys 'dannt@9pay.vn' sent to object: 'Object Repository/Quản lý tài khoản merchant/Quản lý dịch vụ merchant/userNameTextbox'

12-10-2024T20:07:23 - [MESSAGE][PASSED] - Keys 'dannt@9pay.vn' sent to object: 'Object Repository/Quản lý tài khoản merchant/Quản lý dịch vụ merchant/userNameTextbox'

12-10-2024T20:07:23 - [TEST_STEP][PASSED] - sendKeys(findTestObject("Quản lý tài khoản merchant/Quản lý dịch vụ merchant/passwordTextbox"), password): Keys 'dannt@9pay.vn' sent to object: 'Object Repository/Quản lý tài khoản merchant/Quản lý dịch vụ merchant/passwordTextbox'

12-10-2024T20:07:23 - [MESSAGE][PASSED] - Keys 'dannt@9pay.vn' sent to object: 'Object Repository/Quản lý tài khoản merchant/Quản lý dịch vụ merchant/passwordTextbox'

12-10-2024T20:07:23 - [TEST_STEP][PASSED] - click(findTestObject("Quản lý tài khoản merchant/Quản lý dịch vụ merchant/loginButton")): Object: 'Object Repository/Quản lý tài khoản merchant/Quản lý dịch vụ merchant/loginButton' is clicked on

12-10-2024T20:07:23 - [MESSAGE][PASSED] - Object: 'Object Repository/Quản lý tài khoản merchant/Quản lý dịch vụ merchant/loginButton' is clicked on

12-10-2024T20:07:23 - [MESSAGE][PASSED] - Call Test Case 'Test Cases/Login/LoginCommon' successfully

12-10-2024T20:07:23 - [TEST_STEP][PASSED] - waitForElementVisible(findTestObject("Trang chủ/userName"), 10, STOP_ON_FAILURE): Object 'Object Repository/Trang chủ/userName' is visible

12-10-2024T20:07:29 - [MESSAGE][PASSED] - Object 'Object Repository/Trang chủ/userName' is visible

12-10-2024T20:07:29 - [TEST_STEP][PASSED] - driver = getWebDriver(): null

12-10-2024T20:07:29 - [TEST_STEP][PASSED] - wait = new org.openqa.selenium.support.ui.WebDriverWait(com.kms.katalon.core.webui.driver.DriverFactory.getWebDriver(), 20): null

12-10-2024T20:07:29 - [TEST_STEP][PASSED] - callTestCase(findTestCase("Test Cases/Quản lý tài khoản merchant/Quản lý danh sách tài khoản/CustomFunctions"), [:], STOP_ON_FAILURE): Call Test Case 'Test Cases/Quản lý tài khoản merchant/Quản lý danh sách tài khoản/CustomFunctions' successfully

12-10-2024T20:07:29 - [TEST_CASE][PASSED] - Test Cases/Quản lý tài khoản merchant/Quản lý danh sách tài khoản/CustomFunctions: Test Cases/Quản lý tài khoản merchant/Quản lý danh sách tài khoản/CustomFunctions

12-10-2024T20:07:29 - [TEST_STEP][PASSED] - driver = getWebDriver(): null

12-10-2024T20:07:29 - [TEST_STEP][PASSED] - sleep(2000): null

12-10-2024T20:07:31 - [TEST_STEP][PASSED] - element1 = driver.findElement(By.xpath(xpathManagerMC)): null

12-10-2024T20:07:32 - [TEST_STEP][PASSED] - actions = new org.openqa.selenium.interactions.Actions(driver): null

12-10-2024T20:07:32 - [TEST_STEP][PASSED] - click().perform(): null

12-10-2024T20:07:32 - [TEST_STEP][PASSED] - wait = new org.openqa.selenium.support.ui.WebDriverWait(com.kms.katalon.core.webui.driver.DriverFactory.getWebDriver(), 15): null

12-10-2024T20:07:32 - [TEST_STEP][PASSED] - element2 = wait.until(ExpectedConditions.elementToBeClickable(By.xpath(xpathManagerServiceMC))): null

12-10-2024T20:07:32 - [TEST_STEP][PASSED] - click().perform(): null

12-10-2024T20:07:32 - [MESSAGE][PASSED] - Call Test Case 'Test Cases/Quản lý tài khoản merchant/Quản lý danh sách tài khoản/CustomFunctions' successfully

12-10-2024T20:07:32 - [TEST_STEP][PASSED] - elements = driver.findElements(By.xpath("//label[contains(.,'Nhà cung cấp EPAY')]")): null

12-10-2024T20:07:34 - [TEST_STEP][PASSED] - random = new java.util.Random(): null

12-10-2024T20:07:34 - [TEST_STEP][PASSED] - randomElement = elements.get(random.nextInt(elements.size())): null

12-10-2024T20:07:34 - [TEST_STEP][PASSED] - randomElement.click(): null

12-10-2024T20:07:34 - [TEST_STEP][PASSED] - Assert.assertEquals(xpath("//h4[contains(text(),'Xác nhận thay đổi nhà cung cấp chi hộ mặc định')]")).getText(), "Xác nhận thay đổi nhà cung cấp chi hộ mặc định"): null

12-10-2024T20:07:34 - [TEST_STEP][PASSED] - Start listener action : sampleAfterTestCase: null

12-10-2024T20:07:34 - [TEST_STEP][PASSED] - testCaseId = testCaseContext.getTestCaseId(): null

12-10-2024T20:07:34 - [TEST_STEP][PASSED] - if (testCaseId == "Test Cases/Quản lý tài khoản merchant/Quản lý dịch vụ merchant/Kiểm tra chức năng xác nhận cấu hình thay đổi VA"): null]]></system-out>
         <system-err><![CDATA[]]></system-err>
      </testcase>
      <system-out><![CDATA[12-10-2024T20:01:31 - [TEST_SUITE][FAILED] - Quản lý dịch vụ merchant: Test Cases/Quản lý tài khoản merchant/Quản lý dịch vụ merchant/TC_09_Kiểm tra chức năng search khi chọn dịch vụ là thu hộ Va và active FAILED.
Reason:
com.kms.katalon.core.exception.StepFailedException: Test case đã fail với số lượng icon không đúng.
	at com.kms.katalon.core.util.KeywordUtil.markFailed(KeywordUtil.java:19)
	at TC_09_Kiểm tra chức năng search khi chọn dịch vụ là thu hộ Va và active.run(TC_09_Kiểm tra chức năng search khi chọn dịch vụ là thu hộ Va và active:65)
	at com.kms.katalon.core.main.ScriptEngine.run(ScriptEngine.java:194)
	at com.kms.katalon.core.main.ScriptEngine.runScriptAsRawText(ScriptEngine.java:119)
	at com.kms.katalon.core.main.TestCaseExecutor.runScript(TestCaseExecutor.java:448)
	at com.kms.katalon.core.main.TestCaseExecutor.doExecute(TestCaseExecutor.java:439)
	at com.kms.katalon.core.main.TestCaseExecutor.processExecutionPhase(TestCaseExecutor.java:418)
	at com.kms.katalon.core.main.TestCaseExecutor.accessMainPhase(TestCaseExecutor.java:410)
	at com.kms.katalon.core.main.TestCaseExecutor.execute(TestCaseExecutor.java:285)
	at com.kms.katalon.core.common.CommonExecutor.accessTestCaseMainPhase(CommonExecutor.java:65)
	at com.kms.katalon.core.main.TestSuiteExecutor.accessTestSuiteMainPhase(TestSuiteExecutor.java:150)
	at com.kms.katalon.core.main.TestSuiteExecutor.execute(TestSuiteExecutor.java:106)
	at com.kms.katalon.core.main.TestCaseMain.startTestSuite(TestCaseMain.java:180)
	at TempTestSuite1728738085357.run(TempTestSuite1728738085357.groovy:35)
	at java.base/jdk.internal.reflect.NativeMethodAccessorImpl.invoke0(Native Method)
	at java.base/jdk.internal.reflect.NativeMethodAccessorImpl.invoke(NativeMethodAccessorImpl.java:77)
	at java.base/jdk.internal.reflect.DelegatingMethodAccessorImpl.invoke(DelegatingMethodAccessorImpl.java:43)]]></system-out>
      <system-err><![CDATA[12-10-2024T20:01:31 - [TEST_SUITE][FAILED] - Quản lý dịch vụ merchant: Test Cases/Quản lý tài khoản merchant/Quản lý dịch vụ merchant/TC_09_Kiểm tra chức năng search khi chọn dịch vụ là thu hộ Va và active FAILED.
Reason:
com.kms.katalon.core.exception.StepFailedException: Test case đã fail với số lượng icon không đúng.
	at com.kms.katalon.core.util.KeywordUtil.markFailed(KeywordUtil.java:19)
	at TC_09_Kiểm tra chức năng search khi chọn dịch vụ là thu hộ Va và active.run(TC_09_Kiểm tra chức năng search khi chọn dịch vụ là thu hộ Va và active:65)
	at com.kms.katalon.core.main.ScriptEngine.run(ScriptEngine.java:194)
	at com.kms.katalon.core.main.ScriptEngine.runScriptAsRawText(ScriptEngine.java:119)
	at com.kms.katalon.core.main.TestCaseExecutor.runScript(TestCaseExecutor.java:448)
	at com.kms.katalon.core.main.TestCaseExecutor.doExecute(TestCaseExecutor.java:439)
	at com.kms.katalon.core.main.TestCaseExecutor.processExecutionPhase(TestCaseExecutor.java:418)
	at com.kms.katalon.core.main.TestCaseExecutor.accessMainPhase(TestCaseExecutor.java:410)
	at com.kms.katalon.core.main.TestCaseExecutor.execute(TestCaseExecutor.java:285)
	at com.kms.katalon.core.common.CommonExecutor.accessTestCaseMainPhase(CommonExecutor.java:65)
	at com.kms.katalon.core.main.TestSuiteExecutor.accessTestSuiteMainPhase(TestSuiteExecutor.java:150)
	at com.kms.katalon.core.main.TestSuiteExecutor.execute(TestSuiteExecutor.java:106)
	at com.kms.katalon.core.main.TestCaseMain.startTestSuite(TestCaseMain.java:180)
	at TempTestSuite1728738085357.run(TempTestSuite1728738085357.groovy:35)
	at java.base/jdk.internal.reflect.NativeMethodAccessorImpl.invoke0(Native Method)
	at java.base/jdk.internal.reflect.NativeMethodAccessorImpl.invoke(NativeMethodAccessorImpl.java:77)
	at java.base/jdk.internal.reflect.DelegatingMethodAccessorImpl.invoke(DelegatingMethodAccessorImpl.java:43)]]></system-err>
   </testsuite>
</testsuites>
