<?xml version="1.0" encoding="UTF-8"?>
<testsuites name="Quản lý dịch vụ merchant" time="418.464" tests="20" failures="0" errors="1">
   <testsuite name="Quản lý dịch vụ merchant" tests="20" failures="0" errors="1" time="418.464" skipped="0" timestamp="12-10-2024T21:32:09" hostname="mac - 192.168.1.10" id="Test Suites/Quản lý tài khoản merchant/Quản lý dịch vụ merchant">
      <properties>
         <property name="deviceName" value=""/>
         <property name="devicePlatform"/>
         <property name="logFolder" value="/Users/mac/Documents/test/Cms9Pay/Reports/20241012_213202/Qu\u1EA3n l\u00FD t\u00E0i kho\u1EA3n merchant/Qu\u1EA3n l\u00FD d\u1ECBch v\u1EE5 merchant/20241012_213203"/>
         <property name="logFiles" value="/Users/mac/Documents/test/Cms9Pay/Reports/20241012_213202/Qu\u1EA3n l\u00FD t\u00E0i kho\u1EA3n merchant/Qu\u1EA3n l\u00FD d\u1ECBch v\u1EE5 merchant/20241012_213203/execution0.log"/>
         <property name="attachments" value=""/>
         <property name="hostName" value="mac - 192.168.1.10"/>
         <property name="os" value="Mac OS X 64bit"/>
         <property name="katalonVersion" value="9.7.2.223"/>
         <property name="browser" value="Chrome 129.0.0.0"/>
         <property name="hostAddress" value="192.168.1.10"/>
         <property name="sessionId" value="94a5625a398c12b25c292dbcdf898820"/>
         <property name="seleniumVersion" value="3.141.59"/>
         <property name="proxyInformation" value="ProxyInformation { proxyOption=NO_PROXY, proxyServerType=HTTP, username=, password=********, proxyServerAddress=, proxyServerPort=0, executionList=&quot;&quot;, isApplyToDesiredCapabilities=true }"/>
         <property name="platform" value="Mac OS X"/>
      </properties>
      <testcase name="Test Cases/Quản lý tài khoản merchant/Quản lý dịch vụ merchant/TC_01_Kiểm tra chức năng search" time="13.849" classname="Test Cases/Quản lý tài khoản merchant/Quản lý dịch vụ merchant/TC_01_Kiểm tra chức năng search" status="PASSED">
         <system-out><![CDATA[12-10-2024T21:32:09 - [TEST_CASE][PASSED] - Test Cases/Quản lý tài khoản merchant/Quản lý dịch vụ merchant/TC_01_Kiểm tra chức năng search: Test Cases/Quản lý tài khoản merchant/Quản lý dịch vụ merchant/TC_01_Kiểm tra chức năng search

12-10-2024T21:32:09 - [TEST_STEP][PASSED] - Start listener action : sampleBeforeTestCase: Navigate to 'https://stg-cms-console.9pay.mobi/login' successfully

12-10-2024T21:32:09 - [TEST_STEP][PASSED] - testCaseId = testCaseContext.getTestCaseId(): null

12-10-2024T21:32:09 - [TEST_STEP][PASSED] - url = <not implemented yet for class: org.codehaus.groovy.ast.expr.EmptyExpression>: null

12-10-2024T21:32:09 - [TEST_STEP][PASSED] - if (testCaseId == "Test Cases/Quản lý tài khoản merchant/Quản lý dịch vụ merchant/TC_14_Kiểm tra thay đổi sau khi cấu hình VA trên MCV"): null

12-10-2024T21:32:09 - [TEST_STEP][PASSED] - else: null

12-10-2024T21:32:09 - [TEST_STEP][PASSED] - url = "https://stg-cms-console.9pay.mobi/login": null

12-10-2024T21:32:09 - [TEST_STEP][PASSED] - openBrowser(""): Browser is opened with url: ''

12-10-2024T21:32:09 - [MESSAGE][INFO] - Starting 'Chrome' driver

12-10-2024T21:32:09 - [MESSAGE][INFO] - Action delay is set to 0 milliseconds

12-10-2024T21:32:10 - [MESSAGE][PASSED] - Browser is opened with url: ''

12-10-2024T21:32:10 - [TEST_STEP][PASSED] - maximizeWindow(): Current window maximized

12-10-2024T21:32:10 - [MESSAGE][PASSED] - Current window maximized

12-10-2024T21:32:10 - [TEST_STEP][PASSED] - navigateToUrl(url): Navigate to 'https://stg-cms-console.9pay.mobi/login' successfully

12-10-2024T21:32:13 - [MESSAGE][PASSED] - Navigate to 'https://stg-cms-console.9pay.mobi/login' successfully

12-10-2024T21:32:13 - [TEST_STEP][PASSED] - waitTime = Integer.parseInt(waitSecond): null

12-10-2024T21:32:13 - [TEST_STEP][PASSED] - callTestCase(findTestCase("Test Cases/Login/LoginCommon"), [:], STOP_ON_FAILURE): Call Test Case 'Test Cases/Login/LoginCommon' successfully

12-10-2024T21:32:13 - [TEST_CASE][PASSED] - Test Cases/Login/LoginCommon: Test Cases/Login/LoginCommon

12-10-2024T21:32:13 - [TEST_STEP][PASSED] - driver = getWebDriver(): null

12-10-2024T21:32:13 - [TEST_STEP][PASSED] - sendKeys(findTestObject("Quản lý tài khoản merchant/Quản lý dịch vụ merchant/userNameTextbox"), userAccount): Keys 'dannt@9pay.vn' sent to object: 'Object Repository/Quản lý tài khoản merchant/Quản lý dịch vụ merchant/userNameTextbox'

12-10-2024T21:32:13 - [MESSAGE][PASSED] - Keys 'dannt@9pay.vn' sent to object: 'Object Repository/Quản lý tài khoản merchant/Quản lý dịch vụ merchant/userNameTextbox'

12-10-2024T21:32:13 - [TEST_STEP][PASSED] - sendKeys(findTestObject("Quản lý tài khoản merchant/Quản lý dịch vụ merchant/passwordTextbox"), password): Keys 'dannt@9pay.vn' sent to object: 'Object Repository/Quản lý tài khoản merchant/Quản lý dịch vụ merchant/passwordTextbox'

12-10-2024T21:32:14 - [MESSAGE][PASSED] - Keys 'dannt@9pay.vn' sent to object: 'Object Repository/Quản lý tài khoản merchant/Quản lý dịch vụ merchant/passwordTextbox'

12-10-2024T21:32:14 - [TEST_STEP][PASSED] - click(findTestObject("Quản lý tài khoản merchant/Quản lý dịch vụ merchant/loginButton")): Object: 'Object Repository/Quản lý tài khoản merchant/Quản lý dịch vụ merchant/loginButton' is clicked on

12-10-2024T21:32:14 - [MESSAGE][PASSED] - Object: 'Object Repository/Quản lý tài khoản merchant/Quản lý dịch vụ merchant/loginButton' is clicked on

12-10-2024T21:32:14 - [MESSAGE][PASSED] - Call Test Case 'Test Cases/Login/LoginCommon' successfully

12-10-2024T21:32:14 - [TEST_STEP][PASSED] - waitForElementVisible(findTestObject("Trang chủ/userName"), waitTime, STOP_ON_FAILURE): Object 'Object Repository/Trang chủ/userName' is visible

12-10-2024T21:32:18 - [MESSAGE][PASSED] - Object 'Object Repository/Trang chủ/userName' is visible

12-10-2024T21:32:18 - [TEST_STEP][PASSED] - callTestCase(findTestCase("Test Cases/Quản lý tài khoản merchant/Quản lý danh sách tài khoản/CustomFunctions"), [:], STOP_ON_FAILURE): Call Test Case 'Test Cases/Quản lý tài khoản merchant/Quản lý danh sách tài khoản/CustomFunctions' successfully

12-10-2024T21:32:18 - [TEST_CASE][PASSED] - Test Cases/Quản lý tài khoản merchant/Quản lý danh sách tài khoản/CustomFunctions: Test Cases/Quản lý tài khoản merchant/Quản lý danh sách tài khoản/CustomFunctions

12-10-2024T21:32:18 - [TEST_STEP][PASSED] - driver = getWebDriver(): null

12-10-2024T21:32:18 - [TEST_STEP][PASSED] - sleep(2000): null

12-10-2024T21:32:20 - [TEST_STEP][PASSED] - element1 = driver.findElement(By.xpath(xpathManagerMC)): null

12-10-2024T21:32:20 - [TEST_STEP][PASSED] - actions = new org.openqa.selenium.interactions.Actions(driver): null

12-10-2024T21:32:20 - [TEST_STEP][PASSED] - click().perform(): null

12-10-2024T21:32:21 - [TEST_STEP][PASSED] - wait = new org.openqa.selenium.support.ui.WebDriverWait(com.kms.katalon.core.webui.driver.DriverFactory.getWebDriver(), 30): null

12-10-2024T21:32:21 - [TEST_STEP][PASSED] - element2 = wait.until(ExpectedConditions.elementToBeClickable(By.xpath(xpathManagerServiceMC))): null

12-10-2024T21:32:21 - [TEST_STEP][PASSED] - click().perform(): null

12-10-2024T21:32:21 - [MESSAGE][PASSED] - Call Test Case 'Test Cases/Quản lý tài khoản merchant/Quản lý danh sách tài khoản/CustomFunctions' successfully

12-10-2024T21:32:21 - [TEST_STEP][PASSED] - verifyElementPresent(findTestObject("Quản lý tài khoản merchant/Quản lý dịch vụ merchant/headerMenu"), 3): Object 'Object Repository/Quản lý tài khoản merchant/Quản lý dịch vụ merchant/headerMenu' is present

12-10-2024T21:32:23 - [MESSAGE][PASSED] - Object 'Object Repository/Quản lý tài khoản merchant/Quản lý dịch vụ merchant/headerMenu' is present

12-10-2024T21:32:23 - [TEST_STEP][PASSED] - Start listener action : sampleAfterTestCase: null

12-10-2024T21:32:23 - [TEST_STEP][PASSED] - testCaseId = testCaseContext.getTestCaseId(): null

12-10-2024T21:32:23 - [TEST_STEP][PASSED] - if (testCaseId == "Test Cases/Quản lý tài khoản merchant/Quản lý dịch vụ merchant/TC_13_Kiểm tra chức năng xác nhận cấu hình thay đổi VA"): null]]></system-out>
         <system-err><![CDATA[]]></system-err>
      </testcase>
      <testcase name="Test Cases/Quản lý tài khoản merchant/Quản lý dịch vụ merchant/TC_02_Kiểm tra chức năng search khi chọn dịch vụ là chi hộ" time="16.335" classname="Test Cases/Quản lý tài khoản merchant/Quản lý dịch vụ merchant/TC_02_Kiểm tra chức năng search khi chọn dịch vụ là chi hộ" status="PASSED">
         <system-out><![CDATA[12-10-2024T21:32:23 - [TEST_CASE][PASSED] - Test Cases/Quản lý tài khoản merchant/Quản lý dịch vụ merchant/TC_02_Kiểm tra chức năng search khi chọn dịch vụ là chi hộ: Test Cases/Quản lý tài khoản merchant/Quản lý dịch vụ merchant/TC_02_Kiểm tra chức năng search khi chọn dịch vụ là chi hộ

12-10-2024T21:32:23 - [TEST_STEP][PASSED] - Start listener action : sampleBeforeTestCase: Navigate to 'https://stg-cms-console.9pay.mobi/login' successfully

12-10-2024T21:32:23 - [TEST_STEP][PASSED] - testCaseId = testCaseContext.getTestCaseId(): null

12-10-2024T21:32:23 - [TEST_STEP][PASSED] - url = <not implemented yet for class: org.codehaus.groovy.ast.expr.EmptyExpression>: null

12-10-2024T21:32:23 - [TEST_STEP][PASSED] - if (testCaseId == "Test Cases/Quản lý tài khoản merchant/Quản lý dịch vụ merchant/TC_14_Kiểm tra thay đổi sau khi cấu hình VA trên MCV"): null

12-10-2024T21:32:23 - [TEST_STEP][PASSED] - else: null

12-10-2024T21:32:23 - [TEST_STEP][PASSED] - url = "https://stg-cms-console.9pay.mobi/login": null

12-10-2024T21:32:23 - [TEST_STEP][PASSED] - openBrowser(""): Browser is opened with url: ''

12-10-2024T21:32:23 - [MESSAGE][WARNING] - A browser is already opened. Closing browser and opening a new one

12-10-2024T21:32:23 - [MESSAGE][INFO] - Starting 'Chrome' driver

12-10-2024T21:32:23 - [MESSAGE][INFO] - Action delay is set to 0 milliseconds

12-10-2024T21:32:23 - [MESSAGE][PASSED] - Browser is opened with url: ''

12-10-2024T21:32:23 - [TEST_STEP][PASSED] - maximizeWindow(): Current window maximized

12-10-2024T21:32:24 - [MESSAGE][PASSED] - Current window maximized

12-10-2024T21:32:24 - [TEST_STEP][PASSED] - navigateToUrl(url): Navigate to 'https://stg-cms-console.9pay.mobi/login' successfully

12-10-2024T21:32:27 - [MESSAGE][PASSED] - Navigate to 'https://stg-cms-console.9pay.mobi/login' successfully

12-10-2024T21:32:27 - [TEST_STEP][PASSED] - waitTime = Integer.parseInt(waitSecond): null

12-10-2024T21:32:27 - [TEST_STEP][PASSED] - callTestCase(findTestCase("Test Cases/Login/LoginCommon"), [:], STOP_ON_FAILURE): Call Test Case 'Test Cases/Login/LoginCommon' successfully

12-10-2024T21:32:27 - [TEST_CASE][PASSED] - Test Cases/Login/LoginCommon: Test Cases/Login/LoginCommon

12-10-2024T21:32:27 - [TEST_STEP][PASSED] - driver = getWebDriver(): null

12-10-2024T21:32:27 - [TEST_STEP][PASSED] - sendKeys(findTestObject("Quản lý tài khoản merchant/Quản lý dịch vụ merchant/userNameTextbox"), userAccount): Keys 'dannt@9pay.vn' sent to object: 'Object Repository/Quản lý tài khoản merchant/Quản lý dịch vụ merchant/userNameTextbox'

12-10-2024T21:32:28 - [MESSAGE][PASSED] - Keys 'dannt@9pay.vn' sent to object: 'Object Repository/Quản lý tài khoản merchant/Quản lý dịch vụ merchant/userNameTextbox'

12-10-2024T21:32:28 - [TEST_STEP][PASSED] - sendKeys(findTestObject("Quản lý tài khoản merchant/Quản lý dịch vụ merchant/passwordTextbox"), password): Keys 'dannt@9pay.vn' sent to object: 'Object Repository/Quản lý tài khoản merchant/Quản lý dịch vụ merchant/passwordTextbox'

12-10-2024T21:32:28 - [MESSAGE][PASSED] - Keys 'dannt@9pay.vn' sent to object: 'Object Repository/Quản lý tài khoản merchant/Quản lý dịch vụ merchant/passwordTextbox'

12-10-2024T21:32:28 - [TEST_STEP][PASSED] - click(findTestObject("Quản lý tài khoản merchant/Quản lý dịch vụ merchant/loginButton")): Object: 'Object Repository/Quản lý tài khoản merchant/Quản lý dịch vụ merchant/loginButton' is clicked on

12-10-2024T21:32:28 - [MESSAGE][PASSED] - Object: 'Object Repository/Quản lý tài khoản merchant/Quản lý dịch vụ merchant/loginButton' is clicked on

12-10-2024T21:32:28 - [MESSAGE][PASSED] - Call Test Case 'Test Cases/Login/LoginCommon' successfully

12-10-2024T21:32:28 - [TEST_STEP][PASSED] - waitForElementVisible(findTestObject("Trang chủ/userName"), waitTime, STOP_ON_FAILURE): Object 'Object Repository/Trang chủ/userName' is visible

12-10-2024T21:32:32 - [MESSAGE][PASSED] - Object 'Object Repository/Trang chủ/userName' is visible

12-10-2024T21:32:32 - [TEST_STEP][PASSED] - callTestCase(findTestCase("Test Cases/Quản lý tài khoản merchant/Quản lý danh sách tài khoản/CustomFunctions"), [:], STOP_ON_FAILURE): Call Test Case 'Test Cases/Quản lý tài khoản merchant/Quản lý danh sách tài khoản/CustomFunctions' successfully

12-10-2024T21:32:32 - [TEST_CASE][PASSED] - Test Cases/Quản lý tài khoản merchant/Quản lý danh sách tài khoản/CustomFunctions: Test Cases/Quản lý tài khoản merchant/Quản lý danh sách tài khoản/CustomFunctions

12-10-2024T21:32:32 - [TEST_STEP][PASSED] - driver = getWebDriver(): null

12-10-2024T21:32:32 - [TEST_STEP][PASSED] - sleep(2000): null

12-10-2024T21:32:34 - [TEST_STEP][PASSED] - element1 = driver.findElement(By.xpath(xpathManagerMC)): null

12-10-2024T21:32:34 - [TEST_STEP][PASSED] - actions = new org.openqa.selenium.interactions.Actions(driver): null

12-10-2024T21:32:34 - [TEST_STEP][PASSED] - click().perform(): null

12-10-2024T21:32:34 - [TEST_STEP][PASSED] - wait = new org.openqa.selenium.support.ui.WebDriverWait(com.kms.katalon.core.webui.driver.DriverFactory.getWebDriver(), 30): null

12-10-2024T21:32:34 - [TEST_STEP][PASSED] - element2 = wait.until(ExpectedConditions.elementToBeClickable(By.xpath(xpathManagerServiceMC))): null

12-10-2024T21:32:35 - [TEST_STEP][PASSED] - click().perform(): null

12-10-2024T21:32:35 - [MESSAGE][PASSED] - Call Test Case 'Test Cases/Quản lý tài khoản merchant/Quản lý danh sách tài khoản/CustomFunctions' successfully

12-10-2024T21:32:35 - [TEST_STEP][PASSED] - driver = getWebDriver(): null

12-10-2024T21:32:35 - [TEST_STEP][PASSED] - dropdown = driver.findElement(By.name("service_type")): null

12-10-2024T21:32:37 - [TEST_STEP][PASSED] - xpath("//option[@value='TRANSFER_BANK']")).click(): null

12-10-2024T21:32:37 - [TEST_STEP][PASSED] - click(findTestObject("Quản lý tài khoản merchant/Quản lý dịch vụ merchant/searchBtn")): Object: 'Object Repository/Quản lý tài khoản merchant/Quản lý dịch vụ merchant/searchBtn' is clicked on

12-10-2024T21:32:37 - [MESSAGE][PASSED] - Object: 'Object Repository/Quản lý tài khoản merchant/Quản lý dịch vụ merchant/searchBtn' is clicked on

12-10-2024T21:32:37 - [TEST_STEP][PASSED] - xpath = "//label[contains(@for, 'transfer_provider_EPAY')]": null

12-10-2024T21:32:37 - [TEST_STEP][PASSED] - elements = new java.util.ArrayList(): null

12-10-2024T21:32:37 - [TEST_STEP][PASSED] - elements = driver.findElements(By.xpath(xpath)): null

12-10-2024T21:32:39 - [TEST_STEP][PASSED] - println("Số lượng phần tử: " + elements.size()): null

12-10-2024T21:32:39 - [TEST_STEP][PASSED] - expectedElements = 25: null

12-10-2024T21:32:39 - [TEST_STEP][PASSED] - if (elements.size() == expectedElements): Test case đã pass với số lượng icon đúng.

12-10-2024T21:32:39 - [TEST_STEP][PASSED] - println("Số lượng icon tìm thấy là đúng: " + elements.size()): null

12-10-2024T21:32:39 - [TEST_STEP][PASSED] - markPassed("Test case đã pass với số lượng icon đúng."): Test case đã pass với số lượng icon đúng.

12-10-2024T21:32:39 - [MESSAGE][PASSED] - Test case đã pass với số lượng icon đúng.

12-10-2024T21:32:39 - [TEST_STEP][PASSED] - Start listener action : sampleAfterTestCase: null

12-10-2024T21:32:39 - [TEST_STEP][PASSED] - testCaseId = testCaseContext.getTestCaseId(): null

12-10-2024T21:32:39 - [TEST_STEP][PASSED] - if (testCaseId == "Test Cases/Quản lý tài khoản merchant/Quản lý dịch vụ merchant/TC_13_Kiểm tra chức năng xác nhận cấu hình thay đổi VA"): null]]></system-out>
         <system-err><![CDATA[]]></system-err>
      </testcase>
      <testcase name="Test Cases/Quản lý tài khoản merchant/Quản lý dịch vụ merchant/TC_03_Kiểm tra chức năng search khi chọn dịch vụ là chi hộ và Active" time="20.736" classname="Test Cases/Quản lý tài khoản merchant/Quản lý dịch vụ merchant/TC_03_Kiểm tra chức năng search khi chọn dịch vụ là chi hộ và Active" status="PASSED">
         <system-out><![CDATA[12-10-2024T21:32:39 - [TEST_CASE][PASSED] - Test Cases/Quản lý tài khoản merchant/Quản lý dịch vụ merchant/TC_03_Kiểm tra chức năng search khi chọn dịch vụ là chi hộ và Active: Test Cases/Quản lý tài khoản merchant/Quản lý dịch vụ merchant/TC_03_Kiểm tra chức năng search khi chọn dịch vụ là chi hộ và Active

12-10-2024T21:32:39 - [TEST_STEP][PASSED] - Start listener action : sampleBeforeTestCase: Navigate to 'https://stg-cms-console.9pay.mobi/login' successfully

12-10-2024T21:32:39 - [TEST_STEP][PASSED] - testCaseId = testCaseContext.getTestCaseId(): null

12-10-2024T21:32:39 - [TEST_STEP][PASSED] - url = <not implemented yet for class: org.codehaus.groovy.ast.expr.EmptyExpression>: null

12-10-2024T21:32:39 - [TEST_STEP][PASSED] - if (testCaseId == "Test Cases/Quản lý tài khoản merchant/Quản lý dịch vụ merchant/TC_14_Kiểm tra thay đổi sau khi cấu hình VA trên MCV"): null

12-10-2024T21:32:39 - [TEST_STEP][PASSED] - else: null

12-10-2024T21:32:39 - [TEST_STEP][PASSED] - url = "https://stg-cms-console.9pay.mobi/login": null

12-10-2024T21:32:39 - [TEST_STEP][PASSED] - openBrowser(""): Browser is opened with url: ''

12-10-2024T21:32:39 - [MESSAGE][WARNING] - A browser is already opened. Closing browser and opening a new one

12-10-2024T21:32:39 - [MESSAGE][INFO] - Starting 'Chrome' driver

12-10-2024T21:32:39 - [MESSAGE][INFO] - Action delay is set to 0 milliseconds

12-10-2024T21:32:40 - [MESSAGE][PASSED] - Browser is opened with url: ''

12-10-2024T21:32:40 - [TEST_STEP][PASSED] - maximizeWindow(): Current window maximized

12-10-2024T21:32:40 - [MESSAGE][PASSED] - Current window maximized

12-10-2024T21:32:40 - [TEST_STEP][PASSED] - navigateToUrl(url): Navigate to 'https://stg-cms-console.9pay.mobi/login' successfully

12-10-2024T21:32:47 - [MESSAGE][PASSED] - Navigate to 'https://stg-cms-console.9pay.mobi/login' successfully

12-10-2024T21:32:47 - [TEST_STEP][PASSED] - waitTime = Integer.parseInt(waitSecond): null

12-10-2024T21:32:47 - [TEST_STEP][PASSED] - callTestCase(findTestCase("Test Cases/Login/LoginCommon"), [:], STOP_ON_FAILURE): Call Test Case 'Test Cases/Login/LoginCommon' successfully

12-10-2024T21:32:47 - [TEST_CASE][PASSED] - Test Cases/Login/LoginCommon: Test Cases/Login/LoginCommon

12-10-2024T21:32:47 - [TEST_STEP][PASSED] - driver = getWebDriver(): null

12-10-2024T21:32:47 - [TEST_STEP][PASSED] - sendKeys(findTestObject("Quản lý tài khoản merchant/Quản lý dịch vụ merchant/userNameTextbox"), userAccount): Keys 'dannt@9pay.vn' sent to object: 'Object Repository/Quản lý tài khoản merchant/Quản lý dịch vụ merchant/userNameTextbox'

12-10-2024T21:32:47 - [MESSAGE][PASSED] - Keys 'dannt@9pay.vn' sent to object: 'Object Repository/Quản lý tài khoản merchant/Quản lý dịch vụ merchant/userNameTextbox'

12-10-2024T21:32:47 - [TEST_STEP][PASSED] - sendKeys(findTestObject("Quản lý tài khoản merchant/Quản lý dịch vụ merchant/passwordTextbox"), password): Keys 'dannt@9pay.vn' sent to object: 'Object Repository/Quản lý tài khoản merchant/Quản lý dịch vụ merchant/passwordTextbox'

12-10-2024T21:32:47 - [MESSAGE][PASSED] - Keys 'dannt@9pay.vn' sent to object: 'Object Repository/Quản lý tài khoản merchant/Quản lý dịch vụ merchant/passwordTextbox'

12-10-2024T21:32:47 - [TEST_STEP][PASSED] - click(findTestObject("Quản lý tài khoản merchant/Quản lý dịch vụ merchant/loginButton")): Object: 'Object Repository/Quản lý tài khoản merchant/Quản lý dịch vụ merchant/loginButton' is clicked on

12-10-2024T21:32:48 - [MESSAGE][PASSED] - Object: 'Object Repository/Quản lý tài khoản merchant/Quản lý dịch vụ merchant/loginButton' is clicked on

12-10-2024T21:32:48 - [MESSAGE][PASSED] - Call Test Case 'Test Cases/Login/LoginCommon' successfully

12-10-2024T21:32:48 - [TEST_STEP][PASSED] - waitForElementVisible(findTestObject("Trang chủ/userName"), waitTime, STOP_ON_FAILURE): Object 'Object Repository/Trang chủ/userName' is visible

12-10-2024T21:32:51 - [MESSAGE][PASSED] - Object 'Object Repository/Trang chủ/userName' is visible

12-10-2024T21:32:51 - [TEST_STEP][PASSED] - callTestCase(findTestCase("Test Cases/Quản lý tài khoản merchant/Quản lý danh sách tài khoản/CustomFunctions"), [:], STOP_ON_FAILURE): Call Test Case 'Test Cases/Quản lý tài khoản merchant/Quản lý danh sách tài khoản/CustomFunctions' successfully

12-10-2024T21:32:51 - [TEST_CASE][PASSED] - Test Cases/Quản lý tài khoản merchant/Quản lý danh sách tài khoản/CustomFunctions: Test Cases/Quản lý tài khoản merchant/Quản lý danh sách tài khoản/CustomFunctions

12-10-2024T21:32:51 - [TEST_STEP][PASSED] - driver = getWebDriver(): null

12-10-2024T21:32:51 - [TEST_STEP][PASSED] - sleep(2000): null

12-10-2024T21:32:53 - [TEST_STEP][PASSED] - element1 = driver.findElement(By.xpath(xpathManagerMC)): null

12-10-2024T21:32:54 - [TEST_STEP][PASSED] - actions = new org.openqa.selenium.interactions.Actions(driver): null

12-10-2024T21:32:54 - [TEST_STEP][PASSED] - click().perform(): null

12-10-2024T21:32:54 - [TEST_STEP][PASSED] - wait = new org.openqa.selenium.support.ui.WebDriverWait(com.kms.katalon.core.webui.driver.DriverFactory.getWebDriver(), 30): null

12-10-2024T21:32:54 - [TEST_STEP][PASSED] - element2 = wait.until(ExpectedConditions.elementToBeClickable(By.xpath(xpathManagerServiceMC))): null

12-10-2024T21:32:54 - [TEST_STEP][PASSED] - click().perform(): null

12-10-2024T21:32:54 - [MESSAGE][PASSED] - Call Test Case 'Test Cases/Quản lý tài khoản merchant/Quản lý danh sách tài khoản/CustomFunctions' successfully

12-10-2024T21:32:54 - [TEST_STEP][PASSED] - driver = getWebDriver(): null

12-10-2024T21:32:54 - [TEST_STEP][PASSED] - dropdownService = driver.findElement(By.name("service_type")): null

12-10-2024T21:32:56 - [TEST_STEP][PASSED] - dropdownStt = driver.findElement(By.name("is_active")): null

12-10-2024T21:32:56 - [TEST_STEP][PASSED] - xpath("//option[@value='TRANSFER_BANK']")).click(): null

12-10-2024T21:32:56 - [TEST_STEP][PASSED] - xpath("//option[@value="1"]")).click(): null

12-10-2024T21:32:56 - [TEST_STEP][PASSED] - click(findTestObject("Quản lý tài khoản merchant/Quản lý dịch vụ merchant/searchBtn")): Object: 'Object Repository/Quản lý tài khoản merchant/Quản lý dịch vụ merchant/searchBtn' is clicked on

12-10-2024T21:32:57 - [MESSAGE][PASSED] - Object: 'Object Repository/Quản lý tài khoản merchant/Quản lý dịch vụ merchant/searchBtn' is clicked on

12-10-2024T21:32:57 - [TEST_STEP][PASSED] - xpathPayOn = "//label[contains(@for, 'transfer_provider_EPAY')]": null

12-10-2024T21:32:57 - [TEST_STEP][PASSED] - xpathSttActive = "//td//span[contains(text(),'Đang hoạt động')]": null

12-10-2024T21:32:57 - [TEST_STEP][PASSED] - PayOns = new java.util.ArrayList(): null

12-10-2024T21:32:57 - [TEST_STEP][PASSED] - SttActives = new java.util.ArrayList(): null

12-10-2024T21:32:57 - [TEST_STEP][PASSED] - PayOns = driver.findElements(By.xpath(xpathPayOn)): null

12-10-2024T21:32:59 - [TEST_STEP][PASSED] - SttActives = driver.findElements(By.xpath(xpathSttActive)): null

12-10-2024T21:33:00 - [TEST_STEP][PASSED] - println("Số lượng phần tử chi hộ: " + PayOns.size()): null

12-10-2024T21:33:00 - [TEST_STEP][PASSED] - println("Số lượng phần tử active là: " + SttActives.size()): null

12-10-2024T21:33:00 - [TEST_STEP][PASSED] - expectedElements = 25: null

12-10-2024T21:33:00 - [TEST_STEP][PASSED] - if (PayOns.size() == expectedElements && SttActives.size() == expectedElements): Test case đã pass với số lượng icon đúng.

12-10-2024T21:33:00 - [TEST_STEP][PASSED] - markPassed("Test case đã pass với số lượng icon đúng."): Test case đã pass với số lượng icon đúng.

12-10-2024T21:33:00 - [MESSAGE][PASSED] - Test case đã pass với số lượng icon đúng.

12-10-2024T21:33:00 - [TEST_STEP][PASSED] - Start listener action : sampleAfterTestCase: null

12-10-2024T21:33:00 - [TEST_STEP][PASSED] - testCaseId = testCaseContext.getTestCaseId(): null

12-10-2024T21:33:00 - [TEST_STEP][PASSED] - if (testCaseId == "Test Cases/Quản lý tài khoản merchant/Quản lý dịch vụ merchant/TC_13_Kiểm tra chức năng xác nhận cấu hình thay đổi VA"): null]]></system-out>
         <system-err><![CDATA[]]></system-err>
      </testcase>
      <testcase name="Test Cases/Quản lý tài khoản merchant/Quản lý dịch vụ merchant/TC_04_Kiểm tra chức năng search khi chọn dịch vụ là chi hộ và Inactive" time="20.024" classname="Test Cases/Quản lý tài khoản merchant/Quản lý dịch vụ merchant/TC_04_Kiểm tra chức năng search khi chọn dịch vụ là chi hộ và Inactive" status="PASSED">
         <system-out><![CDATA[12-10-2024T21:33:00 - [TEST_CASE][PASSED] - Test Cases/Quản lý tài khoản merchant/Quản lý dịch vụ merchant/TC_04_Kiểm tra chức năng search khi chọn dịch vụ là chi hộ và Inactive: Test Cases/Quản lý tài khoản merchant/Quản lý dịch vụ merchant/TC_04_Kiểm tra chức năng search khi chọn dịch vụ là chi hộ và Inactive

12-10-2024T21:33:00 - [TEST_STEP][PASSED] - Start listener action : sampleBeforeTestCase: Navigate to 'https://stg-cms-console.9pay.mobi/login' successfully

12-10-2024T21:33:00 - [TEST_STEP][PASSED] - testCaseId = testCaseContext.getTestCaseId(): null

12-10-2024T21:33:00 - [TEST_STEP][PASSED] - url = <not implemented yet for class: org.codehaus.groovy.ast.expr.EmptyExpression>: null

12-10-2024T21:33:00 - [TEST_STEP][PASSED] - if (testCaseId == "Test Cases/Quản lý tài khoản merchant/Quản lý dịch vụ merchant/TC_14_Kiểm tra thay đổi sau khi cấu hình VA trên MCV"): null

12-10-2024T21:33:00 - [TEST_STEP][PASSED] - else: null

12-10-2024T21:33:00 - [TEST_STEP][PASSED] - url = "https://stg-cms-console.9pay.mobi/login": null

12-10-2024T21:33:00 - [TEST_STEP][PASSED] - openBrowser(""): Browser is opened with url: ''

12-10-2024T21:33:00 - [MESSAGE][WARNING] - A browser is already opened. Closing browser and opening a new one

12-10-2024T21:33:00 - [MESSAGE][INFO] - Starting 'Chrome' driver

12-10-2024T21:33:00 - [MESSAGE][INFO] - Action delay is set to 0 milliseconds

12-10-2024T21:33:00 - [MESSAGE][PASSED] - Browser is opened with url: ''

12-10-2024T21:33:00 - [TEST_STEP][PASSED] - maximizeWindow(): Current window maximized

12-10-2024T21:33:01 - [MESSAGE][PASSED] - Current window maximized

12-10-2024T21:33:01 - [TEST_STEP][PASSED] - navigateToUrl(url): Navigate to 'https://stg-cms-console.9pay.mobi/login' successfully

12-10-2024T21:33:06 - [MESSAGE][PASSED] - Navigate to 'https://stg-cms-console.9pay.mobi/login' successfully

12-10-2024T21:33:06 - [TEST_STEP][PASSED] - waitTime = Integer.parseInt(waitSecond): null

12-10-2024T21:33:06 - [TEST_STEP][PASSED] - callTestCase(findTestCase("Test Cases/Login/LoginCommon"), [:], STOP_ON_FAILURE): Call Test Case 'Test Cases/Login/LoginCommon' successfully

12-10-2024T21:33:06 - [TEST_CASE][PASSED] - Test Cases/Login/LoginCommon: Test Cases/Login/LoginCommon

12-10-2024T21:33:06 - [TEST_STEP][PASSED] - driver = getWebDriver(): null

12-10-2024T21:33:06 - [TEST_STEP][PASSED] - sendKeys(findTestObject("Quản lý tài khoản merchant/Quản lý dịch vụ merchant/userNameTextbox"), userAccount): Keys 'dannt@9pay.vn' sent to object: 'Object Repository/Quản lý tài khoản merchant/Quản lý dịch vụ merchant/userNameTextbox'

12-10-2024T21:33:06 - [MESSAGE][PASSED] - Keys 'dannt@9pay.vn' sent to object: 'Object Repository/Quản lý tài khoản merchant/Quản lý dịch vụ merchant/userNameTextbox'

12-10-2024T21:33:06 - [TEST_STEP][PASSED] - sendKeys(findTestObject("Quản lý tài khoản merchant/Quản lý dịch vụ merchant/passwordTextbox"), password): Keys 'dannt@9pay.vn' sent to object: 'Object Repository/Quản lý tài khoản merchant/Quản lý dịch vụ merchant/passwordTextbox'

12-10-2024T21:33:07 - [MESSAGE][PASSED] - Keys 'dannt@9pay.vn' sent to object: 'Object Repository/Quản lý tài khoản merchant/Quản lý dịch vụ merchant/passwordTextbox'

12-10-2024T21:33:07 - [TEST_STEP][PASSED] - click(findTestObject("Quản lý tài khoản merchant/Quản lý dịch vụ merchant/loginButton")): Object: 'Object Repository/Quản lý tài khoản merchant/Quản lý dịch vụ merchant/loginButton' is clicked on

12-10-2024T21:33:07 - [MESSAGE][PASSED] - Object: 'Object Repository/Quản lý tài khoản merchant/Quản lý dịch vụ merchant/loginButton' is clicked on

12-10-2024T21:33:07 - [MESSAGE][PASSED] - Call Test Case 'Test Cases/Login/LoginCommon' successfully

12-10-2024T21:33:07 - [TEST_STEP][PASSED] - waitForElementVisible(findTestObject("Trang chủ/userName"), waitTime, STOP_ON_FAILURE): Object 'Object Repository/Trang chủ/userName' is visible

12-10-2024T21:33:13 - [MESSAGE][PASSED] - Object 'Object Repository/Trang chủ/userName' is visible

12-10-2024T21:33:13 - [TEST_STEP][PASSED] - callTestCase(findTestCase("Test Cases/Quản lý tài khoản merchant/Quản lý danh sách tài khoản/CustomFunctions"), [:], STOP_ON_FAILURE): Call Test Case 'Test Cases/Quản lý tài khoản merchant/Quản lý danh sách tài khoản/CustomFunctions' successfully

12-10-2024T21:33:13 - [TEST_CASE][PASSED] - Test Cases/Quản lý tài khoản merchant/Quản lý danh sách tài khoản/CustomFunctions: Test Cases/Quản lý tài khoản merchant/Quản lý danh sách tài khoản/CustomFunctions

12-10-2024T21:33:13 - [TEST_STEP][PASSED] - driver = getWebDriver(): null

12-10-2024T21:33:13 - [TEST_STEP][PASSED] - sleep(2000): null

12-10-2024T21:33:15 - [TEST_STEP][PASSED] - element1 = driver.findElement(By.xpath(xpathManagerMC)): null

12-10-2024T21:33:15 - [TEST_STEP][PASSED] - actions = new org.openqa.selenium.interactions.Actions(driver): null

12-10-2024T21:33:15 - [TEST_STEP][PASSED] - click().perform(): null

12-10-2024T21:33:16 - [TEST_STEP][PASSED] - wait = new org.openqa.selenium.support.ui.WebDriverWait(com.kms.katalon.core.webui.driver.DriverFactory.getWebDriver(), 30): null

12-10-2024T21:33:16 - [TEST_STEP][PASSED] - element2 = wait.until(ExpectedConditions.elementToBeClickable(By.xpath(xpathManagerServiceMC))): null

12-10-2024T21:33:16 - [TEST_STEP][PASSED] - click().perform(): null

12-10-2024T21:33:16 - [MESSAGE][PASSED] - Call Test Case 'Test Cases/Quản lý tài khoản merchant/Quản lý danh sách tài khoản/CustomFunctions' successfully

12-10-2024T21:33:16 - [TEST_STEP][PASSED] - driver = getWebDriver(): null

12-10-2024T21:33:16 - [TEST_STEP][PASSED] - dropdownService = driver.findElement(By.name("service_type")): null

12-10-2024T21:33:17 - [TEST_STEP][PASSED] - dropdownStt = driver.findElement(By.name("is_active")): null

12-10-2024T21:33:18 - [TEST_STEP][PASSED] - xpath("//option[@value='TRANSFER_BANK']")).click(): null

12-10-2024T21:33:18 - [TEST_STEP][PASSED] - xpath("//option[@value="0"]")).click(): null

12-10-2024T21:33:18 - [TEST_STEP][PASSED] - click(findTestObject("Quản lý tài khoản merchant/Quản lý dịch vụ merchant/searchBtn")): Object: 'Object Repository/Quản lý tài khoản merchant/Quản lý dịch vụ merchant/searchBtn' is clicked on

12-10-2024T21:33:19 - [MESSAGE][PASSED] - Object: 'Object Repository/Quản lý tài khoản merchant/Quản lý dịch vụ merchant/searchBtn' is clicked on

12-10-2024T21:33:19 - [TEST_STEP][PASSED] - xpathPayOn = "//label[contains(@for, 'transfer_provider_EPAY')]": null

12-10-2024T21:33:19 - [TEST_STEP][PASSED] - xpathSttInactive = "//td//span[contains(text(),'Không hoạt động')]": null

12-10-2024T21:33:19 - [TEST_STEP][PASSED] - PayOns = new java.util.ArrayList(): null

12-10-2024T21:33:19 - [TEST_STEP][PASSED] - SttInactives = new java.util.ArrayList(): null

12-10-2024T21:33:19 - [TEST_STEP][PASSED] - PayOns = driver.findElements(By.xpath(xpathPayOn)): null

12-10-2024T21:33:19 - [TEST_STEP][PASSED] - SttInactives = driver.findElements(By.xpath(xpathSttInactive)): null

12-10-2024T21:33:20 - [TEST_STEP][PASSED] - println("Số lượng phần tử chi hộ: " + PayOns.size()): null

12-10-2024T21:33:20 - [TEST_STEP][PASSED] - println("Số lượng phần tử active là: " + SttInactives.size()): null

12-10-2024T21:33:20 - [TEST_STEP][PASSED] - expectedElements = 0: null

12-10-2024T21:33:20 - [TEST_STEP][PASSED] - if (PayOns.size() == expectedElements && SttInactives.size() == expectedElements): Test case đã pass với số lượng icon đúng.

12-10-2024T21:33:20 - [TEST_STEP][PASSED] - markPassed("Test case đã pass với số lượng icon đúng."): Test case đã pass với số lượng icon đúng.

12-10-2024T21:33:20 - [MESSAGE][PASSED] - Test case đã pass với số lượng icon đúng.

12-10-2024T21:33:20 - [TEST_STEP][PASSED] - Start listener action : sampleAfterTestCase: null

12-10-2024T21:33:20 - [TEST_STEP][PASSED] - testCaseId = testCaseContext.getTestCaseId(): null

12-10-2024T21:33:20 - [TEST_STEP][PASSED] - if (testCaseId == "Test Cases/Quản lý tài khoản merchant/Quản lý dịch vụ merchant/TC_13_Kiểm tra chức năng xác nhận cấu hình thay đổi VA"): null]]></system-out>
         <system-err><![CDATA[]]></system-err>
      </testcase>
      <testcase name="Test Cases/Quản lý tài khoản merchant/Quản lý dịch vụ merchant/TC_05_kiểm tra chức năng search khi chọn dịch vụ là thu hộ IB" time="14.749" classname="Test Cases/Quản lý tài khoản merchant/Quản lý dịch vụ merchant/TC_05_kiểm tra chức năng search khi chọn dịch vụ là thu hộ IB" status="PASSED">
         <system-out><![CDATA[12-10-2024T21:33:20 - [TEST_CASE][PASSED] - Test Cases/Quản lý tài khoản merchant/Quản lý dịch vụ merchant/TC_05_kiểm tra chức năng search khi chọn dịch vụ là thu hộ IB: Test Cases/Quản lý tài khoản merchant/Quản lý dịch vụ merchant/TC_05_kiểm tra chức năng search khi chọn dịch vụ là thu hộ IB

12-10-2024T21:33:20 - [TEST_STEP][PASSED] - Start listener action : sampleBeforeTestCase: Navigate to 'https://stg-cms-console.9pay.mobi/login' successfully

12-10-2024T21:33:20 - [TEST_STEP][PASSED] - testCaseId = testCaseContext.getTestCaseId(): null

12-10-2024T21:33:20 - [TEST_STEP][PASSED] - url = <not implemented yet for class: org.codehaus.groovy.ast.expr.EmptyExpression>: null

12-10-2024T21:33:20 - [TEST_STEP][PASSED] - if (testCaseId == "Test Cases/Quản lý tài khoản merchant/Quản lý dịch vụ merchant/TC_14_Kiểm tra thay đổi sau khi cấu hình VA trên MCV"): null

12-10-2024T21:33:20 - [TEST_STEP][PASSED] - else: null

12-10-2024T21:33:20 - [TEST_STEP][PASSED] - url = "https://stg-cms-console.9pay.mobi/login": null

12-10-2024T21:33:20 - [TEST_STEP][PASSED] - openBrowser(""): Browser is opened with url: ''

12-10-2024T21:33:20 - [MESSAGE][WARNING] - A browser is already opened. Closing browser and opening a new one

12-10-2024T21:33:20 - [MESSAGE][INFO] - Starting 'Chrome' driver

12-10-2024T21:33:20 - [MESSAGE][INFO] - Action delay is set to 0 milliseconds

12-10-2024T21:33:20 - [MESSAGE][PASSED] - Browser is opened with url: ''

12-10-2024T21:33:20 - [TEST_STEP][PASSED] - maximizeWindow(): Current window maximized

12-10-2024T21:33:21 - [MESSAGE][PASSED] - Current window maximized

12-10-2024T21:33:21 - [TEST_STEP][PASSED] - navigateToUrl(url): Navigate to 'https://stg-cms-console.9pay.mobi/login' successfully

12-10-2024T21:33:26 - [MESSAGE][PASSED] - Navigate to 'https://stg-cms-console.9pay.mobi/login' successfully

12-10-2024T21:33:26 - [TEST_STEP][PASSED] - waitTime = Integer.parseInt(waitSecond): null

12-10-2024T21:33:26 - [TEST_STEP][PASSED] - callTestCase(findTestCase("Test Cases/Login/LoginCommon"), [:], STOP_ON_FAILURE): Call Test Case 'Test Cases/Login/LoginCommon' successfully

12-10-2024T21:33:26 - [TEST_CASE][PASSED] - Test Cases/Login/LoginCommon: Test Cases/Login/LoginCommon

12-10-2024T21:33:26 - [TEST_STEP][PASSED] - driver = getWebDriver(): null

12-10-2024T21:33:26 - [TEST_STEP][PASSED] - sendKeys(findTestObject("Quản lý tài khoản merchant/Quản lý dịch vụ merchant/userNameTextbox"), userAccount): Keys 'dannt@9pay.vn' sent to object: 'Object Repository/Quản lý tài khoản merchant/Quản lý dịch vụ merchant/userNameTextbox'

12-10-2024T21:33:26 - [MESSAGE][PASSED] - Keys 'dannt@9pay.vn' sent to object: 'Object Repository/Quản lý tài khoản merchant/Quản lý dịch vụ merchant/userNameTextbox'

12-10-2024T21:33:26 - [TEST_STEP][PASSED] - sendKeys(findTestObject("Quản lý tài khoản merchant/Quản lý dịch vụ merchant/passwordTextbox"), password): Keys 'dannt@9pay.vn' sent to object: 'Object Repository/Quản lý tài khoản merchant/Quản lý dịch vụ merchant/passwordTextbox'

12-10-2024T21:33:26 - [MESSAGE][PASSED] - Keys 'dannt@9pay.vn' sent to object: 'Object Repository/Quản lý tài khoản merchant/Quản lý dịch vụ merchant/passwordTextbox'

12-10-2024T21:33:26 - [TEST_STEP][PASSED] - click(findTestObject("Quản lý tài khoản merchant/Quản lý dịch vụ merchant/loginButton")): Object: 'Object Repository/Quản lý tài khoản merchant/Quản lý dịch vụ merchant/loginButton' is clicked on

12-10-2024T21:33:27 - [MESSAGE][PASSED] - Object: 'Object Repository/Quản lý tài khoản merchant/Quản lý dịch vụ merchant/loginButton' is clicked on

12-10-2024T21:33:27 - [MESSAGE][PASSED] - Call Test Case 'Test Cases/Login/LoginCommon' successfully

12-10-2024T21:33:27 - [TEST_STEP][PASSED] - waitForElementVisible(findTestObject("Trang chủ/userName"), waitTime, STOP_ON_FAILURE): Object 'Object Repository/Trang chủ/userName' is visible

12-10-2024T21:33:28 - [MESSAGE][PASSED] - Object 'Object Repository/Trang chủ/userName' is visible

12-10-2024T21:33:28 - [TEST_STEP][PASSED] - callTestCase(findTestCase("Test Cases/Quản lý tài khoản merchant/Quản lý danh sách tài khoản/CustomFunctions"), [:], STOP_ON_FAILURE): Call Test Case 'Test Cases/Quản lý tài khoản merchant/Quản lý danh sách tài khoản/CustomFunctions' successfully

12-10-2024T21:33:28 - [TEST_CASE][PASSED] - Test Cases/Quản lý tài khoản merchant/Quản lý danh sách tài khoản/CustomFunctions: Test Cases/Quản lý tài khoản merchant/Quản lý danh sách tài khoản/CustomFunctions

12-10-2024T21:33:28 - [TEST_STEP][PASSED] - driver = getWebDriver(): null

12-10-2024T21:33:28 - [TEST_STEP][PASSED] - sleep(2000): null

12-10-2024T21:33:30 - [TEST_STEP][PASSED] - element1 = driver.findElement(By.xpath(xpathManagerMC)): null

12-10-2024T21:33:31 - [TEST_STEP][PASSED] - actions = new org.openqa.selenium.interactions.Actions(driver): null

12-10-2024T21:33:31 - [TEST_STEP][PASSED] - click().perform(): null

12-10-2024T21:33:31 - [TEST_STEP][PASSED] - wait = new org.openqa.selenium.support.ui.WebDriverWait(com.kms.katalon.core.webui.driver.DriverFactory.getWebDriver(), 30): null

12-10-2024T21:33:31 - [TEST_STEP][PASSED] - element2 = wait.until(ExpectedConditions.elementToBeClickable(By.xpath(xpathManagerServiceMC))): null

12-10-2024T21:33:31 - [TEST_STEP][PASSED] - click().perform(): null

12-10-2024T21:33:31 - [MESSAGE][PASSED] - Call Test Case 'Test Cases/Quản lý tài khoản merchant/Quản lý danh sách tài khoản/CustomFunctions' successfully

12-10-2024T21:33:31 - [TEST_STEP][PASSED] - driver = getWebDriver(): null

12-10-2024T21:33:31 - [TEST_STEP][PASSED] - dropdown = driver.findElement(By.name("service_type")): null

12-10-2024T21:33:33 - [TEST_STEP][PASSED] - xpath("//option[@value='DEPOSIT_TRANSFER_IB']")).click(): null

12-10-2024T21:33:33 - [TEST_STEP][PASSED] - click(findTestObject("Quản lý tài khoản merchant/Quản lý dịch vụ merchant/searchBtn")): Object: 'Object Repository/Quản lý tài khoản merchant/Quản lý dịch vụ merchant/searchBtn' is clicked on

12-10-2024T21:33:33 - [MESSAGE][PASSED] - Object: 'Object Repository/Quản lý tài khoản merchant/Quản lý dịch vụ merchant/searchBtn' is clicked on

12-10-2024T21:33:33 - [TEST_STEP][PASSED] - xpath = "//th/span[@class='font-bold col-teal']/i[@class='material-icons' and text()='check_circle']": null

12-10-2024T21:33:33 - [TEST_STEP][PASSED] - elements = new java.util.ArrayList(): null

12-10-2024T21:33:33 - [TEST_STEP][PASSED] - elements = driver.findElements(By.xpath(xpath)): null

12-10-2024T21:33:34 - [TEST_STEP][PASSED] - println("Số lượng phần tử: " + elements.size()): null

12-10-2024T21:33:34 - [TEST_STEP][PASSED] - expectedElements = 24: null

12-10-2024T21:33:34 - [TEST_STEP][PASSED] - if (elements.size() == expectedElements): Test case đã pass với số lượng icon đúng.

12-10-2024T21:33:34 - [TEST_STEP][PASSED] - println("Số lượng icon tìm thấy là đúng: " + elements.size()): null

12-10-2024T21:33:34 - [TEST_STEP][PASSED] - markPassed("Test case đã pass với số lượng icon đúng."): Test case đã pass với số lượng icon đúng.

12-10-2024T21:33:34 - [MESSAGE][PASSED] - Test case đã pass với số lượng icon đúng.

12-10-2024T21:33:34 - [TEST_STEP][PASSED] - Start listener action : sampleAfterTestCase: null

12-10-2024T21:33:34 - [TEST_STEP][PASSED] - testCaseId = testCaseContext.getTestCaseId(): null

12-10-2024T21:33:34 - [TEST_STEP][PASSED] - if (testCaseId == "Test Cases/Quản lý tài khoản merchant/Quản lý dịch vụ merchant/TC_13_Kiểm tra chức năng xác nhận cấu hình thay đổi VA"): null]]></system-out>
         <system-err><![CDATA[]]></system-err>
      </testcase>
      <testcase name="Test Cases/Quản lý tài khoản merchant/Quản lý dịch vụ merchant/TC_06_Kiểm tra chức năng search khi chọn dịch vụ là thu hộ IB và active" time="19.1" classname="Test Cases/Quản lý tài khoản merchant/Quản lý dịch vụ merchant/TC_06_Kiểm tra chức năng search khi chọn dịch vụ là thu hộ IB và active" status="PASSED">
         <system-out><![CDATA[12-10-2024T21:33:34 - [TEST_CASE][PASSED] - Test Cases/Quản lý tài khoản merchant/Quản lý dịch vụ merchant/TC_06_Kiểm tra chức năng search khi chọn dịch vụ là thu hộ IB và active: Test Cases/Quản lý tài khoản merchant/Quản lý dịch vụ merchant/TC_06_Kiểm tra chức năng search khi chọn dịch vụ là thu hộ IB và active

12-10-2024T21:33:34 - [TEST_STEP][PASSED] - Start listener action : sampleBeforeTestCase: Navigate to 'https://stg-cms-console.9pay.mobi/login' successfully

12-10-2024T21:33:34 - [TEST_STEP][PASSED] - testCaseId = testCaseContext.getTestCaseId(): null

12-10-2024T21:33:34 - [TEST_STEP][PASSED] - url = <not implemented yet for class: org.codehaus.groovy.ast.expr.EmptyExpression>: null

12-10-2024T21:33:34 - [TEST_STEP][PASSED] - if (testCaseId == "Test Cases/Quản lý tài khoản merchant/Quản lý dịch vụ merchant/TC_14_Kiểm tra thay đổi sau khi cấu hình VA trên MCV"): null

12-10-2024T21:33:34 - [TEST_STEP][PASSED] - else: null

12-10-2024T21:33:34 - [TEST_STEP][PASSED] - url = "https://stg-cms-console.9pay.mobi/login": null

12-10-2024T21:33:34 - [TEST_STEP][PASSED] - openBrowser(""): Browser is opened with url: ''

12-10-2024T21:33:34 - [MESSAGE][WARNING] - A browser is already opened. Closing browser and opening a new one

12-10-2024T21:33:35 - [MESSAGE][INFO] - Starting 'Chrome' driver

12-10-2024T21:33:35 - [MESSAGE][INFO] - Action delay is set to 0 milliseconds

12-10-2024T21:33:35 - [MESSAGE][PASSED] - Browser is opened with url: ''

12-10-2024T21:33:35 - [TEST_STEP][PASSED] - maximizeWindow(): Current window maximized

12-10-2024T21:33:35 - [MESSAGE][PASSED] - Current window maximized

12-10-2024T21:33:35 - [TEST_STEP][PASSED] - navigateToUrl(url): Navigate to 'https://stg-cms-console.9pay.mobi/login' successfully

12-10-2024T21:33:38 - [MESSAGE][PASSED] - Navigate to 'https://stg-cms-console.9pay.mobi/login' successfully

12-10-2024T21:33:38 - [TEST_STEP][PASSED] - waitTime = Integer.parseInt(waitSecond): null

12-10-2024T21:33:38 - [TEST_STEP][PASSED] - callTestCase(findTestCase("Test Cases/Login/LoginCommon"), [:], STOP_ON_FAILURE): Call Test Case 'Test Cases/Login/LoginCommon' successfully

12-10-2024T21:33:38 - [TEST_CASE][PASSED] - Test Cases/Login/LoginCommon: Test Cases/Login/LoginCommon

12-10-2024T21:33:38 - [TEST_STEP][PASSED] - driver = getWebDriver(): null

12-10-2024T21:33:38 - [TEST_STEP][PASSED] - sendKeys(findTestObject("Quản lý tài khoản merchant/Quản lý dịch vụ merchant/userNameTextbox"), userAccount): Keys 'dannt@9pay.vn' sent to object: 'Object Repository/Quản lý tài khoản merchant/Quản lý dịch vụ merchant/userNameTextbox'

12-10-2024T21:33:39 - [MESSAGE][PASSED] - Keys 'dannt@9pay.vn' sent to object: 'Object Repository/Quản lý tài khoản merchant/Quản lý dịch vụ merchant/userNameTextbox'

12-10-2024T21:33:39 - [TEST_STEP][PASSED] - sendKeys(findTestObject("Quản lý tài khoản merchant/Quản lý dịch vụ merchant/passwordTextbox"), password): Keys 'dannt@9pay.vn' sent to object: 'Object Repository/Quản lý tài khoản merchant/Quản lý dịch vụ merchant/passwordTextbox'

12-10-2024T21:33:39 - [MESSAGE][PASSED] - Keys 'dannt@9pay.vn' sent to object: 'Object Repository/Quản lý tài khoản merchant/Quản lý dịch vụ merchant/passwordTextbox'

12-10-2024T21:33:39 - [TEST_STEP][PASSED] - click(findTestObject("Quản lý tài khoản merchant/Quản lý dịch vụ merchant/loginButton")): Object: 'Object Repository/Quản lý tài khoản merchant/Quản lý dịch vụ merchant/loginButton' is clicked on

12-10-2024T21:33:39 - [MESSAGE][PASSED] - Object: 'Object Repository/Quản lý tài khoản merchant/Quản lý dịch vụ merchant/loginButton' is clicked on

12-10-2024T21:33:39 - [MESSAGE][PASSED] - Call Test Case 'Test Cases/Login/LoginCommon' successfully

12-10-2024T21:33:39 - [TEST_STEP][PASSED] - waitForElementVisible(findTestObject("Trang chủ/userName"), waitTime, STOP_ON_FAILURE): Object 'Object Repository/Trang chủ/userName' is visible

12-10-2024T21:33:43 - [MESSAGE][PASSED] - Object 'Object Repository/Trang chủ/userName' is visible

12-10-2024T21:33:43 - [TEST_STEP][PASSED] - callTestCase(findTestCase("Test Cases/Quản lý tài khoản merchant/Quản lý danh sách tài khoản/CustomFunctions"), [:], STOP_ON_FAILURE): Call Test Case 'Test Cases/Quản lý tài khoản merchant/Quản lý danh sách tài khoản/CustomFunctions' successfully

12-10-2024T21:33:43 - [TEST_CASE][PASSED] - Test Cases/Quản lý tài khoản merchant/Quản lý danh sách tài khoản/CustomFunctions: Test Cases/Quản lý tài khoản merchant/Quản lý danh sách tài khoản/CustomFunctions

12-10-2024T21:33:43 - [TEST_STEP][PASSED] - driver = getWebDriver(): null

12-10-2024T21:33:43 - [TEST_STEP][PASSED] - sleep(2000): null

12-10-2024T21:33:45 - [TEST_STEP][PASSED] - element1 = driver.findElement(By.xpath(xpathManagerMC)): null

12-10-2024T21:33:45 - [TEST_STEP][PASSED] - actions = new org.openqa.selenium.interactions.Actions(driver): null

12-10-2024T21:33:45 - [TEST_STEP][PASSED] - click().perform(): null

12-10-2024T21:33:45 - [TEST_STEP][PASSED] - wait = new org.openqa.selenium.support.ui.WebDriverWait(com.kms.katalon.core.webui.driver.DriverFactory.getWebDriver(), 30): null

12-10-2024T21:33:45 - [TEST_STEP][PASSED] - element2 = wait.until(ExpectedConditions.elementToBeClickable(By.xpath(xpathManagerServiceMC))): null

12-10-2024T21:33:46 - [TEST_STEP][PASSED] - click().perform(): null

12-10-2024T21:33:46 - [MESSAGE][PASSED] - Call Test Case 'Test Cases/Quản lý tài khoản merchant/Quản lý danh sách tài khoản/CustomFunctions' successfully

12-10-2024T21:33:46 - [TEST_STEP][PASSED] - driver = getWebDriver(): null

12-10-2024T21:33:46 - [TEST_STEP][PASSED] - dropdown = driver.findElement(By.name("service_type")): null

12-10-2024T21:33:49 - [TEST_STEP][PASSED] - xpath("//option[@value='DEPOSIT_TRANSFER_IB']")).click(): null

12-10-2024T21:33:49 - [TEST_STEP][PASSED] - dropdownStt = driver.findElement(By.name("is_active")): null

12-10-2024T21:33:49 - [TEST_STEP][PASSED] - xpath("//option[@value="1"]")).click(): null

12-10-2024T21:33:49 - [TEST_STEP][PASSED] - click(findTestObject("Quản lý tài khoản merchant/Quản lý dịch vụ merchant/searchBtn")): Object: 'Object Repository/Quản lý tài khoản merchant/Quản lý dịch vụ merchant/searchBtn' is clicked on

12-10-2024T21:33:50 - [MESSAGE][PASSED] - Object: 'Object Repository/Quản lý tài khoản merchant/Quản lý dịch vụ merchant/searchBtn' is clicked on

12-10-2024T21:33:50 - [TEST_STEP][PASSED] - xpathCollectionIB = "//th/span[@class='font-bold col-teal']/i[@class='material-icons' and text()='check_circle']": null

12-10-2024T21:33:50 - [TEST_STEP][PASSED] - xpathSttActive = "//td//span[contains(text(),'Đang hoạt động')]": null

12-10-2024T21:33:50 - [TEST_STEP][PASSED] - CollectionIBs = new java.util.ArrayList(): null

12-10-2024T21:33:50 - [TEST_STEP][PASSED] - SttActives = new java.util.ArrayList(): null

12-10-2024T21:33:50 - [TEST_STEP][PASSED] - CollectionIBs = driver.findElements(By.xpath(xpathCollectionIB)): null

12-10-2024T21:33:53 - [TEST_STEP][PASSED] - SttActives = driver.findElements(By.xpath(xpathSttActive)): null

12-10-2024T21:33:54 - [TEST_STEP][PASSED] - expectedElements = 25: null

12-10-2024T21:33:54 - [TEST_STEP][PASSED] - if (SttActives.size() == expectedElements): Test case đã pass với số lượng icon đúng.

12-10-2024T21:33:54 - [TEST_STEP][PASSED] - println("Số lượng icon tìm thấy là đúng: " + CollectionIBs.size()): null

12-10-2024T21:33:54 - [TEST_STEP][PASSED] - markPassed("Test case đã pass với số lượng icon đúng."): Test case đã pass với số lượng icon đúng.

12-10-2024T21:33:54 - [MESSAGE][PASSED] - Test case đã pass với số lượng icon đúng.

12-10-2024T21:33:54 - [TEST_STEP][PASSED] - Start listener action : sampleAfterTestCase: null

12-10-2024T21:33:54 - [TEST_STEP][PASSED] - testCaseId = testCaseContext.getTestCaseId(): null

12-10-2024T21:33:54 - [TEST_STEP][PASSED] - if (testCaseId == "Test Cases/Quản lý tài khoản merchant/Quản lý dịch vụ merchant/TC_13_Kiểm tra chức năng xác nhận cấu hình thay đổi VA"): null]]></system-out>
         <system-err><![CDATA[]]></system-err>
      </testcase>
      <testcase name="Test Cases/Quản lý tài khoản merchant/Quản lý dịch vụ merchant/TC_07_Kiểm tra chức năng search khi chọn dịch vụ là thu hộ IB và inactive" time="22.531" classname="Test Cases/Quản lý tài khoản merchant/Quản lý dịch vụ merchant/TC_07_Kiểm tra chức năng search khi chọn dịch vụ là thu hộ IB và inactive" status="PASSED">
         <system-out><![CDATA[12-10-2024T21:33:54 - [TEST_CASE][PASSED] - Test Cases/Quản lý tài khoản merchant/Quản lý dịch vụ merchant/TC_07_Kiểm tra chức năng search khi chọn dịch vụ là thu hộ IB và inactive: Test Cases/Quản lý tài khoản merchant/Quản lý dịch vụ merchant/TC_07_Kiểm tra chức năng search khi chọn dịch vụ là thu hộ IB và inactive

12-10-2024T21:33:54 - [TEST_STEP][PASSED] - Start listener action : sampleBeforeTestCase: Navigate to 'https://stg-cms-console.9pay.mobi/login' successfully

12-10-2024T21:33:54 - [TEST_STEP][PASSED] - testCaseId = testCaseContext.getTestCaseId(): null

12-10-2024T21:33:54 - [TEST_STEP][PASSED] - url = <not implemented yet for class: org.codehaus.groovy.ast.expr.EmptyExpression>: null

12-10-2024T21:33:54 - [TEST_STEP][PASSED] - if (testCaseId == "Test Cases/Quản lý tài khoản merchant/Quản lý dịch vụ merchant/TC_14_Kiểm tra thay đổi sau khi cấu hình VA trên MCV"): null

12-10-2024T21:33:54 - [TEST_STEP][PASSED] - else: null

12-10-2024T21:33:54 - [TEST_STEP][PASSED] - url = "https://stg-cms-console.9pay.mobi/login": null

12-10-2024T21:33:54 - [TEST_STEP][PASSED] - openBrowser(""): Browser is opened with url: ''

12-10-2024T21:33:54 - [MESSAGE][WARNING] - A browser is already opened. Closing browser and opening a new one

12-10-2024T21:33:54 - [MESSAGE][INFO] - Starting 'Chrome' driver

12-10-2024T21:33:54 - [MESSAGE][INFO] - Action delay is set to 0 milliseconds

12-10-2024T21:33:54 - [MESSAGE][PASSED] - Browser is opened with url: ''

12-10-2024T21:33:54 - [TEST_STEP][PASSED] - maximizeWindow(): Current window maximized

12-10-2024T21:33:55 - [MESSAGE][PASSED] - Current window maximized

12-10-2024T21:33:55 - [TEST_STEP][PASSED] - navigateToUrl(url): Navigate to 'https://stg-cms-console.9pay.mobi/login' successfully

12-10-2024T21:33:58 - [MESSAGE][PASSED] - Navigate to 'https://stg-cms-console.9pay.mobi/login' successfully

12-10-2024T21:33:58 - [TEST_STEP][PASSED] - waitTime = Integer.parseInt(waitSecond): null

12-10-2024T21:33:58 - [TEST_STEP][PASSED] - callTestCase(findTestCase("Test Cases/Login/LoginCommon"), [:], STOP_ON_FAILURE): Call Test Case 'Test Cases/Login/LoginCommon' successfully

12-10-2024T21:33:58 - [TEST_CASE][PASSED] - Test Cases/Login/LoginCommon: Test Cases/Login/LoginCommon

12-10-2024T21:33:58 - [TEST_STEP][PASSED] - driver = getWebDriver(): null

12-10-2024T21:33:58 - [TEST_STEP][PASSED] - sendKeys(findTestObject("Quản lý tài khoản merchant/Quản lý dịch vụ merchant/userNameTextbox"), userAccount): Keys 'dannt@9pay.vn' sent to object: 'Object Repository/Quản lý tài khoản merchant/Quản lý dịch vụ merchant/userNameTextbox'

12-10-2024T21:33:59 - [MESSAGE][PASSED] - Keys 'dannt@9pay.vn' sent to object: 'Object Repository/Quản lý tài khoản merchant/Quản lý dịch vụ merchant/userNameTextbox'

12-10-2024T21:33:59 - [TEST_STEP][PASSED] - sendKeys(findTestObject("Quản lý tài khoản merchant/Quản lý dịch vụ merchant/passwordTextbox"), password): Keys 'dannt@9pay.vn' sent to object: 'Object Repository/Quản lý tài khoản merchant/Quản lý dịch vụ merchant/passwordTextbox'

12-10-2024T21:33:59 - [MESSAGE][PASSED] - Keys 'dannt@9pay.vn' sent to object: 'Object Repository/Quản lý tài khoản merchant/Quản lý dịch vụ merchant/passwordTextbox'

12-10-2024T21:33:59 - [TEST_STEP][PASSED] - click(findTestObject("Quản lý tài khoản merchant/Quản lý dịch vụ merchant/loginButton")): Object: 'Object Repository/Quản lý tài khoản merchant/Quản lý dịch vụ merchant/loginButton' is clicked on

12-10-2024T21:33:59 - [MESSAGE][PASSED] - Object: 'Object Repository/Quản lý tài khoản merchant/Quản lý dịch vụ merchant/loginButton' is clicked on

12-10-2024T21:33:59 - [MESSAGE][PASSED] - Call Test Case 'Test Cases/Login/LoginCommon' successfully

12-10-2024T21:33:59 - [TEST_STEP][PASSED] - waitForElementVisible(findTestObject("Trang chủ/userName"), waitTime, STOP_ON_FAILURE): Object 'Object Repository/Trang chủ/userName' is visible

12-10-2024T21:34:01 - [MESSAGE][PASSED] - Object 'Object Repository/Trang chủ/userName' is visible

12-10-2024T21:34:01 - [TEST_STEP][PASSED] - callTestCase(findTestCase("Test Cases/Quản lý tài khoản merchant/Quản lý danh sách tài khoản/CustomFunctions"), [:], STOP_ON_FAILURE): Call Test Case 'Test Cases/Quản lý tài khoản merchant/Quản lý danh sách tài khoản/CustomFunctions' successfully

12-10-2024T21:34:01 - [TEST_CASE][PASSED] - Test Cases/Quản lý tài khoản merchant/Quản lý danh sách tài khoản/CustomFunctions: Test Cases/Quản lý tài khoản merchant/Quản lý danh sách tài khoản/CustomFunctions

12-10-2024T21:34:01 - [TEST_STEP][PASSED] - driver = getWebDriver(): null

12-10-2024T21:34:01 - [TEST_STEP][PASSED] - sleep(2000): null

12-10-2024T21:34:03 - [TEST_STEP][PASSED] - element1 = driver.findElement(By.xpath(xpathManagerMC)): null

12-10-2024T21:34:11 - [TEST_STEP][PASSED] - actions = new org.openqa.selenium.interactions.Actions(driver): null

12-10-2024T21:34:11 - [TEST_STEP][PASSED] - click().perform(): null

12-10-2024T21:34:11 - [TEST_STEP][PASSED] - wait = new org.openqa.selenium.support.ui.WebDriverWait(com.kms.katalon.core.webui.driver.DriverFactory.getWebDriver(), 30): null

12-10-2024T21:34:11 - [TEST_STEP][PASSED] - element2 = wait.until(ExpectedConditions.elementToBeClickable(By.xpath(xpathManagerServiceMC))): null

12-10-2024T21:34:12 - [TEST_STEP][PASSED] - click().perform(): null

12-10-2024T21:34:12 - [MESSAGE][PASSED] - Call Test Case 'Test Cases/Quản lý tài khoản merchant/Quản lý danh sách tài khoản/CustomFunctions' successfully

12-10-2024T21:34:12 - [TEST_STEP][PASSED] - driver = getWebDriver(): null

12-10-2024T21:34:12 - [TEST_STEP][PASSED] - dropdown = driver.findElement(By.name("service_type")): null

12-10-2024T21:34:13 - [TEST_STEP][PASSED] - dropdownStt = driver.findElement(By.name("is_active")): null

12-10-2024T21:34:13 - [TEST_STEP][PASSED] - xpath("//option[@value='DEPOSIT_TRANSFER_IB']")).click(): null

12-10-2024T21:34:14 - [TEST_STEP][PASSED] - xpath("//option[@value="0"]")).click(): null

12-10-2024T21:34:14 - [TEST_STEP][PASSED] - click(findTestObject("Quản lý tài khoản merchant/Quản lý dịch vụ merchant/searchBtn")): Object: 'Object Repository/Quản lý tài khoản merchant/Quản lý dịch vụ merchant/searchBtn' is clicked on

12-10-2024T21:34:14 - [MESSAGE][PASSED] - Object: 'Object Repository/Quản lý tài khoản merchant/Quản lý dịch vụ merchant/searchBtn' is clicked on

12-10-2024T21:34:14 - [TEST_STEP][PASSED] - xpathCollectionIB = "//th/span[@class='font-bold col-teal']/i[@class='material-icons' and text()='check_circle']": null

12-10-2024T21:34:14 - [TEST_STEP][PASSED] - xpathSttInactive = "//td//span[contains(text(),'Không hoạt động')]": null

12-10-2024T21:34:14 - [TEST_STEP][PASSED] - CollectionIBs = new java.util.ArrayList(): null

12-10-2024T21:34:14 - [TEST_STEP][PASSED] - SttInactives = new java.util.ArrayList(): null

12-10-2024T21:34:14 - [TEST_STEP][PASSED] - CollectionIBs = driver.findElements(By.xpath(xpathCollectionIB)): null

12-10-2024T21:34:16 - [TEST_STEP][PASSED] - SttInactives = driver.findElements(By.xpath(xpathSttInactive)): null

12-10-2024T21:34:16 - [TEST_STEP][PASSED] - for (org.openqa.selenium.WebElement element : SttInactives): null

12-10-2024T21:34:16 - [TEST_STEP][PASSED] - elementText = element.getText(): null

12-10-2024T21:34:16 - [TEST_STEP][PASSED] - if (elementText == "Không hoạt động"): null

12-10-2024T21:34:16 - [TEST_STEP][PASSED] - println("Element text is correct: " + elementText): null

12-10-2024T21:34:16 - [TEST_STEP][PASSED] - elementText = element.getText(): null

12-10-2024T21:34:16 - [TEST_STEP][PASSED] - if (elementText == "Không hoạt động"): null

12-10-2024T21:34:16 - [TEST_STEP][PASSED] - println("Element text is correct: " + elementText): null

12-10-2024T21:34:16 - [TEST_STEP][PASSED] - elementText = element.getText(): null

12-10-2024T21:34:16 - [TEST_STEP][PASSED] - if (elementText == "Không hoạt động"): null

12-10-2024T21:34:16 - [TEST_STEP][PASSED] - println("Element text is correct: " + elementText): null

12-10-2024T21:34:16 - [TEST_STEP][PASSED] - elementText = element.getText(): null

12-10-2024T21:34:16 - [TEST_STEP][PASSED] - if (elementText == "Không hoạt động"): null

12-10-2024T21:34:16 - [TEST_STEP][PASSED] - println("Element text is correct: " + elementText): null

12-10-2024T21:34:16 - [TEST_STEP][PASSED] - Start listener action : sampleAfterTestCase: null

12-10-2024T21:34:16 - [TEST_STEP][PASSED] - testCaseId = testCaseContext.getTestCaseId(): null

12-10-2024T21:34:16 - [TEST_STEP][PASSED] - if (testCaseId == "Test Cases/Quản lý tài khoản merchant/Quản lý dịch vụ merchant/TC_13_Kiểm tra chức năng xác nhận cấu hình thay đổi VA"): null]]></system-out>
         <system-err><![CDATA[]]></system-err>
      </testcase>
      <testcase name="Test Cases/Quản lý tài khoản merchant/Quản lý dịch vụ merchant/TC_08_Kiểm tra chức năng search khi chọn dịch vụ là thu hộ Va" time="17.573" classname="Test Cases/Quản lý tài khoản merchant/Quản lý dịch vụ merchant/TC_08_Kiểm tra chức năng search khi chọn dịch vụ là thu hộ Va" status="PASSED">
         <system-out><![CDATA[12-10-2024T21:34:16 - [TEST_CASE][PASSED] - Test Cases/Quản lý tài khoản merchant/Quản lý dịch vụ merchant/TC_08_Kiểm tra chức năng search khi chọn dịch vụ là thu hộ Va: Test Cases/Quản lý tài khoản merchant/Quản lý dịch vụ merchant/TC_08_Kiểm tra chức năng search khi chọn dịch vụ là thu hộ Va

12-10-2024T21:34:16 - [TEST_STEP][PASSED] - Start listener action : sampleBeforeTestCase: Navigate to 'https://stg-cms-console.9pay.mobi/login' successfully

12-10-2024T21:34:16 - [TEST_STEP][PASSED] - testCaseId = testCaseContext.getTestCaseId(): null

12-10-2024T21:34:16 - [TEST_STEP][PASSED] - url = <not implemented yet for class: org.codehaus.groovy.ast.expr.EmptyExpression>: null

12-10-2024T21:34:16 - [TEST_STEP][PASSED] - if (testCaseId == "Test Cases/Quản lý tài khoản merchant/Quản lý dịch vụ merchant/TC_14_Kiểm tra thay đổi sau khi cấu hình VA trên MCV"): null

12-10-2024T21:34:16 - [TEST_STEP][PASSED] - else: null

12-10-2024T21:34:16 - [TEST_STEP][PASSED] - url = "https://stg-cms-console.9pay.mobi/login": null

12-10-2024T21:34:16 - [TEST_STEP][PASSED] - openBrowser(""): Browser is opened with url: ''

12-10-2024T21:34:16 - [MESSAGE][WARNING] - A browser is already opened. Closing browser and opening a new one

12-10-2024T21:34:16 - [MESSAGE][INFO] - Starting 'Chrome' driver

12-10-2024T21:34:16 - [MESSAGE][INFO] - Action delay is set to 0 milliseconds

12-10-2024T21:34:17 - [MESSAGE][PASSED] - Browser is opened with url: ''

12-10-2024T21:34:17 - [TEST_STEP][PASSED] - maximizeWindow(): Current window maximized

12-10-2024T21:34:17 - [MESSAGE][PASSED] - Current window maximized

12-10-2024T21:34:17 - [TEST_STEP][PASSED] - navigateToUrl(url): Navigate to 'https://stg-cms-console.9pay.mobi/login' successfully

12-10-2024T21:34:18 - [MESSAGE][PASSED] - Navigate to 'https://stg-cms-console.9pay.mobi/login' successfully

12-10-2024T21:34:18 - [TEST_STEP][PASSED] - waitTime = Integer.parseInt(waitSecond): null

12-10-2024T21:34:18 - [TEST_STEP][PASSED] - callTestCase(findTestCase("Test Cases/Login/LoginCommon"), [:], STOP_ON_FAILURE): Call Test Case 'Test Cases/Login/LoginCommon' successfully

12-10-2024T21:34:18 - [TEST_CASE][PASSED] - Test Cases/Login/LoginCommon: Test Cases/Login/LoginCommon

12-10-2024T21:34:18 - [TEST_STEP][PASSED] - driver = getWebDriver(): null

12-10-2024T21:34:18 - [TEST_STEP][PASSED] - sendKeys(findTestObject("Quản lý tài khoản merchant/Quản lý dịch vụ merchant/userNameTextbox"), userAccount): Keys 'dannt@9pay.vn' sent to object: 'Object Repository/Quản lý tài khoản merchant/Quản lý dịch vụ merchant/userNameTextbox'

12-10-2024T21:34:24 - [MESSAGE][PASSED] - Keys 'dannt@9pay.vn' sent to object: 'Object Repository/Quản lý tài khoản merchant/Quản lý dịch vụ merchant/userNameTextbox'

12-10-2024T21:34:24 - [TEST_STEP][PASSED] - sendKeys(findTestObject("Quản lý tài khoản merchant/Quản lý dịch vụ merchant/passwordTextbox"), password): Keys 'dannt@9pay.vn' sent to object: 'Object Repository/Quản lý tài khoản merchant/Quản lý dịch vụ merchant/passwordTextbox'

12-10-2024T21:34:24 - [MESSAGE][PASSED] - Keys 'dannt@9pay.vn' sent to object: 'Object Repository/Quản lý tài khoản merchant/Quản lý dịch vụ merchant/passwordTextbox'

12-10-2024T21:34:24 - [TEST_STEP][PASSED] - click(findTestObject("Quản lý tài khoản merchant/Quản lý dịch vụ merchant/loginButton")): Object: 'Object Repository/Quản lý tài khoản merchant/Quản lý dịch vụ merchant/loginButton' is clicked on

12-10-2024T21:34:24 - [MESSAGE][PASSED] - Object: 'Object Repository/Quản lý tài khoản merchant/Quản lý dịch vụ merchant/loginButton' is clicked on

12-10-2024T21:34:24 - [MESSAGE][PASSED] - Call Test Case 'Test Cases/Login/LoginCommon' successfully

12-10-2024T21:34:24 - [TEST_STEP][PASSED] - waitForElementVisible(findTestObject("Trang chủ/userName"), waitTime, STOP_ON_FAILURE): Object 'Object Repository/Trang chủ/userName' is visible

12-10-2024T21:34:28 - [MESSAGE][PASSED] - Object 'Object Repository/Trang chủ/userName' is visible

12-10-2024T21:34:28 - [TEST_STEP][PASSED] - callTestCase(findTestCase("Test Cases/Quản lý tài khoản merchant/Quản lý danh sách tài khoản/CustomFunctions"), [:], STOP_ON_FAILURE): Call Test Case 'Test Cases/Quản lý tài khoản merchant/Quản lý danh sách tài khoản/CustomFunctions' successfully

12-10-2024T21:34:28 - [TEST_CASE][PASSED] - Test Cases/Quản lý tài khoản merchant/Quản lý danh sách tài khoản/CustomFunctions: Test Cases/Quản lý tài khoản merchant/Quản lý danh sách tài khoản/CustomFunctions

12-10-2024T21:34:28 - [TEST_STEP][PASSED] - driver = getWebDriver(): null

12-10-2024T21:34:28 - [TEST_STEP][PASSED] - sleep(2000): null

12-10-2024T21:34:30 - [TEST_STEP][PASSED] - element1 = driver.findElement(By.xpath(xpathManagerMC)): null

12-10-2024T21:34:30 - [TEST_STEP][PASSED] - actions = new org.openqa.selenium.interactions.Actions(driver): null

12-10-2024T21:34:30 - [TEST_STEP][PASSED] - click().perform(): null

12-10-2024T21:34:30 - [TEST_STEP][PASSED] - wait = new org.openqa.selenium.support.ui.WebDriverWait(com.kms.katalon.core.webui.driver.DriverFactory.getWebDriver(), 30): null

12-10-2024T21:34:30 - [TEST_STEP][PASSED] - element2 = wait.until(ExpectedConditions.elementToBeClickable(By.xpath(xpathManagerServiceMC))): null

12-10-2024T21:34:30 - [TEST_STEP][PASSED] - click().perform(): null

12-10-2024T21:34:31 - [MESSAGE][PASSED] - Call Test Case 'Test Cases/Quản lý tài khoản merchant/Quản lý danh sách tài khoản/CustomFunctions' successfully

12-10-2024T21:34:31 - [TEST_STEP][PASSED] - driver = getWebDriver(): null

12-10-2024T21:34:31 - [TEST_STEP][PASSED] - dropdown = driver.findElement(By.name("service_type")): null

12-10-2024T21:34:32 - [TEST_STEP][PASSED] - xpath("//option[@value='DEPOSIT_TRANSFER_VA']")).click(): null

12-10-2024T21:34:32 - [TEST_STEP][PASSED] - click(findTestObject("Quản lý tài khoản merchant/Quản lý dịch vụ merchant/searchBtn")): Object: 'Object Repository/Quản lý tài khoản merchant/Quản lý dịch vụ merchant/searchBtn' is clicked on

12-10-2024T21:34:32 - [MESSAGE][PASSED] - Object: 'Object Repository/Quản lý tài khoản merchant/Quản lý dịch vụ merchant/searchBtn' is clicked on

12-10-2024T21:34:32 - [TEST_STEP][PASSED] - xpath = "//label[contains(@for, 'bank_va_TECHCOMBANK')]": null

12-10-2024T21:34:32 - [TEST_STEP][PASSED] - elements = new java.util.ArrayList(): null

12-10-2024T21:34:32 - [TEST_STEP][PASSED] - elements = driver.findElements(By.xpath(xpath)): null

12-10-2024T21:34:34 - [TEST_STEP][PASSED] - println("Số lượng phần tử: " + elements.size()): null

12-10-2024T21:34:34 - [TEST_STEP][PASSED] - expectedElements = 24: null

12-10-2024T21:34:34 - [TEST_STEP][PASSED] - if (elements.size() == expectedElements): Test case đã pass với số lượng icon đúng.

12-10-2024T21:34:34 - [TEST_STEP][PASSED] - println("Số lượng icon tìm thấy là đúng: " + elements.size()): null

12-10-2024T21:34:34 - [TEST_STEP][PASSED] - markPassed("Test case đã pass với số lượng icon đúng."): Test case đã pass với số lượng icon đúng.

12-10-2024T21:34:34 - [MESSAGE][PASSED] - Test case đã pass với số lượng icon đúng.

12-10-2024T21:34:34 - [TEST_STEP][PASSED] - Start listener action : sampleAfterTestCase: null

12-10-2024T21:34:34 - [TEST_STEP][PASSED] - testCaseId = testCaseContext.getTestCaseId(): null

12-10-2024T21:34:34 - [TEST_STEP][PASSED] - if (testCaseId == "Test Cases/Quản lý tài khoản merchant/Quản lý dịch vụ merchant/TC_13_Kiểm tra chức năng xác nhận cấu hình thay đổi VA"): null]]></system-out>
         <system-err><![CDATA[]]></system-err>
      </testcase>
      <testcase name="Test Cases/Quản lý tài khoản merchant/Quản lý dịch vụ merchant/TC_09_Kiểm tra chức năng search khi chọn dịch vụ là thu hộ Va và active" time="18.971" classname="Test Cases/Quản lý tài khoản merchant/Quản lý dịch vụ merchant/TC_09_Kiểm tra chức năng search khi chọn dịch vụ là thu hộ Va và active" status="PASSED">
         <system-out><![CDATA[12-10-2024T21:34:34 - [TEST_CASE][PASSED] - Test Cases/Quản lý tài khoản merchant/Quản lý dịch vụ merchant/TC_09_Kiểm tra chức năng search khi chọn dịch vụ là thu hộ Va và active: Test Cases/Quản lý tài khoản merchant/Quản lý dịch vụ merchant/TC_09_Kiểm tra chức năng search khi chọn dịch vụ là thu hộ Va và active

12-10-2024T21:34:34 - [TEST_STEP][PASSED] - Start listener action : sampleBeforeTestCase: Navigate to 'https://stg-cms-console.9pay.mobi/login' successfully

12-10-2024T21:34:34 - [TEST_STEP][PASSED] - testCaseId = testCaseContext.getTestCaseId(): null

12-10-2024T21:34:34 - [TEST_STEP][PASSED] - url = <not implemented yet for class: org.codehaus.groovy.ast.expr.EmptyExpression>: null

12-10-2024T21:34:34 - [TEST_STEP][PASSED] - if (testCaseId == "Test Cases/Quản lý tài khoản merchant/Quản lý dịch vụ merchant/TC_14_Kiểm tra thay đổi sau khi cấu hình VA trên MCV"): null

12-10-2024T21:34:34 - [TEST_STEP][PASSED] - else: null

12-10-2024T21:34:34 - [TEST_STEP][PASSED] - url = "https://stg-cms-console.9pay.mobi/login": null

12-10-2024T21:34:34 - [TEST_STEP][PASSED] - openBrowser(""): Browser is opened with url: ''

12-10-2024T21:34:34 - [MESSAGE][WARNING] - A browser is already opened. Closing browser and opening a new one

12-10-2024T21:34:34 - [MESSAGE][INFO] - Starting 'Chrome' driver

12-10-2024T21:34:34 - [MESSAGE][INFO] - Action delay is set to 0 milliseconds

12-10-2024T21:34:34 - [MESSAGE][PASSED] - Browser is opened with url: ''

12-10-2024T21:34:34 - [TEST_STEP][PASSED] - maximizeWindow(): Current window maximized

12-10-2024T21:34:35 - [MESSAGE][PASSED] - Current window maximized

12-10-2024T21:34:35 - [TEST_STEP][PASSED] - navigateToUrl(url): Navigate to 'https://stg-cms-console.9pay.mobi/login' successfully

12-10-2024T21:34:41 - [MESSAGE][PASSED] - Navigate to 'https://stg-cms-console.9pay.mobi/login' successfully

12-10-2024T21:34:41 - [TEST_STEP][PASSED] - waitTime = Integer.parseInt(waitSecond): null

12-10-2024T21:34:41 - [TEST_STEP][PASSED] - callTestCase(findTestCase("Test Cases/Login/LoginCommon"), [:], STOP_ON_FAILURE): Call Test Case 'Test Cases/Login/LoginCommon' successfully

12-10-2024T21:34:41 - [TEST_CASE][PASSED] - Test Cases/Login/LoginCommon: Test Cases/Login/LoginCommon

12-10-2024T21:34:41 - [TEST_STEP][PASSED] - driver = getWebDriver(): null

12-10-2024T21:34:41 - [TEST_STEP][PASSED] - sendKeys(findTestObject("Quản lý tài khoản merchant/Quản lý dịch vụ merchant/userNameTextbox"), userAccount): Keys 'dannt@9pay.vn' sent to object: 'Object Repository/Quản lý tài khoản merchant/Quản lý dịch vụ merchant/userNameTextbox'

12-10-2024T21:34:41 - [MESSAGE][PASSED] - Keys 'dannt@9pay.vn' sent to object: 'Object Repository/Quản lý tài khoản merchant/Quản lý dịch vụ merchant/userNameTextbox'

12-10-2024T21:34:41 - [TEST_STEP][PASSED] - sendKeys(findTestObject("Quản lý tài khoản merchant/Quản lý dịch vụ merchant/passwordTextbox"), password): Keys 'dannt@9pay.vn' sent to object: 'Object Repository/Quản lý tài khoản merchant/Quản lý dịch vụ merchant/passwordTextbox'

12-10-2024T21:34:42 - [MESSAGE][PASSED] - Keys 'dannt@9pay.vn' sent to object: 'Object Repository/Quản lý tài khoản merchant/Quản lý dịch vụ merchant/passwordTextbox'

12-10-2024T21:34:42 - [TEST_STEP][PASSED] - click(findTestObject("Quản lý tài khoản merchant/Quản lý dịch vụ merchant/loginButton")): Object: 'Object Repository/Quản lý tài khoản merchant/Quản lý dịch vụ merchant/loginButton' is clicked on

12-10-2024T21:34:42 - [MESSAGE][PASSED] - Object: 'Object Repository/Quản lý tài khoản merchant/Quản lý dịch vụ merchant/loginButton' is clicked on

12-10-2024T21:34:42 - [MESSAGE][PASSED] - Call Test Case 'Test Cases/Login/LoginCommon' successfully

12-10-2024T21:34:42 - [TEST_STEP][PASSED] - waitForElementVisible(findTestObject("Trang chủ/userName"), waitTime, STOP_ON_FAILURE): Object 'Object Repository/Trang chủ/userName' is visible

12-10-2024T21:34:46 - [MESSAGE][PASSED] - Object 'Object Repository/Trang chủ/userName' is visible

12-10-2024T21:34:46 - [TEST_STEP][PASSED] - callTestCase(findTestCase("Test Cases/Quản lý tài khoản merchant/Quản lý danh sách tài khoản/CustomFunctions"), [:], STOP_ON_FAILURE): Call Test Case 'Test Cases/Quản lý tài khoản merchant/Quản lý danh sách tài khoản/CustomFunctions' successfully

12-10-2024T21:34:46 - [TEST_CASE][PASSED] - Test Cases/Quản lý tài khoản merchant/Quản lý danh sách tài khoản/CustomFunctions: Test Cases/Quản lý tài khoản merchant/Quản lý danh sách tài khoản/CustomFunctions

12-10-2024T21:34:46 - [TEST_STEP][PASSED] - driver = getWebDriver(): null

12-10-2024T21:34:46 - [TEST_STEP][PASSED] - sleep(2000): null

12-10-2024T21:34:48 - [TEST_STEP][PASSED] - element1 = driver.findElement(By.xpath(xpathManagerMC)): null

12-10-2024T21:34:48 - [TEST_STEP][PASSED] - actions = new org.openqa.selenium.interactions.Actions(driver): null

12-10-2024T21:34:48 - [TEST_STEP][PASSED] - click().perform(): null

12-10-2024T21:34:48 - [TEST_STEP][PASSED] - wait = new org.openqa.selenium.support.ui.WebDriverWait(com.kms.katalon.core.webui.driver.DriverFactory.getWebDriver(), 30): null

12-10-2024T21:34:48 - [TEST_STEP][PASSED] - element2 = wait.until(ExpectedConditions.elementToBeClickable(By.xpath(xpathManagerServiceMC))): null

12-10-2024T21:34:48 - [TEST_STEP][PASSED] - click().perform(): null

12-10-2024T21:34:49 - [MESSAGE][PASSED] - Call Test Case 'Test Cases/Quản lý tài khoản merchant/Quản lý danh sách tài khoản/CustomFunctions' successfully

12-10-2024T21:34:49 - [TEST_STEP][PASSED] - driver = getWebDriver(): null

12-10-2024T21:34:49 - [TEST_STEP][PASSED] - dropdown = driver.findElement(By.name("service_type")): null

12-10-2024T21:34:50 - [TEST_STEP][PASSED] - dropdownStt = driver.findElement(By.name("is_active")): null

12-10-2024T21:34:50 - [TEST_STEP][PASSED] - xpath("//option[@value='DEPOSIT_TRANSFER_VA']")).click(): null

12-10-2024T21:34:50 - [TEST_STEP][PASSED] - xpath("//option[@value="1"]")).click(): null

12-10-2024T21:34:51 - [TEST_STEP][PASSED] - click(findTestObject("Quản lý tài khoản merchant/Quản lý dịch vụ merchant/searchBtn")): Object: 'Object Repository/Quản lý tài khoản merchant/Quản lý dịch vụ merchant/searchBtn' is clicked on

12-10-2024T21:34:51 - [MESSAGE][PASSED] - Object: 'Object Repository/Quản lý tài khoản merchant/Quản lý dịch vụ merchant/searchBtn' is clicked on

12-10-2024T21:34:51 - [TEST_STEP][PASSED] - xpath = "//label[contains(@for, 'bank_va_TECHCOMBANK')]": null

12-10-2024T21:34:51 - [TEST_STEP][PASSED] - xpathSttActive = "//td//span[contains(text(),'Đang hoạt động')]": null

12-10-2024T21:34:51 - [TEST_STEP][PASSED] - elements = new java.util.ArrayList(): null

12-10-2024T21:34:51 - [TEST_STEP][PASSED] - SttActives = new java.util.ArrayList(): null

12-10-2024T21:34:51 - [TEST_STEP][PASSED] - elements = driver.findElements(By.xpath(xpath)): null

12-10-2024T21:34:52 - [TEST_STEP][PASSED] - SttActives = driver.findElements(By.xpath(xpathSttActive)): null

12-10-2024T21:34:53 - [TEST_STEP][PASSED] - println("Số lượng phần tử: " + elements.size()): null

12-10-2024T21:34:53 - [TEST_STEP][PASSED] - println("Số lượng phần tử: " + SttActives.size()): null

12-10-2024T21:34:53 - [TEST_STEP][PASSED] - expectedElementStt = 25: null

12-10-2024T21:34:53 - [TEST_STEP][PASSED] - expectedElements = 24: null

12-10-2024T21:34:53 - [TEST_STEP][PASSED] - if (elements.size() == expectedElements && SttActives.size() == expectedElementStt): Test case đã pass với số lượng icon đúng.

12-10-2024T21:34:53 - [TEST_STEP][PASSED] - println("Số lượng icon tìm thấy là đúng: " + elements.size()): null

12-10-2024T21:34:53 - [TEST_STEP][PASSED] - markPassed("Test case đã pass với số lượng icon đúng."): Test case đã pass với số lượng icon đúng.

12-10-2024T21:34:53 - [MESSAGE][PASSED] - Test case đã pass với số lượng icon đúng.

12-10-2024T21:34:53 - [TEST_STEP][PASSED] - Start listener action : sampleAfterTestCase: null

12-10-2024T21:34:53 - [TEST_STEP][PASSED] - testCaseId = testCaseContext.getTestCaseId(): null

12-10-2024T21:34:53 - [TEST_STEP][PASSED] - if (testCaseId == "Test Cases/Quản lý tài khoản merchant/Quản lý dịch vụ merchant/TC_13_Kiểm tra chức năng xác nhận cấu hình thay đổi VA"): null]]></system-out>
         <system-err><![CDATA[]]></system-err>
      </testcase>
      <testcase name="Test Cases/Quản lý tài khoản merchant/Quản lý dịch vụ merchant/TC_10_Kiểm tra chức năng search khi chọn dịch vụ là thu hộ VA và inactive" time="30.429" classname="Test Cases/Quản lý tài khoản merchant/Quản lý dịch vụ merchant/TC_10_Kiểm tra chức năng search khi chọn dịch vụ là thu hộ VA và inactive" status="PASSED">
         <system-out><![CDATA[12-10-2024T21:34:53 - [TEST_CASE][PASSED] - Test Cases/Quản lý tài khoản merchant/Quản lý dịch vụ merchant/TC_10_Kiểm tra chức năng search khi chọn dịch vụ là thu hộ VA và inactive: Test Cases/Quản lý tài khoản merchant/Quản lý dịch vụ merchant/TC_10_Kiểm tra chức năng search khi chọn dịch vụ là thu hộ VA và inactive

12-10-2024T21:34:53 - [TEST_STEP][PASSED] - Start listener action : sampleBeforeTestCase: Navigate to 'https://stg-cms-console.9pay.mobi/login' successfully

12-10-2024T21:34:53 - [TEST_STEP][PASSED] - testCaseId = testCaseContext.getTestCaseId(): null

12-10-2024T21:34:53 - [TEST_STEP][PASSED] - url = <not implemented yet for class: org.codehaus.groovy.ast.expr.EmptyExpression>: null

12-10-2024T21:34:53 - [TEST_STEP][PASSED] - if (testCaseId == "Test Cases/Quản lý tài khoản merchant/Quản lý dịch vụ merchant/TC_14_Kiểm tra thay đổi sau khi cấu hình VA trên MCV"): null

12-10-2024T21:34:53 - [TEST_STEP][PASSED] - else: null

12-10-2024T21:34:53 - [TEST_STEP][PASSED] - url = "https://stg-cms-console.9pay.mobi/login": null

12-10-2024T21:34:53 - [TEST_STEP][PASSED] - openBrowser(""): Browser is opened with url: ''

12-10-2024T21:34:53 - [MESSAGE][WARNING] - A browser is already opened. Closing browser and opening a new one

12-10-2024T21:34:53 - [MESSAGE][INFO] - Starting 'Chrome' driver

12-10-2024T21:34:53 - [MESSAGE][INFO] - Action delay is set to 0 milliseconds

12-10-2024T21:34:53 - [MESSAGE][PASSED] - Browser is opened with url: ''

12-10-2024T21:34:53 - [TEST_STEP][PASSED] - maximizeWindow(): Current window maximized

12-10-2024T21:34:54 - [MESSAGE][PASSED] - Current window maximized

12-10-2024T21:34:54 - [TEST_STEP][PASSED] - navigateToUrl(url): Navigate to 'https://stg-cms-console.9pay.mobi/login' successfully

12-10-2024T21:34:56 - [MESSAGE][PASSED] - Navigate to 'https://stg-cms-console.9pay.mobi/login' successfully

12-10-2024T21:34:56 - [TEST_STEP][PASSED] - waitTime = Integer.parseInt(waitSecond): null

12-10-2024T21:34:56 - [TEST_STEP][PASSED] - callTestCase(findTestCase("Test Cases/Login/LoginCommon"), [:], STOP_ON_FAILURE): Call Test Case 'Test Cases/Login/LoginCommon' successfully

12-10-2024T21:34:56 - [TEST_CASE][PASSED] - Test Cases/Login/LoginCommon: Test Cases/Login/LoginCommon

12-10-2024T21:34:56 - [TEST_STEP][PASSED] - driver = getWebDriver(): null

12-10-2024T21:34:56 - [TEST_STEP][PASSED] - sendKeys(findTestObject("Quản lý tài khoản merchant/Quản lý dịch vụ merchant/userNameTextbox"), userAccount): Keys 'dannt@9pay.vn' sent to object: 'Object Repository/Quản lý tài khoản merchant/Quản lý dịch vụ merchant/userNameTextbox'

12-10-2024T21:34:57 - [MESSAGE][PASSED] - Keys 'dannt@9pay.vn' sent to object: 'Object Repository/Quản lý tài khoản merchant/Quản lý dịch vụ merchant/userNameTextbox'

12-10-2024T21:34:57 - [TEST_STEP][PASSED] - sendKeys(findTestObject("Quản lý tài khoản merchant/Quản lý dịch vụ merchant/passwordTextbox"), password): Keys 'dannt@9pay.vn' sent to object: 'Object Repository/Quản lý tài khoản merchant/Quản lý dịch vụ merchant/passwordTextbox'

12-10-2024T21:34:57 - [MESSAGE][PASSED] - Keys 'dannt@9pay.vn' sent to object: 'Object Repository/Quản lý tài khoản merchant/Quản lý dịch vụ merchant/passwordTextbox'

12-10-2024T21:34:57 - [TEST_STEP][PASSED] - click(findTestObject("Quản lý tài khoản merchant/Quản lý dịch vụ merchant/loginButton")): Object: 'Object Repository/Quản lý tài khoản merchant/Quản lý dịch vụ merchant/loginButton' is clicked on

12-10-2024T21:34:57 - [MESSAGE][PASSED] - Object: 'Object Repository/Quản lý tài khoản merchant/Quản lý dịch vụ merchant/loginButton' is clicked on

12-10-2024T21:34:57 - [MESSAGE][PASSED] - Call Test Case 'Test Cases/Login/LoginCommon' successfully

12-10-2024T21:34:57 - [TEST_STEP][PASSED] - waitForElementVisible(findTestObject("Trang chủ/userName"), waitTime, STOP_ON_FAILURE): Object 'Object Repository/Trang chủ/userName' is visible

12-10-2024T21:35:16 - [MESSAGE][PASSED] - Object 'Object Repository/Trang chủ/userName' is visible

12-10-2024T21:35:16 - [TEST_STEP][PASSED] - callTestCase(findTestCase("Test Cases/Quản lý tài khoản merchant/Quản lý danh sách tài khoản/CustomFunctions"), [:], STOP_ON_FAILURE): Call Test Case 'Test Cases/Quản lý tài khoản merchant/Quản lý danh sách tài khoản/CustomFunctions' successfully

12-10-2024T21:35:16 - [TEST_CASE][PASSED] - Test Cases/Quản lý tài khoản merchant/Quản lý danh sách tài khoản/CustomFunctions: Test Cases/Quản lý tài khoản merchant/Quản lý danh sách tài khoản/CustomFunctions

12-10-2024T21:35:16 - [TEST_STEP][PASSED] - driver = getWebDriver(): null

12-10-2024T21:35:16 - [TEST_STEP][PASSED] - sleep(2000): null

12-10-2024T21:35:18 - [TEST_STEP][PASSED] - element1 = driver.findElement(By.xpath(xpathManagerMC)): null

12-10-2024T21:35:19 - [TEST_STEP][PASSED] - actions = new org.openqa.selenium.interactions.Actions(driver): null

12-10-2024T21:35:19 - [TEST_STEP][PASSED] - click().perform(): null

12-10-2024T21:35:19 - [TEST_STEP][PASSED] - wait = new org.openqa.selenium.support.ui.WebDriverWait(com.kms.katalon.core.webui.driver.DriverFactory.getWebDriver(), 30): null

12-10-2024T21:35:19 - [TEST_STEP][PASSED] - element2 = wait.until(ExpectedConditions.elementToBeClickable(By.xpath(xpathManagerServiceMC))): null

12-10-2024T21:35:19 - [TEST_STEP][PASSED] - click().perform(): null

12-10-2024T21:35:19 - [MESSAGE][PASSED] - Call Test Case 'Test Cases/Quản lý tài khoản merchant/Quản lý danh sách tài khoản/CustomFunctions' successfully

12-10-2024T21:35:19 - [TEST_STEP][PASSED] - driver = getWebDriver(): null

12-10-2024T21:35:19 - [TEST_STEP][PASSED] - dropdown = driver.findElement(By.name("service_type")): null

12-10-2024T21:35:21 - [TEST_STEP][PASSED] - dropdownStt = driver.findElement(By.name("is_active")): null

12-10-2024T21:35:21 - [TEST_STEP][PASSED] - xpath("//option[@value='DEPOSIT_TRANSFER_VA']")).click(): null

12-10-2024T21:35:21 - [TEST_STEP][PASSED] - xpath("//option[@value="0"]")).click(): null

12-10-2024T21:35:22 - [TEST_STEP][PASSED] - click(findTestObject("Quản lý tài khoản merchant/Quản lý dịch vụ merchant/searchBtn")): Object: 'Object Repository/Quản lý tài khoản merchant/Quản lý dịch vụ merchant/searchBtn' is clicked on

12-10-2024T21:35:22 - [MESSAGE][PASSED] - Object: 'Object Repository/Quản lý tài khoản merchant/Quản lý dịch vụ merchant/searchBtn' is clicked on

12-10-2024T21:35:22 - [TEST_STEP][PASSED] - xpath = "//label[contains(@for, 'bank_va_TECHCOMBANK')]": null

12-10-2024T21:35:22 - [TEST_STEP][PASSED] - xpathSttInactive = "//td//span[contains(text(),'Không hoạt động')]": null

12-10-2024T21:35:22 - [TEST_STEP][PASSED] - elements = new java.util.ArrayList(): null

12-10-2024T21:35:22 - [TEST_STEP][PASSED] - SttInactives = new java.util.ArrayList(): null

12-10-2024T21:35:22 - [TEST_STEP][PASSED] - elements = driver.findElements(By.xpath(xpath)): null

12-10-2024T21:35:23 - [TEST_STEP][PASSED] - SttInactives = driver.findElements(By.xpath(xpathSttInactive)): null

12-10-2024T21:35:23 - [TEST_STEP][PASSED] - println("Số lượng phần tử: " + elements.size()): null

12-10-2024T21:35:23 - [TEST_STEP][PASSED] - println("Số lượng phần tử: " + SttInactives.size()): null

12-10-2024T21:35:23 - [TEST_STEP][PASSED] - expectedElements = 0: null

12-10-2024T21:35:23 - [TEST_STEP][PASSED] - expectedElementsStt = 1: null

12-10-2024T21:35:23 - [TEST_STEP][PASSED] - if (elements.size() == expectedElements && SttInactives.size() == expectedElementsStt): Test case đã pass với số lượng icon đúng.

12-10-2024T21:35:23 - [TEST_STEP][PASSED] - println("Số lượng icon tìm thấy là đúng: " + elements.size()): null

12-10-2024T21:35:23 - [TEST_STEP][PASSED] - markPassed("Test case đã pass với số lượng icon đúng."): Test case đã pass với số lượng icon đúng.

12-10-2024T21:35:23 - [MESSAGE][PASSED] - Test case đã pass với số lượng icon đúng.

12-10-2024T21:35:23 - [TEST_STEP][PASSED] - Start listener action : sampleAfterTestCase: null

12-10-2024T21:35:23 - [TEST_STEP][PASSED] - testCaseId = testCaseContext.getTestCaseId(): null

12-10-2024T21:35:23 - [TEST_STEP][PASSED] - if (testCaseId == "Test Cases/Quản lý tài khoản merchant/Quản lý dịch vụ merchant/TC_13_Kiểm tra chức năng xác nhận cấu hình thay đổi VA"): null]]></system-out>
         <system-err><![CDATA[]]></system-err>
      </testcase>
      <testcase name="Test Cases/Quản lý tài khoản merchant/Quản lý dịch vụ merchant/TC_11_Kiểm tra chức năng search khi chọn tên merchant đúng" time="11.249" classname="Test Cases/Quản lý tài khoản merchant/Quản lý dịch vụ merchant/TC_11_Kiểm tra chức năng search khi chọn tên merchant đúng" status="PASSED">
         <system-out><![CDATA[12-10-2024T21:35:23 - [TEST_CASE][PASSED] - Test Cases/Quản lý tài khoản merchant/Quản lý dịch vụ merchant/TC_11_Kiểm tra chức năng search khi chọn tên merchant đúng: Test Cases/Quản lý tài khoản merchant/Quản lý dịch vụ merchant/TC_11_Kiểm tra chức năng search khi chọn tên merchant đúng

12-10-2024T21:35:23 - [TEST_STEP][PASSED] - Start listener action : sampleBeforeTestCase: Navigate to 'https://stg-cms-console.9pay.mobi/login' successfully

12-10-2024T21:35:23 - [TEST_STEP][PASSED] - testCaseId = testCaseContext.getTestCaseId(): null

12-10-2024T21:35:23 - [TEST_STEP][PASSED] - url = <not implemented yet for class: org.codehaus.groovy.ast.expr.EmptyExpression>: null

12-10-2024T21:35:23 - [TEST_STEP][PASSED] - if (testCaseId == "Test Cases/Quản lý tài khoản merchant/Quản lý dịch vụ merchant/TC_14_Kiểm tra thay đổi sau khi cấu hình VA trên MCV"): null

12-10-2024T21:35:23 - [TEST_STEP][PASSED] - else: null

12-10-2024T21:35:23 - [TEST_STEP][PASSED] - url = "https://stg-cms-console.9pay.mobi/login": null

12-10-2024T21:35:23 - [TEST_STEP][PASSED] - openBrowser(""): Browser is opened with url: ''

12-10-2024T21:35:23 - [MESSAGE][WARNING] - A browser is already opened. Closing browser and opening a new one

12-10-2024T21:35:23 - [MESSAGE][INFO] - Starting 'Chrome' driver

12-10-2024T21:35:23 - [MESSAGE][INFO] - Action delay is set to 0 milliseconds

12-10-2024T21:35:24 - [MESSAGE][PASSED] - Browser is opened with url: ''

12-10-2024T21:35:24 - [TEST_STEP][PASSED] - maximizeWindow(): Current window maximized

12-10-2024T21:35:24 - [MESSAGE][PASSED] - Current window maximized

12-10-2024T21:35:24 - [TEST_STEP][PASSED] - navigateToUrl(url): Navigate to 'https://stg-cms-console.9pay.mobi/login' successfully

12-10-2024T21:35:26 - [MESSAGE][PASSED] - Navigate to 'https://stg-cms-console.9pay.mobi/login' successfully

12-10-2024T21:35:26 - [TEST_STEP][PASSED] - waitTime = Integer.parseInt(waitSecond): null

12-10-2024T21:35:26 - [TEST_STEP][PASSED] - callTestCase(findTestCase("Test Cases/Login/LoginCommon"), [:], STOP_ON_FAILURE): Call Test Case 'Test Cases/Login/LoginCommon' successfully

12-10-2024T21:35:26 - [TEST_CASE][PASSED] - Test Cases/Login/LoginCommon: Test Cases/Login/LoginCommon

12-10-2024T21:35:27 - [TEST_STEP][PASSED] - driver = getWebDriver(): null

12-10-2024T21:35:27 - [TEST_STEP][PASSED] - sendKeys(findTestObject("Quản lý tài khoản merchant/Quản lý dịch vụ merchant/userNameTextbox"), userAccount): Keys 'dannt@9pay.vn' sent to object: 'Object Repository/Quản lý tài khoản merchant/Quản lý dịch vụ merchant/userNameTextbox'

12-10-2024T21:35:27 - [MESSAGE][PASSED] - Keys 'dannt@9pay.vn' sent to object: 'Object Repository/Quản lý tài khoản merchant/Quản lý dịch vụ merchant/userNameTextbox'

12-10-2024T21:35:27 - [TEST_STEP][PASSED] - sendKeys(findTestObject("Quản lý tài khoản merchant/Quản lý dịch vụ merchant/passwordTextbox"), password): Keys 'dannt@9pay.vn' sent to object: 'Object Repository/Quản lý tài khoản merchant/Quản lý dịch vụ merchant/passwordTextbox'

12-10-2024T21:35:27 - [MESSAGE][PASSED] - Keys 'dannt@9pay.vn' sent to object: 'Object Repository/Quản lý tài khoản merchant/Quản lý dịch vụ merchant/passwordTextbox'

12-10-2024T21:35:27 - [TEST_STEP][PASSED] - click(findTestObject("Quản lý tài khoản merchant/Quản lý dịch vụ merchant/loginButton")): Object: 'Object Repository/Quản lý tài khoản merchant/Quản lý dịch vụ merchant/loginButton' is clicked on

12-10-2024T21:35:27 - [MESSAGE][PASSED] - Object: 'Object Repository/Quản lý tài khoản merchant/Quản lý dịch vụ merchant/loginButton' is clicked on

12-10-2024T21:35:27 - [MESSAGE][PASSED] - Call Test Case 'Test Cases/Login/LoginCommon' successfully

12-10-2024T21:35:27 - [TEST_STEP][PASSED] - waitForElementVisible(findTestObject("Trang chủ/userName"), waitTime, STOP_ON_FAILURE): Object 'Object Repository/Trang chủ/userName' is visible

12-10-2024T21:35:29 - [MESSAGE][PASSED] - Object 'Object Repository/Trang chủ/userName' is visible

12-10-2024T21:35:29 - [TEST_STEP][PASSED] - callTestCase(findTestCase("Test Cases/Quản lý tài khoản merchant/Quản lý danh sách tài khoản/CustomFunctions"), [:], STOP_ON_FAILURE): Call Test Case 'Test Cases/Quản lý tài khoản merchant/Quản lý danh sách tài khoản/CustomFunctions' successfully

12-10-2024T21:35:29 - [TEST_CASE][PASSED] - Test Cases/Quản lý tài khoản merchant/Quản lý danh sách tài khoản/CustomFunctions: Test Cases/Quản lý tài khoản merchant/Quản lý danh sách tài khoản/CustomFunctions

12-10-2024T21:35:29 - [TEST_STEP][PASSED] - driver = getWebDriver(): null

12-10-2024T21:35:29 - [TEST_STEP][PASSED] - sleep(2000): null

12-10-2024T21:35:31 - [TEST_STEP][PASSED] - element1 = driver.findElement(By.xpath(xpathManagerMC)): null

12-10-2024T21:35:31 - [TEST_STEP][PASSED] - actions = new org.openqa.selenium.interactions.Actions(driver): null

12-10-2024T21:35:31 - [TEST_STEP][PASSED] - click().perform(): null

12-10-2024T21:35:32 - [TEST_STEP][PASSED] - wait = new org.openqa.selenium.support.ui.WebDriverWait(com.kms.katalon.core.webui.driver.DriverFactory.getWebDriver(), 30): null

12-10-2024T21:35:32 - [TEST_STEP][PASSED] - element2 = wait.until(ExpectedConditions.elementToBeClickable(By.xpath(xpathManagerServiceMC))): null

12-10-2024T21:35:32 - [TEST_STEP][PASSED] - click().perform(): null

12-10-2024T21:35:32 - [MESSAGE][PASSED] - Call Test Case 'Test Cases/Quản lý tài khoản merchant/Quản lý danh sách tài khoản/CustomFunctions' successfully

12-10-2024T21:35:32 - [TEST_STEP][PASSED] - sendKeys(findTestObject("Quản lý tài khoản merchant/Quản lý dịch vụ merchant/accountName"), "dannt11"): Keys 'dannt11' sent to object: 'Object Repository/Quản lý tài khoản merchant/Quản lý dịch vụ merchant/accountName'

12-10-2024T21:35:33 - [MESSAGE][PASSED] - Keys 'dannt11' sent to object: 'Object Repository/Quản lý tài khoản merchant/Quản lý dịch vụ merchant/accountName'

12-10-2024T21:35:33 - [TEST_STEP][PASSED] - click(findTestObject("Quản lý tài khoản merchant/Quản lý dịch vụ merchant/searchBtn")): Object: 'Object Repository/Quản lý tài khoản merchant/Quản lý dịch vụ merchant/searchBtn' is clicked on

12-10-2024T21:35:34 - [MESSAGE][PASSED] - Object: 'Object Repository/Quản lý tài khoản merchant/Quản lý dịch vụ merchant/searchBtn' is clicked on

12-10-2024T21:35:34 - [TEST_STEP][PASSED] - verifyElementPresent(findTestObject("Quản lý tài khoản merchant/Quản lý dịch vụ merchant/accountNameWhenSearch"), 2): Object 'Object Repository/Quản lý tài khoản merchant/Quản lý dịch vụ merchant/accountNameWhenSearch' is present

12-10-2024T21:35:34 - [MESSAGE][PASSED] - Object 'Object Repository/Quản lý tài khoản merchant/Quản lý dịch vụ merchant/accountNameWhenSearch' is present

12-10-2024T21:35:34 - [TEST_STEP][PASSED] - Start listener action : sampleAfterTestCase: null

12-10-2024T21:35:34 - [TEST_STEP][PASSED] - testCaseId = testCaseContext.getTestCaseId(): null

12-10-2024T21:35:34 - [TEST_STEP][PASSED] - if (testCaseId == "Test Cases/Quản lý tài khoản merchant/Quản lý dịch vụ merchant/TC_13_Kiểm tra chức năng xác nhận cấu hình thay đổi VA"): null]]></system-out>
         <system-err><![CDATA[]]></system-err>
      </testcase>
      <testcase name="Test Cases/Quản lý tài khoản merchant/Quản lý dịch vụ merchant/TC_12_Kiểm tra chức năng search khi nhập tên merchant không đúng" time="11.084" classname="Test Cases/Quản lý tài khoản merchant/Quản lý dịch vụ merchant/TC_12_Kiểm tra chức năng search khi nhập tên merchant không đúng" status="PASSED">
         <system-out><![CDATA[12-10-2024T21:35:34 - [TEST_CASE][PASSED] - Test Cases/Quản lý tài khoản merchant/Quản lý dịch vụ merchant/TC_12_Kiểm tra chức năng search khi nhập tên merchant không đúng: Test Cases/Quản lý tài khoản merchant/Quản lý dịch vụ merchant/TC_12_Kiểm tra chức năng search khi nhập tên merchant không đúng

12-10-2024T21:35:34 - [TEST_STEP][PASSED] - Start listener action : sampleBeforeTestCase: Navigate to 'https://stg-cms-console.9pay.mobi/login' successfully

12-10-2024T21:35:34 - [TEST_STEP][PASSED] - testCaseId = testCaseContext.getTestCaseId(): null

12-10-2024T21:35:34 - [TEST_STEP][PASSED] - url = <not implemented yet for class: org.codehaus.groovy.ast.expr.EmptyExpression>: null

12-10-2024T21:35:34 - [TEST_STEP][PASSED] - if (testCaseId == "Test Cases/Quản lý tài khoản merchant/Quản lý dịch vụ merchant/TC_14_Kiểm tra thay đổi sau khi cấu hình VA trên MCV"): null

12-10-2024T21:35:34 - [TEST_STEP][PASSED] - else: null

12-10-2024T21:35:34 - [TEST_STEP][PASSED] - url = "https://stg-cms-console.9pay.mobi/login": null

12-10-2024T21:35:34 - [TEST_STEP][PASSED] - openBrowser(""): Browser is opened with url: ''

12-10-2024T21:35:34 - [MESSAGE][WARNING] - A browser is already opened. Closing browser and opening a new one

12-10-2024T21:35:34 - [MESSAGE][INFO] - Starting 'Chrome' driver

12-10-2024T21:35:34 - [MESSAGE][INFO] - Action delay is set to 0 milliseconds

12-10-2024T21:35:35 - [MESSAGE][PASSED] - Browser is opened with url: ''

12-10-2024T21:35:35 - [TEST_STEP][PASSED] - maximizeWindow(): Current window maximized

12-10-2024T21:35:35 - [MESSAGE][PASSED] - Current window maximized

12-10-2024T21:35:35 - [TEST_STEP][PASSED] - navigateToUrl(url): Navigate to 'https://stg-cms-console.9pay.mobi/login' successfully

12-10-2024T21:35:37 - [MESSAGE][PASSED] - Navigate to 'https://stg-cms-console.9pay.mobi/login' successfully

12-10-2024T21:35:37 - [TEST_STEP][PASSED] - waitTime = Integer.parseInt(waitSecond): null

12-10-2024T21:35:37 - [TEST_STEP][PASSED] - callTestCase(findTestCase("Test Cases/Login/LoginCommon"), [:], STOP_ON_FAILURE): Call Test Case 'Test Cases/Login/LoginCommon' successfully

12-10-2024T21:35:37 - [TEST_CASE][PASSED] - Test Cases/Login/LoginCommon: Test Cases/Login/LoginCommon

12-10-2024T21:35:37 - [TEST_STEP][PASSED] - driver = getWebDriver(): null

12-10-2024T21:35:37 - [TEST_STEP][PASSED] - sendKeys(findTestObject("Quản lý tài khoản merchant/Quản lý dịch vụ merchant/userNameTextbox"), userAccount): Keys 'dannt@9pay.vn' sent to object: 'Object Repository/Quản lý tài khoản merchant/Quản lý dịch vụ merchant/userNameTextbox'

12-10-2024T21:35:38 - [MESSAGE][PASSED] - Keys 'dannt@9pay.vn' sent to object: 'Object Repository/Quản lý tài khoản merchant/Quản lý dịch vụ merchant/userNameTextbox'

12-10-2024T21:35:38 - [TEST_STEP][PASSED] - sendKeys(findTestObject("Quản lý tài khoản merchant/Quản lý dịch vụ merchant/passwordTextbox"), password): Keys 'dannt@9pay.vn' sent to object: 'Object Repository/Quản lý tài khoản merchant/Quản lý dịch vụ merchant/passwordTextbox'

12-10-2024T21:35:38 - [MESSAGE][PASSED] - Keys 'dannt@9pay.vn' sent to object: 'Object Repository/Quản lý tài khoản merchant/Quản lý dịch vụ merchant/passwordTextbox'

12-10-2024T21:35:38 - [TEST_STEP][PASSED] - click(findTestObject("Quản lý tài khoản merchant/Quản lý dịch vụ merchant/loginButton")): Object: 'Object Repository/Quản lý tài khoản merchant/Quản lý dịch vụ merchant/loginButton' is clicked on

12-10-2024T21:35:38 - [MESSAGE][PASSED] - Object: 'Object Repository/Quản lý tài khoản merchant/Quản lý dịch vụ merchant/loginButton' is clicked on

12-10-2024T21:35:38 - [MESSAGE][PASSED] - Call Test Case 'Test Cases/Login/LoginCommon' successfully

12-10-2024T21:35:38 - [TEST_STEP][PASSED] - waitForElementVisible(findTestObject("Trang chủ/userName"), waitTime, STOP_ON_FAILURE): Object 'Object Repository/Trang chủ/userName' is visible

12-10-2024T21:35:40 - [MESSAGE][PASSED] - Object 'Object Repository/Trang chủ/userName' is visible

12-10-2024T21:35:40 - [TEST_STEP][PASSED] - callTestCase(findTestCase("Test Cases/Quản lý tài khoản merchant/Quản lý danh sách tài khoản/CustomFunctions"), [:], STOP_ON_FAILURE): Call Test Case 'Test Cases/Quản lý tài khoản merchant/Quản lý danh sách tài khoản/CustomFunctions' successfully

12-10-2024T21:35:40 - [TEST_CASE][PASSED] - Test Cases/Quản lý tài khoản merchant/Quản lý danh sách tài khoản/CustomFunctions: Test Cases/Quản lý tài khoản merchant/Quản lý danh sách tài khoản/CustomFunctions

12-10-2024T21:35:40 - [TEST_STEP][PASSED] - driver = getWebDriver(): null

12-10-2024T21:35:40 - [TEST_STEP][PASSED] - sleep(2000): null

12-10-2024T21:35:42 - [TEST_STEP][PASSED] - element1 = driver.findElement(By.xpath(xpathManagerMC)): null

12-10-2024T21:35:42 - [TEST_STEP][PASSED] - actions = new org.openqa.selenium.interactions.Actions(driver): null

12-10-2024T21:35:42 - [TEST_STEP][PASSED] - click().perform(): null

12-10-2024T21:35:42 - [TEST_STEP][PASSED] - wait = new org.openqa.selenium.support.ui.WebDriverWait(com.kms.katalon.core.webui.driver.DriverFactory.getWebDriver(), 30): null

12-10-2024T21:35:42 - [TEST_STEP][PASSED] - element2 = wait.until(ExpectedConditions.elementToBeClickable(By.xpath(xpathManagerServiceMC))): null

12-10-2024T21:35:43 - [TEST_STEP][PASSED] - click().perform(): null

12-10-2024T21:35:43 - [MESSAGE][PASSED] - Call Test Case 'Test Cases/Quản lý tài khoản merchant/Quản lý danh sách tài khoản/CustomFunctions' successfully

12-10-2024T21:35:43 - [TEST_STEP][PASSED] - sendKeys(findTestObject("Quản lý tài khoản merchant/Quản lý dịch vụ merchant/accountName"), "dannt11222"): Keys 'dannt11222' sent to object: 'Object Repository/Quản lý tài khoản merchant/Quản lý dịch vụ merchant/accountName'

12-10-2024T21:35:44 - [MESSAGE][PASSED] - Keys 'dannt11222' sent to object: 'Object Repository/Quản lý tài khoản merchant/Quản lý dịch vụ merchant/accountName'

12-10-2024T21:35:44 - [TEST_STEP][PASSED] - click(findTestObject("Quản lý tài khoản merchant/Quản lý dịch vụ merchant/searchBtn")): Object: 'Object Repository/Quản lý tài khoản merchant/Quản lý dịch vụ merchant/searchBtn' is clicked on

12-10-2024T21:35:45 - [MESSAGE][PASSED] - Object: 'Object Repository/Quản lý tài khoản merchant/Quản lý dịch vụ merchant/searchBtn' is clicked on

12-10-2024T21:35:45 - [TEST_STEP][PASSED] - textSearchIncorect = getText(findTestObject("Quản lý tài khoản merchant/Quản lý dịch vụ merchant/textSearchIncorect")): Text of object 'Object Repository/Quản lý tài khoản merchant/Quản lý dịch vụ merchant/textSearchIncorect' is: 'Không tìm thấy dữ liệu.'

12-10-2024T21:35:45 - [MESSAGE][PASSED] - Text of object 'Object Repository/Quản lý tài khoản merchant/Quản lý dịch vụ merchant/textSearchIncorect' is: 'Không tìm thấy dữ liệu.'

12-10-2024T21:35:45 - [TEST_STEP][PASSED] - verifyEqual(textSearchIncorect, "Không tìm thấy dữ liệu."): Actual object 'Không tìm thấy dữ liệu.' and expected object 'Không tìm thấy dữ liệu.' are equal

12-10-2024T21:35:45 - [MESSAGE][PASSED] - Actual object 'Không tìm thấy dữ liệu.' and expected object 'Không tìm thấy dữ liệu.' are equal

12-10-2024T21:35:45 - [TEST_STEP][PASSED] - Start listener action : sampleAfterTestCase: null

12-10-2024T21:35:45 - [TEST_STEP][PASSED] - testCaseId = testCaseContext.getTestCaseId(): null

12-10-2024T21:35:45 - [TEST_STEP][PASSED] - if (testCaseId == "Test Cases/Quản lý tài khoản merchant/Quản lý dịch vụ merchant/TC_13_Kiểm tra chức năng xác nhận cấu hình thay đổi VA"): null]]></system-out>
         <system-err><![CDATA[]]></system-err>
      </testcase>
      <testcase name="Test Cases/Quản lý tài khoản merchant/Quản lý dịch vụ merchant/TC_13_Kiểm tra chức năng xác nhận cấu hình thay đổi VA" time="50.773" classname="Test Cases/Quản lý tài khoản merchant/Quản lý dịch vụ merchant/TC_13_Kiểm tra chức năng xác nhận cấu hình thay đổi VA" status="PASSED">
         <system-out><![CDATA[12-10-2024T21:35:45 - [TEST_CASE][PASSED] - Test Cases/Quản lý tài khoản merchant/Quản lý dịch vụ merchant/TC_13_Kiểm tra chức năng xác nhận cấu hình thay đổi VA: Test Cases/Quản lý tài khoản merchant/Quản lý dịch vụ merchant/TC_13_Kiểm tra chức năng xác nhận cấu hình thay đổi VA

12-10-2024T21:35:45 - [TEST_STEP][PASSED] - Start listener action : sampleBeforeTestCase: Navigate to 'https://stg-cms-console.9pay.mobi/login' successfully

12-10-2024T21:35:45 - [TEST_STEP][PASSED] - testCaseId = testCaseContext.getTestCaseId(): null

12-10-2024T21:35:45 - [TEST_STEP][PASSED] - url = <not implemented yet for class: org.codehaus.groovy.ast.expr.EmptyExpression>: null

12-10-2024T21:35:45 - [TEST_STEP][PASSED] - if (testCaseId == "Test Cases/Quản lý tài khoản merchant/Quản lý dịch vụ merchant/TC_14_Kiểm tra thay đổi sau khi cấu hình VA trên MCV"): null

12-10-2024T21:35:45 - [TEST_STEP][PASSED] - else: null

12-10-2024T21:35:45 - [TEST_STEP][PASSED] - url = "https://stg-cms-console.9pay.mobi/login": null

12-10-2024T21:35:45 - [TEST_STEP][PASSED] - openBrowser(""): Browser is opened with url: ''

12-10-2024T21:35:45 - [MESSAGE][WARNING] - A browser is already opened. Closing browser and opening a new one

12-10-2024T21:35:46 - [MESSAGE][INFO] - Starting 'Chrome' driver

12-10-2024T21:35:46 - [MESSAGE][INFO] - Action delay is set to 0 milliseconds

12-10-2024T21:35:46 - [MESSAGE][PASSED] - Browser is opened with url: ''

12-10-2024T21:35:46 - [TEST_STEP][PASSED] - maximizeWindow(): Current window maximized

12-10-2024T21:35:46 - [MESSAGE][PASSED] - Current window maximized

12-10-2024T21:35:46 - [TEST_STEP][PASSED] - navigateToUrl(url): Navigate to 'https://stg-cms-console.9pay.mobi/login' successfully

12-10-2024T21:35:49 - [MESSAGE][PASSED] - Navigate to 'https://stg-cms-console.9pay.mobi/login' successfully

12-10-2024T21:35:49 - [TEST_STEP][PASSED] - waitTime = Integer.parseInt(waitSecond): null

12-10-2024T21:35:49 - [TEST_STEP][PASSED] - callTestCase(findTestCase("Test Cases/Login/LoginCommon"), [:], STOP_ON_FAILURE): Call Test Case 'Test Cases/Login/LoginCommon' successfully

12-10-2024T21:35:49 - [TEST_CASE][PASSED] - Test Cases/Login/LoginCommon: Test Cases/Login/LoginCommon

12-10-2024T21:35:49 - [TEST_STEP][PASSED] - driver = getWebDriver(): null

12-10-2024T21:35:49 - [TEST_STEP][PASSED] - sendKeys(findTestObject("Quản lý tài khoản merchant/Quản lý dịch vụ merchant/userNameTextbox"), userAccount): Keys 'dannt@9pay.vn' sent to object: 'Object Repository/Quản lý tài khoản merchant/Quản lý dịch vụ merchant/userNameTextbox'

12-10-2024T21:35:49 - [MESSAGE][PASSED] - Keys 'dannt@9pay.vn' sent to object: 'Object Repository/Quản lý tài khoản merchant/Quản lý dịch vụ merchant/userNameTextbox'

12-10-2024T21:35:49 - [TEST_STEP][PASSED] - sendKeys(findTestObject("Quản lý tài khoản merchant/Quản lý dịch vụ merchant/passwordTextbox"), password): Keys 'dannt@9pay.vn' sent to object: 'Object Repository/Quản lý tài khoản merchant/Quản lý dịch vụ merchant/passwordTextbox'

12-10-2024T21:35:50 - [MESSAGE][PASSED] - Keys 'dannt@9pay.vn' sent to object: 'Object Repository/Quản lý tài khoản merchant/Quản lý dịch vụ merchant/passwordTextbox'

12-10-2024T21:35:50 - [TEST_STEP][PASSED] - click(findTestObject("Quản lý tài khoản merchant/Quản lý dịch vụ merchant/loginButton")): Object: 'Object Repository/Quản lý tài khoản merchant/Quản lý dịch vụ merchant/loginButton' is clicked on

12-10-2024T21:35:50 - [MESSAGE][PASSED] - Object: 'Object Repository/Quản lý tài khoản merchant/Quản lý dịch vụ merchant/loginButton' is clicked on

12-10-2024T21:35:50 - [MESSAGE][PASSED] - Call Test Case 'Test Cases/Login/LoginCommon' successfully

12-10-2024T21:35:50 - [TEST_STEP][PASSED] - waitForElementVisible(findTestObject("Trang chủ/userName"), waitTime, STOP_ON_FAILURE): Object 'Object Repository/Trang chủ/userName' is visible

12-10-2024T21:35:54 - [MESSAGE][PASSED] - Object 'Object Repository/Trang chủ/userName' is visible

12-10-2024T21:35:54 - [TEST_STEP][PASSED] - callTestCase(findTestCase("Test Cases/Quản lý tài khoản merchant/Quản lý danh sách tài khoản/CustomFunctions"), [:], STOP_ON_FAILURE): Call Test Case 'Test Cases/Quản lý tài khoản merchant/Quản lý danh sách tài khoản/CustomFunctions' successfully

12-10-2024T21:35:54 - [TEST_CASE][PASSED] - Test Cases/Quản lý tài khoản merchant/Quản lý danh sách tài khoản/CustomFunctions: Test Cases/Quản lý tài khoản merchant/Quản lý danh sách tài khoản/CustomFunctions

12-10-2024T21:35:54 - [TEST_STEP][PASSED] - driver = getWebDriver(): null

12-10-2024T21:35:54 - [TEST_STEP][PASSED] - sleep(2000): null

12-10-2024T21:35:56 - [TEST_STEP][PASSED] - element1 = driver.findElement(By.xpath(xpathManagerMC)): null

12-10-2024T21:35:56 - [TEST_STEP][PASSED] - actions = new org.openqa.selenium.interactions.Actions(driver): null

12-10-2024T21:35:56 - [TEST_STEP][PASSED] - click().perform(): null

12-10-2024T21:35:56 - [TEST_STEP][PASSED] - wait = new org.openqa.selenium.support.ui.WebDriverWait(com.kms.katalon.core.webui.driver.DriverFactory.getWebDriver(), 30): null

12-10-2024T21:35:56 - [TEST_STEP][PASSED] - element2 = wait.until(ExpectedConditions.elementToBeClickable(By.xpath(xpathManagerServiceMC))): null

12-10-2024T21:35:56 - [TEST_STEP][PASSED] - click().perform(): null

12-10-2024T21:35:57 - [MESSAGE][PASSED] - Call Test Case 'Test Cases/Quản lý tài khoản merchant/Quản lý danh sách tài khoản/CustomFunctions' successfully

12-10-2024T21:35:57 - [TEST_STEP][PASSED] - click(findTestObject("Quản lý tài khoản merchant/Quản lý dịch vụ merchant/iconTime")): Object: 'Object Repository/Quản lý tài khoản merchant/Quản lý dịch vụ merchant/iconTime' is clicked on

12-10-2024T21:35:58 - [MESSAGE][PASSED] - Object: 'Object Repository/Quản lý tài khoản merchant/Quản lý dịch vụ merchant/iconTime' is clicked on

12-10-2024T21:35:58 - [TEST_STEP][PASSED] - driver = getWebDriver(): null

12-10-2024T21:35:58 - [TEST_STEP][PASSED] - wait = new org.openqa.selenium.support.ui.WebDriverWait(com.kms.katalon.core.webui.driver.DriverFactory.getWebDriver(), 10): null

12-10-2024T21:35:58 - [TEST_STEP][PASSED] - iconClick = driver.findElement(By.xpath(xpathDropdownSwitchFrom)): null

12-10-2024T21:35:59 - [TEST_STEP][PASSED] - iconClick.click(): null

12-10-2024T21:35:59 - [TEST_STEP][PASSED] - techcombankOtp = driver.findElement(By.xpath(xpathOptionTCB)): null

12-10-2024T21:35:59 - [TEST_STEP][PASSED] - textTech = techcombankOtp.getText(): null

12-10-2024T21:35:59 - [TEST_STEP][PASSED] - println("Đoạn văn: " + textTech): null

12-10-2024T21:35:59 - [TEST_STEP][PASSED] - techcombankOtp.click(): null

12-10-2024T21:35:59 - [TEST_STEP][PASSED] - matcher = textTech =~ "\bTECHCOMBANK\b": null

12-10-2024T21:35:59 - [TEST_STEP][PASSED] - techcombank = (matcher.find()) ? matcher.group() : : null

12-10-2024T21:35:59 - [TEST_STEP][PASSED] - iconClick2 = driver.findElement(By.xpath(xpathDropdownSwitchTo)): null

12-10-2024T21:35:59 - [TEST_STEP][PASSED] - iconClick2.click(): null

12-10-2024T21:35:59 - [TEST_STEP][PASSED] - element2 = driver.findElement(By.xpath(xpathOptionVPTo)): null

12-10-2024T21:36:00 - [TEST_STEP][PASSED] - element2.click(): null

12-10-2024T21:36:00 - [TEST_STEP][PASSED] - xpath(xpathDatePicker)).click(): null

12-10-2024T21:36:00 - [TEST_STEP][PASSED] - xpath(xpathOkBtn)).click(): null

12-10-2024T21:36:01 - [TEST_STEP][PASSED] - xpath(xpathOkBtn)).click(): null

12-10-2024T21:36:01 - [TEST_STEP][PASSED] - now = new java.util.Date(): null

12-10-2024T21:36:01 - [TEST_STEP][PASSED] - sdf1 = new java.text.SimpleDateFormat(mm): null

12-10-2024T21:36:01 - [TEST_STEP][PASSED] - formattedDate1 = sdf1.format(now): null

12-10-2024T21:36:01 - [TEST_STEP][PASSED] - currentMinute1 = Integer.parseInt(formattedDate1) + 1: null

12-10-2024T21:36:01 - [TEST_STEP][PASSED] - dateXpath1 = "m-" + currentMinute1: null

12-10-2024T21:36:01 - [TEST_STEP][PASSED] - clock3 = "//div[@class='dtp']/descendant::*[name()='circle' and @id='" + dateXpath1 + "']": null

12-10-2024T21:36:01 - [TEST_STEP][PASSED] - println("element: " + clock3): null

12-10-2024T21:36:01 - [TEST_STEP][PASSED] - clock4 = wait.until(ExpectedConditions.elementToBeClickable(By.xpath(clock3))): null

12-10-2024T21:36:01 - [TEST_STEP][PASSED] - script1 = "var event = new MouseEvent('click', {" + "view: window," + "bubbles: true," + "cancelable: true" + "});" + "arguments[0].dispatchEvent(event);": null

12-10-2024T21:36:01 - [TEST_STEP][PASSED] - driver.executeScript(script1, clock4): null

12-10-2024T21:36:01 - [TEST_STEP][PASSED] - xpath(xpathOkBtn)).click(): null

12-10-2024T21:36:02 - [TEST_STEP][PASSED] - xpath(xpathDatePickerEnd)).click(): null

12-10-2024T21:36:02 - [TEST_STEP][PASSED] - xpath(xpathBtnOkEnd)).click(): null

12-10-2024T21:36:03 - [TEST_STEP][PASSED] - xpath(xpathBtnOkEnd)).click(): null

12-10-2024T21:36:03 - [TEST_STEP][PASSED] - sdf = new java.text.SimpleDateFormat(mm): null

12-10-2024T21:36:03 - [TEST_STEP][PASSED] - formattedDate = sdf.format(now): null

12-10-2024T21:36:03 - [TEST_STEP][PASSED] - currentMinute = Integer.parseInt(formattedDate) + 2: null

12-10-2024T21:36:03 - [TEST_STEP][PASSED] - dateXpath = "m-" + currentMinute: null

12-10-2024T21:36:03 - [TEST_STEP][PASSED] - clock2 = "//div[@class='dtp']/descendant::*[name()='circle' and @id='" + dateXpath + "']": null

12-10-2024T21:36:03 - [TEST_STEP][PASSED] - clock1 = wait.until(ExpectedConditions.elementToBeClickable(By.xpath(clock2))): null

12-10-2024T21:36:04 - [TEST_STEP][PASSED] - script = "var event = new MouseEvent('click', {" + "view: window," + "bubbles: true," + "cancelable: true" + "});" + "arguments[0].dispatchEvent(event);": null

12-10-2024T21:36:04 - [TEST_STEP][PASSED] - driver.executeScript(script, clock1): null

12-10-2024T21:36:04 - [TEST_STEP][PASSED] - xpath(xpathBtnOkEnd)).click(): null

12-10-2024T21:36:04 - [TEST_STEP][PASSED] - xpath(xpathOptionBack)).click(): null

12-10-2024T21:36:04 - [TEST_STEP][PASSED] - xpath(xpathOptionTCBBack)).click(): null

12-10-2024T21:36:05 - [TEST_STEP][PASSED] - xpath(xpathUpdateBtn)).click(): null

12-10-2024T21:36:05 - [TEST_STEP][PASSED] - xpath("//button[normalize-space()='Ok']")).click(): null

12-10-2024T21:36:06 - [TEST_STEP][PASSED] - Start listener action : sampleAfterTestCase: null

12-10-2024T21:36:06 - [TEST_STEP][PASSED] - testCaseId = testCaseContext.getTestCaseId(): null

12-10-2024T21:36:06 - [TEST_STEP][PASSED] - if (testCaseId == "Test Cases/Quản lý tài khoản merchant/Quản lý dịch vụ merchant/TC_13_Kiểm tra chức năng xác nhận cấu hình thay đổi VA"): null

12-10-2024T21:36:06 - [TEST_STEP][PASSED] - Thread.sleep(30000): null]]></system-out>
         <system-err><![CDATA[]]></system-err>
      </testcase>
      <testcase name="Test Cases/Quản lý tài khoản merchant/Quản lý dịch vụ merchant/TC_14_Kiểm tra thay đổi sau khi cấu hình VA trên MCV" time="43.992" classname="Test Cases/Quản lý tài khoản merchant/Quản lý dịch vụ merchant/TC_14_Kiểm tra thay đổi sau khi cấu hình VA trên MCV" status="ERROR">
         <error type="ERROR" message="Test Cases/Quản lý tài khoản merchant/Quản lý dịch vụ merchant/TC_14_Kiểm tra thay đổi sau khi cấu hình VA trên MCV FAILED.&#xa;Reason:&#xa;org.openqa.selenium.TimeoutException: Expected condition failed: waiting for visibility of element located by By.xpath: //div[contains(text(),'VPBANK')] (tried for 30 second(s) with 500 milliseconds interval)&#xa;	at org.openqa.selenium.support.ui.WebDriverWait.timeoutException(WebDriverWait.java:95)&#xa;	at org.openqa.selenium.support.ui.FluentWait.until(FluentWait.java:272)&#xa;	at TC_14_Kiểm tra thay đổi sau khi cấu hình VA trên MCV.run(TC_14_Kiểm tra thay đổi sau khi cấu hình VA trên MCV:34)&#xa;	at com.kms.katalon.core.main.ScriptEngine.run(ScriptEngine.java:194)&#xa;	at com.kms.katalon.core.main.ScriptEngine.runScriptAsRawText(ScriptEngine.java:119)&#xa;	at com.kms.katalon.core.main.TestCaseExecutor.runScript(TestCaseExecutor.java:448)&#xa;	at com.kms.katalon.core.main.TestCaseExecutor.doExecute(TestCaseExecutor.java:439)&#xa;	at com.kms.katalon.core.main.TestCaseExecutor.processExecutionPhase(TestCaseExecutor.java:418)&#xa;	at com.kms.katalon.core.main.TestCaseExecutor.accessMainPhase(TestCaseExecutor.java:410)&#xa;	at com.kms.katalon.core.main.TestCaseExecutor.execute(TestCaseExecutor.java:285)&#xa;	at com.kms.katalon.core.common.CommonExecutor.accessTestCaseMainPhase(CommonExecutor.java:65)&#xa;	at com.kms.katalon.core.main.TestSuiteExecutor.accessTestSuiteMainPhase(TestSuiteExecutor.java:150)&#xa;	at com.kms.katalon.core.main.TestSuiteExecutor.execute(TestSuiteExecutor.java:106)&#xa;	at com.kms.katalon.core.main.TestCaseMain.startTestSuite(TestCaseMain.java:180)&#xa;	at TempTestSuite1728743523864.run(TempTestSuite1728743523864.groovy:35)&#xa;	at java.base/jdk.internal.reflect.NativeMethodAccessorImpl.invoke0(Native Method)&#xa;	at java.base/jdk.internal.reflect.NativeMethodAccessorImpl.invoke(NativeMethodAccessorImpl.java:77)&#xa;	at java.base/jdk.internal.reflect.DelegatingMethodAccessorImpl.invoke(DelegatingMethodAccessorImpl.java:43)&#xa;Caused by: org.openqa.selenium.NoSuchElementException: no such element: Unable to locate element: {&quot;method&quot;:&quot;xpath&quot;,&quot;selector&quot;:&quot;//div[contains(text(),'VPBANK')]&quot;}&#xa;  (Session info: chrome=129.0.6668.91)&#xa;For documentation on this error, please visit: https://www.seleniumhq.org/exceptions/no_such_element.html&#xa;Build info: version: '3.141.59', revision: 'unknown', time: 'unknown'&#xa;System info: host: 'Aidan', ip: '2405:4803:fd90:9ef0:35c5:6ea1:b1e8:64e8%en0', os.name: 'Mac OS X', os.arch: 'aarch64', os.version: '15.0.1', java.version: '17.0.7'&#xa;Driver info: com.kms.katalon.selenium.driver.CChromeDriver&#xa;Capabilities {acceptInsecureCerts: false, browserName: chrome, browserVersion: 129.0.6668.91, chrome: {chromedriverVersion: 128.0.6613.84 (606aa55c7d68..., userDataDir: /var/folders/t5/b7k67ybj7gz...}, fedcm:accounts: true, goog:chromeOptions: {debuggerAddress: localhost:50054}, javascriptEnabled: true, networkConnectionEnabled: false, pageLoadStrategy: normal, platform: MAC, platformName: MAC, proxy: Proxy(), setWindowRect: true, strictFileInteractability: false, timeouts: {implicit: 0, pageLoad: 300000, script: 30000}, unhandledPromptBehavior: dismiss and notify, webauthn:extension:credBlob: true, webauthn:extension:largeBlob: true, webauthn:extension:minPinLength: true, webauthn:extension:prf: true, webauthn:virtualAuthenticators: true}&#xa;Session ID: 92e652ccee73680bd3e2ec1a61d01f38&#xa;*** Element info: {Using=xpath, value=//div[contains(text(),'VPBANK')]}&#xa;	at java.base/jdk.internal.reflect.NativeConstructorAccessorImpl.newInstance0(Native Method)&#xa;	at java.base/jdk.internal.reflect.NativeConstructorAccessorImpl.newInstance(NativeConstructorAccessorImpl.java:77)&#xa;	at java.base/jdk.internal.reflect.DelegatingConstructorAccessorImpl.newInstance(DelegatingConstructorAccessorImpl.java:45)&#xa;	at org.openqa.selenium.remote.http.W3CHttpResponseCodec.createException(W3CHttpResponseCodec.java:187)&#xa;	at org.openqa.selenium.remote.http.W3CHttpResponseCodec.decode(W3CHttpResponseCodec.java:122)&#xa;	at org.openqa.selenium.remote.http.W3CHttpResponseCodec.decode(W3CHttpResponseCodec.java:49)&#xa;	at org.openqa.selenium.remote.HttpCommandExecutor.execute(HttpCommandExecutor.java:158)&#xa;	at org.openqa.selenium.remote.service.DriverCommandExecutor.execute(DriverCommandExecutor.java:83)&#xa;	at org.openqa.selenium.remote.RemoteWebDriver.execute(RemoteWebDriver.java:552)&#xa;	at com.kms.katalon.selenium.driver.CChromeDriver.execute(CChromeDriver.java:19)&#xa;	at org.openqa.selenium.remote.RemoteWebDriver.findElement(RemoteWebDriver.java:323)&#xa;	at org.openqa.selenium.remote.RemoteWebDriver.findElementByXPath(RemoteWebDriver.java:428)&#xa;	at org.openqa.selenium.By$ByXPath.findElement(By.java:353)&#xa;	at org.openqa.selenium.remote.RemoteWebDriver.findElement(RemoteWebDriver.java:315)&#xa;	at jdk.internal.reflect.GeneratedMethodAccessor15.invoke(Unknown Source)&#xa;	at java.base/jdk.internal.reflect.DelegatingMethodAccessorImpl.invoke(DelegatingMethodAccessorImpl.java:43)&#xa;	at org.openqa.selenium.support.events.EventFiringWebDriver.lambda$new$1(EventFiringWebDriver.java:105)&#xa;	at jdk.proxy2/jdk.proxy2.$Proxy22.findElement(Unknown Source)&#xa;	at org.openqa.selenium.support.events.EventFiringWebDriver.findElement(EventFiringWebDriver.java:194)&#xa;	at org.openqa.selenium.support.ui.ExpectedConditions$7.apply(ExpectedConditions.java:205)&#xa;	at org.openqa.selenium.support.ui.ExpectedConditions$7.apply(ExpectedConditions.java:201)&#xa;	at org.openqa.selenium.support.ui.FluentWait.until(FluentWait.java:249)&#xa;	... 16 more&#xa;"/>
         <system-out><![CDATA[12-10-2024T21:36:36 - [TEST_CASE][ERROR] - Test Cases/Quản lý tài khoản merchant/Quản lý dịch vụ merchant/TC_14_Kiểm tra thay đổi sau khi cấu hình VA trên MCV: Test Cases/Quản lý tài khoản merchant/Quản lý dịch vụ merchant/TC_14_Kiểm tra thay đổi sau khi cấu hình VA trên MCV FAILED.
Reason:
org.openqa.selenium.TimeoutException: Expected condition failed: waiting for visibility of element located by By.xpath: //div[contains(text(),'VPBANK')] (tried for 30 second(s) with 500 milliseconds interval)
	at org.openqa.selenium.support.ui.WebDriverWait.timeoutException(WebDriverWait.java:95)
	at org.openqa.selenium.support.ui.FluentWait.until(FluentWait.java:272)
	at TC_14_Kiểm tra thay đổi sau khi cấu hình VA trên MCV.run(TC_14_Kiểm tra thay đổi sau khi cấu hình VA trên MCV:34)
	at com.kms.katalon.core.main.ScriptEngine.run(ScriptEngine.java:194)
	at com.kms.katalon.core.main.ScriptEngine.runScriptAsRawText(ScriptEngine.java:119)
	at com.kms.katalon.core.main.TestCaseExecutor.runScript(TestCaseExecutor.java:448)
	at com.kms.katalon.core.main.TestCaseExecutor.doExecute(TestCaseExecutor.java:439)
	at com.kms.katalon.core.main.TestCaseExecutor.processExecutionPhase(TestCaseExecutor.java:418)
	at com.kms.katalon.core.main.TestCaseExecutor.accessMainPhase(TestCaseExecutor.java:410)
	at com.kms.katalon.core.main.TestCaseExecutor.execute(TestCaseExecutor.java:285)
	at com.kms.katalon.core.common.CommonExecutor.accessTestCaseMainPhase(CommonExecutor.java:65)
	at com.kms.katalon.core.main.TestSuiteExecutor.accessTestSuiteMainPhase(TestSuiteExecutor.java:150)
	at com.kms.katalon.core.main.TestSuiteExecutor.execute(TestSuiteExecutor.java:106)
	at com.kms.katalon.core.main.TestCaseMain.startTestSuite(TestCaseMain.java:180)
	at TempTestSuite1728743523864.run(TempTestSuite1728743523864.groovy:35)
	at java.base/jdk.internal.reflect.NativeMethodAccessorImpl.invoke0(Native Method)
	at java.base/jdk.internal.reflect.NativeMethodAccessorImpl.invoke(NativeMethodAccessorImpl.java:77)
	at java.base/jdk.internal.reflect.DelegatingMethodAccessorImpl.invoke(DelegatingMethodAccessorImpl.java:43)
Caused by: org.openqa.selenium.NoSuchElementException: no such element: Unable to locate element: {"method":"xpath","selector":"//div[contains(text(),'VPBANK')]"}
  (Session info: chrome=129.0.6668.91)
For documentation on this error, please visit: https://www.seleniumhq.org/exceptions/no_such_element.html
Build info: version: '3.141.59', revision: 'unknown', time: 'unknown'
System info: host: 'Aidan', ip: '2405:4803:fd90:9ef0:35c5:6ea1:b1e8:64e8%en0', os.name: 'Mac OS X', os.arch: 'aarch64', os.version: '15.0.1', java.version: '17.0.7'
Driver info: com.kms.katalon.selenium.driver.CChromeDriver
Capabilities {acceptInsecureCerts: false, browserName: chrome, browserVersion: 129.0.6668.91, chrome: {chromedriverVersion: 128.0.6613.84 (606aa55c7d68..., userDataDir: /var/folders/t5/b7k67ybj7gz...}, fedcm:accounts: true, goog:chromeOptions: {debuggerAddress: localhost:50054}, javascriptEnabled: true, networkConnectionEnabled: false, pageLoadStrategy: normal, platform: MAC, platformName: MAC, proxy: Proxy(), setWindowRect: true, strictFileInteractability: false, timeouts: {implicit: 0, pageLoad: 300000, script: 30000}, unhandledPromptBehavior: dismiss and notify, webauthn:extension:credBlob: true, webauthn:extension:largeBlob: true, webauthn:extension:minPinLength: true, webauthn:extension:prf: true, webauthn:virtualAuthenticators: true}
Session ID: 92e652ccee73680bd3e2ec1a61d01f38
*** Element info: {Using=xpath, value=//div[contains(text(),'VPBANK')]}
	at java.base/jdk.internal.reflect.NativeConstructorAccessorImpl.newInstance0(Native Method)
	at java.base/jdk.internal.reflect.NativeConstructorAccessorImpl.newInstance(NativeConstructorAccessorImpl.java:77)
	at java.base/jdk.internal.reflect.DelegatingConstructorAccessorImpl.newInstance(DelegatingConstructorAccessorImpl.java:45)
	at org.openqa.selenium.remote.http.W3CHttpResponseCodec.createException(W3CHttpResponseCodec.java:187)
	at org.openqa.selenium.remote.http.W3CHttpResponseCodec.decode(W3CHttpResponseCodec.java:122)
	at org.openqa.selenium.remote.http.W3CHttpResponseCodec.decode(W3CHttpResponseCodec.java:49)
	at org.openqa.selenium.remote.HttpCommandExecutor.execute(HttpCommandExecutor.java:158)
	at org.openqa.selenium.remote.service.DriverCommandExecutor.execute(DriverCommandExecutor.java:83)
	at org.openqa.selenium.remote.RemoteWebDriver.execute(RemoteWebDriver.java:552)
	at com.kms.katalon.selenium.driver.CChromeDriver.execute(CChromeDriver.java:19)
	at org.openqa.selenium.remote.RemoteWebDriver.findElement(RemoteWebDriver.java:323)
	at org.openqa.selenium.remote.RemoteWebDriver.findElementByXPath(RemoteWebDriver.java:428)
	at org.openqa.selenium.By$ByXPath.findElement(By.java:353)
	at org.openqa.selenium.remote.RemoteWebDriver.findElement(RemoteWebDriver.java:315)
	at jdk.internal.reflect.GeneratedMethodAccessor15.invoke(Unknown Source)
	at java.base/jdk.internal.reflect.DelegatingMethodAccessorImpl.invoke(DelegatingMethodAccessorImpl.java:43)
	at org.openqa.selenium.support.events.EventFiringWebDriver.lambda$new$1(EventFiringWebDriver.java:105)
	at jdk.proxy2/jdk.proxy2.$Proxy22.findElement(Unknown Source)
	at org.openqa.selenium.support.events.EventFiringWebDriver.findElement(EventFiringWebDriver.java:194)
	at org.openqa.selenium.support.ui.ExpectedConditions$7.apply(ExpectedConditions.java:205)
	at org.openqa.selenium.support.ui.ExpectedConditions$7.apply(ExpectedConditions.java:201)
	at org.openqa.selenium.support.ui.FluentWait.until(FluentWait.java:249)
	... 16 more


12-10-2024T21:36:36 - [TEST_STEP][PASSED] - Start listener action : sampleBeforeTestCase: Navigate to 'https://stg-console.9pay.mobi/login' successfully

12-10-2024T21:36:36 - [TEST_STEP][PASSED] - testCaseId = testCaseContext.getTestCaseId(): null

12-10-2024T21:36:36 - [TEST_STEP][PASSED] - url = <not implemented yet for class: org.codehaus.groovy.ast.expr.EmptyExpression>: null

12-10-2024T21:36:36 - [TEST_STEP][PASSED] - if (testCaseId == "Test Cases/Quản lý tài khoản merchant/Quản lý dịch vụ merchant/TC_14_Kiểm tra thay đổi sau khi cấu hình VA trên MCV"): null

12-10-2024T21:36:36 - [TEST_STEP][PASSED] - url = "https://stg-console.9pay.mobi/login": null

12-10-2024T21:36:36 - [TEST_STEP][PASSED] - openBrowser(""): Browser is opened with url: ''

12-10-2024T21:36:36 - [MESSAGE][WARNING] - A browser is already opened. Closing browser and opening a new one

12-10-2024T21:36:36 - [MESSAGE][INFO] - Starting 'Chrome' driver

12-10-2024T21:36:36 - [MESSAGE][INFO] - Action delay is set to 0 milliseconds

12-10-2024T21:36:37 - [MESSAGE][PASSED] - Browser is opened with url: ''

12-10-2024T21:36:37 - [TEST_STEP][PASSED] - maximizeWindow(): Current window maximized

12-10-2024T21:36:37 - [MESSAGE][PASSED] - Current window maximized

12-10-2024T21:36:37 - [TEST_STEP][PASSED] - navigateToUrl(url): Navigate to 'https://stg-console.9pay.mobi/login' successfully

12-10-2024T21:36:44 - [MESSAGE][PASSED] - Navigate to 'https://stg-console.9pay.mobi/login' successfully

12-10-2024T21:36:44 - [TEST_STEP][PASSED] - driver = getWebDriver(): null

12-10-2024T21:36:44 - [TEST_STEP][PASSED] - driver.get("https://stg-console.9pay.mobi/login?frm=1200"): null

12-10-2024T21:36:44 - [TEST_STEP][PASSED] - xpath("//input[@placeholder='Tài khoản']")).sendKeys("dannt11"): null

12-10-2024T21:36:45 - [TEST_STEP][PASSED] - xpath("//input[@placeholder='Mật khẩu']")).sendKeys("9Pay@1234"): null

12-10-2024T21:36:45 - [TEST_STEP][PASSED] - xpath("//button[contains(text(),'Đăng nhập')]")).click(): null

12-10-2024T21:36:45 - [TEST_STEP][PASSED] - wait = new org.openqa.selenium.support.ui.WebDriverWait(com.kms.katalon.core.webui.driver.DriverFactory.getWebDriver(), 30): null

12-10-2024T21:36:45 - [TEST_STEP][PASSED] - xpath("//a[contains(text(),'Quản lý dịch vụ Thu')]"))).click(): null

12-10-2024T21:36:47 - [TEST_STEP][PASSED] - xpath("//a[contains(text(),'Tạo yêu cầu thu tiền')]"))).click(): null

12-10-2024T21:36:47 - [TEST_STEP][PASSED] - xpath("//span[contains(text(),'Chọn ngân hàng')]"))).click(): null

12-10-2024T21:36:48 - [TEST_STEP][PASSED] - elements = getWebDriver().findElements(By.xpath("//li[contains(text(),'NH')]")): null

12-10-2024T21:36:48 - [TEST_STEP][PASSED] - if (elements.size() > 0): null

12-10-2024T21:36:48 - [TEST_STEP][PASSED] - rand = new java.util.Random(): null

12-10-2024T21:36:48 - [TEST_STEP][PASSED] - randomElement = elements.get(rand.nextInt(elements.size())): null

12-10-2024T21:36:48 - [TEST_STEP][PASSED] - randomElement.click(): null

12-10-2024T21:36:48 - [TEST_STEP][PASSED] - xpath("//input[@placeholder='Giá trị GD']")).sendKeys("100000"): null

12-10-2024T21:36:49 - [TEST_STEP][PASSED] - xpath("//button[contains(text(),'Tiếp tục')]")).click(): null

12-10-2024T21:36:49 - [TEST_STEP][ERROR] - wait.until(ExpectedConditions.visibilityOfElementLocated(By.xpath("//div[contains(text(),'VPBANK')]"))): Test Cases/Quản lý tài khoản merchant/Quản lý dịch vụ merchant/TC_14_Kiểm tra thay đổi sau khi cấu hình VA trên MCV FAILED.
Reason:
org.openqa.selenium.TimeoutException: Expected condition failed: waiting for visibility of element located by By.xpath: //div[contains(text(),'VPBANK')] (tried for 30 second(s) with 500 milliseconds interval)
	at org.openqa.selenium.support.ui.WebDriverWait.timeoutException(WebDriverWait.java:95)
	at org.openqa.selenium.support.ui.FluentWait.until(FluentWait.java:272)
	at TC_14_Kiểm tra thay đổi sau khi cấu hình VA trên MCV.run(TC_14_Kiểm tra thay đổi sau khi cấu hình VA trên MCV:34)
	at com.kms.katalon.core.main.ScriptEngine.run(ScriptEngine.java:194)
	at com.kms.katalon.core.main.ScriptEngine.runScriptAsRawText(ScriptEngine.java:119)
	at com.kms.katalon.core.main.TestCaseExecutor.runScript(TestCaseExecutor.java:448)
	at com.kms.katalon.core.main.TestCaseExecutor.doExecute(TestCaseExecutor.java:439)
	at com.kms.katalon.core.main.TestCaseExecutor.processExecutionPhase(TestCaseExecutor.java:418)
	at com.kms.katalon.core.main.TestCaseExecutor.accessMainPhase(TestCaseExecutor.java:410)
	at com.kms.katalon.core.main.TestCaseExecutor.execute(TestCaseExecutor.java:285)
	at com.kms.katalon.core.common.CommonExecutor.accessTestCaseMainPhase(CommonExecutor.java:65)
	at com.kms.katalon.core.main.TestSuiteExecutor.accessTestSuiteMainPhase(TestSuiteExecutor.java:150)
	at com.kms.katalon.core.main.TestSuiteExecutor.execute(TestSuiteExecutor.java:106)
	at com.kms.katalon.core.main.TestCaseMain.startTestSuite(TestCaseMain.java:180)
	at TempTestSuite1728743523864.run(TempTestSuite1728743523864.groovy:35)
	at java.base/jdk.internal.reflect.NativeMethodAccessorImpl.invoke0(Native Method)
	at java.base/jdk.internal.reflect.NativeMethodAccessorImpl.invoke(NativeMethodAccessorImpl.java:77)
	at java.base/jdk.internal.reflect.DelegatingMethodAccessorImpl.invoke(DelegatingMethodAccessorImpl.java:43)
Caused by: org.openqa.selenium.NoSuchElementException: no such element: Unable to locate element: {"method":"xpath","selector":"//div[contains(text(),'VPBANK')]"}
  (Session info: chrome=129.0.6668.91)
For documentation on this error, please visit: https://www.seleniumhq.org/exceptions/no_such_element.html
Build info: version: '3.141.59', revision: 'unknown', time: 'unknown'
System info: host: 'Aidan', ip: '2405:4803:fd90:9ef0:35c5:6ea1:b1e8:64e8%en0', os.name: 'Mac OS X', os.arch: 'aarch64', os.version: '15.0.1', java.version: '17.0.7'
Driver info: com.kms.katalon.selenium.driver.CChromeDriver
Capabilities {acceptInsecureCerts: false, browserName: chrome, browserVersion: 129.0.6668.91, chrome: {chromedriverVersion: 128.0.6613.84 (606aa55c7d68..., userDataDir: /var/folders/t5/b7k67ybj7gz...}, fedcm:accounts: true, goog:chromeOptions: {debuggerAddress: localhost:50054}, javascriptEnabled: true, networkConnectionEnabled: false, pageLoadStrategy: normal, platform: MAC, platformName: MAC, proxy: Proxy(), setWindowRect: true, strictFileInteractability: false, timeouts: {implicit: 0, pageLoad: 300000, script: 30000}, unhandledPromptBehavior: dismiss and notify, webauthn:extension:credBlob: true, webauthn:extension:largeBlob: true, webauthn:extension:minPinLength: true, webauthn:extension:prf: true, webauthn:virtualAuthenticators: true}
Session ID: 92e652ccee73680bd3e2ec1a61d01f38
*** Element info: {Using=xpath, value=//div[contains(text(),'VPBANK')]}
	at java.base/jdk.internal.reflect.NativeConstructorAccessorImpl.newInstance0(Native Method)
	at java.base/jdk.internal.reflect.NativeConstructorAccessorImpl.newInstance(NativeConstructorAccessorImpl.java:77)
	at java.base/jdk.internal.reflect.DelegatingConstructorAccessorImpl.newInstance(DelegatingConstructorAccessorImpl.java:45)
	at org.openqa.selenium.remote.http.W3CHttpResponseCodec.createException(W3CHttpResponseCodec.java:187)
	at org.openqa.selenium.remote.http.W3CHttpResponseCodec.decode(W3CHttpResponseCodec.java:122)
	at org.openqa.selenium.remote.http.W3CHttpResponseCodec.decode(W3CHttpResponseCodec.java:49)
	at org.openqa.selenium.remote.HttpCommandExecutor.execute(HttpCommandExecutor.java:158)
	at org.openqa.selenium.remote.service.DriverCommandExecutor.execute(DriverCommandExecutor.java:83)
	at org.openqa.selenium.remote.RemoteWebDriver.execute(RemoteWebDriver.java:552)
	at com.kms.katalon.selenium.driver.CChromeDriver.execute(CChromeDriver.java:19)
	at org.openqa.selenium.remote.RemoteWebDriver.findElement(RemoteWebDriver.java:323)
	at org.openqa.selenium.remote.RemoteWebDriver.findElementByXPath(RemoteWebDriver.java:428)
	at org.openqa.selenium.By$ByXPath.findElement(By.java:353)
	at org.openqa.selenium.remote.RemoteWebDriver.findElement(RemoteWebDriver.java:315)
	at jdk.internal.reflect.GeneratedMethodAccessor15.invoke(Unknown Source)
	at java.base/jdk.internal.reflect.DelegatingMethodAccessorImpl.invoke(DelegatingMethodAccessorImpl.java:43)
	at org.openqa.selenium.support.events.EventFiringWebDriver.lambda$new$1(EventFiringWebDriver.java:105)
	at jdk.proxy2/jdk.proxy2.$Proxy22.findElement(Unknown Source)
	at org.openqa.selenium.support.events.EventFiringWebDriver.findElement(EventFiringWebDriver.java:194)
	at org.openqa.selenium.support.ui.ExpectedConditions$7.apply(ExpectedConditions.java:205)
	at org.openqa.selenium.support.ui.ExpectedConditions$7.apply(ExpectedConditions.java:201)
	at org.openqa.selenium.support.ui.FluentWait.until(FluentWait.java:249)
	at Script1728736946548.run(Script1728736946548.groovy:34)
	... 15 more


12-10-2024T21:37:20 - [MESSAGE][ERROR] - Test Cases/Quản lý tài khoản merchant/Quản lý dịch vụ merchant/TC_14_Kiểm tra thay đổi sau khi cấu hình VA trên MCV FAILED.
Reason:
org.openqa.selenium.TimeoutException: Expected condition failed: waiting for visibility of element located by By.xpath: //div[contains(text(),'VPBANK')] (tried for 30 second(s) with 500 milliseconds interval)
	at org.openqa.selenium.support.ui.WebDriverWait.timeoutException(WebDriverWait.java:95)
	at org.openqa.selenium.support.ui.FluentWait.until(FluentWait.java:272)
	at TC_14_Kiểm tra thay đổi sau khi cấu hình VA trên MCV.run(TC_14_Kiểm tra thay đổi sau khi cấu hình VA trên MCV:34)
	at com.kms.katalon.core.main.ScriptEngine.run(ScriptEngine.java:194)
	at com.kms.katalon.core.main.ScriptEngine.runScriptAsRawText(ScriptEngine.java:119)
	at com.kms.katalon.core.main.TestCaseExecutor.runScript(TestCaseExecutor.java:448)
	at com.kms.katalon.core.main.TestCaseExecutor.doExecute(TestCaseExecutor.java:439)
	at com.kms.katalon.core.main.TestCaseExecutor.processExecutionPhase(TestCaseExecutor.java:418)
	at com.kms.katalon.core.main.TestCaseExecutor.accessMainPhase(TestCaseExecutor.java:410)
	at com.kms.katalon.core.main.TestCaseExecutor.execute(TestCaseExecutor.java:285)
	at com.kms.katalon.core.common.CommonExecutor.accessTestCaseMainPhase(CommonExecutor.java:65)
	at com.kms.katalon.core.main.TestSuiteExecutor.accessTestSuiteMainPhase(TestSuiteExecutor.java:150)
	at com.kms.katalon.core.main.TestSuiteExecutor.execute(TestSuiteExecutor.java:106)
	at com.kms.katalon.core.main.TestCaseMain.startTestSuite(TestCaseMain.java:180)
	at TempTestSuite1728743523864.run(TempTestSuite1728743523864.groovy:35)
	at java.base/jdk.internal.reflect.NativeMethodAccessorImpl.invoke0(Native Method)
	at java.base/jdk.internal.reflect.NativeMethodAccessorImpl.invoke(NativeMethodAccessorImpl.java:77)
	at java.base/jdk.internal.reflect.DelegatingMethodAccessorImpl.invoke(DelegatingMethodAccessorImpl.java:43)
Caused by: org.openqa.selenium.NoSuchElementException: no such element: Unable to locate element: {"method":"xpath","selector":"//div[contains(text(),'VPBANK')]"}
  (Session info: chrome=129.0.6668.91)
For documentation on this error, please visit: https://www.seleniumhq.org/exceptions/no_such_element.html
Build info: version: '3.141.59', revision: 'unknown', time: 'unknown'
System info: host: 'Aidan', ip: '2405:4803:fd90:9ef0:35c5:6ea1:b1e8:64e8%en0', os.name: 'Mac OS X', os.arch: 'aarch64', os.version: '15.0.1', java.version: '17.0.7'
Driver info: com.kms.katalon.selenium.driver.CChromeDriver
Capabilities {acceptInsecureCerts: false, browserName: chrome, browserVersion: 129.0.6668.91, chrome: {chromedriverVersion: 128.0.6613.84 (606aa55c7d68..., userDataDir: /var/folders/t5/b7k67ybj7gz...}, fedcm:accounts: true, goog:chromeOptions: {debuggerAddress: localhost:50054}, javascriptEnabled: true, networkConnectionEnabled: false, pageLoadStrategy: normal, platform: MAC, platformName: MAC, proxy: Proxy(), setWindowRect: true, strictFileInteractability: false, timeouts: {implicit: 0, pageLoad: 300000, script: 30000}, unhandledPromptBehavior: dismiss and notify, webauthn:extension:credBlob: true, webauthn:extension:largeBlob: true, webauthn:extension:minPinLength: true, webauthn:extension:prf: true, webauthn:virtualAuthenticators: true}
Session ID: 92e652ccee73680bd3e2ec1a61d01f38
*** Element info: {Using=xpath, value=//div[contains(text(),'VPBANK')]}
	at java.base/jdk.internal.reflect.NativeConstructorAccessorImpl.newInstance0(Native Method)
	at java.base/jdk.internal.reflect.NativeConstructorAccessorImpl.newInstance(NativeConstructorAccessorImpl.java:77)
	at java.base/jdk.internal.reflect.DelegatingConstructorAccessorImpl.newInstance(DelegatingConstructorAccessorImpl.java:45)
	at org.openqa.selenium.remote.http.W3CHttpResponseCodec.createException(W3CHttpResponseCodec.java:187)
	at org.openqa.selenium.remote.http.W3CHttpResponseCodec.decode(W3CHttpResponseCodec.java:122)
	at org.openqa.selenium.remote.http.W3CHttpResponseCodec.decode(W3CHttpResponseCodec.java:49)
	at org.openqa.selenium.remote.HttpCommandExecutor.execute(HttpCommandExecutor.java:158)
	at org.openqa.selenium.remote.service.DriverCommandExecutor.execute(DriverCommandExecutor.java:83)
	at org.openqa.selenium.remote.RemoteWebDriver.execute(RemoteWebDriver.java:552)
	at com.kms.katalon.selenium.driver.CChromeDriver.execute(CChromeDriver.java:19)
	at org.openqa.selenium.remote.RemoteWebDriver.findElement(RemoteWebDriver.java:323)
	at org.openqa.selenium.remote.RemoteWebDriver.findElementByXPath(RemoteWebDriver.java:428)
	at org.openqa.selenium.By$ByXPath.findElement(By.java:353)
	at org.openqa.selenium.remote.RemoteWebDriver.findElement(RemoteWebDriver.java:315)
	at jdk.internal.reflect.GeneratedMethodAccessor15.invoke(Unknown Source)
	at java.base/jdk.internal.reflect.DelegatingMethodAccessorImpl.invoke(DelegatingMethodAccessorImpl.java:43)
	at org.openqa.selenium.support.events.EventFiringWebDriver.lambda$new$1(EventFiringWebDriver.java:105)
	at jdk.proxy2/jdk.proxy2.$Proxy22.findElement(Unknown Source)
	at org.openqa.selenium.support.events.EventFiringWebDriver.findElement(EventFiringWebDriver.java:194)
	at org.openqa.selenium.support.ui.ExpectedConditions$7.apply(ExpectedConditions.java:205)
	at org.openqa.selenium.support.ui.ExpectedConditions$7.apply(ExpectedConditions.java:201)
	at org.openqa.selenium.support.ui.FluentWait.until(FluentWait.java:249)
	at Script1728736946548.run(Script1728736946548.groovy:34)
	... 15 more


12-10-2024T21:37:20 - [TEST_STEP][PASSED] - Start listener action : sampleAfterTestCase: null

12-10-2024T21:37:20 - [TEST_STEP][PASSED] - testCaseId = testCaseContext.getTestCaseId(): null

12-10-2024T21:37:20 - [TEST_STEP][PASSED] - if (testCaseId == "Test Cases/Quản lý tài khoản merchant/Quản lý dịch vụ merchant/TC_13_Kiểm tra chức năng xác nhận cấu hình thay đổi VA"): null]]></system-out>
         <system-err><![CDATA[12-10-2024T21:36:36 - [TEST_CASE][ERROR] - Test Cases/Quản lý tài khoản merchant/Quản lý dịch vụ merchant/TC_14_Kiểm tra thay đổi sau khi cấu hình VA trên MCV: Test Cases/Quản lý tài khoản merchant/Quản lý dịch vụ merchant/TC_14_Kiểm tra thay đổi sau khi cấu hình VA trên MCV FAILED.
Reason:
org.openqa.selenium.TimeoutException: Expected condition failed: waiting for visibility of element located by By.xpath: //div[contains(text(),'VPBANK')] (tried for 30 second(s) with 500 milliseconds interval)
	at org.openqa.selenium.support.ui.WebDriverWait.timeoutException(WebDriverWait.java:95)
	at org.openqa.selenium.support.ui.FluentWait.until(FluentWait.java:272)
	at TC_14_Kiểm tra thay đổi sau khi cấu hình VA trên MCV.run(TC_14_Kiểm tra thay đổi sau khi cấu hình VA trên MCV:34)
	at com.kms.katalon.core.main.ScriptEngine.run(ScriptEngine.java:194)
	at com.kms.katalon.core.main.ScriptEngine.runScriptAsRawText(ScriptEngine.java:119)
	at com.kms.katalon.core.main.TestCaseExecutor.runScript(TestCaseExecutor.java:448)
	at com.kms.katalon.core.main.TestCaseExecutor.doExecute(TestCaseExecutor.java:439)
	at com.kms.katalon.core.main.TestCaseExecutor.processExecutionPhase(TestCaseExecutor.java:418)
	at com.kms.katalon.core.main.TestCaseExecutor.accessMainPhase(TestCaseExecutor.java:410)
	at com.kms.katalon.core.main.TestCaseExecutor.execute(TestCaseExecutor.java:285)
	at com.kms.katalon.core.common.CommonExecutor.accessTestCaseMainPhase(CommonExecutor.java:65)
	at com.kms.katalon.core.main.TestSuiteExecutor.accessTestSuiteMainPhase(TestSuiteExecutor.java:150)
	at com.kms.katalon.core.main.TestSuiteExecutor.execute(TestSuiteExecutor.java:106)
	at com.kms.katalon.core.main.TestCaseMain.startTestSuite(TestCaseMain.java:180)
	at TempTestSuite1728743523864.run(TempTestSuite1728743523864.groovy:35)
	at java.base/jdk.internal.reflect.NativeMethodAccessorImpl.invoke0(Native Method)
	at java.base/jdk.internal.reflect.NativeMethodAccessorImpl.invoke(NativeMethodAccessorImpl.java:77)
	at java.base/jdk.internal.reflect.DelegatingMethodAccessorImpl.invoke(DelegatingMethodAccessorImpl.java:43)
Caused by: org.openqa.selenium.NoSuchElementException: no such element: Unable to locate element: {"method":"xpath","selector":"//div[contains(text(),'VPBANK')]"}
  (Session info: chrome=129.0.6668.91)
For documentation on this error, please visit: https://www.seleniumhq.org/exceptions/no_such_element.html
Build info: version: '3.141.59', revision: 'unknown', time: 'unknown'
System info: host: 'Aidan', ip: '2405:4803:fd90:9ef0:35c5:6ea1:b1e8:64e8%en0', os.name: 'Mac OS X', os.arch: 'aarch64', os.version: '15.0.1', java.version: '17.0.7'
Driver info: com.kms.katalon.selenium.driver.CChromeDriver
Capabilities {acceptInsecureCerts: false, browserName: chrome, browserVersion: 129.0.6668.91, chrome: {chromedriverVersion: 128.0.6613.84 (606aa55c7d68..., userDataDir: /var/folders/t5/b7k67ybj7gz...}, fedcm:accounts: true, goog:chromeOptions: {debuggerAddress: localhost:50054}, javascriptEnabled: true, networkConnectionEnabled: false, pageLoadStrategy: normal, platform: MAC, platformName: MAC, proxy: Proxy(), setWindowRect: true, strictFileInteractability: false, timeouts: {implicit: 0, pageLoad: 300000, script: 30000}, unhandledPromptBehavior: dismiss and notify, webauthn:extension:credBlob: true, webauthn:extension:largeBlob: true, webauthn:extension:minPinLength: true, webauthn:extension:prf: true, webauthn:virtualAuthenticators: true}
Session ID: 92e652ccee73680bd3e2ec1a61d01f38
*** Element info: {Using=xpath, value=//div[contains(text(),'VPBANK')]}
	at java.base/jdk.internal.reflect.NativeConstructorAccessorImpl.newInstance0(Native Method)
	at java.base/jdk.internal.reflect.NativeConstructorAccessorImpl.newInstance(NativeConstructorAccessorImpl.java:77)
	at java.base/jdk.internal.reflect.DelegatingConstructorAccessorImpl.newInstance(DelegatingConstructorAccessorImpl.java:45)
	at org.openqa.selenium.remote.http.W3CHttpResponseCodec.createException(W3CHttpResponseCodec.java:187)
	at org.openqa.selenium.remote.http.W3CHttpResponseCodec.decode(W3CHttpResponseCodec.java:122)
	at org.openqa.selenium.remote.http.W3CHttpResponseCodec.decode(W3CHttpResponseCodec.java:49)
	at org.openqa.selenium.remote.HttpCommandExecutor.execute(HttpCommandExecutor.java:158)
	at org.openqa.selenium.remote.service.DriverCommandExecutor.execute(DriverCommandExecutor.java:83)
	at org.openqa.selenium.remote.RemoteWebDriver.execute(RemoteWebDriver.java:552)
	at com.kms.katalon.selenium.driver.CChromeDriver.execute(CChromeDriver.java:19)
	at org.openqa.selenium.remote.RemoteWebDriver.findElement(RemoteWebDriver.java:323)
	at org.openqa.selenium.remote.RemoteWebDriver.findElementByXPath(RemoteWebDriver.java:428)
	at org.openqa.selenium.By$ByXPath.findElement(By.java:353)
	at org.openqa.selenium.remote.RemoteWebDriver.findElement(RemoteWebDriver.java:315)
	at jdk.internal.reflect.GeneratedMethodAccessor15.invoke(Unknown Source)
	at java.base/jdk.internal.reflect.DelegatingMethodAccessorImpl.invoke(DelegatingMethodAccessorImpl.java:43)
	at org.openqa.selenium.support.events.EventFiringWebDriver.lambda$new$1(EventFiringWebDriver.java:105)
	at jdk.proxy2/jdk.proxy2.$Proxy22.findElement(Unknown Source)
	at org.openqa.selenium.support.events.EventFiringWebDriver.findElement(EventFiringWebDriver.java:194)
	at org.openqa.selenium.support.ui.ExpectedConditions$7.apply(ExpectedConditions.java:205)
	at org.openqa.selenium.support.ui.ExpectedConditions$7.apply(ExpectedConditions.java:201)
	at org.openqa.selenium.support.ui.FluentWait.until(FluentWait.java:249)
	... 16 more]]></system-err>
      </testcase>
      <testcase name="Test Cases/Quản lý tài khoản merchant/Quản lý dịch vụ merchant/TC_15_Kiểm tra khi button lịch sử cấu hình VA" time="11.277" classname="Test Cases/Quản lý tài khoản merchant/Quản lý dịch vụ merchant/TC_15_Kiểm tra khi button lịch sử cấu hình VA" status="PASSED">
         <system-out><![CDATA[12-10-2024T21:37:20 - [TEST_CASE][PASSED] - Test Cases/Quản lý tài khoản merchant/Quản lý dịch vụ merchant/TC_15_Kiểm tra khi button lịch sử cấu hình VA: Test Cases/Quản lý tài khoản merchant/Quản lý dịch vụ merchant/TC_15_Kiểm tra khi button lịch sử cấu hình VA

12-10-2024T21:37:20 - [TEST_STEP][PASSED] - Start listener action : sampleBeforeTestCase: Navigate to 'https://stg-cms-console.9pay.mobi/login' successfully

12-10-2024T21:37:20 - [TEST_STEP][PASSED] - testCaseId = testCaseContext.getTestCaseId(): null

12-10-2024T21:37:20 - [TEST_STEP][PASSED] - url = <not implemented yet for class: org.codehaus.groovy.ast.expr.EmptyExpression>: null

12-10-2024T21:37:20 - [TEST_STEP][PASSED] - if (testCaseId == "Test Cases/Quản lý tài khoản merchant/Quản lý dịch vụ merchant/TC_14_Kiểm tra thay đổi sau khi cấu hình VA trên MCV"): null

12-10-2024T21:37:20 - [TEST_STEP][PASSED] - else: null

12-10-2024T21:37:20 - [TEST_STEP][PASSED] - url = "https://stg-cms-console.9pay.mobi/login": null

12-10-2024T21:37:20 - [TEST_STEP][PASSED] - openBrowser(""): Browser is opened with url: ''

12-10-2024T21:37:20 - [MESSAGE][WARNING] - A browser is already opened. Closing browser and opening a new one

12-10-2024T21:37:20 - [MESSAGE][INFO] - Starting 'Chrome' driver

12-10-2024T21:37:20 - [MESSAGE][INFO] - Action delay is set to 0 milliseconds

12-10-2024T21:37:21 - [MESSAGE][PASSED] - Browser is opened with url: ''

12-10-2024T21:37:21 - [TEST_STEP][PASSED] - maximizeWindow(): Current window maximized

12-10-2024T21:37:21 - [MESSAGE][PASSED] - Current window maximized

12-10-2024T21:37:21 - [TEST_STEP][PASSED] - navigateToUrl(url): Navigate to 'https://stg-cms-console.9pay.mobi/login' successfully

12-10-2024T21:37:24 - [MESSAGE][PASSED] - Navigate to 'https://stg-cms-console.9pay.mobi/login' successfully

12-10-2024T21:37:24 - [TEST_STEP][PASSED] - waitTime = Integer.parseInt(waitSecond): null

12-10-2024T21:37:24 - [TEST_STEP][PASSED] - callTestCase(findTestCase("Test Cases/Login/LoginCommon"), [:], STOP_ON_FAILURE): Call Test Case 'Test Cases/Login/LoginCommon' successfully

12-10-2024T21:37:24 - [TEST_CASE][PASSED] - Test Cases/Login/LoginCommon: Test Cases/Login/LoginCommon

12-10-2024T21:37:24 - [TEST_STEP][PASSED] - driver = getWebDriver(): null

12-10-2024T21:37:24 - [TEST_STEP][PASSED] - sendKeys(findTestObject("Quản lý tài khoản merchant/Quản lý dịch vụ merchant/userNameTextbox"), userAccount): Keys 'dannt@9pay.vn' sent to object: 'Object Repository/Quản lý tài khoản merchant/Quản lý dịch vụ merchant/userNameTextbox'

12-10-2024T21:37:24 - [MESSAGE][PASSED] - Keys 'dannt@9pay.vn' sent to object: 'Object Repository/Quản lý tài khoản merchant/Quản lý dịch vụ merchant/userNameTextbox'

12-10-2024T21:37:24 - [TEST_STEP][PASSED] - sendKeys(findTestObject("Quản lý tài khoản merchant/Quản lý dịch vụ merchant/passwordTextbox"), password): Keys 'dannt@9pay.vn' sent to object: 'Object Repository/Quản lý tài khoản merchant/Quản lý dịch vụ merchant/passwordTextbox'

12-10-2024T21:37:25 - [MESSAGE][PASSED] - Keys 'dannt@9pay.vn' sent to object: 'Object Repository/Quản lý tài khoản merchant/Quản lý dịch vụ merchant/passwordTextbox'

12-10-2024T21:37:25 - [TEST_STEP][PASSED] - click(findTestObject("Quản lý tài khoản merchant/Quản lý dịch vụ merchant/loginButton")): Object: 'Object Repository/Quản lý tài khoản merchant/Quản lý dịch vụ merchant/loginButton' is clicked on

12-10-2024T21:37:25 - [MESSAGE][PASSED] - Object: 'Object Repository/Quản lý tài khoản merchant/Quản lý dịch vụ merchant/loginButton' is clicked on

12-10-2024T21:37:25 - [MESSAGE][PASSED] - Call Test Case 'Test Cases/Login/LoginCommon' successfully

12-10-2024T21:37:25 - [TEST_STEP][PASSED] - waitForElementVisible(findTestObject("Trang chủ/userName"), waitTime, STOP_ON_FAILURE): Object 'Object Repository/Trang chủ/userName' is visible

12-10-2024T21:37:26 - [MESSAGE][PASSED] - Object 'Object Repository/Trang chủ/userName' is visible

12-10-2024T21:37:26 - [TEST_STEP][PASSED] - callTestCase(findTestCase("Test Cases/Quản lý tài khoản merchant/Quản lý danh sách tài khoản/CustomFunctions"), [:], STOP_ON_FAILURE): Call Test Case 'Test Cases/Quản lý tài khoản merchant/Quản lý danh sách tài khoản/CustomFunctions' successfully

12-10-2024T21:37:26 - [TEST_CASE][PASSED] - Test Cases/Quản lý tài khoản merchant/Quản lý danh sách tài khoản/CustomFunctions: Test Cases/Quản lý tài khoản merchant/Quản lý danh sách tài khoản/CustomFunctions

12-10-2024T21:37:26 - [TEST_STEP][PASSED] - driver = getWebDriver(): null

12-10-2024T21:37:26 - [TEST_STEP][PASSED] - sleep(2000): null

12-10-2024T21:37:28 - [TEST_STEP][PASSED] - element1 = driver.findElement(By.xpath(xpathManagerMC)): null

12-10-2024T21:37:29 - [TEST_STEP][PASSED] - actions = new org.openqa.selenium.interactions.Actions(driver): null

12-10-2024T21:37:29 - [TEST_STEP][PASSED] - click().perform(): null

12-10-2024T21:37:29 - [TEST_STEP][PASSED] - wait = new org.openqa.selenium.support.ui.WebDriverWait(com.kms.katalon.core.webui.driver.DriverFactory.getWebDriver(), 30): null

12-10-2024T21:37:29 - [TEST_STEP][PASSED] - element2 = wait.until(ExpectedConditions.elementToBeClickable(By.xpath(xpathManagerServiceMC))): null

12-10-2024T21:37:29 - [TEST_STEP][PASSED] - click().perform(): null

12-10-2024T21:37:29 - [MESSAGE][PASSED] - Call Test Case 'Test Cases/Quản lý tài khoản merchant/Quản lý danh sách tài khoản/CustomFunctions' successfully

12-10-2024T21:37:29 - [TEST_STEP][PASSED] - driver = getWebDriver(): null

12-10-2024T21:37:29 - [TEST_STEP][PASSED] - wait = new org.openqa.selenium.support.ui.WebDriverWait(com.kms.katalon.core.webui.driver.DriverFactory.getWebDriver(), 20): null

12-10-2024T21:37:29 - [TEST_STEP][PASSED] - xpath("//button[contains(text(),'Lịch sử cấu hình VA')]")).click(): null

12-10-2024T21:37:31 - [TEST_STEP][PASSED] - Assert.assertEquals(xpath("//h4[contains(text(),'Lịch sử cấu hình chuyển mạch VA')]")).getText(), "Lịch sử cấu hình chuyển mạch VA"): null

12-10-2024T21:37:31 - [TEST_STEP][PASSED] - Start listener action : sampleAfterTestCase: null

12-10-2024T21:37:31 - [TEST_STEP][PASSED] - testCaseId = testCaseContext.getTestCaseId(): null

12-10-2024T21:37:31 - [TEST_STEP][PASSED] - if (testCaseId == "Test Cases/Quản lý tài khoản merchant/Quản lý dịch vụ merchant/TC_13_Kiểm tra chức năng xác nhận cấu hình thay đổi VA"): null]]></system-out>
         <system-err><![CDATA[]]></system-err>
      </testcase>
      <testcase name="Test Cases/Quản lý tài khoản merchant/Quản lý dịch vụ merchant/TC_16_Kiểm tra khi click vào button Sửa sau mỗi bản ghi" time="19.531" classname="Test Cases/Quản lý tài khoản merchant/Quản lý dịch vụ merchant/TC_16_Kiểm tra khi click vào button Sửa sau mỗi bản ghi" status="PASSED">
         <system-out><![CDATA[12-10-2024T21:37:31 - [TEST_CASE][PASSED] - Test Cases/Quản lý tài khoản merchant/Quản lý dịch vụ merchant/TC_16_Kiểm tra khi click vào button Sửa sau mỗi bản ghi: Test Cases/Quản lý tài khoản merchant/Quản lý dịch vụ merchant/TC_16_Kiểm tra khi click vào button Sửa sau mỗi bản ghi

12-10-2024T21:37:31 - [TEST_STEP][PASSED] - Start listener action : sampleBeforeTestCase: Navigate to 'https://stg-cms-console.9pay.mobi/login' successfully

12-10-2024T21:37:31 - [TEST_STEP][PASSED] - testCaseId = testCaseContext.getTestCaseId(): null

12-10-2024T21:37:31 - [TEST_STEP][PASSED] - url = <not implemented yet for class: org.codehaus.groovy.ast.expr.EmptyExpression>: null

12-10-2024T21:37:31 - [TEST_STEP][PASSED] - if (testCaseId == "Test Cases/Quản lý tài khoản merchant/Quản lý dịch vụ merchant/TC_14_Kiểm tra thay đổi sau khi cấu hình VA trên MCV"): null

12-10-2024T21:37:31 - [TEST_STEP][PASSED] - else: null

12-10-2024T21:37:31 - [TEST_STEP][PASSED] - url = "https://stg-cms-console.9pay.mobi/login": null

12-10-2024T21:37:31 - [TEST_STEP][PASSED] - openBrowser(""): Browser is opened with url: ''

12-10-2024T21:37:31 - [MESSAGE][WARNING] - A browser is already opened. Closing browser and opening a new one

12-10-2024T21:37:32 - [MESSAGE][INFO] - Starting 'Chrome' driver

12-10-2024T21:37:32 - [MESSAGE][INFO] - Action delay is set to 0 milliseconds

12-10-2024T21:37:32 - [MESSAGE][PASSED] - Browser is opened with url: ''

12-10-2024T21:37:32 - [TEST_STEP][PASSED] - maximizeWindow(): Current window maximized

12-10-2024T21:37:32 - [MESSAGE][PASSED] - Current window maximized

12-10-2024T21:37:32 - [TEST_STEP][PASSED] - navigateToUrl(url): Navigate to 'https://stg-cms-console.9pay.mobi/login' successfully

12-10-2024T21:37:35 - [MESSAGE][PASSED] - Navigate to 'https://stg-cms-console.9pay.mobi/login' successfully

12-10-2024T21:37:35 - [TEST_STEP][PASSED] - waitTime = Integer.parseInt(waitSecond): null

12-10-2024T21:37:35 - [TEST_STEP][PASSED] - callTestCase(findTestCase("Test Cases/Login/LoginCommon"), [:], STOP_ON_FAILURE): Call Test Case 'Test Cases/Login/LoginCommon' successfully

12-10-2024T21:37:35 - [TEST_CASE][PASSED] - Test Cases/Login/LoginCommon: Test Cases/Login/LoginCommon

12-10-2024T21:37:35 - [TEST_STEP][PASSED] - driver = getWebDriver(): null

12-10-2024T21:37:35 - [TEST_STEP][PASSED] - sendKeys(findTestObject("Quản lý tài khoản merchant/Quản lý dịch vụ merchant/userNameTextbox"), userAccount): Keys 'dannt@9pay.vn' sent to object: 'Object Repository/Quản lý tài khoản merchant/Quản lý dịch vụ merchant/userNameTextbox'

12-10-2024T21:37:36 - [MESSAGE][PASSED] - Keys 'dannt@9pay.vn' sent to object: 'Object Repository/Quản lý tài khoản merchant/Quản lý dịch vụ merchant/userNameTextbox'

12-10-2024T21:37:36 - [TEST_STEP][PASSED] - sendKeys(findTestObject("Quản lý tài khoản merchant/Quản lý dịch vụ merchant/passwordTextbox"), password): Keys 'dannt@9pay.vn' sent to object: 'Object Repository/Quản lý tài khoản merchant/Quản lý dịch vụ merchant/passwordTextbox'

12-10-2024T21:37:36 - [MESSAGE][PASSED] - Keys 'dannt@9pay.vn' sent to object: 'Object Repository/Quản lý tài khoản merchant/Quản lý dịch vụ merchant/passwordTextbox'

12-10-2024T21:37:36 - [TEST_STEP][PASSED] - click(findTestObject("Quản lý tài khoản merchant/Quản lý dịch vụ merchant/loginButton")): Object: 'Object Repository/Quản lý tài khoản merchant/Quản lý dịch vụ merchant/loginButton' is clicked on

12-10-2024T21:37:36 - [MESSAGE][PASSED] - Object: 'Object Repository/Quản lý tài khoản merchant/Quản lý dịch vụ merchant/loginButton' is clicked on

12-10-2024T21:37:36 - [MESSAGE][PASSED] - Call Test Case 'Test Cases/Login/LoginCommon' successfully

12-10-2024T21:37:36 - [TEST_STEP][PASSED] - waitForElementVisible(findTestObject("Trang chủ/userName"), waitTime, STOP_ON_FAILURE): Object 'Object Repository/Trang chủ/userName' is visible

12-10-2024T21:37:38 - [MESSAGE][PASSED] - Object 'Object Repository/Trang chủ/userName' is visible

12-10-2024T21:37:38 - [TEST_STEP][PASSED] - driver = getWebDriver(): null

12-10-2024T21:37:38 - [TEST_STEP][PASSED] - wait = new org.openqa.selenium.support.ui.WebDriverWait(com.kms.katalon.core.webui.driver.DriverFactory.getWebDriver(), 20): null

12-10-2024T21:37:38 - [TEST_STEP][PASSED] - callTestCase(findTestCase("Test Cases/Quản lý tài khoản merchant/Quản lý danh sách tài khoản/CustomFunctions"), [:], STOP_ON_FAILURE): Call Test Case 'Test Cases/Quản lý tài khoản merchant/Quản lý danh sách tài khoản/CustomFunctions' successfully

12-10-2024T21:37:38 - [TEST_CASE][PASSED] - Test Cases/Quản lý tài khoản merchant/Quản lý danh sách tài khoản/CustomFunctions: Test Cases/Quản lý tài khoản merchant/Quản lý danh sách tài khoản/CustomFunctions

12-10-2024T21:37:38 - [TEST_STEP][PASSED] - driver = getWebDriver(): null

12-10-2024T21:37:38 - [TEST_STEP][PASSED] - sleep(2000): null

12-10-2024T21:37:40 - [TEST_STEP][PASSED] - element1 = driver.findElement(By.xpath(xpathManagerMC)): null

12-10-2024T21:37:40 - [TEST_STEP][PASSED] - actions = new org.openqa.selenium.interactions.Actions(driver): null

12-10-2024T21:37:40 - [TEST_STEP][PASSED] - click().perform(): null

12-10-2024T21:37:41 - [TEST_STEP][PASSED] - wait = new org.openqa.selenium.support.ui.WebDriverWait(com.kms.katalon.core.webui.driver.DriverFactory.getWebDriver(), 30): null

12-10-2024T21:37:41 - [TEST_STEP][PASSED] - element2 = wait.until(ExpectedConditions.elementToBeClickable(By.xpath(xpathManagerServiceMC))): null

12-10-2024T21:37:41 - [TEST_STEP][PASSED] - click().perform(): null

12-10-2024T21:37:41 - [MESSAGE][PASSED] - Call Test Case 'Test Cases/Quản lý tài khoản merchant/Quản lý danh sách tài khoản/CustomFunctions' successfully

12-10-2024T21:37:41 - [TEST_STEP][PASSED] - elements = driver.findElements(By.xpath("//a[contains(.,'edit')]")): null

12-10-2024T21:37:42 - [TEST_STEP][PASSED] - random = new java.util.Random(): null

12-10-2024T21:37:42 - [TEST_STEP][PASSED] - randomElement = elements.get(random.nextInt(elements.size())): null

12-10-2024T21:37:42 - [TEST_STEP][PASSED] - randomElement.click(): null

12-10-2024T21:37:42 - [TEST_STEP][PASSED] - title = xpath("//h2[contains(text(),'THÔNG TIN TÀI KHOẢN')]")).getText(): null

12-10-2024T21:37:51 - [TEST_STEP][PASSED] - Assert.assertEquals(title, "THÔNG TIN TÀI KHOẢN"): null

12-10-2024T21:37:51 - [TEST_STEP][PASSED] - Start listener action : sampleAfterTestCase: null

12-10-2024T21:37:51 - [TEST_STEP][PASSED] - testCaseId = testCaseContext.getTestCaseId(): null

12-10-2024T21:37:51 - [TEST_STEP][PASSED] - if (testCaseId == "Test Cases/Quản lý tài khoản merchant/Quản lý dịch vụ merchant/TC_13_Kiểm tra chức năng xác nhận cấu hình thay đổi VA"): null]]></system-out>
         <system-err><![CDATA[]]></system-err>
      </testcase>
      <testcase name="Test Cases/Quản lý tài khoản merchant/Quản lý dịch vụ merchant/TC_17_Kiểm tra khi nhấn resetBtn" time="19.818" classname="Test Cases/Quản lý tài khoản merchant/Quản lý dịch vụ merchant/TC_17_Kiểm tra khi nhấn resetBtn" status="PASSED">
         <system-out><![CDATA[12-10-2024T21:37:51 - [TEST_CASE][PASSED] - Test Cases/Quản lý tài khoản merchant/Quản lý dịch vụ merchant/TC_17_Kiểm tra khi nhấn resetBtn: Test Cases/Quản lý tài khoản merchant/Quản lý dịch vụ merchant/TC_17_Kiểm tra khi nhấn resetBtn

12-10-2024T21:37:51 - [TEST_STEP][PASSED] - Start listener action : sampleBeforeTestCase: Navigate to 'https://stg-cms-console.9pay.mobi/login' successfully

12-10-2024T21:37:51 - [TEST_STEP][PASSED] - testCaseId = testCaseContext.getTestCaseId(): null

12-10-2024T21:37:51 - [TEST_STEP][PASSED] - url = <not implemented yet for class: org.codehaus.groovy.ast.expr.EmptyExpression>: null

12-10-2024T21:37:51 - [TEST_STEP][PASSED] - if (testCaseId == "Test Cases/Quản lý tài khoản merchant/Quản lý dịch vụ merchant/TC_14_Kiểm tra thay đổi sau khi cấu hình VA trên MCV"): null

12-10-2024T21:37:51 - [TEST_STEP][PASSED] - else: null

12-10-2024T21:37:51 - [TEST_STEP][PASSED] - url = "https://stg-cms-console.9pay.mobi/login": null

12-10-2024T21:37:51 - [TEST_STEP][PASSED] - openBrowser(""): Browser is opened with url: ''

12-10-2024T21:37:51 - [MESSAGE][WARNING] - A browser is already opened. Closing browser and opening a new one

12-10-2024T21:37:51 - [MESSAGE][INFO] - Starting 'Chrome' driver

12-10-2024T21:37:51 - [MESSAGE][INFO] - Action delay is set to 0 milliseconds

12-10-2024T21:37:52 - [MESSAGE][PASSED] - Browser is opened with url: ''

12-10-2024T21:37:52 - [TEST_STEP][PASSED] - maximizeWindow(): Current window maximized

12-10-2024T21:37:52 - [MESSAGE][PASSED] - Current window maximized

12-10-2024T21:37:52 - [TEST_STEP][PASSED] - navigateToUrl(url): Navigate to 'https://stg-cms-console.9pay.mobi/login' successfully

12-10-2024T21:37:56 - [MESSAGE][PASSED] - Navigate to 'https://stg-cms-console.9pay.mobi/login' successfully

12-10-2024T21:37:56 - [TEST_STEP][PASSED] - waitTime = Integer.parseInt(waitSecond): null

12-10-2024T21:37:56 - [TEST_STEP][PASSED] - callTestCase(findTestCase("Test Cases/Login/LoginCommon"), [:], STOP_ON_FAILURE): Call Test Case 'Test Cases/Login/LoginCommon' successfully

12-10-2024T21:37:57 - [TEST_CASE][PASSED] - Test Cases/Login/LoginCommon: Test Cases/Login/LoginCommon

12-10-2024T21:37:57 - [TEST_STEP][PASSED] - driver = getWebDriver(): null

12-10-2024T21:37:57 - [TEST_STEP][PASSED] - sendKeys(findTestObject("Quản lý tài khoản merchant/Quản lý dịch vụ merchant/userNameTextbox"), userAccount): Keys 'dannt@9pay.vn' sent to object: 'Object Repository/Quản lý tài khoản merchant/Quản lý dịch vụ merchant/userNameTextbox'

12-10-2024T21:37:57 - [MESSAGE][PASSED] - Keys 'dannt@9pay.vn' sent to object: 'Object Repository/Quản lý tài khoản merchant/Quản lý dịch vụ merchant/userNameTextbox'

12-10-2024T21:37:57 - [TEST_STEP][PASSED] - sendKeys(findTestObject("Quản lý tài khoản merchant/Quản lý dịch vụ merchant/passwordTextbox"), password): Keys 'dannt@9pay.vn' sent to object: 'Object Repository/Quản lý tài khoản merchant/Quản lý dịch vụ merchant/passwordTextbox'

12-10-2024T21:37:57 - [MESSAGE][PASSED] - Keys 'dannt@9pay.vn' sent to object: 'Object Repository/Quản lý tài khoản merchant/Quản lý dịch vụ merchant/passwordTextbox'

12-10-2024T21:37:57 - [TEST_STEP][PASSED] - click(findTestObject("Quản lý tài khoản merchant/Quản lý dịch vụ merchant/loginButton")): Object: 'Object Repository/Quản lý tài khoản merchant/Quản lý dịch vụ merchant/loginButton' is clicked on

12-10-2024T21:37:57 - [MESSAGE][PASSED] - Object: 'Object Repository/Quản lý tài khoản merchant/Quản lý dịch vụ merchant/loginButton' is clicked on

12-10-2024T21:37:57 - [MESSAGE][PASSED] - Call Test Case 'Test Cases/Login/LoginCommon' successfully

12-10-2024T21:37:57 - [TEST_STEP][PASSED] - waitForElementVisible(findTestObject("Trang chủ/userName"), waitTime, STOP_ON_FAILURE): Object 'Object Repository/Trang chủ/userName' is visible

12-10-2024T21:38:01 - [MESSAGE][PASSED] - Object 'Object Repository/Trang chủ/userName' is visible

12-10-2024T21:38:01 - [TEST_STEP][PASSED] - callTestCase(findTestCase("Test Cases/Quản lý tài khoản merchant/Quản lý danh sách tài khoản/CustomFunctions"), [:], STOP_ON_FAILURE): Call Test Case 'Test Cases/Quản lý tài khoản merchant/Quản lý danh sách tài khoản/CustomFunctions' successfully

12-10-2024T21:38:01 - [TEST_CASE][PASSED] - Test Cases/Quản lý tài khoản merchant/Quản lý danh sách tài khoản/CustomFunctions: Test Cases/Quản lý tài khoản merchant/Quản lý danh sách tài khoản/CustomFunctions

12-10-2024T21:38:01 - [TEST_STEP][PASSED] - driver = getWebDriver(): null

12-10-2024T21:38:01 - [TEST_STEP][PASSED] - sleep(2000): null

12-10-2024T21:38:03 - [TEST_STEP][PASSED] - element1 = driver.findElement(By.xpath(xpathManagerMC)): null

12-10-2024T21:38:03 - [TEST_STEP][PASSED] - actions = new org.openqa.selenium.interactions.Actions(driver): null

12-10-2024T21:38:03 - [TEST_STEP][PASSED] - click().perform(): null

12-10-2024T21:38:03 - [TEST_STEP][PASSED] - wait = new org.openqa.selenium.support.ui.WebDriverWait(com.kms.katalon.core.webui.driver.DriverFactory.getWebDriver(), 30): null

12-10-2024T21:38:03 - [TEST_STEP][PASSED] - element2 = wait.until(ExpectedConditions.elementToBeClickable(By.xpath(xpathManagerServiceMC))): null

12-10-2024T21:38:04 - [TEST_STEP][PASSED] - click().perform(): null

12-10-2024T21:38:04 - [MESSAGE][PASSED] - Call Test Case 'Test Cases/Quản lý tài khoản merchant/Quản lý danh sách tài khoản/CustomFunctions' successfully

12-10-2024T21:38:04 - [TEST_STEP][PASSED] - driver = getWebDriver(): null

12-10-2024T21:38:04 - [TEST_STEP][PASSED] - dropdown = driver.findElement(By.name("service_type")): null

12-10-2024T21:38:08 - [TEST_STEP][PASSED] - usenameInputField = driver.findElement(By.xpath("//input[@placeholder='Nhập tên tài khoản']")): null

12-10-2024T21:38:08 - [TEST_STEP][PASSED] - xpath("//option[@value='DEPOSIT_TRANSFER_IB']")).click(): null

12-10-2024T21:38:08 - [TEST_STEP][PASSED] - dropdownStt = driver.findElement(By.name("is_active")): null

12-10-2024T21:38:09 - [TEST_STEP][PASSED] - xpath("//option[@value="1"]")).click(): null

12-10-2024T21:38:09 - [TEST_STEP][PASSED] - sendKeys(findTestObject("Quản lý tài khoản merchant/Quản lý dịch vụ merchant/accountName"), "dannt11"): Keys 'dannt11' sent to object: 'Object Repository/Quản lý tài khoản merchant/Quản lý dịch vụ merchant/accountName'

12-10-2024T21:38:09 - [MESSAGE][PASSED] - Keys 'dannt11' sent to object: 'Object Repository/Quản lý tài khoản merchant/Quản lý dịch vụ merchant/accountName'

12-10-2024T21:38:09 - [TEST_STEP][PASSED] - valueUsername = usenameInputField.getAttribute("value"): null

12-10-2024T21:38:09 - [TEST_STEP][PASSED] - println("Giá trị đã nhập trước là: " + valueUsername): null

12-10-2024T21:38:09 - [TEST_STEP][PASSED] - resetBtn = driver.findElement(By.xpath("//button[contains(text(),'Reset bộ lọc')]")): null

12-10-2024T21:38:10 - [TEST_STEP][PASSED] - resetBtn.click(): null

12-10-2024T21:38:10 - [TEST_STEP][PASSED] - wait = new org.openqa.selenium.support.ui.WebDriverWait(com.kms.katalon.core.webui.driver.DriverFactory.getWebDriver(), 20): null

12-10-2024T21:38:10 - [TEST_STEP][PASSED] - inputElement = wait.until(ExpectedConditions.presenceOfElementLocated(By.xpath("//input[@placeholder='Nhập tên tài khoản']"))): null

12-10-2024T21:38:11 - [TEST_STEP][PASSED] - usenameInputFieldg = driver.findElement(By.xpath("//input[@placeholder='Nhập tên tài khoản']")): null

12-10-2024T21:38:11 - [TEST_STEP][PASSED] - valueUsernameAf = usenameInputFieldg.getAttribute("value"): null

12-10-2024T21:38:11 - [TEST_STEP][PASSED] - println("Giá trị đã nhập là: " + valueUsernameAf): null

12-10-2024T21:38:11 - [TEST_STEP][PASSED] - if (valueUsernameAf != valueUsername): Values are not equal

12-10-2024T21:38:11 - [TEST_STEP][PASSED] - markPassed("Values are not equal"): Values are not equal

12-10-2024T21:38:11 - [MESSAGE][PASSED] - Values are not equal

12-10-2024T21:38:11 - [TEST_STEP][PASSED] - Start listener action : sampleAfterTestCase: null

12-10-2024T21:38:11 - [TEST_STEP][PASSED] - testCaseId = testCaseContext.getTestCaseId(): null

12-10-2024T21:38:11 - [TEST_STEP][PASSED] - if (testCaseId == "Test Cases/Quản lý tài khoản merchant/Quản lý dịch vụ merchant/TC_13_Kiểm tra chức năng xác nhận cấu hình thay đổi VA"): null]]></system-out>
         <system-err><![CDATA[]]></system-err>
      </testcase>
      <testcase name="Test Cases/Quản lý tài khoản merchant/Quản lý dịch vụ merchant/TC_18_Kiểm tra khả năng mở form quản lý dịch vụ merchant" time="12.066" classname="Test Cases/Quản lý tài khoản merchant/Quản lý dịch vụ merchant/TC_18_Kiểm tra khả năng mở form quản lý dịch vụ merchant" status="PASSED">
         <system-out><![CDATA[12-10-2024T21:38:11 - [TEST_CASE][PASSED] - Test Cases/Quản lý tài khoản merchant/Quản lý dịch vụ merchant/TC_18_Kiểm tra khả năng mở form quản lý dịch vụ merchant: Test Cases/Quản lý tài khoản merchant/Quản lý dịch vụ merchant/TC_18_Kiểm tra khả năng mở form quản lý dịch vụ merchant

12-10-2024T21:38:11 - [TEST_STEP][PASSED] - Start listener action : sampleBeforeTestCase: Navigate to 'https://stg-cms-console.9pay.mobi/login' successfully

12-10-2024T21:38:11 - [TEST_STEP][PASSED] - testCaseId = testCaseContext.getTestCaseId(): null

12-10-2024T21:38:11 - [TEST_STEP][PASSED] - url = <not implemented yet for class: org.codehaus.groovy.ast.expr.EmptyExpression>: null

12-10-2024T21:38:11 - [TEST_STEP][PASSED] - if (testCaseId == "Test Cases/Quản lý tài khoản merchant/Quản lý dịch vụ merchant/TC_14_Kiểm tra thay đổi sau khi cấu hình VA trên MCV"): null

12-10-2024T21:38:11 - [TEST_STEP][PASSED] - else: null

12-10-2024T21:38:11 - [TEST_STEP][PASSED] - url = "https://stg-cms-console.9pay.mobi/login": null

12-10-2024T21:38:11 - [TEST_STEP][PASSED] - openBrowser(""): Browser is opened with url: ''

12-10-2024T21:38:11 - [MESSAGE][WARNING] - A browser is already opened. Closing browser and opening a new one

12-10-2024T21:38:11 - [MESSAGE][INFO] - Starting 'Chrome' driver

12-10-2024T21:38:11 - [MESSAGE][INFO] - Action delay is set to 0 milliseconds

12-10-2024T21:38:11 - [MESSAGE][PASSED] - Browser is opened with url: ''

12-10-2024T21:38:11 - [TEST_STEP][PASSED] - maximizeWindow(): Current window maximized

12-10-2024T21:38:12 - [MESSAGE][PASSED] - Current window maximized

12-10-2024T21:38:12 - [TEST_STEP][PASSED] - navigateToUrl(url): Navigate to 'https://stg-cms-console.9pay.mobi/login' successfully

12-10-2024T21:38:14 - [MESSAGE][PASSED] - Navigate to 'https://stg-cms-console.9pay.mobi/login' successfully

12-10-2024T21:38:14 - [TEST_STEP][PASSED] - waitTime = Integer.parseInt(waitSecond): null

12-10-2024T21:38:14 - [TEST_STEP][PASSED] - callTestCase(findTestCase("Test Cases/Login/LoginCommon"), [:], STOP_ON_FAILURE): Call Test Case 'Test Cases/Login/LoginCommon' successfully

12-10-2024T21:38:14 - [TEST_CASE][PASSED] - Test Cases/Login/LoginCommon: Test Cases/Login/LoginCommon

12-10-2024T21:38:14 - [TEST_STEP][PASSED] - driver = getWebDriver(): null

12-10-2024T21:38:14 - [TEST_STEP][PASSED] - sendKeys(findTestObject("Quản lý tài khoản merchant/Quản lý dịch vụ merchant/userNameTextbox"), userAccount): Keys 'dannt@9pay.vn' sent to object: 'Object Repository/Quản lý tài khoản merchant/Quản lý dịch vụ merchant/userNameTextbox'

12-10-2024T21:38:14 - [MESSAGE][PASSED] - Keys 'dannt@9pay.vn' sent to object: 'Object Repository/Quản lý tài khoản merchant/Quản lý dịch vụ merchant/userNameTextbox'

12-10-2024T21:38:14 - [TEST_STEP][PASSED] - sendKeys(findTestObject("Quản lý tài khoản merchant/Quản lý dịch vụ merchant/passwordTextbox"), password): Keys 'dannt@9pay.vn' sent to object: 'Object Repository/Quản lý tài khoản merchant/Quản lý dịch vụ merchant/passwordTextbox'

12-10-2024T21:38:15 - [MESSAGE][PASSED] - Keys 'dannt@9pay.vn' sent to object: 'Object Repository/Quản lý tài khoản merchant/Quản lý dịch vụ merchant/passwordTextbox'

12-10-2024T21:38:15 - [TEST_STEP][PASSED] - click(findTestObject("Quản lý tài khoản merchant/Quản lý dịch vụ merchant/loginButton")): Object: 'Object Repository/Quản lý tài khoản merchant/Quản lý dịch vụ merchant/loginButton' is clicked on

12-10-2024T21:38:15 - [MESSAGE][PASSED] - Object: 'Object Repository/Quản lý tài khoản merchant/Quản lý dịch vụ merchant/loginButton' is clicked on

12-10-2024T21:38:15 - [MESSAGE][PASSED] - Call Test Case 'Test Cases/Login/LoginCommon' successfully

12-10-2024T21:38:15 - [TEST_STEP][PASSED] - waitForElementVisible(findTestObject("Trang chủ/userName"), waitTime, STOP_ON_FAILURE): Object 'Object Repository/Trang chủ/userName' is visible

12-10-2024T21:38:19 - [MESSAGE][PASSED] - Object 'Object Repository/Trang chủ/userName' is visible

12-10-2024T21:38:19 - [TEST_STEP][PASSED] - callTestCase(findTestCase("Test Cases/Quản lý tài khoản merchant/Quản lý danh sách tài khoản/CustomFunctions"), [:], STOP_ON_FAILURE): Call Test Case 'Test Cases/Quản lý tài khoản merchant/Quản lý danh sách tài khoản/CustomFunctions' successfully

12-10-2024T21:38:19 - [TEST_CASE][PASSED] - Test Cases/Quản lý tài khoản merchant/Quản lý danh sách tài khoản/CustomFunctions: Test Cases/Quản lý tài khoản merchant/Quản lý danh sách tài khoản/CustomFunctions

12-10-2024T21:38:19 - [TEST_STEP][PASSED] - driver = getWebDriver(): null

12-10-2024T21:38:19 - [TEST_STEP][PASSED] - sleep(2000): null

12-10-2024T21:38:21 - [TEST_STEP][PASSED] - element1 = driver.findElement(By.xpath(xpathManagerMC)): null

12-10-2024T21:38:21 - [TEST_STEP][PASSED] - actions = new org.openqa.selenium.interactions.Actions(driver): null

12-10-2024T21:38:21 - [TEST_STEP][PASSED] - click().perform(): null

12-10-2024T21:38:21 - [TEST_STEP][PASSED] - wait = new org.openqa.selenium.support.ui.WebDriverWait(com.kms.katalon.core.webui.driver.DriverFactory.getWebDriver(), 30): null

12-10-2024T21:38:21 - [TEST_STEP][PASSED] - element2 = wait.until(ExpectedConditions.elementToBeClickable(By.xpath(xpathManagerServiceMC))): null

12-10-2024T21:38:21 - [TEST_STEP][PASSED] - click().perform(): null

12-10-2024T21:38:22 - [MESSAGE][PASSED] - Call Test Case 'Test Cases/Quản lý tài khoản merchant/Quản lý danh sách tài khoản/CustomFunctions' successfully

12-10-2024T21:38:22 - [TEST_STEP][PASSED] - verifyElementPresent(findTestObject("Quản lý tài khoản merchant/Quản lý dịch vụ merchant/headerMenu"), 3): Object 'Object Repository/Quản lý tài khoản merchant/Quản lý dịch vụ merchant/headerMenu' is present

12-10-2024T21:38:23 - [MESSAGE][PASSED] - Object 'Object Repository/Quản lý tài khoản merchant/Quản lý dịch vụ merchant/headerMenu' is present

12-10-2024T21:38:23 - [TEST_STEP][PASSED] - Start listener action : sampleAfterTestCase: null

12-10-2024T21:38:23 - [TEST_STEP][PASSED] - testCaseId = testCaseContext.getTestCaseId(): null

12-10-2024T21:38:23 - [TEST_STEP][PASSED] - if (testCaseId == "Test Cases/Quản lý tài khoản merchant/Quản lý dịch vụ merchant/TC_13_Kiểm tra chức năng xác nhận cấu hình thay đổi VA"): null]]></system-out>
         <system-err><![CDATA[]]></system-err>
      </testcase>
      <testcase name="Test Cases/Quản lý tài khoản merchant/Quản lý dịch vụ merchant/TC_19_Kiểm tra tài khoản đã active dịch vụ chi" time="25.53" classname="Test Cases/Quản lý tài khoản merchant/Quản lý dịch vụ merchant/TC_19_Kiểm tra tài khoản đã active dịch vụ chi" status="PASSED">
         <system-out><![CDATA[12-10-2024T21:38:23 - [TEST_CASE][PASSED] - Test Cases/Quản lý tài khoản merchant/Quản lý dịch vụ merchant/TC_19_Kiểm tra tài khoản đã active dịch vụ chi: Test Cases/Quản lý tài khoản merchant/Quản lý dịch vụ merchant/TC_19_Kiểm tra tài khoản đã active dịch vụ chi

12-10-2024T21:38:23 - [TEST_STEP][PASSED] - Start listener action : sampleBeforeTestCase: Navigate to 'https://stg-cms-console.9pay.mobi/login' successfully

12-10-2024T21:38:23 - [TEST_STEP][PASSED] - testCaseId = testCaseContext.getTestCaseId(): null

12-10-2024T21:38:23 - [TEST_STEP][PASSED] - url = <not implemented yet for class: org.codehaus.groovy.ast.expr.EmptyExpression>: null

12-10-2024T21:38:23 - [TEST_STEP][PASSED] - if (testCaseId == "Test Cases/Quản lý tài khoản merchant/Quản lý dịch vụ merchant/TC_14_Kiểm tra thay đổi sau khi cấu hình VA trên MCV"): null

12-10-2024T21:38:23 - [TEST_STEP][PASSED] - else: null

12-10-2024T21:38:23 - [TEST_STEP][PASSED] - url = "https://stg-cms-console.9pay.mobi/login": null

12-10-2024T21:38:23 - [TEST_STEP][PASSED] - openBrowser(""): Browser is opened with url: ''

12-10-2024T21:38:23 - [MESSAGE][WARNING] - A browser is already opened. Closing browser and opening a new one

12-10-2024T21:38:23 - [MESSAGE][INFO] - Starting 'Chrome' driver

12-10-2024T21:38:23 - [MESSAGE][INFO] - Action delay is set to 0 milliseconds

12-10-2024T21:38:24 - [MESSAGE][PASSED] - Browser is opened with url: ''

12-10-2024T21:38:24 - [TEST_STEP][PASSED] - maximizeWindow(): Current window maximized

12-10-2024T21:38:24 - [MESSAGE][PASSED] - Current window maximized

12-10-2024T21:38:24 - [TEST_STEP][PASSED] - navigateToUrl(url): Navigate to 'https://stg-cms-console.9pay.mobi/login' successfully

12-10-2024T21:38:31 - [MESSAGE][PASSED] - Navigate to 'https://stg-cms-console.9pay.mobi/login' successfully

12-10-2024T21:38:31 - [TEST_STEP][PASSED] - waitTime = Integer.parseInt(waitSecond): null

12-10-2024T21:38:31 - [TEST_STEP][PASSED] - callTestCase(findTestCase("Test Cases/Login/LoginCommon"), [:], STOP_ON_FAILURE): Call Test Case 'Test Cases/Login/LoginCommon' successfully

12-10-2024T21:38:31 - [TEST_CASE][PASSED] - Test Cases/Login/LoginCommon: Test Cases/Login/LoginCommon

12-10-2024T21:38:31 - [TEST_STEP][PASSED] - driver = getWebDriver(): null

12-10-2024T21:38:31 - [TEST_STEP][PASSED] - sendKeys(findTestObject("Quản lý tài khoản merchant/Quản lý dịch vụ merchant/userNameTextbox"), userAccount): Keys 'dannt@9pay.vn' sent to object: 'Object Repository/Quản lý tài khoản merchant/Quản lý dịch vụ merchant/userNameTextbox'

12-10-2024T21:38:31 - [MESSAGE][PASSED] - Keys 'dannt@9pay.vn' sent to object: 'Object Repository/Quản lý tài khoản merchant/Quản lý dịch vụ merchant/userNameTextbox'

12-10-2024T21:38:31 - [TEST_STEP][PASSED] - sendKeys(findTestObject("Quản lý tài khoản merchant/Quản lý dịch vụ merchant/passwordTextbox"), password): Keys 'dannt@9pay.vn' sent to object: 'Object Repository/Quản lý tài khoản merchant/Quản lý dịch vụ merchant/passwordTextbox'

12-10-2024T21:38:32 - [MESSAGE][PASSED] - Keys 'dannt@9pay.vn' sent to object: 'Object Repository/Quản lý tài khoản merchant/Quản lý dịch vụ merchant/passwordTextbox'

12-10-2024T21:38:32 - [TEST_STEP][PASSED] - click(findTestObject("Quản lý tài khoản merchant/Quản lý dịch vụ merchant/loginButton")): Object: 'Object Repository/Quản lý tài khoản merchant/Quản lý dịch vụ merchant/loginButton' is clicked on

12-10-2024T21:38:32 - [MESSAGE][PASSED] - Object: 'Object Repository/Quản lý tài khoản merchant/Quản lý dịch vụ merchant/loginButton' is clicked on

12-10-2024T21:38:32 - [MESSAGE][PASSED] - Call Test Case 'Test Cases/Login/LoginCommon' successfully

12-10-2024T21:38:32 - [TEST_STEP][PASSED] - waitForElementVisible(findTestObject("Trang chủ/userName"), waitTime, STOP_ON_FAILURE): Object 'Object Repository/Trang chủ/userName' is visible

12-10-2024T21:38:33 - [MESSAGE][PASSED] - Object 'Object Repository/Trang chủ/userName' is visible

12-10-2024T21:38:33 - [TEST_STEP][PASSED] - driver = getWebDriver(): null

12-10-2024T21:38:33 - [TEST_STEP][PASSED] - wait = new org.openqa.selenium.support.ui.WebDriverWait(com.kms.katalon.core.webui.driver.DriverFactory.getWebDriver(), waitTime): null

12-10-2024T21:38:33 - [TEST_STEP][PASSED] - callTestCase(findTestCase("Test Cases/Quản lý tài khoản merchant/Quản lý danh sách tài khoản/CustomFunctions"), [:], STOP_ON_FAILURE): Call Test Case 'Test Cases/Quản lý tài khoản merchant/Quản lý danh sách tài khoản/CustomFunctions' successfully

12-10-2024T21:38:34 - [TEST_CASE][PASSED] - Test Cases/Quản lý tài khoản merchant/Quản lý danh sách tài khoản/CustomFunctions: Test Cases/Quản lý tài khoản merchant/Quản lý danh sách tài khoản/CustomFunctions

12-10-2024T21:38:34 - [TEST_STEP][PASSED] - driver = getWebDriver(): null

12-10-2024T21:38:34 - [TEST_STEP][PASSED] - sleep(2000): null

12-10-2024T21:38:36 - [TEST_STEP][PASSED] - element1 = driver.findElement(By.xpath(xpathManagerMC)): null

12-10-2024T21:38:38 - [TEST_STEP][PASSED] - actions = new org.openqa.selenium.interactions.Actions(driver): null

12-10-2024T21:38:38 - [TEST_STEP][PASSED] - click().perform(): null

12-10-2024T21:38:38 - [TEST_STEP][PASSED] - wait = new org.openqa.selenium.support.ui.WebDriverWait(com.kms.katalon.core.webui.driver.DriverFactory.getWebDriver(), 30): null

12-10-2024T21:38:38 - [TEST_STEP][PASSED] - element2 = wait.until(ExpectedConditions.elementToBeClickable(By.xpath(xpathManagerServiceMC))): null

12-10-2024T21:38:39 - [TEST_STEP][PASSED] - click().perform(): null

12-10-2024T21:38:39 - [MESSAGE][PASSED] - Call Test Case 'Test Cases/Quản lý tài khoản merchant/Quản lý danh sách tài khoản/CustomFunctions' successfully

12-10-2024T21:38:39 - [TEST_STEP][PASSED] - elements = driver.findElements(By.xpath("//tbody//td[@class='text-center'][2]")): null

12-10-2024T21:38:40 - [TEST_STEP][PASSED] - random = new java.util.Random(): null

12-10-2024T21:38:40 - [TEST_STEP][PASSED] - randomElement = elements.get(random.nextInt(elements.size())): null

12-10-2024T21:38:40 - [TEST_STEP][PASSED] - element1 = randomElement.getText(): null

12-10-2024T21:38:40 - [TEST_STEP][PASSED] - println("tên merchant: " + element1): null

12-10-2024T21:38:40 - [TEST_STEP][PASSED] - xpath("//input[@placeholder='Nhập tên tài khoản']")).sendKeys(element1): null

12-10-2024T21:38:40 - [TEST_STEP][PASSED] - xpath("//button[contains(text(),'Tìm kiếm')]")).click(): null

12-10-2024T21:38:41 - [TEST_STEP][PASSED] - xpath("//a[contains(text(),'Quản lý phí dịch vụ merchant')]")).click(): null

12-10-2024T21:38:42 - [TEST_STEP][PASSED] - xpath("//span[@class='filter-option pull-left']")).click(): null

12-10-2024T21:38:46 - [TEST_STEP][PASSED] - xpath("//input[@class='form-control']")).sendKeys(element1): null

12-10-2024T21:38:47 - [TEST_STEP][PASSED] - xpath("//ul[@role='menu']//li[@class='active']//a")).click(): null

12-10-2024T21:38:47 - [TEST_STEP][PASSED] - xpath("//button[contains(text(),'Tìm kiếm')]")).click(): null

12-10-2024T21:38:48 - [TEST_STEP][PASSED] - chiho = driver.findElement(By.xpath("//td[2][@class='text-center' and contains(text(), 'Chi hộ')]")): null

12-10-2024T21:38:48 - [TEST_STEP][PASSED] - println("Giá trị của chi hộ là: " + chiho.getText()): null

12-10-2024T21:38:48 - [TEST_STEP][PASSED] - Assert.assertEquals(chiho.getText(), "Chi hộ"): null

12-10-2024T21:38:48 - [TEST_STEP][PASSED] - Start listener action : sampleAfterTestCase: null

12-10-2024T21:38:48 - [TEST_STEP][PASSED] - testCaseId = testCaseContext.getTestCaseId(): null

12-10-2024T21:38:48 - [TEST_STEP][PASSED] - if (testCaseId == "Test Cases/Quản lý tài khoản merchant/Quản lý dịch vụ merchant/TC_13_Kiểm tra chức năng xác nhận cấu hình thay đổi VA"): null]]></system-out>
         <system-err><![CDATA[]]></system-err>
      </testcase>
      <testcase name="Test Cases/Quản lý tài khoản merchant/Quản lý dịch vụ merchant/TC_20_Kiểm tra tài khoản đã active dịch vụ thu hộ IB" time="18.728" classname="Test Cases/Quản lý tài khoản merchant/Quản lý dịch vụ merchant/TC_20_Kiểm tra tài khoản đã active dịch vụ thu hộ IB" status="PASSED">
         <system-out><![CDATA[12-10-2024T21:38:48 - [TEST_CASE][PASSED] - Test Cases/Quản lý tài khoản merchant/Quản lý dịch vụ merchant/TC_20_Kiểm tra tài khoản đã active dịch vụ thu hộ IB: Test Cases/Quản lý tài khoản merchant/Quản lý dịch vụ merchant/TC_20_Kiểm tra tài khoản đã active dịch vụ thu hộ IB

12-10-2024T21:38:48 - [TEST_STEP][PASSED] - Start listener action : sampleBeforeTestCase: Navigate to 'https://stg-cms-console.9pay.mobi/login' successfully

12-10-2024T21:38:48 - [TEST_STEP][PASSED] - testCaseId = testCaseContext.getTestCaseId(): null

12-10-2024T21:38:48 - [TEST_STEP][PASSED] - url = <not implemented yet for class: org.codehaus.groovy.ast.expr.EmptyExpression>: null

12-10-2024T21:38:48 - [TEST_STEP][PASSED] - if (testCaseId == "Test Cases/Quản lý tài khoản merchant/Quản lý dịch vụ merchant/TC_14_Kiểm tra thay đổi sau khi cấu hình VA trên MCV"): null

12-10-2024T21:38:48 - [TEST_STEP][PASSED] - else: null

12-10-2024T21:38:48 - [TEST_STEP][PASSED] - url = "https://stg-cms-console.9pay.mobi/login": null

12-10-2024T21:38:48 - [TEST_STEP][PASSED] - openBrowser(""): Browser is opened with url: ''

12-10-2024T21:38:48 - [MESSAGE][WARNING] - A browser is already opened. Closing browser and opening a new one

12-10-2024T21:38:48 - [MESSAGE][INFO] - Starting 'Chrome' driver

12-10-2024T21:38:48 - [MESSAGE][INFO] - Action delay is set to 0 milliseconds

12-10-2024T21:38:49 - [MESSAGE][PASSED] - Browser is opened with url: ''

12-10-2024T21:38:49 - [TEST_STEP][PASSED] - maximizeWindow(): Current window maximized

12-10-2024T21:38:49 - [MESSAGE][PASSED] - Current window maximized

12-10-2024T21:38:49 - [TEST_STEP][PASSED] - navigateToUrl(url): Navigate to 'https://stg-cms-console.9pay.mobi/login' successfully

12-10-2024T21:38:56 - [MESSAGE][PASSED] - Navigate to 'https://stg-cms-console.9pay.mobi/login' successfully

12-10-2024T21:38:56 - [TEST_STEP][PASSED] - waitTime = Integer.parseInt(waitSecond): null

12-10-2024T21:38:56 - [TEST_STEP][PASSED] - callTestCase(findTestCase("Test Cases/Login/LoginCommon"), [:], STOP_ON_FAILURE): Call Test Case 'Test Cases/Login/LoginCommon' successfully

12-10-2024T21:38:56 - [TEST_CASE][PASSED] - Test Cases/Login/LoginCommon: Test Cases/Login/LoginCommon

12-10-2024T21:38:56 - [TEST_STEP][PASSED] - driver = getWebDriver(): null

12-10-2024T21:38:56 - [TEST_STEP][PASSED] - sendKeys(findTestObject("Quản lý tài khoản merchant/Quản lý dịch vụ merchant/userNameTextbox"), userAccount): Keys 'dannt@9pay.vn' sent to object: 'Object Repository/Quản lý tài khoản merchant/Quản lý dịch vụ merchant/userNameTextbox'

12-10-2024T21:38:57 - [MESSAGE][PASSED] - Keys 'dannt@9pay.vn' sent to object: 'Object Repository/Quản lý tài khoản merchant/Quản lý dịch vụ merchant/userNameTextbox'

12-10-2024T21:38:57 - [TEST_STEP][PASSED] - sendKeys(findTestObject("Quản lý tài khoản merchant/Quản lý dịch vụ merchant/passwordTextbox"), password): Keys 'dannt@9pay.vn' sent to object: 'Object Repository/Quản lý tài khoản merchant/Quản lý dịch vụ merchant/passwordTextbox'

12-10-2024T21:38:57 - [MESSAGE][PASSED] - Keys 'dannt@9pay.vn' sent to object: 'Object Repository/Quản lý tài khoản merchant/Quản lý dịch vụ merchant/passwordTextbox'

12-10-2024T21:38:57 - [TEST_STEP][PASSED] - click(findTestObject("Quản lý tài khoản merchant/Quản lý dịch vụ merchant/loginButton")): Object: 'Object Repository/Quản lý tài khoản merchant/Quản lý dịch vụ merchant/loginButton' is clicked on

12-10-2024T21:38:57 - [MESSAGE][PASSED] - Object: 'Object Repository/Quản lý tài khoản merchant/Quản lý dịch vụ merchant/loginButton' is clicked on

12-10-2024T21:38:57 - [MESSAGE][PASSED] - Call Test Case 'Test Cases/Login/LoginCommon' successfully

12-10-2024T21:38:57 - [TEST_STEP][PASSED] - waitForElementVisible(findTestObject("Trang chủ/userName"), waitTime, STOP_ON_FAILURE): Object 'Object Repository/Trang chủ/userName' is visible

12-10-2024T21:38:58 - [MESSAGE][PASSED] - Object 'Object Repository/Trang chủ/userName' is visible

12-10-2024T21:38:58 - [TEST_STEP][PASSED] - driver = getWebDriver(): null

12-10-2024T21:38:58 - [TEST_STEP][PASSED] - wait = new org.openqa.selenium.support.ui.WebDriverWait(com.kms.katalon.core.webui.driver.DriverFactory.getWebDriver(), waitTime): null

12-10-2024T21:38:58 - [TEST_STEP][PASSED] - callTestCase(findTestCase("Test Cases/Quản lý tài khoản merchant/Quản lý danh sách tài khoản/CustomFunctions"), [:], STOP_ON_FAILURE): Call Test Case 'Test Cases/Quản lý tài khoản merchant/Quản lý danh sách tài khoản/CustomFunctions' successfully

12-10-2024T21:38:59 - [TEST_CASE][PASSED] - Test Cases/Quản lý tài khoản merchant/Quản lý danh sách tài khoản/CustomFunctions: Test Cases/Quản lý tài khoản merchant/Quản lý danh sách tài khoản/CustomFunctions

12-10-2024T21:38:59 - [TEST_STEP][PASSED] - driver = getWebDriver(): null

12-10-2024T21:38:59 - [TEST_STEP][PASSED] - sleep(2000): null

12-10-2024T21:39:01 - [TEST_STEP][PASSED] - element1 = driver.findElement(By.xpath(xpathManagerMC)): null

12-10-2024T21:39:01 - [TEST_STEP][PASSED] - actions = new org.openqa.selenium.interactions.Actions(driver): null

12-10-2024T21:39:01 - [TEST_STEP][PASSED] - click().perform(): null

12-10-2024T21:39:01 - [TEST_STEP][PASSED] - wait = new org.openqa.selenium.support.ui.WebDriverWait(com.kms.katalon.core.webui.driver.DriverFactory.getWebDriver(), 30): null

12-10-2024T21:39:01 - [TEST_STEP][PASSED] - element2 = wait.until(ExpectedConditions.elementToBeClickable(By.xpath(xpathManagerServiceMC))): null

12-10-2024T21:39:02 - [TEST_STEP][PASSED] - click().perform(): null

12-10-2024T21:39:02 - [MESSAGE][PASSED] - Call Test Case 'Test Cases/Quản lý tài khoản merchant/Quản lý danh sách tài khoản/CustomFunctions' successfully

12-10-2024T21:39:02 - [TEST_STEP][PASSED] - elements = driver.findElements(By.xpath("//label[contains(.,'Nhà cung cấp EPAY')]")): null

12-10-2024T21:39:06 - [TEST_STEP][PASSED] - random = new java.util.Random(): null

12-10-2024T21:39:06 - [TEST_STEP][PASSED] - randomElement = elements.get(random.nextInt(elements.size())): null

12-10-2024T21:39:06 - [TEST_STEP][PASSED] - randomElement.click(): null

12-10-2024T21:39:06 - [TEST_STEP][PASSED] - Assert.assertEquals(xpath("//h4[contains(text(),'Xác nhận thay đổi nhà cung cấp chi hộ mặc định')]")).getText(), "Xác nhận thay đổi nhà cung cấp chi hộ mặc định"): null

12-10-2024T21:39:07 - [TEST_STEP][PASSED] - Start listener action : sampleAfterTestCase: null

12-10-2024T21:39:07 - [TEST_STEP][PASSED] - testCaseId = testCaseContext.getTestCaseId(): null

12-10-2024T21:39:07 - [TEST_STEP][PASSED] - if (testCaseId == "Test Cases/Quản lý tài khoản merchant/Quản lý dịch vụ merchant/TC_13_Kiểm tra chức năng xác nhận cấu hình thay đổi VA"): null]]></system-out>
         <system-err><![CDATA[]]></system-err>
      </testcase>
      <system-out><![CDATA[12-10-2024T21:32:09 - [TEST_SUITE][ERROR] - Quản lý dịch vụ merchant: Test Cases/Quản lý tài khoản merchant/Quản lý dịch vụ merchant/TC_14_Kiểm tra thay đổi sau khi cấu hình VA trên MCV FAILED.
Reason:
org.openqa.selenium.TimeoutException: Expected condition failed: waiting for visibility of element located by By.xpath: //div[contains(text(),'VPBANK')] (tried for 30 second(s) with 500 milliseconds interval)
	at org.openqa.selenium.support.ui.WebDriverWait.timeoutException(WebDriverWait.java:95)
	at org.openqa.selenium.support.ui.FluentWait.until(FluentWait.java:272)
	at TC_14_Kiểm tra thay đổi sau khi cấu hình VA trên MCV.run(TC_14_Kiểm tra thay đổi sau khi cấu hình VA trên MCV:34)
	at com.kms.katalon.core.main.ScriptEngine.run(ScriptEngine.java:194)
	at com.kms.katalon.core.main.ScriptEngine.runScriptAsRawText(ScriptEngine.java:119)
	at com.kms.katalon.core.main.TestCaseExecutor.runScript(TestCaseExecutor.java:448)
	at com.kms.katalon.core.main.TestCaseExecutor.doExecute(TestCaseExecutor.java:439)
	at com.kms.katalon.core.main.TestCaseExecutor.processExecutionPhase(TestCaseExecutor.java:418)
	at com.kms.katalon.core.main.TestCaseExecutor.accessMainPhase(TestCaseExecutor.java:410)
	at com.kms.katalon.core.main.TestCaseExecutor.execute(TestCaseExecutor.java:285)
	at com.kms.katalon.core.common.CommonExecutor.accessTestCaseMainPhase(CommonExecutor.java:65)
	at com.kms.katalon.core.main.TestSuiteExecutor.accessTestSuiteMainPhase(TestSuiteExecutor.java:150)
	at com.kms.katalon.core.main.TestSuiteExecutor.execute(TestSuiteExecutor.java:106)
	at com.kms.katalon.core.main.TestCaseMain.startTestSuite(TestCaseMain.java:180)
	at TempTestSuite1728743523864.run(TempTestSuite1728743523864.groovy:35)
	at java.base/jdk.internal.reflect.NativeMethodAccessorImpl.invoke0(Native Method)
	at java.base/jdk.internal.reflect.NativeMethodAccessorImpl.invoke(NativeMethodAccessorImpl.java:77)
	at java.base/jdk.internal.reflect.DelegatingMethodAccessorImpl.invoke(DelegatingMethodAccessorImpl.java:43)
Caused by: org.openqa.selenium.NoSuchElementException: no such element: Unable to locate element: {"method":"xpath","selector":"//div[contains(text(),'VPBANK')]"}
  (Session info: chrome=129.0.6668.91)
For documentation on this error, please visit: https://www.seleniumhq.org/exceptions/no_such_element.html
Build info: version: '3.141.59', revision: 'unknown', time: 'unknown'
System info: host: 'Aidan', ip: '2405:4803:fd90:9ef0:35c5:6ea1:b1e8:64e8%en0', os.name: 'Mac OS X', os.arch: 'aarch64', os.version: '15.0.1', java.version: '17.0.7'
Driver info: com.kms.katalon.selenium.driver.CChromeDriver
Capabilities {acceptInsecureCerts: false, browserName: chrome, browserVersion: 129.0.6668.91, chrome: {chromedriverVersion: 128.0.6613.84 (606aa55c7d68..., userDataDir: /var/folders/t5/b7k67ybj7gz...}, fedcm:accounts: true, goog:chromeOptions: {debuggerAddress: localhost:50054}, javascriptEnabled: true, networkConnectionEnabled: false, pageLoadStrategy: normal, platform: MAC, platformName: MAC, proxy: Proxy(), setWindowRect: true, strictFileInteractability: false, timeouts: {implicit: 0, pageLoad: 300000, script: 30000}, unhandledPromptBehavior: dismiss and notify, webauthn:extension:credBlob: true, webauthn:extension:largeBlob: true, webauthn:extension:minPinLength: true, webauthn:extension:prf: true, webauthn:virtualAuthenticators: true}
Session ID: 92e652ccee73680bd3e2ec1a61d01f38
*** Element info: {Using=xpath, value=//div[contains(text(),'VPBANK')]}
	at java.base/jdk.internal.reflect.NativeConstructorAccessorImpl.newInstance0(Native Method)
	at java.base/jdk.internal.reflect.NativeConstructorAccessorImpl.newInstance(NativeConstructorAccessorImpl.java:77)
	at java.base/jdk.internal.reflect.DelegatingConstructorAccessorImpl.newInstance(DelegatingConstructorAccessorImpl.java:45)
	at org.openqa.selenium.remote.http.W3CHttpResponseCodec.createException(W3CHttpResponseCodec.java:187)
	at org.openqa.selenium.remote.http.W3CHttpResponseCodec.decode(W3CHttpResponseCodec.java:122)
	at org.openqa.selenium.remote.http.W3CHttpResponseCodec.decode(W3CHttpResponseCodec.java:49)
	at org.openqa.selenium.remote.HttpCommandExecutor.execute(HttpCommandExecutor.java:158)
	at org.openqa.selenium.remote.service.DriverCommandExecutor.execute(DriverCommandExecutor.java:83)
	at org.openqa.selenium.remote.RemoteWebDriver.execute(RemoteWebDriver.java:552)
	at com.kms.katalon.selenium.driver.CChromeDriver.execute(CChromeDriver.java:19)
	at org.openqa.selenium.remote.RemoteWebDriver.findElement(RemoteWebDriver.java:323)
	at org.openqa.selenium.remote.RemoteWebDriver.findElementByXPath(RemoteWebDriver.java:428)
	at org.openqa.selenium.By$ByXPath.findElement(By.java:353)
	at org.openqa.selenium.remote.RemoteWebDriver.findElement(RemoteWebDriver.java:315)
	at jdk.internal.reflect.GeneratedMethodAccessor15.invoke(Unknown Source)
	at java.base/jdk.internal.reflect.DelegatingMethodAccessorImpl.invoke(DelegatingMethodAccessorImpl.java:43)
	at org.openqa.selenium.support.events.EventFiringWebDriver.lambda$new$1(EventFiringWebDriver.java:105)
	at jdk.proxy2/jdk.proxy2.$Proxy22.findElement(Unknown Source)
	at org.openqa.selenium.support.events.EventFiringWebDriver.findElement(EventFiringWebDriver.java:194)
	at org.openqa.selenium.support.ui.ExpectedConditions$7.apply(ExpectedConditions.java:205)
	at org.openqa.selenium.support.ui.ExpectedConditions$7.apply(ExpectedConditions.java:201)
	at org.openqa.selenium.support.ui.FluentWait.until(FluentWait.java:249)
	... 16 more]]></system-out>
      <system-err><![CDATA[12-10-2024T21:32:09 - [TEST_SUITE][ERROR] - Quản lý dịch vụ merchant: Test Cases/Quản lý tài khoản merchant/Quản lý dịch vụ merchant/TC_14_Kiểm tra thay đổi sau khi cấu hình VA trên MCV FAILED.
Reason:
org.openqa.selenium.TimeoutException: Expected condition failed: waiting for visibility of element located by By.xpath: //div[contains(text(),'VPBANK')] (tried for 30 second(s) with 500 milliseconds interval)
	at org.openqa.selenium.support.ui.WebDriverWait.timeoutException(WebDriverWait.java:95)
	at org.openqa.selenium.support.ui.FluentWait.until(FluentWait.java:272)
	at TC_14_Kiểm tra thay đổi sau khi cấu hình VA trên MCV.run(TC_14_Kiểm tra thay đổi sau khi cấu hình VA trên MCV:34)
	at com.kms.katalon.core.main.ScriptEngine.run(ScriptEngine.java:194)
	at com.kms.katalon.core.main.ScriptEngine.runScriptAsRawText(ScriptEngine.java:119)
	at com.kms.katalon.core.main.TestCaseExecutor.runScript(TestCaseExecutor.java:448)
	at com.kms.katalon.core.main.TestCaseExecutor.doExecute(TestCaseExecutor.java:439)
	at com.kms.katalon.core.main.TestCaseExecutor.processExecutionPhase(TestCaseExecutor.java:418)
	at com.kms.katalon.core.main.TestCaseExecutor.accessMainPhase(TestCaseExecutor.java:410)
	at com.kms.katalon.core.main.TestCaseExecutor.execute(TestCaseExecutor.java:285)
	at com.kms.katalon.core.common.CommonExecutor.accessTestCaseMainPhase(CommonExecutor.java:65)
	at com.kms.katalon.core.main.TestSuiteExecutor.accessTestSuiteMainPhase(TestSuiteExecutor.java:150)
	at com.kms.katalon.core.main.TestSuiteExecutor.execute(TestSuiteExecutor.java:106)
	at com.kms.katalon.core.main.TestCaseMain.startTestSuite(TestCaseMain.java:180)
	at TempTestSuite1728743523864.run(TempTestSuite1728743523864.groovy:35)
	at java.base/jdk.internal.reflect.NativeMethodAccessorImpl.invoke0(Native Method)
	at java.base/jdk.internal.reflect.NativeMethodAccessorImpl.invoke(NativeMethodAccessorImpl.java:77)
	at java.base/jdk.internal.reflect.DelegatingMethodAccessorImpl.invoke(DelegatingMethodAccessorImpl.java:43)
Caused by: org.openqa.selenium.NoSuchElementException: no such element: Unable to locate element: {"method":"xpath","selector":"//div[contains(text(),'VPBANK')]"}
  (Session info: chrome=129.0.6668.91)
For documentation on this error, please visit: https://www.seleniumhq.org/exceptions/no_such_element.html
Build info: version: '3.141.59', revision: 'unknown', time: 'unknown'
System info: host: 'Aidan', ip: '2405:4803:fd90:9ef0:35c5:6ea1:b1e8:64e8%en0', os.name: 'Mac OS X', os.arch: 'aarch64', os.version: '15.0.1', java.version: '17.0.7'
Driver info: com.kms.katalon.selenium.driver.CChromeDriver
Capabilities {acceptInsecureCerts: false, browserName: chrome, browserVersion: 129.0.6668.91, chrome: {chromedriverVersion: 128.0.6613.84 (606aa55c7d68..., userDataDir: /var/folders/t5/b7k67ybj7gz...}, fedcm:accounts: true, goog:chromeOptions: {debuggerAddress: localhost:50054}, javascriptEnabled: true, networkConnectionEnabled: false, pageLoadStrategy: normal, platform: MAC, platformName: MAC, proxy: Proxy(), setWindowRect: true, strictFileInteractability: false, timeouts: {implicit: 0, pageLoad: 300000, script: 30000}, unhandledPromptBehavior: dismiss and notify, webauthn:extension:credBlob: true, webauthn:extension:largeBlob: true, webauthn:extension:minPinLength: true, webauthn:extension:prf: true, webauthn:virtualAuthenticators: true}
Session ID: 92e652ccee73680bd3e2ec1a61d01f38
*** Element info: {Using=xpath, value=//div[contains(text(),'VPBANK')]}
	at java.base/jdk.internal.reflect.NativeConstructorAccessorImpl.newInstance0(Native Method)
	at java.base/jdk.internal.reflect.NativeConstructorAccessorImpl.newInstance(NativeConstructorAccessorImpl.java:77)
	at java.base/jdk.internal.reflect.DelegatingConstructorAccessorImpl.newInstance(DelegatingConstructorAccessorImpl.java:45)
	at org.openqa.selenium.remote.http.W3CHttpResponseCodec.createException(W3CHttpResponseCodec.java:187)
	at org.openqa.selenium.remote.http.W3CHttpResponseCodec.decode(W3CHttpResponseCodec.java:122)
	at org.openqa.selenium.remote.http.W3CHttpResponseCodec.decode(W3CHttpResponseCodec.java:49)
	at org.openqa.selenium.remote.HttpCommandExecutor.execute(HttpCommandExecutor.java:158)
	at org.openqa.selenium.remote.service.DriverCommandExecutor.execute(DriverCommandExecutor.java:83)
	at org.openqa.selenium.remote.RemoteWebDriver.execute(RemoteWebDriver.java:552)
	at com.kms.katalon.selenium.driver.CChromeDriver.execute(CChromeDriver.java:19)
	at org.openqa.selenium.remote.RemoteWebDriver.findElement(RemoteWebDriver.java:323)
	at org.openqa.selenium.remote.RemoteWebDriver.findElementByXPath(RemoteWebDriver.java:428)
	at org.openqa.selenium.By$ByXPath.findElement(By.java:353)
	at org.openqa.selenium.remote.RemoteWebDriver.findElement(RemoteWebDriver.java:315)
	at jdk.internal.reflect.GeneratedMethodAccessor15.invoke(Unknown Source)
	at java.base/jdk.internal.reflect.DelegatingMethodAccessorImpl.invoke(DelegatingMethodAccessorImpl.java:43)
	at org.openqa.selenium.support.events.EventFiringWebDriver.lambda$new$1(EventFiringWebDriver.java:105)
	at jdk.proxy2/jdk.proxy2.$Proxy22.findElement(Unknown Source)
	at org.openqa.selenium.support.events.EventFiringWebDriver.findElement(EventFiringWebDriver.java:194)
	at org.openqa.selenium.support.ui.ExpectedConditions$7.apply(ExpectedConditions.java:205)
	at org.openqa.selenium.support.ui.ExpectedConditions$7.apply(ExpectedConditions.java:201)
	at org.openqa.selenium.support.ui.FluentWait.until(FluentWait.java:249)
	... 16 more]]></system-err>
   </testsuite>
</testsuites>
