<?xml version="1.0" encoding="UTF-8"?>
<testsuites name="Nạp tiền" time="471.284" tests="11" failures="0" errors="1">
   <testsuite name="Nạp tiền" tests="11" failures="0" errors="1" time="471.284" skipped="0" timestamp="12-10-2024T23:02:30" hostname="mac - 192.168.1.10" id="Test Suites/Quản lý tài khoản merchant/Nạp tiền">
      <properties>
         <property name="deviceName" value=""/>
         <property name="devicePlatform"/>
         <property name="logFolder" value="/Users/mac/Documents/test/Cms9Pay/Reports/20241012_230224/Qu\u1EA3n l\u00FD t\u00E0i kho\u1EA3n merchant/N\u1EA1p ti\u1EC1n/20241012_230224"/>
         <property name="logFiles" value="/Users/mac/Documents/test/Cms9Pay/Reports/20241012_230224/Qu\u1EA3n l\u00FD t\u00E0i kho\u1EA3n merchant/N\u1EA1p ti\u1EC1n/20241012_230224/execution0.log"/>
         <property name="attachments" value=""/>
         <property name="hostName" value="mac - 192.168.1.10"/>
         <property name="os" value="Mac OS X 64bit"/>
         <property name="katalonVersion" value="9.7.2.223"/>
         <property name="browser" value="Chrome 129.0.0.0"/>
         <property name="hostAddress" value="192.168.1.10"/>
         <property name="sessionId" value="d39fd73c2675c84a7046a33a0072028b"/>
         <property name="seleniumVersion" value="3.141.59"/>
         <property name="proxyInformation" value="ProxyInformation { proxyOption=NO_PROXY, proxyServerType=HTTP, username=, password=********, proxyServerAddress=, proxyServerPort=0, executionList=&quot;&quot;, isApplyToDesiredCapabilities=true }"/>
         <property name="platform" value="Mac OS X"/>
      </properties>
      <testcase name="Test Cases/Quản lý tài khoản merchant/Quản lý danh sách tài khoản/Nạp tiền/TC_01_Kiểm tra mở màn hình nạp tiền" time="16.104" classname="Test Cases/Quản lý tài khoản merchant/Quản lý danh sách tài khoản/Nạp tiền/TC_01_Kiểm tra mở màn hình nạp tiền" status="PASSED">
         <system-out><![CDATA[12-10-2024T23:02:30 - [TEST_CASE][PASSED] - Test Cases/Quản lý tài khoản merchant/Quản lý danh sách tài khoản/Nạp tiền/TC_01_Kiểm tra mở màn hình nạp tiền: Test Cases/Quản lý tài khoản merchant/Quản lý danh sách tài khoản/Nạp tiền/TC_01_Kiểm tra mở màn hình nạp tiền

12-10-2024T23:02:30 - [TEST_STEP][PASSED] - Start listener action : sampleBeforeTestCase: Navigate to 'https://stg-cms-console.9pay.mobi/login' successfully

12-10-2024T23:02:30 - [TEST_STEP][PASSED] - testCaseId = testCaseContext.getTestCaseId(): null

12-10-2024T23:02:30 - [TEST_STEP][PASSED] - url = <not implemented yet for class: org.codehaus.groovy.ast.expr.EmptyExpression>: null

12-10-2024T23:02:30 - [TEST_STEP][PASSED] - if (testCaseId == "Test Cases/Quản lý tài khoản merchant/Quản lý dịch vụ merchant/TC_14_Kiểm tra thay đổi sau khi cấu hình VA trên MCV"): null

12-10-2024T23:02:30 - [TEST_STEP][PASSED] - else: null

12-10-2024T23:02:30 - [TEST_STEP][PASSED] - url = "https://stg-cms-console.9pay.mobi/login": null

12-10-2024T23:02:30 - [TEST_STEP][PASSED] - openBrowser(""): Browser is opened with url: ''

12-10-2024T23:02:30 - [MESSAGE][INFO] - Starting 'Chrome' driver

12-10-2024T23:02:30 - [MESSAGE][INFO] - Action delay is set to 0 milliseconds

12-10-2024T23:02:32 - [MESSAGE][PASSED] - Browser is opened with url: ''

12-10-2024T23:02:32 - [TEST_STEP][PASSED] - maximizeWindow(): Current window maximized

12-10-2024T23:02:32 - [MESSAGE][PASSED] - Current window maximized

12-10-2024T23:02:32 - [TEST_STEP][PASSED] - navigateToUrl(url): Navigate to 'https://stg-cms-console.9pay.mobi/login' successfully

12-10-2024T23:02:34 - [MESSAGE][PASSED] - Navigate to 'https://stg-cms-console.9pay.mobi/login' successfully

12-10-2024T23:02:34 - [TEST_STEP][PASSED] - driver = getWebDriver(): null

12-10-2024T23:02:34 - [TEST_STEP][PASSED] - callTestCase(findTestCase("Test Cases/Login/LoginCommon"), [:], STOP_ON_FAILURE): Call Test Case 'Test Cases/Login/LoginCommon' successfully

12-10-2024T23:02:34 - [TEST_CASE][PASSED] - Test Cases/Login/LoginCommon: Test Cases/Login/LoginCommon

12-10-2024T23:02:34 - [TEST_STEP][PASSED] - driver = getWebDriver(): null

12-10-2024T23:02:34 - [TEST_STEP][PASSED] - sendKeys(findTestObject("Quản lý tài khoản merchant/Quản lý dịch vụ merchant/userNameTextbox"), userAccount): Keys 'dannt@9pay.vn' sent to object: 'Object Repository/Quản lý tài khoản merchant/Quản lý dịch vụ merchant/userNameTextbox'

12-10-2024T23:02:35 - [MESSAGE][PASSED] - Keys 'dannt@9pay.vn' sent to object: 'Object Repository/Quản lý tài khoản merchant/Quản lý dịch vụ merchant/userNameTextbox'

12-10-2024T23:02:35 - [TEST_STEP][PASSED] - sendKeys(findTestObject("Quản lý tài khoản merchant/Quản lý dịch vụ merchant/passwordTextbox"), password): Keys 'dannt@9pay.vn' sent to object: 'Object Repository/Quản lý tài khoản merchant/Quản lý dịch vụ merchant/passwordTextbox'

12-10-2024T23:02:35 - [MESSAGE][PASSED] - Keys 'dannt@9pay.vn' sent to object: 'Object Repository/Quản lý tài khoản merchant/Quản lý dịch vụ merchant/passwordTextbox'

12-10-2024T23:02:35 - [TEST_STEP][PASSED] - click(findTestObject("Quản lý tài khoản merchant/Quản lý dịch vụ merchant/loginButton")): Object: 'Object Repository/Quản lý tài khoản merchant/Quản lý dịch vụ merchant/loginButton' is clicked on

12-10-2024T23:02:35 - [MESSAGE][PASSED] - Object: 'Object Repository/Quản lý tài khoản merchant/Quản lý dịch vụ merchant/loginButton' is clicked on

12-10-2024T23:02:35 - [MESSAGE][PASSED] - Call Test Case 'Test Cases/Login/LoginCommon' successfully

12-10-2024T23:02:35 - [TEST_STEP][PASSED] - waitForElementVisible(findTestObject("Trang chủ/userName"), 20, STOP_ON_FAILURE): Object 'Object Repository/Trang chủ/userName' is visible

12-10-2024T23:02:39 - [MESSAGE][PASSED] - Object 'Object Repository/Trang chủ/userName' is visible

12-10-2024T23:02:39 - [TEST_STEP][PASSED] - callTestCase(findTestCase("Test Cases/Quản lý tài khoản merchant/Quản lý danh sách tài khoản/CustomFunctions Deposit"), [:], STOP_ON_FAILURE): Call Test Case 'Test Cases/Quản lý tài khoản merchant/Quản lý danh sách tài khoản/CustomFunctions Deposit' successfully

12-10-2024T23:02:39 - [TEST_CASE][PASSED] - Test Cases/Quản lý tài khoản merchant/Quản lý danh sách tài khoản/CustomFunctions Deposit: Test Cases/Quản lý tài khoản merchant/Quản lý danh sách tài khoản/CustomFunctions Deposit

12-10-2024T23:02:39 - [TEST_STEP][PASSED] - driver = getWebDriver(): null

12-10-2024T23:02:39 - [TEST_STEP][PASSED] - element1 = driver.findElement(By.xpath("//span[contains(text(),'Quản lý tài khoản merchant')]")): null

12-10-2024T23:02:39 - [TEST_STEP][PASSED] - actions = new org.openqa.selenium.interactions.Actions(driver): null

12-10-2024T23:02:39 - [TEST_STEP][PASSED] - click().perform(): null

12-10-2024T23:02:39 - [TEST_STEP][PASSED] - wait = new org.openqa.selenium.support.ui.WebDriverWait(com.kms.katalon.core.webui.driver.DriverFactory.getWebDriver(), 15): null

12-10-2024T23:02:39 - [TEST_STEP][PASSED] - xpath(xpathManagerListAccount))).click(): null

12-10-2024T23:02:40 - [MESSAGE][PASSED] - Call Test Case 'Test Cases/Quản lý tài khoản merchant/Quản lý danh sách tài khoản/CustomFunctions Deposit' successfully

12-10-2024T23:02:40 - [TEST_STEP][PASSED] - wait = new org.openqa.selenium.support.ui.WebDriverWait(com.kms.katalon.core.webui.driver.DriverFactory.getWebDriver(), 20): null

12-10-2024T23:02:40 - [TEST_STEP][PASSED] - userCode = wait.until(ExpectedConditions.visibilityOfElementLocated(By.xpath(xpathUserCode))): null

12-10-2024T23:02:43 - [TEST_STEP][PASSED] - println(userCode.getText()): null

12-10-2024T23:02:43 - [TEST_STEP][PASSED] - accountBtn = wait.until(ExpectedConditions.elementToBeClickable(By.xpath(xpathBtnAccount))): null

12-10-2024T23:02:43 - [TEST_STEP][PASSED] - accountBtn.click(): null

12-10-2024T23:02:43 - [TEST_STEP][PASSED] - searchTextbox = wait.until(ExpectedConditions.elementToBeClickable(By.xpath(xpathSearchTextbox))): null

12-10-2024T23:02:43 - [TEST_STEP][PASSED] - searchTextbox.sendKeys(username): null

12-10-2024T23:02:43 - [TEST_STEP][PASSED] - xpath(xpathOption)).click(): null

12-10-2024T23:02:44 - [TEST_STEP][PASSED] - xpath(xpathBtnSearch)).click(): null

12-10-2024T23:02:44 - [TEST_STEP][PASSED] - Assert.assertEquals(xpath(xpathAccountName)).getText(), username): null

12-10-2024T23:02:45 - [TEST_STEP][PASSED] - xpath(xpathBtnDeposit)).click(): null

12-10-2024T23:02:45 - [TEST_STEP][PASSED] - Assert.assertEquals(xpath(xpathTitle)).getText(), titleText): null

12-10-2024T23:02:46 - [TEST_STEP][PASSED] - Start listener action : sampleAfterTestCase: null

12-10-2024T23:02:46 - [TEST_STEP][PASSED] - testCaseId = testCaseContext.getTestCaseId(): null

12-10-2024T23:02:46 - [TEST_STEP][PASSED] - if (testCaseId == "Test Cases/Quản lý tài khoản merchant/Quản lý dịch vụ merchant/TC_13_Kiểm tra chức năng xác nhận cấu hình thay đổi VA"): null]]></system-out>
         <system-err><![CDATA[]]></system-err>
      </testcase>
      <testcase name="Test Cases/Quản lý tài khoản merchant/Quản lý danh sách tài khoản/Nạp tiền/TC_02_Kiểm tra khi để trống các trường trong màn Nạp tiền" time="30.473" classname="Test Cases/Quản lý tài khoản merchant/Quản lý danh sách tài khoản/Nạp tiền/TC_02_Kiểm tra khi để trống các trường trong màn Nạp tiền" status="PASSED">
         <system-out><![CDATA[12-10-2024T23:02:46 - [TEST_CASE][PASSED] - Test Cases/Quản lý tài khoản merchant/Quản lý danh sách tài khoản/Nạp tiền/TC_02_Kiểm tra khi để trống các trường trong màn Nạp tiền: Test Cases/Quản lý tài khoản merchant/Quản lý danh sách tài khoản/Nạp tiền/TC_02_Kiểm tra khi để trống các trường trong màn Nạp tiền

12-10-2024T23:02:46 - [TEST_STEP][PASSED] - Start listener action : sampleBeforeTestCase: Navigate to 'https://stg-cms-console.9pay.mobi/login' successfully

12-10-2024T23:02:46 - [TEST_STEP][PASSED] - testCaseId = testCaseContext.getTestCaseId(): null

12-10-2024T23:02:46 - [TEST_STEP][PASSED] - url = <not implemented yet for class: org.codehaus.groovy.ast.expr.EmptyExpression>: null

12-10-2024T23:02:46 - [TEST_STEP][PASSED] - if (testCaseId == "Test Cases/Quản lý tài khoản merchant/Quản lý dịch vụ merchant/TC_14_Kiểm tra thay đổi sau khi cấu hình VA trên MCV"): null

12-10-2024T23:02:46 - [TEST_STEP][PASSED] - else: null

12-10-2024T23:02:46 - [TEST_STEP][PASSED] - url = "https://stg-cms-console.9pay.mobi/login": null

12-10-2024T23:02:46 - [TEST_STEP][PASSED] - openBrowser(""): Browser is opened with url: ''

12-10-2024T23:02:46 - [MESSAGE][WARNING] - A browser is already opened. Closing browser and opening a new one

12-10-2024T23:02:46 - [MESSAGE][INFO] - Starting 'Chrome' driver

12-10-2024T23:02:46 - [MESSAGE][INFO] - Action delay is set to 0 milliseconds

12-10-2024T23:02:47 - [MESSAGE][PASSED] - Browser is opened with url: ''

12-10-2024T23:02:47 - [TEST_STEP][PASSED] - maximizeWindow(): Current window maximized

12-10-2024T23:02:47 - [MESSAGE][PASSED] - Current window maximized

12-10-2024T23:02:47 - [TEST_STEP][PASSED] - navigateToUrl(url): Navigate to 'https://stg-cms-console.9pay.mobi/login' successfully

12-10-2024T23:02:50 - [MESSAGE][PASSED] - Navigate to 'https://stg-cms-console.9pay.mobi/login' successfully

12-10-2024T23:02:50 - [TEST_STEP][PASSED] - driver = getWebDriver(): null

12-10-2024T23:02:50 - [TEST_STEP][PASSED] - callTestCase(findTestCase("Test Cases/Login/LoginCommon"), [:], STOP_ON_FAILURE): Call Test Case 'Test Cases/Login/LoginCommon' successfully

12-10-2024T23:02:50 - [TEST_CASE][PASSED] - Test Cases/Login/LoginCommon: Test Cases/Login/LoginCommon

12-10-2024T23:02:50 - [TEST_STEP][PASSED] - driver = getWebDriver(): null

12-10-2024T23:02:50 - [TEST_STEP][PASSED] - sendKeys(findTestObject("Quản lý tài khoản merchant/Quản lý dịch vụ merchant/userNameTextbox"), userAccount): Keys 'dannt@9pay.vn' sent to object: 'Object Repository/Quản lý tài khoản merchant/Quản lý dịch vụ merchant/userNameTextbox'

12-10-2024T23:02:50 - [MESSAGE][PASSED] - Keys 'dannt@9pay.vn' sent to object: 'Object Repository/Quản lý tài khoản merchant/Quản lý dịch vụ merchant/userNameTextbox'

12-10-2024T23:02:50 - [TEST_STEP][PASSED] - sendKeys(findTestObject("Quản lý tài khoản merchant/Quản lý dịch vụ merchant/passwordTextbox"), password): Keys 'dannt@9pay.vn' sent to object: 'Object Repository/Quản lý tài khoản merchant/Quản lý dịch vụ merchant/passwordTextbox'

12-10-2024T23:02:50 - [MESSAGE][PASSED] - Keys 'dannt@9pay.vn' sent to object: 'Object Repository/Quản lý tài khoản merchant/Quản lý dịch vụ merchant/passwordTextbox'

12-10-2024T23:02:50 - [TEST_STEP][PASSED] - click(findTestObject("Quản lý tài khoản merchant/Quản lý dịch vụ merchant/loginButton")): Object: 'Object Repository/Quản lý tài khoản merchant/Quản lý dịch vụ merchant/loginButton' is clicked on

12-10-2024T23:02:51 - [MESSAGE][PASSED] - Object: 'Object Repository/Quản lý tài khoản merchant/Quản lý dịch vụ merchant/loginButton' is clicked on

12-10-2024T23:02:51 - [MESSAGE][PASSED] - Call Test Case 'Test Cases/Login/LoginCommon' successfully

12-10-2024T23:02:51 - [TEST_STEP][PASSED] - waitForElementVisible(findTestObject("Trang chủ/userName"), 20, STOP_ON_FAILURE): Object 'Object Repository/Trang chủ/userName' is visible

12-10-2024T23:02:54 - [MESSAGE][PASSED] - Object 'Object Repository/Trang chủ/userName' is visible

12-10-2024T23:02:54 - [TEST_STEP][PASSED] - callTestCase(findTestCase("Test Cases/Quản lý tài khoản merchant/Quản lý danh sách tài khoản/CustomFunctions Deposit"), [:], STOP_ON_FAILURE): Call Test Case 'Test Cases/Quản lý tài khoản merchant/Quản lý danh sách tài khoản/CustomFunctions Deposit' successfully

12-10-2024T23:02:54 - [TEST_CASE][PASSED] - Test Cases/Quản lý tài khoản merchant/Quản lý danh sách tài khoản/CustomFunctions Deposit: Test Cases/Quản lý tài khoản merchant/Quản lý danh sách tài khoản/CustomFunctions Deposit

12-10-2024T23:02:54 - [TEST_STEP][PASSED] - driver = getWebDriver(): null

12-10-2024T23:02:54 - [TEST_STEP][PASSED] - element1 = driver.findElement(By.xpath("//span[contains(text(),'Quản lý tài khoản merchant')]")): null

12-10-2024T23:02:54 - [TEST_STEP][PASSED] - actions = new org.openqa.selenium.interactions.Actions(driver): null

12-10-2024T23:02:54 - [TEST_STEP][PASSED] - click().perform(): null

12-10-2024T23:02:54 - [TEST_STEP][PASSED] - wait = new org.openqa.selenium.support.ui.WebDriverWait(com.kms.katalon.core.webui.driver.DriverFactory.getWebDriver(), 15): null

12-10-2024T23:02:54 - [TEST_STEP][PASSED] - xpath(xpathManagerListAccount))).click(): null

12-10-2024T23:02:55 - [MESSAGE][PASSED] - Call Test Case 'Test Cases/Quản lý tài khoản merchant/Quản lý danh sách tài khoản/CustomFunctions Deposit' successfully

12-10-2024T23:02:55 - [TEST_STEP][PASSED] - wait = new org.openqa.selenium.support.ui.WebDriverWait(com.kms.katalon.core.webui.driver.DriverFactory.getWebDriver(), 30): null

12-10-2024T23:02:55 - [TEST_STEP][PASSED] - userCode = wait.until(ExpectedConditions.visibilityOfElementLocated(By.xpath(xpathUserCode))): null

12-10-2024T23:02:58 - [TEST_STEP][PASSED] - println(userCode.getText()): null

12-10-2024T23:02:58 - [TEST_STEP][PASSED] - xpath(xpathBtnAccount))).click(): null

12-10-2024T23:02:58 - [TEST_STEP][PASSED] - searchTextbox = wait.until(ExpectedConditions.elementToBeClickable(By.xpath(xpathSearchTextbox))): null

12-10-2024T23:02:58 - [TEST_STEP][PASSED] - searchTextbox.sendKeys("dannt11"): null

12-10-2024T23:02:59 - [TEST_STEP][PASSED] - xpath(xpathOption)).click(): null

12-10-2024T23:02:59 - [TEST_STEP][PASSED] - xpath(xpathBtnSearch)).click(): null

12-10-2024T23:02:59 - [TEST_STEP][PASSED] - wait.until(ExpectedConditions.visibilityOfElementLocated(By.xpath(xpathAccountName))): null

12-10-2024T23:03:00 - [TEST_STEP][PASSED] - Assert.assertEquals(xpath(xpathAccountName)).getText(), username): null

12-10-2024T23:03:00 - [TEST_STEP][PASSED] - xpath(xpathBtnDeposit)).click(): null

12-10-2024T23:03:01 - [TEST_STEP][PASSED] - textFiled = wait.until(ExpectedConditions.visibilityOfElementLocated(By.xpath(xpathTextAccount))): null

12-10-2024T23:03:16 - [TEST_STEP][PASSED] - xpath(xpathBtnContinue)).click(): null

12-10-2024T23:03:16 - [TEST_STEP][PASSED] - Assert.assertEquals(xpath(xpathErrorWallet)).getText(), errorWallet): null

12-10-2024T23:03:17 - [TEST_STEP][PASSED] - Start listener action : sampleAfterTestCase: null

12-10-2024T23:03:17 - [TEST_STEP][PASSED] - testCaseId = testCaseContext.getTestCaseId(): null

12-10-2024T23:03:17 - [TEST_STEP][PASSED] - if (testCaseId == "Test Cases/Quản lý tài khoản merchant/Quản lý dịch vụ merchant/TC_13_Kiểm tra chức năng xác nhận cấu hình thay đổi VA"): null]]></system-out>
         <system-err><![CDATA[]]></system-err>
      </testcase>
      <testcase name="Test Cases/Quản lý tài khoản merchant/Quản lý danh sách tài khoản/Nạp tiền/TC_03_Kiểm tra khi chọn ví và không chọn kì đối soát" time="28.631" classname="Test Cases/Quản lý tài khoản merchant/Quản lý danh sách tài khoản/Nạp tiền/TC_03_Kiểm tra khi chọn ví và không chọn kì đối soát" status="PASSED">
         <system-out><![CDATA[12-10-2024T23:03:17 - [TEST_CASE][PASSED] - Test Cases/Quản lý tài khoản merchant/Quản lý danh sách tài khoản/Nạp tiền/TC_03_Kiểm tra khi chọn ví và không chọn kì đối soát: Test Cases/Quản lý tài khoản merchant/Quản lý danh sách tài khoản/Nạp tiền/TC_03_Kiểm tra khi chọn ví và không chọn kì đối soát

12-10-2024T23:03:17 - [TEST_STEP][PASSED] - Start listener action : sampleBeforeTestCase: Navigate to 'https://stg-cms-console.9pay.mobi/login' successfully

12-10-2024T23:03:17 - [TEST_STEP][PASSED] - testCaseId = testCaseContext.getTestCaseId(): null

12-10-2024T23:03:17 - [TEST_STEP][PASSED] - url = <not implemented yet for class: org.codehaus.groovy.ast.expr.EmptyExpression>: null

12-10-2024T23:03:17 - [TEST_STEP][PASSED] - if (testCaseId == "Test Cases/Quản lý tài khoản merchant/Quản lý dịch vụ merchant/TC_14_Kiểm tra thay đổi sau khi cấu hình VA trên MCV"): null

12-10-2024T23:03:17 - [TEST_STEP][PASSED] - else: null

12-10-2024T23:03:17 - [TEST_STEP][PASSED] - url = "https://stg-cms-console.9pay.mobi/login": null

12-10-2024T23:03:17 - [TEST_STEP][PASSED] - openBrowser(""): Browser is opened with url: ''

12-10-2024T23:03:17 - [MESSAGE][WARNING] - A browser is already opened. Closing browser and opening a new one

12-10-2024T23:03:17 - [MESSAGE][INFO] - Starting 'Chrome' driver

12-10-2024T23:03:17 - [MESSAGE][INFO] - Action delay is set to 0 milliseconds

12-10-2024T23:03:17 - [MESSAGE][PASSED] - Browser is opened with url: ''

12-10-2024T23:03:17 - [TEST_STEP][PASSED] - maximizeWindow(): Current window maximized

12-10-2024T23:03:18 - [MESSAGE][PASSED] - Current window maximized

12-10-2024T23:03:18 - [TEST_STEP][PASSED] - navigateToUrl(url): Navigate to 'https://stg-cms-console.9pay.mobi/login' successfully

12-10-2024T23:03:20 - [MESSAGE][PASSED] - Navigate to 'https://stg-cms-console.9pay.mobi/login' successfully

12-10-2024T23:03:20 - [TEST_STEP][PASSED] - driver = getWebDriver(): null

12-10-2024T23:03:20 - [TEST_STEP][PASSED] - callTestCase(findTestCase("Test Cases/Login/LoginCommon"), [:], STOP_ON_FAILURE): Call Test Case 'Test Cases/Login/LoginCommon' successfully

12-10-2024T23:03:20 - [TEST_CASE][PASSED] - Test Cases/Login/LoginCommon: Test Cases/Login/LoginCommon

12-10-2024T23:03:20 - [TEST_STEP][PASSED] - driver = getWebDriver(): null

12-10-2024T23:03:20 - [TEST_STEP][PASSED] - sendKeys(findTestObject("Quản lý tài khoản merchant/Quản lý dịch vụ merchant/userNameTextbox"), userAccount): Keys 'dannt@9pay.vn' sent to object: 'Object Repository/Quản lý tài khoản merchant/Quản lý dịch vụ merchant/userNameTextbox'

12-10-2024T23:03:20 - [MESSAGE][PASSED] - Keys 'dannt@9pay.vn' sent to object: 'Object Repository/Quản lý tài khoản merchant/Quản lý dịch vụ merchant/userNameTextbox'

12-10-2024T23:03:20 - [TEST_STEP][PASSED] - sendKeys(findTestObject("Quản lý tài khoản merchant/Quản lý dịch vụ merchant/passwordTextbox"), password): Keys 'dannt@9pay.vn' sent to object: 'Object Repository/Quản lý tài khoản merchant/Quản lý dịch vụ merchant/passwordTextbox'

12-10-2024T23:03:20 - [MESSAGE][PASSED] - Keys 'dannt@9pay.vn' sent to object: 'Object Repository/Quản lý tài khoản merchant/Quản lý dịch vụ merchant/passwordTextbox'

12-10-2024T23:03:20 - [TEST_STEP][PASSED] - click(findTestObject("Quản lý tài khoản merchant/Quản lý dịch vụ merchant/loginButton")): Object: 'Object Repository/Quản lý tài khoản merchant/Quản lý dịch vụ merchant/loginButton' is clicked on

12-10-2024T23:03:21 - [MESSAGE][PASSED] - Object: 'Object Repository/Quản lý tài khoản merchant/Quản lý dịch vụ merchant/loginButton' is clicked on

12-10-2024T23:03:21 - [MESSAGE][PASSED] - Call Test Case 'Test Cases/Login/LoginCommon' successfully

12-10-2024T23:03:21 - [TEST_STEP][PASSED] - waitForElementVisible(findTestObject("Trang chủ/userName"), 20, STOP_ON_FAILURE): Object 'Object Repository/Trang chủ/userName' is visible

12-10-2024T23:03:24 - [MESSAGE][PASSED] - Object 'Object Repository/Trang chủ/userName' is visible

12-10-2024T23:03:24 - [TEST_STEP][PASSED] - callTestCase(findTestCase("Test Cases/Quản lý tài khoản merchant/Quản lý danh sách tài khoản/CustomFunctions Deposit"), [:], STOP_ON_FAILURE): Call Test Case 'Test Cases/Quản lý tài khoản merchant/Quản lý danh sách tài khoản/CustomFunctions Deposit' successfully

12-10-2024T23:03:24 - [TEST_CASE][PASSED] - Test Cases/Quản lý tài khoản merchant/Quản lý danh sách tài khoản/CustomFunctions Deposit: Test Cases/Quản lý tài khoản merchant/Quản lý danh sách tài khoản/CustomFunctions Deposit

12-10-2024T23:03:24 - [TEST_STEP][PASSED] - driver = getWebDriver(): null

12-10-2024T23:03:24 - [TEST_STEP][PASSED] - element1 = driver.findElement(By.xpath("//span[contains(text(),'Quản lý tài khoản merchant')]")): null

12-10-2024T23:03:24 - [TEST_STEP][PASSED] - actions = new org.openqa.selenium.interactions.Actions(driver): null

12-10-2024T23:03:24 - [TEST_STEP][PASSED] - click().perform(): null

12-10-2024T23:03:25 - [TEST_STEP][PASSED] - wait = new org.openqa.selenium.support.ui.WebDriverWait(com.kms.katalon.core.webui.driver.DriverFactory.getWebDriver(), 15): null

12-10-2024T23:03:25 - [TEST_STEP][PASSED] - xpath(xpathManagerListAccount))).click(): null

12-10-2024T23:03:25 - [MESSAGE][PASSED] - Call Test Case 'Test Cases/Quản lý tài khoản merchant/Quản lý danh sách tài khoản/CustomFunctions Deposit' successfully

12-10-2024T23:03:25 - [TEST_STEP][PASSED] - wait = new org.openqa.selenium.support.ui.WebDriverWait(com.kms.katalon.core.webui.driver.DriverFactory.getWebDriver(), 20): null

12-10-2024T23:03:25 - [TEST_STEP][PASSED] - xpath(xpathBtnAccount))).click(): null

12-10-2024T23:03:28 - [TEST_STEP][PASSED] - searchTextbox = wait.until(ExpectedConditions.elementToBeClickable(By.xpath(xpathSearchTextbox))): null

12-10-2024T23:03:28 - [TEST_STEP][PASSED] - searchTextbox.sendKeys("dannt11"): null

12-10-2024T23:03:28 - [TEST_STEP][PASSED] - xpath(xpathOption)).click(): null

12-10-2024T23:03:29 - [TEST_STEP][PASSED] - xpath(xpathBtnSearch)).click(): null

12-10-2024T23:03:29 - [TEST_STEP][PASSED] - wait.until(ExpectedConditions.visibilityOfElementLocated(By.xpath(xpathAccountName))): null

12-10-2024T23:03:30 - [TEST_STEP][PASSED] - Assert.assertEquals(xpath(xpathAccountName)).getText(), username): null

12-10-2024T23:03:30 - [TEST_STEP][PASSED] - xpath(xpathBtnDeposit)).click(): null

12-10-2024T23:03:31 - [TEST_STEP][PASSED] - wait.until(ExpectedConditions.visibilityOfElementLocated(By.xpath(xpathTextAccount))): null

12-10-2024T23:03:44 - [TEST_STEP][PASSED] - xpath(xpathChonVi)).click(): null

12-10-2024T23:03:44 - [TEST_STEP][PASSED] - xpath(xpathThuHo3)).click(): null

12-10-2024T23:03:44 - [TEST_STEP][PASSED] - xpath(xpathBtnContinue)).click(): null

12-10-2024T23:03:45 - [TEST_STEP][PASSED] - Assert.assertEquals(xpath(xpathChonKiDoiSoat)).getText(), "Vui lòng chọn kỳ đối soát"): null

12-10-2024T23:03:45 - [TEST_STEP][PASSED] - Start listener action : sampleAfterTestCase: null

12-10-2024T23:03:45 - [TEST_STEP][PASSED] - testCaseId = testCaseContext.getTestCaseId(): null

12-10-2024T23:03:45 - [TEST_STEP][PASSED] - if (testCaseId == "Test Cases/Quản lý tài khoản merchant/Quản lý dịch vụ merchant/TC_13_Kiểm tra chức năng xác nhận cấu hình thay đổi VA"): null]]></system-out>
         <system-err><![CDATA[]]></system-err>
      </testcase>
      <testcase name="Test Cases/Quản lý tài khoản merchant/Quản lý danh sách tài khoản/Nạp tiền/TC_04_Không nhập số tiền và nhấn Xác nhận" time="62.242" classname="Test Cases/Quản lý tài khoản merchant/Quản lý danh sách tài khoản/Nạp tiền/TC_04_Không nhập số tiền và nhấn Xác nhận" status="PASSED">
         <system-out><![CDATA[12-10-2024T23:03:45 - [TEST_CASE][PASSED] - Test Cases/Quản lý tài khoản merchant/Quản lý danh sách tài khoản/Nạp tiền/TC_04_Không nhập số tiền và nhấn Xác nhận: Test Cases/Quản lý tài khoản merchant/Quản lý danh sách tài khoản/Nạp tiền/TC_04_Không nhập số tiền và nhấn Xác nhận

12-10-2024T23:03:45 - [TEST_STEP][PASSED] - Start listener action : sampleBeforeTestCase: Navigate to 'https://stg-cms-console.9pay.mobi/login' successfully

12-10-2024T23:03:45 - [TEST_STEP][PASSED] - testCaseId = testCaseContext.getTestCaseId(): null

12-10-2024T23:03:45 - [TEST_STEP][PASSED] - url = <not implemented yet for class: org.codehaus.groovy.ast.expr.EmptyExpression>: null

12-10-2024T23:03:45 - [TEST_STEP][PASSED] - if (testCaseId == "Test Cases/Quản lý tài khoản merchant/Quản lý dịch vụ merchant/TC_14_Kiểm tra thay đổi sau khi cấu hình VA trên MCV"): null

12-10-2024T23:03:45 - [TEST_STEP][PASSED] - else: null

12-10-2024T23:03:45 - [TEST_STEP][PASSED] - url = "https://stg-cms-console.9pay.mobi/login": null

12-10-2024T23:03:45 - [TEST_STEP][PASSED] - openBrowser(""): Browser is opened with url: ''

12-10-2024T23:03:45 - [MESSAGE][WARNING] - A browser is already opened. Closing browser and opening a new one

12-10-2024T23:03:45 - [MESSAGE][INFO] - Starting 'Chrome' driver

12-10-2024T23:03:45 - [MESSAGE][INFO] - Action delay is set to 0 milliseconds

12-10-2024T23:03:46 - [MESSAGE][PASSED] - Browser is opened with url: ''

12-10-2024T23:03:46 - [TEST_STEP][PASSED] - maximizeWindow(): Current window maximized

12-10-2024T23:03:46 - [MESSAGE][PASSED] - Current window maximized

12-10-2024T23:03:46 - [TEST_STEP][PASSED] - navigateToUrl(url): Navigate to 'https://stg-cms-console.9pay.mobi/login' successfully

12-10-2024T23:03:49 - [MESSAGE][PASSED] - Navigate to 'https://stg-cms-console.9pay.mobi/login' successfully

12-10-2024T23:03:49 - [TEST_STEP][PASSED] - driver = getWebDriver(): null

12-10-2024T23:03:49 - [TEST_STEP][PASSED] - callTestCase(findTestCase("Test Cases/Login/LoginCommon"), [:], STOP_ON_FAILURE): Call Test Case 'Test Cases/Login/LoginCommon' successfully

12-10-2024T23:03:49 - [TEST_CASE][PASSED] - Test Cases/Login/LoginCommon: Test Cases/Login/LoginCommon

12-10-2024T23:03:49 - [TEST_STEP][PASSED] - driver = getWebDriver(): null

12-10-2024T23:03:49 - [TEST_STEP][PASSED] - sendKeys(findTestObject("Quản lý tài khoản merchant/Quản lý dịch vụ merchant/userNameTextbox"), userAccount): Keys 'dannt@9pay.vn' sent to object: 'Object Repository/Quản lý tài khoản merchant/Quản lý dịch vụ merchant/userNameTextbox'

12-10-2024T23:03:49 - [MESSAGE][PASSED] - Keys 'dannt@9pay.vn' sent to object: 'Object Repository/Quản lý tài khoản merchant/Quản lý dịch vụ merchant/userNameTextbox'

12-10-2024T23:03:49 - [TEST_STEP][PASSED] - sendKeys(findTestObject("Quản lý tài khoản merchant/Quản lý dịch vụ merchant/passwordTextbox"), password): Keys 'dannt@9pay.vn' sent to object: 'Object Repository/Quản lý tài khoản merchant/Quản lý dịch vụ merchant/passwordTextbox'

12-10-2024T23:03:50 - [MESSAGE][PASSED] - Keys 'dannt@9pay.vn' sent to object: 'Object Repository/Quản lý tài khoản merchant/Quản lý dịch vụ merchant/passwordTextbox'

12-10-2024T23:03:50 - [TEST_STEP][PASSED] - click(findTestObject("Quản lý tài khoản merchant/Quản lý dịch vụ merchant/loginButton")): Object: 'Object Repository/Quản lý tài khoản merchant/Quản lý dịch vụ merchant/loginButton' is clicked on

12-10-2024T23:03:50 - [MESSAGE][PASSED] - Object: 'Object Repository/Quản lý tài khoản merchant/Quản lý dịch vụ merchant/loginButton' is clicked on

12-10-2024T23:03:50 - [MESSAGE][PASSED] - Call Test Case 'Test Cases/Login/LoginCommon' successfully

12-10-2024T23:03:50 - [TEST_STEP][PASSED] - waitForElementVisible(findTestObject("Trang chủ/userName"), 20, STOP_ON_FAILURE): Object 'Object Repository/Trang chủ/userName' is visible

12-10-2024T23:03:51 - [MESSAGE][PASSED] - Object 'Object Repository/Trang chủ/userName' is visible

12-10-2024T23:03:51 - [TEST_STEP][PASSED] - callTestCase(findTestCase("Test Cases/Quản lý tài khoản merchant/Quản lý danh sách tài khoản/CustomFunctions Deposit"), [:], STOP_ON_FAILURE): Call Test Case 'Test Cases/Quản lý tài khoản merchant/Quản lý danh sách tài khoản/CustomFunctions Deposit' successfully

12-10-2024T23:03:51 - [TEST_CASE][PASSED] - Test Cases/Quản lý tài khoản merchant/Quản lý danh sách tài khoản/CustomFunctions Deposit: Test Cases/Quản lý tài khoản merchant/Quản lý danh sách tài khoản/CustomFunctions Deposit

12-10-2024T23:03:51 - [TEST_STEP][PASSED] - driver = getWebDriver(): null

12-10-2024T23:03:51 - [TEST_STEP][PASSED] - element1 = driver.findElement(By.xpath("//span[contains(text(),'Quản lý tài khoản merchant')]")): null

12-10-2024T23:03:53 - [TEST_STEP][PASSED] - actions = new org.openqa.selenium.interactions.Actions(driver): null

12-10-2024T23:03:53 - [TEST_STEP][PASSED] - click().perform(): null

12-10-2024T23:03:53 - [TEST_STEP][PASSED] - wait = new org.openqa.selenium.support.ui.WebDriverWait(com.kms.katalon.core.webui.driver.DriverFactory.getWebDriver(), 15): null

12-10-2024T23:03:53 - [TEST_STEP][PASSED] - xpath(xpathManagerListAccount))).click(): null

12-10-2024T23:03:54 - [MESSAGE][PASSED] - Call Test Case 'Test Cases/Quản lý tài khoản merchant/Quản lý danh sách tài khoản/CustomFunctions Deposit' successfully

12-10-2024T23:03:54 - [TEST_STEP][PASSED] - wait = new org.openqa.selenium.support.ui.WebDriverWait(com.kms.katalon.core.webui.driver.DriverFactory.getWebDriver(), 30): null

12-10-2024T23:03:54 - [TEST_STEP][PASSED] - userCode = wait.until(ExpectedConditions.visibilityOfElementLocated(By.xpath(xpathUserCode))): null

12-10-2024T23:03:57 - [TEST_STEP][PASSED] - xpath(xpathBtnAccount))).click(): null

12-10-2024T23:03:57 - [TEST_STEP][PASSED] - searchTextbox = wait.until(ExpectedConditions.elementToBeClickable(By.xpath(xpathSearchTextbox))): null

12-10-2024T23:03:57 - [TEST_STEP][PASSED] - searchTextbox.sendKeys(username): null

12-10-2024T23:03:57 - [TEST_STEP][PASSED] - xpath(xpathOption)).click(): null

12-10-2024T23:03:58 - [TEST_STEP][PASSED] - xpath(xpathBtnSearch)).click(): null

12-10-2024T23:03:58 - [TEST_STEP][PASSED] - wait.until(ExpectedConditions.visibilityOfElementLocated(By.xpath(xpathAccountName))): null

12-10-2024T23:03:59 - [TEST_STEP][PASSED] - xpath(xpathBtnDeposit)).click(): null

12-10-2024T23:03:59 - [TEST_STEP][PASSED] - wait.until(ExpectedConditions.visibilityOfElementLocated(By.xpath(xpathTextAccount))): null

12-10-2024T23:04:13 - [TEST_STEP][PASSED] - xpath(xpathChonVi)).click(): null

12-10-2024T23:04:14 - [TEST_STEP][PASSED] - xpath(xpathThuHo3)).click(): null

12-10-2024T23:04:14 - [TEST_STEP][PASSED] - xpath(xpathDay)).click(): null

12-10-2024T23:04:14 - [TEST_STEP][PASSED] - xpath(xpathHomQua)).click(): null

12-10-2024T23:04:15 - [TEST_STEP][PASSED] - xpath(xpathBtnContinue)).click(): null

12-10-2024T23:04:15 - [TEST_STEP][PASSED] - try: null

12-10-2024T23:04:15 - [TEST_STEP][PASSED] - popupDS = wait.until(ExpectedConditions.visibilityOfElementLocated(By.xpath("//p[contains(text(),'Đã tồn tại kỳ đối soát trước đó, Bạn có chắc chắn ')]"))): null

12-10-2024T23:04:45 - [TEST_STEP][PASSED] - catch (org.openqa.selenium.TimeoutException e): null

12-10-2024T23:04:45 - [TEST_STEP][PASSED] - println("Popup không xuất hiện, tiếp tục thực hiện giao dịch."): null

12-10-2024T23:04:45 - [TEST_STEP][PASSED] - xpath(xpathBtnConfirm)).click(): null

12-10-2024T23:04:46 - [TEST_STEP][PASSED] - sleep(1000): null

12-10-2024T23:04:47 - [TEST_STEP][PASSED] - errorNoti1 = xpath(xpathThamSoSai))).getText(): null

12-10-2024T23:04:47 - [TEST_STEP][PASSED] - Assert.assertEquals(errorNoti1, "Tham số không hợp lệ"): null

12-10-2024T23:04:47 - [TEST_STEP][PASSED] - xpath(xpathBtnOk)).click(): null

12-10-2024T23:04:47 - [TEST_STEP][PASSED] - Assert.assertEquals(xpath(xpathErrorDeposit1)).getText(), "Vui lòng nhập số tiền."): null

12-10-2024T23:04:48 - [TEST_STEP][PASSED] - Start listener action : sampleAfterTestCase: null

12-10-2024T23:04:48 - [TEST_STEP][PASSED] - testCaseId = testCaseContext.getTestCaseId(): null

12-10-2024T23:04:48 - [TEST_STEP][PASSED] - if (testCaseId == "Test Cases/Quản lý tài khoản merchant/Quản lý dịch vụ merchant/TC_13_Kiểm tra chức năng xác nhận cấu hình thay đổi VA"): null]]></system-out>
         <system-err><![CDATA[]]></system-err>
      </testcase>
      <testcase name="Test Cases/Quản lý tài khoản merchant/Quản lý danh sách tài khoản/Nạp tiền/TC_05_Nhập số tiền là ký tự đặc biệt và chữ nhấn Xác Nhận" time="58.17" classname="Test Cases/Quản lý tài khoản merchant/Quản lý danh sách tài khoản/Nạp tiền/TC_05_Nhập số tiền là ký tự đặc biệt và chữ nhấn Xác Nhận" status="PASSED">
         <system-out><![CDATA[12-10-2024T23:04:48 - [TEST_CASE][PASSED] - Test Cases/Quản lý tài khoản merchant/Quản lý danh sách tài khoản/Nạp tiền/TC_05_Nhập số tiền là ký tự đặc biệt và chữ nhấn Xác Nhận: Test Cases/Quản lý tài khoản merchant/Quản lý danh sách tài khoản/Nạp tiền/TC_05_Nhập số tiền là ký tự đặc biệt và chữ nhấn Xác Nhận

12-10-2024T23:04:48 - [TEST_STEP][PASSED] - Start listener action : sampleBeforeTestCase: Navigate to 'https://stg-cms-console.9pay.mobi/login' successfully

12-10-2024T23:04:48 - [TEST_STEP][PASSED] - testCaseId = testCaseContext.getTestCaseId(): null

12-10-2024T23:04:48 - [TEST_STEP][PASSED] - url = <not implemented yet for class: org.codehaus.groovy.ast.expr.EmptyExpression>: null

12-10-2024T23:04:48 - [TEST_STEP][PASSED] - if (testCaseId == "Test Cases/Quản lý tài khoản merchant/Quản lý dịch vụ merchant/TC_14_Kiểm tra thay đổi sau khi cấu hình VA trên MCV"): null

12-10-2024T23:04:48 - [TEST_STEP][PASSED] - else: null

12-10-2024T23:04:48 - [TEST_STEP][PASSED] - url = "https://stg-cms-console.9pay.mobi/login": null

12-10-2024T23:04:48 - [TEST_STEP][PASSED] - openBrowser(""): Browser is opened with url: ''

12-10-2024T23:04:48 - [MESSAGE][WARNING] - A browser is already opened. Closing browser and opening a new one

12-10-2024T23:04:48 - [MESSAGE][INFO] - Starting 'Chrome' driver

12-10-2024T23:04:48 - [MESSAGE][INFO] - Action delay is set to 0 milliseconds

12-10-2024T23:04:48 - [MESSAGE][PASSED] - Browser is opened with url: ''

12-10-2024T23:04:48 - [TEST_STEP][PASSED] - maximizeWindow(): Current window maximized

12-10-2024T23:04:49 - [MESSAGE][PASSED] - Current window maximized

12-10-2024T23:04:49 - [TEST_STEP][PASSED] - navigateToUrl(url): Navigate to 'https://stg-cms-console.9pay.mobi/login' successfully

12-10-2024T23:04:53 - [MESSAGE][PASSED] - Navigate to 'https://stg-cms-console.9pay.mobi/login' successfully

12-10-2024T23:04:53 - [TEST_STEP][PASSED] - driver = getWebDriver(): null

12-10-2024T23:04:53 - [TEST_STEP][PASSED] - callTestCase(findTestCase("Test Cases/Login/LoginCommon"), [:], STOP_ON_FAILURE): Call Test Case 'Test Cases/Login/LoginCommon' successfully

12-10-2024T23:04:53 - [TEST_CASE][PASSED] - Test Cases/Login/LoginCommon: Test Cases/Login/LoginCommon

12-10-2024T23:04:53 - [TEST_STEP][PASSED] - driver = getWebDriver(): null

12-10-2024T23:04:53 - [TEST_STEP][PASSED] - sendKeys(findTestObject("Quản lý tài khoản merchant/Quản lý dịch vụ merchant/userNameTextbox"), userAccount): Keys 'dannt@9pay.vn' sent to object: 'Object Repository/Quản lý tài khoản merchant/Quản lý dịch vụ merchant/userNameTextbox'

12-10-2024T23:04:54 - [MESSAGE][PASSED] - Keys 'dannt@9pay.vn' sent to object: 'Object Repository/Quản lý tài khoản merchant/Quản lý dịch vụ merchant/userNameTextbox'

12-10-2024T23:04:54 - [TEST_STEP][PASSED] - sendKeys(findTestObject("Quản lý tài khoản merchant/Quản lý dịch vụ merchant/passwordTextbox"), password): Keys 'dannt@9pay.vn' sent to object: 'Object Repository/Quản lý tài khoản merchant/Quản lý dịch vụ merchant/passwordTextbox'

12-10-2024T23:04:54 - [MESSAGE][PASSED] - Keys 'dannt@9pay.vn' sent to object: 'Object Repository/Quản lý tài khoản merchant/Quản lý dịch vụ merchant/passwordTextbox'

12-10-2024T23:04:54 - [TEST_STEP][PASSED] - click(findTestObject("Quản lý tài khoản merchant/Quản lý dịch vụ merchant/loginButton")): Object: 'Object Repository/Quản lý tài khoản merchant/Quản lý dịch vụ merchant/loginButton' is clicked on

12-10-2024T23:04:54 - [MESSAGE][PASSED] - Object: 'Object Repository/Quản lý tài khoản merchant/Quản lý dịch vụ merchant/loginButton' is clicked on

12-10-2024T23:04:54 - [MESSAGE][PASSED] - Call Test Case 'Test Cases/Login/LoginCommon' successfully

12-10-2024T23:04:54 - [TEST_STEP][PASSED] - waitForElementVisible(findTestObject("Trang chủ/userName"), 20, STOP_ON_FAILURE): Object 'Object Repository/Trang chủ/userName' is visible

12-10-2024T23:04:57 - [MESSAGE][PASSED] - Object 'Object Repository/Trang chủ/userName' is visible

12-10-2024T23:04:57 - [TEST_STEP][PASSED] - callTestCase(findTestCase("Test Cases/Quản lý tài khoản merchant/Quản lý danh sách tài khoản/CustomFunctions Deposit"), [:], STOP_ON_FAILURE): Call Test Case 'Test Cases/Quản lý tài khoản merchant/Quản lý danh sách tài khoản/CustomFunctions Deposit' successfully

12-10-2024T23:04:58 - [TEST_CASE][PASSED] - Test Cases/Quản lý tài khoản merchant/Quản lý danh sách tài khoản/CustomFunctions Deposit: Test Cases/Quản lý tài khoản merchant/Quản lý danh sách tài khoản/CustomFunctions Deposit

12-10-2024T23:04:58 - [TEST_STEP][PASSED] - driver = getWebDriver(): null

12-10-2024T23:04:58 - [TEST_STEP][PASSED] - element1 = driver.findElement(By.xpath("//span[contains(text(),'Quản lý tài khoản merchant')]")): null

12-10-2024T23:04:58 - [TEST_STEP][PASSED] - actions = new org.openqa.selenium.interactions.Actions(driver): null

12-10-2024T23:04:58 - [TEST_STEP][PASSED] - click().perform(): null

12-10-2024T23:04:58 - [TEST_STEP][PASSED] - wait = new org.openqa.selenium.support.ui.WebDriverWait(com.kms.katalon.core.webui.driver.DriverFactory.getWebDriver(), 15): null

12-10-2024T23:04:58 - [TEST_STEP][PASSED] - xpath(xpathManagerListAccount))).click(): null

12-10-2024T23:04:58 - [MESSAGE][PASSED] - Call Test Case 'Test Cases/Quản lý tài khoản merchant/Quản lý danh sách tài khoản/CustomFunctions Deposit' successfully

12-10-2024T23:04:58 - [TEST_STEP][PASSED] - wait = new org.openqa.selenium.support.ui.WebDriverWait(com.kms.katalon.core.webui.driver.DriverFactory.getWebDriver(), 20): null

12-10-2024T23:04:58 - [TEST_STEP][PASSED] - userCode = wait.until(ExpectedConditions.visibilityOfElementLocated(By.xpath(xpathUserCode))): null

12-10-2024T23:05:02 - [TEST_STEP][PASSED] - println(userCode.getText()): null

12-10-2024T23:05:02 - [TEST_STEP][PASSED] - xpath(xpathBtnAccount))).click(): null

12-10-2024T23:05:02 - [TEST_STEP][PASSED] - searchTextbox = wait.until(ExpectedConditions.elementToBeClickable(By.xpath(xpathSearchTextbox))): null

12-10-2024T23:05:02 - [TEST_STEP][PASSED] - searchTextbox.sendKeys(username): null

12-10-2024T23:05:03 - [TEST_STEP][PASSED] - xpath(xpathOption)).click(): null

12-10-2024T23:05:03 - [TEST_STEP][PASSED] - xpath(xpathBtnSearch)).click(): null

12-10-2024T23:05:03 - [TEST_STEP][PASSED] - wait.until(ExpectedConditions.visibilityOfElementLocated(By.xpath(xpathAccountName))): null

12-10-2024T23:05:05 - [TEST_STEP][PASSED] - xpath(xpathBtnDeposit)).click(): null

12-10-2024T23:05:06 - [TEST_STEP][PASSED] - wait.until(ExpectedConditions.visibilityOfElementLocated(By.xpath(xpathTextAccount))): null

12-10-2024T23:05:19 - [TEST_STEP][PASSED] - xpath(xpathChonVi)).click(): null

12-10-2024T23:05:20 - [TEST_STEP][PASSED] - xpath(xpathThuHo3)).click(): null

12-10-2024T23:05:20 - [TEST_STEP][PASSED] - xpath(xpathDay)).click(): null

12-10-2024T23:05:20 - [TEST_STEP][PASSED] - xpath(xpathHomQua)).click(): null

12-10-2024T23:05:21 - [TEST_STEP][PASSED] - xpath(xpathBtnContinue)).click(): null

12-10-2024T23:05:21 - [TEST_STEP][PASSED] - try: null

12-10-2024T23:05:21 - [TEST_STEP][PASSED] - popupDS = wait.until(ExpectedConditions.visibilityOfElementLocated(By.xpath("//p[contains(text(),'Đã tồn tại kỳ đối soát trước đó, Bạn có chắc chắn ')]"))): null

12-10-2024T23:05:42 - [TEST_STEP][PASSED] - catch (org.openqa.selenium.TimeoutException e): null

12-10-2024T23:05:42 - [TEST_STEP][PASSED] - println("Popup không xuất hiện, tiếp tục thực hiện giao dịch."): null

12-10-2024T23:05:42 - [TEST_STEP][PASSED] - xpath(xpathDepositTextbox)).sendKeys(")(*&&^"): null

12-10-2024T23:05:42 - [TEST_STEP][PASSED] - xpath(xpathButtonSubmit)).click(): null

12-10-2024T23:05:42 - [TEST_STEP][PASSED] - errorNoti = xpath(xpathThamSoSai))).getText(): null

12-10-2024T23:05:43 - [TEST_STEP][PASSED] - Assert.assertEquals(errorNoti, "Tham số không hợp lệ"): null

12-10-2024T23:05:43 - [TEST_STEP][PASSED] - xpath("//button[normalize-space()='Ok']")).click(): null

12-10-2024T23:05:43 - [TEST_STEP][PASSED] - Assert.assertEquals(xpath(xpathLoiAmountLaChu)).getText(), "amount phải là chữ số."): null

12-10-2024T23:05:44 - [TEST_STEP][PASSED] - xpath(xpathDepositTextbox)).clear(): null

12-10-2024T23:05:44 - [TEST_STEP][PASSED] - xpath(xpathDepositTextbox)).sendKeys("NGuyen tien dan"): null

12-10-2024T23:05:44 - [TEST_STEP][PASSED] - xpath(xpathButtonSubmit)).click(): null

12-10-2024T23:05:45 - [TEST_STEP][PASSED] - errorNoti1 = xpath(xpathThamSoSai))).getText(): null

12-10-2024T23:05:45 - [TEST_STEP][PASSED] - Assert.assertEquals(errorNoti1, "Tham số không hợp lệ"): null

12-10-2024T23:05:45 - [TEST_STEP][PASSED] - xpath(xpathDepositOkBtn)).click(): null

12-10-2024T23:05:45 - [TEST_STEP][PASSED] - Assert.assertEquals(xpath(xpathLoiAmountLaChu)).getText(), "amount phải là chữ số."): null

12-10-2024T23:05:46 - [TEST_STEP][PASSED] - Start listener action : sampleAfterTestCase: null

12-10-2024T23:05:46 - [TEST_STEP][PASSED] - testCaseId = testCaseContext.getTestCaseId(): null

12-10-2024T23:05:46 - [TEST_STEP][PASSED] - if (testCaseId == "Test Cases/Quản lý tài khoản merchant/Quản lý dịch vụ merchant/TC_13_Kiểm tra chức năng xác nhận cấu hình thay đổi VA"): null]]></system-out>
         <system-err><![CDATA[]]></system-err>
      </testcase>
      <testcase name="Test Cases/Quản lý tài khoản merchant/Quản lý danh sách tài khoản/Nạp tiền/TC_06_KIểm tra khi nhập số tiền đúng và nhấn xác nhận" time="40.172" classname="Test Cases/Quản lý tài khoản merchant/Quản lý danh sách tài khoản/Nạp tiền/TC_06_KIểm tra khi nhập số tiền đúng và nhấn xác nhận" status="PASSED">
         <system-out><![CDATA[12-10-2024T23:05:46 - [TEST_CASE][PASSED] - Test Cases/Quản lý tài khoản merchant/Quản lý danh sách tài khoản/Nạp tiền/TC_06_KIểm tra khi nhập số tiền đúng và nhấn xác nhận: Test Cases/Quản lý tài khoản merchant/Quản lý danh sách tài khoản/Nạp tiền/TC_06_KIểm tra khi nhập số tiền đúng và nhấn xác nhận

12-10-2024T23:05:46 - [TEST_STEP][PASSED] - Start listener action : sampleBeforeTestCase: Navigate to 'https://stg-cms-console.9pay.mobi/login' successfully

12-10-2024T23:05:46 - [TEST_STEP][PASSED] - testCaseId = testCaseContext.getTestCaseId(): null

12-10-2024T23:05:46 - [TEST_STEP][PASSED] - url = <not implemented yet for class: org.codehaus.groovy.ast.expr.EmptyExpression>: null

12-10-2024T23:05:46 - [TEST_STEP][PASSED] - if (testCaseId == "Test Cases/Quản lý tài khoản merchant/Quản lý dịch vụ merchant/TC_14_Kiểm tra thay đổi sau khi cấu hình VA trên MCV"): null

12-10-2024T23:05:46 - [TEST_STEP][PASSED] - else: null

12-10-2024T23:05:46 - [TEST_STEP][PASSED] - url = "https://stg-cms-console.9pay.mobi/login": null

12-10-2024T23:05:46 - [TEST_STEP][PASSED] - openBrowser(""): Browser is opened with url: ''

12-10-2024T23:05:46 - [MESSAGE][WARNING] - A browser is already opened. Closing browser and opening a new one

12-10-2024T23:05:46 - [MESSAGE][INFO] - Starting 'Chrome' driver

12-10-2024T23:05:46 - [MESSAGE][INFO] - Action delay is set to 0 milliseconds

12-10-2024T23:05:46 - [MESSAGE][PASSED] - Browser is opened with url: ''

12-10-2024T23:05:46 - [TEST_STEP][PASSED] - maximizeWindow(): Current window maximized

12-10-2024T23:05:47 - [MESSAGE][PASSED] - Current window maximized

12-10-2024T23:05:47 - [TEST_STEP][PASSED] - navigateToUrl(url): Navigate to 'https://stg-cms-console.9pay.mobi/login' successfully

12-10-2024T23:05:52 - [MESSAGE][PASSED] - Navigate to 'https://stg-cms-console.9pay.mobi/login' successfully

12-10-2024T23:05:52 - [TEST_STEP][PASSED] - driver = getWebDriver(): null

12-10-2024T23:05:52 - [TEST_STEP][PASSED] - callTestCase(findTestCase("Test Cases/Login/LoginCommon"), [:], STOP_ON_FAILURE): Call Test Case 'Test Cases/Login/LoginCommon' successfully

12-10-2024T23:05:52 - [TEST_CASE][PASSED] - Test Cases/Login/LoginCommon: Test Cases/Login/LoginCommon

12-10-2024T23:05:52 - [TEST_STEP][PASSED] - driver = getWebDriver(): null

12-10-2024T23:05:52 - [TEST_STEP][PASSED] - sendKeys(findTestObject("Quản lý tài khoản merchant/Quản lý dịch vụ merchant/userNameTextbox"), userAccount): Keys 'dannt@9pay.vn' sent to object: 'Object Repository/Quản lý tài khoản merchant/Quản lý dịch vụ merchant/userNameTextbox'

12-10-2024T23:05:53 - [MESSAGE][PASSED] - Keys 'dannt@9pay.vn' sent to object: 'Object Repository/Quản lý tài khoản merchant/Quản lý dịch vụ merchant/userNameTextbox'

12-10-2024T23:05:53 - [TEST_STEP][PASSED] - sendKeys(findTestObject("Quản lý tài khoản merchant/Quản lý dịch vụ merchant/passwordTextbox"), password): Keys 'dannt@9pay.vn' sent to object: 'Object Repository/Quản lý tài khoản merchant/Quản lý dịch vụ merchant/passwordTextbox'

12-10-2024T23:05:53 - [MESSAGE][PASSED] - Keys 'dannt@9pay.vn' sent to object: 'Object Repository/Quản lý tài khoản merchant/Quản lý dịch vụ merchant/passwordTextbox'

12-10-2024T23:05:53 - [TEST_STEP][PASSED] - click(findTestObject("Quản lý tài khoản merchant/Quản lý dịch vụ merchant/loginButton")): Object: 'Object Repository/Quản lý tài khoản merchant/Quản lý dịch vụ merchant/loginButton' is clicked on

12-10-2024T23:05:53 - [MESSAGE][PASSED] - Object: 'Object Repository/Quản lý tài khoản merchant/Quản lý dịch vụ merchant/loginButton' is clicked on

12-10-2024T23:05:53 - [MESSAGE][PASSED] - Call Test Case 'Test Cases/Login/LoginCommon' successfully

12-10-2024T23:05:53 - [TEST_STEP][PASSED] - waitForElementVisible(findTestObject("Trang chủ/userName"), 20, STOP_ON_FAILURE): Object 'Object Repository/Trang chủ/userName' is visible

12-10-2024T23:06:00 - [MESSAGE][PASSED] - Object 'Object Repository/Trang chủ/userName' is visible

12-10-2024T23:06:00 - [TEST_STEP][PASSED] - callTestCase(findTestCase("Test Cases/Quản lý tài khoản merchant/Quản lý danh sách tài khoản/CustomFunctions Deposit"), [:], STOP_ON_FAILURE): Call Test Case 'Test Cases/Quản lý tài khoản merchant/Quản lý danh sách tài khoản/CustomFunctions Deposit' successfully

12-10-2024T23:06:01 - [TEST_CASE][PASSED] - Test Cases/Quản lý tài khoản merchant/Quản lý danh sách tài khoản/CustomFunctions Deposit: Test Cases/Quản lý tài khoản merchant/Quản lý danh sách tài khoản/CustomFunctions Deposit

12-10-2024T23:06:01 - [TEST_STEP][PASSED] - driver = getWebDriver(): null

12-10-2024T23:06:01 - [TEST_STEP][PASSED] - element1 = driver.findElement(By.xpath("//span[contains(text(),'Quản lý tài khoản merchant')]")): null

12-10-2024T23:06:01 - [TEST_STEP][PASSED] - actions = new org.openqa.selenium.interactions.Actions(driver): null

12-10-2024T23:06:01 - [TEST_STEP][PASSED] - click().perform(): null

12-10-2024T23:06:01 - [TEST_STEP][PASSED] - wait = new org.openqa.selenium.support.ui.WebDriverWait(com.kms.katalon.core.webui.driver.DriverFactory.getWebDriver(), 15): null

12-10-2024T23:06:01 - [TEST_STEP][PASSED] - xpath(xpathManagerListAccount))).click(): null

12-10-2024T23:06:01 - [MESSAGE][PASSED] - Call Test Case 'Test Cases/Quản lý tài khoản merchant/Quản lý danh sách tài khoản/CustomFunctions Deposit' successfully

12-10-2024T23:06:01 - [TEST_STEP][PASSED] - wait = new org.openqa.selenium.support.ui.WebDriverWait(com.kms.katalon.core.webui.driver.DriverFactory.getWebDriver(), 20): null

12-10-2024T23:06:01 - [TEST_STEP][PASSED] - userCode = wait.until(ExpectedConditions.visibilityOfElementLocated(By.xpath(xpathUserCode))): null

12-10-2024T23:06:13 - [TEST_STEP][PASSED] - println(userCode.getText()): null

12-10-2024T23:06:13 - [TEST_STEP][PASSED] - xpath(xpathBtnAccount))).click(): null

12-10-2024T23:06:13 - [TEST_STEP][PASSED] - searchTextbox = wait.until(ExpectedConditions.elementToBeClickable(By.xpath(xpathSearchTextbox))): null

12-10-2024T23:06:13 - [TEST_STEP][PASSED] - searchTextbox.sendKeys("dannt11"): null

12-10-2024T23:06:14 - [TEST_STEP][PASSED] - xpath(xpathOption)).click(): null

12-10-2024T23:06:14 - [TEST_STEP][PASSED] - xpath(xpathBtnSearch)).click(): null

12-10-2024T23:06:14 - [TEST_STEP][PASSED] - wait.until(ExpectedConditions.visibilityOfElementLocated(By.xpath(xpathAccountName))): null

12-10-2024T23:06:15 - [TEST_STEP][PASSED] - xpath(xpathBtnDeposit)).click(): null

12-10-2024T23:06:16 - [TEST_STEP][PASSED] - wait.until(ExpectedConditions.visibilityOfElementLocated(By.xpath(xpathTextAccount))): null

12-10-2024T23:06:21 - [TEST_STEP][PASSED] - xpath(xpathChonVi)).click(): null

12-10-2024T23:06:21 - [TEST_STEP][PASSED] - xpath(xpathThuHo3)).click(): null

12-10-2024T23:06:22 - [TEST_STEP][PASSED] - xpath(xpathDay)).click(): null

12-10-2024T23:06:22 - [TEST_STEP][PASSED] - xpath(xpathHomNay)).click(): null

12-10-2024T23:06:23 - [TEST_STEP][PASSED] - xpath(xpathBtnContinue)).click(): null

12-10-2024T23:06:23 - [TEST_STEP][PASSED] - try: null

12-10-2024T23:06:23 - [TEST_STEP][PASSED] - popupDS = wait.until(ExpectedConditions.visibilityOfElementLocated(By.xpath("//p[contains(text(),'Đã tồn tại kỳ đối soát trước đó, Bạn có chắc chắn ')]"))): null

12-10-2024T23:06:23 - [TEST_STEP][PASSED] - Assert.assertEquals(popupDS.getText(), "Đã tồn tại kỳ đối soát trước đó, Bạn có chắc chắn muốn tiếp tục thực hiện giao dịch?"): null

12-10-2024T23:06:23 - [TEST_STEP][PASSED] - xpath("//button[contains(text(),'Đồng ý')]")).click(): null

12-10-2024T23:06:24 - [TEST_STEP][PASSED] - xpath(xpathDepositTextbox)).sendKeys("150000"): null

12-10-2024T23:06:24 - [TEST_STEP][PASSED] - xpath(xpathButtonSubmit)).click(): null

12-10-2024T23:06:24 - [TEST_STEP][PASSED] - TTGD = xpath(xpathTextAfterAccept))).getText(): null

12-10-2024T23:06:26 - [TEST_STEP][PASSED] - Assert.assertEquals(TTGD, "THÔNG TIN GIAO DỊCH"): null

12-10-2024T23:06:26 - [TEST_STEP][PASSED] - Start listener action : sampleAfterTestCase: null

12-10-2024T23:06:26 - [TEST_STEP][PASSED] - testCaseId = testCaseContext.getTestCaseId(): null

12-10-2024T23:06:26 - [TEST_STEP][PASSED] - if (testCaseId == "Test Cases/Quản lý tài khoản merchant/Quản lý dịch vụ merchant/TC_13_Kiểm tra chức năng xác nhận cấu hình thay đổi VA"): null]]></system-out>
         <system-err><![CDATA[]]></system-err>
      </testcase>
      <testcase name="Test Cases/Quản lý tài khoản merchant/Quản lý danh sách tài khoản/Nạp tiền/TC_07_Nhập số tiền đúng và chọn kì đối soát đã có trước đó và nhấn Huỷ" time="28.841" classname="Test Cases/Quản lý tài khoản merchant/Quản lý danh sách tài khoản/Nạp tiền/TC_07_Nhập số tiền đúng và chọn kì đối soát đã có trước đó và nhấn Huỷ" status="PASSED">
         <system-out><![CDATA[12-10-2024T23:06:26 - [TEST_CASE][PASSED] - Test Cases/Quản lý tài khoản merchant/Quản lý danh sách tài khoản/Nạp tiền/TC_07_Nhập số tiền đúng và chọn kì đối soát đã có trước đó và nhấn Huỷ: Test Cases/Quản lý tài khoản merchant/Quản lý danh sách tài khoản/Nạp tiền/TC_07_Nhập số tiền đúng và chọn kì đối soát đã có trước đó và nhấn Huỷ

12-10-2024T23:06:26 - [TEST_STEP][PASSED] - Start listener action : sampleBeforeTestCase: Navigate to 'https://stg-cms-console.9pay.mobi/login' successfully

12-10-2024T23:06:26 - [TEST_STEP][PASSED] - testCaseId = testCaseContext.getTestCaseId(): null

12-10-2024T23:06:26 - [TEST_STEP][PASSED] - url = <not implemented yet for class: org.codehaus.groovy.ast.expr.EmptyExpression>: null

12-10-2024T23:06:26 - [TEST_STEP][PASSED] - if (testCaseId == "Test Cases/Quản lý tài khoản merchant/Quản lý dịch vụ merchant/TC_14_Kiểm tra thay đổi sau khi cấu hình VA trên MCV"): null

12-10-2024T23:06:26 - [TEST_STEP][PASSED] - else: null

12-10-2024T23:06:26 - [TEST_STEP][PASSED] - url = "https://stg-cms-console.9pay.mobi/login": null

12-10-2024T23:06:26 - [TEST_STEP][PASSED] - openBrowser(""): Browser is opened with url: ''

12-10-2024T23:06:26 - [MESSAGE][WARNING] - A browser is already opened. Closing browser and opening a new one

12-10-2024T23:06:26 - [MESSAGE][INFO] - Starting 'Chrome' driver

12-10-2024T23:06:26 - [MESSAGE][INFO] - Action delay is set to 0 milliseconds

12-10-2024T23:06:27 - [MESSAGE][PASSED] - Browser is opened with url: ''

12-10-2024T23:06:27 - [TEST_STEP][PASSED] - maximizeWindow(): Current window maximized

12-10-2024T23:06:27 - [MESSAGE][PASSED] - Current window maximized

12-10-2024T23:06:27 - [TEST_STEP][PASSED] - navigateToUrl(url): Navigate to 'https://stg-cms-console.9pay.mobi/login' successfully

12-10-2024T23:06:29 - [MESSAGE][PASSED] - Navigate to 'https://stg-cms-console.9pay.mobi/login' successfully

12-10-2024T23:06:29 - [TEST_STEP][PASSED] - driver = getWebDriver(): null

12-10-2024T23:06:29 - [TEST_STEP][PASSED] - callTestCase(findTestCase("Test Cases/Login/LoginCommon"), [:], STOP_ON_FAILURE): Call Test Case 'Test Cases/Login/LoginCommon' successfully

12-10-2024T23:06:29 - [TEST_CASE][PASSED] - Test Cases/Login/LoginCommon: Test Cases/Login/LoginCommon

12-10-2024T23:06:29 - [TEST_STEP][PASSED] - driver = getWebDriver(): null

12-10-2024T23:06:29 - [TEST_STEP][PASSED] - sendKeys(findTestObject("Quản lý tài khoản merchant/Quản lý dịch vụ merchant/userNameTextbox"), userAccount): Keys 'dannt@9pay.vn' sent to object: 'Object Repository/Quản lý tài khoản merchant/Quản lý dịch vụ merchant/userNameTextbox'

12-10-2024T23:06:29 - [MESSAGE][PASSED] - Keys 'dannt@9pay.vn' sent to object: 'Object Repository/Quản lý tài khoản merchant/Quản lý dịch vụ merchant/userNameTextbox'

12-10-2024T23:06:29 - [TEST_STEP][PASSED] - sendKeys(findTestObject("Quản lý tài khoản merchant/Quản lý dịch vụ merchant/passwordTextbox"), password): Keys 'dannt@9pay.vn' sent to object: 'Object Repository/Quản lý tài khoản merchant/Quản lý dịch vụ merchant/passwordTextbox'

12-10-2024T23:06:30 - [MESSAGE][PASSED] - Keys 'dannt@9pay.vn' sent to object: 'Object Repository/Quản lý tài khoản merchant/Quản lý dịch vụ merchant/passwordTextbox'

12-10-2024T23:06:30 - [TEST_STEP][PASSED] - click(findTestObject("Quản lý tài khoản merchant/Quản lý dịch vụ merchant/loginButton")): Object: 'Object Repository/Quản lý tài khoản merchant/Quản lý dịch vụ merchant/loginButton' is clicked on

12-10-2024T23:06:30 - [MESSAGE][PASSED] - Object: 'Object Repository/Quản lý tài khoản merchant/Quản lý dịch vụ merchant/loginButton' is clicked on

12-10-2024T23:06:30 - [MESSAGE][PASSED] - Call Test Case 'Test Cases/Login/LoginCommon' successfully

12-10-2024T23:06:30 - [TEST_STEP][PASSED] - waitForElementVisible(findTestObject("Trang chủ/userName"), 20, STOP_ON_FAILURE): Object 'Object Repository/Trang chủ/userName' is visible

12-10-2024T23:06:31 - [MESSAGE][PASSED] - Object 'Object Repository/Trang chủ/userName' is visible

12-10-2024T23:06:31 - [TEST_STEP][PASSED] - callTestCase(findTestCase("Test Cases/Quản lý tài khoản merchant/Quản lý danh sách tài khoản/CustomFunctions Deposit"), [:], STOP_ON_FAILURE): Call Test Case 'Test Cases/Quản lý tài khoản merchant/Quản lý danh sách tài khoản/CustomFunctions Deposit' successfully

12-10-2024T23:06:31 - [TEST_CASE][PASSED] - Test Cases/Quản lý tài khoản merchant/Quản lý danh sách tài khoản/CustomFunctions Deposit: Test Cases/Quản lý tài khoản merchant/Quản lý danh sách tài khoản/CustomFunctions Deposit

12-10-2024T23:06:31 - [TEST_STEP][PASSED] - driver = getWebDriver(): null

12-10-2024T23:06:31 - [TEST_STEP][PASSED] - element1 = driver.findElement(By.xpath("//span[contains(text(),'Quản lý tài khoản merchant')]")): null

12-10-2024T23:06:33 - [TEST_STEP][PASSED] - actions = new org.openqa.selenium.interactions.Actions(driver): null

12-10-2024T23:06:33 - [TEST_STEP][PASSED] - click().perform(): null

12-10-2024T23:06:34 - [TEST_STEP][PASSED] - wait = new org.openqa.selenium.support.ui.WebDriverWait(com.kms.katalon.core.webui.driver.DriverFactory.getWebDriver(), 15): null

12-10-2024T23:06:34 - [TEST_STEP][PASSED] - xpath(xpathManagerListAccount))).click(): null

12-10-2024T23:06:34 - [MESSAGE][PASSED] - Call Test Case 'Test Cases/Quản lý tài khoản merchant/Quản lý danh sách tài khoản/CustomFunctions Deposit' successfully

12-10-2024T23:06:34 - [TEST_STEP][PASSED] - wait = new org.openqa.selenium.support.ui.WebDriverWait(com.kms.katalon.core.webui.driver.DriverFactory.getWebDriver(), 20): null

12-10-2024T23:06:34 - [TEST_STEP][PASSED] - userCode = wait.until(ExpectedConditions.visibilityOfElementLocated(By.xpath(xpathUserCode))): null

12-10-2024T23:06:37 - [TEST_STEP][PASSED] - println(userCode.getText()): null

12-10-2024T23:06:37 - [TEST_STEP][PASSED] - xpath(xpathBtnAccount))).click(): null

12-10-2024T23:06:37 - [TEST_STEP][PASSED] - searchTextbox = wait.until(ExpectedConditions.elementToBeClickable(By.xpath(xpathSearchTextbox))): null

12-10-2024T23:06:38 - [TEST_STEP][PASSED] - searchTextbox.sendKeys("dannt11"): null

12-10-2024T23:06:38 - [TEST_STEP][PASSED] - xpath(xpathDannt11)).click(): null

12-10-2024T23:06:38 - [TEST_STEP][PASSED] - xpath(xpathBtnSearch)).click(): null

12-10-2024T23:06:38 - [TEST_STEP][PASSED] - wait.until(ExpectedConditions.visibilityOfElementLocated(By.xpath(xpathAccountName))): null

12-10-2024T23:06:39 - [TEST_STEP][PASSED] - Assert.assertEquals(xpath(xpathAccountName)).getText(), username): null

12-10-2024T23:06:39 - [TEST_STEP][PASSED] - xpath(xpathBtnDeposit)).click(): null

12-10-2024T23:06:40 - [TEST_STEP][PASSED] - wait.until(ExpectedConditions.visibilityOfElementLocated(By.xpath(xpathTextAccount))): null

12-10-2024T23:06:52 - [TEST_STEP][PASSED] - xpath(xpathChonVi)).click(): null

12-10-2024T23:06:52 - [TEST_STEP][PASSED] - xpath(xpathThuHo3)).click(): null

12-10-2024T23:06:52 - [TEST_STEP][PASSED] - xpath(xpathDay)).click(): null

12-10-2024T23:06:53 - [TEST_STEP][PASSED] - xpath(xpathHomNay)).click(): null

12-10-2024T23:06:53 - [TEST_STEP][PASSED] - xpath(xpathBtnContinue)).click(): null

12-10-2024T23:06:53 - [TEST_STEP][PASSED] - popupDS = wait.until(ExpectedConditions.visibilityOfElementLocated(By.xpath(xpathXacNhanKiDS))): null

12-10-2024T23:06:54 - [TEST_STEP][PASSED] - Assert.assertEquals(popupDS.getText(), "Đã tồn tại kỳ đối soát trước đó, Bạn có chắc chắn muốn tiếp tục thực hiện giao dịch?"): null

12-10-2024T23:06:54 - [TEST_STEP][PASSED] - xpath(xpathBtnHuy)).click(): null

12-10-2024T23:06:54 - [TEST_STEP][PASSED] - TTGD = xpath(xpathTitle))).getText(): null

12-10-2024T23:06:55 - [TEST_STEP][PASSED] - Assert.assertEquals(TTGD, "NẠP TIỀN"): null

12-10-2024T23:06:55 - [TEST_STEP][PASSED] - Start listener action : sampleAfterTestCase: null

12-10-2024T23:06:55 - [TEST_STEP][PASSED] - testCaseId = testCaseContext.getTestCaseId(): null

12-10-2024T23:06:55 - [TEST_STEP][PASSED] - if (testCaseId == "Test Cases/Quản lý tài khoản merchant/Quản lý dịch vụ merchant/TC_13_Kiểm tra chức năng xác nhận cấu hình thay đổi VA"): null]]></system-out>
         <system-err><![CDATA[]]></system-err>
      </testcase>
      <testcase name="Test Cases/Quản lý tài khoản merchant/Quản lý danh sách tài khoản/Nạp tiền/TC_08_Nhập số tiền đúng và chọn kì đối soát đã có trước đó và nhấn xác nhận" time="37.89" classname="Test Cases/Quản lý tài khoản merchant/Quản lý danh sách tài khoản/Nạp tiền/TC_08_Nhập số tiền đúng và chọn kì đối soát đã có trước đó và nhấn xác nhận" status="PASSED">
         <system-out><![CDATA[12-10-2024T23:06:55 - [TEST_CASE][PASSED] - Test Cases/Quản lý tài khoản merchant/Quản lý danh sách tài khoản/Nạp tiền/TC_08_Nhập số tiền đúng và chọn kì đối soát đã có trước đó và nhấn xác nhận: Test Cases/Quản lý tài khoản merchant/Quản lý danh sách tài khoản/Nạp tiền/TC_08_Nhập số tiền đúng và chọn kì đối soát đã có trước đó và nhấn xác nhận

12-10-2024T23:06:55 - [TEST_STEP][PASSED] - Start listener action : sampleBeforeTestCase: Navigate to 'https://stg-cms-console.9pay.mobi/login' successfully

12-10-2024T23:06:55 - [TEST_STEP][PASSED] - testCaseId = testCaseContext.getTestCaseId(): null

12-10-2024T23:06:55 - [TEST_STEP][PASSED] - url = <not implemented yet for class: org.codehaus.groovy.ast.expr.EmptyExpression>: null

12-10-2024T23:06:55 - [TEST_STEP][PASSED] - if (testCaseId == "Test Cases/Quản lý tài khoản merchant/Quản lý dịch vụ merchant/TC_14_Kiểm tra thay đổi sau khi cấu hình VA trên MCV"): null

12-10-2024T23:06:55 - [TEST_STEP][PASSED] - else: null

12-10-2024T23:06:55 - [TEST_STEP][PASSED] - url = "https://stg-cms-console.9pay.mobi/login": null

12-10-2024T23:06:55 - [TEST_STEP][PASSED] - openBrowser(""): Browser is opened with url: ''

12-10-2024T23:06:55 - [MESSAGE][WARNING] - A browser is already opened. Closing browser and opening a new one

12-10-2024T23:06:55 - [MESSAGE][INFO] - Starting 'Chrome' driver

12-10-2024T23:06:55 - [MESSAGE][INFO] - Action delay is set to 0 milliseconds

12-10-2024T23:06:55 - [MESSAGE][PASSED] - Browser is opened with url: ''

12-10-2024T23:06:55 - [TEST_STEP][PASSED] - maximizeWindow(): Current window maximized

12-10-2024T23:06:56 - [MESSAGE][PASSED] - Current window maximized

12-10-2024T23:06:56 - [TEST_STEP][PASSED] - navigateToUrl(url): Navigate to 'https://stg-cms-console.9pay.mobi/login' successfully

12-10-2024T23:06:59 - [MESSAGE][PASSED] - Navigate to 'https://stg-cms-console.9pay.mobi/login' successfully

12-10-2024T23:06:59 - [TEST_STEP][PASSED] - driver = getWebDriver(): null

12-10-2024T23:06:59 - [TEST_STEP][PASSED] - callTestCase(findTestCase("Test Cases/Login/LoginCommon"), [:], STOP_ON_FAILURE): Call Test Case 'Test Cases/Login/LoginCommon' successfully

12-10-2024T23:06:59 - [TEST_CASE][PASSED] - Test Cases/Login/LoginCommon: Test Cases/Login/LoginCommon

12-10-2024T23:06:59 - [TEST_STEP][PASSED] - driver = getWebDriver(): null

12-10-2024T23:06:59 - [TEST_STEP][PASSED] - sendKeys(findTestObject("Quản lý tài khoản merchant/Quản lý dịch vụ merchant/userNameTextbox"), userAccount): Keys 'dannt@9pay.vn' sent to object: 'Object Repository/Quản lý tài khoản merchant/Quản lý dịch vụ merchant/userNameTextbox'

12-10-2024T23:07:00 - [MESSAGE][PASSED] - Keys 'dannt@9pay.vn' sent to object: 'Object Repository/Quản lý tài khoản merchant/Quản lý dịch vụ merchant/userNameTextbox'

12-10-2024T23:07:00 - [TEST_STEP][PASSED] - sendKeys(findTestObject("Quản lý tài khoản merchant/Quản lý dịch vụ merchant/passwordTextbox"), password): Keys 'dannt@9pay.vn' sent to object: 'Object Repository/Quản lý tài khoản merchant/Quản lý dịch vụ merchant/passwordTextbox'

12-10-2024T23:07:00 - [MESSAGE][PASSED] - Keys 'dannt@9pay.vn' sent to object: 'Object Repository/Quản lý tài khoản merchant/Quản lý dịch vụ merchant/passwordTextbox'

12-10-2024T23:07:00 - [TEST_STEP][PASSED] - click(findTestObject("Quản lý tài khoản merchant/Quản lý dịch vụ merchant/loginButton")): Object: 'Object Repository/Quản lý tài khoản merchant/Quản lý dịch vụ merchant/loginButton' is clicked on

12-10-2024T23:07:00 - [MESSAGE][PASSED] - Object: 'Object Repository/Quản lý tài khoản merchant/Quản lý dịch vụ merchant/loginButton' is clicked on

12-10-2024T23:07:00 - [MESSAGE][PASSED] - Call Test Case 'Test Cases/Login/LoginCommon' successfully

12-10-2024T23:07:00 - [TEST_STEP][PASSED] - waitForElementVisible(findTestObject("Trang chủ/userName"), 20, STOP_ON_FAILURE): Object 'Object Repository/Trang chủ/userName' is visible

12-10-2024T23:07:12 - [MESSAGE][PASSED] - Object 'Object Repository/Trang chủ/userName' is visible

12-10-2024T23:07:12 - [TEST_STEP][PASSED] - callTestCase(findTestCase("Test Cases/Quản lý tài khoản merchant/Quản lý danh sách tài khoản/CustomFunctions Deposit"), [:], STOP_ON_FAILURE): Call Test Case 'Test Cases/Quản lý tài khoản merchant/Quản lý danh sách tài khoản/CustomFunctions Deposit' successfully

12-10-2024T23:07:12 - [TEST_CASE][PASSED] - Test Cases/Quản lý tài khoản merchant/Quản lý danh sách tài khoản/CustomFunctions Deposit: Test Cases/Quản lý tài khoản merchant/Quản lý danh sách tài khoản/CustomFunctions Deposit

12-10-2024T23:07:12 - [TEST_STEP][PASSED] - driver = getWebDriver(): null

12-10-2024T23:07:12 - [TEST_STEP][PASSED] - element1 = driver.findElement(By.xpath("//span[contains(text(),'Quản lý tài khoản merchant')]")): null

12-10-2024T23:07:12 - [TEST_STEP][PASSED] - actions = new org.openqa.selenium.interactions.Actions(driver): null

12-10-2024T23:07:12 - [TEST_STEP][PASSED] - click().perform(): null

12-10-2024T23:07:12 - [TEST_STEP][PASSED] - wait = new org.openqa.selenium.support.ui.WebDriverWait(com.kms.katalon.core.webui.driver.DriverFactory.getWebDriver(), 15): null

12-10-2024T23:07:12 - [TEST_STEP][PASSED] - xpath(xpathManagerListAccount))).click(): null

12-10-2024T23:07:13 - [MESSAGE][PASSED] - Call Test Case 'Test Cases/Quản lý tài khoản merchant/Quản lý danh sách tài khoản/CustomFunctions Deposit' successfully

12-10-2024T23:07:13 - [TEST_STEP][PASSED] - wait = new org.openqa.selenium.support.ui.WebDriverWait(com.kms.katalon.core.webui.driver.DriverFactory.getWebDriver(), 20): null

12-10-2024T23:07:13 - [TEST_STEP][PASSED] - userCode = wait.until(ExpectedConditions.visibilityOfElementLocated(By.xpath(xpathUserCode))): null

12-10-2024T23:07:19 - [TEST_STEP][PASSED] - println(userCode.getText()): null

12-10-2024T23:07:19 - [TEST_STEP][PASSED] - xpath(xpathBtnAccount))).click(): null

12-10-2024T23:07:19 - [TEST_STEP][PASSED] - searchTextbox = wait.until(ExpectedConditions.elementToBeClickable(By.xpath(xpathSearchTextbox))): null

12-10-2024T23:07:19 - [TEST_STEP][PASSED] - searchTextbox.sendKeys("dannt11"): null

12-10-2024T23:07:19 - [TEST_STEP][PASSED] - xpath(xpathOption)).click(): null

12-10-2024T23:07:20 - [TEST_STEP][PASSED] - xpath(xpathBtnSearch)).click(): null

12-10-2024T23:07:20 - [TEST_STEP][PASSED] - wait.until(ExpectedConditions.visibilityOfElementLocated(By.xpath(xpathAccountName))): null

12-10-2024T23:07:21 - [TEST_STEP][PASSED] - xpath(xpathBtnDeposit)).click(): null

12-10-2024T23:07:21 - [TEST_STEP][PASSED] - wait.until(ExpectedConditions.visibilityOfElementLocated(By.xpath(xpathTextAccount))): null

12-10-2024T23:07:27 - [TEST_STEP][PASSED] - xpath(xpathChonVi)).click(): null

12-10-2024T23:07:27 - [TEST_STEP][PASSED] - xpath(xpathThuHo3)).click(): null

12-10-2024T23:07:27 - [TEST_STEP][PASSED] - xpath(xpathDay)).click(): null

12-10-2024T23:07:28 - [TEST_STEP][PASSED] - xpath(xpathHomNay)).click(): null

12-10-2024T23:07:28 - [TEST_STEP][PASSED] - xpath(xpathBtnContinue)).click(): null

12-10-2024T23:07:29 - [TEST_STEP][PASSED] - popupDS = wait.until(ExpectedConditions.visibilityOfElementLocated(By.xpath(xpathXacNhanKiDS))): null

12-10-2024T23:07:29 - [TEST_STEP][PASSED] - Assert.assertEquals(popupDS.getText(), "Đã tồn tại kỳ đối soát trước đó, Bạn có chắc chắn muốn tiếp tục thực hiện giao dịch?"): null

12-10-2024T23:07:29 - [TEST_STEP][PASSED] - Thread.sleep(1000): null

12-10-2024T23:07:30 - [TEST_STEP][PASSED] - xpath(BtnOkXpath)).click(): null

12-10-2024T23:07:31 - [TEST_STEP][PASSED] - xpath(xpathDepositTextbox)).sendKeys("150000"): null

12-10-2024T23:07:31 - [TEST_STEP][PASSED] - xpath(xpathButtonSubmit)).click(): null

12-10-2024T23:07:31 - [TEST_STEP][PASSED] - TTGD = xpath(xpathTextAfterAccept))).getText(): null

12-10-2024T23:07:33 - [TEST_STEP][PASSED] - Assert.assertEquals(TTGD, "THÔNG TIN GIAO DỊCH"): null

12-10-2024T23:07:33 - [TEST_STEP][PASSED] - Start listener action : sampleAfterTestCase: null

12-10-2024T23:07:33 - [TEST_STEP][PASSED] - testCaseId = testCaseContext.getTestCaseId(): null

12-10-2024T23:07:33 - [TEST_STEP][PASSED] - if (testCaseId == "Test Cases/Quản lý tài khoản merchant/Quản lý dịch vụ merchant/TC_13_Kiểm tra chức năng xác nhận cấu hình thay đổi VA"): null]]></system-out>
         <system-err><![CDATA[]]></system-err>
      </testcase>
      <testcase name="Test Cases/Quản lý tài khoản merchant/Quản lý danh sách tài khoản/Nạp tiền/TC_09_Kiểm tra khi chọn ví đúng và chọn kỳ đối soát đã tồn tại trước đó" time="53.042" classname="Test Cases/Quản lý tài khoản merchant/Quản lý danh sách tài khoản/Nạp tiền/TC_09_Kiểm tra khi chọn ví đúng và chọn kỳ đối soát đã tồn tại trước đó" status="PASSED">
         <system-out><![CDATA[12-10-2024T23:07:33 - [TEST_CASE][PASSED] - Test Cases/Quản lý tài khoản merchant/Quản lý danh sách tài khoản/Nạp tiền/TC_09_Kiểm tra khi chọn ví đúng và chọn kỳ đối soát đã tồn tại trước đó: Test Cases/Quản lý tài khoản merchant/Quản lý danh sách tài khoản/Nạp tiền/TC_09_Kiểm tra khi chọn ví đúng và chọn kỳ đối soát đã tồn tại trước đó

12-10-2024T23:07:33 - [TEST_STEP][PASSED] - Start listener action : sampleBeforeTestCase: Navigate to 'https://stg-cms-console.9pay.mobi/login' successfully

12-10-2024T23:07:33 - [TEST_STEP][PASSED] - testCaseId = testCaseContext.getTestCaseId(): null

12-10-2024T23:07:33 - [TEST_STEP][PASSED] - url = <not implemented yet for class: org.codehaus.groovy.ast.expr.EmptyExpression>: null

12-10-2024T23:07:33 - [TEST_STEP][PASSED] - if (testCaseId == "Test Cases/Quản lý tài khoản merchant/Quản lý dịch vụ merchant/TC_14_Kiểm tra thay đổi sau khi cấu hình VA trên MCV"): null

12-10-2024T23:07:33 - [TEST_STEP][PASSED] - else: null

12-10-2024T23:07:33 - [TEST_STEP][PASSED] - url = "https://stg-cms-console.9pay.mobi/login": null

12-10-2024T23:07:33 - [TEST_STEP][PASSED] - openBrowser(""): Browser is opened with url: ''

12-10-2024T23:07:33 - [MESSAGE][WARNING] - A browser is already opened. Closing browser and opening a new one

12-10-2024T23:07:33 - [MESSAGE][INFO] - Starting 'Chrome' driver

12-10-2024T23:07:33 - [MESSAGE][INFO] - Action delay is set to 0 milliseconds

12-10-2024T23:07:33 - [MESSAGE][PASSED] - Browser is opened with url: ''

12-10-2024T23:07:33 - [TEST_STEP][PASSED] - maximizeWindow(): Current window maximized

12-10-2024T23:07:34 - [MESSAGE][PASSED] - Current window maximized

12-10-2024T23:07:34 - [TEST_STEP][PASSED] - navigateToUrl(url): Navigate to 'https://stg-cms-console.9pay.mobi/login' successfully

12-10-2024T23:07:37 - [MESSAGE][PASSED] - Navigate to 'https://stg-cms-console.9pay.mobi/login' successfully

12-10-2024T23:07:37 - [TEST_STEP][PASSED] - driver = getWebDriver(): null

12-10-2024T23:07:37 - [TEST_STEP][PASSED] - callTestCase(findTestCase("Test Cases/Login/LoginCommon"), [:], STOP_ON_FAILURE): Call Test Case 'Test Cases/Login/LoginCommon' successfully

12-10-2024T23:07:37 - [TEST_CASE][PASSED] - Test Cases/Login/LoginCommon: Test Cases/Login/LoginCommon

12-10-2024T23:07:37 - [TEST_STEP][PASSED] - driver = getWebDriver(): null

12-10-2024T23:07:37 - [TEST_STEP][PASSED] - sendKeys(findTestObject("Quản lý tài khoản merchant/Quản lý dịch vụ merchant/userNameTextbox"), userAccount): Keys 'dannt@9pay.vn' sent to object: 'Object Repository/Quản lý tài khoản merchant/Quản lý dịch vụ merchant/userNameTextbox'

12-10-2024T23:07:38 - [MESSAGE][PASSED] - Keys 'dannt@9pay.vn' sent to object: 'Object Repository/Quản lý tài khoản merchant/Quản lý dịch vụ merchant/userNameTextbox'

12-10-2024T23:07:38 - [TEST_STEP][PASSED] - sendKeys(findTestObject("Quản lý tài khoản merchant/Quản lý dịch vụ merchant/passwordTextbox"), password): Keys 'dannt@9pay.vn' sent to object: 'Object Repository/Quản lý tài khoản merchant/Quản lý dịch vụ merchant/passwordTextbox'

12-10-2024T23:07:38 - [MESSAGE][PASSED] - Keys 'dannt@9pay.vn' sent to object: 'Object Repository/Quản lý tài khoản merchant/Quản lý dịch vụ merchant/passwordTextbox'

12-10-2024T23:07:38 - [TEST_STEP][PASSED] - click(findTestObject("Quản lý tài khoản merchant/Quản lý dịch vụ merchant/loginButton")): Object: 'Object Repository/Quản lý tài khoản merchant/Quản lý dịch vụ merchant/loginButton' is clicked on

12-10-2024T23:07:38 - [MESSAGE][PASSED] - Object: 'Object Repository/Quản lý tài khoản merchant/Quản lý dịch vụ merchant/loginButton' is clicked on

12-10-2024T23:07:38 - [MESSAGE][PASSED] - Call Test Case 'Test Cases/Login/LoginCommon' successfully

12-10-2024T23:07:38 - [TEST_STEP][PASSED] - waitForElementVisible(findTestObject("Trang chủ/userName"), 20, STOP_ON_FAILURE): Object 'Object Repository/Trang chủ/userName' is visible

12-10-2024T23:07:40 - [MESSAGE][PASSED] - Object 'Object Repository/Trang chủ/userName' is visible

12-10-2024T23:07:40 - [TEST_STEP][PASSED] - callTestCase(findTestCase("Test Cases/Quản lý tài khoản merchant/Quản lý danh sách tài khoản/CustomFunctions Deposit"), [:], STOP_ON_FAILURE): Call Test Case 'Test Cases/Quản lý tài khoản merchant/Quản lý danh sách tài khoản/CustomFunctions Deposit' successfully

12-10-2024T23:07:40 - [TEST_CASE][PASSED] - Test Cases/Quản lý tài khoản merchant/Quản lý danh sách tài khoản/CustomFunctions Deposit: Test Cases/Quản lý tài khoản merchant/Quản lý danh sách tài khoản/CustomFunctions Deposit

12-10-2024T23:07:40 - [TEST_STEP][PASSED] - driver = getWebDriver(): null

12-10-2024T23:07:40 - [TEST_STEP][PASSED] - element1 = driver.findElement(By.xpath("//span[contains(text(),'Quản lý tài khoản merchant')]")): null

12-10-2024T23:07:42 - [TEST_STEP][PASSED] - actions = new org.openqa.selenium.interactions.Actions(driver): null

12-10-2024T23:07:42 - [TEST_STEP][PASSED] - click().perform(): null

12-10-2024T23:07:42 - [TEST_STEP][PASSED] - wait = new org.openqa.selenium.support.ui.WebDriverWait(com.kms.katalon.core.webui.driver.DriverFactory.getWebDriver(), 15): null

12-10-2024T23:07:42 - [TEST_STEP][PASSED] - xpath(xpathManagerListAccount))).click(): null

12-10-2024T23:07:42 - [MESSAGE][PASSED] - Call Test Case 'Test Cases/Quản lý tài khoản merchant/Quản lý danh sách tài khoản/CustomFunctions Deposit' successfully

12-10-2024T23:07:42 - [TEST_STEP][PASSED] - wait = new org.openqa.selenium.support.ui.WebDriverWait(com.kms.katalon.core.webui.driver.DriverFactory.getWebDriver(), 20): null

12-10-2024T23:07:42 - [TEST_STEP][PASSED] - userCode = wait.until(ExpectedConditions.visibilityOfElementLocated(By.xpath(xpathUserCode))): null

12-10-2024T23:07:45 - [TEST_STEP][PASSED] - println(userCode.getText()): null

12-10-2024T23:07:45 - [TEST_STEP][PASSED] - xpath(xpathBtnAccount))).click(): null

12-10-2024T23:07:46 - [TEST_STEP][PASSED] - searchTextbox = wait.until(ExpectedConditions.elementToBeClickable(By.xpath(xpathSearchTextbox))): null

12-10-2024T23:07:46 - [TEST_STEP][PASSED] - searchTextbox.sendKeys("dannt11"): null

12-10-2024T23:07:46 - [TEST_STEP][PASSED] - xpath(xpathOption)).click(): null

12-10-2024T23:07:46 - [TEST_STEP][PASSED] - xpath(xpathBtnSearch)).click(): null

12-10-2024T23:07:47 - [TEST_STEP][PASSED] - wait.until(ExpectedConditions.visibilityOfElementLocated(By.xpath(xpathAccountName))): null

12-10-2024T23:07:48 - [TEST_STEP][PASSED] - startElement = driver.findElement(By.xpath("//strong[contains(text(),'Thu hộ:')]")): null

12-10-2024T23:07:48 - [TEST_STEP][PASSED] - js = driver: null

12-10-2024T23:07:48 - [TEST_STEP][PASSED] - script = "return arguments[0].nextSibling.textContent;": null

12-10-2024T23:07:48 - [TEST_STEP][PASSED] - nextTextNodeContent = js.executeScript(script, startElement): null

12-10-2024T23:07:48 - [TEST_STEP][PASSED] - out.println("Thu ho " + nextTextNodeContent): null

12-10-2024T23:07:48 - [TEST_STEP][PASSED] - numericString = nextTextNodeContent.replaceAll("[^0-9]", ""): null

12-10-2024T23:07:48 - [TEST_STEP][PASSED] - thuHo = Integer.parseInt(numericString): null

12-10-2024T23:07:48 - [TEST_STEP][PASSED] - out.println("Thu ho " + thuHo): null

12-10-2024T23:07:48 - [TEST_STEP][PASSED] - xpath(xpathBtnDeposit)).click(): null

12-10-2024T23:07:48 - [TEST_STEP][PASSED] - wait.until(ExpectedConditions.visibilityOfElementLocated(By.xpath(xpathTextAccount))): null

12-10-2024T23:08:01 - [TEST_STEP][PASSED] - xpath(xpathChonVi)).click(): null

12-10-2024T23:08:01 - [TEST_STEP][PASSED] - xpath(xpathThuHo3)).click(): null

12-10-2024T23:08:01 - [TEST_STEP][PASSED] - xpath(xpathDay)).click(): null

12-10-2024T23:08:02 - [TEST_STEP][PASSED] - xpath(xpathHomNay)).click(): null

12-10-2024T23:08:02 - [TEST_STEP][PASSED] - xpath(xpathBtnContinue)).click(): null

12-10-2024T23:08:03 - [TEST_STEP][PASSED] - try: null

12-10-2024T23:08:03 - [TEST_STEP][PASSED] - popupDS = wait.until(ExpectedConditions.visibilityOfElementLocated(By.xpath("//p[contains(text(),'Đã tồn tại kỳ đối soát trước đó, Bạn có chắc chắn ')]"))): null

12-10-2024T23:08:05 - [TEST_STEP][PASSED] - Assert.assertEquals(popupDS.getText(), "Đã tồn tại kỳ đối soát trước đó, Bạn có chắc chắn muốn tiếp tục thực hiện giao dịch?"): null

12-10-2024T23:08:05 - [TEST_STEP][PASSED] - xpath("//button[contains(text(),'Đồng ý')]")).click(): null

12-10-2024T23:08:05 - [TEST_STEP][PASSED] - xpath(xpathDepositTextbox)).sendKeys("150000"): null

12-10-2024T23:08:05 - [TEST_STEP][PASSED] - xpath(xpathButtonSubmit)).click(): null

12-10-2024T23:08:06 - [TEST_STEP][PASSED] - wait.until(ExpectedConditions.elementToBeClickable(By.xpath(xpathButtonApprove))): null

12-10-2024T23:08:09 - [TEST_STEP][PASSED] - startElement1 = driver.findElement(By.xpath(xpathButtonApprove)): null

12-10-2024T23:08:10 - [TEST_STEP][PASSED] - js.executeScript("arguments[0].scrollIntoView(false);", startElement1): null

12-10-2024T23:08:10 - [TEST_STEP][PASSED] - xpath(xpathButtonApprove)).click(): null

12-10-2024T23:08:10 - [TEST_STEP][PASSED] - Thread.sleep(1000): null

12-10-2024T23:08:11 - [TEST_STEP][PASSED] - xpath(xpathCfBtn)).click(): null

12-10-2024T23:08:11 - [TEST_STEP][PASSED] - xpath(xpathBtnOk)).click(): null

12-10-2024T23:08:12 - [TEST_STEP][PASSED] - loaiGiaodich = xpath(xpathNapTien)).getText(): null

12-10-2024T23:08:12 - [TEST_STEP][PASSED] - Assert.assertEquals(loaiGiaodich, "Nạp tiền"): null

12-10-2024T23:08:12 - [TEST_STEP][PASSED] - callTestCase(findTestCase("Test Cases/Quản lý tài khoản merchant/Quản lý danh sách tài khoản/CustomFunctions.groovy"), [:], STOP_ON_FAILURE): Call Test Case 'Test Cases/Quản lý tài khoản merchant/Quản lý danh sách tài khoản/CustomFunctions.groovy' successfully

12-10-2024T23:08:12 - [TEST_CASE][PASSED] - Test Cases/Quản lý tài khoản merchant/Quản lý danh sách tài khoản/CustomFunctions.groovy: Test Cases/Quản lý tài khoản merchant/Quản lý danh sách tài khoản/CustomFunctions.groovy

12-10-2024T23:08:12 - [TEST_STEP][PASSED] - driver = getWebDriver(): null

12-10-2024T23:08:12 - [TEST_STEP][PASSED] - sleep(2000): null

12-10-2024T23:08:14 - [TEST_STEP][PASSED] - element1 = driver.findElement(By.xpath(xpathManagerMC)): null

12-10-2024T23:08:15 - [TEST_STEP][PASSED] - actions = new org.openqa.selenium.interactions.Actions(driver): null

12-10-2024T23:08:15 - [TEST_STEP][PASSED] - click().perform(): null

12-10-2024T23:08:15 - [TEST_STEP][PASSED] - wait = new org.openqa.selenium.support.ui.WebDriverWait(com.kms.katalon.core.webui.driver.DriverFactory.getWebDriver(), 20): null

12-10-2024T23:08:15 - [TEST_STEP][PASSED] - element2 = wait.until(ExpectedConditions.elementToBeClickable(By.xpath(xpathManagerListAccount))): null

12-10-2024T23:08:15 - [TEST_STEP][PASSED] - click().perform(): null

12-10-2024T23:08:15 - [TEST_STEP][PASSED] - wait.until(ExpectedConditions.visibilityOfElementLocated(By.xpath(xpathUserCode))): null

12-10-2024T23:08:21 - [TEST_STEP][PASSED] - xpath(xpathBtnAccount))).click(): null

12-10-2024T23:08:22 - [TEST_STEP][PASSED] - searchTextbox = wait.until(ExpectedConditions.elementToBeClickable(By.xpath(xpathSearchTextbox))): null

12-10-2024T23:08:22 - [TEST_STEP][PASSED] - searchTextbox.sendKeys("dannt11"): null

12-10-2024T23:08:22 - [TEST_STEP][PASSED] - xpath(xpathOption)).click(): null

12-10-2024T23:08:22 - [TEST_STEP][PASSED] - xpath(xpathBtnSearch)).click(): null

12-10-2024T23:08:23 - [TEST_STEP][PASSED] - Assert.assertEquals(xpath(xpathAccountName)).getText(), username): null

12-10-2024T23:08:23 - [TEST_STEP][PASSED] - xpath(xpathUser)).click(): null

12-10-2024T23:08:24 - [TEST_STEP][PASSED] - xpath(xpathSearchTextbox)).sendKeys("dannt21"): null

12-10-2024T23:08:24 - [TEST_STEP][PASSED] - xpath(xpathClicked)).click(): null

12-10-2024T23:08:24 - [TEST_STEP][PASSED] - xpath(xpathBtnSearch)).click(): null

12-10-2024T23:08:25 - [MESSAGE][PASSED] - Call Test Case 'Test Cases/Quản lý tài khoản merchant/Quản lý danh sách tài khoản/CustomFunctions.groovy' successfully

12-10-2024T23:08:25 - [TEST_STEP][PASSED] - startElementAf = driver.findElement(By.xpath(xpathThuHoBtn)): null

12-10-2024T23:08:26 - [TEST_STEP][PASSED] - jsAf = driver: null

12-10-2024T23:08:26 - [TEST_STEP][PASSED] - scriptAf = "return arguments[0].nextSibling.textContent;": null

12-10-2024T23:08:26 - [TEST_STEP][PASSED] - balanceStrAf = jsAf.executeScript(scriptAf, startElementAf): null

12-10-2024T23:08:26 - [TEST_STEP][PASSED] - numericStringAf = balanceStrAf.replaceAll("[^0-9]", ""): null

12-10-2024T23:08:26 - [TEST_STEP][PASSED] - balanceAf = Integer.parseInt(numericStringAf): null

12-10-2024T23:08:26 - [TEST_STEP][PASSED] - out.println("Thu ho " + balanceAf): null

12-10-2024T23:08:26 - [TEST_STEP][PASSED] - if (balanceAf == thuHo + 150000): Test case đã pass với số tiền đã được cộng đúng.

12-10-2024T23:08:26 - [TEST_STEP][PASSED] - println("Số tiền đã đúng "): null

12-10-2024T23:08:26 - [TEST_STEP][PASSED] - markPassed("Test case đã pass với số tiền đã được cộng đúng."): Test case đã pass với số tiền đã được cộng đúng.

12-10-2024T23:08:26 - [MESSAGE][PASSED] - Test case đã pass với số tiền đã được cộng đúng.

12-10-2024T23:08:26 - [TEST_STEP][PASSED] - Start listener action : sampleAfterTestCase: null

12-10-2024T23:08:26 - [TEST_STEP][PASSED] - testCaseId = testCaseContext.getTestCaseId(): null

12-10-2024T23:08:26 - [TEST_STEP][PASSED] - if (testCaseId == "Test Cases/Quản lý tài khoản merchant/Quản lý dịch vụ merchant/TC_13_Kiểm tra chức năng xác nhận cấu hình thay đổi VA"): null]]></system-out>
         <system-err><![CDATA[]]></system-err>
      </testcase>
      <testcase name="Test Cases/Quản lý tài khoản merchant/Quản lý danh sách tài khoản/Nạp tiền/TC_10_Kiểm tra khi chọn ví đúng và chọn loại giao dịch là hoàn phí" time="60.595" classname="Test Cases/Quản lý tài khoản merchant/Quản lý danh sách tài khoản/Nạp tiền/TC_10_Kiểm tra khi chọn ví đúng và chọn loại giao dịch là hoàn phí" status="ERROR">
         <error type="ERROR" message="Test Cases/Quản lý tài khoản merchant/Quản lý danh sách tài khoản/Nạp tiền/TC_10_Kiểm tra khi chọn ví đúng và chọn loại giao dịch là hoàn phí FAILED.&#xa;Reason:&#xa;org.openqa.selenium.ElementNotInteractableException: element not interactable&#xa;  (Session info: chrome=129.0.6668.91)&#xa;Build info: version: '3.141.59', revision: 'unknown', time: 'unknown'&#xa;System info: host: 'Aidan', ip: '2405:4803:fd90:9ef0:35c5:6ea1:b1e8:64e8%en0', os.name: 'Mac OS X', os.arch: 'aarch64', os.version: '15.0.1', java.version: '17.0.7'&#xa;Driver info: com.kms.katalon.selenium.driver.CChromeDriver&#xa;Capabilities {acceptInsecureCerts: false, browserName: chrome, browserVersion: 129.0.6668.91, chrome: {chromedriverVersion: 128.0.6613.84 (606aa55c7d68..., userDataDir: /var/folders/t5/b7k67ybj7gz...}, fedcm:accounts: true, goog:chromeOptions: {debuggerAddress: localhost:55438}, javascriptEnabled: true, networkConnectionEnabled: false, pageLoadStrategy: normal, platform: MAC, platformName: MAC, proxy: Proxy(), setWindowRect: true, strictFileInteractability: false, timeouts: {implicit: 0, pageLoad: 300000, script: 30000}, unhandledPromptBehavior: dismiss and notify, webauthn:extension:credBlob: true, webauthn:extension:largeBlob: true, webauthn:extension:minPinLength: true, webauthn:extension:prf: true, webauthn:virtualAuthenticators: true}&#xa;Session ID: 039f5b6cde1ec52f02f005384f5df910&#xa;	at java.base/jdk.internal.reflect.NativeConstructorAccessorImpl.newInstance0(Native Method)&#xa;	at java.base/jdk.internal.reflect.NativeConstructorAccessorImpl.newInstance(NativeConstructorAccessorImpl.java:77)&#xa;	at java.base/jdk.internal.reflect.DelegatingConstructorAccessorImpl.newInstance(DelegatingConstructorAccessorImpl.java:45)&#xa;	at org.openqa.selenium.remote.http.W3CHttpResponseCodec.createException(W3CHttpResponseCodec.java:187)&#xa;	at org.openqa.selenium.remote.http.W3CHttpResponseCodec.decode(W3CHttpResponseCodec.java:122)&#xa;	at org.openqa.selenium.remote.http.W3CHttpResponseCodec.decode(W3CHttpResponseCodec.java:49)&#xa;	at org.openqa.selenium.remote.HttpCommandExecutor.execute(HttpCommandExecutor.java:158)&#xa;	at org.openqa.selenium.remote.service.DriverCommandExecutor.execute(DriverCommandExecutor.java:83)&#xa;	at org.openqa.selenium.remote.RemoteWebDriver.execute(RemoteWebDriver.java:552)&#xa;	at com.kms.katalon.selenium.driver.CChromeDriver.execute(CChromeDriver.java:19)&#xa;	at org.openqa.selenium.remote.RemoteWebElement.execute(RemoteWebElement.java:285)&#xa;	at org.openqa.selenium.remote.RemoteWebElement.click(RemoteWebElement.java:84)&#xa;	at jdk.internal.reflect.GeneratedMethodAccessor12.invoke(Unknown Source)&#xa;	at java.base/jdk.internal.reflect.DelegatingMethodAccessorImpl.invoke(DelegatingMethodAccessorImpl.java:43)&#xa;	at org.openqa.selenium.support.events.EventFiringWebDriver$EventFiringWebElement.lambda$new$0(EventFiringWebDriver.java:404)&#xa;	at jdk.proxy2/jdk.proxy2.$Proxy23.click(Unknown Source)&#xa;	at org.openqa.selenium.support.events.EventFiringWebDriver$EventFiringWebElement.click(EventFiringWebDriver.java:417)&#xa;	at TC_10_Kiểm tra khi chọn ví đúng và chọn loại giao dịch là hoàn phí.run(TC_10_Kiểm tra khi chọn ví đúng và chọn loại giao dịch là hoàn phí:68)&#xa;	at com.kms.katalon.core.main.ScriptEngine.run(ScriptEngine.java:194)&#xa;	at com.kms.katalon.core.main.ScriptEngine.runScriptAsRawText(ScriptEngine.java:119)&#xa;	at com.kms.katalon.core.main.TestCaseExecutor.runScript(TestCaseExecutor.java:448)&#xa;	at com.kms.katalon.core.main.TestCaseExecutor.doExecute(TestCaseExecutor.java:439)&#xa;	at com.kms.katalon.core.main.TestCaseExecutor.processExecutionPhase(TestCaseExecutor.java:418)&#xa;	at com.kms.katalon.core.main.TestCaseExecutor.accessMainPhase(TestCaseExecutor.java:410)&#xa;	at com.kms.katalon.core.main.TestCaseExecutor.execute(TestCaseExecutor.java:285)&#xa;	at com.kms.katalon.core.common.CommonExecutor.accessTestCaseMainPhase(CommonExecutor.java:65)&#xa;	at com.kms.katalon.core.main.TestSuiteExecutor.accessTestSuiteMainPhase(TestSuiteExecutor.java:150)&#xa;	at com.kms.katalon.core.main.TestSuiteExecutor.execute(TestSuiteExecutor.java:106)&#xa;	at com.kms.katalon.core.main.TestCaseMain.startTestSuite(TestCaseMain.java:180)&#xa;	at TempTestSuite1728748944165.run(TempTestSuite1728748944165.groovy:35)&#xa;	at java.base/jdk.internal.reflect.NativeMethodAccessorImpl.invoke0(Native Method)&#xa;	at java.base/jdk.internal.reflect.NativeMethodAccessorImpl.invoke(NativeMethodAccessorImpl.java:77)&#xa;	at java.base/jdk.internal.reflect.DelegatingMethodAccessorImpl.invoke(DelegatingMethodAccessorImpl.java:43)&#xa;"/>
         <system-out><![CDATA[12-10-2024T23:08:26 - [TEST_CASE][ERROR] - Test Cases/Quản lý tài khoản merchant/Quản lý danh sách tài khoản/Nạp tiền/TC_10_Kiểm tra khi chọn ví đúng và chọn loại giao dịch là hoàn phí: Test Cases/Quản lý tài khoản merchant/Quản lý danh sách tài khoản/Nạp tiền/TC_10_Kiểm tra khi chọn ví đúng và chọn loại giao dịch là hoàn phí FAILED.
Reason:
org.openqa.selenium.ElementNotInteractableException: element not interactable
  (Session info: chrome=129.0.6668.91)
Build info: version: '3.141.59', revision: 'unknown', time: 'unknown'
System info: host: 'Aidan', ip: '2405:4803:fd90:9ef0:35c5:6ea1:b1e8:64e8%en0', os.name: 'Mac OS X', os.arch: 'aarch64', os.version: '15.0.1', java.version: '17.0.7'
Driver info: com.kms.katalon.selenium.driver.CChromeDriver
Capabilities {acceptInsecureCerts: false, browserName: chrome, browserVersion: 129.0.6668.91, chrome: {chromedriverVersion: 128.0.6613.84 (606aa55c7d68..., userDataDir: /var/folders/t5/b7k67ybj7gz...}, fedcm:accounts: true, goog:chromeOptions: {debuggerAddress: localhost:55438}, javascriptEnabled: true, networkConnectionEnabled: false, pageLoadStrategy: normal, platform: MAC, platformName: MAC, proxy: Proxy(), setWindowRect: true, strictFileInteractability: false, timeouts: {implicit: 0, pageLoad: 300000, script: 30000}, unhandledPromptBehavior: dismiss and notify, webauthn:extension:credBlob: true, webauthn:extension:largeBlob: true, webauthn:extension:minPinLength: true, webauthn:extension:prf: true, webauthn:virtualAuthenticators: true}
Session ID: 039f5b6cde1ec52f02f005384f5df910
	at java.base/jdk.internal.reflect.NativeConstructorAccessorImpl.newInstance0(Native Method)
	at java.base/jdk.internal.reflect.NativeConstructorAccessorImpl.newInstance(NativeConstructorAccessorImpl.java:77)
	at java.base/jdk.internal.reflect.DelegatingConstructorAccessorImpl.newInstance(DelegatingConstructorAccessorImpl.java:45)
	at org.openqa.selenium.remote.http.W3CHttpResponseCodec.createException(W3CHttpResponseCodec.java:187)
	at org.openqa.selenium.remote.http.W3CHttpResponseCodec.decode(W3CHttpResponseCodec.java:122)
	at org.openqa.selenium.remote.http.W3CHttpResponseCodec.decode(W3CHttpResponseCodec.java:49)
	at org.openqa.selenium.remote.HttpCommandExecutor.execute(HttpCommandExecutor.java:158)
	at org.openqa.selenium.remote.service.DriverCommandExecutor.execute(DriverCommandExecutor.java:83)
	at org.openqa.selenium.remote.RemoteWebDriver.execute(RemoteWebDriver.java:552)
	at com.kms.katalon.selenium.driver.CChromeDriver.execute(CChromeDriver.java:19)
	at org.openqa.selenium.remote.RemoteWebElement.execute(RemoteWebElement.java:285)
	at org.openqa.selenium.remote.RemoteWebElement.click(RemoteWebElement.java:84)
	at jdk.internal.reflect.GeneratedMethodAccessor12.invoke(Unknown Source)
	at java.base/jdk.internal.reflect.DelegatingMethodAccessorImpl.invoke(DelegatingMethodAccessorImpl.java:43)
	at org.openqa.selenium.support.events.EventFiringWebDriver$EventFiringWebElement.lambda$new$0(EventFiringWebDriver.java:404)
	at jdk.proxy2/jdk.proxy2.$Proxy23.click(Unknown Source)
	at org.openqa.selenium.support.events.EventFiringWebDriver$EventFiringWebElement.click(EventFiringWebDriver.java:417)
	at TC_10_Kiểm tra khi chọn ví đúng và chọn loại giao dịch là hoàn phí.run(TC_10_Kiểm tra khi chọn ví đúng và chọn loại giao dịch là hoàn phí:68)
	at com.kms.katalon.core.main.ScriptEngine.run(ScriptEngine.java:194)
	at com.kms.katalon.core.main.ScriptEngine.runScriptAsRawText(ScriptEngine.java:119)
	at com.kms.katalon.core.main.TestCaseExecutor.runScript(TestCaseExecutor.java:448)
	at com.kms.katalon.core.main.TestCaseExecutor.doExecute(TestCaseExecutor.java:439)
	at com.kms.katalon.core.main.TestCaseExecutor.processExecutionPhase(TestCaseExecutor.java:418)
	at com.kms.katalon.core.main.TestCaseExecutor.accessMainPhase(TestCaseExecutor.java:410)
	at com.kms.katalon.core.main.TestCaseExecutor.execute(TestCaseExecutor.java:285)
	at com.kms.katalon.core.common.CommonExecutor.accessTestCaseMainPhase(CommonExecutor.java:65)
	at com.kms.katalon.core.main.TestSuiteExecutor.accessTestSuiteMainPhase(TestSuiteExecutor.java:150)
	at com.kms.katalon.core.main.TestSuiteExecutor.execute(TestSuiteExecutor.java:106)
	at com.kms.katalon.core.main.TestCaseMain.startTestSuite(TestCaseMain.java:180)
	at TempTestSuite1728748944165.run(TempTestSuite1728748944165.groovy:35)
	at java.base/jdk.internal.reflect.NativeMethodAccessorImpl.invoke0(Native Method)
	at java.base/jdk.internal.reflect.NativeMethodAccessorImpl.invoke(NativeMethodAccessorImpl.java:77)
	at java.base/jdk.internal.reflect.DelegatingMethodAccessorImpl.invoke(DelegatingMethodAccessorImpl.java:43)


12-10-2024T23:08:26 - [TEST_STEP][PASSED] - Start listener action : sampleBeforeTestCase: Navigate to 'https://stg-cms-console.9pay.mobi/login' successfully

12-10-2024T23:08:26 - [TEST_STEP][PASSED] - testCaseId = testCaseContext.getTestCaseId(): null

12-10-2024T23:08:26 - [TEST_STEP][PASSED] - url = <not implemented yet for class: org.codehaus.groovy.ast.expr.EmptyExpression>: null

12-10-2024T23:08:26 - [TEST_STEP][PASSED] - if (testCaseId == "Test Cases/Quản lý tài khoản merchant/Quản lý dịch vụ merchant/TC_14_Kiểm tra thay đổi sau khi cấu hình VA trên MCV"): null

12-10-2024T23:08:26 - [TEST_STEP][PASSED] - else: null

12-10-2024T23:08:26 - [TEST_STEP][PASSED] - url = "https://stg-cms-console.9pay.mobi/login": null

12-10-2024T23:08:26 - [TEST_STEP][PASSED] - openBrowser(""): Browser is opened with url: ''

12-10-2024T23:08:26 - [MESSAGE][WARNING] - A browser is already opened. Closing browser and opening a new one

12-10-2024T23:08:26 - [MESSAGE][INFO] - Starting 'Chrome' driver

12-10-2024T23:08:26 - [MESSAGE][INFO] - Action delay is set to 0 milliseconds

12-10-2024T23:08:26 - [MESSAGE][PASSED] - Browser is opened with url: ''

12-10-2024T23:08:26 - [TEST_STEP][PASSED] - maximizeWindow(): Current window maximized

12-10-2024T23:08:27 - [MESSAGE][PASSED] - Current window maximized

12-10-2024T23:08:27 - [TEST_STEP][PASSED] - navigateToUrl(url): Navigate to 'https://stg-cms-console.9pay.mobi/login' successfully

12-10-2024T23:08:30 - [MESSAGE][PASSED] - Navigate to 'https://stg-cms-console.9pay.mobi/login' successfully

12-10-2024T23:08:30 - [TEST_STEP][PASSED] - driver = getWebDriver(): null

12-10-2024T23:08:30 - [TEST_STEP][PASSED] - callTestCase(findTestCase("Test Cases/Login/LoginCommon"), [:], STOP_ON_FAILURE): Call Test Case 'Test Cases/Login/LoginCommon' successfully

12-10-2024T23:08:30 - [TEST_CASE][PASSED] - Test Cases/Login/LoginCommon: Test Cases/Login/LoginCommon

12-10-2024T23:08:30 - [TEST_STEP][PASSED] - driver = getWebDriver(): null

12-10-2024T23:08:30 - [TEST_STEP][PASSED] - sendKeys(findTestObject("Quản lý tài khoản merchant/Quản lý dịch vụ merchant/userNameTextbox"), userAccount): Keys 'dannt@9pay.vn' sent to object: 'Object Repository/Quản lý tài khoản merchant/Quản lý dịch vụ merchant/userNameTextbox'

12-10-2024T23:08:31 - [MESSAGE][PASSED] - Keys 'dannt@9pay.vn' sent to object: 'Object Repository/Quản lý tài khoản merchant/Quản lý dịch vụ merchant/userNameTextbox'

12-10-2024T23:08:31 - [TEST_STEP][PASSED] - sendKeys(findTestObject("Quản lý tài khoản merchant/Quản lý dịch vụ merchant/passwordTextbox"), password): Keys 'dannt@9pay.vn' sent to object: 'Object Repository/Quản lý tài khoản merchant/Quản lý dịch vụ merchant/passwordTextbox'

12-10-2024T23:08:31 - [MESSAGE][PASSED] - Keys 'dannt@9pay.vn' sent to object: 'Object Repository/Quản lý tài khoản merchant/Quản lý dịch vụ merchant/passwordTextbox'

12-10-2024T23:08:31 - [TEST_STEP][PASSED] - click(findTestObject("Quản lý tài khoản merchant/Quản lý dịch vụ merchant/loginButton")): Object: 'Object Repository/Quản lý tài khoản merchant/Quản lý dịch vụ merchant/loginButton' is clicked on

12-10-2024T23:08:31 - [MESSAGE][PASSED] - Object: 'Object Repository/Quản lý tài khoản merchant/Quản lý dịch vụ merchant/loginButton' is clicked on

12-10-2024T23:08:31 - [MESSAGE][PASSED] - Call Test Case 'Test Cases/Login/LoginCommon' successfully

12-10-2024T23:08:31 - [TEST_STEP][PASSED] - waitForElementVisible(findTestObject("Trang chủ/userName"), 10, STOP_ON_FAILURE): Object 'Object Repository/Trang chủ/userName' is visible

12-10-2024T23:08:35 - [MESSAGE][PASSED] - Object 'Object Repository/Trang chủ/userName' is visible

12-10-2024T23:08:35 - [TEST_STEP][PASSED] - callTestCase(findTestCase("Test Cases/Quản lý tài khoản merchant/Quản lý danh sách tài khoản/CustomFunctions Deposit"), [:], STOP_ON_FAILURE): Call Test Case 'Test Cases/Quản lý tài khoản merchant/Quản lý danh sách tài khoản/CustomFunctions Deposit' successfully

12-10-2024T23:08:35 - [TEST_CASE][PASSED] - Test Cases/Quản lý tài khoản merchant/Quản lý danh sách tài khoản/CustomFunctions Deposit: Test Cases/Quản lý tài khoản merchant/Quản lý danh sách tài khoản/CustomFunctions Deposit

12-10-2024T23:08:35 - [TEST_STEP][PASSED] - driver = getWebDriver(): null

12-10-2024T23:08:35 - [TEST_STEP][PASSED] - element1 = driver.findElement(By.xpath("//span[contains(text(),'Quản lý tài khoản merchant')]")): null

12-10-2024T23:08:35 - [TEST_STEP][PASSED] - actions = new org.openqa.selenium.interactions.Actions(driver): null

12-10-2024T23:08:35 - [TEST_STEP][PASSED] - click().perform(): null

12-10-2024T23:08:35 - [TEST_STEP][PASSED] - wait = new org.openqa.selenium.support.ui.WebDriverWait(com.kms.katalon.core.webui.driver.DriverFactory.getWebDriver(), 15): null

12-10-2024T23:08:35 - [TEST_STEP][PASSED] - xpath(xpathManagerListAccount))).click(): null

12-10-2024T23:08:36 - [MESSAGE][PASSED] - Call Test Case 'Test Cases/Quản lý tài khoản merchant/Quản lý danh sách tài khoản/CustomFunctions Deposit' successfully

12-10-2024T23:08:36 - [TEST_STEP][PASSED] - wait = new org.openqa.selenium.support.ui.WebDriverWait(com.kms.katalon.core.webui.driver.DriverFactory.getWebDriver(), 20): null

12-10-2024T23:08:36 - [TEST_STEP][PASSED] - userCode = wait.until(ExpectedConditions.visibilityOfElementLocated(By.xpath(xpathUserCode))): null

12-10-2024T23:08:39 - [TEST_STEP][PASSED] - println(userCode.getText()): null

12-10-2024T23:08:39 - [TEST_STEP][PASSED] - xpath(xpathBtnAccount))).click(): null

12-10-2024T23:08:39 - [TEST_STEP][PASSED] - searchTextbox = wait.until(ExpectedConditions.elementToBeClickable(By.xpath(xpathSearchTextbox))): null

12-10-2024T23:08:39 - [TEST_STEP][PASSED] - searchTextbox.sendKeys("dannt11"): null

12-10-2024T23:08:40 - [TEST_STEP][PASSED] - xpath(xpathOption)).click(): null

12-10-2024T23:08:40 - [TEST_STEP][PASSED] - xpath(xpathBtnSearch)).click(): null

12-10-2024T23:08:40 - [TEST_STEP][PASSED] - wait.until(ExpectedConditions.visibilityOfElementLocated(By.xpath(xpathAccountName))): null

12-10-2024T23:08:41 - [TEST_STEP][PASSED] - startElement = driver.findElement(By.xpath("//strong[contains(text(),'Thu hộ:')]")): null

12-10-2024T23:08:41 - [TEST_STEP][PASSED] - js = driver: null

12-10-2024T23:08:41 - [TEST_STEP][PASSED] - script = "return arguments[0].nextSibling.textContent;": null

12-10-2024T23:08:41 - [TEST_STEP][PASSED] - nextTextNodeContent = js.executeScript(script, startElement): null

12-10-2024T23:08:41 - [TEST_STEP][PASSED] - out.println("Thu ho " + nextTextNodeContent): null

12-10-2024T23:08:41 - [TEST_STEP][PASSED] - numericString = nextTextNodeContent.replaceAll("[^0-9]", ""): null

12-10-2024T23:08:41 - [TEST_STEP][PASSED] - thuHo = Integer.parseInt(numericString): null

12-10-2024T23:08:41 - [TEST_STEP][PASSED] - out.println("Thu ho " + thuHo): null

12-10-2024T23:08:41 - [TEST_STEP][PASSED] - xpath(xpathBtnDeposit)).click(): null

12-10-2024T23:08:42 - [TEST_STEP][PASSED] - wait.until(ExpectedConditions.visibilityOfElementLocated(By.xpath(xpathTextAccount))): null

12-10-2024T23:08:51 - [TEST_STEP][PASSED] - xpath(xpathChonVi)).click(): null

12-10-2024T23:08:53 - [TEST_STEP][PASSED] - xpath(xpathThuHo3)).click(): null

12-10-2024T23:08:55 - [TEST_STEP][PASSED] - xpath(xpathOptionNapTien)).click(): null

12-10-2024T23:08:57 - [TEST_STEP][PASSED] - xpath(xpathOptionHoanPhi)).click(): null

12-10-2024T23:08:59 - [TEST_STEP][PASSED] - xpath(xpathDay)).click(): null

12-10-2024T23:09:01 - [TEST_STEP][PASSED] - xpath(xpathHomNay)).click(): null

12-10-2024T23:09:03 - [TEST_STEP][PASSED] - xpath(xpathBtnContinue)).click(): null

12-10-2024T23:09:05 - [TEST_STEP][PASSED] - try: null

12-10-2024T23:09:05 - [TEST_STEP][PASSED] - popupDS = wait.until(ExpectedConditions.visibilityOfElementLocated(By.xpath("//p[contains(text(),'Đã tồn tại kỳ đối soát trước đó, Bạn có chắc chắn ')]"))): null

12-10-2024T23:09:07 - [TEST_STEP][PASSED] - Assert.assertEquals(popupDS.getText(), "Đã tồn tại kỳ đối soát trước đó, Bạn có chắc chắn muốn tiếp tục thực hiện giao dịch?"): null

12-10-2024T23:09:07 - [TEST_STEP][PASSED] - xpath("//button[contains(text(),'Đồng ý')]")).click(): null

12-10-2024T23:09:09 - [TEST_STEP][PASSED] - xpath(xpathDepositTextbox)).sendKeys("150000"): null

12-10-2024T23:09:11 - [TEST_STEP][PASSED] - xpath(xpathButtonSubmit)).click(): null

12-10-2024T23:09:13 - [TEST_STEP][PASSED] - wait.until(ExpectedConditions.elementToBeClickable(By.xpath(xpathDuyetGDNap))): null

12-10-2024T23:09:15 - [TEST_STEP][PASSED] - startElement1 = driver.findElement(By.xpath(xpathDuyetGDNap)): null

12-10-2024T23:09:17 - [TEST_STEP][PASSED] - js.executeScript("arguments[0].scrollIntoView(false);", driver.findElement(By.xpath(xpathDuyetGDNap))): null

12-10-2024T23:09:19 - [TEST_STEP][PASSED] - xpath(xpathButtonApprove)).click(): null

12-10-2024T23:09:21 - [TEST_STEP][PASSED] - Thread.sleep(1000): null

12-10-2024T23:09:22 - [TEST_STEP][PASSED] - xpath(xpathCfBtn)).click(): null

12-10-2024T23:09:24 - [TEST_STEP][ERROR] - xpath(xpathBtnOk)).click(): Test Cases/Quản lý tài khoản merchant/Quản lý danh sách tài khoản/Nạp tiền/TC_10_Kiểm tra khi chọn ví đúng và chọn loại giao dịch là hoàn phí FAILED.
Reason:
org.openqa.selenium.ElementNotInteractableException: element not interactable
  (Session info: chrome=129.0.6668.91)
Build info: version: '3.141.59', revision: 'unknown', time: 'unknown'
System info: host: 'Aidan', ip: '2405:4803:fd90:9ef0:35c5:6ea1:b1e8:64e8%en0', os.name: 'Mac OS X', os.arch: 'aarch64', os.version: '15.0.1', java.version: '17.0.7'
Driver info: com.kms.katalon.selenium.driver.CChromeDriver
Capabilities {acceptInsecureCerts: false, browserName: chrome, browserVersion: 129.0.6668.91, chrome: {chromedriverVersion: 128.0.6613.84 (606aa55c7d68..., userDataDir: /var/folders/t5/b7k67ybj7gz...}, fedcm:accounts: true, goog:chromeOptions: {debuggerAddress: localhost:55438}, javascriptEnabled: true, networkConnectionEnabled: false, pageLoadStrategy: normal, platform: MAC, platformName: MAC, proxy: Proxy(), setWindowRect: true, strictFileInteractability: false, timeouts: {implicit: 0, pageLoad: 300000, script: 30000}, unhandledPromptBehavior: dismiss and notify, webauthn:extension:credBlob: true, webauthn:extension:largeBlob: true, webauthn:extension:minPinLength: true, webauthn:extension:prf: true, webauthn:virtualAuthenticators: true}
Session ID: 039f5b6cde1ec52f02f005384f5df910
	at java.base/jdk.internal.reflect.NativeConstructorAccessorImpl.newInstance0(Native Method)
	at java.base/jdk.internal.reflect.NativeConstructorAccessorImpl.newInstance(NativeConstructorAccessorImpl.java:77)
	at java.base/jdk.internal.reflect.DelegatingConstructorAccessorImpl.newInstance(DelegatingConstructorAccessorImpl.java:45)
	at org.openqa.selenium.remote.http.W3CHttpResponseCodec.createException(W3CHttpResponseCodec.java:187)
	at org.openqa.selenium.remote.http.W3CHttpResponseCodec.decode(W3CHttpResponseCodec.java:122)
	at org.openqa.selenium.remote.http.W3CHttpResponseCodec.decode(W3CHttpResponseCodec.java:49)
	at org.openqa.selenium.remote.HttpCommandExecutor.execute(HttpCommandExecutor.java:158)
	at org.openqa.selenium.remote.service.DriverCommandExecutor.execute(DriverCommandExecutor.java:83)
	at org.openqa.selenium.remote.RemoteWebDriver.execute(RemoteWebDriver.java:552)
	at com.kms.katalon.selenium.driver.CChromeDriver.execute(CChromeDriver.java:19)
	at org.openqa.selenium.remote.RemoteWebElement.execute(RemoteWebElement.java:285)
	at org.openqa.selenium.remote.RemoteWebElement.click(RemoteWebElement.java:84)
	at jdk.internal.reflect.GeneratedMethodAccessor12.invoke(Unknown Source)
	at java.base/jdk.internal.reflect.DelegatingMethodAccessorImpl.invoke(DelegatingMethodAccessorImpl.java:43)
	at org.openqa.selenium.support.events.EventFiringWebDriver$EventFiringWebElement.lambda$new$0(EventFiringWebDriver.java:404)
	at jdk.proxy2/jdk.proxy2.$Proxy23.click(Unknown Source)
	at org.openqa.selenium.support.events.EventFiringWebDriver$EventFiringWebElement.click(EventFiringWebDriver.java:417)
	at TC_10_Kiểm tra khi chọn ví đúng và chọn loại giao dịch là hoàn phí.run(TC_10_Kiểm tra khi chọn ví đúng và chọn loại giao dịch là hoàn phí:68)
	at com.kms.katalon.core.main.ScriptEngine.run(ScriptEngine.java:194)
	at com.kms.katalon.core.main.ScriptEngine.runScriptAsRawText(ScriptEngine.java:119)
	at com.kms.katalon.core.main.TestCaseExecutor.runScript(TestCaseExecutor.java:448)
	at com.kms.katalon.core.main.TestCaseExecutor.doExecute(TestCaseExecutor.java:439)
	at com.kms.katalon.core.main.TestCaseExecutor.processExecutionPhase(TestCaseExecutor.java:418)
	at com.kms.katalon.core.main.TestCaseExecutor.accessMainPhase(TestCaseExecutor.java:410)
	at com.kms.katalon.core.main.TestCaseExecutor.execute(TestCaseExecutor.java:285)
	at com.kms.katalon.core.common.CommonExecutor.accessTestCaseMainPhase(CommonExecutor.java:65)
	at com.kms.katalon.core.main.TestSuiteExecutor.accessTestSuiteMainPhase(TestSuiteExecutor.java:150)
	at com.kms.katalon.core.main.TestSuiteExecutor.execute(TestSuiteExecutor.java:106)
	at com.kms.katalon.core.main.TestCaseMain.startTestSuite(TestCaseMain.java:180)
	at TempTestSuite1728748944165.run(TempTestSuite1728748944165.groovy:35)
	at java.base/jdk.internal.reflect.NativeMethodAccessorImpl.invoke0(Native Method)
	at java.base/jdk.internal.reflect.NativeMethodAccessorImpl.invoke(NativeMethodAccessorImpl.java:77)
	at java.base/jdk.internal.reflect.DelegatingMethodAccessorImpl.invoke(DelegatingMethodAccessorImpl.java:43)


12-10-2024T23:09:26 - [MESSAGE][ERROR] - Test Cases/Quản lý tài khoản merchant/Quản lý danh sách tài khoản/Nạp tiền/TC_10_Kiểm tra khi chọn ví đúng và chọn loại giao dịch là hoàn phí FAILED.
Reason:
org.openqa.selenium.ElementNotInteractableException: element not interactable
  (Session info: chrome=129.0.6668.91)
Build info: version: '3.141.59', revision: 'unknown', time: 'unknown'
System info: host: 'Aidan', ip: '2405:4803:fd90:9ef0:35c5:6ea1:b1e8:64e8%en0', os.name: 'Mac OS X', os.arch: 'aarch64', os.version: '15.0.1', java.version: '17.0.7'
Driver info: com.kms.katalon.selenium.driver.CChromeDriver
Capabilities {acceptInsecureCerts: false, browserName: chrome, browserVersion: 129.0.6668.91, chrome: {chromedriverVersion: 128.0.6613.84 (606aa55c7d68..., userDataDir: /var/folders/t5/b7k67ybj7gz...}, fedcm:accounts: true, goog:chromeOptions: {debuggerAddress: localhost:55438}, javascriptEnabled: true, networkConnectionEnabled: false, pageLoadStrategy: normal, platform: MAC, platformName: MAC, proxy: Proxy(), setWindowRect: true, strictFileInteractability: false, timeouts: {implicit: 0, pageLoad: 300000, script: 30000}, unhandledPromptBehavior: dismiss and notify, webauthn:extension:credBlob: true, webauthn:extension:largeBlob: true, webauthn:extension:minPinLength: true, webauthn:extension:prf: true, webauthn:virtualAuthenticators: true}
Session ID: 039f5b6cde1ec52f02f005384f5df910
	at java.base/jdk.internal.reflect.NativeConstructorAccessorImpl.newInstance0(Native Method)
	at java.base/jdk.internal.reflect.NativeConstructorAccessorImpl.newInstance(NativeConstructorAccessorImpl.java:77)
	at java.base/jdk.internal.reflect.DelegatingConstructorAccessorImpl.newInstance(DelegatingConstructorAccessorImpl.java:45)
	at org.openqa.selenium.remote.http.W3CHttpResponseCodec.createException(W3CHttpResponseCodec.java:187)
	at org.openqa.selenium.remote.http.W3CHttpResponseCodec.decode(W3CHttpResponseCodec.java:122)
	at org.openqa.selenium.remote.http.W3CHttpResponseCodec.decode(W3CHttpResponseCodec.java:49)
	at org.openqa.selenium.remote.HttpCommandExecutor.execute(HttpCommandExecutor.java:158)
	at org.openqa.selenium.remote.service.DriverCommandExecutor.execute(DriverCommandExecutor.java:83)
	at org.openqa.selenium.remote.RemoteWebDriver.execute(RemoteWebDriver.java:552)
	at com.kms.katalon.selenium.driver.CChromeDriver.execute(CChromeDriver.java:19)
	at org.openqa.selenium.remote.RemoteWebElement.execute(RemoteWebElement.java:285)
	at org.openqa.selenium.remote.RemoteWebElement.click(RemoteWebElement.java:84)
	at jdk.internal.reflect.GeneratedMethodAccessor12.invoke(Unknown Source)
	at java.base/jdk.internal.reflect.DelegatingMethodAccessorImpl.invoke(DelegatingMethodAccessorImpl.java:43)
	at org.openqa.selenium.support.events.EventFiringWebDriver$EventFiringWebElement.lambda$new$0(EventFiringWebDriver.java:404)
	at jdk.proxy2/jdk.proxy2.$Proxy23.click(Unknown Source)
	at org.openqa.selenium.support.events.EventFiringWebDriver$EventFiringWebElement.click(EventFiringWebDriver.java:417)
	at TC_10_Kiểm tra khi chọn ví đúng và chọn loại giao dịch là hoàn phí.run(TC_10_Kiểm tra khi chọn ví đúng và chọn loại giao dịch là hoàn phí:68)
	at com.kms.katalon.core.main.ScriptEngine.run(ScriptEngine.java:194)
	at com.kms.katalon.core.main.ScriptEngine.runScriptAsRawText(ScriptEngine.java:119)
	at com.kms.katalon.core.main.TestCaseExecutor.runScript(TestCaseExecutor.java:448)
	at com.kms.katalon.core.main.TestCaseExecutor.doExecute(TestCaseExecutor.java:439)
	at com.kms.katalon.core.main.TestCaseExecutor.processExecutionPhase(TestCaseExecutor.java:418)
	at com.kms.katalon.core.main.TestCaseExecutor.accessMainPhase(TestCaseExecutor.java:410)
	at com.kms.katalon.core.main.TestCaseExecutor.execute(TestCaseExecutor.java:285)
	at com.kms.katalon.core.common.CommonExecutor.accessTestCaseMainPhase(CommonExecutor.java:65)
	at com.kms.katalon.core.main.TestSuiteExecutor.accessTestSuiteMainPhase(TestSuiteExecutor.java:150)
	at com.kms.katalon.core.main.TestSuiteExecutor.execute(TestSuiteExecutor.java:106)
	at com.kms.katalon.core.main.TestCaseMain.startTestSuite(TestCaseMain.java:180)
	at TempTestSuite1728748944165.run(TempTestSuite1728748944165.groovy:35)
	at java.base/jdk.internal.reflect.NativeMethodAccessorImpl.invoke0(Native Method)
	at java.base/jdk.internal.reflect.NativeMethodAccessorImpl.invoke(NativeMethodAccessorImpl.java:77)
	at java.base/jdk.internal.reflect.DelegatingMethodAccessorImpl.invoke(DelegatingMethodAccessorImpl.java:43)


12-10-2024T23:09:26 - [TEST_STEP][PASSED] - Start listener action : sampleAfterTestCase: null

12-10-2024T23:09:26 - [TEST_STEP][PASSED] - testCaseId = testCaseContext.getTestCaseId(): null

12-10-2024T23:09:26 - [TEST_STEP][PASSED] - if (testCaseId == "Test Cases/Quản lý tài khoản merchant/Quản lý dịch vụ merchant/TC_13_Kiểm tra chức năng xác nhận cấu hình thay đổi VA"): null]]></system-out>
         <system-err><![CDATA[12-10-2024T23:08:26 - [TEST_CASE][ERROR] - Test Cases/Quản lý tài khoản merchant/Quản lý danh sách tài khoản/Nạp tiền/TC_10_Kiểm tra khi chọn ví đúng và chọn loại giao dịch là hoàn phí: Test Cases/Quản lý tài khoản merchant/Quản lý danh sách tài khoản/Nạp tiền/TC_10_Kiểm tra khi chọn ví đúng và chọn loại giao dịch là hoàn phí FAILED.
Reason:
org.openqa.selenium.ElementNotInteractableException: element not interactable
  (Session info: chrome=129.0.6668.91)
Build info: version: '3.141.59', revision: 'unknown', time: 'unknown'
System info: host: 'Aidan', ip: '2405:4803:fd90:9ef0:35c5:6ea1:b1e8:64e8%en0', os.name: 'Mac OS X', os.arch: 'aarch64', os.version: '15.0.1', java.version: '17.0.7'
Driver info: com.kms.katalon.selenium.driver.CChromeDriver
Capabilities {acceptInsecureCerts: false, browserName: chrome, browserVersion: 129.0.6668.91, chrome: {chromedriverVersion: 128.0.6613.84 (606aa55c7d68..., userDataDir: /var/folders/t5/b7k67ybj7gz...}, fedcm:accounts: true, goog:chromeOptions: {debuggerAddress: localhost:55438}, javascriptEnabled: true, networkConnectionEnabled: false, pageLoadStrategy: normal, platform: MAC, platformName: MAC, proxy: Proxy(), setWindowRect: true, strictFileInteractability: false, timeouts: {implicit: 0, pageLoad: 300000, script: 30000}, unhandledPromptBehavior: dismiss and notify, webauthn:extension:credBlob: true, webauthn:extension:largeBlob: true, webauthn:extension:minPinLength: true, webauthn:extension:prf: true, webauthn:virtualAuthenticators: true}
Session ID: 039f5b6cde1ec52f02f005384f5df910
	at java.base/jdk.internal.reflect.NativeConstructorAccessorImpl.newInstance0(Native Method)
	at java.base/jdk.internal.reflect.NativeConstructorAccessorImpl.newInstance(NativeConstructorAccessorImpl.java:77)
	at java.base/jdk.internal.reflect.DelegatingConstructorAccessorImpl.newInstance(DelegatingConstructorAccessorImpl.java:45)
	at org.openqa.selenium.remote.http.W3CHttpResponseCodec.createException(W3CHttpResponseCodec.java:187)
	at org.openqa.selenium.remote.http.W3CHttpResponseCodec.decode(W3CHttpResponseCodec.java:122)
	at org.openqa.selenium.remote.http.W3CHttpResponseCodec.decode(W3CHttpResponseCodec.java:49)
	at org.openqa.selenium.remote.HttpCommandExecutor.execute(HttpCommandExecutor.java:158)
	at org.openqa.selenium.remote.service.DriverCommandExecutor.execute(DriverCommandExecutor.java:83)
	at org.openqa.selenium.remote.RemoteWebDriver.execute(RemoteWebDriver.java:552)
	at com.kms.katalon.selenium.driver.CChromeDriver.execute(CChromeDriver.java:19)
	at org.openqa.selenium.remote.RemoteWebElement.execute(RemoteWebElement.java:285)
	at org.openqa.selenium.remote.RemoteWebElement.click(RemoteWebElement.java:84)
	at jdk.internal.reflect.GeneratedMethodAccessor12.invoke(Unknown Source)
	at java.base/jdk.internal.reflect.DelegatingMethodAccessorImpl.invoke(DelegatingMethodAccessorImpl.java:43)
	at org.openqa.selenium.support.events.EventFiringWebDriver$EventFiringWebElement.lambda$new$0(EventFiringWebDriver.java:404)
	at jdk.proxy2/jdk.proxy2.$Proxy23.click(Unknown Source)
	at org.openqa.selenium.support.events.EventFiringWebDriver$EventFiringWebElement.click(EventFiringWebDriver.java:417)
	at TC_10_Kiểm tra khi chọn ví đúng và chọn loại giao dịch là hoàn phí.run(TC_10_Kiểm tra khi chọn ví đúng và chọn loại giao dịch là hoàn phí:68)
	at com.kms.katalon.core.main.ScriptEngine.run(ScriptEngine.java:194)
	at com.kms.katalon.core.main.ScriptEngine.runScriptAsRawText(ScriptEngine.java:119)
	at com.kms.katalon.core.main.TestCaseExecutor.runScript(TestCaseExecutor.java:448)
	at com.kms.katalon.core.main.TestCaseExecutor.doExecute(TestCaseExecutor.java:439)
	at com.kms.katalon.core.main.TestCaseExecutor.processExecutionPhase(TestCaseExecutor.java:418)
	at com.kms.katalon.core.main.TestCaseExecutor.accessMainPhase(TestCaseExecutor.java:410)
	at com.kms.katalon.core.main.TestCaseExecutor.execute(TestCaseExecutor.java:285)
	at com.kms.katalon.core.common.CommonExecutor.accessTestCaseMainPhase(CommonExecutor.java:65)
	at com.kms.katalon.core.main.TestSuiteExecutor.accessTestSuiteMainPhase(TestSuiteExecutor.java:150)
	at com.kms.katalon.core.main.TestSuiteExecutor.execute(TestSuiteExecutor.java:106)
	at com.kms.katalon.core.main.TestCaseMain.startTestSuite(TestCaseMain.java:180)
	at TempTestSuite1728748944165.run(TempTestSuite1728748944165.groovy:35)
	at java.base/jdk.internal.reflect.NativeMethodAccessorImpl.invoke0(Native Method)
	at java.base/jdk.internal.reflect.NativeMethodAccessorImpl.invoke(NativeMethodAccessorImpl.java:77)
	at java.base/jdk.internal.reflect.DelegatingMethodAccessorImpl.invoke(DelegatingMethodAccessorImpl.java:43)]]></system-err>
      </testcase>
      <testcase name="Test Cases/Quản lý tài khoản merchant/Quản lý danh sách tài khoản/Nạp tiền/TC_11_Kiểm tra khi hoàn tiền sau khi đã duyệt" time="55.042" classname="Test Cases/Quản lý tài khoản merchant/Quản lý danh sách tài khoản/Nạp tiền/TC_11_Kiểm tra khi hoàn tiền sau khi đã duyệt" status="PASSED">
         <system-out><![CDATA[12-10-2024T23:09:26 - [TEST_CASE][PASSED] - Test Cases/Quản lý tài khoản merchant/Quản lý danh sách tài khoản/Nạp tiền/TC_11_Kiểm tra khi hoàn tiền sau khi đã duyệt: Test Cases/Quản lý tài khoản merchant/Quản lý danh sách tài khoản/Nạp tiền/TC_11_Kiểm tra khi hoàn tiền sau khi đã duyệt

12-10-2024T23:09:26 - [TEST_STEP][PASSED] - Start listener action : sampleBeforeTestCase: Navigate to 'https://stg-cms-console.9pay.mobi/login' successfully

12-10-2024T23:09:26 - [TEST_STEP][PASSED] - testCaseId = testCaseContext.getTestCaseId(): null

12-10-2024T23:09:26 - [TEST_STEP][PASSED] - url = <not implemented yet for class: org.codehaus.groovy.ast.expr.EmptyExpression>: null

12-10-2024T23:09:26 - [TEST_STEP][PASSED] - if (testCaseId == "Test Cases/Quản lý tài khoản merchant/Quản lý dịch vụ merchant/TC_14_Kiểm tra thay đổi sau khi cấu hình VA trên MCV"): null

12-10-2024T23:09:26 - [TEST_STEP][PASSED] - else: null

12-10-2024T23:09:26 - [TEST_STEP][PASSED] - url = "https://stg-cms-console.9pay.mobi/login": null

12-10-2024T23:09:26 - [TEST_STEP][PASSED] - openBrowser(""): Browser is opened with url: ''

12-10-2024T23:09:26 - [MESSAGE][WARNING] - A browser is already opened. Closing browser and opening a new one

12-10-2024T23:09:26 - [MESSAGE][INFO] - Starting 'Chrome' driver

12-10-2024T23:09:26 - [MESSAGE][INFO] - Action delay is set to 0 milliseconds

12-10-2024T23:09:27 - [MESSAGE][PASSED] - Browser is opened with url: ''

12-10-2024T23:09:27 - [TEST_STEP][PASSED] - maximizeWindow(): Current window maximized

12-10-2024T23:09:27 - [MESSAGE][PASSED] - Current window maximized

12-10-2024T23:09:27 - [TEST_STEP][PASSED] - navigateToUrl(url): Navigate to 'https://stg-cms-console.9pay.mobi/login' successfully

12-10-2024T23:09:30 - [MESSAGE][PASSED] - Navigate to 'https://stg-cms-console.9pay.mobi/login' successfully

12-10-2024T23:09:30 - [TEST_STEP][PASSED] - driver = getWebDriver(): null

12-10-2024T23:09:30 - [TEST_STEP][PASSED] - callTestCase(findTestCase("Test Cases/Login/LoginCommon"), [:], STOP_ON_FAILURE): Call Test Case 'Test Cases/Login/LoginCommon' successfully

12-10-2024T23:09:30 - [TEST_CASE][PASSED] - Test Cases/Login/LoginCommon: Test Cases/Login/LoginCommon

12-10-2024T23:09:30 - [TEST_STEP][PASSED] - driver = getWebDriver(): null

12-10-2024T23:09:30 - [TEST_STEP][PASSED] - sendKeys(findTestObject("Quản lý tài khoản merchant/Quản lý dịch vụ merchant/userNameTextbox"), userAccount): Keys 'dannt@9pay.vn' sent to object: 'Object Repository/Quản lý tài khoản merchant/Quản lý dịch vụ merchant/userNameTextbox'

12-10-2024T23:09:30 - [MESSAGE][PASSED] - Keys 'dannt@9pay.vn' sent to object: 'Object Repository/Quản lý tài khoản merchant/Quản lý dịch vụ merchant/userNameTextbox'

12-10-2024T23:09:30 - [TEST_STEP][PASSED] - sendKeys(findTestObject("Quản lý tài khoản merchant/Quản lý dịch vụ merchant/passwordTextbox"), password): Keys 'dannt@9pay.vn' sent to object: 'Object Repository/Quản lý tài khoản merchant/Quản lý dịch vụ merchant/passwordTextbox'

12-10-2024T23:09:30 - [MESSAGE][PASSED] - Keys 'dannt@9pay.vn' sent to object: 'Object Repository/Quản lý tài khoản merchant/Quản lý dịch vụ merchant/passwordTextbox'

12-10-2024T23:09:30 - [TEST_STEP][PASSED] - click(findTestObject("Quản lý tài khoản merchant/Quản lý dịch vụ merchant/loginButton")): Object: 'Object Repository/Quản lý tài khoản merchant/Quản lý dịch vụ merchant/loginButton' is clicked on

12-10-2024T23:09:31 - [MESSAGE][PASSED] - Object: 'Object Repository/Quản lý tài khoản merchant/Quản lý dịch vụ merchant/loginButton' is clicked on

12-10-2024T23:09:31 - [MESSAGE][PASSED] - Call Test Case 'Test Cases/Login/LoginCommon' successfully

12-10-2024T23:09:31 - [TEST_STEP][PASSED] - waitForElementVisible(findTestObject("Trang chủ/userName"), 10, STOP_ON_FAILURE): Object 'Object Repository/Trang chủ/userName' is visible

12-10-2024T23:09:34 - [MESSAGE][PASSED] - Object 'Object Repository/Trang chủ/userName' is visible

12-10-2024T23:09:34 - [TEST_STEP][PASSED] - callTestCase(findTestCase("Test Cases/Quản lý tài khoản merchant/Quản lý danh sách tài khoản/CustomFunctions Deposit"), [:], STOP_ON_FAILURE): Call Test Case 'Test Cases/Quản lý tài khoản merchant/Quản lý danh sách tài khoản/CustomFunctions Deposit' successfully

12-10-2024T23:09:34 - [TEST_CASE][PASSED] - Test Cases/Quản lý tài khoản merchant/Quản lý danh sách tài khoản/CustomFunctions Deposit: Test Cases/Quản lý tài khoản merchant/Quản lý danh sách tài khoản/CustomFunctions Deposit

12-10-2024T23:09:34 - [TEST_STEP][PASSED] - driver = getWebDriver(): null

12-10-2024T23:09:34 - [TEST_STEP][PASSED] - element1 = driver.findElement(By.xpath("//span[contains(text(),'Quản lý tài khoản merchant')]")): null

12-10-2024T23:09:34 - [TEST_STEP][PASSED] - actions = new org.openqa.selenium.interactions.Actions(driver): null

12-10-2024T23:09:34 - [TEST_STEP][PASSED] - click().perform(): null

12-10-2024T23:09:34 - [TEST_STEP][PASSED] - wait = new org.openqa.selenium.support.ui.WebDriverWait(com.kms.katalon.core.webui.driver.DriverFactory.getWebDriver(), 15): null

12-10-2024T23:09:34 - [TEST_STEP][PASSED] - xpath(xpathManagerListAccount))).click(): null

12-10-2024T23:09:35 - [MESSAGE][PASSED] - Call Test Case 'Test Cases/Quản lý tài khoản merchant/Quản lý danh sách tài khoản/CustomFunctions Deposit' successfully

12-10-2024T23:09:35 - [TEST_STEP][PASSED] - wait = new org.openqa.selenium.support.ui.WebDriverWait(com.kms.katalon.core.webui.driver.DriverFactory.getWebDriver(), 20): null

12-10-2024T23:09:35 - [TEST_STEP][PASSED] - userCode = wait.until(ExpectedConditions.visibilityOfElementLocated(By.xpath(xpathUserCode))): null

12-10-2024T23:09:38 - [TEST_STEP][PASSED] - println(userCode.getText()): null

12-10-2024T23:09:38 - [TEST_STEP][PASSED] - xpath(xpathBtnAccount))).click(): null

12-10-2024T23:09:38 - [TEST_STEP][PASSED] - searchTextbox = wait.until(ExpectedConditions.elementToBeClickable(By.xpath(xpathSearchTextbox))): null

12-10-2024T23:09:39 - [TEST_STEP][PASSED] - searchTextbox.sendKeys("dannt11"): null

12-10-2024T23:09:39 - [TEST_STEP][PASSED] - xpath(xpathOption)).click(): null

12-10-2024T23:09:39 - [TEST_STEP][PASSED] - xpath(xpathBtnSearch)).click(): null

12-10-2024T23:09:39 - [TEST_STEP][PASSED] - wait.until(ExpectedConditions.visibilityOfElementLocated(By.xpath(xpathAccountName))): null

12-10-2024T23:09:40 - [TEST_STEP][PASSED] - startElement = driver.findElement(By.xpath("//strong[contains(text(),'Thu hộ:')]")): null

12-10-2024T23:09:41 - [TEST_STEP][PASSED] - js = driver: null

12-10-2024T23:09:41 - [TEST_STEP][PASSED] - script = "return arguments[0].nextSibling.textContent;": null

12-10-2024T23:09:41 - [TEST_STEP][PASSED] - nextTextNodeContent = js.executeScript(script, startElement): null

12-10-2024T23:09:41 - [TEST_STEP][PASSED] - out.println("Thu ho " + nextTextNodeContent): null

12-10-2024T23:09:41 - [TEST_STEP][PASSED] - numericString = nextTextNodeContent.replaceAll("[^0-9]", ""): null

12-10-2024T23:09:41 - [TEST_STEP][PASSED] - thuHo = Integer.parseInt(numericString): null

12-10-2024T23:09:41 - [TEST_STEP][PASSED] - out.println("Thu ho " + thuHo): null

12-10-2024T23:09:41 - [TEST_STEP][PASSED] - xpath(xpathBtnDeposit)).click(): null

12-10-2024T23:09:41 - [TEST_STEP][PASSED] - wait.until(ExpectedConditions.visibilityOfElementLocated(By.xpath(xpathTextAccount))): null

12-10-2024T23:09:52 - [TEST_STEP][PASSED] - xpath(xpathChonVi)).click(): null

12-10-2024T23:09:53 - [TEST_STEP][PASSED] - xpath(xpathThuHo3)).click(): null

12-10-2024T23:09:53 - [TEST_STEP][PASSED] - xpath(xpathDay)).click(): null

12-10-2024T23:09:53 - [TEST_STEP][PASSED] - xpath(xpathHomNay)).click(): null

12-10-2024T23:09:54 - [TEST_STEP][PASSED] - xpath(xpathBtnContinue)).click(): null

12-10-2024T23:09:54 - [TEST_STEP][PASSED] - try: null

12-10-2024T23:09:54 - [TEST_STEP][PASSED] - popupDS = wait.until(ExpectedConditions.visibilityOfElementLocated(By.xpath("//p[contains(text(),'Đã tồn tại kỳ đối soát trước đó, Bạn có chắc chắn ')]"))): null

12-10-2024T23:09:55 - [TEST_STEP][PASSED] - Assert.assertEquals(popupDS.getText(), "Đã tồn tại kỳ đối soát trước đó, Bạn có chắc chắn muốn tiếp tục thực hiện giao dịch?"): null

12-10-2024T23:09:55 - [TEST_STEP][PASSED] - xpath("//button[contains(text(),'Đồng ý')]")).click(): null

12-10-2024T23:09:55 - [TEST_STEP][PASSED] - xpath(xpathDepositTextbox)).sendKeys("150000"): null

12-10-2024T23:09:56 - [TEST_STEP][PASSED] - xpath(xpathButtonSubmit)).click(): null

12-10-2024T23:09:56 - [TEST_STEP][PASSED] - wait.until(ExpectedConditions.elementToBeClickable(By.xpath(xpathButtonApprove))): null

12-10-2024T23:09:57 - [TEST_STEP][PASSED] - approveDps = driver.findElement(By.xpath(xpathButtonApprove)): null

12-10-2024T23:09:57 - [TEST_STEP][PASSED] - js.executeScript("arguments[0].scrollIntoView(false);", approveDps): null

12-10-2024T23:09:57 - [TEST_STEP][PASSED] - approveDps.click(): null

12-10-2024T23:09:57 - [TEST_STEP][PASSED] - Thread.sleep(1000): null

12-10-2024T23:09:58 - [TEST_STEP][PASSED] - xpath(xpathCfBtn)).click(): null

12-10-2024T23:09:59 - [TEST_STEP][PASSED] - xpath(xpathBtnOk)).click(): null

12-10-2024T23:10:00 - [TEST_STEP][PASSED] - navigate().refresh(): null

12-10-2024T23:10:00 - [TEST_STEP][PASSED] - wait.until(ExpectedConditions.visibilityOfElementLocated(By.xpath(xpathTextAfterAccept))): null

12-10-2024T23:10:00 - [TEST_STEP][PASSED] - thuHoi = driver.findElement(By.xpath(xpathThuHoi)): null

12-10-2024T23:10:01 - [TEST_STEP][PASSED] - js.executeScript("arguments[0].scrollIntoView(false);", thuHoi): null

12-10-2024T23:10:01 - [TEST_STEP][PASSED] - thuHoi.click(): null

12-10-2024T23:10:01 - [TEST_STEP][PASSED] - xpath("//input[@placeholder='Nội dung']")).sendKeys("Test"): null

12-10-2024T23:10:02 - [TEST_STEP][PASSED] - xpath("//button[contains(text(),'Cập nhật')]")).click(): null

12-10-2024T23:10:02 - [TEST_STEP][PASSED] - xpath("//button[normalize-space()='Ok']")).click(): null

12-10-2024T23:10:05 - [TEST_STEP][PASSED] - callTestCase(findTestCase("Test Cases/Quản lý tài khoản merchant/Quản lý danh sách tài khoản/CustomFunctions.groovy"), [:], STOP_ON_FAILURE): Call Test Case 'Test Cases/Quản lý tài khoản merchant/Quản lý danh sách tài khoản/CustomFunctions.groovy' successfully

12-10-2024T23:10:05 - [TEST_CASE][PASSED] - Test Cases/Quản lý tài khoản merchant/Quản lý danh sách tài khoản/CustomFunctions.groovy: Test Cases/Quản lý tài khoản merchant/Quản lý danh sách tài khoản/CustomFunctions.groovy

12-10-2024T23:10:05 - [TEST_STEP][PASSED] - driver = getWebDriver(): null

12-10-2024T23:10:05 - [TEST_STEP][PASSED] - sleep(2000): null

12-10-2024T23:10:07 - [TEST_STEP][PASSED] - element1 = driver.findElement(By.xpath(xpathManagerMC)): null

12-10-2024T23:10:07 - [TEST_STEP][PASSED] - actions = new org.openqa.selenium.interactions.Actions(driver): null

12-10-2024T23:10:07 - [TEST_STEP][PASSED] - click().perform(): null

12-10-2024T23:10:07 - [TEST_STEP][PASSED] - wait = new org.openqa.selenium.support.ui.WebDriverWait(com.kms.katalon.core.webui.driver.DriverFactory.getWebDriver(), 20): null

12-10-2024T23:10:07 - [TEST_STEP][PASSED] - element2 = wait.until(ExpectedConditions.elementToBeClickable(By.xpath(xpathManagerListAccount))): null

12-10-2024T23:10:08 - [TEST_STEP][PASSED] - click().perform(): null

12-10-2024T23:10:08 - [TEST_STEP][PASSED] - wait.until(ExpectedConditions.visibilityOfElementLocated(By.xpath(xpathUserCode))): null

12-10-2024T23:10:17 - [TEST_STEP][PASSED] - xpath(xpathBtnAccount))).click(): null

12-10-2024T23:10:17 - [TEST_STEP][PASSED] - searchTextbox = wait.until(ExpectedConditions.elementToBeClickable(By.xpath(xpathSearchTextbox))): null

12-10-2024T23:10:17 - [TEST_STEP][PASSED] - searchTextbox.sendKeys("dannt11"): null

12-10-2024T23:10:17 - [TEST_STEP][PASSED] - xpath(xpathOption)).click(): null

12-10-2024T23:10:18 - [TEST_STEP][PASSED] - xpath(xpathBtnSearch)).click(): null

12-10-2024T23:10:18 - [TEST_STEP][PASSED] - Assert.assertEquals(xpath(xpathAccountName)).getText(), username): null

12-10-2024T23:10:19 - [TEST_STEP][PASSED] - xpath(xpathUser)).click(): null

12-10-2024T23:10:19 - [TEST_STEP][PASSED] - xpath(xpathSearchTextbox)).sendKeys("dannt21"): null

12-10-2024T23:10:20 - [TEST_STEP][PASSED] - xpath(xpathClicked)).click(): null

12-10-2024T23:10:20 - [TEST_STEP][PASSED] - xpath(xpathBtnSearch)).click(): null

12-10-2024T23:10:20 - [MESSAGE][PASSED] - Call Test Case 'Test Cases/Quản lý tài khoản merchant/Quản lý danh sách tài khoản/CustomFunctions.groovy' successfully

12-10-2024T23:10:20 - [TEST_STEP][PASSED] - startElementAf = driver.findElement(By.xpath(xpathThuHoBtn)): null

12-10-2024T23:10:21 - [TEST_STEP][PASSED] - jsAf = driver: null

12-10-2024T23:10:21 - [TEST_STEP][PASSED] - scriptAf = "return arguments[0].nextSibling.textContent;": null

12-10-2024T23:10:21 - [TEST_STEP][PASSED] - balanceStrAf = jsAf.executeScript(scriptAf, startElementAf): null

12-10-2024T23:10:21 - [TEST_STEP][PASSED] - numericStringAf = balanceStrAf.replaceAll("[^0-9]", ""): null

12-10-2024T23:10:21 - [TEST_STEP][PASSED] - balanceAf = Integer.parseInt(numericStringAf): null

12-10-2024T23:10:21 - [TEST_STEP][PASSED] - out.println("Thu ho " + balanceAf): null

12-10-2024T23:10:21 - [TEST_STEP][PASSED] - if (balanceAf == thuHo): Test case đã pass với số tiền đã được cộng đúng.

12-10-2024T23:10:21 - [TEST_STEP][PASSED] - println("Số tiền đã đúng "): null

12-10-2024T23:10:21 - [TEST_STEP][PASSED] - markPassed("Test case đã pass với số tiền đã được cộng đúng."): Test case đã pass với số tiền đã được cộng đúng.

12-10-2024T23:10:21 - [MESSAGE][PASSED] - Test case đã pass với số tiền đã được cộng đúng.

12-10-2024T23:10:21 - [TEST_STEP][PASSED] - Start listener action : sampleAfterTestCase: null

12-10-2024T23:10:21 - [TEST_STEP][PASSED] - testCaseId = testCaseContext.getTestCaseId(): null

12-10-2024T23:10:21 - [TEST_STEP][PASSED] - if (testCaseId == "Test Cases/Quản lý tài khoản merchant/Quản lý dịch vụ merchant/TC_13_Kiểm tra chức năng xác nhận cấu hình thay đổi VA"): null]]></system-out>
         <system-err><![CDATA[]]></system-err>
      </testcase>
      <system-out><![CDATA[12-10-2024T23:02:30 - [TEST_SUITE][ERROR] - Nạp tiền: Test Cases/Quản lý tài khoản merchant/Quản lý danh sách tài khoản/Nạp tiền/TC_10_Kiểm tra khi chọn ví đúng và chọn loại giao dịch là hoàn phí FAILED.
Reason:
org.openqa.selenium.ElementNotInteractableException: element not interactable
  (Session info: chrome=129.0.6668.91)
Build info: version: '3.141.59', revision: 'unknown', time: 'unknown'
System info: host: 'Aidan', ip: '2405:4803:fd90:9ef0:35c5:6ea1:b1e8:64e8%en0', os.name: 'Mac OS X', os.arch: 'aarch64', os.version: '15.0.1', java.version: '17.0.7'
Driver info: com.kms.katalon.selenium.driver.CChromeDriver
Capabilities {acceptInsecureCerts: false, browserName: chrome, browserVersion: 129.0.6668.91, chrome: {chromedriverVersion: 128.0.6613.84 (606aa55c7d68..., userDataDir: /var/folders/t5/b7k67ybj7gz...}, fedcm:accounts: true, goog:chromeOptions: {debuggerAddress: localhost:55438}, javascriptEnabled: true, networkConnectionEnabled: false, pageLoadStrategy: normal, platform: MAC, platformName: MAC, proxy: Proxy(), setWindowRect: true, strictFileInteractability: false, timeouts: {implicit: 0, pageLoad: 300000, script: 30000}, unhandledPromptBehavior: dismiss and notify, webauthn:extension:credBlob: true, webauthn:extension:largeBlob: true, webauthn:extension:minPinLength: true, webauthn:extension:prf: true, webauthn:virtualAuthenticators: true}
Session ID: 039f5b6cde1ec52f02f005384f5df910
	at java.base/jdk.internal.reflect.NativeConstructorAccessorImpl.newInstance0(Native Method)
	at java.base/jdk.internal.reflect.NativeConstructorAccessorImpl.newInstance(NativeConstructorAccessorImpl.java:77)
	at java.base/jdk.internal.reflect.DelegatingConstructorAccessorImpl.newInstance(DelegatingConstructorAccessorImpl.java:45)
	at org.openqa.selenium.remote.http.W3CHttpResponseCodec.createException(W3CHttpResponseCodec.java:187)
	at org.openqa.selenium.remote.http.W3CHttpResponseCodec.decode(W3CHttpResponseCodec.java:122)
	at org.openqa.selenium.remote.http.W3CHttpResponseCodec.decode(W3CHttpResponseCodec.java:49)
	at org.openqa.selenium.remote.HttpCommandExecutor.execute(HttpCommandExecutor.java:158)
	at org.openqa.selenium.remote.service.DriverCommandExecutor.execute(DriverCommandExecutor.java:83)
	at org.openqa.selenium.remote.RemoteWebDriver.execute(RemoteWebDriver.java:552)
	at com.kms.katalon.selenium.driver.CChromeDriver.execute(CChromeDriver.java:19)
	at org.openqa.selenium.remote.RemoteWebElement.execute(RemoteWebElement.java:285)
	at org.openqa.selenium.remote.RemoteWebElement.click(RemoteWebElement.java:84)
	at jdk.internal.reflect.GeneratedMethodAccessor12.invoke(Unknown Source)
	at java.base/jdk.internal.reflect.DelegatingMethodAccessorImpl.invoke(DelegatingMethodAccessorImpl.java:43)
	at org.openqa.selenium.support.events.EventFiringWebDriver$EventFiringWebElement.lambda$new$0(EventFiringWebDriver.java:404)
	at jdk.proxy2/jdk.proxy2.$Proxy23.click(Unknown Source)
	at org.openqa.selenium.support.events.EventFiringWebDriver$EventFiringWebElement.click(EventFiringWebDriver.java:417)
	at TC_10_Kiểm tra khi chọn ví đúng và chọn loại giao dịch là hoàn phí.run(TC_10_Kiểm tra khi chọn ví đúng và chọn loại giao dịch là hoàn phí:68)
	at com.kms.katalon.core.main.ScriptEngine.run(ScriptEngine.java:194)
	at com.kms.katalon.core.main.ScriptEngine.runScriptAsRawText(ScriptEngine.java:119)
	at com.kms.katalon.core.main.TestCaseExecutor.runScript(TestCaseExecutor.java:448)
	at com.kms.katalon.core.main.TestCaseExecutor.doExecute(TestCaseExecutor.java:439)
	at com.kms.katalon.core.main.TestCaseExecutor.processExecutionPhase(TestCaseExecutor.java:418)
	at com.kms.katalon.core.main.TestCaseExecutor.accessMainPhase(TestCaseExecutor.java:410)
	at com.kms.katalon.core.main.TestCaseExecutor.execute(TestCaseExecutor.java:285)
	at com.kms.katalon.core.common.CommonExecutor.accessTestCaseMainPhase(CommonExecutor.java:65)
	at com.kms.katalon.core.main.TestSuiteExecutor.accessTestSuiteMainPhase(TestSuiteExecutor.java:150)
	at com.kms.katalon.core.main.TestSuiteExecutor.execute(TestSuiteExecutor.java:106)
	at com.kms.katalon.core.main.TestCaseMain.startTestSuite(TestCaseMain.java:180)
	at TempTestSuite1728748944165.run(TempTestSuite1728748944165.groovy:35)
	at java.base/jdk.internal.reflect.NativeMethodAccessorImpl.invoke0(Native Method)
	at java.base/jdk.internal.reflect.NativeMethodAccessorImpl.invoke(NativeMethodAccessorImpl.java:77)
	at java.base/jdk.internal.reflect.DelegatingMethodAccessorImpl.invoke(DelegatingMethodAccessorImpl.java:43)]]></system-out>
      <system-err><![CDATA[12-10-2024T23:02:30 - [TEST_SUITE][ERROR] - Nạp tiền: Test Cases/Quản lý tài khoản merchant/Quản lý danh sách tài khoản/Nạp tiền/TC_10_Kiểm tra khi chọn ví đúng và chọn loại giao dịch là hoàn phí FAILED.
Reason:
org.openqa.selenium.ElementNotInteractableException: element not interactable
  (Session info: chrome=129.0.6668.91)
Build info: version: '3.141.59', revision: 'unknown', time: 'unknown'
System info: host: 'Aidan', ip: '2405:4803:fd90:9ef0:35c5:6ea1:b1e8:64e8%en0', os.name: 'Mac OS X', os.arch: 'aarch64', os.version: '15.0.1', java.version: '17.0.7'
Driver info: com.kms.katalon.selenium.driver.CChromeDriver
Capabilities {acceptInsecureCerts: false, browserName: chrome, browserVersion: 129.0.6668.91, chrome: {chromedriverVersion: 128.0.6613.84 (606aa55c7d68..., userDataDir: /var/folders/t5/b7k67ybj7gz...}, fedcm:accounts: true, goog:chromeOptions: {debuggerAddress: localhost:55438}, javascriptEnabled: true, networkConnectionEnabled: false, pageLoadStrategy: normal, platform: MAC, platformName: MAC, proxy: Proxy(), setWindowRect: true, strictFileInteractability: false, timeouts: {implicit: 0, pageLoad: 300000, script: 30000}, unhandledPromptBehavior: dismiss and notify, webauthn:extension:credBlob: true, webauthn:extension:largeBlob: true, webauthn:extension:minPinLength: true, webauthn:extension:prf: true, webauthn:virtualAuthenticators: true}
Session ID: 039f5b6cde1ec52f02f005384f5df910
	at java.base/jdk.internal.reflect.NativeConstructorAccessorImpl.newInstance0(Native Method)
	at java.base/jdk.internal.reflect.NativeConstructorAccessorImpl.newInstance(NativeConstructorAccessorImpl.java:77)
	at java.base/jdk.internal.reflect.DelegatingConstructorAccessorImpl.newInstance(DelegatingConstructorAccessorImpl.java:45)
	at org.openqa.selenium.remote.http.W3CHttpResponseCodec.createException(W3CHttpResponseCodec.java:187)
	at org.openqa.selenium.remote.http.W3CHttpResponseCodec.decode(W3CHttpResponseCodec.java:122)
	at org.openqa.selenium.remote.http.W3CHttpResponseCodec.decode(W3CHttpResponseCodec.java:49)
	at org.openqa.selenium.remote.HttpCommandExecutor.execute(HttpCommandExecutor.java:158)
	at org.openqa.selenium.remote.service.DriverCommandExecutor.execute(DriverCommandExecutor.java:83)
	at org.openqa.selenium.remote.RemoteWebDriver.execute(RemoteWebDriver.java:552)
	at com.kms.katalon.selenium.driver.CChromeDriver.execute(CChromeDriver.java:19)
	at org.openqa.selenium.remote.RemoteWebElement.execute(RemoteWebElement.java:285)
	at org.openqa.selenium.remote.RemoteWebElement.click(RemoteWebElement.java:84)
	at jdk.internal.reflect.GeneratedMethodAccessor12.invoke(Unknown Source)
	at java.base/jdk.internal.reflect.DelegatingMethodAccessorImpl.invoke(DelegatingMethodAccessorImpl.java:43)
	at org.openqa.selenium.support.events.EventFiringWebDriver$EventFiringWebElement.lambda$new$0(EventFiringWebDriver.java:404)
	at jdk.proxy2/jdk.proxy2.$Proxy23.click(Unknown Source)
	at org.openqa.selenium.support.events.EventFiringWebDriver$EventFiringWebElement.click(EventFiringWebDriver.java:417)
	at TC_10_Kiểm tra khi chọn ví đúng và chọn loại giao dịch là hoàn phí.run(TC_10_Kiểm tra khi chọn ví đúng và chọn loại giao dịch là hoàn phí:68)
	at com.kms.katalon.core.main.ScriptEngine.run(ScriptEngine.java:194)
	at com.kms.katalon.core.main.ScriptEngine.runScriptAsRawText(ScriptEngine.java:119)
	at com.kms.katalon.core.main.TestCaseExecutor.runScript(TestCaseExecutor.java:448)
	at com.kms.katalon.core.main.TestCaseExecutor.doExecute(TestCaseExecutor.java:439)
	at com.kms.katalon.core.main.TestCaseExecutor.processExecutionPhase(TestCaseExecutor.java:418)
	at com.kms.katalon.core.main.TestCaseExecutor.accessMainPhase(TestCaseExecutor.java:410)
	at com.kms.katalon.core.main.TestCaseExecutor.execute(TestCaseExecutor.java:285)
	at com.kms.katalon.core.common.CommonExecutor.accessTestCaseMainPhase(CommonExecutor.java:65)
	at com.kms.katalon.core.main.TestSuiteExecutor.accessTestSuiteMainPhase(TestSuiteExecutor.java:150)
	at com.kms.katalon.core.main.TestSuiteExecutor.execute(TestSuiteExecutor.java:106)
	at com.kms.katalon.core.main.TestCaseMain.startTestSuite(TestCaseMain.java:180)
	at TempTestSuite1728748944165.run(TempTestSuite1728748944165.groovy:35)
	at java.base/jdk.internal.reflect.NativeMethodAccessorImpl.invoke0(Native Method)
	at java.base/jdk.internal.reflect.NativeMethodAccessorImpl.invoke(NativeMethodAccessorImpl.java:77)
	at java.base/jdk.internal.reflect.DelegatingMethodAccessorImpl.invoke(DelegatingMethodAccessorImpl.java:43)]]></system-err>
   </testsuite>
</testsuites>
