<?xml version="1.0" encoding="UTF-8"?>
<testsuites name="Quản lý dịch vụ merchant" time="356.81" tests="20" failures="3" errors="1">
   <testsuite name="Quản lý dịch vụ merchant" tests="20" failures="3" errors="1" time="356.81" skipped="0" timestamp="16-10-2024T19:35:20" hostname="aidan - localhost" id="Test Suites/Quản lý tài khoản merchant/Quản lý dịch vụ merchant">
      <properties>
         <property name="deviceName" value=""/>
         <property name="devicePlatform"/>
         <property name="logFolder" value="/Users/aidan/Documents/Test9S/CMS9Pay_Final/Reports/20241016_193515/Qu\u1EA3n l\u00FD t\u00E0i kho\u1EA3n merchant/Qu\u1EA3n l\u00FD d\u1ECBch v\u1EE5 merchant/20241016_193516"/>
         <property name="logFiles" value="/Users/aidan/Documents/Test9S/CMS9Pay_Final/Reports/20241016_193515/Qu\u1EA3n l\u00FD t\u00E0i kho\u1EA3n merchant/Qu\u1EA3n l\u00FD d\u1ECBch v\u1EE5 merchant/20241016_193516/execution0.log"/>
         <property name="attachments" value=""/>
         <property name="hostName" value="aidan - localhost"/>
         <property name="os" value="Mac OS X 64bit"/>
         <property name="katalonVersion" value="9.7.2.223"/>
         <property name="browser" value="Chrome 130.0.0.0"/>
         <property name="hostAddress" value="127.0.0.1"/>
         <property name="sessionId" value="f7c0d0d224eb3b8b00e0b57beae197a9"/>
         <property name="seleniumVersion" value="3.141.59"/>
         <property name="proxyInformation" value="ProxyInformation { proxyOption=NO_PROXY, proxyServerType=HTTP, username=, password=********, proxyServerAddress=, proxyServerPort=0, executionList=&quot;&quot;, isApplyToDesiredCapabilities=true }"/>
         <property name="platform" value="Mac OS X"/>
      </properties>
      <testcase name="Test Cases/Quản lý tài khoản merchant/Quản lý dịch vụ merchant/TC_01_Kiểm tra chức năng search" time="13.188" classname="Test Cases/Quản lý tài khoản merchant/Quản lý dịch vụ merchant/TC_01_Kiểm tra chức năng search" status="PASSED">
         <system-out><![CDATA[16-10-2024T19:35:21 - [TEST_CASE][PASSED] - Test Cases/Quản lý tài khoản merchant/Quản lý dịch vụ merchant/TC_01_Kiểm tra chức năng search: Test Cases/Quản lý tài khoản merchant/Quản lý dịch vụ merchant/TC_01_Kiểm tra chức năng search

16-10-2024T19:35:21 - [TEST_STEP][PASSED] - Start listener action : sampleBeforeTestCase: Navigate to 'https://stg-cms-console.9pay.mobi/login' successfully

16-10-2024T19:35:21 - [TEST_STEP][PASSED] - testCaseId = testCaseContext.getTestCaseId(): null

16-10-2024T19:35:21 - [TEST_STEP][PASSED] - url = <not implemented yet for class: org.codehaus.groovy.ast.expr.EmptyExpression>: null

16-10-2024T19:35:21 - [TEST_STEP][PASSED] - if (testCaseId == "Test Cases/Quản lý tài khoản merchant/Quản lý dịch vụ merchant/TC_14_Kiểm tra thay đổi sau khi cấu hình VA trên MCV"): null

16-10-2024T19:35:21 - [TEST_STEP][PASSED] - else: null

16-10-2024T19:35:21 - [TEST_STEP][PASSED] - url = "https://stg-cms-console.9pay.mobi/login": null

16-10-2024T19:35:21 - [TEST_STEP][PASSED] - openBrowser(""): Browser is opened with url: ''

16-10-2024T19:35:21 - [MESSAGE][INFO] - Starting 'Chrome' driver

16-10-2024T19:35:21 - [MESSAGE][INFO] - Action delay is set to 0 milliseconds

16-10-2024T19:35:22 - [MESSAGE][PASSED] - Browser is opened with url: ''

16-10-2024T19:35:22 - [TEST_STEP][PASSED] - maximizeWindow(): Current window maximized

16-10-2024T19:35:22 - [MESSAGE][PASSED] - Current window maximized

16-10-2024T19:35:22 - [TEST_STEP][PASSED] - navigateToUrl(url): Navigate to 'https://stg-cms-console.9pay.mobi/login' successfully

16-10-2024T19:35:23 - [MESSAGE][PASSED] - Navigate to 'https://stg-cms-console.9pay.mobi/login' successfully

16-10-2024T19:35:23 - [TEST_STEP][PASSED] - waitTime = Integer.parseInt(waitSecond): null

16-10-2024T19:35:23 - [TEST_STEP][PASSED] - callTestCase(findTestCase("Test Cases/Login/LoginCommon"), [:], STOP_ON_FAILURE): Call Test Case 'Test Cases/Login/LoginCommon' successfully

16-10-2024T19:35:23 - [TEST_CASE][PASSED] - Test Cases/Login/LoginCommon: Test Cases/Login/LoginCommon

16-10-2024T19:35:23 - [TEST_STEP][PASSED] - driver = getWebDriver(): null

16-10-2024T19:35:23 - [TEST_STEP][PASSED] - sendKeys(findTestObject("Quản lý tài khoản merchant/Quản lý dịch vụ merchant/userNameTextbox"), userAccount): Keys 'dannt@9pay.vn' sent to object: 'Object Repository/Quản lý tài khoản merchant/Quản lý dịch vụ merchant/userNameTextbox'

16-10-2024T19:35:25 - [MESSAGE][PASSED] - Keys 'dannt@9pay.vn' sent to object: 'Object Repository/Quản lý tài khoản merchant/Quản lý dịch vụ merchant/userNameTextbox'

16-10-2024T19:35:25 - [TEST_STEP][PASSED] - sendKeys(findTestObject("Quản lý tài khoản merchant/Quản lý dịch vụ merchant/passwordTextbox"), password): Keys 'dannt@9pay.vn' sent to object: 'Object Repository/Quản lý tài khoản merchant/Quản lý dịch vụ merchant/passwordTextbox'

16-10-2024T19:35:26 - [MESSAGE][PASSED] - Keys 'dannt@9pay.vn' sent to object: 'Object Repository/Quản lý tài khoản merchant/Quản lý dịch vụ merchant/passwordTextbox'

16-10-2024T19:35:26 - [TEST_STEP][PASSED] - click(findTestObject("Quản lý tài khoản merchant/Quản lý dịch vụ merchant/loginButton")): Object: 'Object Repository/Quản lý tài khoản merchant/Quản lý dịch vụ merchant/loginButton' is clicked on

16-10-2024T19:35:26 - [MESSAGE][PASSED] - Object: 'Object Repository/Quản lý tài khoản merchant/Quản lý dịch vụ merchant/loginButton' is clicked on

16-10-2024T19:35:26 - [MESSAGE][PASSED] - Call Test Case 'Test Cases/Login/LoginCommon' successfully

16-10-2024T19:35:26 - [TEST_STEP][PASSED] - waitForElementVisible(findTestObject("Trang chủ/userName"), waitTime, STOP_ON_FAILURE): Object 'Object Repository/Trang chủ/userName' is visible

16-10-2024T19:35:29 - [MESSAGE][PASSED] - Object 'Object Repository/Trang chủ/userName' is visible

16-10-2024T19:35:29 - [TEST_STEP][PASSED] - callTestCase(findTestCase("Test Cases/Quản lý tài khoản merchant/Quản lý danh sách tài khoản/CustomFunctions"), [:], STOP_ON_FAILURE): Call Test Case 'Test Cases/Quản lý tài khoản merchant/Quản lý danh sách tài khoản/CustomFunctions' successfully

16-10-2024T19:35:29 - [TEST_CASE][PASSED] - Test Cases/Quản lý tài khoản merchant/Quản lý danh sách tài khoản/CustomFunctions: Test Cases/Quản lý tài khoản merchant/Quản lý danh sách tài khoản/CustomFunctions

16-10-2024T19:35:29 - [TEST_STEP][PASSED] - driver = getWebDriver(): null

16-10-2024T19:35:29 - [TEST_STEP][PASSED] - sleep(2000): null

16-10-2024T19:35:31 - [TEST_STEP][PASSED] - element1 = driver.findElement(By.xpath(xpathManagerMC)): null

16-10-2024T19:35:32 - [TEST_STEP][PASSED] - actions = new org.openqa.selenium.interactions.Actions(driver): null

16-10-2024T19:35:32 - [TEST_STEP][PASSED] - click().perform(): null

16-10-2024T19:35:32 - [TEST_STEP][PASSED] - wait = new org.openqa.selenium.support.ui.WebDriverWait(com.kms.katalon.core.webui.driver.DriverFactory.getWebDriver(), 30): null

16-10-2024T19:35:32 - [TEST_STEP][PASSED] - element2 = wait.until(ExpectedConditions.elementToBeClickable(By.xpath(xpathManagerServiceMC))): null

16-10-2024T19:35:32 - [TEST_STEP][PASSED] - click().perform(): null

16-10-2024T19:35:32 - [MESSAGE][PASSED] - Call Test Case 'Test Cases/Quản lý tài khoản merchant/Quản lý danh sách tài khoản/CustomFunctions' successfully

16-10-2024T19:35:32 - [TEST_STEP][PASSED] - verifyElementPresent(findTestObject("Quản lý tài khoản merchant/Quản lý dịch vụ merchant/headerMenu"), 3): Object 'Object Repository/Quản lý tài khoản merchant/Quản lý dịch vụ merchant/headerMenu' is present

16-10-2024T19:35:34 - [MESSAGE][PASSED] - Object 'Object Repository/Quản lý tài khoản merchant/Quản lý dịch vụ merchant/headerMenu' is present

16-10-2024T19:35:34 - [TEST_STEP][PASSED] - Start listener action : sampleAfterTestCase: null

16-10-2024T19:35:34 - [TEST_STEP][PASSED] - testCaseId = testCaseContext.getTestCaseId(): null

16-10-2024T19:35:34 - [TEST_STEP][PASSED] - if (testCaseId == "Test Cases/Quản lý tài khoản merchant/Quản lý dịch vụ merchant/TC_13_Kiểm tra chức năng xác nhận cấu hình thay đổi VA"): null]]></system-out>
         <system-err><![CDATA[]]></system-err>
      </testcase>
      <testcase name="Test Cases/Quản lý tài khoản merchant/Quản lý dịch vụ merchant/TC_02_Kiểm tra chức năng search khi chọn dịch vụ là chi hộ" time="13.289" classname="Test Cases/Quản lý tài khoản merchant/Quản lý dịch vụ merchant/TC_02_Kiểm tra chức năng search khi chọn dịch vụ là chi hộ" status="PASSED">
         <system-out><![CDATA[16-10-2024T19:35:34 - [TEST_CASE][PASSED] - Test Cases/Quản lý tài khoản merchant/Quản lý dịch vụ merchant/TC_02_Kiểm tra chức năng search khi chọn dịch vụ là chi hộ: Test Cases/Quản lý tài khoản merchant/Quản lý dịch vụ merchant/TC_02_Kiểm tra chức năng search khi chọn dịch vụ là chi hộ

16-10-2024T19:35:34 - [TEST_STEP][PASSED] - Start listener action : sampleBeforeTestCase: Navigate to 'https://stg-cms-console.9pay.mobi/login' successfully

16-10-2024T19:35:34 - [TEST_STEP][PASSED] - testCaseId = testCaseContext.getTestCaseId(): null

16-10-2024T19:35:34 - [TEST_STEP][PASSED] - url = <not implemented yet for class: org.codehaus.groovy.ast.expr.EmptyExpression>: null

16-10-2024T19:35:34 - [TEST_STEP][PASSED] - if (testCaseId == "Test Cases/Quản lý tài khoản merchant/Quản lý dịch vụ merchant/TC_14_Kiểm tra thay đổi sau khi cấu hình VA trên MCV"): null

16-10-2024T19:35:34 - [TEST_STEP][PASSED] - else: null

16-10-2024T19:35:34 - [TEST_STEP][PASSED] - url = "https://stg-cms-console.9pay.mobi/login": null

16-10-2024T19:35:34 - [TEST_STEP][PASSED] - openBrowser(""): Browser is opened with url: ''

16-10-2024T19:35:34 - [MESSAGE][WARNING] - A browser is already opened. Closing browser and opening a new one

16-10-2024T19:35:34 - [MESSAGE][INFO] - Starting 'Chrome' driver

16-10-2024T19:35:34 - [MESSAGE][INFO] - Action delay is set to 0 milliseconds

16-10-2024T19:35:34 - [MESSAGE][PASSED] - Browser is opened with url: ''

16-10-2024T19:35:34 - [TEST_STEP][PASSED] - maximizeWindow(): Current window maximized

16-10-2024T19:35:35 - [MESSAGE][PASSED] - Current window maximized

16-10-2024T19:35:35 - [TEST_STEP][PASSED] - navigateToUrl(url): Navigate to 'https://stg-cms-console.9pay.mobi/login' successfully

16-10-2024T19:35:36 - [MESSAGE][PASSED] - Navigate to 'https://stg-cms-console.9pay.mobi/login' successfully

16-10-2024T19:35:37 - [TEST_STEP][PASSED] - waitTime = Integer.parseInt(waitSecond): null

16-10-2024T19:35:37 - [TEST_STEP][PASSED] - callTestCase(findTestCase("Test Cases/Login/LoginCommon"), [:], STOP_ON_FAILURE): Call Test Case 'Test Cases/Login/LoginCommon' successfully

16-10-2024T19:35:37 - [TEST_CASE][PASSED] - Test Cases/Login/LoginCommon: Test Cases/Login/LoginCommon

16-10-2024T19:35:37 - [TEST_STEP][PASSED] - driver = getWebDriver(): null

16-10-2024T19:35:37 - [TEST_STEP][PASSED] - sendKeys(findTestObject("Quản lý tài khoản merchant/Quản lý dịch vụ merchant/userNameTextbox"), userAccount): Keys 'dannt@9pay.vn' sent to object: 'Object Repository/Quản lý tài khoản merchant/Quản lý dịch vụ merchant/userNameTextbox'

16-10-2024T19:35:37 - [MESSAGE][PASSED] - Keys 'dannt@9pay.vn' sent to object: 'Object Repository/Quản lý tài khoản merchant/Quản lý dịch vụ merchant/userNameTextbox'

16-10-2024T19:35:37 - [TEST_STEP][PASSED] - sendKeys(findTestObject("Quản lý tài khoản merchant/Quản lý dịch vụ merchant/passwordTextbox"), password): Keys 'dannt@9pay.vn' sent to object: 'Object Repository/Quản lý tài khoản merchant/Quản lý dịch vụ merchant/passwordTextbox'

16-10-2024T19:35:37 - [MESSAGE][PASSED] - Keys 'dannt@9pay.vn' sent to object: 'Object Repository/Quản lý tài khoản merchant/Quản lý dịch vụ merchant/passwordTextbox'

16-10-2024T19:35:37 - [TEST_STEP][PASSED] - click(findTestObject("Quản lý tài khoản merchant/Quản lý dịch vụ merchant/loginButton")): Object: 'Object Repository/Quản lý tài khoản merchant/Quản lý dịch vụ merchant/loginButton' is clicked on

16-10-2024T19:35:37 - [MESSAGE][PASSED] - Object: 'Object Repository/Quản lý tài khoản merchant/Quản lý dịch vụ merchant/loginButton' is clicked on

16-10-2024T19:35:37 - [MESSAGE][PASSED] - Call Test Case 'Test Cases/Login/LoginCommon' successfully

16-10-2024T19:35:37 - [TEST_STEP][PASSED] - waitForElementVisible(findTestObject("Trang chủ/userName"), waitTime, STOP_ON_FAILURE): Object 'Object Repository/Trang chủ/userName' is visible

16-10-2024T19:35:41 - [MESSAGE][PASSED] - Object 'Object Repository/Trang chủ/userName' is visible

16-10-2024T19:35:41 - [TEST_STEP][PASSED] - callTestCase(findTestCase("Test Cases/Quản lý tài khoản merchant/Quản lý danh sách tài khoản/CustomFunctions"), [:], STOP_ON_FAILURE): Call Test Case 'Test Cases/Quản lý tài khoản merchant/Quản lý danh sách tài khoản/CustomFunctions' successfully

16-10-2024T19:35:41 - [TEST_CASE][PASSED] - Test Cases/Quản lý tài khoản merchant/Quản lý danh sách tài khoản/CustomFunctions: Test Cases/Quản lý tài khoản merchant/Quản lý danh sách tài khoản/CustomFunctions

16-10-2024T19:35:41 - [TEST_STEP][PASSED] - driver = getWebDriver(): null

16-10-2024T19:35:41 - [TEST_STEP][PASSED] - sleep(2000): null

16-10-2024T19:35:43 - [TEST_STEP][PASSED] - element1 = driver.findElement(By.xpath(xpathManagerMC)): null

16-10-2024T19:35:43 - [TEST_STEP][PASSED] - actions = new org.openqa.selenium.interactions.Actions(driver): null

16-10-2024T19:35:43 - [TEST_STEP][PASSED] - click().perform(): null

16-10-2024T19:35:43 - [TEST_STEP][PASSED] - wait = new org.openqa.selenium.support.ui.WebDriverWait(com.kms.katalon.core.webui.driver.DriverFactory.getWebDriver(), 30): null

16-10-2024T19:35:43 - [TEST_STEP][PASSED] - element2 = wait.until(ExpectedConditions.elementToBeClickable(By.xpath(xpathManagerServiceMC))): null

16-10-2024T19:35:44 - [TEST_STEP][PASSED] - click().perform(): null

16-10-2024T19:35:44 - [MESSAGE][PASSED] - Call Test Case 'Test Cases/Quản lý tài khoản merchant/Quản lý danh sách tài khoản/CustomFunctions' successfully

16-10-2024T19:35:44 - [TEST_STEP][PASSED] - driver = getWebDriver(): null

16-10-2024T19:35:44 - [TEST_STEP][PASSED] - dropdown = driver.findElement(By.name("service_type")): null

16-10-2024T19:35:45 - [TEST_STEP][PASSED] - xpath("//option[@value='TRANSFER_BANK']")).click(): null

16-10-2024T19:35:45 - [TEST_STEP][PASSED] - click(findTestObject("Quản lý tài khoản merchant/Quản lý dịch vụ merchant/searchBtn")): Object: 'Object Repository/Quản lý tài khoản merchant/Quản lý dịch vụ merchant/searchBtn' is clicked on

16-10-2024T19:35:46 - [MESSAGE][PASSED] - Object: 'Object Repository/Quản lý tài khoản merchant/Quản lý dịch vụ merchant/searchBtn' is clicked on

16-10-2024T19:35:46 - [TEST_STEP][PASSED] - xpath = "//label[contains(@for, 'transfer_provider_EPAY')]": null

16-10-2024T19:35:46 - [TEST_STEP][PASSED] - elements = new java.util.ArrayList(): null

16-10-2024T19:35:46 - [TEST_STEP][PASSED] - elements = driver.findElements(By.xpath(xpath)): null

16-10-2024T19:35:47 - [TEST_STEP][PASSED] - println("Số lượng phần tử: " + elements.size()): null

16-10-2024T19:35:47 - [TEST_STEP][PASSED] - expectedElements = 25: null

16-10-2024T19:35:47 - [TEST_STEP][PASSED] - if (elements.size() == expectedElements): Test case đã pass với số lượng icon đúng.

16-10-2024T19:35:47 - [TEST_STEP][PASSED] - println("Số lượng icon tìm thấy là đúng: " + elements.size()): null

16-10-2024T19:35:47 - [TEST_STEP][PASSED] - markPassed("Test case đã pass với số lượng icon đúng."): Test case đã pass với số lượng icon đúng.

16-10-2024T19:35:47 - [MESSAGE][PASSED] - Test case đã pass với số lượng icon đúng.

16-10-2024T19:35:47 - [TEST_STEP][PASSED] - Start listener action : sampleAfterTestCase: null

16-10-2024T19:35:47 - [TEST_STEP][PASSED] - testCaseId = testCaseContext.getTestCaseId(): null

16-10-2024T19:35:47 - [TEST_STEP][PASSED] - if (testCaseId == "Test Cases/Quản lý tài khoản merchant/Quản lý dịch vụ merchant/TC_13_Kiểm tra chức năng xác nhận cấu hình thay đổi VA"): null]]></system-out>
         <system-err><![CDATA[]]></system-err>
      </testcase>
      <testcase name="Test Cases/Quản lý tài khoản merchant/Quản lý dịch vụ merchant/TC_03_Kiểm tra chức năng search khi chọn dịch vụ là chi hộ và Active" time="19.084" classname="Test Cases/Quản lý tài khoản merchant/Quản lý dịch vụ merchant/TC_03_Kiểm tra chức năng search khi chọn dịch vụ là chi hộ và Active" status="PASSED">
         <system-out><![CDATA[16-10-2024T19:35:47 - [TEST_CASE][PASSED] - Test Cases/Quản lý tài khoản merchant/Quản lý dịch vụ merchant/TC_03_Kiểm tra chức năng search khi chọn dịch vụ là chi hộ và Active: Test Cases/Quản lý tài khoản merchant/Quản lý dịch vụ merchant/TC_03_Kiểm tra chức năng search khi chọn dịch vụ là chi hộ và Active

16-10-2024T19:35:47 - [TEST_STEP][PASSED] - Start listener action : sampleBeforeTestCase: Navigate to 'https://stg-cms-console.9pay.mobi/login' successfully

16-10-2024T19:35:47 - [TEST_STEP][PASSED] - testCaseId = testCaseContext.getTestCaseId(): null

16-10-2024T19:35:47 - [TEST_STEP][PASSED] - url = <not implemented yet for class: org.codehaus.groovy.ast.expr.EmptyExpression>: null

16-10-2024T19:35:47 - [TEST_STEP][PASSED] - if (testCaseId == "Test Cases/Quản lý tài khoản merchant/Quản lý dịch vụ merchant/TC_14_Kiểm tra thay đổi sau khi cấu hình VA trên MCV"): null

16-10-2024T19:35:47 - [TEST_STEP][PASSED] - else: null

16-10-2024T19:35:47 - [TEST_STEP][PASSED] - url = "https://stg-cms-console.9pay.mobi/login": null

16-10-2024T19:35:47 - [TEST_STEP][PASSED] - openBrowser(""): Browser is opened with url: ''

16-10-2024T19:35:47 - [MESSAGE][WARNING] - A browser is already opened. Closing browser and opening a new one

16-10-2024T19:35:47 - [MESSAGE][INFO] - Starting 'Chrome' driver

16-10-2024T19:35:47 - [MESSAGE][INFO] - Action delay is set to 0 milliseconds

16-10-2024T19:35:48 - [MESSAGE][PASSED] - Browser is opened with url: ''

16-10-2024T19:35:48 - [TEST_STEP][PASSED] - maximizeWindow(): Current window maximized

16-10-2024T19:35:48 - [MESSAGE][PASSED] - Current window maximized

16-10-2024T19:35:48 - [TEST_STEP][PASSED] - navigateToUrl(url): Navigate to 'https://stg-cms-console.9pay.mobi/login' successfully

16-10-2024T19:35:49 - [MESSAGE][PASSED] - Navigate to 'https://stg-cms-console.9pay.mobi/login' successfully

16-10-2024T19:35:49 - [TEST_STEP][PASSED] - waitTime = Integer.parseInt(waitSecond): null

16-10-2024T19:35:49 - [TEST_STEP][PASSED] - callTestCase(findTestCase("Test Cases/Login/LoginCommon"), [:], STOP_ON_FAILURE): Call Test Case 'Test Cases/Login/LoginCommon' successfully

16-10-2024T19:35:50 - [TEST_CASE][PASSED] - Test Cases/Login/LoginCommon: Test Cases/Login/LoginCommon

16-10-2024T19:35:50 - [TEST_STEP][PASSED] - driver = getWebDriver(): null

16-10-2024T19:35:50 - [TEST_STEP][PASSED] - sendKeys(findTestObject("Quản lý tài khoản merchant/Quản lý dịch vụ merchant/userNameTextbox"), userAccount): Keys 'dannt@9pay.vn' sent to object: 'Object Repository/Quản lý tài khoản merchant/Quản lý dịch vụ merchant/userNameTextbox'

16-10-2024T19:35:50 - [MESSAGE][PASSED] - Keys 'dannt@9pay.vn' sent to object: 'Object Repository/Quản lý tài khoản merchant/Quản lý dịch vụ merchant/userNameTextbox'

16-10-2024T19:35:50 - [TEST_STEP][PASSED] - sendKeys(findTestObject("Quản lý tài khoản merchant/Quản lý dịch vụ merchant/passwordTextbox"), password): Keys 'dannt@9pay.vn' sent to object: 'Object Repository/Quản lý tài khoản merchant/Quản lý dịch vụ merchant/passwordTextbox'

16-10-2024T19:35:50 - [MESSAGE][PASSED] - Keys 'dannt@9pay.vn' sent to object: 'Object Repository/Quản lý tài khoản merchant/Quản lý dịch vụ merchant/passwordTextbox'

16-10-2024T19:35:50 - [TEST_STEP][PASSED] - click(findTestObject("Quản lý tài khoản merchant/Quản lý dịch vụ merchant/loginButton")): Object: 'Object Repository/Quản lý tài khoản merchant/Quản lý dịch vụ merchant/loginButton' is clicked on

16-10-2024T19:35:50 - [MESSAGE][PASSED] - Object: 'Object Repository/Quản lý tài khoản merchant/Quản lý dịch vụ merchant/loginButton' is clicked on

16-10-2024T19:35:50 - [MESSAGE][PASSED] - Call Test Case 'Test Cases/Login/LoginCommon' successfully

16-10-2024T19:35:50 - [TEST_STEP][PASSED] - waitForElementVisible(findTestObject("Trang chủ/userName"), waitTime, STOP_ON_FAILURE): Object 'Object Repository/Trang chủ/userName' is visible

16-10-2024T19:35:56 - [MESSAGE][PASSED] - Object 'Object Repository/Trang chủ/userName' is visible

16-10-2024T19:35:56 - [TEST_STEP][PASSED] - callTestCase(findTestCase("Test Cases/Quản lý tài khoản merchant/Quản lý danh sách tài khoản/CustomFunctions"), [:], STOP_ON_FAILURE): Call Test Case 'Test Cases/Quản lý tài khoản merchant/Quản lý danh sách tài khoản/CustomFunctions' successfully

16-10-2024T19:35:56 - [TEST_CASE][PASSED] - Test Cases/Quản lý tài khoản merchant/Quản lý danh sách tài khoản/CustomFunctions: Test Cases/Quản lý tài khoản merchant/Quản lý danh sách tài khoản/CustomFunctions

16-10-2024T19:35:56 - [TEST_STEP][PASSED] - driver = getWebDriver(): null

16-10-2024T19:35:56 - [TEST_STEP][PASSED] - sleep(2000): null

16-10-2024T19:35:58 - [TEST_STEP][PASSED] - element1 = driver.findElement(By.xpath(xpathManagerMC)): null

16-10-2024T19:35:58 - [TEST_STEP][PASSED] - actions = new org.openqa.selenium.interactions.Actions(driver): null

16-10-2024T19:35:58 - [TEST_STEP][PASSED] - click().perform(): null

16-10-2024T19:35:58 - [TEST_STEP][PASSED] - wait = new org.openqa.selenium.support.ui.WebDriverWait(com.kms.katalon.core.webui.driver.DriverFactory.getWebDriver(), 30): null

16-10-2024T19:35:58 - [TEST_STEP][PASSED] - element2 = wait.until(ExpectedConditions.elementToBeClickable(By.xpath(xpathManagerServiceMC))): null

16-10-2024T19:35:59 - [TEST_STEP][PASSED] - click().perform(): null

16-10-2024T19:35:59 - [MESSAGE][PASSED] - Call Test Case 'Test Cases/Quản lý tài khoản merchant/Quản lý danh sách tài khoản/CustomFunctions' successfully

16-10-2024T19:35:59 - [TEST_STEP][PASSED] - driver = getWebDriver(): null

16-10-2024T19:35:59 - [TEST_STEP][PASSED] - dropdownService = driver.findElement(By.name("service_type")): null

16-10-2024T19:36:00 - [TEST_STEP][PASSED] - dropdownStt = driver.findElement(By.name("is_active")): null

16-10-2024T19:36:00 - [TEST_STEP][PASSED] - xpath("//option[@value='TRANSFER_BANK']")).click(): null

16-10-2024T19:36:00 - [TEST_STEP][PASSED] - xpath("//option[@value="1"]")).click(): null

16-10-2024T19:36:01 - [TEST_STEP][PASSED] - click(findTestObject("Quản lý tài khoản merchant/Quản lý dịch vụ merchant/searchBtn")): Object: 'Object Repository/Quản lý tài khoản merchant/Quản lý dịch vụ merchant/searchBtn' is clicked on

16-10-2024T19:36:01 - [MESSAGE][PASSED] - Object: 'Object Repository/Quản lý tài khoản merchant/Quản lý dịch vụ merchant/searchBtn' is clicked on

16-10-2024T19:36:01 - [TEST_STEP][PASSED] - xpathPayOn = "//label[contains(@for, 'transfer_provider_EPAY')]": null

16-10-2024T19:36:01 - [TEST_STEP][PASSED] - xpathSttActive = "//td//span[contains(text(),'Đang hoạt động')]": null

16-10-2024T19:36:01 - [TEST_STEP][PASSED] - PayOns = new java.util.ArrayList(): null

16-10-2024T19:36:01 - [TEST_STEP][PASSED] - SttActives = new java.util.ArrayList(): null

16-10-2024T19:36:01 - [TEST_STEP][PASSED] - PayOns = driver.findElements(By.xpath(xpathPayOn)): null

16-10-2024T19:36:06 - [TEST_STEP][PASSED] - SttActives = driver.findElements(By.xpath(xpathSttActive)): null

16-10-2024T19:36:06 - [TEST_STEP][PASSED] - println("Số lượng phần tử chi hộ: " + PayOns.size()): null

16-10-2024T19:36:06 - [TEST_STEP][PASSED] - println("Số lượng phần tử active là: " + SttActives.size()): null

16-10-2024T19:36:06 - [TEST_STEP][PASSED] - expectedElements = 25: null

16-10-2024T19:36:06 - [TEST_STEP][PASSED] - if (PayOns.size() == expectedElements && SttActives.size() == expectedElements): Test case đã pass với số lượng icon đúng.

16-10-2024T19:36:06 - [TEST_STEP][PASSED] - markPassed("Test case đã pass với số lượng icon đúng."): Test case đã pass với số lượng icon đúng.

16-10-2024T19:36:06 - [MESSAGE][PASSED] - Test case đã pass với số lượng icon đúng.

16-10-2024T19:36:06 - [TEST_STEP][PASSED] - Start listener action : sampleAfterTestCase: null

16-10-2024T19:36:06 - [TEST_STEP][PASSED] - testCaseId = testCaseContext.getTestCaseId(): null

16-10-2024T19:36:06 - [TEST_STEP][PASSED] - if (testCaseId == "Test Cases/Quản lý tài khoản merchant/Quản lý dịch vụ merchant/TC_13_Kiểm tra chức năng xác nhận cấu hình thay đổi VA"): null]]></system-out>
         <system-err><![CDATA[]]></system-err>
      </testcase>
      <testcase name="Test Cases/Quản lý tài khoản merchant/Quản lý dịch vụ merchant/TC_04_Kiểm tra chức năng search khi chọn dịch vụ là chi hộ và Inactive" time="13.383" classname="Test Cases/Quản lý tài khoản merchant/Quản lý dịch vụ merchant/TC_04_Kiểm tra chức năng search khi chọn dịch vụ là chi hộ và Inactive" status="PASSED">
         <system-out><![CDATA[16-10-2024T19:36:06 - [TEST_CASE][PASSED] - Test Cases/Quản lý tài khoản merchant/Quản lý dịch vụ merchant/TC_04_Kiểm tra chức năng search khi chọn dịch vụ là chi hộ và Inactive: Test Cases/Quản lý tài khoản merchant/Quản lý dịch vụ merchant/TC_04_Kiểm tra chức năng search khi chọn dịch vụ là chi hộ và Inactive

16-10-2024T19:36:06 - [TEST_STEP][PASSED] - Start listener action : sampleBeforeTestCase: Navigate to 'https://stg-cms-console.9pay.mobi/login' successfully

16-10-2024T19:36:06 - [TEST_STEP][PASSED] - testCaseId = testCaseContext.getTestCaseId(): null

16-10-2024T19:36:06 - [TEST_STEP][PASSED] - url = <not implemented yet for class: org.codehaus.groovy.ast.expr.EmptyExpression>: null

16-10-2024T19:36:06 - [TEST_STEP][PASSED] - if (testCaseId == "Test Cases/Quản lý tài khoản merchant/Quản lý dịch vụ merchant/TC_14_Kiểm tra thay đổi sau khi cấu hình VA trên MCV"): null

16-10-2024T19:36:06 - [TEST_STEP][PASSED] - else: null

16-10-2024T19:36:06 - [TEST_STEP][PASSED] - url = "https://stg-cms-console.9pay.mobi/login": null

16-10-2024T19:36:06 - [TEST_STEP][PASSED] - openBrowser(""): Browser is opened with url: ''

16-10-2024T19:36:06 - [MESSAGE][WARNING] - A browser is already opened. Closing browser and opening a new one

16-10-2024T19:36:06 - [MESSAGE][INFO] - Starting 'Chrome' driver

16-10-2024T19:36:06 - [MESSAGE][INFO] - Action delay is set to 0 milliseconds

16-10-2024T19:36:07 - [MESSAGE][PASSED] - Browser is opened with url: ''

16-10-2024T19:36:07 - [TEST_STEP][PASSED] - maximizeWindow(): Current window maximized

16-10-2024T19:36:07 - [MESSAGE][PASSED] - Current window maximized

16-10-2024T19:36:07 - [TEST_STEP][PASSED] - navigateToUrl(url): Navigate to 'https://stg-cms-console.9pay.mobi/login' successfully

16-10-2024T19:36:08 - [MESSAGE][PASSED] - Navigate to 'https://stg-cms-console.9pay.mobi/login' successfully

16-10-2024T19:36:08 - [TEST_STEP][PASSED] - waitTime = Integer.parseInt(waitSecond): null

16-10-2024T19:36:08 - [TEST_STEP][PASSED] - callTestCase(findTestCase("Test Cases/Login/LoginCommon"), [:], STOP_ON_FAILURE): Call Test Case 'Test Cases/Login/LoginCommon' successfully

16-10-2024T19:36:08 - [TEST_CASE][PASSED] - Test Cases/Login/LoginCommon: Test Cases/Login/LoginCommon

16-10-2024T19:36:08 - [TEST_STEP][PASSED] - driver = getWebDriver(): null

16-10-2024T19:36:08 - [TEST_STEP][PASSED] - sendKeys(findTestObject("Quản lý tài khoản merchant/Quản lý dịch vụ merchant/userNameTextbox"), userAccount): Keys 'dannt@9pay.vn' sent to object: 'Object Repository/Quản lý tài khoản merchant/Quản lý dịch vụ merchant/userNameTextbox'

16-10-2024T19:36:09 - [MESSAGE][PASSED] - Keys 'dannt@9pay.vn' sent to object: 'Object Repository/Quản lý tài khoản merchant/Quản lý dịch vụ merchant/userNameTextbox'

16-10-2024T19:36:09 - [TEST_STEP][PASSED] - sendKeys(findTestObject("Quản lý tài khoản merchant/Quản lý dịch vụ merchant/passwordTextbox"), password): Keys 'dannt@9pay.vn' sent to object: 'Object Repository/Quản lý tài khoản merchant/Quản lý dịch vụ merchant/passwordTextbox'

16-10-2024T19:36:09 - [MESSAGE][PASSED] - Keys 'dannt@9pay.vn' sent to object: 'Object Repository/Quản lý tài khoản merchant/Quản lý dịch vụ merchant/passwordTextbox'

16-10-2024T19:36:09 - [TEST_STEP][PASSED] - click(findTestObject("Quản lý tài khoản merchant/Quản lý dịch vụ merchant/loginButton")): Object: 'Object Repository/Quản lý tài khoản merchant/Quản lý dịch vụ merchant/loginButton' is clicked on

16-10-2024T19:36:09 - [MESSAGE][PASSED] - Object: 'Object Repository/Quản lý tài khoản merchant/Quản lý dịch vụ merchant/loginButton' is clicked on

16-10-2024T19:36:09 - [MESSAGE][PASSED] - Call Test Case 'Test Cases/Login/LoginCommon' successfully

16-10-2024T19:36:09 - [TEST_STEP][PASSED] - waitForElementVisible(findTestObject("Trang chủ/userName"), waitTime, STOP_ON_FAILURE): Object 'Object Repository/Trang chủ/userName' is visible

16-10-2024T19:36:13 - [MESSAGE][PASSED] - Object 'Object Repository/Trang chủ/userName' is visible

16-10-2024T19:36:13 - [TEST_STEP][PASSED] - callTestCase(findTestCase("Test Cases/Quản lý tài khoản merchant/Quản lý danh sách tài khoản/CustomFunctions"), [:], STOP_ON_FAILURE): Call Test Case 'Test Cases/Quản lý tài khoản merchant/Quản lý danh sách tài khoản/CustomFunctions' successfully

16-10-2024T19:36:13 - [TEST_CASE][PASSED] - Test Cases/Quản lý tài khoản merchant/Quản lý danh sách tài khoản/CustomFunctions: Test Cases/Quản lý tài khoản merchant/Quản lý danh sách tài khoản/CustomFunctions

16-10-2024T19:36:13 - [TEST_STEP][PASSED] - driver = getWebDriver(): null

16-10-2024T19:36:13 - [TEST_STEP][PASSED] - sleep(2000): null

16-10-2024T19:36:15 - [TEST_STEP][PASSED] - element1 = driver.findElement(By.xpath(xpathManagerMC)): null

16-10-2024T19:36:15 - [TEST_STEP][PASSED] - actions = new org.openqa.selenium.interactions.Actions(driver): null

16-10-2024T19:36:15 - [TEST_STEP][PASSED] - click().perform(): null

16-10-2024T19:36:16 - [TEST_STEP][PASSED] - wait = new org.openqa.selenium.support.ui.WebDriverWait(com.kms.katalon.core.webui.driver.DriverFactory.getWebDriver(), 30): null

16-10-2024T19:36:16 - [TEST_STEP][PASSED] - element2 = wait.until(ExpectedConditions.elementToBeClickable(By.xpath(xpathManagerServiceMC))): null

16-10-2024T19:36:16 - [TEST_STEP][PASSED] - click().perform(): null

16-10-2024T19:36:16 - [MESSAGE][PASSED] - Call Test Case 'Test Cases/Quản lý tài khoản merchant/Quản lý danh sách tài khoản/CustomFunctions' successfully

16-10-2024T19:36:16 - [TEST_STEP][PASSED] - driver = getWebDriver(): null

16-10-2024T19:36:16 - [TEST_STEP][PASSED] - dropdownService = driver.findElement(By.name("service_type")): null

16-10-2024T19:36:17 - [TEST_STEP][PASSED] - dropdownStt = driver.findElement(By.name("is_active")): null

16-10-2024T19:36:18 - [TEST_STEP][PASSED] - xpath("//option[@value='TRANSFER_BANK']")).click(): null

16-10-2024T19:36:18 - [TEST_STEP][PASSED] - xpath("//option[@value="0"]")).click(): null

16-10-2024T19:36:18 - [TEST_STEP][PASSED] - click(findTestObject("Quản lý tài khoản merchant/Quản lý dịch vụ merchant/searchBtn")): Object: 'Object Repository/Quản lý tài khoản merchant/Quản lý dịch vụ merchant/searchBtn' is clicked on

16-10-2024T19:36:19 - [MESSAGE][PASSED] - Object: 'Object Repository/Quản lý tài khoản merchant/Quản lý dịch vụ merchant/searchBtn' is clicked on

16-10-2024T19:36:19 - [TEST_STEP][PASSED] - xpathPayOn = "//label[contains(@for, 'transfer_provider_EPAY')]": null

16-10-2024T19:36:19 - [TEST_STEP][PASSED] - xpathSttInactive = "//td//span[contains(text(),'Không hoạt động')]": null

16-10-2024T19:36:19 - [TEST_STEP][PASSED] - PayOns = new java.util.ArrayList(): null

16-10-2024T19:36:19 - [TEST_STEP][PASSED] - SttInactives = new java.util.ArrayList(): null

16-10-2024T19:36:19 - [TEST_STEP][PASSED] - PayOns = driver.findElements(By.xpath(xpathPayOn)): null

16-10-2024T19:36:19 - [TEST_STEP][PASSED] - SttInactives = driver.findElements(By.xpath(xpathSttInactive)): null

16-10-2024T19:36:19 - [TEST_STEP][PASSED] - println("Số lượng phần tử chi hộ: " + PayOns.size()): null

16-10-2024T19:36:19 - [TEST_STEP][PASSED] - println("Số lượng phần tử active là: " + SttInactives.size()): null

16-10-2024T19:36:19 - [TEST_STEP][PASSED] - expectedElements = 0: null

16-10-2024T19:36:19 - [TEST_STEP][PASSED] - if (PayOns.size() == expectedElements && SttInactives.size() == expectedElements): Test case đã pass với số lượng icon đúng.

16-10-2024T19:36:19 - [TEST_STEP][PASSED] - markPassed("Test case đã pass với số lượng icon đúng."): Test case đã pass với số lượng icon đúng.

16-10-2024T19:36:19 - [MESSAGE][PASSED] - Test case đã pass với số lượng icon đúng.

16-10-2024T19:36:19 - [TEST_STEP][PASSED] - Start listener action : sampleAfterTestCase: null

16-10-2024T19:36:19 - [TEST_STEP][PASSED] - testCaseId = testCaseContext.getTestCaseId(): null

16-10-2024T19:36:19 - [TEST_STEP][PASSED] - if (testCaseId == "Test Cases/Quản lý tài khoản merchant/Quản lý dịch vụ merchant/TC_13_Kiểm tra chức năng xác nhận cấu hình thay đổi VA"): null]]></system-out>
         <system-err><![CDATA[]]></system-err>
      </testcase>
      <testcase name="Test Cases/Quản lý tài khoản merchant/Quản lý dịch vụ merchant/TC_05_kiểm tra chức năng search khi chọn dịch vụ là thu hộ IB" time="13.752" classname="Test Cases/Quản lý tài khoản merchant/Quản lý dịch vụ merchant/TC_05_kiểm tra chức năng search khi chọn dịch vụ là thu hộ IB" status="FAILED">
         <failure type="FAILED" message="Test Cases/Quản lý tài khoản merchant/Quản lý dịch vụ merchant/TC_05_kiểm tra chức năng search khi chọn dịch vụ là thu hộ IB FAILED.&#xa;Reason:&#xa;com.kms.katalon.core.exception.StepFailedException: Test case đã fail với số lượng icon không đúng.&#xa;	at com.kms.katalon.core.util.KeywordUtil.markFailed(KeywordUtil.java:19)&#xa;	at TC_05_kiểm tra chức năng search khi chọn dịch vụ là thu hộ IB.run(TC_05_kiểm tra chức năng search khi chọn dịch vụ là thu hộ IB:61)&#xa;	at com.kms.katalon.core.main.ScriptEngine.run(ScriptEngine.java:194)&#xa;	at com.kms.katalon.core.main.ScriptEngine.runScriptAsRawText(ScriptEngine.java:119)&#xa;	at com.kms.katalon.core.main.TestCaseExecutor.runScript(TestCaseExecutor.java:448)&#xa;	at com.kms.katalon.core.main.TestCaseExecutor.doExecute(TestCaseExecutor.java:439)&#xa;	at com.kms.katalon.core.main.TestCaseExecutor.processExecutionPhase(TestCaseExecutor.java:418)&#xa;	at com.kms.katalon.core.main.TestCaseExecutor.accessMainPhase(TestCaseExecutor.java:410)&#xa;	at com.kms.katalon.core.main.TestCaseExecutor.execute(TestCaseExecutor.java:285)&#xa;	at com.kms.katalon.core.common.CommonExecutor.accessTestCaseMainPhase(CommonExecutor.java:65)&#xa;	at com.kms.katalon.core.main.TestSuiteExecutor.accessTestSuiteMainPhase(TestSuiteExecutor.java:150)&#xa;	at com.kms.katalon.core.main.TestSuiteExecutor.execute(TestSuiteExecutor.java:106)&#xa;	at com.kms.katalon.core.main.TestCaseMain.startTestSuite(TestCaseMain.java:180)&#xa;	at TempTestSuite1729082116599.run(TempTestSuite1729082116599.groovy:35)&#xa;	at java.base/jdk.internal.reflect.NativeMethodAccessorImpl.invoke0(Native Method)&#xa;	at java.base/jdk.internal.reflect.NativeMethodAccessorImpl.invoke(NativeMethodAccessorImpl.java:77)&#xa;	at java.base/jdk.internal.reflect.DelegatingMethodAccessorImpl.invoke(DelegatingMethodAccessorImpl.java:43)&#xa;"/>
         <system-out><![CDATA[16-10-2024T19:36:19 - [TEST_CASE][FAILED] - Test Cases/Quản lý tài khoản merchant/Quản lý dịch vụ merchant/TC_05_kiểm tra chức năng search khi chọn dịch vụ là thu hộ IB: Test Cases/Quản lý tài khoản merchant/Quản lý dịch vụ merchant/TC_05_kiểm tra chức năng search khi chọn dịch vụ là thu hộ IB FAILED.
Reason:
com.kms.katalon.core.exception.StepFailedException: Test case đã fail với số lượng icon không đúng.
	at com.kms.katalon.core.util.KeywordUtil.markFailed(KeywordUtil.java:19)
	at TC_05_kiểm tra chức năng search khi chọn dịch vụ là thu hộ IB.run(TC_05_kiểm tra chức năng search khi chọn dịch vụ là thu hộ IB:61)
	at com.kms.katalon.core.main.ScriptEngine.run(ScriptEngine.java:194)
	at com.kms.katalon.core.main.ScriptEngine.runScriptAsRawText(ScriptEngine.java:119)
	at com.kms.katalon.core.main.TestCaseExecutor.runScript(TestCaseExecutor.java:448)
	at com.kms.katalon.core.main.TestCaseExecutor.doExecute(TestCaseExecutor.java:439)
	at com.kms.katalon.core.main.TestCaseExecutor.processExecutionPhase(TestCaseExecutor.java:418)
	at com.kms.katalon.core.main.TestCaseExecutor.accessMainPhase(TestCaseExecutor.java:410)
	at com.kms.katalon.core.main.TestCaseExecutor.execute(TestCaseExecutor.java:285)
	at com.kms.katalon.core.common.CommonExecutor.accessTestCaseMainPhase(CommonExecutor.java:65)
	at com.kms.katalon.core.main.TestSuiteExecutor.accessTestSuiteMainPhase(TestSuiteExecutor.java:150)
	at com.kms.katalon.core.main.TestSuiteExecutor.execute(TestSuiteExecutor.java:106)
	at com.kms.katalon.core.main.TestCaseMain.startTestSuite(TestCaseMain.java:180)
	at TempTestSuite1729082116599.run(TempTestSuite1729082116599.groovy:35)
	at java.base/jdk.internal.reflect.NativeMethodAccessorImpl.invoke0(Native Method)
	at java.base/jdk.internal.reflect.NativeMethodAccessorImpl.invoke(NativeMethodAccessorImpl.java:77)
	at java.base/jdk.internal.reflect.DelegatingMethodAccessorImpl.invoke(DelegatingMethodAccessorImpl.java:43)


16-10-2024T19:36:19 - [TEST_STEP][PASSED] - Start listener action : sampleBeforeTestCase: Navigate to 'https://stg-cms-console.9pay.mobi/login' successfully

16-10-2024T19:36:19 - [TEST_STEP][PASSED] - testCaseId = testCaseContext.getTestCaseId(): null

16-10-2024T19:36:19 - [TEST_STEP][PASSED] - url = <not implemented yet for class: org.codehaus.groovy.ast.expr.EmptyExpression>: null

16-10-2024T19:36:19 - [TEST_STEP][PASSED] - if (testCaseId == "Test Cases/Quản lý tài khoản merchant/Quản lý dịch vụ merchant/TC_14_Kiểm tra thay đổi sau khi cấu hình VA trên MCV"): null

16-10-2024T19:36:19 - [TEST_STEP][PASSED] - else: null

16-10-2024T19:36:19 - [TEST_STEP][PASSED] - url = "https://stg-cms-console.9pay.mobi/login": null

16-10-2024T19:36:19 - [TEST_STEP][PASSED] - openBrowser(""): Browser is opened with url: ''

16-10-2024T19:36:19 - [MESSAGE][WARNING] - A browser is already opened. Closing browser and opening a new one

16-10-2024T19:36:20 - [MESSAGE][INFO] - Starting 'Chrome' driver

16-10-2024T19:36:20 - [MESSAGE][INFO] - Action delay is set to 0 milliseconds

16-10-2024T19:36:20 - [MESSAGE][PASSED] - Browser is opened with url: ''

16-10-2024T19:36:20 - [TEST_STEP][PASSED] - maximizeWindow(): Current window maximized

16-10-2024T19:36:20 - [MESSAGE][PASSED] - Current window maximized

16-10-2024T19:36:20 - [TEST_STEP][PASSED] - navigateToUrl(url): Navigate to 'https://stg-cms-console.9pay.mobi/login' successfully

16-10-2024T19:36:25 - [MESSAGE][PASSED] - Navigate to 'https://stg-cms-console.9pay.mobi/login' successfully

16-10-2024T19:36:25 - [TEST_STEP][PASSED] - waitTime = Integer.parseInt(waitSecond): null

16-10-2024T19:36:25 - [TEST_STEP][PASSED] - callTestCase(findTestCase("Test Cases/Login/LoginCommon"), [:], STOP_ON_FAILURE): Call Test Case 'Test Cases/Login/LoginCommon' successfully

16-10-2024T19:36:25 - [TEST_CASE][PASSED] - Test Cases/Login/LoginCommon: Test Cases/Login/LoginCommon

16-10-2024T19:36:25 - [TEST_STEP][PASSED] - driver = getWebDriver(): null

16-10-2024T19:36:25 - [TEST_STEP][PASSED] - sendKeys(findTestObject("Quản lý tài khoản merchant/Quản lý dịch vụ merchant/userNameTextbox"), userAccount): Keys 'dannt@9pay.vn' sent to object: 'Object Repository/Quản lý tài khoản merchant/Quản lý dịch vụ merchant/userNameTextbox'

16-10-2024T19:36:25 - [MESSAGE][PASSED] - Keys 'dannt@9pay.vn' sent to object: 'Object Repository/Quản lý tài khoản merchant/Quản lý dịch vụ merchant/userNameTextbox'

16-10-2024T19:36:25 - [TEST_STEP][PASSED] - sendKeys(findTestObject("Quản lý tài khoản merchant/Quản lý dịch vụ merchant/passwordTextbox"), password): Keys 'dannt@9pay.vn' sent to object: 'Object Repository/Quản lý tài khoản merchant/Quản lý dịch vụ merchant/passwordTextbox'

16-10-2024T19:36:25 - [MESSAGE][PASSED] - Keys 'dannt@9pay.vn' sent to object: 'Object Repository/Quản lý tài khoản merchant/Quản lý dịch vụ merchant/passwordTextbox'

16-10-2024T19:36:25 - [TEST_STEP][PASSED] - click(findTestObject("Quản lý tài khoản merchant/Quản lý dịch vụ merchant/loginButton")): Object: 'Object Repository/Quản lý tài khoản merchant/Quản lý dịch vụ merchant/loginButton' is clicked on

16-10-2024T19:36:26 - [MESSAGE][PASSED] - Object: 'Object Repository/Quản lý tài khoản merchant/Quản lý dịch vụ merchant/loginButton' is clicked on

16-10-2024T19:36:26 - [MESSAGE][PASSED] - Call Test Case 'Test Cases/Login/LoginCommon' successfully

16-10-2024T19:36:26 - [TEST_STEP][PASSED] - waitForElementVisible(findTestObject("Trang chủ/userName"), waitTime, STOP_ON_FAILURE): Object 'Object Repository/Trang chủ/userName' is visible

16-10-2024T19:36:27 - [MESSAGE][PASSED] - Object 'Object Repository/Trang chủ/userName' is visible

16-10-2024T19:36:27 - [TEST_STEP][PASSED] - callTestCase(findTestCase("Test Cases/Quản lý tài khoản merchant/Quản lý danh sách tài khoản/CustomFunctions"), [:], STOP_ON_FAILURE): Call Test Case 'Test Cases/Quản lý tài khoản merchant/Quản lý danh sách tài khoản/CustomFunctions' successfully

16-10-2024T19:36:27 - [TEST_CASE][PASSED] - Test Cases/Quản lý tài khoản merchant/Quản lý danh sách tài khoản/CustomFunctions: Test Cases/Quản lý tài khoản merchant/Quản lý danh sách tài khoản/CustomFunctions

16-10-2024T19:36:27 - [TEST_STEP][PASSED] - driver = getWebDriver(): null

16-10-2024T19:36:27 - [TEST_STEP][PASSED] - sleep(2000): null

16-10-2024T19:36:29 - [TEST_STEP][PASSED] - element1 = driver.findElement(By.xpath(xpathManagerMC)): null

16-10-2024T19:36:30 - [TEST_STEP][PASSED] - actions = new org.openqa.selenium.interactions.Actions(driver): null

16-10-2024T19:36:30 - [TEST_STEP][PASSED] - click().perform(): null

16-10-2024T19:36:30 - [TEST_STEP][PASSED] - wait = new org.openqa.selenium.support.ui.WebDriverWait(com.kms.katalon.core.webui.driver.DriverFactory.getWebDriver(), 30): null

16-10-2024T19:36:30 - [TEST_STEP][PASSED] - element2 = wait.until(ExpectedConditions.elementToBeClickable(By.xpath(xpathManagerServiceMC))): null

16-10-2024T19:36:30 - [TEST_STEP][PASSED] - click().perform(): null

16-10-2024T19:36:30 - [MESSAGE][PASSED] - Call Test Case 'Test Cases/Quản lý tài khoản merchant/Quản lý danh sách tài khoản/CustomFunctions' successfully

16-10-2024T19:36:30 - [TEST_STEP][PASSED] - driver = getWebDriver(): null

16-10-2024T19:36:30 - [TEST_STEP][PASSED] - dropdown = driver.findElement(By.name("service_type")): null

16-10-2024T19:36:32 - [TEST_STEP][PASSED] - xpath("//option[@value='DEPOSIT_TRANSFER_IB']")).click(): null

16-10-2024T19:36:32 - [TEST_STEP][PASSED] - click(findTestObject("Quản lý tài khoản merchant/Quản lý dịch vụ merchant/searchBtn")): Object: 'Object Repository/Quản lý tài khoản merchant/Quản lý dịch vụ merchant/searchBtn' is clicked on

16-10-2024T19:36:32 - [MESSAGE][PASSED] - Object: 'Object Repository/Quản lý tài khoản merchant/Quản lý dịch vụ merchant/searchBtn' is clicked on

16-10-2024T19:36:32 - [TEST_STEP][PASSED] - xpath = "//th/span[@class='font-bold col-teal']/i[@class='material-icons' and text()='check_circle']": null

16-10-2024T19:36:32 - [TEST_STEP][PASSED] - elements = new java.util.ArrayList(): null

16-10-2024T19:36:32 - [TEST_STEP][PASSED] - elements = driver.findElements(By.xpath(xpath)): null

16-10-2024T19:36:33 - [TEST_STEP][PASSED] - println("Số lượng phần tử: " + elements.size()): null

16-10-2024T19:36:33 - [TEST_STEP][PASSED] - expectedElements = 24: null

16-10-2024T19:36:33 - [TEST_STEP][PASSED] - if (elements.size() == expectedElements): null

16-10-2024T19:36:33 - [TEST_STEP][FAILED] - else: Test case đã fail với số lượng icon không đúng.

16-10-2024T19:36:33 - [TEST_STEP][PASSED] - println("Số lượng icon tìm thấy không đúng. Số lượng thực tế: " + elements.size() + ", Số lượng mong đợi: " + expectedElements): null

16-10-2024T19:36:33 - [TEST_STEP][FAILED] - markFailed("Test case đã fail với số lượng icon không đúng."): Test case đã fail với số lượng icon không đúng.

16-10-2024T19:36:33 - [MESSAGE][FAILED] - Test case đã fail với số lượng icon không đúng.

16-10-2024T19:36:33 - [TEST_STEP][PASSED] - Start listener action : sampleAfterTestCase: null

16-10-2024T19:36:33 - [TEST_STEP][PASSED] - testCaseId = testCaseContext.getTestCaseId(): null

16-10-2024T19:36:33 - [TEST_STEP][PASSED] - if (testCaseId == "Test Cases/Quản lý tài khoản merchant/Quản lý dịch vụ merchant/TC_13_Kiểm tra chức năng xác nhận cấu hình thay đổi VA"): null]]></system-out>
         <system-err><![CDATA[16-10-2024T19:36:19 - [TEST_CASE][FAILED] - Test Cases/Quản lý tài khoản merchant/Quản lý dịch vụ merchant/TC_05_kiểm tra chức năng search khi chọn dịch vụ là thu hộ IB: Test Cases/Quản lý tài khoản merchant/Quản lý dịch vụ merchant/TC_05_kiểm tra chức năng search khi chọn dịch vụ là thu hộ IB FAILED.
Reason:
com.kms.katalon.core.exception.StepFailedException: Test case đã fail với số lượng icon không đúng.
	at com.kms.katalon.core.util.KeywordUtil.markFailed(KeywordUtil.java:19)
	at TC_05_kiểm tra chức năng search khi chọn dịch vụ là thu hộ IB.run(TC_05_kiểm tra chức năng search khi chọn dịch vụ là thu hộ IB:61)
	at com.kms.katalon.core.main.ScriptEngine.run(ScriptEngine.java:194)
	at com.kms.katalon.core.main.ScriptEngine.runScriptAsRawText(ScriptEngine.java:119)
	at com.kms.katalon.core.main.TestCaseExecutor.runScript(TestCaseExecutor.java:448)
	at com.kms.katalon.core.main.TestCaseExecutor.doExecute(TestCaseExecutor.java:439)
	at com.kms.katalon.core.main.TestCaseExecutor.processExecutionPhase(TestCaseExecutor.java:418)
	at com.kms.katalon.core.main.TestCaseExecutor.accessMainPhase(TestCaseExecutor.java:410)
	at com.kms.katalon.core.main.TestCaseExecutor.execute(TestCaseExecutor.java:285)
	at com.kms.katalon.core.common.CommonExecutor.accessTestCaseMainPhase(CommonExecutor.java:65)
	at com.kms.katalon.core.main.TestSuiteExecutor.accessTestSuiteMainPhase(TestSuiteExecutor.java:150)
	at com.kms.katalon.core.main.TestSuiteExecutor.execute(TestSuiteExecutor.java:106)
	at com.kms.katalon.core.main.TestCaseMain.startTestSuite(TestCaseMain.java:180)
	at TempTestSuite1729082116599.run(TempTestSuite1729082116599.groovy:35)
	at java.base/jdk.internal.reflect.NativeMethodAccessorImpl.invoke0(Native Method)
	at java.base/jdk.internal.reflect.NativeMethodAccessorImpl.invoke(NativeMethodAccessorImpl.java:77)
	at java.base/jdk.internal.reflect.DelegatingMethodAccessorImpl.invoke(DelegatingMethodAccessorImpl.java:43)]]></system-err>
      </testcase>
      <testcase name="Test Cases/Quản lý tài khoản merchant/Quản lý dịch vụ merchant/TC_06_Kiểm tra chức năng search khi chọn dịch vụ là thu hộ IB và active" time="11.55" classname="Test Cases/Quản lý tài khoản merchant/Quản lý dịch vụ merchant/TC_06_Kiểm tra chức năng search khi chọn dịch vụ là thu hộ IB và active" status="PASSED">
         <system-out><![CDATA[16-10-2024T19:36:33 - [TEST_CASE][PASSED] - Test Cases/Quản lý tài khoản merchant/Quản lý dịch vụ merchant/TC_06_Kiểm tra chức năng search khi chọn dịch vụ là thu hộ IB và active: Test Cases/Quản lý tài khoản merchant/Quản lý dịch vụ merchant/TC_06_Kiểm tra chức năng search khi chọn dịch vụ là thu hộ IB và active

16-10-2024T19:36:33 - [TEST_STEP][PASSED] - Start listener action : sampleBeforeTestCase: Navigate to 'https://stg-cms-console.9pay.mobi/login' successfully

16-10-2024T19:36:33 - [TEST_STEP][PASSED] - testCaseId = testCaseContext.getTestCaseId(): null

16-10-2024T19:36:33 - [TEST_STEP][PASSED] - url = <not implemented yet for class: org.codehaus.groovy.ast.expr.EmptyExpression>: null

16-10-2024T19:36:33 - [TEST_STEP][PASSED] - if (testCaseId == "Test Cases/Quản lý tài khoản merchant/Quản lý dịch vụ merchant/TC_14_Kiểm tra thay đổi sau khi cấu hình VA trên MCV"): null

16-10-2024T19:36:33 - [TEST_STEP][PASSED] - else: null

16-10-2024T19:36:33 - [TEST_STEP][PASSED] - url = "https://stg-cms-console.9pay.mobi/login": null

16-10-2024T19:36:33 - [TEST_STEP][PASSED] - openBrowser(""): Browser is opened with url: ''

16-10-2024T19:36:33 - [MESSAGE][WARNING] - A browser is already opened. Closing browser and opening a new one

16-10-2024T19:36:33 - [MESSAGE][INFO] - Starting 'Chrome' driver

16-10-2024T19:36:33 - [MESSAGE][INFO] - Action delay is set to 0 milliseconds

16-10-2024T19:36:34 - [MESSAGE][PASSED] - Browser is opened with url: ''

16-10-2024T19:36:34 - [TEST_STEP][PASSED] - maximizeWindow(): Current window maximized

16-10-2024T19:36:34 - [MESSAGE][PASSED] - Current window maximized

16-10-2024T19:36:34 - [TEST_STEP][PASSED] - navigateToUrl(url): Navigate to 'https://stg-cms-console.9pay.mobi/login' successfully

16-10-2024T19:36:36 - [MESSAGE][PASSED] - Navigate to 'https://stg-cms-console.9pay.mobi/login' successfully

16-10-2024T19:36:36 - [TEST_STEP][PASSED] - waitTime = Integer.parseInt(waitSecond): null

16-10-2024T19:36:36 - [TEST_STEP][PASSED] - callTestCase(findTestCase("Test Cases/Login/LoginCommon"), [:], STOP_ON_FAILURE): Call Test Case 'Test Cases/Login/LoginCommon' successfully

16-10-2024T19:36:36 - [TEST_CASE][PASSED] - Test Cases/Login/LoginCommon: Test Cases/Login/LoginCommon

16-10-2024T19:36:36 - [TEST_STEP][PASSED] - driver = getWebDriver(): null

16-10-2024T19:36:36 - [TEST_STEP][PASSED] - sendKeys(findTestObject("Quản lý tài khoản merchant/Quản lý dịch vụ merchant/userNameTextbox"), userAccount): Keys 'dannt@9pay.vn' sent to object: 'Object Repository/Quản lý tài khoản merchant/Quản lý dịch vụ merchant/userNameTextbox'

16-10-2024T19:36:36 - [MESSAGE][PASSED] - Keys 'dannt@9pay.vn' sent to object: 'Object Repository/Quản lý tài khoản merchant/Quản lý dịch vụ merchant/userNameTextbox'

16-10-2024T19:36:36 - [TEST_STEP][PASSED] - sendKeys(findTestObject("Quản lý tài khoản merchant/Quản lý dịch vụ merchant/passwordTextbox"), password): Keys 'dannt@9pay.vn' sent to object: 'Object Repository/Quản lý tài khoản merchant/Quản lý dịch vụ merchant/passwordTextbox'

16-10-2024T19:36:36 - [MESSAGE][PASSED] - Keys 'dannt@9pay.vn' sent to object: 'Object Repository/Quản lý tài khoản merchant/Quản lý dịch vụ merchant/passwordTextbox'

16-10-2024T19:36:36 - [TEST_STEP][PASSED] - click(findTestObject("Quản lý tài khoản merchant/Quản lý dịch vụ merchant/loginButton")): Object: 'Object Repository/Quản lý tài khoản merchant/Quản lý dịch vụ merchant/loginButton' is clicked on

16-10-2024T19:36:37 - [MESSAGE][PASSED] - Object: 'Object Repository/Quản lý tài khoản merchant/Quản lý dịch vụ merchant/loginButton' is clicked on

16-10-2024T19:36:37 - [MESSAGE][PASSED] - Call Test Case 'Test Cases/Login/LoginCommon' successfully

16-10-2024T19:36:37 - [TEST_STEP][PASSED] - waitForElementVisible(findTestObject("Trang chủ/userName"), waitTime, STOP_ON_FAILURE): Object 'Object Repository/Trang chủ/userName' is visible

16-10-2024T19:36:38 - [MESSAGE][PASSED] - Object 'Object Repository/Trang chủ/userName' is visible

16-10-2024T19:36:38 - [TEST_STEP][PASSED] - callTestCase(findTestCase("Test Cases/Quản lý tài khoản merchant/Quản lý danh sách tài khoản/CustomFunctions"), [:], STOP_ON_FAILURE): Call Test Case 'Test Cases/Quản lý tài khoản merchant/Quản lý danh sách tài khoản/CustomFunctions' successfully

16-10-2024T19:36:38 - [TEST_CASE][PASSED] - Test Cases/Quản lý tài khoản merchant/Quản lý danh sách tài khoản/CustomFunctions: Test Cases/Quản lý tài khoản merchant/Quản lý danh sách tài khoản/CustomFunctions

16-10-2024T19:36:38 - [TEST_STEP][PASSED] - driver = getWebDriver(): null

16-10-2024T19:36:38 - [TEST_STEP][PASSED] - sleep(2000): null

16-10-2024T19:36:40 - [TEST_STEP][PASSED] - element1 = driver.findElement(By.xpath(xpathManagerMC)): null

16-10-2024T19:36:40 - [TEST_STEP][PASSED] - actions = new org.openqa.selenium.interactions.Actions(driver): null

16-10-2024T19:36:40 - [TEST_STEP][PASSED] - click().perform(): null

16-10-2024T19:36:40 - [TEST_STEP][PASSED] - wait = new org.openqa.selenium.support.ui.WebDriverWait(com.kms.katalon.core.webui.driver.DriverFactory.getWebDriver(), 30): null

16-10-2024T19:36:40 - [TEST_STEP][PASSED] - element2 = wait.until(ExpectedConditions.elementToBeClickable(By.xpath(xpathManagerServiceMC))): null

16-10-2024T19:36:41 - [TEST_STEP][PASSED] - click().perform(): null

16-10-2024T19:36:41 - [MESSAGE][PASSED] - Call Test Case 'Test Cases/Quản lý tài khoản merchant/Quản lý danh sách tài khoản/CustomFunctions' successfully

16-10-2024T19:36:41 - [TEST_STEP][PASSED] - driver = getWebDriver(): null

16-10-2024T19:36:41 - [TEST_STEP][PASSED] - dropdown = driver.findElement(By.name("service_type")): null

16-10-2024T19:36:42 - [TEST_STEP][PASSED] - xpath("//option[@value='DEPOSIT_TRANSFER_IB']")).click(): null

16-10-2024T19:36:42 - [TEST_STEP][PASSED] - dropdownStt = driver.findElement(By.name("is_active")): null

16-10-2024T19:36:43 - [TEST_STEP][PASSED] - xpath("//option[@value="1"]")).click(): null

16-10-2024T19:36:43 - [TEST_STEP][PASSED] - click(findTestObject("Quản lý tài khoản merchant/Quản lý dịch vụ merchant/searchBtn")): Object: 'Object Repository/Quản lý tài khoản merchant/Quản lý dịch vụ merchant/searchBtn' is clicked on

16-10-2024T19:36:43 - [MESSAGE][PASSED] - Object: 'Object Repository/Quản lý tài khoản merchant/Quản lý dịch vụ merchant/searchBtn' is clicked on

16-10-2024T19:36:43 - [TEST_STEP][PASSED] - xpathCollectionIB = "//th/span[@class='font-bold col-teal']/i[@class='material-icons' and text()='check_circle']": null

16-10-2024T19:36:43 - [TEST_STEP][PASSED] - xpathSttActive = "//td//span[contains(text(),'Đang hoạt động')]": null

16-10-2024T19:36:43 - [TEST_STEP][PASSED] - CollectionIBs = new java.util.ArrayList(): null

16-10-2024T19:36:43 - [TEST_STEP][PASSED] - SttActives = new java.util.ArrayList(): null

16-10-2024T19:36:43 - [TEST_STEP][PASSED] - CollectionIBs = driver.findElements(By.xpath(xpathCollectionIB)): null

16-10-2024T19:36:45 - [TEST_STEP][PASSED] - SttActives = driver.findElements(By.xpath(xpathSttActive)): null

16-10-2024T19:36:45 - [TEST_STEP][PASSED] - expectedElements = 25: null

16-10-2024T19:36:45 - [TEST_STEP][PASSED] - if (SttActives.size() == expectedElements): Test case đã pass với số lượng icon đúng.

16-10-2024T19:36:45 - [TEST_STEP][PASSED] - println("Số lượng icon tìm thấy là đúng: " + CollectionIBs.size()): null

16-10-2024T19:36:45 - [TEST_STEP][PASSED] - markPassed("Test case đã pass với số lượng icon đúng."): Test case đã pass với số lượng icon đúng.

16-10-2024T19:36:45 - [MESSAGE][PASSED] - Test case đã pass với số lượng icon đúng.

16-10-2024T19:36:45 - [TEST_STEP][PASSED] - Start listener action : sampleAfterTestCase: null

16-10-2024T19:36:45 - [TEST_STEP][PASSED] - testCaseId = testCaseContext.getTestCaseId(): null

16-10-2024T19:36:45 - [TEST_STEP][PASSED] - if (testCaseId == "Test Cases/Quản lý tài khoản merchant/Quản lý dịch vụ merchant/TC_13_Kiểm tra chức năng xác nhận cấu hình thay đổi VA"): null]]></system-out>
         <system-err><![CDATA[]]></system-err>
      </testcase>
      <testcase name="Test Cases/Quản lý tài khoản merchant/Quản lý dịch vụ merchant/TC_07_Kiểm tra chức năng search khi chọn dịch vụ là thu hộ IB và inactive" time="10.729" classname="Test Cases/Quản lý tài khoản merchant/Quản lý dịch vụ merchant/TC_07_Kiểm tra chức năng search khi chọn dịch vụ là thu hộ IB và inactive" status="PASSED">
         <system-out><![CDATA[16-10-2024T19:36:45 - [TEST_CASE][PASSED] - Test Cases/Quản lý tài khoản merchant/Quản lý dịch vụ merchant/TC_07_Kiểm tra chức năng search khi chọn dịch vụ là thu hộ IB và inactive: Test Cases/Quản lý tài khoản merchant/Quản lý dịch vụ merchant/TC_07_Kiểm tra chức năng search khi chọn dịch vụ là thu hộ IB và inactive

16-10-2024T19:36:45 - [TEST_STEP][PASSED] - Start listener action : sampleBeforeTestCase: Navigate to 'https://stg-cms-console.9pay.mobi/login' successfully

16-10-2024T19:36:45 - [TEST_STEP][PASSED] - testCaseId = testCaseContext.getTestCaseId(): null

16-10-2024T19:36:45 - [TEST_STEP][PASSED] - url = <not implemented yet for class: org.codehaus.groovy.ast.expr.EmptyExpression>: null

16-10-2024T19:36:45 - [TEST_STEP][PASSED] - if (testCaseId == "Test Cases/Quản lý tài khoản merchant/Quản lý dịch vụ merchant/TC_14_Kiểm tra thay đổi sau khi cấu hình VA trên MCV"): null

16-10-2024T19:36:45 - [TEST_STEP][PASSED] - else: null

16-10-2024T19:36:45 - [TEST_STEP][PASSED] - url = "https://stg-cms-console.9pay.mobi/login": null

16-10-2024T19:36:45 - [TEST_STEP][PASSED] - openBrowser(""): Browser is opened with url: ''

16-10-2024T19:36:45 - [MESSAGE][WARNING] - A browser is already opened. Closing browser and opening a new one

16-10-2024T19:36:45 - [MESSAGE][INFO] - Starting 'Chrome' driver

16-10-2024T19:36:45 - [MESSAGE][INFO] - Action delay is set to 0 milliseconds

16-10-2024T19:36:45 - [MESSAGE][PASSED] - Browser is opened with url: ''

16-10-2024T19:36:45 - [TEST_STEP][PASSED] - maximizeWindow(): Current window maximized

16-10-2024T19:36:46 - [MESSAGE][PASSED] - Current window maximized

16-10-2024T19:36:46 - [TEST_STEP][PASSED] - navigateToUrl(url): Navigate to 'https://stg-cms-console.9pay.mobi/login' successfully

16-10-2024T19:36:47 - [MESSAGE][PASSED] - Navigate to 'https://stg-cms-console.9pay.mobi/login' successfully

16-10-2024T19:36:47 - [TEST_STEP][PASSED] - waitTime = Integer.parseInt(waitSecond): null

16-10-2024T19:36:47 - [TEST_STEP][PASSED] - callTestCase(findTestCase("Test Cases/Login/LoginCommon"), [:], STOP_ON_FAILURE): Call Test Case 'Test Cases/Login/LoginCommon' successfully

16-10-2024T19:36:47 - [TEST_CASE][PASSED] - Test Cases/Login/LoginCommon: Test Cases/Login/LoginCommon

16-10-2024T19:36:47 - [TEST_STEP][PASSED] - driver = getWebDriver(): null

16-10-2024T19:36:47 - [TEST_STEP][PASSED] - sendKeys(findTestObject("Quản lý tài khoản merchant/Quản lý dịch vụ merchant/userNameTextbox"), userAccount): Keys 'dannt@9pay.vn' sent to object: 'Object Repository/Quản lý tài khoản merchant/Quản lý dịch vụ merchant/userNameTextbox'

16-10-2024T19:36:48 - [MESSAGE][PASSED] - Keys 'dannt@9pay.vn' sent to object: 'Object Repository/Quản lý tài khoản merchant/Quản lý dịch vụ merchant/userNameTextbox'

16-10-2024T19:36:48 - [TEST_STEP][PASSED] - sendKeys(findTestObject("Quản lý tài khoản merchant/Quản lý dịch vụ merchant/passwordTextbox"), password): Keys 'dannt@9pay.vn' sent to object: 'Object Repository/Quản lý tài khoản merchant/Quản lý dịch vụ merchant/passwordTextbox'

16-10-2024T19:36:48 - [MESSAGE][PASSED] - Keys 'dannt@9pay.vn' sent to object: 'Object Repository/Quản lý tài khoản merchant/Quản lý dịch vụ merchant/passwordTextbox'

16-10-2024T19:36:48 - [TEST_STEP][PASSED] - click(findTestObject("Quản lý tài khoản merchant/Quản lý dịch vụ merchant/loginButton")): Object: 'Object Repository/Quản lý tài khoản merchant/Quản lý dịch vụ merchant/loginButton' is clicked on

16-10-2024T19:36:48 - [MESSAGE][PASSED] - Object: 'Object Repository/Quản lý tài khoản merchant/Quản lý dịch vụ merchant/loginButton' is clicked on

16-10-2024T19:36:48 - [MESSAGE][PASSED] - Call Test Case 'Test Cases/Login/LoginCommon' successfully

16-10-2024T19:36:48 - [TEST_STEP][PASSED] - waitForElementVisible(findTestObject("Trang chủ/userName"), waitTime, STOP_ON_FAILURE): Object 'Object Repository/Trang chủ/userName' is visible

16-10-2024T19:36:49 - [MESSAGE][PASSED] - Object 'Object Repository/Trang chủ/userName' is visible

16-10-2024T19:36:49 - [TEST_STEP][PASSED] - callTestCase(findTestCase("Test Cases/Quản lý tài khoản merchant/Quản lý danh sách tài khoản/CustomFunctions"), [:], STOP_ON_FAILURE): Call Test Case 'Test Cases/Quản lý tài khoản merchant/Quản lý danh sách tài khoản/CustomFunctions' successfully

16-10-2024T19:36:49 - [TEST_CASE][PASSED] - Test Cases/Quản lý tài khoản merchant/Quản lý danh sách tài khoản/CustomFunctions: Test Cases/Quản lý tài khoản merchant/Quản lý danh sách tài khoản/CustomFunctions

16-10-2024T19:36:49 - [TEST_STEP][PASSED] - driver = getWebDriver(): null

16-10-2024T19:36:49 - [TEST_STEP][PASSED] - sleep(2000): null

16-10-2024T19:36:51 - [TEST_STEP][PASSED] - element1 = driver.findElement(By.xpath(xpathManagerMC)): null

16-10-2024T19:36:52 - [TEST_STEP][PASSED] - actions = new org.openqa.selenium.interactions.Actions(driver): null

16-10-2024T19:36:52 - [TEST_STEP][PASSED] - click().perform(): null

16-10-2024T19:36:52 - [TEST_STEP][PASSED] - wait = new org.openqa.selenium.support.ui.WebDriverWait(com.kms.katalon.core.webui.driver.DriverFactory.getWebDriver(), 30): null

16-10-2024T19:36:52 - [TEST_STEP][PASSED] - element2 = wait.until(ExpectedConditions.elementToBeClickable(By.xpath(xpathManagerServiceMC))): null

16-10-2024T19:36:52 - [TEST_STEP][PASSED] - click().perform(): null

16-10-2024T19:36:52 - [MESSAGE][PASSED] - Call Test Case 'Test Cases/Quản lý tài khoản merchant/Quản lý danh sách tài khoản/CustomFunctions' successfully

16-10-2024T19:36:52 - [TEST_STEP][PASSED] - driver = getWebDriver(): null

16-10-2024T19:36:52 - [TEST_STEP][PASSED] - dropdown = driver.findElement(By.name("service_type")): null

16-10-2024T19:36:53 - [TEST_STEP][PASSED] - dropdownStt = driver.findElement(By.name("is_active")): null

16-10-2024T19:36:54 - [TEST_STEP][PASSED] - xpath("//option[@value='DEPOSIT_TRANSFER_IB']")).click(): null

16-10-2024T19:36:54 - [TEST_STEP][PASSED] - xpath("//option[@value="0"]")).click(): null

16-10-2024T19:36:54 - [TEST_STEP][PASSED] - click(findTestObject("Quản lý tài khoản merchant/Quản lý dịch vụ merchant/searchBtn")): Object: 'Object Repository/Quản lý tài khoản merchant/Quản lý dịch vụ merchant/searchBtn' is clicked on

16-10-2024T19:36:55 - [MESSAGE][PASSED] - Object: 'Object Repository/Quản lý tài khoản merchant/Quản lý dịch vụ merchant/searchBtn' is clicked on

16-10-2024T19:36:55 - [TEST_STEP][PASSED] - xpathCollectionIB = "//th/span[@class='font-bold col-teal']/i[@class='material-icons' and text()='check_circle']": null

16-10-2024T19:36:55 - [TEST_STEP][PASSED] - xpathSttInactive = "//td//span[contains(text(),'Không hoạt động')]": null

16-10-2024T19:36:55 - [TEST_STEP][PASSED] - CollectionIBs = new java.util.ArrayList(): null

16-10-2024T19:36:55 - [TEST_STEP][PASSED] - SttInactives = new java.util.ArrayList(): null

16-10-2024T19:36:55 - [TEST_STEP][PASSED] - CollectionIBs = driver.findElements(By.xpath(xpathCollectionIB)): null

16-10-2024T19:36:55 - [TEST_STEP][PASSED] - SttInactives = driver.findElements(By.xpath(xpathSttInactive)): null

16-10-2024T19:36:55 - [TEST_STEP][PASSED] - for (org.openqa.selenium.WebElement element : SttInactives): null

16-10-2024T19:36:55 - [TEST_STEP][PASSED] - elementText = element.getText(): null

16-10-2024T19:36:55 - [TEST_STEP][PASSED] - if (elementText == "Không hoạt động"): null

16-10-2024T19:36:55 - [TEST_STEP][PASSED] - println("Element text is correct: " + elementText): null

16-10-2024T19:36:55 - [TEST_STEP][PASSED] - elementText = element.getText(): null

16-10-2024T19:36:55 - [TEST_STEP][PASSED] - if (elementText == "Không hoạt động"): null

16-10-2024T19:36:55 - [TEST_STEP][PASSED] - println("Element text is correct: " + elementText): null

16-10-2024T19:36:55 - [TEST_STEP][PASSED] - elementText = element.getText(): null

16-10-2024T19:36:55 - [TEST_STEP][PASSED] - if (elementText == "Không hoạt động"): null

16-10-2024T19:36:55 - [TEST_STEP][PASSED] - println("Element text is correct: " + elementText): null

16-10-2024T19:36:55 - [TEST_STEP][PASSED] - elementText = element.getText(): null

16-10-2024T19:36:55 - [TEST_STEP][PASSED] - if (elementText == "Không hoạt động"): null

16-10-2024T19:36:55 - [TEST_STEP][PASSED] - println("Element text is correct: " + elementText): null

16-10-2024T19:36:55 - [TEST_STEP][PASSED] - Start listener action : sampleAfterTestCase: null

16-10-2024T19:36:55 - [TEST_STEP][PASSED] - testCaseId = testCaseContext.getTestCaseId(): null

16-10-2024T19:36:55 - [TEST_STEP][PASSED] - if (testCaseId == "Test Cases/Quản lý tài khoản merchant/Quản lý dịch vụ merchant/TC_13_Kiểm tra chức năng xác nhận cấu hình thay đổi VA"): null]]></system-out>
         <system-err><![CDATA[]]></system-err>
      </testcase>
      <testcase name="Test Cases/Quản lý tài khoản merchant/Quản lý dịch vụ merchant/TC_08_Kiểm tra chức năng search khi chọn dịch vụ là thu hộ Va" time="14.87" classname="Test Cases/Quản lý tài khoản merchant/Quản lý dịch vụ merchant/TC_08_Kiểm tra chức năng search khi chọn dịch vụ là thu hộ Va" status="FAILED">
         <failure type="FAILED" message="Test Cases/Quản lý tài khoản merchant/Quản lý dịch vụ merchant/TC_08_Kiểm tra chức năng search khi chọn dịch vụ là thu hộ Va FAILED.&#xa;Reason:&#xa;com.kms.katalon.core.exception.StepFailedException: Test case đã fail với số lượng icon không đúng.&#xa;	at com.kms.katalon.core.util.KeywordUtil.markFailed(KeywordUtil.java:19)&#xa;	at TC_08_Kiểm tra chức năng search khi chọn dịch vụ là thu hộ Va.run(TC_08_Kiểm tra chức năng search khi chọn dịch vụ là thu hộ Va:62)&#xa;	at com.kms.katalon.core.main.ScriptEngine.run(ScriptEngine.java:194)&#xa;	at com.kms.katalon.core.main.ScriptEngine.runScriptAsRawText(ScriptEngine.java:119)&#xa;	at com.kms.katalon.core.main.TestCaseExecutor.runScript(TestCaseExecutor.java:448)&#xa;	at com.kms.katalon.core.main.TestCaseExecutor.doExecute(TestCaseExecutor.java:439)&#xa;	at com.kms.katalon.core.main.TestCaseExecutor.processExecutionPhase(TestCaseExecutor.java:418)&#xa;	at com.kms.katalon.core.main.TestCaseExecutor.accessMainPhase(TestCaseExecutor.java:410)&#xa;	at com.kms.katalon.core.main.TestCaseExecutor.execute(TestCaseExecutor.java:285)&#xa;	at com.kms.katalon.core.common.CommonExecutor.accessTestCaseMainPhase(CommonExecutor.java:65)&#xa;	at com.kms.katalon.core.main.TestSuiteExecutor.accessTestSuiteMainPhase(TestSuiteExecutor.java:150)&#xa;	at com.kms.katalon.core.main.TestSuiteExecutor.execute(TestSuiteExecutor.java:106)&#xa;	at com.kms.katalon.core.main.TestCaseMain.startTestSuite(TestCaseMain.java:180)&#xa;	at TempTestSuite1729082116599.run(TempTestSuite1729082116599.groovy:35)&#xa;	at java.base/jdk.internal.reflect.NativeMethodAccessorImpl.invoke0(Native Method)&#xa;	at java.base/jdk.internal.reflect.NativeMethodAccessorImpl.invoke(NativeMethodAccessorImpl.java:77)&#xa;	at java.base/jdk.internal.reflect.DelegatingMethodAccessorImpl.invoke(DelegatingMethodAccessorImpl.java:43)&#xa;"/>
         <system-out><![CDATA[16-10-2024T19:36:56 - [TEST_CASE][FAILED] - Test Cases/Quản lý tài khoản merchant/Quản lý dịch vụ merchant/TC_08_Kiểm tra chức năng search khi chọn dịch vụ là thu hộ Va: Test Cases/Quản lý tài khoản merchant/Quản lý dịch vụ merchant/TC_08_Kiểm tra chức năng search khi chọn dịch vụ là thu hộ Va FAILED.
Reason:
com.kms.katalon.core.exception.StepFailedException: Test case đã fail với số lượng icon không đúng.
	at com.kms.katalon.core.util.KeywordUtil.markFailed(KeywordUtil.java:19)
	at TC_08_Kiểm tra chức năng search khi chọn dịch vụ là thu hộ Va.run(TC_08_Kiểm tra chức năng search khi chọn dịch vụ là thu hộ Va:62)
	at com.kms.katalon.core.main.ScriptEngine.run(ScriptEngine.java:194)
	at com.kms.katalon.core.main.ScriptEngine.runScriptAsRawText(ScriptEngine.java:119)
	at com.kms.katalon.core.main.TestCaseExecutor.runScript(TestCaseExecutor.java:448)
	at com.kms.katalon.core.main.TestCaseExecutor.doExecute(TestCaseExecutor.java:439)
	at com.kms.katalon.core.main.TestCaseExecutor.processExecutionPhase(TestCaseExecutor.java:418)
	at com.kms.katalon.core.main.TestCaseExecutor.accessMainPhase(TestCaseExecutor.java:410)
	at com.kms.katalon.core.main.TestCaseExecutor.execute(TestCaseExecutor.java:285)
	at com.kms.katalon.core.common.CommonExecutor.accessTestCaseMainPhase(CommonExecutor.java:65)
	at com.kms.katalon.core.main.TestSuiteExecutor.accessTestSuiteMainPhase(TestSuiteExecutor.java:150)
	at com.kms.katalon.core.main.TestSuiteExecutor.execute(TestSuiteExecutor.java:106)
	at com.kms.katalon.core.main.TestCaseMain.startTestSuite(TestCaseMain.java:180)
	at TempTestSuite1729082116599.run(TempTestSuite1729082116599.groovy:35)
	at java.base/jdk.internal.reflect.NativeMethodAccessorImpl.invoke0(Native Method)
	at java.base/jdk.internal.reflect.NativeMethodAccessorImpl.invoke(NativeMethodAccessorImpl.java:77)
	at java.base/jdk.internal.reflect.DelegatingMethodAccessorImpl.invoke(DelegatingMethodAccessorImpl.java:43)


16-10-2024T19:36:56 - [TEST_STEP][PASSED] - Start listener action : sampleBeforeTestCase: Navigate to 'https://stg-cms-console.9pay.mobi/login' successfully

16-10-2024T19:36:56 - [TEST_STEP][PASSED] - testCaseId = testCaseContext.getTestCaseId(): null

16-10-2024T19:36:56 - [TEST_STEP][PASSED] - url = <not implemented yet for class: org.codehaus.groovy.ast.expr.EmptyExpression>: null

16-10-2024T19:36:56 - [TEST_STEP][PASSED] - if (testCaseId == "Test Cases/Quản lý tài khoản merchant/Quản lý dịch vụ merchant/TC_14_Kiểm tra thay đổi sau khi cấu hình VA trên MCV"): null

16-10-2024T19:36:56 - [TEST_STEP][PASSED] - else: null

16-10-2024T19:36:56 - [TEST_STEP][PASSED] - url = "https://stg-cms-console.9pay.mobi/login": null

16-10-2024T19:36:56 - [TEST_STEP][PASSED] - openBrowser(""): Browser is opened with url: ''

16-10-2024T19:36:56 - [MESSAGE][WARNING] - A browser is already opened. Closing browser and opening a new one

16-10-2024T19:36:56 - [MESSAGE][INFO] - Starting 'Chrome' driver

16-10-2024T19:36:56 - [MESSAGE][INFO] - Action delay is set to 0 milliseconds

16-10-2024T19:36:56 - [MESSAGE][PASSED] - Browser is opened with url: ''

16-10-2024T19:36:56 - [TEST_STEP][PASSED] - maximizeWindow(): Current window maximized

16-10-2024T19:36:56 - [MESSAGE][PASSED] - Current window maximized

16-10-2024T19:36:56 - [TEST_STEP][PASSED] - navigateToUrl(url): Navigate to 'https://stg-cms-console.9pay.mobi/login' successfully

16-10-2024T19:36:58 - [MESSAGE][PASSED] - Navigate to 'https://stg-cms-console.9pay.mobi/login' successfully

16-10-2024T19:36:58 - [TEST_STEP][PASSED] - waitTime = Integer.parseInt(waitSecond): null

16-10-2024T19:36:58 - [TEST_STEP][PASSED] - callTestCase(findTestCase("Test Cases/Login/LoginCommon"), [:], STOP_ON_FAILURE): Call Test Case 'Test Cases/Login/LoginCommon' successfully

16-10-2024T19:36:58 - [TEST_CASE][PASSED] - Test Cases/Login/LoginCommon: Test Cases/Login/LoginCommon

16-10-2024T19:36:58 - [TEST_STEP][PASSED] - driver = getWebDriver(): null

16-10-2024T19:36:58 - [TEST_STEP][PASSED] - sendKeys(findTestObject("Quản lý tài khoản merchant/Quản lý dịch vụ merchant/userNameTextbox"), userAccount): Keys 'dannt@9pay.vn' sent to object: 'Object Repository/Quản lý tài khoản merchant/Quản lý dịch vụ merchant/userNameTextbox'

16-10-2024T19:36:59 - [MESSAGE][PASSED] - Keys 'dannt@9pay.vn' sent to object: 'Object Repository/Quản lý tài khoản merchant/Quản lý dịch vụ merchant/userNameTextbox'

16-10-2024T19:36:59 - [TEST_STEP][PASSED] - sendKeys(findTestObject("Quản lý tài khoản merchant/Quản lý dịch vụ merchant/passwordTextbox"), password): Keys 'dannt@9pay.vn' sent to object: 'Object Repository/Quản lý tài khoản merchant/Quản lý dịch vụ merchant/passwordTextbox'

16-10-2024T19:36:59 - [MESSAGE][PASSED] - Keys 'dannt@9pay.vn' sent to object: 'Object Repository/Quản lý tài khoản merchant/Quản lý dịch vụ merchant/passwordTextbox'

16-10-2024T19:36:59 - [TEST_STEP][PASSED] - click(findTestObject("Quản lý tài khoản merchant/Quản lý dịch vụ merchant/loginButton")): Object: 'Object Repository/Quản lý tài khoản merchant/Quản lý dịch vụ merchant/loginButton' is clicked on

16-10-2024T19:36:59 - [MESSAGE][PASSED] - Object: 'Object Repository/Quản lý tài khoản merchant/Quản lý dịch vụ merchant/loginButton' is clicked on

16-10-2024T19:36:59 - [MESSAGE][PASSED] - Call Test Case 'Test Cases/Login/LoginCommon' successfully

16-10-2024T19:36:59 - [TEST_STEP][PASSED] - waitForElementVisible(findTestObject("Trang chủ/userName"), waitTime, STOP_ON_FAILURE): Object 'Object Repository/Trang chủ/userName' is visible

16-10-2024T19:37:01 - [MESSAGE][PASSED] - Object 'Object Repository/Trang chủ/userName' is visible

16-10-2024T19:37:01 - [TEST_STEP][PASSED] - callTestCase(findTestCase("Test Cases/Quản lý tài khoản merchant/Quản lý danh sách tài khoản/CustomFunctions"), [:], STOP_ON_FAILURE): Call Test Case 'Test Cases/Quản lý tài khoản merchant/Quản lý danh sách tài khoản/CustomFunctions' successfully

16-10-2024T19:37:01 - [TEST_CASE][PASSED] - Test Cases/Quản lý tài khoản merchant/Quản lý danh sách tài khoản/CustomFunctions: Test Cases/Quản lý tài khoản merchant/Quản lý danh sách tài khoản/CustomFunctions

16-10-2024T19:37:01 - [TEST_STEP][PASSED] - driver = getWebDriver(): null

16-10-2024T19:37:01 - [TEST_STEP][PASSED] - sleep(2000): null

16-10-2024T19:37:03 - [TEST_STEP][PASSED] - element1 = driver.findElement(By.xpath(xpathManagerMC)): null

16-10-2024T19:37:03 - [TEST_STEP][PASSED] - actions = new org.openqa.selenium.interactions.Actions(driver): null

16-10-2024T19:37:03 - [TEST_STEP][PASSED] - click().perform(): null

16-10-2024T19:37:03 - [TEST_STEP][PASSED] - wait = new org.openqa.selenium.support.ui.WebDriverWait(com.kms.katalon.core.webui.driver.DriverFactory.getWebDriver(), 30): null

16-10-2024T19:37:03 - [TEST_STEP][PASSED] - element2 = wait.until(ExpectedConditions.elementToBeClickable(By.xpath(xpathManagerServiceMC))): null

16-10-2024T19:37:04 - [TEST_STEP][PASSED] - click().perform(): null

16-10-2024T19:37:04 - [MESSAGE][PASSED] - Call Test Case 'Test Cases/Quản lý tài khoản merchant/Quản lý danh sách tài khoản/CustomFunctions' successfully

16-10-2024T19:37:04 - [TEST_STEP][PASSED] - driver = getWebDriver(): null

16-10-2024T19:37:04 - [TEST_STEP][PASSED] - dropdown = driver.findElement(By.name("service_type")): null

16-10-2024T19:37:07 - [TEST_STEP][PASSED] - xpath("//option[@value='DEPOSIT_TRANSFER_VA']")).click(): null

16-10-2024T19:37:07 - [TEST_STEP][PASSED] - click(findTestObject("Quản lý tài khoản merchant/Quản lý dịch vụ merchant/searchBtn")): Object: 'Object Repository/Quản lý tài khoản merchant/Quản lý dịch vụ merchant/searchBtn' is clicked on

16-10-2024T19:37:08 - [MESSAGE][PASSED] - Object: 'Object Repository/Quản lý tài khoản merchant/Quản lý dịch vụ merchant/searchBtn' is clicked on

16-10-2024T19:37:08 - [TEST_STEP][PASSED] - xpath = "//label[contains(@for, 'bank_va_TECHCOMBANK')]": null

16-10-2024T19:37:08 - [TEST_STEP][PASSED] - elements = new java.util.ArrayList(): null

16-10-2024T19:37:08 - [TEST_STEP][PASSED] - elements = driver.findElements(By.xpath(xpath)): null

16-10-2024T19:37:10 - [TEST_STEP][PASSED] - println("Số lượng phần tử: " + elements.size()): null

16-10-2024T19:37:10 - [TEST_STEP][PASSED] - expectedElements = 24: null

16-10-2024T19:37:10 - [TEST_STEP][PASSED] - if (elements.size() == expectedElements): null

16-10-2024T19:37:10 - [TEST_STEP][FAILED] - else: Test case đã fail với số lượng icon không đúng.

16-10-2024T19:37:10 - [TEST_STEP][PASSED] - println("Số lượng icon tìm thấy không đúng. Số lượng thực tế: " + elements.size() + ", Số lượng mong đợi: " + expectedElements): null

16-10-2024T19:37:10 - [TEST_STEP][FAILED] - markFailed("Test case đã fail với số lượng icon không đúng."): Test case đã fail với số lượng icon không đúng.

16-10-2024T19:37:10 - [MESSAGE][FAILED] - Test case đã fail với số lượng icon không đúng.

16-10-2024T19:37:10 - [TEST_STEP][PASSED] - Start listener action : sampleAfterTestCase: null

16-10-2024T19:37:10 - [TEST_STEP][PASSED] - testCaseId = testCaseContext.getTestCaseId(): null

16-10-2024T19:37:10 - [TEST_STEP][PASSED] - if (testCaseId == "Test Cases/Quản lý tài khoản merchant/Quản lý dịch vụ merchant/TC_13_Kiểm tra chức năng xác nhận cấu hình thay đổi VA"): null]]></system-out>
         <system-err><![CDATA[16-10-2024T19:36:56 - [TEST_CASE][FAILED] - Test Cases/Quản lý tài khoản merchant/Quản lý dịch vụ merchant/TC_08_Kiểm tra chức năng search khi chọn dịch vụ là thu hộ Va: Test Cases/Quản lý tài khoản merchant/Quản lý dịch vụ merchant/TC_08_Kiểm tra chức năng search khi chọn dịch vụ là thu hộ Va FAILED.
Reason:
com.kms.katalon.core.exception.StepFailedException: Test case đã fail với số lượng icon không đúng.
	at com.kms.katalon.core.util.KeywordUtil.markFailed(KeywordUtil.java:19)
	at TC_08_Kiểm tra chức năng search khi chọn dịch vụ là thu hộ Va.run(TC_08_Kiểm tra chức năng search khi chọn dịch vụ là thu hộ Va:62)
	at com.kms.katalon.core.main.ScriptEngine.run(ScriptEngine.java:194)
	at com.kms.katalon.core.main.ScriptEngine.runScriptAsRawText(ScriptEngine.java:119)
	at com.kms.katalon.core.main.TestCaseExecutor.runScript(TestCaseExecutor.java:448)
	at com.kms.katalon.core.main.TestCaseExecutor.doExecute(TestCaseExecutor.java:439)
	at com.kms.katalon.core.main.TestCaseExecutor.processExecutionPhase(TestCaseExecutor.java:418)
	at com.kms.katalon.core.main.TestCaseExecutor.accessMainPhase(TestCaseExecutor.java:410)
	at com.kms.katalon.core.main.TestCaseExecutor.execute(TestCaseExecutor.java:285)
	at com.kms.katalon.core.common.CommonExecutor.accessTestCaseMainPhase(CommonExecutor.java:65)
	at com.kms.katalon.core.main.TestSuiteExecutor.accessTestSuiteMainPhase(TestSuiteExecutor.java:150)
	at com.kms.katalon.core.main.TestSuiteExecutor.execute(TestSuiteExecutor.java:106)
	at com.kms.katalon.core.main.TestCaseMain.startTestSuite(TestCaseMain.java:180)
	at TempTestSuite1729082116599.run(TempTestSuite1729082116599.groovy:35)
	at java.base/jdk.internal.reflect.NativeMethodAccessorImpl.invoke0(Native Method)
	at java.base/jdk.internal.reflect.NativeMethodAccessorImpl.invoke(NativeMethodAccessorImpl.java:77)
	at java.base/jdk.internal.reflect.DelegatingMethodAccessorImpl.invoke(DelegatingMethodAccessorImpl.java:43)]]></system-err>
      </testcase>
      <testcase name="Test Cases/Quản lý tài khoản merchant/Quản lý dịch vụ merchant/TC_09_Kiểm tra chức năng search khi chọn dịch vụ là thu hộ Va và active" time="14.053" classname="Test Cases/Quản lý tài khoản merchant/Quản lý dịch vụ merchant/TC_09_Kiểm tra chức năng search khi chọn dịch vụ là thu hộ Va và active" status="FAILED">
         <failure type="FAILED" message="Test Cases/Quản lý tài khoản merchant/Quản lý dịch vụ merchant/TC_09_Kiểm tra chức năng search khi chọn dịch vụ là thu hộ Va và active FAILED.&#xa;Reason:&#xa;com.kms.katalon.core.exception.StepFailedException: Test case đã fail với số lượng icon không đúng.&#xa;	at com.kms.katalon.core.util.KeywordUtil.markFailed(KeywordUtil.java:19)&#xa;	at TC_09_Kiểm tra chức năng search khi chọn dịch vụ là thu hộ Va và active.run(TC_09_Kiểm tra chức năng search khi chọn dịch vụ là thu hộ Va và active:69)&#xa;	at com.kms.katalon.core.main.ScriptEngine.run(ScriptEngine.java:194)&#xa;	at com.kms.katalon.core.main.ScriptEngine.runScriptAsRawText(ScriptEngine.java:119)&#xa;	at com.kms.katalon.core.main.TestCaseExecutor.runScript(TestCaseExecutor.java:448)&#xa;	at com.kms.katalon.core.main.TestCaseExecutor.doExecute(TestCaseExecutor.java:439)&#xa;	at com.kms.katalon.core.main.TestCaseExecutor.processExecutionPhase(TestCaseExecutor.java:418)&#xa;	at com.kms.katalon.core.main.TestCaseExecutor.accessMainPhase(TestCaseExecutor.java:410)&#xa;	at com.kms.katalon.core.main.TestCaseExecutor.execute(TestCaseExecutor.java:285)&#xa;	at com.kms.katalon.core.common.CommonExecutor.accessTestCaseMainPhase(CommonExecutor.java:65)&#xa;	at com.kms.katalon.core.main.TestSuiteExecutor.accessTestSuiteMainPhase(TestSuiteExecutor.java:150)&#xa;	at com.kms.katalon.core.main.TestSuiteExecutor.execute(TestSuiteExecutor.java:106)&#xa;	at com.kms.katalon.core.main.TestCaseMain.startTestSuite(TestCaseMain.java:180)&#xa;	at TempTestSuite1729082116599.run(TempTestSuite1729082116599.groovy:35)&#xa;	at java.base/jdk.internal.reflect.NativeMethodAccessorImpl.invoke0(Native Method)&#xa;	at java.base/jdk.internal.reflect.NativeMethodAccessorImpl.invoke(NativeMethodAccessorImpl.java:77)&#xa;	at java.base/jdk.internal.reflect.DelegatingMethodAccessorImpl.invoke(DelegatingMethodAccessorImpl.java:43)&#xa;"/>
         <system-out><![CDATA[16-10-2024T19:37:10 - [TEST_CASE][FAILED] - Test Cases/Quản lý tài khoản merchant/Quản lý dịch vụ merchant/TC_09_Kiểm tra chức năng search khi chọn dịch vụ là thu hộ Va và active: Test Cases/Quản lý tài khoản merchant/Quản lý dịch vụ merchant/TC_09_Kiểm tra chức năng search khi chọn dịch vụ là thu hộ Va và active FAILED.
Reason:
com.kms.katalon.core.exception.StepFailedException: Test case đã fail với số lượng icon không đúng.
	at com.kms.katalon.core.util.KeywordUtil.markFailed(KeywordUtil.java:19)
	at TC_09_Kiểm tra chức năng search khi chọn dịch vụ là thu hộ Va và active.run(TC_09_Kiểm tra chức năng search khi chọn dịch vụ là thu hộ Va và active:69)
	at com.kms.katalon.core.main.ScriptEngine.run(ScriptEngine.java:194)
	at com.kms.katalon.core.main.ScriptEngine.runScriptAsRawText(ScriptEngine.java:119)
	at com.kms.katalon.core.main.TestCaseExecutor.runScript(TestCaseExecutor.java:448)
	at com.kms.katalon.core.main.TestCaseExecutor.doExecute(TestCaseExecutor.java:439)
	at com.kms.katalon.core.main.TestCaseExecutor.processExecutionPhase(TestCaseExecutor.java:418)
	at com.kms.katalon.core.main.TestCaseExecutor.accessMainPhase(TestCaseExecutor.java:410)
	at com.kms.katalon.core.main.TestCaseExecutor.execute(TestCaseExecutor.java:285)
	at com.kms.katalon.core.common.CommonExecutor.accessTestCaseMainPhase(CommonExecutor.java:65)
	at com.kms.katalon.core.main.TestSuiteExecutor.accessTestSuiteMainPhase(TestSuiteExecutor.java:150)
	at com.kms.katalon.core.main.TestSuiteExecutor.execute(TestSuiteExecutor.java:106)
	at com.kms.katalon.core.main.TestCaseMain.startTestSuite(TestCaseMain.java:180)
	at TempTestSuite1729082116599.run(TempTestSuite1729082116599.groovy:35)
	at java.base/jdk.internal.reflect.NativeMethodAccessorImpl.invoke0(Native Method)
	at java.base/jdk.internal.reflect.NativeMethodAccessorImpl.invoke(NativeMethodAccessorImpl.java:77)
	at java.base/jdk.internal.reflect.DelegatingMethodAccessorImpl.invoke(DelegatingMethodAccessorImpl.java:43)


16-10-2024T19:37:10 - [TEST_STEP][PASSED] - Start listener action : sampleBeforeTestCase: Navigate to 'https://stg-cms-console.9pay.mobi/login' successfully

16-10-2024T19:37:10 - [TEST_STEP][PASSED] - testCaseId = testCaseContext.getTestCaseId(): null

16-10-2024T19:37:10 - [TEST_STEP][PASSED] - url = <not implemented yet for class: org.codehaus.groovy.ast.expr.EmptyExpression>: null

16-10-2024T19:37:10 - [TEST_STEP][PASSED] - if (testCaseId == "Test Cases/Quản lý tài khoản merchant/Quản lý dịch vụ merchant/TC_14_Kiểm tra thay đổi sau khi cấu hình VA trên MCV"): null

16-10-2024T19:37:10 - [TEST_STEP][PASSED] - else: null

16-10-2024T19:37:10 - [TEST_STEP][PASSED] - url = "https://stg-cms-console.9pay.mobi/login": null

16-10-2024T19:37:10 - [TEST_STEP][PASSED] - openBrowser(""): Browser is opened with url: ''

16-10-2024T19:37:10 - [MESSAGE][WARNING] - A browser is already opened. Closing browser and opening a new one

16-10-2024T19:37:10 - [MESSAGE][INFO] - Starting 'Chrome' driver

16-10-2024T19:37:10 - [MESSAGE][INFO] - Action delay is set to 0 milliseconds

16-10-2024T19:37:11 - [MESSAGE][PASSED] - Browser is opened with url: ''

16-10-2024T19:37:11 - [TEST_STEP][PASSED] - maximizeWindow(): Current window maximized

16-10-2024T19:37:11 - [MESSAGE][PASSED] - Current window maximized

16-10-2024T19:37:11 - [TEST_STEP][PASSED] - navigateToUrl(url): Navigate to 'https://stg-cms-console.9pay.mobi/login' successfully

16-10-2024T19:37:12 - [MESSAGE][PASSED] - Navigate to 'https://stg-cms-console.9pay.mobi/login' successfully

16-10-2024T19:37:12 - [TEST_STEP][PASSED] - waitTime = Integer.parseInt(waitSecond): null

16-10-2024T19:37:12 - [TEST_STEP][PASSED] - callTestCase(findTestCase("Test Cases/Login/LoginCommon"), [:], STOP_ON_FAILURE): Call Test Case 'Test Cases/Login/LoginCommon' successfully

16-10-2024T19:37:12 - [TEST_CASE][PASSED] - Test Cases/Login/LoginCommon: Test Cases/Login/LoginCommon

16-10-2024T19:37:12 - [TEST_STEP][PASSED] - driver = getWebDriver(): null

16-10-2024T19:37:12 - [TEST_STEP][PASSED] - sendKeys(findTestObject("Quản lý tài khoản merchant/Quản lý dịch vụ merchant/userNameTextbox"), userAccount): Keys 'dannt@9pay.vn' sent to object: 'Object Repository/Quản lý tài khoản merchant/Quản lý dịch vụ merchant/userNameTextbox'

16-10-2024T19:37:14 - [MESSAGE][PASSED] - Keys 'dannt@9pay.vn' sent to object: 'Object Repository/Quản lý tài khoản merchant/Quản lý dịch vụ merchant/userNameTextbox'

16-10-2024T19:37:14 - [TEST_STEP][PASSED] - sendKeys(findTestObject("Quản lý tài khoản merchant/Quản lý dịch vụ merchant/passwordTextbox"), password): Keys 'dannt@9pay.vn' sent to object: 'Object Repository/Quản lý tài khoản merchant/Quản lý dịch vụ merchant/passwordTextbox'

16-10-2024T19:37:14 - [MESSAGE][PASSED] - Keys 'dannt@9pay.vn' sent to object: 'Object Repository/Quản lý tài khoản merchant/Quản lý dịch vụ merchant/passwordTextbox'

16-10-2024T19:37:14 - [TEST_STEP][PASSED] - click(findTestObject("Quản lý tài khoản merchant/Quản lý dịch vụ merchant/loginButton")): Object: 'Object Repository/Quản lý tài khoản merchant/Quản lý dịch vụ merchant/loginButton' is clicked on

16-10-2024T19:37:14 - [MESSAGE][PASSED] - Object: 'Object Repository/Quản lý tài khoản merchant/Quản lý dịch vụ merchant/loginButton' is clicked on

16-10-2024T19:37:14 - [MESSAGE][PASSED] - Call Test Case 'Test Cases/Login/LoginCommon' successfully

16-10-2024T19:37:14 - [TEST_STEP][PASSED] - waitForElementVisible(findTestObject("Trang chủ/userName"), waitTime, STOP_ON_FAILURE): Object 'Object Repository/Trang chủ/userName' is visible

16-10-2024T19:37:18 - [MESSAGE][PASSED] - Object 'Object Repository/Trang chủ/userName' is visible

16-10-2024T19:37:18 - [TEST_STEP][PASSED] - callTestCase(findTestCase("Test Cases/Quản lý tài khoản merchant/Quản lý danh sách tài khoản/CustomFunctions"), [:], STOP_ON_FAILURE): Call Test Case 'Test Cases/Quản lý tài khoản merchant/Quản lý danh sách tài khoản/CustomFunctions' successfully

16-10-2024T19:37:18 - [TEST_CASE][PASSED] - Test Cases/Quản lý tài khoản merchant/Quản lý danh sách tài khoản/CustomFunctions: Test Cases/Quản lý tài khoản merchant/Quản lý danh sách tài khoản/CustomFunctions

16-10-2024T19:37:18 - [TEST_STEP][PASSED] - driver = getWebDriver(): null

16-10-2024T19:37:18 - [TEST_STEP][PASSED] - sleep(2000): null

16-10-2024T19:37:20 - [TEST_STEP][PASSED] - element1 = driver.findElement(By.xpath(xpathManagerMC)): null

16-10-2024T19:37:20 - [TEST_STEP][PASSED] - actions = new org.openqa.selenium.interactions.Actions(driver): null

16-10-2024T19:37:20 - [TEST_STEP][PASSED] - click().perform(): null

16-10-2024T19:37:20 - [TEST_STEP][PASSED] - wait = new org.openqa.selenium.support.ui.WebDriverWait(com.kms.katalon.core.webui.driver.DriverFactory.getWebDriver(), 30): null

16-10-2024T19:37:20 - [TEST_STEP][PASSED] - element2 = wait.until(ExpectedConditions.elementToBeClickable(By.xpath(xpathManagerServiceMC))): null

16-10-2024T19:37:21 - [TEST_STEP][PASSED] - click().perform(): null

16-10-2024T19:37:21 - [MESSAGE][PASSED] - Call Test Case 'Test Cases/Quản lý tài khoản merchant/Quản lý danh sách tài khoản/CustomFunctions' successfully

16-10-2024T19:37:21 - [TEST_STEP][PASSED] - driver = getWebDriver(): null

16-10-2024T19:37:21 - [TEST_STEP][PASSED] - dropdown = driver.findElement(By.name("service_type")): null

16-10-2024T19:37:22 - [TEST_STEP][PASSED] - dropdownStt = driver.findElement(By.name("is_active")): null

16-10-2024T19:37:22 - [TEST_STEP][PASSED] - xpath("//option[@value='DEPOSIT_TRANSFER_VA']")).click(): null

16-10-2024T19:37:22 - [TEST_STEP][PASSED] - xpath("//option[@value="1"]")).click(): null

16-10-2024T19:37:23 - [TEST_STEP][PASSED] - click(findTestObject("Quản lý tài khoản merchant/Quản lý dịch vụ merchant/searchBtn")): Object: 'Object Repository/Quản lý tài khoản merchant/Quản lý dịch vụ merchant/searchBtn' is clicked on

16-10-2024T19:37:23 - [MESSAGE][PASSED] - Object: 'Object Repository/Quản lý tài khoản merchant/Quản lý dịch vụ merchant/searchBtn' is clicked on

16-10-2024T19:37:23 - [TEST_STEP][PASSED] - xpath = "//label[contains(@for, 'bank_va_TECHCOMBANK')]": null

16-10-2024T19:37:23 - [TEST_STEP][PASSED] - xpathSttActive = "//td//span[contains(text(),'Đang hoạt động')]": null

16-10-2024T19:37:23 - [TEST_STEP][PASSED] - elements = new java.util.ArrayList(): null

16-10-2024T19:37:23 - [TEST_STEP][PASSED] - SttActives = new java.util.ArrayList(): null

16-10-2024T19:37:23 - [TEST_STEP][PASSED] - elements = driver.findElements(By.xpath(xpath)): null

16-10-2024T19:37:24 - [TEST_STEP][PASSED] - SttActives = driver.findElements(By.xpath(xpathSttActive)): null

16-10-2024T19:37:24 - [TEST_STEP][PASSED] - println("Số lượng phần tử: " + elements.size()): null

16-10-2024T19:37:24 - [TEST_STEP][PASSED] - println("Số lượng phần tử: " + SttActives.size()): null

16-10-2024T19:37:24 - [TEST_STEP][PASSED] - expectedElementStt = 25: null

16-10-2024T19:37:24 - [TEST_STEP][PASSED] - expectedElements = 24: null

16-10-2024T19:37:24 - [TEST_STEP][PASSED] - if (elements.size() == expectedElements && SttActives.size() == expectedElementStt): null

16-10-2024T19:37:24 - [TEST_STEP][FAILED] - else: Test case đã fail với số lượng icon không đúng.

16-10-2024T19:37:24 - [TEST_STEP][PASSED] - println("Số lượng icon tìm thấy không đúng. Số lượng thực tế: " + elements.size() + ", Số lượng mong đợi: " + expectedElements): null

16-10-2024T19:37:24 - [TEST_STEP][FAILED] - markFailed("Test case đã fail với số lượng icon không đúng."): Test case đã fail với số lượng icon không đúng.

16-10-2024T19:37:24 - [MESSAGE][FAILED] - Test case đã fail với số lượng icon không đúng.

16-10-2024T19:37:24 - [TEST_STEP][PASSED] - Start listener action : sampleAfterTestCase: null

16-10-2024T19:37:24 - [TEST_STEP][PASSED] - testCaseId = testCaseContext.getTestCaseId(): null

16-10-2024T19:37:24 - [TEST_STEP][PASSED] - if (testCaseId == "Test Cases/Quản lý tài khoản merchant/Quản lý dịch vụ merchant/TC_13_Kiểm tra chức năng xác nhận cấu hình thay đổi VA"): null]]></system-out>
         <system-err><![CDATA[16-10-2024T19:37:10 - [TEST_CASE][FAILED] - Test Cases/Quản lý tài khoản merchant/Quản lý dịch vụ merchant/TC_09_Kiểm tra chức năng search khi chọn dịch vụ là thu hộ Va và active: Test Cases/Quản lý tài khoản merchant/Quản lý dịch vụ merchant/TC_09_Kiểm tra chức năng search khi chọn dịch vụ là thu hộ Va và active FAILED.
Reason:
com.kms.katalon.core.exception.StepFailedException: Test case đã fail với số lượng icon không đúng.
	at com.kms.katalon.core.util.KeywordUtil.markFailed(KeywordUtil.java:19)
	at TC_09_Kiểm tra chức năng search khi chọn dịch vụ là thu hộ Va và active.run(TC_09_Kiểm tra chức năng search khi chọn dịch vụ là thu hộ Va và active:69)
	at com.kms.katalon.core.main.ScriptEngine.run(ScriptEngine.java:194)
	at com.kms.katalon.core.main.ScriptEngine.runScriptAsRawText(ScriptEngine.java:119)
	at com.kms.katalon.core.main.TestCaseExecutor.runScript(TestCaseExecutor.java:448)
	at com.kms.katalon.core.main.TestCaseExecutor.doExecute(TestCaseExecutor.java:439)
	at com.kms.katalon.core.main.TestCaseExecutor.processExecutionPhase(TestCaseExecutor.java:418)
	at com.kms.katalon.core.main.TestCaseExecutor.accessMainPhase(TestCaseExecutor.java:410)
	at com.kms.katalon.core.main.TestCaseExecutor.execute(TestCaseExecutor.java:285)
	at com.kms.katalon.core.common.CommonExecutor.accessTestCaseMainPhase(CommonExecutor.java:65)
	at com.kms.katalon.core.main.TestSuiteExecutor.accessTestSuiteMainPhase(TestSuiteExecutor.java:150)
	at com.kms.katalon.core.main.TestSuiteExecutor.execute(TestSuiteExecutor.java:106)
	at com.kms.katalon.core.main.TestCaseMain.startTestSuite(TestCaseMain.java:180)
	at TempTestSuite1729082116599.run(TempTestSuite1729082116599.groovy:35)
	at java.base/jdk.internal.reflect.NativeMethodAccessorImpl.invoke0(Native Method)
	at java.base/jdk.internal.reflect.NativeMethodAccessorImpl.invoke(NativeMethodAccessorImpl.java:77)
	at java.base/jdk.internal.reflect.DelegatingMethodAccessorImpl.invoke(DelegatingMethodAccessorImpl.java:43)]]></system-err>
      </testcase>
      <testcase name="Test Cases/Quản lý tài khoản merchant/Quản lý dịch vụ merchant/TC_10_Kiểm tra chức năng search khi chọn dịch vụ là thu hộ VA và inactive" time="11.69" classname="Test Cases/Quản lý tài khoản merchant/Quản lý dịch vụ merchant/TC_10_Kiểm tra chức năng search khi chọn dịch vụ là thu hộ VA và inactive" status="PASSED">
         <system-out><![CDATA[16-10-2024T19:37:24 - [TEST_CASE][PASSED] - Test Cases/Quản lý tài khoản merchant/Quản lý dịch vụ merchant/TC_10_Kiểm tra chức năng search khi chọn dịch vụ là thu hộ VA và inactive: Test Cases/Quản lý tài khoản merchant/Quản lý dịch vụ merchant/TC_10_Kiểm tra chức năng search khi chọn dịch vụ là thu hộ VA và inactive

16-10-2024T19:37:24 - [TEST_STEP][PASSED] - Start listener action : sampleBeforeTestCase: Navigate to 'https://stg-cms-console.9pay.mobi/login' successfully

16-10-2024T19:37:24 - [TEST_STEP][PASSED] - testCaseId = testCaseContext.getTestCaseId(): null

16-10-2024T19:37:24 - [TEST_STEP][PASSED] - url = <not implemented yet for class: org.codehaus.groovy.ast.expr.EmptyExpression>: null

16-10-2024T19:37:24 - [TEST_STEP][PASSED] - if (testCaseId == "Test Cases/Quản lý tài khoản merchant/Quản lý dịch vụ merchant/TC_14_Kiểm tra thay đổi sau khi cấu hình VA trên MCV"): null

16-10-2024T19:37:24 - [TEST_STEP][PASSED] - else: null

16-10-2024T19:37:24 - [TEST_STEP][PASSED] - url = "https://stg-cms-console.9pay.mobi/login": null

16-10-2024T19:37:24 - [TEST_STEP][PASSED] - openBrowser(""): Browser is opened with url: ''

16-10-2024T19:37:24 - [MESSAGE][WARNING] - A browser is already opened. Closing browser and opening a new one

16-10-2024T19:37:25 - [MESSAGE][INFO] - Starting 'Chrome' driver

16-10-2024T19:37:25 - [MESSAGE][INFO] - Action delay is set to 0 milliseconds

16-10-2024T19:37:25 - [MESSAGE][PASSED] - Browser is opened with url: ''

16-10-2024T19:37:25 - [TEST_STEP][PASSED] - maximizeWindow(): Current window maximized

16-10-2024T19:37:25 - [MESSAGE][PASSED] - Current window maximized

16-10-2024T19:37:25 - [TEST_STEP][PASSED] - navigateToUrl(url): Navigate to 'https://stg-cms-console.9pay.mobi/login' successfully

16-10-2024T19:37:27 - [MESSAGE][PASSED] - Navigate to 'https://stg-cms-console.9pay.mobi/login' successfully

16-10-2024T19:37:27 - [TEST_STEP][PASSED] - waitTime = Integer.parseInt(waitSecond): null

16-10-2024T19:37:27 - [TEST_STEP][PASSED] - callTestCase(findTestCase("Test Cases/Login/LoginCommon"), [:], STOP_ON_FAILURE): Call Test Case 'Test Cases/Login/LoginCommon' successfully

16-10-2024T19:37:27 - [TEST_CASE][PASSED] - Test Cases/Login/LoginCommon: Test Cases/Login/LoginCommon

16-10-2024T19:37:27 - [TEST_STEP][PASSED] - driver = getWebDriver(): null

16-10-2024T19:37:27 - [TEST_STEP][PASSED] - sendKeys(findTestObject("Quản lý tài khoản merchant/Quản lý dịch vụ merchant/userNameTextbox"), userAccount): Keys 'dannt@9pay.vn' sent to object: 'Object Repository/Quản lý tài khoản merchant/Quản lý dịch vụ merchant/userNameTextbox'

16-10-2024T19:37:28 - [MESSAGE][PASSED] - Keys 'dannt@9pay.vn' sent to object: 'Object Repository/Quản lý tài khoản merchant/Quản lý dịch vụ merchant/userNameTextbox'

16-10-2024T19:37:28 - [TEST_STEP][PASSED] - sendKeys(findTestObject("Quản lý tài khoản merchant/Quản lý dịch vụ merchant/passwordTextbox"), password): Keys 'dannt@9pay.vn' sent to object: 'Object Repository/Quản lý tài khoản merchant/Quản lý dịch vụ merchant/passwordTextbox'

16-10-2024T19:37:28 - [MESSAGE][PASSED] - Keys 'dannt@9pay.vn' sent to object: 'Object Repository/Quản lý tài khoản merchant/Quản lý dịch vụ merchant/passwordTextbox'

16-10-2024T19:37:28 - [TEST_STEP][PASSED] - click(findTestObject("Quản lý tài khoản merchant/Quản lý dịch vụ merchant/loginButton")): Object: 'Object Repository/Quản lý tài khoản merchant/Quản lý dịch vụ merchant/loginButton' is clicked on

16-10-2024T19:37:28 - [MESSAGE][PASSED] - Object: 'Object Repository/Quản lý tài khoản merchant/Quản lý dịch vụ merchant/loginButton' is clicked on

16-10-2024T19:37:28 - [MESSAGE][PASSED] - Call Test Case 'Test Cases/Login/LoginCommon' successfully

16-10-2024T19:37:28 - [TEST_STEP][PASSED] - waitForElementVisible(findTestObject("Trang chủ/userName"), waitTime, STOP_ON_FAILURE): Object 'Object Repository/Trang chủ/userName' is visible

16-10-2024T19:37:30 - [MESSAGE][PASSED] - Object 'Object Repository/Trang chủ/userName' is visible

16-10-2024T19:37:30 - [TEST_STEP][PASSED] - callTestCase(findTestCase("Test Cases/Quản lý tài khoản merchant/Quản lý danh sách tài khoản/CustomFunctions"), [:], STOP_ON_FAILURE): Call Test Case 'Test Cases/Quản lý tài khoản merchant/Quản lý danh sách tài khoản/CustomFunctions' successfully

16-10-2024T19:37:30 - [TEST_CASE][PASSED] - Test Cases/Quản lý tài khoản merchant/Quản lý danh sách tài khoản/CustomFunctions: Test Cases/Quản lý tài khoản merchant/Quản lý danh sách tài khoản/CustomFunctions

16-10-2024T19:37:30 - [TEST_STEP][PASSED] - driver = getWebDriver(): null

16-10-2024T19:37:30 - [TEST_STEP][PASSED] - sleep(2000): null

16-10-2024T19:37:32 - [TEST_STEP][PASSED] - element1 = driver.findElement(By.xpath(xpathManagerMC)): null

16-10-2024T19:37:32 - [TEST_STEP][PASSED] - actions = new org.openqa.selenium.interactions.Actions(driver): null

16-10-2024T19:37:32 - [TEST_STEP][PASSED] - click().perform(): null

16-10-2024T19:37:32 - [TEST_STEP][PASSED] - wait = new org.openqa.selenium.support.ui.WebDriverWait(com.kms.katalon.core.webui.driver.DriverFactory.getWebDriver(), 30): null

16-10-2024T19:37:32 - [TEST_STEP][PASSED] - element2 = wait.until(ExpectedConditions.elementToBeClickable(By.xpath(xpathManagerServiceMC))): null

16-10-2024T19:37:33 - [TEST_STEP][PASSED] - click().perform(): null

16-10-2024T19:37:33 - [MESSAGE][PASSED] - Call Test Case 'Test Cases/Quản lý tài khoản merchant/Quản lý danh sách tài khoản/CustomFunctions' successfully

16-10-2024T19:37:33 - [TEST_STEP][PASSED] - driver = getWebDriver(): null

16-10-2024T19:37:33 - [TEST_STEP][PASSED] - dropdown = driver.findElement(By.name("service_type")): null

16-10-2024T19:37:34 - [TEST_STEP][PASSED] - dropdownStt = driver.findElement(By.name("is_active")): null

16-10-2024T19:37:34 - [TEST_STEP][PASSED] - xpath("//option[@value='DEPOSIT_TRANSFER_VA']")).click(): null

16-10-2024T19:37:34 - [TEST_STEP][PASSED] - xpath("//option[@value="0"]")).click(): null

16-10-2024T19:37:35 - [TEST_STEP][PASSED] - click(findTestObject("Quản lý tài khoản merchant/Quản lý dịch vụ merchant/searchBtn")): Object: 'Object Repository/Quản lý tài khoản merchant/Quản lý dịch vụ merchant/searchBtn' is clicked on

16-10-2024T19:37:35 - [MESSAGE][PASSED] - Object: 'Object Repository/Quản lý tài khoản merchant/Quản lý dịch vụ merchant/searchBtn' is clicked on

16-10-2024T19:37:35 - [TEST_STEP][PASSED] - xpath = "//label[contains(@for, 'bank_va_TECHCOMBANK')]": null

16-10-2024T19:37:35 - [TEST_STEP][PASSED] - xpathSttInactive = "//td//span[contains(text(),'Không hoạt động')]": null

16-10-2024T19:37:35 - [TEST_STEP][PASSED] - elements = new java.util.ArrayList(): null

16-10-2024T19:37:35 - [TEST_STEP][PASSED] - SttInactives = new java.util.ArrayList(): null

16-10-2024T19:37:35 - [TEST_STEP][PASSED] - elements = driver.findElements(By.xpath(xpath)): null

16-10-2024T19:37:36 - [TEST_STEP][PASSED] - SttInactives = driver.findElements(By.xpath(xpathSttInactive)): null

16-10-2024T19:37:36 - [TEST_STEP][PASSED] - println("Số lượng phần tử: " + elements.size()): null

16-10-2024T19:37:36 - [TEST_STEP][PASSED] - println("Số lượng phần tử: " + SttInactives.size()): null

16-10-2024T19:37:36 - [TEST_STEP][PASSED] - expectedElements = 0: null

16-10-2024T19:37:36 - [TEST_STEP][PASSED] - expectedElementsStt = 1: null

16-10-2024T19:37:36 - [TEST_STEP][PASSED] - if (elements.size() == expectedElements && SttInactives.size() == expectedElementsStt): Test case đã pass với số lượng icon đúng.

16-10-2024T19:37:36 - [TEST_STEP][PASSED] - println("Số lượng icon tìm thấy là đúng: " + elements.size()): null

16-10-2024T19:37:36 - [TEST_STEP][PASSED] - markPassed("Test case đã pass với số lượng icon đúng."): Test case đã pass với số lượng icon đúng.

16-10-2024T19:37:36 - [MESSAGE][PASSED] - Test case đã pass với số lượng icon đúng.

16-10-2024T19:37:36 - [TEST_STEP][PASSED] - Start listener action : sampleAfterTestCase: null

16-10-2024T19:37:36 - [TEST_STEP][PASSED] - testCaseId = testCaseContext.getTestCaseId(): null

16-10-2024T19:37:36 - [TEST_STEP][PASSED] - if (testCaseId == "Test Cases/Quản lý tài khoản merchant/Quản lý dịch vụ merchant/TC_13_Kiểm tra chức năng xác nhận cấu hình thay đổi VA"): null]]></system-out>
         <system-err><![CDATA[]]></system-err>
      </testcase>
      <testcase name="Test Cases/Quản lý tài khoản merchant/Quản lý dịch vụ merchant/TC_11_Kiểm tra chức năng search khi chọn tên merchant đúng" time="11.935" classname="Test Cases/Quản lý tài khoản merchant/Quản lý dịch vụ merchant/TC_11_Kiểm tra chức năng search khi chọn tên merchant đúng" status="PASSED">
         <system-out><![CDATA[16-10-2024T19:37:36 - [TEST_CASE][PASSED] - Test Cases/Quản lý tài khoản merchant/Quản lý dịch vụ merchant/TC_11_Kiểm tra chức năng search khi chọn tên merchant đúng: Test Cases/Quản lý tài khoản merchant/Quản lý dịch vụ merchant/TC_11_Kiểm tra chức năng search khi chọn tên merchant đúng

16-10-2024T19:37:36 - [TEST_STEP][PASSED] - Start listener action : sampleBeforeTestCase: Navigate to 'https://stg-cms-console.9pay.mobi/login' successfully

16-10-2024T19:37:36 - [TEST_STEP][PASSED] - testCaseId = testCaseContext.getTestCaseId(): null

16-10-2024T19:37:36 - [TEST_STEP][PASSED] - url = <not implemented yet for class: org.codehaus.groovy.ast.expr.EmptyExpression>: null

16-10-2024T19:37:36 - [TEST_STEP][PASSED] - if (testCaseId == "Test Cases/Quản lý tài khoản merchant/Quản lý dịch vụ merchant/TC_14_Kiểm tra thay đổi sau khi cấu hình VA trên MCV"): null

16-10-2024T19:37:36 - [TEST_STEP][PASSED] - else: null

16-10-2024T19:37:36 - [TEST_STEP][PASSED] - url = "https://stg-cms-console.9pay.mobi/login": null

16-10-2024T19:37:36 - [TEST_STEP][PASSED] - openBrowser(""): Browser is opened with url: ''

16-10-2024T19:37:36 - [MESSAGE][WARNING] - A browser is already opened. Closing browser and opening a new one

16-10-2024T19:37:36 - [MESSAGE][INFO] - Starting 'Chrome' driver

16-10-2024T19:37:36 - [MESSAGE][INFO] - Action delay is set to 0 milliseconds

16-10-2024T19:37:37 - [MESSAGE][PASSED] - Browser is opened with url: ''

16-10-2024T19:37:37 - [TEST_STEP][PASSED] - maximizeWindow(): Current window maximized

16-10-2024T19:37:37 - [MESSAGE][PASSED] - Current window maximized

16-10-2024T19:37:37 - [TEST_STEP][PASSED] - navigateToUrl(url): Navigate to 'https://stg-cms-console.9pay.mobi/login' successfully

16-10-2024T19:37:39 - [MESSAGE][PASSED] - Navigate to 'https://stg-cms-console.9pay.mobi/login' successfully

16-10-2024T19:37:39 - [TEST_STEP][PASSED] - waitTime = Integer.parseInt(waitSecond): null

16-10-2024T19:37:39 - [TEST_STEP][PASSED] - callTestCase(findTestCase("Test Cases/Login/LoginCommon"), [:], STOP_ON_FAILURE): Call Test Case 'Test Cases/Login/LoginCommon' successfully

16-10-2024T19:37:39 - [TEST_CASE][PASSED] - Test Cases/Login/LoginCommon: Test Cases/Login/LoginCommon

16-10-2024T19:37:39 - [TEST_STEP][PASSED] - driver = getWebDriver(): null

16-10-2024T19:37:39 - [TEST_STEP][PASSED] - sendKeys(findTestObject("Quản lý tài khoản merchant/Quản lý dịch vụ merchant/userNameTextbox"), userAccount): Keys 'dannt@9pay.vn' sent to object: 'Object Repository/Quản lý tài khoản merchant/Quản lý dịch vụ merchant/userNameTextbox'

16-10-2024T19:37:39 - [MESSAGE][PASSED] - Keys 'dannt@9pay.vn' sent to object: 'Object Repository/Quản lý tài khoản merchant/Quản lý dịch vụ merchant/userNameTextbox'

16-10-2024T19:37:39 - [TEST_STEP][PASSED] - sendKeys(findTestObject("Quản lý tài khoản merchant/Quản lý dịch vụ merchant/passwordTextbox"), password): Keys 'dannt@9pay.vn' sent to object: 'Object Repository/Quản lý tài khoản merchant/Quản lý dịch vụ merchant/passwordTextbox'

16-10-2024T19:37:39 - [MESSAGE][PASSED] - Keys 'dannt@9pay.vn' sent to object: 'Object Repository/Quản lý tài khoản merchant/Quản lý dịch vụ merchant/passwordTextbox'

16-10-2024T19:37:39 - [TEST_STEP][PASSED] - click(findTestObject("Quản lý tài khoản merchant/Quản lý dịch vụ merchant/loginButton")): Object: 'Object Repository/Quản lý tài khoản merchant/Quản lý dịch vụ merchant/loginButton' is clicked on

16-10-2024T19:37:40 - [MESSAGE][PASSED] - Object: 'Object Repository/Quản lý tài khoản merchant/Quản lý dịch vụ merchant/loginButton' is clicked on

16-10-2024T19:37:40 - [MESSAGE][PASSED] - Call Test Case 'Test Cases/Login/LoginCommon' successfully

16-10-2024T19:37:40 - [TEST_STEP][PASSED] - waitForElementVisible(findTestObject("Trang chủ/userName"), waitTime, STOP_ON_FAILURE): Object 'Object Repository/Trang chủ/userName' is visible

16-10-2024T19:37:43 - [MESSAGE][PASSED] - Object 'Object Repository/Trang chủ/userName' is visible

16-10-2024T19:37:43 - [TEST_STEP][PASSED] - callTestCase(findTestCase("Test Cases/Quản lý tài khoản merchant/Quản lý danh sách tài khoản/CustomFunctions"), [:], STOP_ON_FAILURE): Call Test Case 'Test Cases/Quản lý tài khoản merchant/Quản lý danh sách tài khoản/CustomFunctions' successfully

16-10-2024T19:37:43 - [TEST_CASE][PASSED] - Test Cases/Quản lý tài khoản merchant/Quản lý danh sách tài khoản/CustomFunctions: Test Cases/Quản lý tài khoản merchant/Quản lý danh sách tài khoản/CustomFunctions

16-10-2024T19:37:43 - [TEST_STEP][PASSED] - driver = getWebDriver(): null

16-10-2024T19:37:43 - [TEST_STEP][PASSED] - sleep(2000): null

16-10-2024T19:37:45 - [TEST_STEP][PASSED] - element1 = driver.findElement(By.xpath(xpathManagerMC)): null

16-10-2024T19:37:45 - [TEST_STEP][PASSED] - actions = new org.openqa.selenium.interactions.Actions(driver): null

16-10-2024T19:37:45 - [TEST_STEP][PASSED] - click().perform(): null

16-10-2024T19:37:45 - [TEST_STEP][PASSED] - wait = new org.openqa.selenium.support.ui.WebDriverWait(com.kms.katalon.core.webui.driver.DriverFactory.getWebDriver(), 30): null

16-10-2024T19:37:45 - [TEST_STEP][PASSED] - element2 = wait.until(ExpectedConditions.elementToBeClickable(By.xpath(xpathManagerServiceMC))): null

16-10-2024T19:37:46 - [TEST_STEP][PASSED] - click().perform(): null

16-10-2024T19:37:46 - [MESSAGE][PASSED] - Call Test Case 'Test Cases/Quản lý tài khoản merchant/Quản lý danh sách tài khoản/CustomFunctions' successfully

16-10-2024T19:37:46 - [TEST_STEP][PASSED] - sendKeys(findTestObject("Quản lý tài khoản merchant/Quản lý dịch vụ merchant/accountName"), "dannt11"): Keys 'dannt11' sent to object: 'Object Repository/Quản lý tài khoản merchant/Quản lý dịch vụ merchant/accountName'

16-10-2024T19:37:47 - [MESSAGE][PASSED] - Keys 'dannt11' sent to object: 'Object Repository/Quản lý tài khoản merchant/Quản lý dịch vụ merchant/accountName'

16-10-2024T19:37:47 - [TEST_STEP][PASSED] - click(findTestObject("Quản lý tài khoản merchant/Quản lý dịch vụ merchant/searchBtn")): Object: 'Object Repository/Quản lý tài khoản merchant/Quản lý dịch vụ merchant/searchBtn' is clicked on

16-10-2024T19:37:47 - [MESSAGE][PASSED] - Object: 'Object Repository/Quản lý tài khoản merchant/Quản lý dịch vụ merchant/searchBtn' is clicked on

16-10-2024T19:37:47 - [TEST_STEP][PASSED] - verifyElementPresent(findTestObject("Quản lý tài khoản merchant/Quản lý dịch vụ merchant/accountNameWhenSearch"), 2): Object 'Object Repository/Quản lý tài khoản merchant/Quản lý dịch vụ merchant/accountNameWhenSearch' is present

16-10-2024T19:37:48 - [MESSAGE][PASSED] - Object 'Object Repository/Quản lý tài khoản merchant/Quản lý dịch vụ merchant/accountNameWhenSearch' is present

16-10-2024T19:37:48 - [TEST_STEP][PASSED] - Start listener action : sampleAfterTestCase: null

16-10-2024T19:37:48 - [TEST_STEP][PASSED] - testCaseId = testCaseContext.getTestCaseId(): null

16-10-2024T19:37:48 - [TEST_STEP][PASSED] - if (testCaseId == "Test Cases/Quản lý tài khoản merchant/Quản lý dịch vụ merchant/TC_13_Kiểm tra chức năng xác nhận cấu hình thay đổi VA"): null]]></system-out>
         <system-err><![CDATA[]]></system-err>
      </testcase>
      <testcase name="Test Cases/Quản lý tài khoản merchant/Quản lý dịch vụ merchant/TC_12_Kiểm tra chức năng search khi nhập tên merchant không đúng" time="10.386" classname="Test Cases/Quản lý tài khoản merchant/Quản lý dịch vụ merchant/TC_12_Kiểm tra chức năng search khi nhập tên merchant không đúng" status="PASSED">
         <system-out><![CDATA[16-10-2024T19:37:48 - [TEST_CASE][PASSED] - Test Cases/Quản lý tài khoản merchant/Quản lý dịch vụ merchant/TC_12_Kiểm tra chức năng search khi nhập tên merchant không đúng: Test Cases/Quản lý tài khoản merchant/Quản lý dịch vụ merchant/TC_12_Kiểm tra chức năng search khi nhập tên merchant không đúng

16-10-2024T19:37:48 - [TEST_STEP][PASSED] - Start listener action : sampleBeforeTestCase: Navigate to 'https://stg-cms-console.9pay.mobi/login' successfully

16-10-2024T19:37:48 - [TEST_STEP][PASSED] - testCaseId = testCaseContext.getTestCaseId(): null

16-10-2024T19:37:48 - [TEST_STEP][PASSED] - url = <not implemented yet for class: org.codehaus.groovy.ast.expr.EmptyExpression>: null

16-10-2024T19:37:48 - [TEST_STEP][PASSED] - if (testCaseId == "Test Cases/Quản lý tài khoản merchant/Quản lý dịch vụ merchant/TC_14_Kiểm tra thay đổi sau khi cấu hình VA trên MCV"): null

16-10-2024T19:37:48 - [TEST_STEP][PASSED] - else: null

16-10-2024T19:37:48 - [TEST_STEP][PASSED] - url = "https://stg-cms-console.9pay.mobi/login": null

16-10-2024T19:37:48 - [TEST_STEP][PASSED] - openBrowser(""): Browser is opened with url: ''

16-10-2024T19:37:48 - [MESSAGE][WARNING] - A browser is already opened. Closing browser and opening a new one

16-10-2024T19:37:48 - [MESSAGE][INFO] - Starting 'Chrome' driver

16-10-2024T19:37:48 - [MESSAGE][INFO] - Action delay is set to 0 milliseconds

16-10-2024T19:37:49 - [MESSAGE][PASSED] - Browser is opened with url: ''

16-10-2024T19:37:49 - [TEST_STEP][PASSED] - maximizeWindow(): Current window maximized

16-10-2024T19:37:49 - [MESSAGE][PASSED] - Current window maximized

16-10-2024T19:37:49 - [TEST_STEP][PASSED] - navigateToUrl(url): Navigate to 'https://stg-cms-console.9pay.mobi/login' successfully

16-10-2024T19:37:51 - [MESSAGE][PASSED] - Navigate to 'https://stg-cms-console.9pay.mobi/login' successfully

16-10-2024T19:37:51 - [TEST_STEP][PASSED] - waitTime = Integer.parseInt(waitSecond): null

16-10-2024T19:37:51 - [TEST_STEP][PASSED] - callTestCase(findTestCase("Test Cases/Login/LoginCommon"), [:], STOP_ON_FAILURE): Call Test Case 'Test Cases/Login/LoginCommon' successfully

16-10-2024T19:37:51 - [TEST_CASE][PASSED] - Test Cases/Login/LoginCommon: Test Cases/Login/LoginCommon

16-10-2024T19:37:51 - [TEST_STEP][PASSED] - driver = getWebDriver(): null

16-10-2024T19:37:51 - [TEST_STEP][PASSED] - sendKeys(findTestObject("Quản lý tài khoản merchant/Quản lý dịch vụ merchant/userNameTextbox"), userAccount): Keys 'dannt@9pay.vn' sent to object: 'Object Repository/Quản lý tài khoản merchant/Quản lý dịch vụ merchant/userNameTextbox'

16-10-2024T19:37:51 - [MESSAGE][PASSED] - Keys 'dannt@9pay.vn' sent to object: 'Object Repository/Quản lý tài khoản merchant/Quản lý dịch vụ merchant/userNameTextbox'

16-10-2024T19:37:51 - [TEST_STEP][PASSED] - sendKeys(findTestObject("Quản lý tài khoản merchant/Quản lý dịch vụ merchant/passwordTextbox"), password): Keys 'dannt@9pay.vn' sent to object: 'Object Repository/Quản lý tài khoản merchant/Quản lý dịch vụ merchant/passwordTextbox'

16-10-2024T19:37:51 - [MESSAGE][PASSED] - Keys 'dannt@9pay.vn' sent to object: 'Object Repository/Quản lý tài khoản merchant/Quản lý dịch vụ merchant/passwordTextbox'

16-10-2024T19:37:51 - [TEST_STEP][PASSED] - click(findTestObject("Quản lý tài khoản merchant/Quản lý dịch vụ merchant/loginButton")): Object: 'Object Repository/Quản lý tài khoản merchant/Quản lý dịch vụ merchant/loginButton' is clicked on

16-10-2024T19:37:52 - [MESSAGE][PASSED] - Object: 'Object Repository/Quản lý tài khoản merchant/Quản lý dịch vụ merchant/loginButton' is clicked on

16-10-2024T19:37:52 - [MESSAGE][PASSED] - Call Test Case 'Test Cases/Login/LoginCommon' successfully

16-10-2024T19:37:52 - [TEST_STEP][PASSED] - waitForElementVisible(findTestObject("Trang chủ/userName"), waitTime, STOP_ON_FAILURE): Object 'Object Repository/Trang chủ/userName' is visible

16-10-2024T19:37:53 - [MESSAGE][PASSED] - Object 'Object Repository/Trang chủ/userName' is visible

16-10-2024T19:37:53 - [TEST_STEP][PASSED] - callTestCase(findTestCase("Test Cases/Quản lý tài khoản merchant/Quản lý danh sách tài khoản/CustomFunctions"), [:], STOP_ON_FAILURE): Call Test Case 'Test Cases/Quản lý tài khoản merchant/Quản lý danh sách tài khoản/CustomFunctions' successfully

16-10-2024T19:37:53 - [TEST_CASE][PASSED] - Test Cases/Quản lý tài khoản merchant/Quản lý danh sách tài khoản/CustomFunctions: Test Cases/Quản lý tài khoản merchant/Quản lý danh sách tài khoản/CustomFunctions

16-10-2024T19:37:53 - [TEST_STEP][PASSED] - driver = getWebDriver(): null

16-10-2024T19:37:53 - [TEST_STEP][PASSED] - sleep(2000): null

16-10-2024T19:37:55 - [TEST_STEP][PASSED] - element1 = driver.findElement(By.xpath(xpathManagerMC)): null

16-10-2024T19:37:56 - [TEST_STEP][PASSED] - actions = new org.openqa.selenium.interactions.Actions(driver): null

16-10-2024T19:37:56 - [TEST_STEP][PASSED] - click().perform(): null

16-10-2024T19:37:56 - [TEST_STEP][PASSED] - wait = new org.openqa.selenium.support.ui.WebDriverWait(com.kms.katalon.core.webui.driver.DriverFactory.getWebDriver(), 30): null

16-10-2024T19:37:56 - [TEST_STEP][PASSED] - element2 = wait.until(ExpectedConditions.elementToBeClickable(By.xpath(xpathManagerServiceMC))): null

16-10-2024T19:37:56 - [TEST_STEP][PASSED] - click().perform(): null

16-10-2024T19:37:56 - [MESSAGE][PASSED] - Call Test Case 'Test Cases/Quản lý tài khoản merchant/Quản lý danh sách tài khoản/CustomFunctions' successfully

16-10-2024T19:37:56 - [TEST_STEP][PASSED] - sendKeys(findTestObject("Quản lý tài khoản merchant/Quản lý dịch vụ merchant/accountName"), "dannt11222"): Keys 'dannt11222' sent to object: 'Object Repository/Quản lý tài khoản merchant/Quản lý dịch vụ merchant/accountName'

16-10-2024T19:37:58 - [MESSAGE][PASSED] - Keys 'dannt11222' sent to object: 'Object Repository/Quản lý tài khoản merchant/Quản lý dịch vụ merchant/accountName'

16-10-2024T19:37:58 - [TEST_STEP][PASSED] - click(findTestObject("Quản lý tài khoản merchant/Quản lý dịch vụ merchant/searchBtn")): Object: 'Object Repository/Quản lý tài khoản merchant/Quản lý dịch vụ merchant/searchBtn' is clicked on

16-10-2024T19:37:58 - [MESSAGE][PASSED] - Object: 'Object Repository/Quản lý tài khoản merchant/Quản lý dịch vụ merchant/searchBtn' is clicked on

16-10-2024T19:37:58 - [TEST_STEP][PASSED] - textSearchIncorect = getText(findTestObject("Quản lý tài khoản merchant/Quản lý dịch vụ merchant/textSearchIncorect")): Text of object 'Object Repository/Quản lý tài khoản merchant/Quản lý dịch vụ merchant/textSearchIncorect' is: 'Không tìm thấy dữ liệu.'

16-10-2024T19:37:58 - [MESSAGE][PASSED] - Text of object 'Object Repository/Quản lý tài khoản merchant/Quản lý dịch vụ merchant/textSearchIncorect' is: 'Không tìm thấy dữ liệu.'

16-10-2024T19:37:58 - [TEST_STEP][PASSED] - verifyEqual(textSearchIncorect, "Không tìm thấy dữ liệu."): Actual object 'Không tìm thấy dữ liệu.' and expected object 'Không tìm thấy dữ liệu.' are equal

16-10-2024T19:37:58 - [MESSAGE][PASSED] - Actual object 'Không tìm thấy dữ liệu.' and expected object 'Không tìm thấy dữ liệu.' are equal

16-10-2024T19:37:58 - [TEST_STEP][PASSED] - Start listener action : sampleAfterTestCase: null

16-10-2024T19:37:58 - [TEST_STEP][PASSED] - testCaseId = testCaseContext.getTestCaseId(): null

16-10-2024T19:37:58 - [TEST_STEP][PASSED] - if (testCaseId == "Test Cases/Quản lý tài khoản merchant/Quản lý dịch vụ merchant/TC_13_Kiểm tra chức năng xác nhận cấu hình thay đổi VA"): null]]></system-out>
         <system-err><![CDATA[]]></system-err>
      </testcase>
      <testcase name="Test Cases/Quản lý tài khoản merchant/Quản lý dịch vụ merchant/TC_13_Kiểm tra chức năng xác nhận cấu hình thay đổi VA" time="57.468" classname="Test Cases/Quản lý tài khoản merchant/Quản lý dịch vụ merchant/TC_13_Kiểm tra chức năng xác nhận cấu hình thay đổi VA" status="PASSED">
         <system-out><![CDATA[16-10-2024T19:37:58 - [TEST_CASE][PASSED] - Test Cases/Quản lý tài khoản merchant/Quản lý dịch vụ merchant/TC_13_Kiểm tra chức năng xác nhận cấu hình thay đổi VA: Test Cases/Quản lý tài khoản merchant/Quản lý dịch vụ merchant/TC_13_Kiểm tra chức năng xác nhận cấu hình thay đổi VA

16-10-2024T19:37:58 - [TEST_STEP][PASSED] - Start listener action : sampleBeforeTestCase: Navigate to 'https://stg-cms-console.9pay.mobi/login' successfully

16-10-2024T19:37:58 - [TEST_STEP][PASSED] - testCaseId = testCaseContext.getTestCaseId(): null

16-10-2024T19:37:58 - [TEST_STEP][PASSED] - url = <not implemented yet for class: org.codehaus.groovy.ast.expr.EmptyExpression>: null

16-10-2024T19:37:58 - [TEST_STEP][PASSED] - if (testCaseId == "Test Cases/Quản lý tài khoản merchant/Quản lý dịch vụ merchant/TC_14_Kiểm tra thay đổi sau khi cấu hình VA trên MCV"): null

16-10-2024T19:37:58 - [TEST_STEP][PASSED] - else: null

16-10-2024T19:37:58 - [TEST_STEP][PASSED] - url = "https://stg-cms-console.9pay.mobi/login": null

16-10-2024T19:37:58 - [TEST_STEP][PASSED] - openBrowser(""): Browser is opened with url: ''

16-10-2024T19:37:58 - [MESSAGE][WARNING] - A browser is already opened. Closing browser and opening a new one

16-10-2024T19:37:59 - [MESSAGE][INFO] - Starting 'Chrome' driver

16-10-2024T19:37:59 - [MESSAGE][INFO] - Action delay is set to 0 milliseconds

16-10-2024T19:37:59 - [MESSAGE][PASSED] - Browser is opened with url: ''

16-10-2024T19:37:59 - [TEST_STEP][PASSED] - maximizeWindow(): Current window maximized

16-10-2024T19:37:59 - [MESSAGE][PASSED] - Current window maximized

16-10-2024T19:37:59 - [TEST_STEP][PASSED] - navigateToUrl(url): Navigate to 'https://stg-cms-console.9pay.mobi/login' successfully

16-10-2024T19:38:01 - [MESSAGE][PASSED] - Navigate to 'https://stg-cms-console.9pay.mobi/login' successfully

16-10-2024T19:38:01 - [TEST_STEP][PASSED] - waitTime = Integer.parseInt(waitSecond): null

16-10-2024T19:38:01 - [TEST_STEP][PASSED] - callTestCase(findTestCase("Test Cases/Login/LoginCommon"), [:], STOP_ON_FAILURE): Call Test Case 'Test Cases/Login/LoginCommon' successfully

16-10-2024T19:38:01 - [TEST_CASE][PASSED] - Test Cases/Login/LoginCommon: Test Cases/Login/LoginCommon

16-10-2024T19:38:01 - [TEST_STEP][PASSED] - driver = getWebDriver(): null

16-10-2024T19:38:01 - [TEST_STEP][PASSED] - sendKeys(findTestObject("Quản lý tài khoản merchant/Quản lý dịch vụ merchant/userNameTextbox"), userAccount): Keys 'dannt@9pay.vn' sent to object: 'Object Repository/Quản lý tài khoản merchant/Quản lý dịch vụ merchant/userNameTextbox'

16-10-2024T19:38:02 - [MESSAGE][PASSED] - Keys 'dannt@9pay.vn' sent to object: 'Object Repository/Quản lý tài khoản merchant/Quản lý dịch vụ merchant/userNameTextbox'

16-10-2024T19:38:02 - [TEST_STEP][PASSED] - sendKeys(findTestObject("Quản lý tài khoản merchant/Quản lý dịch vụ merchant/passwordTextbox"), password): Keys 'dannt@9pay.vn' sent to object: 'Object Repository/Quản lý tài khoản merchant/Quản lý dịch vụ merchant/passwordTextbox'

16-10-2024T19:38:02 - [MESSAGE][PASSED] - Keys 'dannt@9pay.vn' sent to object: 'Object Repository/Quản lý tài khoản merchant/Quản lý dịch vụ merchant/passwordTextbox'

16-10-2024T19:38:02 - [TEST_STEP][PASSED] - click(findTestObject("Quản lý tài khoản merchant/Quản lý dịch vụ merchant/loginButton")): Object: 'Object Repository/Quản lý tài khoản merchant/Quản lý dịch vụ merchant/loginButton' is clicked on

16-10-2024T19:38:02 - [MESSAGE][PASSED] - Object: 'Object Repository/Quản lý tài khoản merchant/Quản lý dịch vụ merchant/loginButton' is clicked on

16-10-2024T19:38:02 - [MESSAGE][PASSED] - Call Test Case 'Test Cases/Login/LoginCommon' successfully

16-10-2024T19:38:02 - [TEST_STEP][PASSED] - waitForElementVisible(findTestObject("Trang chủ/userName"), waitTime, STOP_ON_FAILURE): Object 'Object Repository/Trang chủ/userName' is visible

16-10-2024T19:38:12 - [MESSAGE][PASSED] - Object 'Object Repository/Trang chủ/userName' is visible

16-10-2024T19:38:12 - [TEST_STEP][PASSED] - callTestCase(findTestCase("Test Cases/Quản lý tài khoản merchant/Quản lý danh sách tài khoản/CustomFunctions"), [:], STOP_ON_FAILURE): Call Test Case 'Test Cases/Quản lý tài khoản merchant/Quản lý danh sách tài khoản/CustomFunctions' successfully

16-10-2024T19:38:12 - [TEST_CASE][PASSED] - Test Cases/Quản lý tài khoản merchant/Quản lý danh sách tài khoản/CustomFunctions: Test Cases/Quản lý tài khoản merchant/Quản lý danh sách tài khoản/CustomFunctions

16-10-2024T19:38:12 - [TEST_STEP][PASSED] - driver = getWebDriver(): null

16-10-2024T19:38:12 - [TEST_STEP][PASSED] - sleep(2000): null

16-10-2024T19:38:14 - [TEST_STEP][PASSED] - element1 = driver.findElement(By.xpath(xpathManagerMC)): null

16-10-2024T19:38:14 - [TEST_STEP][PASSED] - actions = new org.openqa.selenium.interactions.Actions(driver): null

16-10-2024T19:38:14 - [TEST_STEP][PASSED] - click().perform(): null

16-10-2024T19:38:14 - [TEST_STEP][PASSED] - wait = new org.openqa.selenium.support.ui.WebDriverWait(com.kms.katalon.core.webui.driver.DriverFactory.getWebDriver(), 30): null

16-10-2024T19:38:14 - [TEST_STEP][PASSED] - element2 = wait.until(ExpectedConditions.elementToBeClickable(By.xpath(xpathManagerServiceMC))): null

16-10-2024T19:38:15 - [TEST_STEP][PASSED] - click().perform(): null

16-10-2024T19:38:15 - [MESSAGE][PASSED] - Call Test Case 'Test Cases/Quản lý tài khoản merchant/Quản lý danh sách tài khoản/CustomFunctions' successfully

16-10-2024T19:38:15 - [TEST_STEP][PASSED] - click(findTestObject("Quản lý tài khoản merchant/Quản lý dịch vụ merchant/iconTime")): Object: 'Object Repository/Quản lý tài khoản merchant/Quản lý dịch vụ merchant/iconTime' is clicked on

16-10-2024T19:38:18 - [MESSAGE][PASSED] - Object: 'Object Repository/Quản lý tài khoản merchant/Quản lý dịch vụ merchant/iconTime' is clicked on

16-10-2024T19:38:18 - [TEST_STEP][PASSED] - driver = getWebDriver(): null

16-10-2024T19:38:18 - [TEST_STEP][PASSED] - wait = new org.openqa.selenium.support.ui.WebDriverWait(com.kms.katalon.core.webui.driver.DriverFactory.getWebDriver(), 10): null

16-10-2024T19:38:18 - [TEST_STEP][PASSED] - iconClick = driver.findElement(By.xpath(xpathDropdownSwitchFrom)): null

16-10-2024T19:38:19 - [TEST_STEP][PASSED] - iconClick.click(): null

16-10-2024T19:38:19 - [TEST_STEP][PASSED] - techcombankOtp = driver.findElement(By.xpath(xpathOptionTCB)): null

16-10-2024T19:38:19 - [TEST_STEP][PASSED] - textTech = techcombankOtp.getText(): null

16-10-2024T19:38:19 - [TEST_STEP][PASSED] - println("Đoạn văn: " + textTech): null

16-10-2024T19:38:19 - [TEST_STEP][PASSED] - techcombankOtp.click(): null

16-10-2024T19:38:19 - [TEST_STEP][PASSED] - matcher = textTech =~ "\bTECHCOMBANK\b": null

16-10-2024T19:38:19 - [TEST_STEP][PASSED] - techcombank = (matcher.find()) ? matcher.group() : : null

16-10-2024T19:38:19 - [TEST_STEP][PASSED] - iconClick2 = driver.findElement(By.xpath(xpathDropdownSwitchTo)): null

16-10-2024T19:38:20 - [TEST_STEP][PASSED] - iconClick2.click(): null

16-10-2024T19:38:20 - [TEST_STEP][PASSED] - element2 = driver.findElement(By.xpath(xpathOptionVPTo)): null

16-10-2024T19:38:20 - [TEST_STEP][PASSED] - element2.click(): null

16-10-2024T19:38:20 - [TEST_STEP][PASSED] - xpath(xpathDatePicker)).click(): null

16-10-2024T19:38:20 - [TEST_STEP][PASSED] - xpath(xpathOkBtn)).click(): null

16-10-2024T19:38:21 - [TEST_STEP][PASSED] - xpath(xpathOkBtn)).click(): null

16-10-2024T19:38:21 - [TEST_STEP][PASSED] - now = new java.util.Date(): null

16-10-2024T19:38:21 - [TEST_STEP][PASSED] - sdf1 = new java.text.SimpleDateFormat(mm): null

16-10-2024T19:38:21 - [TEST_STEP][PASSED] - formattedDate1 = sdf1.format(now): null

16-10-2024T19:38:21 - [TEST_STEP][PASSED] - currentMinute1 = Integer.parseInt(formattedDate1) + 1: null

16-10-2024T19:38:21 - [TEST_STEP][PASSED] - dateXpath1 = "m-" + currentMinute1: null

16-10-2024T19:38:21 - [TEST_STEP][PASSED] - clock3 = "//div[@class='dtp']/descendant::*[name()='circle' and @id='" + dateXpath1 + "']": null

16-10-2024T19:38:21 - [TEST_STEP][PASSED] - println("element: " + clock3): null

16-10-2024T19:38:21 - [TEST_STEP][PASSED] - clock4 = wait.until(ExpectedConditions.elementToBeClickable(By.xpath(clock3))): null

16-10-2024T19:38:22 - [TEST_STEP][PASSED] - script1 = "var event = new MouseEvent('click', {" + "view: window," + "bubbles: true," + "cancelable: true" + "});" + "arguments[0].dispatchEvent(event);": null

16-10-2024T19:38:22 - [TEST_STEP][PASSED] - driver.executeScript(script1, clock4): null

16-10-2024T19:38:22 - [TEST_STEP][PASSED] - xpath(xpathOkBtn)).click(): null

16-10-2024T19:38:22 - [TEST_STEP][PASSED] - xpath(xpathDatePickerEnd)).click(): null

16-10-2024T19:38:23 - [TEST_STEP][PASSED] - xpath(xpathBtnOkEnd)).click(): null

16-10-2024T19:38:23 - [TEST_STEP][PASSED] - xpath(xpathBtnOkEnd)).click(): null

16-10-2024T19:38:23 - [TEST_STEP][PASSED] - sdf = new java.text.SimpleDateFormat(mm): null

16-10-2024T19:38:23 - [TEST_STEP][PASSED] - formattedDate = sdf.format(now): null

16-10-2024T19:38:23 - [TEST_STEP][PASSED] - currentMinute = Integer.parseInt(formattedDate) + 2: null

16-10-2024T19:38:23 - [TEST_STEP][PASSED] - dateXpath = "m-" + currentMinute: null

16-10-2024T19:38:23 - [TEST_STEP][PASSED] - clock2 = "//div[@class='dtp']/descendant::*[name()='circle' and @id='" + dateXpath + "']": null

16-10-2024T19:38:23 - [TEST_STEP][PASSED] - clock1 = wait.until(ExpectedConditions.elementToBeClickable(By.xpath(clock2))): null

16-10-2024T19:38:24 - [TEST_STEP][PASSED] - script = "var event = new MouseEvent('click', {" + "view: window," + "bubbles: true," + "cancelable: true" + "});" + "arguments[0].dispatchEvent(event);": null

16-10-2024T19:38:24 - [TEST_STEP][PASSED] - driver.executeScript(script, clock1): null

16-10-2024T19:38:24 - [TEST_STEP][PASSED] - xpath(xpathBtnOkEnd)).click(): null

16-10-2024T19:38:24 - [TEST_STEP][PASSED] - xpath(xpathOptionBack)).click(): null

16-10-2024T19:38:25 - [TEST_STEP][PASSED] - xpath(xpathOptionTCBBack)).click(): null

16-10-2024T19:38:25 - [TEST_STEP][PASSED] - xpath(xpathUpdateBtn)).click(): null

16-10-2024T19:38:25 - [TEST_STEP][PASSED] - xpath("//button[normalize-space()='Ok']")).click(): null

16-10-2024T19:38:26 - [TEST_STEP][PASSED] - Start listener action : sampleAfterTestCase: null

16-10-2024T19:38:26 - [TEST_STEP][PASSED] - testCaseId = testCaseContext.getTestCaseId(): null

16-10-2024T19:38:26 - [TEST_STEP][PASSED] - if (testCaseId == "Test Cases/Quản lý tài khoản merchant/Quản lý dịch vụ merchant/TC_13_Kiểm tra chức năng xác nhận cấu hình thay đổi VA"): null

16-10-2024T19:38:26 - [TEST_STEP][PASSED] - Thread.sleep(30000): null]]></system-out>
         <system-err><![CDATA[]]></system-err>
      </testcase>
      <testcase name="Test Cases/Quản lý tài khoản merchant/Quản lý dịch vụ merchant/TC_14_Kiểm tra thay đổi sau khi cấu hình VA trên MCV" time="43.489" classname="Test Cases/Quản lý tài khoản merchant/Quản lý dịch vụ merchant/TC_14_Kiểm tra thay đổi sau khi cấu hình VA trên MCV" status="ERROR">
         <error type="ERROR" message="Test Cases/Quản lý tài khoản merchant/Quản lý dịch vụ merchant/TC_14_Kiểm tra thay đổi sau khi cấu hình VA trên MCV FAILED.&#xa;Reason:&#xa;org.openqa.selenium.TimeoutException: Expected condition failed: waiting for visibility of element located by By.xpath: //div[contains(text(),'VPBANK')] (tried for 30 second(s) with 500 milliseconds interval)&#xa;	at org.openqa.selenium.support.ui.WebDriverWait.timeoutException(WebDriverWait.java:95)&#xa;	at org.openqa.selenium.support.ui.FluentWait.until(FluentWait.java:272)&#xa;	at TC_14_Kiểm tra thay đổi sau khi cấu hình VA trên MCV.run(TC_14_Kiểm tra thay đổi sau khi cấu hình VA trên MCV:34)&#xa;	at com.kms.katalon.core.main.ScriptEngine.run(ScriptEngine.java:194)&#xa;	at com.kms.katalon.core.main.ScriptEngine.runScriptAsRawText(ScriptEngine.java:119)&#xa;	at com.kms.katalon.core.main.TestCaseExecutor.runScript(TestCaseExecutor.java:448)&#xa;	at com.kms.katalon.core.main.TestCaseExecutor.doExecute(TestCaseExecutor.java:439)&#xa;	at com.kms.katalon.core.main.TestCaseExecutor.processExecutionPhase(TestCaseExecutor.java:418)&#xa;	at com.kms.katalon.core.main.TestCaseExecutor.accessMainPhase(TestCaseExecutor.java:410)&#xa;	at com.kms.katalon.core.main.TestCaseExecutor.execute(TestCaseExecutor.java:285)&#xa;	at com.kms.katalon.core.common.CommonExecutor.accessTestCaseMainPhase(CommonExecutor.java:65)&#xa;	at com.kms.katalon.core.main.TestSuiteExecutor.accessTestSuiteMainPhase(TestSuiteExecutor.java:150)&#xa;	at com.kms.katalon.core.main.TestSuiteExecutor.execute(TestSuiteExecutor.java:106)&#xa;	at com.kms.katalon.core.main.TestCaseMain.startTestSuite(TestCaseMain.java:180)&#xa;	at TempTestSuite1729082116599.run(TempTestSuite1729082116599.groovy:35)&#xa;	at java.base/jdk.internal.reflect.NativeMethodAccessorImpl.invoke0(Native Method)&#xa;	at java.base/jdk.internal.reflect.NativeMethodAccessorImpl.invoke(NativeMethodAccessorImpl.java:77)&#xa;	at java.base/jdk.internal.reflect.DelegatingMethodAccessorImpl.invoke(DelegatingMethodAccessorImpl.java:43)&#xa;Caused by: org.openqa.selenium.NoSuchElementException: no such element: Unable to locate element: {&quot;method&quot;:&quot;xpath&quot;,&quot;selector&quot;:&quot;//div[contains(text(),'VPBANK')]&quot;}&#xa;  (Session info: chrome=130.0.6723.59)&#xa;For documentation on this error, please visit: https://www.seleniumhq.org/exceptions/no_such_element.html&#xa;Build info: version: '3.141.59', revision: 'unknown', time: 'unknown'&#xa;System info: host: 'Aidans-Macbook.local', ip: '2405:4803:fd90:9ef0:b0c9:6dde:81ec:56fd%en0', os.name: 'Mac OS X', os.arch: 'aarch64', os.version: '14.5', java.version: '17.0.7'&#xa;Driver info: com.kms.katalon.selenium.driver.CChromeDriver&#xa;Capabilities {acceptInsecureCerts: false, browserName: chrome, browserVersion: 130.0.6723.59, chrome: {chromedriverVersion: 129.0.6668.100 (cf58cba358d..., userDataDir: /var/folders/w1/k98vh2j97rz...}, fedcm:accounts: true, goog:chromeOptions: {debuggerAddress: localhost:57582}, javascriptEnabled: true, networkConnectionEnabled: false, pageLoadStrategy: normal, platform: MAC, platformName: MAC, proxy: Proxy(), setWindowRect: true, strictFileInteractability: false, timeouts: {implicit: 0, pageLoad: 300000, script: 30000}, unhandledPromptBehavior: dismiss and notify, webauthn:extension:credBlob: true, webauthn:extension:largeBlob: true, webauthn:extension:minPinLength: true, webauthn:extension:prf: true, webauthn:virtualAuthenticators: true}&#xa;Session ID: 5ea93557c6726eb96adeb26908b97f20&#xa;*** Element info: {Using=xpath, value=//div[contains(text(),'VPBANK')]}&#xa;	at java.base/jdk.internal.reflect.NativeConstructorAccessorImpl.newInstance0(Native Method)&#xa;	at java.base/jdk.internal.reflect.NativeConstructorAccessorImpl.newInstance(NativeConstructorAccessorImpl.java:77)&#xa;	at java.base/jdk.internal.reflect.DelegatingConstructorAccessorImpl.newInstance(DelegatingConstructorAccessorImpl.java:45)&#xa;	at org.openqa.selenium.remote.http.W3CHttpResponseCodec.createException(W3CHttpResponseCodec.java:187)&#xa;	at org.openqa.selenium.remote.http.W3CHttpResponseCodec.decode(W3CHttpResponseCodec.java:122)&#xa;	at org.openqa.selenium.remote.http.W3CHttpResponseCodec.decode(W3CHttpResponseCodec.java:49)&#xa;	at org.openqa.selenium.remote.HttpCommandExecutor.execute(HttpCommandExecutor.java:158)&#xa;	at org.openqa.selenium.remote.service.DriverCommandExecutor.execute(DriverCommandExecutor.java:83)&#xa;	at org.openqa.selenium.remote.RemoteWebDriver.execute(RemoteWebDriver.java:552)&#xa;	at com.kms.katalon.selenium.driver.CChromeDriver.execute(CChromeDriver.java:19)&#xa;	at org.openqa.selenium.remote.RemoteWebDriver.findElement(RemoteWebDriver.java:323)&#xa;	at org.openqa.selenium.remote.RemoteWebDriver.findElementByXPath(RemoteWebDriver.java:428)&#xa;	at org.openqa.selenium.By$ByXPath.findElement(By.java:353)&#xa;	at org.openqa.selenium.remote.RemoteWebDriver.findElement(RemoteWebDriver.java:315)&#xa;	at jdk.internal.reflect.GeneratedMethodAccessor15.invoke(Unknown Source)&#xa;	at java.base/jdk.internal.reflect.DelegatingMethodAccessorImpl.invoke(DelegatingMethodAccessorImpl.java:43)&#xa;	at org.openqa.selenium.support.events.EventFiringWebDriver.lambda$new$1(EventFiringWebDriver.java:105)&#xa;	at jdk.proxy2/jdk.proxy2.$Proxy22.findElement(Unknown Source)&#xa;	at org.openqa.selenium.support.events.EventFiringWebDriver.findElement(EventFiringWebDriver.java:194)&#xa;	at org.openqa.selenium.support.ui.ExpectedConditions$7.apply(ExpectedConditions.java:205)&#xa;	at org.openqa.selenium.support.ui.ExpectedConditions$7.apply(ExpectedConditions.java:201)&#xa;	at org.openqa.selenium.support.ui.FluentWait.until(FluentWait.java:249)&#xa;	... 16 more&#xa;"/>
         <system-out><![CDATA[16-10-2024T19:38:56 - [TEST_CASE][ERROR] - Test Cases/Quản lý tài khoản merchant/Quản lý dịch vụ merchant/TC_14_Kiểm tra thay đổi sau khi cấu hình VA trên MCV: Test Cases/Quản lý tài khoản merchant/Quản lý dịch vụ merchant/TC_14_Kiểm tra thay đổi sau khi cấu hình VA trên MCV FAILED.
Reason:
org.openqa.selenium.TimeoutException: Expected condition failed: waiting for visibility of element located by By.xpath: //div[contains(text(),'VPBANK')] (tried for 30 second(s) with 500 milliseconds interval)
	at org.openqa.selenium.support.ui.WebDriverWait.timeoutException(WebDriverWait.java:95)
	at org.openqa.selenium.support.ui.FluentWait.until(FluentWait.java:272)
	at TC_14_Kiểm tra thay đổi sau khi cấu hình VA trên MCV.run(TC_14_Kiểm tra thay đổi sau khi cấu hình VA trên MCV:34)
	at com.kms.katalon.core.main.ScriptEngine.run(ScriptEngine.java:194)
	at com.kms.katalon.core.main.ScriptEngine.runScriptAsRawText(ScriptEngine.java:119)
	at com.kms.katalon.core.main.TestCaseExecutor.runScript(TestCaseExecutor.java:448)
	at com.kms.katalon.core.main.TestCaseExecutor.doExecute(TestCaseExecutor.java:439)
	at com.kms.katalon.core.main.TestCaseExecutor.processExecutionPhase(TestCaseExecutor.java:418)
	at com.kms.katalon.core.main.TestCaseExecutor.accessMainPhase(TestCaseExecutor.java:410)
	at com.kms.katalon.core.main.TestCaseExecutor.execute(TestCaseExecutor.java:285)
	at com.kms.katalon.core.common.CommonExecutor.accessTestCaseMainPhase(CommonExecutor.java:65)
	at com.kms.katalon.core.main.TestSuiteExecutor.accessTestSuiteMainPhase(TestSuiteExecutor.java:150)
	at com.kms.katalon.core.main.TestSuiteExecutor.execute(TestSuiteExecutor.java:106)
	at com.kms.katalon.core.main.TestCaseMain.startTestSuite(TestCaseMain.java:180)
	at TempTestSuite1729082116599.run(TempTestSuite1729082116599.groovy:35)
	at java.base/jdk.internal.reflect.NativeMethodAccessorImpl.invoke0(Native Method)
	at java.base/jdk.internal.reflect.NativeMethodAccessorImpl.invoke(NativeMethodAccessorImpl.java:77)
	at java.base/jdk.internal.reflect.DelegatingMethodAccessorImpl.invoke(DelegatingMethodAccessorImpl.java:43)
Caused by: org.openqa.selenium.NoSuchElementException: no such element: Unable to locate element: {"method":"xpath","selector":"//div[contains(text(),'VPBANK')]"}
  (Session info: chrome=130.0.6723.59)
For documentation on this error, please visit: https://www.seleniumhq.org/exceptions/no_such_element.html
Build info: version: '3.141.59', revision: 'unknown', time: 'unknown'
System info: host: 'Aidans-Macbook.local', ip: '2405:4803:fd90:9ef0:b0c9:6dde:81ec:56fd%en0', os.name: 'Mac OS X', os.arch: 'aarch64', os.version: '14.5', java.version: '17.0.7'
Driver info: com.kms.katalon.selenium.driver.CChromeDriver
Capabilities {acceptInsecureCerts: false, browserName: chrome, browserVersion: 130.0.6723.59, chrome: {chromedriverVersion: 129.0.6668.100 (cf58cba358d..., userDataDir: /var/folders/w1/k98vh2j97rz...}, fedcm:accounts: true, goog:chromeOptions: {debuggerAddress: localhost:57582}, javascriptEnabled: true, networkConnectionEnabled: false, pageLoadStrategy: normal, platform: MAC, platformName: MAC, proxy: Proxy(), setWindowRect: true, strictFileInteractability: false, timeouts: {implicit: 0, pageLoad: 300000, script: 30000}, unhandledPromptBehavior: dismiss and notify, webauthn:extension:credBlob: true, webauthn:extension:largeBlob: true, webauthn:extension:minPinLength: true, webauthn:extension:prf: true, webauthn:virtualAuthenticators: true}
Session ID: 5ea93557c6726eb96adeb26908b97f20
*** Element info: {Using=xpath, value=//div[contains(text(),'VPBANK')]}
	at java.base/jdk.internal.reflect.NativeConstructorAccessorImpl.newInstance0(Native Method)
	at java.base/jdk.internal.reflect.NativeConstructorAccessorImpl.newInstance(NativeConstructorAccessorImpl.java:77)
	at java.base/jdk.internal.reflect.DelegatingConstructorAccessorImpl.newInstance(DelegatingConstructorAccessorImpl.java:45)
	at org.openqa.selenium.remote.http.W3CHttpResponseCodec.createException(W3CHttpResponseCodec.java:187)
	at org.openqa.selenium.remote.http.W3CHttpResponseCodec.decode(W3CHttpResponseCodec.java:122)
	at org.openqa.selenium.remote.http.W3CHttpResponseCodec.decode(W3CHttpResponseCodec.java:49)
	at org.openqa.selenium.remote.HttpCommandExecutor.execute(HttpCommandExecutor.java:158)
	at org.openqa.selenium.remote.service.DriverCommandExecutor.execute(DriverCommandExecutor.java:83)
	at org.openqa.selenium.remote.RemoteWebDriver.execute(RemoteWebDriver.java:552)
	at com.kms.katalon.selenium.driver.CChromeDriver.execute(CChromeDriver.java:19)
	at org.openqa.selenium.remote.RemoteWebDriver.findElement(RemoteWebDriver.java:323)
	at org.openqa.selenium.remote.RemoteWebDriver.findElementByXPath(RemoteWebDriver.java:428)
	at org.openqa.selenium.By$ByXPath.findElement(By.java:353)
	at org.openqa.selenium.remote.RemoteWebDriver.findElement(RemoteWebDriver.java:315)
	at jdk.internal.reflect.GeneratedMethodAccessor15.invoke(Unknown Source)
	at java.base/jdk.internal.reflect.DelegatingMethodAccessorImpl.invoke(DelegatingMethodAccessorImpl.java:43)
	at org.openqa.selenium.support.events.EventFiringWebDriver.lambda$new$1(EventFiringWebDriver.java:105)
	at jdk.proxy2/jdk.proxy2.$Proxy22.findElement(Unknown Source)
	at org.openqa.selenium.support.events.EventFiringWebDriver.findElement(EventFiringWebDriver.java:194)
	at org.openqa.selenium.support.ui.ExpectedConditions$7.apply(ExpectedConditions.java:205)
	at org.openqa.selenium.support.ui.ExpectedConditions$7.apply(ExpectedConditions.java:201)
	at org.openqa.selenium.support.ui.FluentWait.until(FluentWait.java:249)
	... 16 more


16-10-2024T19:38:56 - [TEST_STEP][PASSED] - Start listener action : sampleBeforeTestCase: Navigate to 'https://stg-console.9pay.mobi/login' successfully

16-10-2024T19:38:56 - [TEST_STEP][PASSED] - testCaseId = testCaseContext.getTestCaseId(): null

16-10-2024T19:38:56 - [TEST_STEP][PASSED] - url = <not implemented yet for class: org.codehaus.groovy.ast.expr.EmptyExpression>: null

16-10-2024T19:38:56 - [TEST_STEP][PASSED] - if (testCaseId == "Test Cases/Quản lý tài khoản merchant/Quản lý dịch vụ merchant/TC_14_Kiểm tra thay đổi sau khi cấu hình VA trên MCV"): null

16-10-2024T19:38:56 - [TEST_STEP][PASSED] - url = "https://stg-console.9pay.mobi/login": null

16-10-2024T19:38:56 - [TEST_STEP][PASSED] - openBrowser(""): Browser is opened with url: ''

16-10-2024T19:38:56 - [MESSAGE][WARNING] - A browser is already opened. Closing browser and opening a new one

16-10-2024T19:38:56 - [MESSAGE][INFO] - Starting 'Chrome' driver

16-10-2024T19:38:56 - [MESSAGE][INFO] - Action delay is set to 0 milliseconds

16-10-2024T19:38:57 - [MESSAGE][PASSED] - Browser is opened with url: ''

16-10-2024T19:38:57 - [TEST_STEP][PASSED] - maximizeWindow(): Current window maximized

16-10-2024T19:38:57 - [MESSAGE][PASSED] - Current window maximized

16-10-2024T19:38:57 - [TEST_STEP][PASSED] - navigateToUrl(url): Navigate to 'https://stg-console.9pay.mobi/login' successfully

16-10-2024T19:39:00 - [MESSAGE][PASSED] - Navigate to 'https://stg-console.9pay.mobi/login' successfully

16-10-2024T19:39:00 - [TEST_STEP][PASSED] - driver = getWebDriver(): null

16-10-2024T19:39:00 - [TEST_STEP][PASSED] - driver.get("https://stg-console.9pay.mobi/login?frm=1200"): null

16-10-2024T19:39:00 - [TEST_STEP][PASSED] - xpath("//input[@placeholder='Tài khoản']")).sendKeys("dannt11"): null

16-10-2024T19:39:00 - [TEST_STEP][PASSED] - xpath("//input[@placeholder='Mật khẩu']")).sendKeys("9Pay@1234"): null

16-10-2024T19:39:01 - [TEST_STEP][PASSED] - xpath("//button[contains(text(),'Đăng nhập')]")).click(): null

16-10-2024T19:39:01 - [TEST_STEP][PASSED] - wait = new org.openqa.selenium.support.ui.WebDriverWait(com.kms.katalon.core.webui.driver.DriverFactory.getWebDriver(), 30): null

16-10-2024T19:39:01 - [TEST_STEP][PASSED] - xpath("//a[contains(text(),'Quản lý dịch vụ Thu')]"))).click(): null

16-10-2024T19:39:05 - [TEST_STEP][PASSED] - xpath("//a[contains(text(),'Tạo yêu cầu thu tiền')]"))).click(): null

16-10-2024T19:39:07 - [TEST_STEP][PASSED] - xpath("//span[contains(text(),'Chọn ngân hàng')]"))).click(): null

16-10-2024T19:39:08 - [TEST_STEP][PASSED] - elements = getWebDriver().findElements(By.xpath("//li[contains(text(),'NH')]")): null

16-10-2024T19:39:09 - [TEST_STEP][PASSED] - if (elements.size() > 0): null

16-10-2024T19:39:09 - [TEST_STEP][PASSED] - rand = new java.util.Random(): null

16-10-2024T19:39:09 - [TEST_STEP][PASSED] - randomElement = elements.get(rand.nextInt(elements.size())): null

16-10-2024T19:39:09 - [TEST_STEP][PASSED] - randomElement.click(): null

16-10-2024T19:39:09 - [TEST_STEP][PASSED] - xpath("//input[@placeholder='Giá trị GD']")).sendKeys("100000"): null

16-10-2024T19:39:09 - [TEST_STEP][PASSED] - xpath("//button[contains(text(),'Tiếp tục')]")).click(): null

16-10-2024T19:39:09 - [TEST_STEP][ERROR] - wait.until(ExpectedConditions.visibilityOfElementLocated(By.xpath("//div[contains(text(),'VPBANK')]"))): Test Cases/Quản lý tài khoản merchant/Quản lý dịch vụ merchant/TC_14_Kiểm tra thay đổi sau khi cấu hình VA trên MCV FAILED.
Reason:
org.openqa.selenium.TimeoutException: Expected condition failed: waiting for visibility of element located by By.xpath: //div[contains(text(),'VPBANK')] (tried for 30 second(s) with 500 milliseconds interval)
	at org.openqa.selenium.support.ui.WebDriverWait.timeoutException(WebDriverWait.java:95)
	at org.openqa.selenium.support.ui.FluentWait.until(FluentWait.java:272)
	at TC_14_Kiểm tra thay đổi sau khi cấu hình VA trên MCV.run(TC_14_Kiểm tra thay đổi sau khi cấu hình VA trên MCV:34)
	at com.kms.katalon.core.main.ScriptEngine.run(ScriptEngine.java:194)
	at com.kms.katalon.core.main.ScriptEngine.runScriptAsRawText(ScriptEngine.java:119)
	at com.kms.katalon.core.main.TestCaseExecutor.runScript(TestCaseExecutor.java:448)
	at com.kms.katalon.core.main.TestCaseExecutor.doExecute(TestCaseExecutor.java:439)
	at com.kms.katalon.core.main.TestCaseExecutor.processExecutionPhase(TestCaseExecutor.java:418)
	at com.kms.katalon.core.main.TestCaseExecutor.accessMainPhase(TestCaseExecutor.java:410)
	at com.kms.katalon.core.main.TestCaseExecutor.execute(TestCaseExecutor.java:285)
	at com.kms.katalon.core.common.CommonExecutor.accessTestCaseMainPhase(CommonExecutor.java:65)
	at com.kms.katalon.core.main.TestSuiteExecutor.accessTestSuiteMainPhase(TestSuiteExecutor.java:150)
	at com.kms.katalon.core.main.TestSuiteExecutor.execute(TestSuiteExecutor.java:106)
	at com.kms.katalon.core.main.TestCaseMain.startTestSuite(TestCaseMain.java:180)
	at TempTestSuite1729082116599.run(TempTestSuite1729082116599.groovy:35)
	at java.base/jdk.internal.reflect.NativeMethodAccessorImpl.invoke0(Native Method)
	at java.base/jdk.internal.reflect.NativeMethodAccessorImpl.invoke(NativeMethodAccessorImpl.java:77)
	at java.base/jdk.internal.reflect.DelegatingMethodAccessorImpl.invoke(DelegatingMethodAccessorImpl.java:43)
Caused by: org.openqa.selenium.NoSuchElementException: no such element: Unable to locate element: {"method":"xpath","selector":"//div[contains(text(),'VPBANK')]"}
  (Session info: chrome=130.0.6723.59)
For documentation on this error, please visit: https://www.seleniumhq.org/exceptions/no_such_element.html
Build info: version: '3.141.59', revision: 'unknown', time: 'unknown'
System info: host: 'Aidans-Macbook.local', ip: '2405:4803:fd90:9ef0:b0c9:6dde:81ec:56fd%en0', os.name: 'Mac OS X', os.arch: 'aarch64', os.version: '14.5', java.version: '17.0.7'
Driver info: com.kms.katalon.selenium.driver.CChromeDriver
Capabilities {acceptInsecureCerts: false, browserName: chrome, browserVersion: 130.0.6723.59, chrome: {chromedriverVersion: 129.0.6668.100 (cf58cba358d..., userDataDir: /var/folders/w1/k98vh2j97rz...}, fedcm:accounts: true, goog:chromeOptions: {debuggerAddress: localhost:57582}, javascriptEnabled: true, networkConnectionEnabled: false, pageLoadStrategy: normal, platform: MAC, platformName: MAC, proxy: Proxy(), setWindowRect: true, strictFileInteractability: false, timeouts: {implicit: 0, pageLoad: 300000, script: 30000}, unhandledPromptBehavior: dismiss and notify, webauthn:extension:credBlob: true, webauthn:extension:largeBlob: true, webauthn:extension:minPinLength: true, webauthn:extension:prf: true, webauthn:virtualAuthenticators: true}
Session ID: 5ea93557c6726eb96adeb26908b97f20
*** Element info: {Using=xpath, value=//div[contains(text(),'VPBANK')]}
	at java.base/jdk.internal.reflect.NativeConstructorAccessorImpl.newInstance0(Native Method)
	at java.base/jdk.internal.reflect.NativeConstructorAccessorImpl.newInstance(NativeConstructorAccessorImpl.java:77)
	at java.base/jdk.internal.reflect.DelegatingConstructorAccessorImpl.newInstance(DelegatingConstructorAccessorImpl.java:45)
	at org.openqa.selenium.remote.http.W3CHttpResponseCodec.createException(W3CHttpResponseCodec.java:187)
	at org.openqa.selenium.remote.http.W3CHttpResponseCodec.decode(W3CHttpResponseCodec.java:122)
	at org.openqa.selenium.remote.http.W3CHttpResponseCodec.decode(W3CHttpResponseCodec.java:49)
	at org.openqa.selenium.remote.HttpCommandExecutor.execute(HttpCommandExecutor.java:158)
	at org.openqa.selenium.remote.service.DriverCommandExecutor.execute(DriverCommandExecutor.java:83)
	at org.openqa.selenium.remote.RemoteWebDriver.execute(RemoteWebDriver.java:552)
	at com.kms.katalon.selenium.driver.CChromeDriver.execute(CChromeDriver.java:19)
	at org.openqa.selenium.remote.RemoteWebDriver.findElement(RemoteWebDriver.java:323)
	at org.openqa.selenium.remote.RemoteWebDriver.findElementByXPath(RemoteWebDriver.java:428)
	at org.openqa.selenium.By$ByXPath.findElement(By.java:353)
	at org.openqa.selenium.remote.RemoteWebDriver.findElement(RemoteWebDriver.java:315)
	at jdk.internal.reflect.GeneratedMethodAccessor15.invoke(Unknown Source)
	at java.base/jdk.internal.reflect.DelegatingMethodAccessorImpl.invoke(DelegatingMethodAccessorImpl.java:43)
	at org.openqa.selenium.support.events.EventFiringWebDriver.lambda$new$1(EventFiringWebDriver.java:105)
	at jdk.proxy2/jdk.proxy2.$Proxy22.findElement(Unknown Source)
	at org.openqa.selenium.support.events.EventFiringWebDriver.findElement(EventFiringWebDriver.java:194)
	at org.openqa.selenium.support.ui.ExpectedConditions$7.apply(ExpectedConditions.java:205)
	at org.openqa.selenium.support.ui.ExpectedConditions$7.apply(ExpectedConditions.java:201)
	at org.openqa.selenium.support.ui.FluentWait.until(FluentWait.java:249)
	at Script1728736946548.run(Script1728736946548.groovy:34)
	... 15 more


16-10-2024T19:39:39 - [MESSAGE][ERROR] - Test Cases/Quản lý tài khoản merchant/Quản lý dịch vụ merchant/TC_14_Kiểm tra thay đổi sau khi cấu hình VA trên MCV FAILED.
Reason:
org.openqa.selenium.TimeoutException: Expected condition failed: waiting for visibility of element located by By.xpath: //div[contains(text(),'VPBANK')] (tried for 30 second(s) with 500 milliseconds interval)
	at org.openqa.selenium.support.ui.WebDriverWait.timeoutException(WebDriverWait.java:95)
	at org.openqa.selenium.support.ui.FluentWait.until(FluentWait.java:272)
	at TC_14_Kiểm tra thay đổi sau khi cấu hình VA trên MCV.run(TC_14_Kiểm tra thay đổi sau khi cấu hình VA trên MCV:34)
	at com.kms.katalon.core.main.ScriptEngine.run(ScriptEngine.java:194)
	at com.kms.katalon.core.main.ScriptEngine.runScriptAsRawText(ScriptEngine.java:119)
	at com.kms.katalon.core.main.TestCaseExecutor.runScript(TestCaseExecutor.java:448)
	at com.kms.katalon.core.main.TestCaseExecutor.doExecute(TestCaseExecutor.java:439)
	at com.kms.katalon.core.main.TestCaseExecutor.processExecutionPhase(TestCaseExecutor.java:418)
	at com.kms.katalon.core.main.TestCaseExecutor.accessMainPhase(TestCaseExecutor.java:410)
	at com.kms.katalon.core.main.TestCaseExecutor.execute(TestCaseExecutor.java:285)
	at com.kms.katalon.core.common.CommonExecutor.accessTestCaseMainPhase(CommonExecutor.java:65)
	at com.kms.katalon.core.main.TestSuiteExecutor.accessTestSuiteMainPhase(TestSuiteExecutor.java:150)
	at com.kms.katalon.core.main.TestSuiteExecutor.execute(TestSuiteExecutor.java:106)
	at com.kms.katalon.core.main.TestCaseMain.startTestSuite(TestCaseMain.java:180)
	at TempTestSuite1729082116599.run(TempTestSuite1729082116599.groovy:35)
	at java.base/jdk.internal.reflect.NativeMethodAccessorImpl.invoke0(Native Method)
	at java.base/jdk.internal.reflect.NativeMethodAccessorImpl.invoke(NativeMethodAccessorImpl.java:77)
	at java.base/jdk.internal.reflect.DelegatingMethodAccessorImpl.invoke(DelegatingMethodAccessorImpl.java:43)
Caused by: org.openqa.selenium.NoSuchElementException: no such element: Unable to locate element: {"method":"xpath","selector":"//div[contains(text(),'VPBANK')]"}
  (Session info: chrome=130.0.6723.59)
For documentation on this error, please visit: https://www.seleniumhq.org/exceptions/no_such_element.html
Build info: version: '3.141.59', revision: 'unknown', time: 'unknown'
System info: host: 'Aidans-Macbook.local', ip: '2405:4803:fd90:9ef0:b0c9:6dde:81ec:56fd%en0', os.name: 'Mac OS X', os.arch: 'aarch64', os.version: '14.5', java.version: '17.0.7'
Driver info: com.kms.katalon.selenium.driver.CChromeDriver
Capabilities {acceptInsecureCerts: false, browserName: chrome, browserVersion: 130.0.6723.59, chrome: {chromedriverVersion: 129.0.6668.100 (cf58cba358d..., userDataDir: /var/folders/w1/k98vh2j97rz...}, fedcm:accounts: true, goog:chromeOptions: {debuggerAddress: localhost:57582}, javascriptEnabled: true, networkConnectionEnabled: false, pageLoadStrategy: normal, platform: MAC, platformName: MAC, proxy: Proxy(), setWindowRect: true, strictFileInteractability: false, timeouts: {implicit: 0, pageLoad: 300000, script: 30000}, unhandledPromptBehavior: dismiss and notify, webauthn:extension:credBlob: true, webauthn:extension:largeBlob: true, webauthn:extension:minPinLength: true, webauthn:extension:prf: true, webauthn:virtualAuthenticators: true}
Session ID: 5ea93557c6726eb96adeb26908b97f20
*** Element info: {Using=xpath, value=//div[contains(text(),'VPBANK')]}
	at java.base/jdk.internal.reflect.NativeConstructorAccessorImpl.newInstance0(Native Method)
	at java.base/jdk.internal.reflect.NativeConstructorAccessorImpl.newInstance(NativeConstructorAccessorImpl.java:77)
	at java.base/jdk.internal.reflect.DelegatingConstructorAccessorImpl.newInstance(DelegatingConstructorAccessorImpl.java:45)
	at org.openqa.selenium.remote.http.W3CHttpResponseCodec.createException(W3CHttpResponseCodec.java:187)
	at org.openqa.selenium.remote.http.W3CHttpResponseCodec.decode(W3CHttpResponseCodec.java:122)
	at org.openqa.selenium.remote.http.W3CHttpResponseCodec.decode(W3CHttpResponseCodec.java:49)
	at org.openqa.selenium.remote.HttpCommandExecutor.execute(HttpCommandExecutor.java:158)
	at org.openqa.selenium.remote.service.DriverCommandExecutor.execute(DriverCommandExecutor.java:83)
	at org.openqa.selenium.remote.RemoteWebDriver.execute(RemoteWebDriver.java:552)
	at com.kms.katalon.selenium.driver.CChromeDriver.execute(CChromeDriver.java:19)
	at org.openqa.selenium.remote.RemoteWebDriver.findElement(RemoteWebDriver.java:323)
	at org.openqa.selenium.remote.RemoteWebDriver.findElementByXPath(RemoteWebDriver.java:428)
	at org.openqa.selenium.By$ByXPath.findElement(By.java:353)
	at org.openqa.selenium.remote.RemoteWebDriver.findElement(RemoteWebDriver.java:315)
	at jdk.internal.reflect.GeneratedMethodAccessor15.invoke(Unknown Source)
	at java.base/jdk.internal.reflect.DelegatingMethodAccessorImpl.invoke(DelegatingMethodAccessorImpl.java:43)
	at org.openqa.selenium.support.events.EventFiringWebDriver.lambda$new$1(EventFiringWebDriver.java:105)
	at jdk.proxy2/jdk.proxy2.$Proxy22.findElement(Unknown Source)
	at org.openqa.selenium.support.events.EventFiringWebDriver.findElement(EventFiringWebDriver.java:194)
	at org.openqa.selenium.support.ui.ExpectedConditions$7.apply(ExpectedConditions.java:205)
	at org.openqa.selenium.support.ui.ExpectedConditions$7.apply(ExpectedConditions.java:201)
	at org.openqa.selenium.support.ui.FluentWait.until(FluentWait.java:249)
	at Script1728736946548.run(Script1728736946548.groovy:34)
	... 15 more


16-10-2024T19:39:39 - [TEST_STEP][PASSED] - Start listener action : sampleAfterTestCase: null

16-10-2024T19:39:39 - [TEST_STEP][PASSED] - testCaseId = testCaseContext.getTestCaseId(): null

16-10-2024T19:39:39 - [TEST_STEP][PASSED] - if (testCaseId == "Test Cases/Quản lý tài khoản merchant/Quản lý dịch vụ merchant/TC_13_Kiểm tra chức năng xác nhận cấu hình thay đổi VA"): null]]></system-out>
         <system-err><![CDATA[16-10-2024T19:38:56 - [TEST_CASE][ERROR] - Test Cases/Quản lý tài khoản merchant/Quản lý dịch vụ merchant/TC_14_Kiểm tra thay đổi sau khi cấu hình VA trên MCV: Test Cases/Quản lý tài khoản merchant/Quản lý dịch vụ merchant/TC_14_Kiểm tra thay đổi sau khi cấu hình VA trên MCV FAILED.
Reason:
org.openqa.selenium.TimeoutException: Expected condition failed: waiting for visibility of element located by By.xpath: //div[contains(text(),'VPBANK')] (tried for 30 second(s) with 500 milliseconds interval)
	at org.openqa.selenium.support.ui.WebDriverWait.timeoutException(WebDriverWait.java:95)
	at org.openqa.selenium.support.ui.FluentWait.until(FluentWait.java:272)
	at TC_14_Kiểm tra thay đổi sau khi cấu hình VA trên MCV.run(TC_14_Kiểm tra thay đổi sau khi cấu hình VA trên MCV:34)
	at com.kms.katalon.core.main.ScriptEngine.run(ScriptEngine.java:194)
	at com.kms.katalon.core.main.ScriptEngine.runScriptAsRawText(ScriptEngine.java:119)
	at com.kms.katalon.core.main.TestCaseExecutor.runScript(TestCaseExecutor.java:448)
	at com.kms.katalon.core.main.TestCaseExecutor.doExecute(TestCaseExecutor.java:439)
	at com.kms.katalon.core.main.TestCaseExecutor.processExecutionPhase(TestCaseExecutor.java:418)
	at com.kms.katalon.core.main.TestCaseExecutor.accessMainPhase(TestCaseExecutor.java:410)
	at com.kms.katalon.core.main.TestCaseExecutor.execute(TestCaseExecutor.java:285)
	at com.kms.katalon.core.common.CommonExecutor.accessTestCaseMainPhase(CommonExecutor.java:65)
	at com.kms.katalon.core.main.TestSuiteExecutor.accessTestSuiteMainPhase(TestSuiteExecutor.java:150)
	at com.kms.katalon.core.main.TestSuiteExecutor.execute(TestSuiteExecutor.java:106)
	at com.kms.katalon.core.main.TestCaseMain.startTestSuite(TestCaseMain.java:180)
	at TempTestSuite1729082116599.run(TempTestSuite1729082116599.groovy:35)
	at java.base/jdk.internal.reflect.NativeMethodAccessorImpl.invoke0(Native Method)
	at java.base/jdk.internal.reflect.NativeMethodAccessorImpl.invoke(NativeMethodAccessorImpl.java:77)
	at java.base/jdk.internal.reflect.DelegatingMethodAccessorImpl.invoke(DelegatingMethodAccessorImpl.java:43)
Caused by: org.openqa.selenium.NoSuchElementException: no such element: Unable to locate element: {"method":"xpath","selector":"//div[contains(text(),'VPBANK')]"}
  (Session info: chrome=130.0.6723.59)
For documentation on this error, please visit: https://www.seleniumhq.org/exceptions/no_such_element.html
Build info: version: '3.141.59', revision: 'unknown', time: 'unknown'
System info: host: 'Aidans-Macbook.local', ip: '2405:4803:fd90:9ef0:b0c9:6dde:81ec:56fd%en0', os.name: 'Mac OS X', os.arch: 'aarch64', os.version: '14.5', java.version: '17.0.7'
Driver info: com.kms.katalon.selenium.driver.CChromeDriver
Capabilities {acceptInsecureCerts: false, browserName: chrome, browserVersion: 130.0.6723.59, chrome: {chromedriverVersion: 129.0.6668.100 (cf58cba358d..., userDataDir: /var/folders/w1/k98vh2j97rz...}, fedcm:accounts: true, goog:chromeOptions: {debuggerAddress: localhost:57582}, javascriptEnabled: true, networkConnectionEnabled: false, pageLoadStrategy: normal, platform: MAC, platformName: MAC, proxy: Proxy(), setWindowRect: true, strictFileInteractability: false, timeouts: {implicit: 0, pageLoad: 300000, script: 30000}, unhandledPromptBehavior: dismiss and notify, webauthn:extension:credBlob: true, webauthn:extension:largeBlob: true, webauthn:extension:minPinLength: true, webauthn:extension:prf: true, webauthn:virtualAuthenticators: true}
Session ID: 5ea93557c6726eb96adeb26908b97f20
*** Element info: {Using=xpath, value=//div[contains(text(),'VPBANK')]}
	at java.base/jdk.internal.reflect.NativeConstructorAccessorImpl.newInstance0(Native Method)
	at java.base/jdk.internal.reflect.NativeConstructorAccessorImpl.newInstance(NativeConstructorAccessorImpl.java:77)
	at java.base/jdk.internal.reflect.DelegatingConstructorAccessorImpl.newInstance(DelegatingConstructorAccessorImpl.java:45)
	at org.openqa.selenium.remote.http.W3CHttpResponseCodec.createException(W3CHttpResponseCodec.java:187)
	at org.openqa.selenium.remote.http.W3CHttpResponseCodec.decode(W3CHttpResponseCodec.java:122)
	at org.openqa.selenium.remote.http.W3CHttpResponseCodec.decode(W3CHttpResponseCodec.java:49)
	at org.openqa.selenium.remote.HttpCommandExecutor.execute(HttpCommandExecutor.java:158)
	at org.openqa.selenium.remote.service.DriverCommandExecutor.execute(DriverCommandExecutor.java:83)
	at org.openqa.selenium.remote.RemoteWebDriver.execute(RemoteWebDriver.java:552)
	at com.kms.katalon.selenium.driver.CChromeDriver.execute(CChromeDriver.java:19)
	at org.openqa.selenium.remote.RemoteWebDriver.findElement(RemoteWebDriver.java:323)
	at org.openqa.selenium.remote.RemoteWebDriver.findElementByXPath(RemoteWebDriver.java:428)
	at org.openqa.selenium.By$ByXPath.findElement(By.java:353)
	at org.openqa.selenium.remote.RemoteWebDriver.findElement(RemoteWebDriver.java:315)
	at jdk.internal.reflect.GeneratedMethodAccessor15.invoke(Unknown Source)
	at java.base/jdk.internal.reflect.DelegatingMethodAccessorImpl.invoke(DelegatingMethodAccessorImpl.java:43)
	at org.openqa.selenium.support.events.EventFiringWebDriver.lambda$new$1(EventFiringWebDriver.java:105)
	at jdk.proxy2/jdk.proxy2.$Proxy22.findElement(Unknown Source)
	at org.openqa.selenium.support.events.EventFiringWebDriver.findElement(EventFiringWebDriver.java:194)
	at org.openqa.selenium.support.ui.ExpectedConditions$7.apply(ExpectedConditions.java:205)
	at org.openqa.selenium.support.ui.ExpectedConditions$7.apply(ExpectedConditions.java:201)
	at org.openqa.selenium.support.ui.FluentWait.until(FluentWait.java:249)
	... 16 more]]></system-err>
      </testcase>
      <testcase name="Test Cases/Quản lý tài khoản merchant/Quản lý dịch vụ merchant/TC_15_Kiểm tra khi button lịch sử cấu hình VA" time="12.274" classname="Test Cases/Quản lý tài khoản merchant/Quản lý dịch vụ merchant/TC_15_Kiểm tra khi button lịch sử cấu hình VA" status="PASSED">
         <system-out><![CDATA[16-10-2024T19:39:39 - [TEST_CASE][PASSED] - Test Cases/Quản lý tài khoản merchant/Quản lý dịch vụ merchant/TC_15_Kiểm tra khi button lịch sử cấu hình VA: Test Cases/Quản lý tài khoản merchant/Quản lý dịch vụ merchant/TC_15_Kiểm tra khi button lịch sử cấu hình VA

16-10-2024T19:39:39 - [TEST_STEP][PASSED] - Start listener action : sampleBeforeTestCase: Navigate to 'https://stg-cms-console.9pay.mobi/login' successfully

16-10-2024T19:39:39 - [TEST_STEP][PASSED] - testCaseId = testCaseContext.getTestCaseId(): null

16-10-2024T19:39:39 - [TEST_STEP][PASSED] - url = <not implemented yet for class: org.codehaus.groovy.ast.expr.EmptyExpression>: null

16-10-2024T19:39:39 - [TEST_STEP][PASSED] - if (testCaseId == "Test Cases/Quản lý tài khoản merchant/Quản lý dịch vụ merchant/TC_14_Kiểm tra thay đổi sau khi cấu hình VA trên MCV"): null

16-10-2024T19:39:39 - [TEST_STEP][PASSED] - else: null

16-10-2024T19:39:39 - [TEST_STEP][PASSED] - url = "https://stg-cms-console.9pay.mobi/login": null

16-10-2024T19:39:39 - [TEST_STEP][PASSED] - openBrowser(""): Browser is opened with url: ''

16-10-2024T19:39:39 - [MESSAGE][WARNING] - A browser is already opened. Closing browser and opening a new one

16-10-2024T19:39:40 - [MESSAGE][INFO] - Starting 'Chrome' driver

16-10-2024T19:39:40 - [MESSAGE][INFO] - Action delay is set to 0 milliseconds

16-10-2024T19:39:40 - [MESSAGE][PASSED] - Browser is opened with url: ''

16-10-2024T19:39:40 - [TEST_STEP][PASSED] - maximizeWindow(): Current window maximized

16-10-2024T19:39:40 - [MESSAGE][PASSED] - Current window maximized

16-10-2024T19:39:40 - [TEST_STEP][PASSED] - navigateToUrl(url): Navigate to 'https://stg-cms-console.9pay.mobi/login' successfully

16-10-2024T19:39:42 - [MESSAGE][PASSED] - Navigate to 'https://stg-cms-console.9pay.mobi/login' successfully

16-10-2024T19:39:42 - [TEST_STEP][PASSED] - waitTime = Integer.parseInt(waitSecond): null

16-10-2024T19:39:42 - [TEST_STEP][PASSED] - callTestCase(findTestCase("Test Cases/Login/LoginCommon"), [:], STOP_ON_FAILURE): Call Test Case 'Test Cases/Login/LoginCommon' successfully

16-10-2024T19:39:42 - [TEST_CASE][PASSED] - Test Cases/Login/LoginCommon: Test Cases/Login/LoginCommon

16-10-2024T19:39:42 - [TEST_STEP][PASSED] - driver = getWebDriver(): null

16-10-2024T19:39:42 - [TEST_STEP][PASSED] - sendKeys(findTestObject("Quản lý tài khoản merchant/Quản lý dịch vụ merchant/userNameTextbox"), userAccount): Keys 'dannt@9pay.vn' sent to object: 'Object Repository/Quản lý tài khoản merchant/Quản lý dịch vụ merchant/userNameTextbox'

16-10-2024T19:39:43 - [MESSAGE][PASSED] - Keys 'dannt@9pay.vn' sent to object: 'Object Repository/Quản lý tài khoản merchant/Quản lý dịch vụ merchant/userNameTextbox'

16-10-2024T19:39:43 - [TEST_STEP][PASSED] - sendKeys(findTestObject("Quản lý tài khoản merchant/Quản lý dịch vụ merchant/passwordTextbox"), password): Keys 'dannt@9pay.vn' sent to object: 'Object Repository/Quản lý tài khoản merchant/Quản lý dịch vụ merchant/passwordTextbox'

16-10-2024T19:39:43 - [MESSAGE][PASSED] - Keys 'dannt@9pay.vn' sent to object: 'Object Repository/Quản lý tài khoản merchant/Quản lý dịch vụ merchant/passwordTextbox'

16-10-2024T19:39:43 - [TEST_STEP][PASSED] - click(findTestObject("Quản lý tài khoản merchant/Quản lý dịch vụ merchant/loginButton")): Object: 'Object Repository/Quản lý tài khoản merchant/Quản lý dịch vụ merchant/loginButton' is clicked on

16-10-2024T19:39:43 - [MESSAGE][PASSED] - Object: 'Object Repository/Quản lý tài khoản merchant/Quản lý dịch vụ merchant/loginButton' is clicked on

16-10-2024T19:39:43 - [MESSAGE][PASSED] - Call Test Case 'Test Cases/Login/LoginCommon' successfully

16-10-2024T19:39:43 - [TEST_STEP][PASSED] - waitForElementVisible(findTestObject("Trang chủ/userName"), waitTime, STOP_ON_FAILURE): Object 'Object Repository/Trang chủ/userName' is visible

16-10-2024T19:39:47 - [MESSAGE][PASSED] - Object 'Object Repository/Trang chủ/userName' is visible

16-10-2024T19:39:47 - [TEST_STEP][PASSED] - callTestCase(findTestCase("Test Cases/Quản lý tài khoản merchant/Quản lý danh sách tài khoản/CustomFunctions"), [:], STOP_ON_FAILURE): Call Test Case 'Test Cases/Quản lý tài khoản merchant/Quản lý danh sách tài khoản/CustomFunctions' successfully

16-10-2024T19:39:47 - [TEST_CASE][PASSED] - Test Cases/Quản lý tài khoản merchant/Quản lý danh sách tài khoản/CustomFunctions: Test Cases/Quản lý tài khoản merchant/Quản lý danh sách tài khoản/CustomFunctions

16-10-2024T19:39:47 - [TEST_STEP][PASSED] - driver = getWebDriver(): null

16-10-2024T19:39:47 - [TEST_STEP][PASSED] - sleep(2000): null

16-10-2024T19:39:49 - [TEST_STEP][PASSED] - element1 = driver.findElement(By.xpath(xpathManagerMC)): null

16-10-2024T19:39:49 - [TEST_STEP][PASSED] - actions = new org.openqa.selenium.interactions.Actions(driver): null

16-10-2024T19:39:49 - [TEST_STEP][PASSED] - click().perform(): null

16-10-2024T19:39:49 - [TEST_STEP][PASSED] - wait = new org.openqa.selenium.support.ui.WebDriverWait(com.kms.katalon.core.webui.driver.DriverFactory.getWebDriver(), 30): null

16-10-2024T19:39:49 - [TEST_STEP][PASSED] - element2 = wait.until(ExpectedConditions.elementToBeClickable(By.xpath(xpathManagerServiceMC))): null

16-10-2024T19:39:49 - [TEST_STEP][PASSED] - click().perform(): null

16-10-2024T19:39:50 - [MESSAGE][PASSED] - Call Test Case 'Test Cases/Quản lý tài khoản merchant/Quản lý danh sách tài khoản/CustomFunctions' successfully

16-10-2024T19:39:50 - [TEST_STEP][PASSED] - driver = getWebDriver(): null

16-10-2024T19:39:50 - [TEST_STEP][PASSED] - wait = new org.openqa.selenium.support.ui.WebDriverWait(com.kms.katalon.core.webui.driver.DriverFactory.getWebDriver(), 20): null

16-10-2024T19:39:50 - [TEST_STEP][PASSED] - xpath("//button[contains(text(),'Lịch sử cấu hình VA')]")).click(): null

16-10-2024T19:39:51 - [TEST_STEP][PASSED] - Assert.assertEquals(xpath("//h4[contains(text(),'Lịch sử cấu hình chuyển mạch VA')]")).getText(), "Lịch sử cấu hình chuyển mạch VA"): null

16-10-2024T19:39:52 - [TEST_STEP][PASSED] - Start listener action : sampleAfterTestCase: null

16-10-2024T19:39:52 - [TEST_STEP][PASSED] - testCaseId = testCaseContext.getTestCaseId(): null

16-10-2024T19:39:52 - [TEST_STEP][PASSED] - if (testCaseId == "Test Cases/Quản lý tài khoản merchant/Quản lý dịch vụ merchant/TC_13_Kiểm tra chức năng xác nhận cấu hình thay đổi VA"): null]]></system-out>
         <system-err><![CDATA[]]></system-err>
      </testcase>
      <testcase name="Test Cases/Quản lý tài khoản merchant/Quản lý dịch vụ merchant/TC_16_Kiểm tra khi click vào button Sửa sau mỗi bản ghi" time="23.622" classname="Test Cases/Quản lý tài khoản merchant/Quản lý dịch vụ merchant/TC_16_Kiểm tra khi click vào button Sửa sau mỗi bản ghi" status="PASSED">
         <system-out><![CDATA[16-10-2024T19:39:52 - [TEST_CASE][PASSED] - Test Cases/Quản lý tài khoản merchant/Quản lý dịch vụ merchant/TC_16_Kiểm tra khi click vào button Sửa sau mỗi bản ghi: Test Cases/Quản lý tài khoản merchant/Quản lý dịch vụ merchant/TC_16_Kiểm tra khi click vào button Sửa sau mỗi bản ghi

16-10-2024T19:39:52 - [TEST_STEP][PASSED] - Start listener action : sampleBeforeTestCase: Navigate to 'https://stg-cms-console.9pay.mobi/login' successfully

16-10-2024T19:39:52 - [TEST_STEP][PASSED] - testCaseId = testCaseContext.getTestCaseId(): null

16-10-2024T19:39:52 - [TEST_STEP][PASSED] - url = <not implemented yet for class: org.codehaus.groovy.ast.expr.EmptyExpression>: null

16-10-2024T19:39:52 - [TEST_STEP][PASSED] - if (testCaseId == "Test Cases/Quản lý tài khoản merchant/Quản lý dịch vụ merchant/TC_14_Kiểm tra thay đổi sau khi cấu hình VA trên MCV"): null

16-10-2024T19:39:52 - [TEST_STEP][PASSED] - else: null

16-10-2024T19:39:52 - [TEST_STEP][PASSED] - url = "https://stg-cms-console.9pay.mobi/login": null

16-10-2024T19:39:52 - [TEST_STEP][PASSED] - openBrowser(""): Browser is opened with url: ''

16-10-2024T19:39:52 - [MESSAGE][WARNING] - A browser is already opened. Closing browser and opening a new one

16-10-2024T19:39:52 - [MESSAGE][INFO] - Starting 'Chrome' driver

16-10-2024T19:39:52 - [MESSAGE][INFO] - Action delay is set to 0 milliseconds

16-10-2024T19:39:52 - [MESSAGE][PASSED] - Browser is opened with url: ''

16-10-2024T19:39:52 - [TEST_STEP][PASSED] - maximizeWindow(): Current window maximized

16-10-2024T19:39:53 - [MESSAGE][PASSED] - Current window maximized

16-10-2024T19:39:53 - [TEST_STEP][PASSED] - navigateToUrl(url): Navigate to 'https://stg-cms-console.9pay.mobi/login' successfully

16-10-2024T19:39:54 - [MESSAGE][PASSED] - Navigate to 'https://stg-cms-console.9pay.mobi/login' successfully

16-10-2024T19:39:54 - [TEST_STEP][PASSED] - waitTime = Integer.parseInt(waitSecond): null

16-10-2024T19:39:54 - [TEST_STEP][PASSED] - callTestCase(findTestCase("Test Cases/Login/LoginCommon"), [:], STOP_ON_FAILURE): Call Test Case 'Test Cases/Login/LoginCommon' successfully

16-10-2024T19:39:54 - [TEST_CASE][PASSED] - Test Cases/Login/LoginCommon: Test Cases/Login/LoginCommon

16-10-2024T19:39:54 - [TEST_STEP][PASSED] - driver = getWebDriver(): null

16-10-2024T19:39:54 - [TEST_STEP][PASSED] - sendKeys(findTestObject("Quản lý tài khoản merchant/Quản lý dịch vụ merchant/userNameTextbox"), userAccount): Keys 'dannt@9pay.vn' sent to object: 'Object Repository/Quản lý tài khoản merchant/Quản lý dịch vụ merchant/userNameTextbox'

16-10-2024T19:39:54 - [MESSAGE][PASSED] - Keys 'dannt@9pay.vn' sent to object: 'Object Repository/Quản lý tài khoản merchant/Quản lý dịch vụ merchant/userNameTextbox'

16-10-2024T19:39:54 - [TEST_STEP][PASSED] - sendKeys(findTestObject("Quản lý tài khoản merchant/Quản lý dịch vụ merchant/passwordTextbox"), password): Keys 'dannt@9pay.vn' sent to object: 'Object Repository/Quản lý tài khoản merchant/Quản lý dịch vụ merchant/passwordTextbox'

16-10-2024T19:39:55 - [MESSAGE][PASSED] - Keys 'dannt@9pay.vn' sent to object: 'Object Repository/Quản lý tài khoản merchant/Quản lý dịch vụ merchant/passwordTextbox'

16-10-2024T19:39:55 - [TEST_STEP][PASSED] - click(findTestObject("Quản lý tài khoản merchant/Quản lý dịch vụ merchant/loginButton")): Object: 'Object Repository/Quản lý tài khoản merchant/Quản lý dịch vụ merchant/loginButton' is clicked on

16-10-2024T19:39:55 - [MESSAGE][PASSED] - Object: 'Object Repository/Quản lý tài khoản merchant/Quản lý dịch vụ merchant/loginButton' is clicked on

16-10-2024T19:39:55 - [MESSAGE][PASSED] - Call Test Case 'Test Cases/Login/LoginCommon' successfully

16-10-2024T19:39:55 - [TEST_STEP][PASSED] - waitForElementVisible(findTestObject("Trang chủ/userName"), waitTime, STOP_ON_FAILURE): Object 'Object Repository/Trang chủ/userName' is visible

16-10-2024T19:39:57 - [MESSAGE][PASSED] - Object 'Object Repository/Trang chủ/userName' is visible

16-10-2024T19:39:57 - [TEST_STEP][PASSED] - driver = getWebDriver(): null

16-10-2024T19:39:57 - [TEST_STEP][PASSED] - wait = new org.openqa.selenium.support.ui.WebDriverWait(com.kms.katalon.core.webui.driver.DriverFactory.getWebDriver(), 20): null

16-10-2024T19:39:57 - [TEST_STEP][PASSED] - callTestCase(findTestCase("Test Cases/Quản lý tài khoản merchant/Quản lý danh sách tài khoản/CustomFunctions"), [:], STOP_ON_FAILURE): Call Test Case 'Test Cases/Quản lý tài khoản merchant/Quản lý danh sách tài khoản/CustomFunctions' successfully

16-10-2024T19:39:57 - [TEST_CASE][PASSED] - Test Cases/Quản lý tài khoản merchant/Quản lý danh sách tài khoản/CustomFunctions: Test Cases/Quản lý tài khoản merchant/Quản lý danh sách tài khoản/CustomFunctions

16-10-2024T19:39:57 - [TEST_STEP][PASSED] - driver = getWebDriver(): null

16-10-2024T19:39:57 - [TEST_STEP][PASSED] - sleep(2000): null

16-10-2024T19:39:59 - [TEST_STEP][PASSED] - element1 = driver.findElement(By.xpath(xpathManagerMC)): null

16-10-2024T19:39:59 - [TEST_STEP][PASSED] - actions = new org.openqa.selenium.interactions.Actions(driver): null

16-10-2024T19:39:59 - [TEST_STEP][PASSED] - click().perform(): null

16-10-2024T19:39:59 - [TEST_STEP][PASSED] - wait = new org.openqa.selenium.support.ui.WebDriverWait(com.kms.katalon.core.webui.driver.DriverFactory.getWebDriver(), 30): null

16-10-2024T19:39:59 - [TEST_STEP][PASSED] - element2 = wait.until(ExpectedConditions.elementToBeClickable(By.xpath(xpathManagerServiceMC))): null

16-10-2024T19:39:59 - [TEST_STEP][PASSED] - click().perform(): null

16-10-2024T19:40:00 - [MESSAGE][PASSED] - Call Test Case 'Test Cases/Quản lý tài khoản merchant/Quản lý danh sách tài khoản/CustomFunctions' successfully

16-10-2024T19:40:00 - [TEST_STEP][PASSED] - elements = driver.findElements(By.xpath("//a[contains(.,'edit')]")): null

16-10-2024T19:40:01 - [TEST_STEP][PASSED] - random = new java.util.Random(): null

16-10-2024T19:40:01 - [TEST_STEP][PASSED] - randomElement = elements.get(random.nextInt(elements.size())): null

16-10-2024T19:40:01 - [TEST_STEP][PASSED] - randomElement.click(): null

16-10-2024T19:40:01 - [TEST_STEP][PASSED] - title = xpath("//h2[contains(text(),'THÔNG TIN TÀI KHOẢN')]")).getText(): null

16-10-2024T19:40:15 - [TEST_STEP][PASSED] - Assert.assertEquals(title, "THÔNG TIN TÀI KHOẢN"): null

16-10-2024T19:40:15 - [TEST_STEP][PASSED] - Start listener action : sampleAfterTestCase: null

16-10-2024T19:40:15 - [TEST_STEP][PASSED] - testCaseId = testCaseContext.getTestCaseId(): null

16-10-2024T19:40:15 - [TEST_STEP][PASSED] - if (testCaseId == "Test Cases/Quản lý tài khoản merchant/Quản lý dịch vụ merchant/TC_13_Kiểm tra chức năng xác nhận cấu hình thay đổi VA"): null]]></system-out>
         <system-err><![CDATA[]]></system-err>
      </testcase>
      <testcase name="Test Cases/Quản lý tài khoản merchant/Quản lý dịch vụ merchant/TC_17_Kiểm tra khi nhấn resetBtn" time="13.429" classname="Test Cases/Quản lý tài khoản merchant/Quản lý dịch vụ merchant/TC_17_Kiểm tra khi nhấn resetBtn" status="PASSED">
         <system-out><![CDATA[16-10-2024T19:40:15 - [TEST_CASE][PASSED] - Test Cases/Quản lý tài khoản merchant/Quản lý dịch vụ merchant/TC_17_Kiểm tra khi nhấn resetBtn: Test Cases/Quản lý tài khoản merchant/Quản lý dịch vụ merchant/TC_17_Kiểm tra khi nhấn resetBtn

16-10-2024T19:40:15 - [TEST_STEP][PASSED] - Start listener action : sampleBeforeTestCase: Navigate to 'https://stg-cms-console.9pay.mobi/login' successfully

16-10-2024T19:40:15 - [TEST_STEP][PASSED] - testCaseId = testCaseContext.getTestCaseId(): null

16-10-2024T19:40:15 - [TEST_STEP][PASSED] - url = <not implemented yet for class: org.codehaus.groovy.ast.expr.EmptyExpression>: null

16-10-2024T19:40:15 - [TEST_STEP][PASSED] - if (testCaseId == "Test Cases/Quản lý tài khoản merchant/Quản lý dịch vụ merchant/TC_14_Kiểm tra thay đổi sau khi cấu hình VA trên MCV"): null

16-10-2024T19:40:15 - [TEST_STEP][PASSED] - else: null

16-10-2024T19:40:15 - [TEST_STEP][PASSED] - url = "https://stg-cms-console.9pay.mobi/login": null

16-10-2024T19:40:15 - [TEST_STEP][PASSED] - openBrowser(""): Browser is opened with url: ''

16-10-2024T19:40:15 - [MESSAGE][WARNING] - A browser is already opened. Closing browser and opening a new one

16-10-2024T19:40:15 - [MESSAGE][INFO] - Starting 'Chrome' driver

16-10-2024T19:40:15 - [MESSAGE][INFO] - Action delay is set to 0 milliseconds

16-10-2024T19:40:16 - [MESSAGE][PASSED] - Browser is opened with url: ''

16-10-2024T19:40:16 - [TEST_STEP][PASSED] - maximizeWindow(): Current window maximized

16-10-2024T19:40:16 - [MESSAGE][PASSED] - Current window maximized

16-10-2024T19:40:16 - [TEST_STEP][PASSED] - navigateToUrl(url): Navigate to 'https://stg-cms-console.9pay.mobi/login' successfully

16-10-2024T19:40:18 - [MESSAGE][PASSED] - Navigate to 'https://stg-cms-console.9pay.mobi/login' successfully

16-10-2024T19:40:18 - [TEST_STEP][PASSED] - waitTime = Integer.parseInt(waitSecond): null

16-10-2024T19:40:18 - [TEST_STEP][PASSED] - callTestCase(findTestCase("Test Cases/Login/LoginCommon"), [:], STOP_ON_FAILURE): Call Test Case 'Test Cases/Login/LoginCommon' successfully

16-10-2024T19:40:18 - [TEST_CASE][PASSED] - Test Cases/Login/LoginCommon: Test Cases/Login/LoginCommon

16-10-2024T19:40:18 - [TEST_STEP][PASSED] - driver = getWebDriver(): null

16-10-2024T19:40:18 - [TEST_STEP][PASSED] - sendKeys(findTestObject("Quản lý tài khoản merchant/Quản lý dịch vụ merchant/userNameTextbox"), userAccount): Keys 'dannt@9pay.vn' sent to object: 'Object Repository/Quản lý tài khoản merchant/Quản lý dịch vụ merchant/userNameTextbox'

16-10-2024T19:40:18 - [MESSAGE][PASSED] - Keys 'dannt@9pay.vn' sent to object: 'Object Repository/Quản lý tài khoản merchant/Quản lý dịch vụ merchant/userNameTextbox'

16-10-2024T19:40:18 - [TEST_STEP][PASSED] - sendKeys(findTestObject("Quản lý tài khoản merchant/Quản lý dịch vụ merchant/passwordTextbox"), password): Keys 'dannt@9pay.vn' sent to object: 'Object Repository/Quản lý tài khoản merchant/Quản lý dịch vụ merchant/passwordTextbox'

16-10-2024T19:40:19 - [MESSAGE][PASSED] - Keys 'dannt@9pay.vn' sent to object: 'Object Repository/Quản lý tài khoản merchant/Quản lý dịch vụ merchant/passwordTextbox'

16-10-2024T19:40:19 - [TEST_STEP][PASSED] - click(findTestObject("Quản lý tài khoản merchant/Quản lý dịch vụ merchant/loginButton")): Object: 'Object Repository/Quản lý tài khoản merchant/Quản lý dịch vụ merchant/loginButton' is clicked on

16-10-2024T19:40:19 - [MESSAGE][PASSED] - Object: 'Object Repository/Quản lý tài khoản merchant/Quản lý dịch vụ merchant/loginButton' is clicked on

16-10-2024T19:40:19 - [MESSAGE][PASSED] - Call Test Case 'Test Cases/Login/LoginCommon' successfully

16-10-2024T19:40:19 - [TEST_STEP][PASSED] - waitForElementVisible(findTestObject("Trang chủ/userName"), waitTime, STOP_ON_FAILURE): Object 'Object Repository/Trang chủ/userName' is visible

16-10-2024T19:40:22 - [MESSAGE][PASSED] - Object 'Object Repository/Trang chủ/userName' is visible

16-10-2024T19:40:22 - [TEST_STEP][PASSED] - callTestCase(findTestCase("Test Cases/Quản lý tài khoản merchant/Quản lý danh sách tài khoản/CustomFunctions"), [:], STOP_ON_FAILURE): Call Test Case 'Test Cases/Quản lý tài khoản merchant/Quản lý danh sách tài khoản/CustomFunctions' successfully

16-10-2024T19:40:22 - [TEST_CASE][PASSED] - Test Cases/Quản lý tài khoản merchant/Quản lý danh sách tài khoản/CustomFunctions: Test Cases/Quản lý tài khoản merchant/Quản lý danh sách tài khoản/CustomFunctions

16-10-2024T19:40:22 - [TEST_STEP][PASSED] - driver = getWebDriver(): null

16-10-2024T19:40:22 - [TEST_STEP][PASSED] - sleep(2000): null

16-10-2024T19:40:24 - [TEST_STEP][PASSED] - element1 = driver.findElement(By.xpath(xpathManagerMC)): null

16-10-2024T19:40:24 - [TEST_STEP][PASSED] - actions = new org.openqa.selenium.interactions.Actions(driver): null

16-10-2024T19:40:24 - [TEST_STEP][PASSED] - click().perform(): null

16-10-2024T19:40:24 - [TEST_STEP][PASSED] - wait = new org.openqa.selenium.support.ui.WebDriverWait(com.kms.katalon.core.webui.driver.DriverFactory.getWebDriver(), 30): null

16-10-2024T19:40:24 - [TEST_STEP][PASSED] - element2 = wait.until(ExpectedConditions.elementToBeClickable(By.xpath(xpathManagerServiceMC))): null

16-10-2024T19:40:25 - [TEST_STEP][PASSED] - click().perform(): null

16-10-2024T19:40:25 - [MESSAGE][PASSED] - Call Test Case 'Test Cases/Quản lý tài khoản merchant/Quản lý danh sách tài khoản/CustomFunctions' successfully

16-10-2024T19:40:25 - [TEST_STEP][PASSED] - driver = getWebDriver(): null

16-10-2024T19:40:25 - [TEST_STEP][PASSED] - dropdown = driver.findElement(By.name("service_type")): null

16-10-2024T19:40:26 - [TEST_STEP][PASSED] - usenameInputField = driver.findElement(By.xpath("//input[@placeholder='Nhập tên tài khoản']")): null

16-10-2024T19:40:26 - [TEST_STEP][PASSED] - xpath("//option[@value='DEPOSIT_TRANSFER_IB']")).click(): null

16-10-2024T19:40:27 - [TEST_STEP][PASSED] - dropdownStt = driver.findElement(By.name("is_active")): null

16-10-2024T19:40:27 - [TEST_STEP][PASSED] - xpath("//option[@value="1"]")).click(): null

16-10-2024T19:40:27 - [TEST_STEP][PASSED] - sendKeys(findTestObject("Quản lý tài khoản merchant/Quản lý dịch vụ merchant/accountName"), "dannt11"): Keys 'dannt11' sent to object: 'Object Repository/Quản lý tài khoản merchant/Quản lý dịch vụ merchant/accountName'

16-10-2024T19:40:28 - [MESSAGE][PASSED] - Keys 'dannt11' sent to object: 'Object Repository/Quản lý tài khoản merchant/Quản lý dịch vụ merchant/accountName'

16-10-2024T19:40:28 - [TEST_STEP][PASSED] - valueUsername = usenameInputField.getAttribute("value"): null

16-10-2024T19:40:28 - [TEST_STEP][PASSED] - println("Giá trị đã nhập trước là: " + valueUsername): null

16-10-2024T19:40:28 - [TEST_STEP][PASSED] - resetBtn = driver.findElement(By.xpath("//button[contains(text(),'Reset bộ lọc')]")): null

16-10-2024T19:40:28 - [TEST_STEP][PASSED] - resetBtn.click(): null

16-10-2024T19:40:28 - [TEST_STEP][PASSED] - wait = new org.openqa.selenium.support.ui.WebDriverWait(com.kms.katalon.core.webui.driver.DriverFactory.getWebDriver(), 20): null

16-10-2024T19:40:28 - [TEST_STEP][PASSED] - inputElement = wait.until(ExpectedConditions.presenceOfElementLocated(By.xpath("//input[@placeholder='Nhập tên tài khoản']"))): null

16-10-2024T19:40:28 - [TEST_STEP][PASSED] - usenameInputFieldg = driver.findElement(By.xpath("//input[@placeholder='Nhập tên tài khoản']")): null

16-10-2024T19:40:29 - [TEST_STEP][PASSED] - valueUsernameAf = usenameInputFieldg.getAttribute("value"): null

16-10-2024T19:40:29 - [TEST_STEP][PASSED] - println("Giá trị đã nhập là: " + valueUsernameAf): null

16-10-2024T19:40:29 - [TEST_STEP][PASSED] - if (valueUsernameAf != valueUsername): Values are not equal

16-10-2024T19:40:29 - [TEST_STEP][PASSED] - markPassed("Values are not equal"): Values are not equal

16-10-2024T19:40:29 - [MESSAGE][PASSED] - Values are not equal

16-10-2024T19:40:29 - [TEST_STEP][PASSED] - Start listener action : sampleAfterTestCase: null

16-10-2024T19:40:29 - [TEST_STEP][PASSED] - testCaseId = testCaseContext.getTestCaseId(): null

16-10-2024T19:40:29 - [TEST_STEP][PASSED] - if (testCaseId == "Test Cases/Quản lý tài khoản merchant/Quản lý dịch vụ merchant/TC_13_Kiểm tra chức năng xác nhận cấu hình thay đổi VA"): null]]></system-out>
         <system-err><![CDATA[]]></system-err>
      </testcase>
      <testcase name="Test Cases/Quản lý tài khoản merchant/Quản lý dịch vụ merchant/TC_18_Kiểm tra khả năng mở form quản lý dịch vụ merchant" time="11.093" classname="Test Cases/Quản lý tài khoản merchant/Quản lý dịch vụ merchant/TC_18_Kiểm tra khả năng mở form quản lý dịch vụ merchant" status="PASSED">
         <system-out><![CDATA[16-10-2024T19:40:29 - [TEST_CASE][PASSED] - Test Cases/Quản lý tài khoản merchant/Quản lý dịch vụ merchant/TC_18_Kiểm tra khả năng mở form quản lý dịch vụ merchant: Test Cases/Quản lý tài khoản merchant/Quản lý dịch vụ merchant/TC_18_Kiểm tra khả năng mở form quản lý dịch vụ merchant

16-10-2024T19:40:29 - [TEST_STEP][PASSED] - Start listener action : sampleBeforeTestCase: Navigate to 'https://stg-cms-console.9pay.mobi/login' successfully

16-10-2024T19:40:29 - [TEST_STEP][PASSED] - testCaseId = testCaseContext.getTestCaseId(): null

16-10-2024T19:40:29 - [TEST_STEP][PASSED] - url = <not implemented yet for class: org.codehaus.groovy.ast.expr.EmptyExpression>: null

16-10-2024T19:40:29 - [TEST_STEP][PASSED] - if (testCaseId == "Test Cases/Quản lý tài khoản merchant/Quản lý dịch vụ merchant/TC_14_Kiểm tra thay đổi sau khi cấu hình VA trên MCV"): null

16-10-2024T19:40:29 - [TEST_STEP][PASSED] - else: null

16-10-2024T19:40:29 - [TEST_STEP][PASSED] - url = "https://stg-cms-console.9pay.mobi/login": null

16-10-2024T19:40:29 - [TEST_STEP][PASSED] - openBrowser(""): Browser is opened with url: ''

16-10-2024T19:40:29 - [MESSAGE][WARNING] - A browser is already opened. Closing browser and opening a new one

16-10-2024T19:40:29 - [MESSAGE][INFO] - Starting 'Chrome' driver

16-10-2024T19:40:29 - [MESSAGE][INFO] - Action delay is set to 0 milliseconds

16-10-2024T19:40:29 - [MESSAGE][PASSED] - Browser is opened with url: ''

16-10-2024T19:40:29 - [TEST_STEP][PASSED] - maximizeWindow(): Current window maximized

16-10-2024T19:40:30 - [MESSAGE][PASSED] - Current window maximized

16-10-2024T19:40:30 - [TEST_STEP][PASSED] - navigateToUrl(url): Navigate to 'https://stg-cms-console.9pay.mobi/login' successfully

16-10-2024T19:40:31 - [MESSAGE][PASSED] - Navigate to 'https://stg-cms-console.9pay.mobi/login' successfully

16-10-2024T19:40:31 - [TEST_STEP][PASSED] - waitTime = Integer.parseInt(waitSecond): null

16-10-2024T19:40:31 - [TEST_STEP][PASSED] - callTestCase(findTestCase("Test Cases/Login/LoginCommon"), [:], STOP_ON_FAILURE): Call Test Case 'Test Cases/Login/LoginCommon' successfully

16-10-2024T19:40:31 - [TEST_CASE][PASSED] - Test Cases/Login/LoginCommon: Test Cases/Login/LoginCommon

16-10-2024T19:40:31 - [TEST_STEP][PASSED] - driver = getWebDriver(): null

16-10-2024T19:40:31 - [TEST_STEP][PASSED] - sendKeys(findTestObject("Quản lý tài khoản merchant/Quản lý dịch vụ merchant/userNameTextbox"), userAccount): Keys 'dannt@9pay.vn' sent to object: 'Object Repository/Quản lý tài khoản merchant/Quản lý dịch vụ merchant/userNameTextbox'

16-10-2024T19:40:32 - [MESSAGE][PASSED] - Keys 'dannt@9pay.vn' sent to object: 'Object Repository/Quản lý tài khoản merchant/Quản lý dịch vụ merchant/userNameTextbox'

16-10-2024T19:40:32 - [TEST_STEP][PASSED] - sendKeys(findTestObject("Quản lý tài khoản merchant/Quản lý dịch vụ merchant/passwordTextbox"), password): Keys 'dannt@9pay.vn' sent to object: 'Object Repository/Quản lý tài khoản merchant/Quản lý dịch vụ merchant/passwordTextbox'

16-10-2024T19:40:32 - [MESSAGE][PASSED] - Keys 'dannt@9pay.vn' sent to object: 'Object Repository/Quản lý tài khoản merchant/Quản lý dịch vụ merchant/passwordTextbox'

16-10-2024T19:40:32 - [TEST_STEP][PASSED] - click(findTestObject("Quản lý tài khoản merchant/Quản lý dịch vụ merchant/loginButton")): Object: 'Object Repository/Quản lý tài khoản merchant/Quản lý dịch vụ merchant/loginButton' is clicked on

16-10-2024T19:40:32 - [MESSAGE][PASSED] - Object: 'Object Repository/Quản lý tài khoản merchant/Quản lý dịch vụ merchant/loginButton' is clicked on

16-10-2024T19:40:32 - [MESSAGE][PASSED] - Call Test Case 'Test Cases/Login/LoginCommon' successfully

16-10-2024T19:40:32 - [TEST_STEP][PASSED] - waitForElementVisible(findTestObject("Trang chủ/userName"), waitTime, STOP_ON_FAILURE): Object 'Object Repository/Trang chủ/userName' is visible

16-10-2024T19:40:36 - [MESSAGE][PASSED] - Object 'Object Repository/Trang chủ/userName' is visible

16-10-2024T19:40:36 - [TEST_STEP][PASSED] - callTestCase(findTestCase("Test Cases/Quản lý tài khoản merchant/Quản lý danh sách tài khoản/CustomFunctions"), [:], STOP_ON_FAILURE): Call Test Case 'Test Cases/Quản lý tài khoản merchant/Quản lý danh sách tài khoản/CustomFunctions' successfully

16-10-2024T19:40:36 - [TEST_CASE][PASSED] - Test Cases/Quản lý tài khoản merchant/Quản lý danh sách tài khoản/CustomFunctions: Test Cases/Quản lý tài khoản merchant/Quản lý danh sách tài khoản/CustomFunctions

16-10-2024T19:40:36 - [TEST_STEP][PASSED] - driver = getWebDriver(): null

16-10-2024T19:40:36 - [TEST_STEP][PASSED] - sleep(2000): null

16-10-2024T19:40:38 - [TEST_STEP][PASSED] - element1 = driver.findElement(By.xpath(xpathManagerMC)): null

16-10-2024T19:40:38 - [TEST_STEP][PASSED] - actions = new org.openqa.selenium.interactions.Actions(driver): null

16-10-2024T19:40:38 - [TEST_STEP][PASSED] - click().perform(): null

16-10-2024T19:40:38 - [TEST_STEP][PASSED] - wait = new org.openqa.selenium.support.ui.WebDriverWait(com.kms.katalon.core.webui.driver.DriverFactory.getWebDriver(), 30): null

16-10-2024T19:40:38 - [TEST_STEP][PASSED] - element2 = wait.until(ExpectedConditions.elementToBeClickable(By.xpath(xpathManagerServiceMC))): null

16-10-2024T19:40:39 - [TEST_STEP][PASSED] - click().perform(): null

16-10-2024T19:40:39 - [MESSAGE][PASSED] - Call Test Case 'Test Cases/Quản lý tài khoản merchant/Quản lý danh sách tài khoản/CustomFunctions' successfully

16-10-2024T19:40:39 - [TEST_STEP][PASSED] - verifyElementPresent(findTestObject("Quản lý tài khoản merchant/Quản lý dịch vụ merchant/headerMenu"), 3): Object 'Object Repository/Quản lý tài khoản merchant/Quản lý dịch vụ merchant/headerMenu' is present

16-10-2024T19:40:40 - [MESSAGE][PASSED] - Object 'Object Repository/Quản lý tài khoản merchant/Quản lý dịch vụ merchant/headerMenu' is present

16-10-2024T19:40:40 - [TEST_STEP][PASSED] - Start listener action : sampleAfterTestCase: null

16-10-2024T19:40:40 - [TEST_STEP][PASSED] - testCaseId = testCaseContext.getTestCaseId(): null

16-10-2024T19:40:40 - [TEST_STEP][PASSED] - if (testCaseId == "Test Cases/Quản lý tài khoản merchant/Quản lý dịch vụ merchant/TC_13_Kiểm tra chức năng xác nhận cấu hình thay đổi VA"): null]]></system-out>
         <system-err><![CDATA[]]></system-err>
      </testcase>
      <testcase name="Test Cases/Quản lý tài khoản merchant/Quản lý dịch vụ merchant/TC_19_Kiểm tra tài khoản đã active dịch vụ chi" time="16.965" classname="Test Cases/Quản lý tài khoản merchant/Quản lý dịch vụ merchant/TC_19_Kiểm tra tài khoản đã active dịch vụ chi" status="PASSED">
         <system-out><![CDATA[16-10-2024T19:40:40 - [TEST_CASE][PASSED] - Test Cases/Quản lý tài khoản merchant/Quản lý dịch vụ merchant/TC_19_Kiểm tra tài khoản đã active dịch vụ chi: Test Cases/Quản lý tài khoản merchant/Quản lý dịch vụ merchant/TC_19_Kiểm tra tài khoản đã active dịch vụ chi

16-10-2024T19:40:40 - [TEST_STEP][PASSED] - Start listener action : sampleBeforeTestCase: Navigate to 'https://stg-cms-console.9pay.mobi/login' successfully

16-10-2024T19:40:40 - [TEST_STEP][PASSED] - testCaseId = testCaseContext.getTestCaseId(): null

16-10-2024T19:40:40 - [TEST_STEP][PASSED] - url = <not implemented yet for class: org.codehaus.groovy.ast.expr.EmptyExpression>: null

16-10-2024T19:40:40 - [TEST_STEP][PASSED] - if (testCaseId == "Test Cases/Quản lý tài khoản merchant/Quản lý dịch vụ merchant/TC_14_Kiểm tra thay đổi sau khi cấu hình VA trên MCV"): null

16-10-2024T19:40:40 - [TEST_STEP][PASSED] - else: null

16-10-2024T19:40:40 - [TEST_STEP][PASSED] - url = "https://stg-cms-console.9pay.mobi/login": null

16-10-2024T19:40:40 - [TEST_STEP][PASSED] - openBrowser(""): Browser is opened with url: ''

16-10-2024T19:40:40 - [MESSAGE][WARNING] - A browser is already opened. Closing browser and opening a new one

16-10-2024T19:40:40 - [MESSAGE][INFO] - Starting 'Chrome' driver

16-10-2024T19:40:40 - [MESSAGE][INFO] - Action delay is set to 0 milliseconds

16-10-2024T19:40:40 - [MESSAGE][PASSED] - Browser is opened with url: ''

16-10-2024T19:40:40 - [TEST_STEP][PASSED] - maximizeWindow(): Current window maximized

16-10-2024T19:40:41 - [MESSAGE][PASSED] - Current window maximized

16-10-2024T19:40:41 - [TEST_STEP][PASSED] - navigateToUrl(url): Navigate to 'https://stg-cms-console.9pay.mobi/login' successfully

16-10-2024T19:40:42 - [MESSAGE][PASSED] - Navigate to 'https://stg-cms-console.9pay.mobi/login' successfully

16-10-2024T19:40:42 - [TEST_STEP][PASSED] - waitTime = Integer.parseInt(waitSecond): null

16-10-2024T19:40:42 - [TEST_STEP][PASSED] - callTestCase(findTestCase("Test Cases/Login/LoginCommon"), [:], STOP_ON_FAILURE): Call Test Case 'Test Cases/Login/LoginCommon' successfully

16-10-2024T19:40:42 - [TEST_CASE][PASSED] - Test Cases/Login/LoginCommon: Test Cases/Login/LoginCommon

16-10-2024T19:40:42 - [TEST_STEP][PASSED] - driver = getWebDriver(): null

16-10-2024T19:40:42 - [TEST_STEP][PASSED] - sendKeys(findTestObject("Quản lý tài khoản merchant/Quản lý dịch vụ merchant/userNameTextbox"), userAccount): Keys 'dannt@9pay.vn' sent to object: 'Object Repository/Quản lý tài khoản merchant/Quản lý dịch vụ merchant/userNameTextbox'

16-10-2024T19:40:43 - [MESSAGE][PASSED] - Keys 'dannt@9pay.vn' sent to object: 'Object Repository/Quản lý tài khoản merchant/Quản lý dịch vụ merchant/userNameTextbox'

16-10-2024T19:40:43 - [TEST_STEP][PASSED] - sendKeys(findTestObject("Quản lý tài khoản merchant/Quản lý dịch vụ merchant/passwordTextbox"), password): Keys 'dannt@9pay.vn' sent to object: 'Object Repository/Quản lý tài khoản merchant/Quản lý dịch vụ merchant/passwordTextbox'

16-10-2024T19:40:43 - [MESSAGE][PASSED] - Keys 'dannt@9pay.vn' sent to object: 'Object Repository/Quản lý tài khoản merchant/Quản lý dịch vụ merchant/passwordTextbox'

16-10-2024T19:40:43 - [TEST_STEP][PASSED] - click(findTestObject("Quản lý tài khoản merchant/Quản lý dịch vụ merchant/loginButton")): Object: 'Object Repository/Quản lý tài khoản merchant/Quản lý dịch vụ merchant/loginButton' is clicked on

16-10-2024T19:40:43 - [MESSAGE][PASSED] - Object: 'Object Repository/Quản lý tài khoản merchant/Quản lý dịch vụ merchant/loginButton' is clicked on

16-10-2024T19:40:43 - [MESSAGE][PASSED] - Call Test Case 'Test Cases/Login/LoginCommon' successfully

16-10-2024T19:40:43 - [TEST_STEP][PASSED] - waitForElementVisible(findTestObject("Trang chủ/userName"), waitTime, STOP_ON_FAILURE): Object 'Object Repository/Trang chủ/userName' is visible

16-10-2024T19:40:47 - [MESSAGE][PASSED] - Object 'Object Repository/Trang chủ/userName' is visible

16-10-2024T19:40:47 - [TEST_STEP][PASSED] - driver = getWebDriver(): null

16-10-2024T19:40:47 - [TEST_STEP][PASSED] - wait = new org.openqa.selenium.support.ui.WebDriverWait(com.kms.katalon.core.webui.driver.DriverFactory.getWebDriver(), waitTime): null

16-10-2024T19:40:47 - [TEST_STEP][PASSED] - callTestCase(findTestCase("Test Cases/Quản lý tài khoản merchant/Quản lý danh sách tài khoản/CustomFunctions"), [:], STOP_ON_FAILURE): Call Test Case 'Test Cases/Quản lý tài khoản merchant/Quản lý danh sách tài khoản/CustomFunctions' successfully

16-10-2024T19:40:47 - [TEST_CASE][PASSED] - Test Cases/Quản lý tài khoản merchant/Quản lý danh sách tài khoản/CustomFunctions: Test Cases/Quản lý tài khoản merchant/Quản lý danh sách tài khoản/CustomFunctions

16-10-2024T19:40:47 - [TEST_STEP][PASSED] - driver = getWebDriver(): null

16-10-2024T19:40:47 - [TEST_STEP][PASSED] - sleep(2000): null

16-10-2024T19:40:49 - [TEST_STEP][PASSED] - element1 = driver.findElement(By.xpath(xpathManagerMC)): null

16-10-2024T19:40:49 - [TEST_STEP][PASSED] - actions = new org.openqa.selenium.interactions.Actions(driver): null

16-10-2024T19:40:49 - [TEST_STEP][PASSED] - click().perform(): null

16-10-2024T19:40:49 - [TEST_STEP][PASSED] - wait = new org.openqa.selenium.support.ui.WebDriverWait(com.kms.katalon.core.webui.driver.DriverFactory.getWebDriver(), 30): null

16-10-2024T19:40:49 - [TEST_STEP][PASSED] - element2 = wait.until(ExpectedConditions.elementToBeClickable(By.xpath(xpathManagerServiceMC))): null

16-10-2024T19:40:49 - [TEST_STEP][PASSED] - click().perform(): null

16-10-2024T19:40:50 - [MESSAGE][PASSED] - Call Test Case 'Test Cases/Quản lý tài khoản merchant/Quản lý danh sách tài khoản/CustomFunctions' successfully

16-10-2024T19:40:50 - [TEST_STEP][PASSED] - elements = driver.findElements(By.xpath("//tbody//td[@class='text-center'][2]")): null

16-10-2024T19:40:51 - [TEST_STEP][PASSED] - random = new java.util.Random(): null

16-10-2024T19:40:51 - [TEST_STEP][PASSED] - randomElement = elements.get(random.nextInt(elements.size())): null

16-10-2024T19:40:51 - [TEST_STEP][PASSED] - element1 = randomElement.getText(): null

16-10-2024T19:40:51 - [TEST_STEP][PASSED] - println("tên merchant: " + element1): null

16-10-2024T19:40:51 - [TEST_STEP][PASSED] - xpath("//input[@placeholder='Nhập tên tài khoản']")).sendKeys(element1): null

16-10-2024T19:40:51 - [TEST_STEP][PASSED] - xpath("//button[contains(text(),'Tìm kiếm')]")).click(): null

16-10-2024T19:40:51 - [TEST_STEP][PASSED] - xpath("//a[contains(text(),'Quản lý phí dịch vụ merchant')]")).click(): null

16-10-2024T19:40:52 - [TEST_STEP][PASSED] - xpath("//span[@class='filter-option pull-left']")).click(): null

16-10-2024T19:40:55 - [TEST_STEP][PASSED] - xpath("//input[@class='form-control']")).sendKeys(element1): null

16-10-2024T19:40:55 - [TEST_STEP][PASSED] - xpath("//ul[@role='menu']//li[@class='active']//a")).click(): null

16-10-2024T19:40:56 - [TEST_STEP][PASSED] - xpath("//button[contains(text(),'Tìm kiếm')]")).click(): null

16-10-2024T19:40:56 - [TEST_STEP][PASSED] - chiho = driver.findElement(By.xpath("//td[2][@class='text-center' and contains(text(), 'Chi hộ')]")): null

16-10-2024T19:40:57 - [TEST_STEP][PASSED] - println("Giá trị của chi hộ là: " + chiho.getText()): null

16-10-2024T19:40:57 - [TEST_STEP][PASSED] - Assert.assertEquals(chiho.getText(), "Chi hộ"): null

16-10-2024T19:40:57 - [TEST_STEP][PASSED] - Start listener action : sampleAfterTestCase: null

16-10-2024T19:40:57 - [TEST_STEP][PASSED] - testCaseId = testCaseContext.getTestCaseId(): null

16-10-2024T19:40:57 - [TEST_STEP][PASSED] - if (testCaseId == "Test Cases/Quản lý tài khoản merchant/Quản lý dịch vụ merchant/TC_13_Kiểm tra chức năng xác nhận cấu hình thay đổi VA"): null]]></system-out>
         <system-err><![CDATA[]]></system-err>
      </testcase>
      <testcase name="Test Cases/Quản lý tài khoản merchant/Quản lý dịch vụ merchant/TC_20_Kiểm tra tài khoản đã active dịch vụ thu hộ IB" time="20.469" classname="Test Cases/Quản lý tài khoản merchant/Quản lý dịch vụ merchant/TC_20_Kiểm tra tài khoản đã active dịch vụ thu hộ IB" status="PASSED">
         <system-out><![CDATA[16-10-2024T19:40:57 - [TEST_CASE][PASSED] - Test Cases/Quản lý tài khoản merchant/Quản lý dịch vụ merchant/TC_20_Kiểm tra tài khoản đã active dịch vụ thu hộ IB: Test Cases/Quản lý tài khoản merchant/Quản lý dịch vụ merchant/TC_20_Kiểm tra tài khoản đã active dịch vụ thu hộ IB

16-10-2024T19:40:57 - [TEST_STEP][PASSED] - Start listener action : sampleBeforeTestCase: Navigate to 'https://stg-cms-console.9pay.mobi/login' successfully

16-10-2024T19:40:57 - [TEST_STEP][PASSED] - testCaseId = testCaseContext.getTestCaseId(): null

16-10-2024T19:40:57 - [TEST_STEP][PASSED] - url = <not implemented yet for class: org.codehaus.groovy.ast.expr.EmptyExpression>: null

16-10-2024T19:40:57 - [TEST_STEP][PASSED] - if (testCaseId == "Test Cases/Quản lý tài khoản merchant/Quản lý dịch vụ merchant/TC_14_Kiểm tra thay đổi sau khi cấu hình VA trên MCV"): null

16-10-2024T19:40:57 - [TEST_STEP][PASSED] - else: null

16-10-2024T19:40:57 - [TEST_STEP][PASSED] - url = "https://stg-cms-console.9pay.mobi/login": null

16-10-2024T19:40:57 - [TEST_STEP][PASSED] - openBrowser(""): Browser is opened with url: ''

16-10-2024T19:40:57 - [MESSAGE][WARNING] - A browser is already opened. Closing browser and opening a new one

16-10-2024T19:40:57 - [MESSAGE][INFO] - Starting 'Chrome' driver

16-10-2024T19:40:57 - [MESSAGE][INFO] - Action delay is set to 0 milliseconds

16-10-2024T19:40:57 - [MESSAGE][PASSED] - Browser is opened with url: ''

16-10-2024T19:40:57 - [TEST_STEP][PASSED] - maximizeWindow(): Current window maximized

16-10-2024T19:40:58 - [MESSAGE][PASSED] - Current window maximized

16-10-2024T19:40:58 - [TEST_STEP][PASSED] - navigateToUrl(url): Navigate to 'https://stg-cms-console.9pay.mobi/login' successfully

16-10-2024T19:40:59 - [MESSAGE][PASSED] - Navigate to 'https://stg-cms-console.9pay.mobi/login' successfully

16-10-2024T19:40:59 - [TEST_STEP][PASSED] - waitTime = Integer.parseInt(waitSecond): null

16-10-2024T19:40:59 - [TEST_STEP][PASSED] - callTestCase(findTestCase("Test Cases/Login/LoginCommon"), [:], STOP_ON_FAILURE): Call Test Case 'Test Cases/Login/LoginCommon' successfully

16-10-2024T19:40:59 - [TEST_CASE][PASSED] - Test Cases/Login/LoginCommon: Test Cases/Login/LoginCommon

16-10-2024T19:40:59 - [TEST_STEP][PASSED] - driver = getWebDriver(): null

16-10-2024T19:40:59 - [TEST_STEP][PASSED] - sendKeys(findTestObject("Quản lý tài khoản merchant/Quản lý dịch vụ merchant/userNameTextbox"), userAccount): Keys 'dannt@9pay.vn' sent to object: 'Object Repository/Quản lý tài khoản merchant/Quản lý dịch vụ merchant/userNameTextbox'

16-10-2024T19:41:00 - [MESSAGE][PASSED] - Keys 'dannt@9pay.vn' sent to object: 'Object Repository/Quản lý tài khoản merchant/Quản lý dịch vụ merchant/userNameTextbox'

16-10-2024T19:41:00 - [TEST_STEP][PASSED] - sendKeys(findTestObject("Quản lý tài khoản merchant/Quản lý dịch vụ merchant/passwordTextbox"), password): Keys 'dannt@9pay.vn' sent to object: 'Object Repository/Quản lý tài khoản merchant/Quản lý dịch vụ merchant/passwordTextbox'

16-10-2024T19:41:00 - [MESSAGE][PASSED] - Keys 'dannt@9pay.vn' sent to object: 'Object Repository/Quản lý tài khoản merchant/Quản lý dịch vụ merchant/passwordTextbox'

16-10-2024T19:41:00 - [TEST_STEP][PASSED] - click(findTestObject("Quản lý tài khoản merchant/Quản lý dịch vụ merchant/loginButton")): Object: 'Object Repository/Quản lý tài khoản merchant/Quản lý dịch vụ merchant/loginButton' is clicked on

16-10-2024T19:41:00 - [MESSAGE][PASSED] - Object: 'Object Repository/Quản lý tài khoản merchant/Quản lý dịch vụ merchant/loginButton' is clicked on

16-10-2024T19:41:00 - [MESSAGE][PASSED] - Call Test Case 'Test Cases/Login/LoginCommon' successfully

16-10-2024T19:41:00 - [TEST_STEP][PASSED] - waitForElementVisible(findTestObject("Trang chủ/userName"), waitTime, STOP_ON_FAILURE): Object 'Object Repository/Trang chủ/userName' is visible

16-10-2024T19:41:12 - [MESSAGE][PASSED] - Object 'Object Repository/Trang chủ/userName' is visible

16-10-2024T19:41:12 - [TEST_STEP][PASSED] - driver = getWebDriver(): null

16-10-2024T19:41:12 - [TEST_STEP][PASSED] - wait = new org.openqa.selenium.support.ui.WebDriverWait(com.kms.katalon.core.webui.driver.DriverFactory.getWebDriver(), waitTime): null

16-10-2024T19:41:12 - [TEST_STEP][PASSED] - callTestCase(findTestCase("Test Cases/Quản lý tài khoản merchant/Quản lý danh sách tài khoản/CustomFunctions"), [:], STOP_ON_FAILURE): Call Test Case 'Test Cases/Quản lý tài khoản merchant/Quản lý danh sách tài khoản/CustomFunctions' successfully

16-10-2024T19:41:12 - [TEST_CASE][PASSED] - Test Cases/Quản lý tài khoản merchant/Quản lý danh sách tài khoản/CustomFunctions: Test Cases/Quản lý tài khoản merchant/Quản lý danh sách tài khoản/CustomFunctions

16-10-2024T19:41:12 - [TEST_STEP][PASSED] - driver = getWebDriver(): null

16-10-2024T19:41:12 - [TEST_STEP][PASSED] - sleep(2000): null

16-10-2024T19:41:14 - [TEST_STEP][PASSED] - element1 = driver.findElement(By.xpath(xpathManagerMC)): null

16-10-2024T19:41:15 - [TEST_STEP][PASSED] - actions = new org.openqa.selenium.interactions.Actions(driver): null

16-10-2024T19:41:15 - [TEST_STEP][PASSED] - click().perform(): null

16-10-2024T19:41:15 - [TEST_STEP][PASSED] - wait = new org.openqa.selenium.support.ui.WebDriverWait(com.kms.katalon.core.webui.driver.DriverFactory.getWebDriver(), 30): null

16-10-2024T19:41:15 - [TEST_STEP][PASSED] - element2 = wait.until(ExpectedConditions.elementToBeClickable(By.xpath(xpathManagerServiceMC))): null

16-10-2024T19:41:15 - [TEST_STEP][PASSED] - click().perform(): null

16-10-2024T19:41:15 - [MESSAGE][PASSED] - Call Test Case 'Test Cases/Quản lý tài khoản merchant/Quản lý danh sách tài khoản/CustomFunctions' successfully

16-10-2024T19:41:15 - [TEST_STEP][PASSED] - elements = driver.findElements(By.xpath("//label[contains(.,'Nhà cung cấp EPAY')]")): null

16-10-2024T19:41:17 - [TEST_STEP][PASSED] - random = new java.util.Random(): null

16-10-2024T19:41:17 - [TEST_STEP][PASSED] - randomElement = elements.get(random.nextInt(elements.size())): null

16-10-2024T19:41:17 - [TEST_STEP][PASSED] - randomElement.click(): null

16-10-2024T19:41:17 - [TEST_STEP][PASSED] - Assert.assertEquals(xpath("//h4[contains(text(),'Xác nhận thay đổi nhà cung cấp chi hộ mặc định')]")).getText(), "Xác nhận thay đổi nhà cung cấp chi hộ mặc định"): null

16-10-2024T19:41:17 - [TEST_STEP][PASSED] - Start listener action : sampleAfterTestCase: null

16-10-2024T19:41:17 - [TEST_STEP][PASSED] - testCaseId = testCaseContext.getTestCaseId(): null

16-10-2024T19:41:17 - [TEST_STEP][PASSED] - if (testCaseId == "Test Cases/Quản lý tài khoản merchant/Quản lý dịch vụ merchant/TC_13_Kiểm tra chức năng xác nhận cấu hình thay đổi VA"): null]]></system-out>
         <system-err><![CDATA[]]></system-err>
      </testcase>
      <system-out><![CDATA[16-10-2024T19:35:20 - [TEST_SUITE][FAILED] - Quản lý dịch vụ merchant: Test Cases/Quản lý tài khoản merchant/Quản lý dịch vụ merchant/TC_05_kiểm tra chức năng search khi chọn dịch vụ là thu hộ IB FAILED.
Reason:
com.kms.katalon.core.exception.StepFailedException: Test case đã fail với số lượng icon không đúng.
	at com.kms.katalon.core.util.KeywordUtil.markFailed(KeywordUtil.java:19)
	at TC_05_kiểm tra chức năng search khi chọn dịch vụ là thu hộ IB.run(TC_05_kiểm tra chức năng search khi chọn dịch vụ là thu hộ IB:61)
	at com.kms.katalon.core.main.ScriptEngine.run(ScriptEngine.java:194)
	at com.kms.katalon.core.main.ScriptEngine.runScriptAsRawText(ScriptEngine.java:119)
	at com.kms.katalon.core.main.TestCaseExecutor.runScript(TestCaseExecutor.java:448)
	at com.kms.katalon.core.main.TestCaseExecutor.doExecute(TestCaseExecutor.java:439)
	at com.kms.katalon.core.main.TestCaseExecutor.processExecutionPhase(TestCaseExecutor.java:418)
	at com.kms.katalon.core.main.TestCaseExecutor.accessMainPhase(TestCaseExecutor.java:410)
	at com.kms.katalon.core.main.TestCaseExecutor.execute(TestCaseExecutor.java:285)
	at com.kms.katalon.core.common.CommonExecutor.accessTestCaseMainPhase(CommonExecutor.java:65)
	at com.kms.katalon.core.main.TestSuiteExecutor.accessTestSuiteMainPhase(TestSuiteExecutor.java:150)
	at com.kms.katalon.core.main.TestSuiteExecutor.execute(TestSuiteExecutor.java:106)
	at com.kms.katalon.core.main.TestCaseMain.startTestSuite(TestCaseMain.java:180)
	at TempTestSuite1729082116599.run(TempTestSuite1729082116599.groovy:35)
	at java.base/jdk.internal.reflect.NativeMethodAccessorImpl.invoke0(Native Method)
	at java.base/jdk.internal.reflect.NativeMethodAccessorImpl.invoke(NativeMethodAccessorImpl.java:77)
	at java.base/jdk.internal.reflect.DelegatingMethodAccessorImpl.invoke(DelegatingMethodAccessorImpl.java:43)]]></system-out>
      <system-err><![CDATA[16-10-2024T19:35:20 - [TEST_SUITE][FAILED] - Quản lý dịch vụ merchant: Test Cases/Quản lý tài khoản merchant/Quản lý dịch vụ merchant/TC_05_kiểm tra chức năng search khi chọn dịch vụ là thu hộ IB FAILED.
Reason:
com.kms.katalon.core.exception.StepFailedException: Test case đã fail với số lượng icon không đúng.
	at com.kms.katalon.core.util.KeywordUtil.markFailed(KeywordUtil.java:19)
	at TC_05_kiểm tra chức năng search khi chọn dịch vụ là thu hộ IB.run(TC_05_kiểm tra chức năng search khi chọn dịch vụ là thu hộ IB:61)
	at com.kms.katalon.core.main.ScriptEngine.run(ScriptEngine.java:194)
	at com.kms.katalon.core.main.ScriptEngine.runScriptAsRawText(ScriptEngine.java:119)
	at com.kms.katalon.core.main.TestCaseExecutor.runScript(TestCaseExecutor.java:448)
	at com.kms.katalon.core.main.TestCaseExecutor.doExecute(TestCaseExecutor.java:439)
	at com.kms.katalon.core.main.TestCaseExecutor.processExecutionPhase(TestCaseExecutor.java:418)
	at com.kms.katalon.core.main.TestCaseExecutor.accessMainPhase(TestCaseExecutor.java:410)
	at com.kms.katalon.core.main.TestCaseExecutor.execute(TestCaseExecutor.java:285)
	at com.kms.katalon.core.common.CommonExecutor.accessTestCaseMainPhase(CommonExecutor.java:65)
	at com.kms.katalon.core.main.TestSuiteExecutor.accessTestSuiteMainPhase(TestSuiteExecutor.java:150)
	at com.kms.katalon.core.main.TestSuiteExecutor.execute(TestSuiteExecutor.java:106)
	at com.kms.katalon.core.main.TestCaseMain.startTestSuite(TestCaseMain.java:180)
	at TempTestSuite1729082116599.run(TempTestSuite1729082116599.groovy:35)
	at java.base/jdk.internal.reflect.NativeMethodAccessorImpl.invoke0(Native Method)
	at java.base/jdk.internal.reflect.NativeMethodAccessorImpl.invoke(NativeMethodAccessorImpl.java:77)
	at java.base/jdk.internal.reflect.DelegatingMethodAccessorImpl.invoke(DelegatingMethodAccessorImpl.java:43)]]></system-err>
   </testsuite>
</testsuites>
