<?xml version="1.0" encoding="UTF-8"?>
<testsuites name="Rút tiền" time="531.579" tests="12" failures="0" errors="1">
   <testsuite name="Rút tiền" tests="12" failures="0" errors="1" time="531.579" skipped="0" timestamp="13-10-2024T22:02:36" hostname="mac - 192.168.1.10" id="Test Suites/Quản lý tài khoản merchant/Rút tiền">
      <properties>
         <property name="deviceName" value=""/>
         <property name="devicePlatform"/>
         <property name="logFolder" value="/Users/mac/Documents/test/Cms9Pay/Reports/20241013_220229/Qu\u1EA3n l\u00FD t\u00E0i kho\u1EA3n merchant/R\u00FAt ti\u1EC1n/20241013_220231"/>
         <property name="logFiles" value="/Users/mac/Documents/test/Cms9Pay/Reports/20241013_220229/Qu\u1EA3n l\u00FD t\u00E0i kho\u1EA3n merchant/R\u00FAt ti\u1EC1n/20241013_220231/execution0.log"/>
         <property name="attachments" value=""/>
         <property name="hostName" value="mac - 192.168.1.10"/>
         <property name="os" value="Mac OS X 64bit"/>
         <property name="katalonVersion" value="9.7.2.223"/>
         <property name="browser" value="Chrome 129.0.0.0"/>
         <property name="hostAddress" value="192.168.1.10"/>
         <property name="sessionId" value="ac7f6a76f62da54d995358611784467d"/>
         <property name="seleniumVersion" value="3.141.59"/>
         <property name="proxyInformation" value="ProxyInformation { proxyOption=NO_PROXY, proxyServerType=HTTP, username=, password=********, proxyServerAddress=, proxyServerPort=0, executionList=&quot;&quot;, isApplyToDesiredCapabilities=true }"/>
         <property name="platform" value="Mac OS X"/>
      </properties>
      <testcase name="Test Cases/Quản lý tài khoản merchant/Quản lý danh sách tài khoản/Rút tiền/TC_01_Kiểm tra mở form Rút tiền" time="17.662" classname="Test Cases/Quản lý tài khoản merchant/Quản lý danh sách tài khoản/Rút tiền/TC_01_Kiểm tra mở form Rút tiền" status="PASSED">
         <system-out><![CDATA[13-10-2024T22:02:36 - [TEST_CASE][PASSED] - Test Cases/Quản lý tài khoản merchant/Quản lý danh sách tài khoản/Rút tiền/TC_01_Kiểm tra mở form Rút tiền: Test Cases/Quản lý tài khoản merchant/Quản lý danh sách tài khoản/Rút tiền/TC_01_Kiểm tra mở form Rút tiền

13-10-2024T22:02:36 - [TEST_STEP][PASSED] - Start listener action : sampleBeforeTestCase: Navigate to 'https://stg-cms-console.9pay.mobi/login' successfully

13-10-2024T22:02:36 - [TEST_STEP][PASSED] - testCaseId = testCaseContext.getTestCaseId(): null

13-10-2024T22:02:36 - [TEST_STEP][PASSED] - url = <not implemented yet for class: org.codehaus.groovy.ast.expr.EmptyExpression>: null

13-10-2024T22:02:36 - [TEST_STEP][PASSED] - if (testCaseId == "Test Cases/Quản lý tài khoản merchant/Quản lý dịch vụ merchant/TC_14_Kiểm tra thay đổi sau khi cấu hình VA trên MCV"): null

13-10-2024T22:02:36 - [TEST_STEP][PASSED] - else: null

13-10-2024T22:02:36 - [TEST_STEP][PASSED] - url = "https://stg-cms-console.9pay.mobi/login": null

13-10-2024T22:02:36 - [TEST_STEP][PASSED] - openBrowser(""): Browser is opened with url: ''

13-10-2024T22:02:37 - [MESSAGE][INFO] - Starting 'Chrome' driver

13-10-2024T22:02:37 - [MESSAGE][INFO] - Action delay is set to 0 milliseconds

13-10-2024T22:02:38 - [MESSAGE][PASSED] - Browser is opened with url: ''

13-10-2024T22:02:38 - [TEST_STEP][PASSED] - maximizeWindow(): Current window maximized

13-10-2024T22:02:38 - [MESSAGE][PASSED] - Current window maximized

13-10-2024T22:02:38 - [TEST_STEP][PASSED] - navigateToUrl(url): Navigate to 'https://stg-cms-console.9pay.mobi/login' successfully

13-10-2024T22:02:42 - [MESSAGE][PASSED] - Navigate to 'https://stg-cms-console.9pay.mobi/login' successfully

13-10-2024T22:02:42 - [TEST_STEP][PASSED] - driver = getWebDriver(): null

13-10-2024T22:02:42 - [TEST_STEP][PASSED] - callTestCase(findTestCase("Test Cases/Login/LoginCommon"), [:], STOP_ON_FAILURE): Call Test Case 'Test Cases/Login/LoginCommon' successfully

13-10-2024T22:02:42 - [TEST_CASE][PASSED] - Test Cases/Login/LoginCommon: Test Cases/Login/LoginCommon

13-10-2024T22:02:42 - [TEST_STEP][PASSED] - driver = getWebDriver(): null

13-10-2024T22:02:42 - [TEST_STEP][PASSED] - sendKeys(findTestObject("Quản lý tài khoản merchant/Quản lý dịch vụ merchant/userNameTextbox"), userAccount): Keys 'dannt@9pay.vn' sent to object: 'Object Repository/Quản lý tài khoản merchant/Quản lý dịch vụ merchant/userNameTextbox'

13-10-2024T22:02:43 - [MESSAGE][PASSED] - Keys 'dannt@9pay.vn' sent to object: 'Object Repository/Quản lý tài khoản merchant/Quản lý dịch vụ merchant/userNameTextbox'

13-10-2024T22:02:43 - [TEST_STEP][PASSED] - sendKeys(findTestObject("Quản lý tài khoản merchant/Quản lý dịch vụ merchant/passwordTextbox"), password): Keys 'dannt@9pay.vn' sent to object: 'Object Repository/Quản lý tài khoản merchant/Quản lý dịch vụ merchant/passwordTextbox'

13-10-2024T22:02:43 - [MESSAGE][PASSED] - Keys 'dannt@9pay.vn' sent to object: 'Object Repository/Quản lý tài khoản merchant/Quản lý dịch vụ merchant/passwordTextbox'

13-10-2024T22:02:43 - [TEST_STEP][PASSED] - click(findTestObject("Quản lý tài khoản merchant/Quản lý dịch vụ merchant/loginButton")): Object: 'Object Repository/Quản lý tài khoản merchant/Quản lý dịch vụ merchant/loginButton' is clicked on

13-10-2024T22:02:43 - [MESSAGE][PASSED] - Object: 'Object Repository/Quản lý tài khoản merchant/Quản lý dịch vụ merchant/loginButton' is clicked on

13-10-2024T22:02:43 - [MESSAGE][PASSED] - Call Test Case 'Test Cases/Login/LoginCommon' successfully

13-10-2024T22:02:43 - [TEST_STEP][PASSED] - waitForElementVisible(findTestObject("Trang chủ/userName"), 10, STOP_ON_FAILURE): Object 'Object Repository/Trang chủ/userName' is visible

13-10-2024T22:02:45 - [MESSAGE][PASSED] - Object 'Object Repository/Trang chủ/userName' is visible

13-10-2024T22:02:45 - [TEST_STEP][PASSED] - click(findTestObject("Quản lý tài khoản merchant/menuManagerMerchantAccount")): Object: 'Object Repository/Quản lý tài khoản merchant/menuManagerMerchantAccount' is clicked on

13-10-2024T22:02:47 - [MESSAGE][PASSED] - Object: 'Object Repository/Quản lý tài khoản merchant/menuManagerMerchantAccount' is clicked on

13-10-2024T22:02:47 - [TEST_STEP][PASSED] - waitForElementVisible(findTestObject("Quản lý tài khoản merchant/Quản lý dịch vụ merchant/menuManagerMerchantService"), 10, STOP_ON_FAILURE): Object 'Object Repository/Quản lý tài khoản merchant/Quản lý dịch vụ merchant/menuManagerMerchantService' is visible

13-10-2024T22:02:48 - [MESSAGE][PASSED] - Object 'Object Repository/Quản lý tài khoản merchant/Quản lý dịch vụ merchant/menuManagerMerchantService' is visible

13-10-2024T22:02:48 - [TEST_STEP][PASSED] - wait = new org.openqa.selenium.support.ui.WebDriverWait(com.kms.katalon.core.webui.driver.DriverFactory.getWebDriver(), internal.GlobalVariable.waitSecond): null

13-10-2024T22:02:48 - [TEST_STEP][PASSED] - menuManagerUserAccount = wait.until(ExpectedConditions.elementToBeClickable(By.xpath(xpathManagerListAccount))): null

13-10-2024T22:02:48 - [TEST_STEP][PASSED] - menuManagerUserAccount.click(): null

13-10-2024T22:02:48 - [TEST_STEP][PASSED] - userCode = wait.until(ExpectedConditions.visibilityOfElementLocated(By.xpath(xpathUserCode))): null

13-10-2024T22:02:51 - [TEST_STEP][PASSED] - println(userCode.getText()): null

13-10-2024T22:02:51 - [TEST_STEP][PASSED] - accountBtn = wait.until(ExpectedConditions.elementToBeClickable(By.xpath(xpathBtnAccount))): null

13-10-2024T22:02:51 - [TEST_STEP][PASSED] - accountBtn.click(): null

13-10-2024T22:02:51 - [TEST_STEP][PASSED] - searchTextbox = wait.until(ExpectedConditions.elementToBeClickable(By.xpath(xpathSearchTextbox))): null

13-10-2024T22:02:51 - [TEST_STEP][PASSED] - searchTextbox.sendKeys(username): null

13-10-2024T22:02:51 - [TEST_STEP][PASSED] - xpath(xpathOption)).click(): null

13-10-2024T22:02:52 - [TEST_STEP][PASSED] - xpath(xpathBtnSearch)).click(): null

13-10-2024T22:02:52 - [TEST_STEP][PASSED] - Assert.assertEquals(xpath(xpathAccountName)).getText(), username): null

13-10-2024T22:02:53 - [TEST_STEP][PASSED] - xpath(xpathMoneyOff)).click(): null

13-10-2024T22:02:53 - [TEST_STEP][PASSED] - Assert.assertEquals(xpath(xpathActiveItem)).getText(), "RÚT TIỀN THÔNG THƯỜNG VÀ CHI NỘI ĐỊA"): null

13-10-2024T22:02:54 - [TEST_STEP][PASSED] - Start listener action : sampleAfterTestCase: null

13-10-2024T22:02:54 - [TEST_STEP][PASSED] - testCaseId = testCaseContext.getTestCaseId(): null

13-10-2024T22:02:54 - [TEST_STEP][PASSED] - if (testCaseId == "Test Cases/Quản lý tài khoản merchant/Quản lý dịch vụ merchant/TC_13_Kiểm tra chức năng xác nhận cấu hình thay đổi VA"): null]]></system-out>
         <system-err><![CDATA[]]></system-err>
      </testcase>
      <testcase name="Test Cases/Quản lý tài khoản merchant/Quản lý danh sách tài khoản/Rút tiền/TC_02_Kiểm tra validate trường thông tin" time="31.724" classname="Test Cases/Quản lý tài khoản merchant/Quản lý danh sách tài khoản/Rút tiền/TC_02_Kiểm tra validate trường thông tin" status="PASSED">
         <system-out><![CDATA[13-10-2024T22:02:54 - [TEST_CASE][PASSED] - Test Cases/Quản lý tài khoản merchant/Quản lý danh sách tài khoản/Rút tiền/TC_02_Kiểm tra validate trường thông tin: Test Cases/Quản lý tài khoản merchant/Quản lý danh sách tài khoản/Rút tiền/TC_02_Kiểm tra validate trường thông tin

13-10-2024T22:02:54 - [TEST_STEP][PASSED] - Start listener action : sampleBeforeTestCase: Navigate to 'https://stg-cms-console.9pay.mobi/login' successfully

13-10-2024T22:02:54 - [TEST_STEP][PASSED] - testCaseId = testCaseContext.getTestCaseId(): null

13-10-2024T22:02:54 - [TEST_STEP][PASSED] - url = <not implemented yet for class: org.codehaus.groovy.ast.expr.EmptyExpression>: null

13-10-2024T22:02:54 - [TEST_STEP][PASSED] - if (testCaseId == "Test Cases/Quản lý tài khoản merchant/Quản lý dịch vụ merchant/TC_14_Kiểm tra thay đổi sau khi cấu hình VA trên MCV"): null

13-10-2024T22:02:54 - [TEST_STEP][PASSED] - else: null

13-10-2024T22:02:54 - [TEST_STEP][PASSED] - url = "https://stg-cms-console.9pay.mobi/login": null

13-10-2024T22:02:54 - [TEST_STEP][PASSED] - openBrowser(""): Browser is opened with url: ''

13-10-2024T22:02:54 - [MESSAGE][WARNING] - A browser is already opened. Closing browser and opening a new one

13-10-2024T22:02:54 - [MESSAGE][INFO] - Starting 'Chrome' driver

13-10-2024T22:02:54 - [MESSAGE][INFO] - Action delay is set to 0 milliseconds

13-10-2024T22:02:55 - [MESSAGE][PASSED] - Browser is opened with url: ''

13-10-2024T22:02:55 - [TEST_STEP][PASSED] - maximizeWindow(): Current window maximized

13-10-2024T22:02:55 - [MESSAGE][PASSED] - Current window maximized

13-10-2024T22:02:55 - [TEST_STEP][PASSED] - navigateToUrl(url): Navigate to 'https://stg-cms-console.9pay.mobi/login' successfully

13-10-2024T22:02:57 - [MESSAGE][PASSED] - Navigate to 'https://stg-cms-console.9pay.mobi/login' successfully

13-10-2024T22:02:57 - [TEST_STEP][PASSED] - driver = getWebDriver(): null

13-10-2024T22:02:57 - [TEST_STEP][PASSED] - callTestCase(findTestCase("Test Cases/Login/LoginCommon"), [:], STOP_ON_FAILURE): Call Test Case 'Test Cases/Login/LoginCommon' successfully

13-10-2024T22:02:57 - [TEST_CASE][PASSED] - Test Cases/Login/LoginCommon: Test Cases/Login/LoginCommon

13-10-2024T22:02:57 - [TEST_STEP][PASSED] - driver = getWebDriver(): null

13-10-2024T22:02:57 - [TEST_STEP][PASSED] - sendKeys(findTestObject("Quản lý tài khoản merchant/Quản lý dịch vụ merchant/userNameTextbox"), userAccount): Keys 'dannt@9pay.vn' sent to object: 'Object Repository/Quản lý tài khoản merchant/Quản lý dịch vụ merchant/userNameTextbox'

13-10-2024T22:02:57 - [MESSAGE][PASSED] - Keys 'dannt@9pay.vn' sent to object: 'Object Repository/Quản lý tài khoản merchant/Quản lý dịch vụ merchant/userNameTextbox'

13-10-2024T22:02:57 - [TEST_STEP][PASSED] - sendKeys(findTestObject("Quản lý tài khoản merchant/Quản lý dịch vụ merchant/passwordTextbox"), password): Keys 'dannt@9pay.vn' sent to object: 'Object Repository/Quản lý tài khoản merchant/Quản lý dịch vụ merchant/passwordTextbox'

13-10-2024T22:02:58 - [MESSAGE][PASSED] - Keys 'dannt@9pay.vn' sent to object: 'Object Repository/Quản lý tài khoản merchant/Quản lý dịch vụ merchant/passwordTextbox'

13-10-2024T22:02:58 - [TEST_STEP][PASSED] - click(findTestObject("Quản lý tài khoản merchant/Quản lý dịch vụ merchant/loginButton")): Object: 'Object Repository/Quản lý tài khoản merchant/Quản lý dịch vụ merchant/loginButton' is clicked on

13-10-2024T22:02:58 - [MESSAGE][PASSED] - Object: 'Object Repository/Quản lý tài khoản merchant/Quản lý dịch vụ merchant/loginButton' is clicked on

13-10-2024T22:02:58 - [MESSAGE][PASSED] - Call Test Case 'Test Cases/Login/LoginCommon' successfully

13-10-2024T22:02:58 - [TEST_STEP][PASSED] - waitForElementVisible(findTestObject("Trang chủ/userName"), 10, STOP_ON_FAILURE): Object 'Object Repository/Trang chủ/userName' is visible

13-10-2024T22:02:59 - [MESSAGE][PASSED] - Object 'Object Repository/Trang chủ/userName' is visible

13-10-2024T22:02:59 - [TEST_STEP][PASSED] - click(findTestObject("Quản lý tài khoản merchant/menuManagerMerchantAccount")): Object: 'Object Repository/Quản lý tài khoản merchant/menuManagerMerchantAccount' is clicked on

13-10-2024T22:03:12 - [MESSAGE][PASSED] - Object: 'Object Repository/Quản lý tài khoản merchant/menuManagerMerchantAccount' is clicked on

13-10-2024T22:03:12 - [TEST_STEP][PASSED] - waitForElementVisible(findTestObject("Quản lý tài khoản merchant/Quản lý dịch vụ merchant/menuManagerMerchantService"), 10, STOP_ON_FAILURE): Object 'Object Repository/Quản lý tài khoản merchant/Quản lý dịch vụ merchant/menuManagerMerchantService' is visible

13-10-2024T22:03:13 - [MESSAGE][PASSED] - Object 'Object Repository/Quản lý tài khoản merchant/Quản lý dịch vụ merchant/menuManagerMerchantService' is visible

13-10-2024T22:03:13 - [TEST_STEP][PASSED] - wait = new org.openqa.selenium.support.ui.WebDriverWait(com.kms.katalon.core.webui.driver.DriverFactory.getWebDriver(), internal.GlobalVariable.waitSecond): null

13-10-2024T22:03:13 - [TEST_STEP][PASSED] - menuManagerUserAccount = wait.until(ExpectedConditions.elementToBeClickable(By.xpath(xpathManagerListAccount))): null

13-10-2024T22:03:13 - [TEST_STEP][PASSED] - menuManagerUserAccount.click(): null

13-10-2024T22:03:13 - [TEST_STEP][PASSED] - userCode = wait.until(ExpectedConditions.visibilityOfElementLocated(By.xpath(xpathUserCode))): null

13-10-2024T22:03:16 - [TEST_STEP][PASSED] - println(userCode.getText()): null

13-10-2024T22:03:16 - [TEST_STEP][PASSED] - accountBtn = wait.until(ExpectedConditions.elementToBeClickable(By.xpath(xpathBtnAccount))): null

13-10-2024T22:03:16 - [TEST_STEP][PASSED] - accountBtn.click(): null

13-10-2024T22:03:16 - [TEST_STEP][PASSED] - searchTextbox = wait.until(ExpectedConditions.elementToBeClickable(By.xpath(xpathSearchTextbox))): null

13-10-2024T22:03:17 - [TEST_STEP][PASSED] - searchTextbox.sendKeys(username): null

13-10-2024T22:03:17 - [TEST_STEP][PASSED] - xpath(xpathOption)).click(): null

13-10-2024T22:03:17 - [TEST_STEP][PASSED] - xpath(xpathBtnSearch)).click(): null

13-10-2024T22:03:18 - [TEST_STEP][PASSED] - Assert.assertEquals(xpath(xpathAccountName)).getText(), username): null

13-10-2024T22:03:18 - [TEST_STEP][PASSED] - xpath(xpathMoneyOff)).click(): null

13-10-2024T22:03:19 - [TEST_STEP][PASSED] - wait.until(ExpectedConditions.visibilityOfElementLocated(By.xpath(xpathUser))): null

13-10-2024T22:03:24 - [TEST_STEP][PASSED] - xpath(xpathBtnContinue)).click(): null

13-10-2024T22:03:24 - [TEST_STEP][PASSED] - Assert.assertEquals(xpath(xpathErrorWallet)).getText(), "Vui lòng chọn ví dịch vụ"): null

13-10-2024T22:03:24 - [TEST_STEP][PASSED] - xpath(xpathViRut)).click(): null

13-10-2024T22:03:25 - [TEST_STEP][PASSED] - xpath(xpathParentThuHo)).click(): null

13-10-2024T22:03:25 - [TEST_STEP][PASSED] - xpath(xpathBtnContinue)).click(): null

13-10-2024T22:03:25 - [TEST_STEP][PASSED] - Assert.assertEquals(xpath(xpathChonKiDoiSoat)).getText(), "Vui lòng chọn kỳ đối soát"): null

13-10-2024T22:03:26 - [TEST_STEP][PASSED] - Start listener action : sampleAfterTestCase: null

13-10-2024T22:03:26 - [TEST_STEP][PASSED] - testCaseId = testCaseContext.getTestCaseId(): null

13-10-2024T22:03:26 - [TEST_STEP][PASSED] - if (testCaseId == "Test Cases/Quản lý tài khoản merchant/Quản lý dịch vụ merchant/TC_13_Kiểm tra chức năng xác nhận cấu hình thay đổi VA"): null]]></system-out>
         <system-err><![CDATA[]]></system-err>
      </testcase>
      <testcase name="Test Cases/Quản lý tài khoản merchant/Quản lý danh sách tài khoản/Rút tiền/TC_03_Kiểm tra khi nhập đầy đủ và nhấn tiếp tục" time="29.616" classname="Test Cases/Quản lý tài khoản merchant/Quản lý danh sách tài khoản/Rút tiền/TC_03_Kiểm tra khi nhập đầy đủ và nhấn tiếp tục" status="PASSED">
         <system-out><![CDATA[13-10-2024T22:03:26 - [TEST_CASE][PASSED] - Test Cases/Quản lý tài khoản merchant/Quản lý danh sách tài khoản/Rút tiền/TC_03_Kiểm tra khi nhập đầy đủ và nhấn tiếp tục: Test Cases/Quản lý tài khoản merchant/Quản lý danh sách tài khoản/Rút tiền/TC_03_Kiểm tra khi nhập đầy đủ và nhấn tiếp tục

13-10-2024T22:03:26 - [TEST_STEP][PASSED] - Start listener action : sampleBeforeTestCase: Navigate to 'https://stg-cms-console.9pay.mobi/login' successfully

13-10-2024T22:03:26 - [TEST_STEP][PASSED] - testCaseId = testCaseContext.getTestCaseId(): null

13-10-2024T22:03:26 - [TEST_STEP][PASSED] - url = <not implemented yet for class: org.codehaus.groovy.ast.expr.EmptyExpression>: null

13-10-2024T22:03:26 - [TEST_STEP][PASSED] - if (testCaseId == "Test Cases/Quản lý tài khoản merchant/Quản lý dịch vụ merchant/TC_14_Kiểm tra thay đổi sau khi cấu hình VA trên MCV"): null

13-10-2024T22:03:26 - [TEST_STEP][PASSED] - else: null

13-10-2024T22:03:26 - [TEST_STEP][PASSED] - url = "https://stg-cms-console.9pay.mobi/login": null

13-10-2024T22:03:26 - [TEST_STEP][PASSED] - openBrowser(""): Browser is opened with url: ''

13-10-2024T22:03:26 - [MESSAGE][WARNING] - A browser is already opened. Closing browser and opening a new one

13-10-2024T22:03:26 - [MESSAGE][INFO] - Starting 'Chrome' driver

13-10-2024T22:03:26 - [MESSAGE][INFO] - Action delay is set to 0 milliseconds

13-10-2024T22:03:27 - [MESSAGE][PASSED] - Browser is opened with url: ''

13-10-2024T22:03:27 - [TEST_STEP][PASSED] - maximizeWindow(): Current window maximized

13-10-2024T22:03:27 - [MESSAGE][PASSED] - Current window maximized

13-10-2024T22:03:27 - [TEST_STEP][PASSED] - navigateToUrl(url): Navigate to 'https://stg-cms-console.9pay.mobi/login' successfully

13-10-2024T22:03:32 - [MESSAGE][PASSED] - Navigate to 'https://stg-cms-console.9pay.mobi/login' successfully

13-10-2024T22:03:32 - [TEST_STEP][PASSED] - driver = getWebDriver(): null

13-10-2024T22:03:32 - [TEST_STEP][PASSED] - callTestCase(findTestCase("Test Cases/Login/LoginCommon"), [:], STOP_ON_FAILURE): Call Test Case 'Test Cases/Login/LoginCommon' successfully

13-10-2024T22:03:32 - [TEST_CASE][PASSED] - Test Cases/Login/LoginCommon: Test Cases/Login/LoginCommon

13-10-2024T22:03:32 - [TEST_STEP][PASSED] - driver = getWebDriver(): null

13-10-2024T22:03:32 - [TEST_STEP][PASSED] - sendKeys(findTestObject("Quản lý tài khoản merchant/Quản lý dịch vụ merchant/userNameTextbox"), userAccount): Keys 'dannt@9pay.vn' sent to object: 'Object Repository/Quản lý tài khoản merchant/Quản lý dịch vụ merchant/userNameTextbox'

13-10-2024T22:03:33 - [MESSAGE][PASSED] - Keys 'dannt@9pay.vn' sent to object: 'Object Repository/Quản lý tài khoản merchant/Quản lý dịch vụ merchant/userNameTextbox'

13-10-2024T22:03:33 - [TEST_STEP][PASSED] - sendKeys(findTestObject("Quản lý tài khoản merchant/Quản lý dịch vụ merchant/passwordTextbox"), password): Keys 'dannt@9pay.vn' sent to object: 'Object Repository/Quản lý tài khoản merchant/Quản lý dịch vụ merchant/passwordTextbox'

13-10-2024T22:03:33 - [MESSAGE][PASSED] - Keys 'dannt@9pay.vn' sent to object: 'Object Repository/Quản lý tài khoản merchant/Quản lý dịch vụ merchant/passwordTextbox'

13-10-2024T22:03:33 - [TEST_STEP][PASSED] - click(findTestObject("Quản lý tài khoản merchant/Quản lý dịch vụ merchant/loginButton")): Object: 'Object Repository/Quản lý tài khoản merchant/Quản lý dịch vụ merchant/loginButton' is clicked on

13-10-2024T22:03:33 - [MESSAGE][PASSED] - Object: 'Object Repository/Quản lý tài khoản merchant/Quản lý dịch vụ merchant/loginButton' is clicked on

13-10-2024T22:03:33 - [MESSAGE][PASSED] - Call Test Case 'Test Cases/Login/LoginCommon' successfully

13-10-2024T22:03:33 - [TEST_STEP][PASSED] - waitForElementVisible(findTestObject("Trang chủ/userName"), 10, STOP_ON_FAILURE): Object 'Object Repository/Trang chủ/userName' is visible

13-10-2024T22:03:37 - [MESSAGE][PASSED] - Object 'Object Repository/Trang chủ/userName' is visible

13-10-2024T22:03:37 - [TEST_STEP][PASSED] - click(findTestObject("Quản lý tài khoản merchant/menuManagerMerchantAccount")): Object: 'Object Repository/Quản lý tài khoản merchant/menuManagerMerchantAccount' is clicked on

13-10-2024T22:03:37 - [MESSAGE][PASSED] - Object: 'Object Repository/Quản lý tài khoản merchant/menuManagerMerchantAccount' is clicked on

13-10-2024T22:03:37 - [TEST_STEP][PASSED] - waitForElementVisible(findTestObject("Quản lý tài khoản merchant/Quản lý dịch vụ merchant/menuManagerMerchantService"), 10, STOP_ON_FAILURE): Object 'Object Repository/Quản lý tài khoản merchant/Quản lý dịch vụ merchant/menuManagerMerchantService' is visible

13-10-2024T22:03:37 - [MESSAGE][PASSED] - Object 'Object Repository/Quản lý tài khoản merchant/Quản lý dịch vụ merchant/menuManagerMerchantService' is visible

13-10-2024T22:03:37 - [TEST_STEP][PASSED] - wait = new org.openqa.selenium.support.ui.WebDriverWait(com.kms.katalon.core.webui.driver.DriverFactory.getWebDriver(), internal.GlobalVariable.waitSecond): null

13-10-2024T22:03:37 - [TEST_STEP][PASSED] - menuManagerUserAccount = wait.until(ExpectedConditions.elementToBeClickable(By.xpath(xpathManagerListAccount))): null

13-10-2024T22:03:38 - [TEST_STEP][PASSED] - menuManagerUserAccount.click(): null

13-10-2024T22:03:38 - [TEST_STEP][PASSED] - userCode = wait.until(ExpectedConditions.visibilityOfElementLocated(By.xpath(xpathUserCode))): null

13-10-2024T22:03:40 - [TEST_STEP][PASSED] - println(userCode.getText()): null

13-10-2024T22:03:40 - [TEST_STEP][PASSED] - accountBtn = wait.until(ExpectedConditions.elementToBeClickable(By.xpath(xpathBtnAccount))): null

13-10-2024T22:03:41 - [TEST_STEP][PASSED] - accountBtn.click(): null

13-10-2024T22:03:41 - [TEST_STEP][PASSED] - searchTextbox = wait.until(ExpectedConditions.elementToBeClickable(By.xpath(xpathSearchTextbox))): null

13-10-2024T22:03:41 - [TEST_STEP][PASSED] - searchTextbox.sendKeys(username): null

13-10-2024T22:03:41 - [TEST_STEP][PASSED] - xpath(xpathOption)).click(): null

13-10-2024T22:03:41 - [TEST_STEP][PASSED] - xpath(xpathBtnSearch)).click(): null

13-10-2024T22:03:42 - [TEST_STEP][PASSED] - Assert.assertEquals(xpath(xpathAccountName)).getText(), username): null

13-10-2024T22:03:43 - [TEST_STEP][PASSED] - xpath(xpathMoneyOff)).click(): null

13-10-2024T22:03:43 - [TEST_STEP][PASSED] - wait.until(ExpectedConditions.visibilityOfElementLocated(By.xpath(xpathUser))): null

13-10-2024T22:03:54 - [TEST_STEP][PASSED] - xpath(xpathViRut)).click(): null

13-10-2024T22:03:54 - [TEST_STEP][PASSED] - xpath(xpathParentThuHo)).click(): null

13-10-2024T22:03:54 - [TEST_STEP][PASSED] - xpath(xpathDay)).click(): null

13-10-2024T22:03:55 - [TEST_STEP][PASSED] - xpath(xpathToday)).click(): null

13-10-2024T22:03:55 - [TEST_STEP][PASSED] - xpath(xpathBtnContinue)).click(): null

13-10-2024T22:03:55 - [TEST_STEP][PASSED] - Start listener action : sampleAfterTestCase: null

13-10-2024T22:03:55 - [TEST_STEP][PASSED] - testCaseId = testCaseContext.getTestCaseId(): null

13-10-2024T22:03:55 - [TEST_STEP][PASSED] - if (testCaseId == "Test Cases/Quản lý tài khoản merchant/Quản lý dịch vụ merchant/TC_13_Kiểm tra chức năng xác nhận cấu hình thay đổi VA"): null]]></system-out>
         <system-err><![CDATA[]]></system-err>
      </testcase>
      <testcase name="Test Cases/Quản lý tài khoản merchant/Quản lý danh sách tài khoản/Rút tiền/TC_04_Kiểm tra khi nhập số tiền lớn hơn số dư khả dụng" time="37.347" classname="Test Cases/Quản lý tài khoản merchant/Quản lý danh sách tài khoản/Rút tiền/TC_04_Kiểm tra khi nhập số tiền lớn hơn số dư khả dụng" status="PASSED">
         <system-out><![CDATA[13-10-2024T22:03:55 - [TEST_CASE][PASSED] - Test Cases/Quản lý tài khoản merchant/Quản lý danh sách tài khoản/Rút tiền/TC_04_Kiểm tra khi nhập số tiền lớn hơn số dư khả dụng: Test Cases/Quản lý tài khoản merchant/Quản lý danh sách tài khoản/Rút tiền/TC_04_Kiểm tra khi nhập số tiền lớn hơn số dư khả dụng

13-10-2024T22:03:55 - [TEST_STEP][PASSED] - Start listener action : sampleBeforeTestCase: Navigate to 'https://stg-cms-console.9pay.mobi/login' successfully

13-10-2024T22:03:55 - [TEST_STEP][PASSED] - testCaseId = testCaseContext.getTestCaseId(): null

13-10-2024T22:03:55 - [TEST_STEP][PASSED] - url = <not implemented yet for class: org.codehaus.groovy.ast.expr.EmptyExpression>: null

13-10-2024T22:03:55 - [TEST_STEP][PASSED] - if (testCaseId == "Test Cases/Quản lý tài khoản merchant/Quản lý dịch vụ merchant/TC_14_Kiểm tra thay đổi sau khi cấu hình VA trên MCV"): null

13-10-2024T22:03:55 - [TEST_STEP][PASSED] - else: null

13-10-2024T22:03:55 - [TEST_STEP][PASSED] - url = "https://stg-cms-console.9pay.mobi/login": null

13-10-2024T22:03:55 - [TEST_STEP][PASSED] - openBrowser(""): Browser is opened with url: ''

13-10-2024T22:03:55 - [MESSAGE][WARNING] - A browser is already opened. Closing browser and opening a new one

13-10-2024T22:03:56 - [MESSAGE][INFO] - Starting 'Chrome' driver

13-10-2024T22:03:56 - [MESSAGE][INFO] - Action delay is set to 0 milliseconds

13-10-2024T22:03:56 - [MESSAGE][PASSED] - Browser is opened with url: ''

13-10-2024T22:03:56 - [TEST_STEP][PASSED] - maximizeWindow(): Current window maximized

13-10-2024T22:03:57 - [MESSAGE][PASSED] - Current window maximized

13-10-2024T22:03:57 - [TEST_STEP][PASSED] - navigateToUrl(url): Navigate to 'https://stg-cms-console.9pay.mobi/login' successfully

13-10-2024T22:03:58 - [MESSAGE][PASSED] - Navigate to 'https://stg-cms-console.9pay.mobi/login' successfully

13-10-2024T22:03:59 - [TEST_STEP][PASSED] - driver = getWebDriver(): null

13-10-2024T22:03:59 - [TEST_STEP][PASSED] - callTestCase(findTestCase("Test Cases/Login/LoginCommon"), [:], STOP_ON_FAILURE): Call Test Case 'Test Cases/Login/LoginCommon' successfully

13-10-2024T22:03:59 - [TEST_CASE][PASSED] - Test Cases/Login/LoginCommon: Test Cases/Login/LoginCommon

13-10-2024T22:03:59 - [TEST_STEP][PASSED] - driver = getWebDriver(): null

13-10-2024T22:03:59 - [TEST_STEP][PASSED] - sendKeys(findTestObject("Quản lý tài khoản merchant/Quản lý dịch vụ merchant/userNameTextbox"), userAccount): Keys 'dannt@9pay.vn' sent to object: 'Object Repository/Quản lý tài khoản merchant/Quản lý dịch vụ merchant/userNameTextbox'

13-10-2024T22:03:59 - [MESSAGE][PASSED] - Keys 'dannt@9pay.vn' sent to object: 'Object Repository/Quản lý tài khoản merchant/Quản lý dịch vụ merchant/userNameTextbox'

13-10-2024T22:03:59 - [TEST_STEP][PASSED] - sendKeys(findTestObject("Quản lý tài khoản merchant/Quản lý dịch vụ merchant/passwordTextbox"), password): Keys 'dannt@9pay.vn' sent to object: 'Object Repository/Quản lý tài khoản merchant/Quản lý dịch vụ merchant/passwordTextbox'

13-10-2024T22:03:59 - [MESSAGE][PASSED] - Keys 'dannt@9pay.vn' sent to object: 'Object Repository/Quản lý tài khoản merchant/Quản lý dịch vụ merchant/passwordTextbox'

13-10-2024T22:03:59 - [TEST_STEP][PASSED] - click(findTestObject("Quản lý tài khoản merchant/Quản lý dịch vụ merchant/loginButton")): Object: 'Object Repository/Quản lý tài khoản merchant/Quản lý dịch vụ merchant/loginButton' is clicked on

13-10-2024T22:03:59 - [MESSAGE][PASSED] - Object: 'Object Repository/Quản lý tài khoản merchant/Quản lý dịch vụ merchant/loginButton' is clicked on

13-10-2024T22:03:59 - [MESSAGE][PASSED] - Call Test Case 'Test Cases/Login/LoginCommon' successfully

13-10-2024T22:03:59 - [TEST_STEP][PASSED] - waitForElementVisible(findTestObject("Trang chủ/userName"), 10, STOP_ON_FAILURE): Object 'Object Repository/Trang chủ/userName' is visible

13-10-2024T22:04:01 - [MESSAGE][PASSED] - Object 'Object Repository/Trang chủ/userName' is visible

13-10-2024T22:04:01 - [TEST_STEP][PASSED] - click(findTestObject("Quản lý tài khoản merchant/menuManagerMerchantAccount")): Object: 'Object Repository/Quản lý tài khoản merchant/menuManagerMerchantAccount' is clicked on

13-10-2024T22:04:17 - [MESSAGE][PASSED] - Object: 'Object Repository/Quản lý tài khoản merchant/menuManagerMerchantAccount' is clicked on

13-10-2024T22:04:17 - [TEST_STEP][PASSED] - waitForElementVisible(findTestObject("Quản lý tài khoản merchant/Quản lý dịch vụ merchant/menuManagerMerchantService"), 10, STOP_ON_FAILURE): Object 'Object Repository/Quản lý tài khoản merchant/Quản lý dịch vụ merchant/menuManagerMerchantService' is visible

13-10-2024T22:04:17 - [MESSAGE][PASSED] - Object 'Object Repository/Quản lý tài khoản merchant/Quản lý dịch vụ merchant/menuManagerMerchantService' is visible

13-10-2024T22:04:17 - [TEST_STEP][PASSED] - wait = new org.openqa.selenium.support.ui.WebDriverWait(com.kms.katalon.core.webui.driver.DriverFactory.getWebDriver(), internal.GlobalVariable.waitSecond): null

13-10-2024T22:04:17 - [TEST_STEP][PASSED] - menuManagerUserAccount = wait.until(ExpectedConditions.elementToBeClickable(By.xpath(xpathManagerListAccount))): null

13-10-2024T22:04:18 - [TEST_STEP][PASSED] - menuManagerUserAccount.click(): null

13-10-2024T22:04:18 - [TEST_STEP][PASSED] - userCode = wait.until(ExpectedConditions.visibilityOfElementLocated(By.xpath(xpathUserCode))): null

13-10-2024T22:04:21 - [TEST_STEP][PASSED] - println(userCode.getText()): null

13-10-2024T22:04:21 - [TEST_STEP][PASSED] - accountBtn = wait.until(ExpectedConditions.elementToBeClickable(By.xpath(xpathBtnAccount))): null

13-10-2024T22:04:22 - [TEST_STEP][PASSED] - accountBtn.click(): null

13-10-2024T22:04:22 - [TEST_STEP][PASSED] - searchTextbox = wait.until(ExpectedConditions.elementToBeClickable(By.xpath(xpathSearchTextbox))): null

13-10-2024T22:04:22 - [TEST_STEP][PASSED] - searchTextbox.sendKeys(username): null

13-10-2024T22:04:22 - [TEST_STEP][PASSED] - xpath(xpathOption)).click(): null

13-10-2024T22:04:22 - [TEST_STEP][PASSED] - xpath(xpathBtnSearch)).click(): null

13-10-2024T22:04:23 - [TEST_STEP][PASSED] - Assert.assertEquals(xpath(xpathAccountName)).getText(), username): null

13-10-2024T22:04:24 - [TEST_STEP][PASSED] - xpath(xpathMoneyOff)).click(): null

13-10-2024T22:04:24 - [TEST_STEP][PASSED] - wait.until(ExpectedConditions.visibilityOfElementLocated(By.xpath("//span[@class='filter-option pull-left'][normalize-space()='" + username + "']"))): null

13-10-2024T22:04:28 - [TEST_STEP][PASSED] - xpath(xpathViRut)).click(): null

13-10-2024T22:04:29 - [TEST_STEP][PASSED] - xpath(xpathOptionThuho)).click(): null

13-10-2024T22:04:29 - [TEST_STEP][PASSED] - xpath(xpathDay)).click(): null

13-10-2024T22:04:29 - [TEST_STEP][PASSED] - xpath(xpathToday)).click(): null

13-10-2024T22:04:30 - [TEST_STEP][PASSED] - xpath(xpathBtnContinue)).click(): null

13-10-2024T22:04:30 - [TEST_STEP][PASSED] - try: null

13-10-2024T22:04:30 - [TEST_STEP][PASSED] - popupDS = wait.until(ExpectedConditions.visibilityOfElementLocated(By.xpath("//p[contains(text(),'Đã tồn tại kỳ đối soát trước đó, Bạn có chắc chắn ')]"))): null

13-10-2024T22:04:31 - [TEST_STEP][PASSED] - Assert.assertEquals(popupDS.getText(), "Đã tồn tại kỳ đối soát trước đó, Bạn có chắc chắn muốn tiếp tục thực hiện giao dịch?"): null

13-10-2024T22:04:31 - [TEST_STEP][PASSED] - xpath(BtnOkXpath)).click(): null

13-10-2024T22:04:31 - [TEST_STEP][PASSED] - soDuKhaDung = driver.findElement(By.xpath(xpathSoDuVi)): null

13-10-2024T22:04:32 - [TEST_STEP][PASSED] - value = soDuKhaDung.getAttribute("value"): null

13-10-2024T22:04:32 - [TEST_STEP][PASSED] - println(">>>: " + value): null

13-10-2024T22:04:32 - [TEST_STEP][PASSED] - availableBalances = Integer.parseInt(value.replace(",", "")): null

13-10-2024T22:04:32 - [TEST_STEP][PASSED] - println("so du kha dung la: " + availableBalances): null

13-10-2024T22:04:32 - [TEST_STEP][PASSED] - amountTransaction = String.valueOf(availableBalances + 9000000): null

13-10-2024T22:04:32 - [TEST_STEP][PASSED] - println("so du kha dung la: " + amountTransaction): null

13-10-2024T22:04:32 - [TEST_STEP][PASSED] - xpath(xpathFieldAmount)).sendKeys(amountTransaction): null

13-10-2024T22:04:32 - [TEST_STEP][PASSED] - xpath(xpathConfirm)).click(): null

13-10-2024T22:04:32 - [TEST_STEP][PASSED] - Assert.assertEquals(xpath("//p[contains(text(),'Số tiền rút không được lớn hơn " + value + "VNĐ')]"))).getText(), "Số tiền rút không được lớn hơn " + value + "VNĐ"): null

13-10-2024T22:04:33 - [TEST_STEP][PASSED] - Start listener action : sampleAfterTestCase: null

13-10-2024T22:04:33 - [TEST_STEP][PASSED] - testCaseId = testCaseContext.getTestCaseId(): null

13-10-2024T22:04:33 - [TEST_STEP][PASSED] - if (testCaseId == "Test Cases/Quản lý tài khoản merchant/Quản lý dịch vụ merchant/TC_13_Kiểm tra chức năng xác nhận cấu hình thay đổi VA"): null]]></system-out>
         <system-err><![CDATA[]]></system-err>
      </testcase>
      <testcase name="Test Cases/Quản lý tài khoản merchant/Quản lý danh sách tài khoản/Rút tiền/TC_05_Kiểm tra khi nhập số tiền bé hơn số tiền khả dụng" time="31.361" classname="Test Cases/Quản lý tài khoản merchant/Quản lý danh sách tài khoản/Rút tiền/TC_05_Kiểm tra khi nhập số tiền bé hơn số tiền khả dụng" status="PASSED">
         <system-out><![CDATA[13-10-2024T22:04:33 - [TEST_CASE][PASSED] - Test Cases/Quản lý tài khoản merchant/Quản lý danh sách tài khoản/Rút tiền/TC_05_Kiểm tra khi nhập số tiền bé hơn số tiền khả dụng: Test Cases/Quản lý tài khoản merchant/Quản lý danh sách tài khoản/Rút tiền/TC_05_Kiểm tra khi nhập số tiền bé hơn số tiền khả dụng

13-10-2024T22:04:33 - [TEST_STEP][PASSED] - Start listener action : sampleBeforeTestCase: Navigate to 'https://stg-cms-console.9pay.mobi/login' successfully

13-10-2024T22:04:33 - [TEST_STEP][PASSED] - testCaseId = testCaseContext.getTestCaseId(): null

13-10-2024T22:04:33 - [TEST_STEP][PASSED] - url = <not implemented yet for class: org.codehaus.groovy.ast.expr.EmptyExpression>: null

13-10-2024T22:04:33 - [TEST_STEP][PASSED] - if (testCaseId == "Test Cases/Quản lý tài khoản merchant/Quản lý dịch vụ merchant/TC_14_Kiểm tra thay đổi sau khi cấu hình VA trên MCV"): null

13-10-2024T22:04:33 - [TEST_STEP][PASSED] - else: null

13-10-2024T22:04:33 - [TEST_STEP][PASSED] - url = "https://stg-cms-console.9pay.mobi/login": null

13-10-2024T22:04:33 - [TEST_STEP][PASSED] - openBrowser(""): Browser is opened with url: ''

13-10-2024T22:04:33 - [MESSAGE][WARNING] - A browser is already opened. Closing browser and opening a new one

13-10-2024T22:04:33 - [MESSAGE][INFO] - Starting 'Chrome' driver

13-10-2024T22:04:33 - [MESSAGE][INFO] - Action delay is set to 0 milliseconds

13-10-2024T22:04:34 - [MESSAGE][PASSED] - Browser is opened with url: ''

13-10-2024T22:04:34 - [TEST_STEP][PASSED] - maximizeWindow(): Current window maximized

13-10-2024T22:04:34 - [MESSAGE][PASSED] - Current window maximized

13-10-2024T22:04:34 - [TEST_STEP][PASSED] - navigateToUrl(url): Navigate to 'https://stg-cms-console.9pay.mobi/login' successfully

13-10-2024T22:04:40 - [MESSAGE][PASSED] - Navigate to 'https://stg-cms-console.9pay.mobi/login' successfully

13-10-2024T22:04:40 - [TEST_STEP][PASSED] - driver = getWebDriver(): null

13-10-2024T22:04:40 - [TEST_STEP][PASSED] - callTestCase(findTestCase("Test Cases/Login/LoginCommon"), [:], STOP_ON_FAILURE): Call Test Case 'Test Cases/Login/LoginCommon' successfully

13-10-2024T22:04:40 - [TEST_CASE][PASSED] - Test Cases/Login/LoginCommon: Test Cases/Login/LoginCommon

13-10-2024T22:04:40 - [TEST_STEP][PASSED] - driver = getWebDriver(): null

13-10-2024T22:04:40 - [TEST_STEP][PASSED] - sendKeys(findTestObject("Quản lý tài khoản merchant/Quản lý dịch vụ merchant/userNameTextbox"), userAccount): Keys 'dannt@9pay.vn' sent to object: 'Object Repository/Quản lý tài khoản merchant/Quản lý dịch vụ merchant/userNameTextbox'

13-10-2024T22:04:40 - [MESSAGE][PASSED] - Keys 'dannt@9pay.vn' sent to object: 'Object Repository/Quản lý tài khoản merchant/Quản lý dịch vụ merchant/userNameTextbox'

13-10-2024T22:04:40 - [TEST_STEP][PASSED] - sendKeys(findTestObject("Quản lý tài khoản merchant/Quản lý dịch vụ merchant/passwordTextbox"), password): Keys 'dannt@9pay.vn' sent to object: 'Object Repository/Quản lý tài khoản merchant/Quản lý dịch vụ merchant/passwordTextbox'

13-10-2024T22:04:40 - [MESSAGE][PASSED] - Keys 'dannt@9pay.vn' sent to object: 'Object Repository/Quản lý tài khoản merchant/Quản lý dịch vụ merchant/passwordTextbox'

13-10-2024T22:04:40 - [TEST_STEP][PASSED] - click(findTestObject("Quản lý tài khoản merchant/Quản lý dịch vụ merchant/loginButton")): Object: 'Object Repository/Quản lý tài khoản merchant/Quản lý dịch vụ merchant/loginButton' is clicked on

13-10-2024T22:04:41 - [MESSAGE][PASSED] - Object: 'Object Repository/Quản lý tài khoản merchant/Quản lý dịch vụ merchant/loginButton' is clicked on

13-10-2024T22:04:41 - [MESSAGE][PASSED] - Call Test Case 'Test Cases/Login/LoginCommon' successfully

13-10-2024T22:04:41 - [TEST_STEP][PASSED] - waitForElementVisible(findTestObject("Trang chủ/userName"), 10, STOP_ON_FAILURE): Object 'Object Repository/Trang chủ/userName' is visible

13-10-2024T22:04:44 - [MESSAGE][PASSED] - Object 'Object Repository/Trang chủ/userName' is visible

13-10-2024T22:04:44 - [TEST_STEP][PASSED] - click(findTestObject("Quản lý tài khoản merchant/menuManagerMerchantAccount")): Object: 'Object Repository/Quản lý tài khoản merchant/menuManagerMerchantAccount' is clicked on

13-10-2024T22:04:44 - [MESSAGE][PASSED] - Object: 'Object Repository/Quản lý tài khoản merchant/menuManagerMerchantAccount' is clicked on

13-10-2024T22:04:44 - [TEST_STEP][PASSED] - waitForElementVisible(findTestObject("Quản lý tài khoản merchant/Quản lý dịch vụ merchant/menuManagerMerchantService"), 10, STOP_ON_FAILURE): Object 'Object Repository/Quản lý tài khoản merchant/Quản lý dịch vụ merchant/menuManagerMerchantService' is visible

13-10-2024T22:04:45 - [MESSAGE][PASSED] - Object 'Object Repository/Quản lý tài khoản merchant/Quản lý dịch vụ merchant/menuManagerMerchantService' is visible

13-10-2024T22:04:45 - [TEST_STEP][PASSED] - wait = new org.openqa.selenium.support.ui.WebDriverWait(com.kms.katalon.core.webui.driver.DriverFactory.getWebDriver(), 10): null

13-10-2024T22:04:45 - [TEST_STEP][PASSED] - menuManagerUserAccount = wait.until(ExpectedConditions.elementToBeClickable(By.xpath(xpathManagerListAccount))): null

13-10-2024T22:04:45 - [TEST_STEP][PASSED] - menuManagerUserAccount.click(): null

13-10-2024T22:04:45 - [TEST_STEP][PASSED] - userCode = wait.until(ExpectedConditions.visibilityOfElementLocated(By.xpath(xpathUserCode))): null

13-10-2024T22:04:48 - [TEST_STEP][PASSED] - println(userCode.getText()): null

13-10-2024T22:04:48 - [TEST_STEP][PASSED] - accountBtn = wait.until(ExpectedConditions.elementToBeClickable(By.xpath(xpathBtnAccount))): null

13-10-2024T22:04:48 - [TEST_STEP][PASSED] - accountBtn.click(): null

13-10-2024T22:04:48 - [TEST_STEP][PASSED] - searchTextbox = wait.until(ExpectedConditions.elementToBeClickable(By.xpath(xpathSearchTextbox))): null

13-10-2024T22:04:49 - [TEST_STEP][PASSED] - searchTextbox.sendKeys(username): null

13-10-2024T22:04:49 - [TEST_STEP][PASSED] - xpath(xpathOption)).click(): null

13-10-2024T22:04:49 - [TEST_STEP][PASSED] - xpath(xpathBtnSearch)).click(): null

13-10-2024T22:04:50 - [TEST_STEP][PASSED] - Assert.assertEquals(xpath(xpathAccountName)).getText(), username): null

13-10-2024T22:04:50 - [TEST_STEP][PASSED] - xpath(xpathMoneyOff)).click(): null

13-10-2024T22:04:51 - [TEST_STEP][PASSED] - wait.until(ExpectedConditions.visibilityOfElementLocated(By.xpath(xpathUser))): null

13-10-2024T22:04:59 - [TEST_STEP][PASSED] - xpath(xpathViRut)).click(): null

13-10-2024T22:05:00 - [TEST_STEP][PASSED] - xpath(xpathOptionThuho)).click(): null

13-10-2024T22:05:00 - [TEST_STEP][PASSED] - xpath(xpathDay)).click(): null

13-10-2024T22:05:00 - [TEST_STEP][PASSED] - xpath(xpathToday)).click(): null

13-10-2024T22:05:01 - [TEST_STEP][PASSED] - xpath(xpathBtnContinue)).click(): null

13-10-2024T22:05:01 - [TEST_STEP][PASSED] - try: null

13-10-2024T22:05:01 - [TEST_STEP][PASSED] - popupDS = wait.until(ExpectedConditions.visibilityOfElementLocated(By.xpath(xpathXacNhanKiDS))): null

13-10-2024T22:05:03 - [TEST_STEP][PASSED] - Assert.assertEquals(popupDS.getText(), "Đã tồn tại kỳ đối soát trước đó, Bạn có chắc chắn muốn tiếp tục thực hiện giao dịch?"): null

13-10-2024T22:05:03 - [TEST_STEP][PASSED] - xpath(BtnOkXpath)).click(): null

13-10-2024T22:05:03 - [TEST_STEP][PASSED] - soDuKhaDung = driver.findElement(By.xpath(xpathSoDuKhaDung)): null

13-10-2024T22:05:04 - [TEST_STEP][PASSED] - value = soDuKhaDung.getAttribute("value"): null

13-10-2024T22:05:04 - [TEST_STEP][PASSED] - availableBalances = Integer.parseInt(value.replace(",", "")): null

13-10-2024T22:05:04 - [TEST_STEP][PASSED] - println("so du kha dung la: " + availableBalances): null

13-10-2024T22:05:04 - [TEST_STEP][PASSED] - amountTransaction = String.valueOf(availableBalances + 90000000): null

13-10-2024T22:05:04 - [TEST_STEP][PASSED] - println("so du kha dung la: " + amountTransaction): null

13-10-2024T22:05:04 - [TEST_STEP][PASSED] - xpath(xpathFieldAmount)).sendKeys(amountTransaction): null

13-10-2024T22:05:04 - [TEST_STEP][PASSED] - xpath(xpathConfirm)).click(): null

13-10-2024T22:05:04 - [TEST_STEP][PASSED] - Start listener action : sampleAfterTestCase: null

13-10-2024T22:05:04 - [TEST_STEP][PASSED] - testCaseId = testCaseContext.getTestCaseId(): null

13-10-2024T22:05:04 - [TEST_STEP][PASSED] - if (testCaseId == "Test Cases/Quản lý tài khoản merchant/Quản lý dịch vụ merchant/TC_13_Kiểm tra chức năng xác nhận cấu hình thay đổi VA"): null]]></system-out>
         <system-err><![CDATA[]]></system-err>
      </testcase>
      <testcase name="Test Cases/Quản lý tài khoản merchant/Quản lý danh sách tài khoản/Rút tiền/TC_06_Kiểm tra khi rút tiền thành công và duyệt lần 1" time="46.567" classname="Test Cases/Quản lý tài khoản merchant/Quản lý danh sách tài khoản/Rút tiền/TC_06_Kiểm tra khi rút tiền thành công và duyệt lần 1" status="PASSED">
         <system-out><![CDATA[13-10-2024T22:05:04 - [TEST_CASE][PASSED] - Test Cases/Quản lý tài khoản merchant/Quản lý danh sách tài khoản/Rút tiền/TC_06_Kiểm tra khi rút tiền thành công và duyệt lần 1: Test Cases/Quản lý tài khoản merchant/Quản lý danh sách tài khoản/Rút tiền/TC_06_Kiểm tra khi rút tiền thành công và duyệt lần 1

13-10-2024T22:05:04 - [TEST_STEP][PASSED] - Start listener action : sampleBeforeTestCase: Navigate to 'https://stg-cms-console.9pay.mobi/login' successfully

13-10-2024T22:05:04 - [TEST_STEP][PASSED] - testCaseId = testCaseContext.getTestCaseId(): null

13-10-2024T22:05:04 - [TEST_STEP][PASSED] - url = <not implemented yet for class: org.codehaus.groovy.ast.expr.EmptyExpression>: null

13-10-2024T22:05:04 - [TEST_STEP][PASSED] - if (testCaseId == "Test Cases/Quản lý tài khoản merchant/Quản lý dịch vụ merchant/TC_14_Kiểm tra thay đổi sau khi cấu hình VA trên MCV"): null

13-10-2024T22:05:04 - [TEST_STEP][PASSED] - else: null

13-10-2024T22:05:04 - [TEST_STEP][PASSED] - url = "https://stg-cms-console.9pay.mobi/login": null

13-10-2024T22:05:04 - [TEST_STEP][PASSED] - openBrowser(""): Browser is opened with url: ''

13-10-2024T22:05:04 - [MESSAGE][WARNING] - A browser is already opened. Closing browser and opening a new one

13-10-2024T22:05:04 - [MESSAGE][INFO] - Starting 'Chrome' driver

13-10-2024T22:05:04 - [MESSAGE][INFO] - Action delay is set to 0 milliseconds

13-10-2024T22:05:05 - [MESSAGE][PASSED] - Browser is opened with url: ''

13-10-2024T22:05:05 - [TEST_STEP][PASSED] - maximizeWindow(): Current window maximized

13-10-2024T22:05:05 - [MESSAGE][PASSED] - Current window maximized

13-10-2024T22:05:05 - [TEST_STEP][PASSED] - navigateToUrl(url): Navigate to 'https://stg-cms-console.9pay.mobi/login' successfully

13-10-2024T22:05:07 - [MESSAGE][PASSED] - Navigate to 'https://stg-cms-console.9pay.mobi/login' successfully

13-10-2024T22:05:07 - [TEST_STEP][PASSED] - driver = getWebDriver(): null

13-10-2024T22:05:07 - [TEST_STEP][PASSED] - js = driver: null

13-10-2024T22:05:07 - [TEST_STEP][PASSED] - callTestCase(findTestCase("Test Cases/Login/LoginCommon"), [:], STOP_ON_FAILURE): Call Test Case 'Test Cases/Login/LoginCommon' successfully

13-10-2024T22:05:07 - [TEST_CASE][PASSED] - Test Cases/Login/LoginCommon: Test Cases/Login/LoginCommon

13-10-2024T22:05:07 - [TEST_STEP][PASSED] - driver = getWebDriver(): null

13-10-2024T22:05:07 - [TEST_STEP][PASSED] - sendKeys(findTestObject("Quản lý tài khoản merchant/Quản lý dịch vụ merchant/userNameTextbox"), userAccount): Keys 'dannt@9pay.vn' sent to object: 'Object Repository/Quản lý tài khoản merchant/Quản lý dịch vụ merchant/userNameTextbox'

13-10-2024T22:05:08 - [MESSAGE][PASSED] - Keys 'dannt@9pay.vn' sent to object: 'Object Repository/Quản lý tài khoản merchant/Quản lý dịch vụ merchant/userNameTextbox'

13-10-2024T22:05:08 - [TEST_STEP][PASSED] - sendKeys(findTestObject("Quản lý tài khoản merchant/Quản lý dịch vụ merchant/passwordTextbox"), password): Keys 'dannt@9pay.vn' sent to object: 'Object Repository/Quản lý tài khoản merchant/Quản lý dịch vụ merchant/passwordTextbox'

13-10-2024T22:05:08 - [MESSAGE][PASSED] - Keys 'dannt@9pay.vn' sent to object: 'Object Repository/Quản lý tài khoản merchant/Quản lý dịch vụ merchant/passwordTextbox'

13-10-2024T22:05:08 - [TEST_STEP][PASSED] - click(findTestObject("Quản lý tài khoản merchant/Quản lý dịch vụ merchant/loginButton")): Object: 'Object Repository/Quản lý tài khoản merchant/Quản lý dịch vụ merchant/loginButton' is clicked on

13-10-2024T22:05:08 - [MESSAGE][PASSED] - Object: 'Object Repository/Quản lý tài khoản merchant/Quản lý dịch vụ merchant/loginButton' is clicked on

13-10-2024T22:05:08 - [MESSAGE][PASSED] - Call Test Case 'Test Cases/Login/LoginCommon' successfully

13-10-2024T22:05:08 - [TEST_STEP][PASSED] - waitForElementVisible(findTestObject("Trang chủ/userName"), 10, STOP_ON_FAILURE): Object 'Object Repository/Trang chủ/userName' is visible

13-10-2024T22:05:23 - [MESSAGE][PASSED] - Object 'Object Repository/Trang chủ/userName' is visible

13-10-2024T22:05:23 - [TEST_STEP][PASSED] - click(findTestObject("Quản lý tài khoản merchant/menuManagerMerchantAccount")): Object: 'Object Repository/Quản lý tài khoản merchant/menuManagerMerchantAccount' is clicked on

13-10-2024T22:05:24 - [MESSAGE][PASSED] - Object: 'Object Repository/Quản lý tài khoản merchant/menuManagerMerchantAccount' is clicked on

13-10-2024T22:05:24 - [TEST_STEP][PASSED] - waitForElementVisible(findTestObject("Quản lý tài khoản merchant/Quản lý dịch vụ merchant/menuManagerMerchantService"), 10, STOP_ON_FAILURE): Object 'Object Repository/Quản lý tài khoản merchant/Quản lý dịch vụ merchant/menuManagerMerchantService' is visible

13-10-2024T22:05:24 - [MESSAGE][PASSED] - Object 'Object Repository/Quản lý tài khoản merchant/Quản lý dịch vụ merchant/menuManagerMerchantService' is visible

13-10-2024T22:05:24 - [TEST_STEP][PASSED] - wait = new org.openqa.selenium.support.ui.WebDriverWait(com.kms.katalon.core.webui.driver.DriverFactory.getWebDriver(), internal.GlobalVariable.waitSecond): null

13-10-2024T22:05:24 - [TEST_STEP][PASSED] - menuManagerUserAccount = wait.until(ExpectedConditions.elementToBeClickable(By.xpath(xpathManagerListAccount))): null

13-10-2024T22:05:24 - [TEST_STEP][PASSED] - menuManagerUserAccount.click(): null

13-10-2024T22:05:24 - [TEST_STEP][PASSED] - userCode = wait.until(ExpectedConditions.visibilityOfElementLocated(By.xpath(xpathUserCode))): null

13-10-2024T22:05:27 - [TEST_STEP][PASSED] - accountBtn = wait.until(ExpectedConditions.elementToBeClickable(By.xpath(xpathBtnAccount))): null

13-10-2024T22:05:27 - [TEST_STEP][PASSED] - accountBtn.click(): null

13-10-2024T22:05:28 - [TEST_STEP][PASSED] - searchTextbox = wait.until(ExpectedConditions.elementToBeClickable(By.xpath(xpathSearchTextbox))): null

13-10-2024T22:05:28 - [TEST_STEP][PASSED] - searchTextbox.sendKeys(username): null

13-10-2024T22:05:28 - [TEST_STEP][PASSED] - xpath(xpathOption)).click(): null

13-10-2024T22:05:28 - [TEST_STEP][PASSED] - xpath(xpathBtnSearch)).click(): null

13-10-2024T22:05:29 - [TEST_STEP][PASSED] - startElement = driver.findElement(By.xpath("//strong[contains(text(),'Thu hộ:')]")): null

13-10-2024T22:05:29 - [TEST_STEP][PASSED] - script = "return arguments[0].nextSibling.textContent;": null

13-10-2024T22:05:29 - [TEST_STEP][PASSED] - nextTextNodeContent = js.executeScript(script, startElement): null

13-10-2024T22:05:29 - [TEST_STEP][PASSED] - out.println("Thu ho " + nextTextNodeContent): null

13-10-2024T22:05:29 - [TEST_STEP][PASSED] - numericString = nextTextNodeContent.replaceAll("[^0-9]", ""): null

13-10-2024T22:05:29 - [TEST_STEP][PASSED] - thuHo = Integer.parseInt(numericString): null

13-10-2024T22:05:29 - [TEST_STEP][PASSED] - out.println("Thu ho " + thuHo): null

13-10-2024T22:05:29 - [TEST_STEP][PASSED] - Assert.assertEquals(xpath(xpathAccountName)).getText(), username): null

13-10-2024T22:05:30 - [TEST_STEP][PASSED] - xpath(xpathMoneyOff)).click(): null

13-10-2024T22:05:30 - [TEST_STEP][PASSED] - wait.until(ExpectedConditions.visibilityOfElementLocated(By.xpath("//span[@class='filter-option pull-left'][normalize-space()='" + username + "']"))): null

13-10-2024T22:05:34 - [TEST_STEP][PASSED] - xpath(xpathViRut)).click(): null

13-10-2024T22:05:34 - [TEST_STEP][PASSED] - xpath(xpathOptionThuho)).click(): null

13-10-2024T22:05:34 - [TEST_STEP][PASSED] - xpath(xpathDay)).click(): null

13-10-2024T22:05:35 - [TEST_STEP][PASSED] - xpath(xpathToday)).click(): null

13-10-2024T22:05:35 - [TEST_STEP][PASSED] - xpath(xpathBtnContinue)).click(): null

13-10-2024T22:05:36 - [TEST_STEP][PASSED] - try: null

13-10-2024T22:05:36 - [TEST_STEP][PASSED] - popupDS = wait.until(ExpectedConditions.visibilityOfElementLocated(By.xpath(xpathXacNhanKiDS))): null

13-10-2024T22:05:36 - [TEST_STEP][PASSED] - Assert.assertEquals(popupDS.getText(), "Đã tồn tại kỳ đối soát trước đó, Bạn có chắc chắn muốn tiếp tục thực hiện giao dịch?"): null

13-10-2024T22:05:36 - [TEST_STEP][PASSED] - xpath(BtnOkXpath)).click(): null

13-10-2024T22:05:37 - [TEST_STEP][PASSED] - soDuKhaDung = driver.findElement(By.xpath(xpathSoDuKhaDung)): null

13-10-2024T22:05:37 - [TEST_STEP][PASSED] - value = soDuKhaDung.getAttribute("value"): null

13-10-2024T22:05:37 - [TEST_STEP][PASSED] - availableBalances = Integer.parseInt(value.replace(",", "")): null

13-10-2024T22:05:37 - [TEST_STEP][PASSED] - amountTransaction = 100000: null

13-10-2024T22:05:37 - [TEST_STEP][PASSED] - xpath(xpathFieldAmount)).sendKeys(amountTransaction): null

13-10-2024T22:05:37 - [TEST_STEP][PASSED] - xpath(xpathConfirm)).click(): null

13-10-2024T22:05:38 - [TEST_STEP][PASSED] - approveButton = wait.until(ExpectedConditions.elementToBeClickable(By.xpath(xpathAcceptFirst))): null

13-10-2024T22:05:39 - [TEST_STEP][PASSED] - js.executeScript("arguments[0].scrollIntoView(true);", approveButton): null

13-10-2024T22:05:39 - [TEST_STEP][PASSED] - approveButton.click(): null

13-10-2024T22:05:39 - [TEST_STEP][PASSED] - Thread.sleep(2000): null

13-10-2024T22:05:41 - [TEST_STEP][PASSED] - xpath(xpathCfBtn)).click(): null

13-10-2024T22:05:41 - [TEST_STEP][PASSED] - xpath(xpathBtnOk)).click(): null

13-10-2024T22:05:42 - [TEST_STEP][PASSED] - callTestCase(findTestCase("Test Cases/Quản lý tài khoản merchant/Quản lý danh sách tài khoản/CustomeFuncRutTien"), [:], STOP_ON_FAILURE): Call Test Case 'Test Cases/Quản lý tài khoản merchant/Quản lý danh sách tài khoản/CustomeFuncRutTien' successfully

13-10-2024T22:05:42 - [TEST_CASE][PASSED] - Test Cases/Quản lý tài khoản merchant/Quản lý danh sách tài khoản/CustomeFuncRutTien: Test Cases/Quản lý tài khoản merchant/Quản lý danh sách tài khoản/CustomeFuncRutTien

13-10-2024T22:05:42 - [TEST_STEP][PASSED] - driver = getWebDriver(): null

13-10-2024T22:05:42 - [TEST_STEP][PASSED] - sleep(2000): null

13-10-2024T22:05:44 - [TEST_STEP][PASSED] - element1 = driver.findElement(By.xpath(xpathManagerMC)): null

13-10-2024T22:05:45 - [TEST_STEP][PASSED] - actions = new org.openqa.selenium.interactions.Actions(driver): null

13-10-2024T22:05:45 - [TEST_STEP][PASSED] - click().perform(): null

13-10-2024T22:05:45 - [TEST_STEP][PASSED] - wait = new org.openqa.selenium.support.ui.WebDriverWait(com.kms.katalon.core.webui.driver.DriverFactory.getWebDriver(), 15): null

13-10-2024T22:05:45 - [TEST_STEP][PASSED] - element2 = wait.until(ExpectedConditions.elementToBeClickable(By.xpath(xpathManagerListAccount))): null

13-10-2024T22:05:45 - [TEST_STEP][PASSED] - click().perform(): null

13-10-2024T22:05:45 - [MESSAGE][PASSED] - Call Test Case 'Test Cases/Quản lý tài khoản merchant/Quản lý danh sách tài khoản/CustomeFuncRutTien' successfully

13-10-2024T22:05:45 - [TEST_STEP][PASSED] - xpath(xpathBtnAccount)).click(): null

13-10-2024T22:05:49 - [TEST_STEP][PASSED] - xpath(xpathSearchField)).sendKeys(username): null

13-10-2024T22:05:49 - [TEST_STEP][PASSED] - xpath(xpathOption)).click(): null

13-10-2024T22:05:49 - [TEST_STEP][PASSED] - xpath(xpathBtnSearch)).click(): null

13-10-2024T22:05:50 - [TEST_STEP][PASSED] - startElement1 = driver.findElement(By.xpath("//strong[contains(text(),'Thu hộ:')]")): null

13-10-2024T22:05:51 - [TEST_STEP][PASSED] - script1 = "return arguments[0].nextSibling.textContent;": null

13-10-2024T22:05:51 - [TEST_STEP][PASSED] - nextTextNodeContent1 = js.executeScript(script1, startElement1): null

13-10-2024T22:05:51 - [TEST_STEP][PASSED] - if (nextTextNodeContent1 == nextTextNodeContent): Test case đã pass với số tiền chưa được trừ khỏi tài khoản.

13-10-2024T22:05:51 - [TEST_STEP][PASSED] - println("Số tiền đã đúng "): null

13-10-2024T22:05:51 - [TEST_STEP][PASSED] - markPassed("Test case đã pass với số tiền chưa được trừ khỏi tài khoản."): Test case đã pass với số tiền chưa được trừ khỏi tài khoản.

13-10-2024T22:05:51 - [MESSAGE][PASSED] - Test case đã pass với số tiền chưa được trừ khỏi tài khoản.

13-10-2024T22:05:51 - [TEST_STEP][PASSED] - Start listener action : sampleAfterTestCase: null

13-10-2024T22:05:51 - [TEST_STEP][PASSED] - testCaseId = testCaseContext.getTestCaseId(): null

13-10-2024T22:05:51 - [TEST_STEP][PASSED] - if (testCaseId == "Test Cases/Quản lý tài khoản merchant/Quản lý dịch vụ merchant/TC_13_Kiểm tra chức năng xác nhận cấu hình thay đổi VA"): null]]></system-out>
         <system-err><![CDATA[]]></system-err>
      </testcase>
      <testcase name="Test Cases/Quản lý tài khoản merchant/Quản lý danh sách tài khoản/Rút tiền/TC_07_Kiểm tra khi rút tiền thành công và duyệt đủ 4 bước" time="56.291" classname="Test Cases/Quản lý tài khoản merchant/Quản lý danh sách tài khoản/Rút tiền/TC_07_Kiểm tra khi rút tiền thành công và duyệt đủ 4 bước" status="PASSED">
         <system-out><![CDATA[13-10-2024T22:05:51 - [TEST_CASE][PASSED] - Test Cases/Quản lý tài khoản merchant/Quản lý danh sách tài khoản/Rút tiền/TC_07_Kiểm tra khi rút tiền thành công và duyệt đủ 4 bước: Test Cases/Quản lý tài khoản merchant/Quản lý danh sách tài khoản/Rút tiền/TC_07_Kiểm tra khi rút tiền thành công và duyệt đủ 4 bước

13-10-2024T22:05:51 - [TEST_STEP][PASSED] - Start listener action : sampleBeforeTestCase: Navigate to 'https://stg-cms-console.9pay.mobi/login' successfully

13-10-2024T22:05:51 - [TEST_STEP][PASSED] - testCaseId = testCaseContext.getTestCaseId(): null

13-10-2024T22:05:51 - [TEST_STEP][PASSED] - url = <not implemented yet for class: org.codehaus.groovy.ast.expr.EmptyExpression>: null

13-10-2024T22:05:51 - [TEST_STEP][PASSED] - if (testCaseId == "Test Cases/Quản lý tài khoản merchant/Quản lý dịch vụ merchant/TC_14_Kiểm tra thay đổi sau khi cấu hình VA trên MCV"): null

13-10-2024T22:05:51 - [TEST_STEP][PASSED] - else: null

13-10-2024T22:05:51 - [TEST_STEP][PASSED] - url = "https://stg-cms-console.9pay.mobi/login": null

13-10-2024T22:05:51 - [TEST_STEP][PASSED] - openBrowser(""): Browser is opened with url: ''

13-10-2024T22:05:51 - [MESSAGE][WARNING] - A browser is already opened. Closing browser and opening a new one

13-10-2024T22:05:51 - [MESSAGE][INFO] - Starting 'Chrome' driver

13-10-2024T22:05:51 - [MESSAGE][INFO] - Action delay is set to 0 milliseconds

13-10-2024T22:05:52 - [MESSAGE][PASSED] - Browser is opened with url: ''

13-10-2024T22:05:52 - [TEST_STEP][PASSED] - maximizeWindow(): Current window maximized

13-10-2024T22:05:52 - [MESSAGE][PASSED] - Current window maximized

13-10-2024T22:05:52 - [TEST_STEP][PASSED] - navigateToUrl(url): Navigate to 'https://stg-cms-console.9pay.mobi/login' successfully

13-10-2024T22:05:57 - [MESSAGE][PASSED] - Navigate to 'https://stg-cms-console.9pay.mobi/login' successfully

13-10-2024T22:05:57 - [TEST_STEP][PASSED] - driver = getWebDriver(): null

13-10-2024T22:05:57 - [TEST_STEP][PASSED] - js = driver: null

13-10-2024T22:05:57 - [TEST_STEP][PASSED] - callTestCase(findTestCase("Test Cases/Login/LoginCommon"), [:], STOP_ON_FAILURE): Call Test Case 'Test Cases/Login/LoginCommon' successfully

13-10-2024T22:05:57 - [TEST_CASE][PASSED] - Test Cases/Login/LoginCommon: Test Cases/Login/LoginCommon

13-10-2024T22:05:57 - [TEST_STEP][PASSED] - driver = getWebDriver(): null

13-10-2024T22:05:57 - [TEST_STEP][PASSED] - sendKeys(findTestObject("Quản lý tài khoản merchant/Quản lý dịch vụ merchant/userNameTextbox"), userAccount): Keys 'dannt@9pay.vn' sent to object: 'Object Repository/Quản lý tài khoản merchant/Quản lý dịch vụ merchant/userNameTextbox'

13-10-2024T22:05:57 - [MESSAGE][PASSED] - Keys 'dannt@9pay.vn' sent to object: 'Object Repository/Quản lý tài khoản merchant/Quản lý dịch vụ merchant/userNameTextbox'

13-10-2024T22:05:57 - [TEST_STEP][PASSED] - sendKeys(findTestObject("Quản lý tài khoản merchant/Quản lý dịch vụ merchant/passwordTextbox"), password): Keys 'dannt@9pay.vn' sent to object: 'Object Repository/Quản lý tài khoản merchant/Quản lý dịch vụ merchant/passwordTextbox'

13-10-2024T22:05:57 - [MESSAGE][PASSED] - Keys 'dannt@9pay.vn' sent to object: 'Object Repository/Quản lý tài khoản merchant/Quản lý dịch vụ merchant/passwordTextbox'

13-10-2024T22:05:57 - [TEST_STEP][PASSED] - click(findTestObject("Quản lý tài khoản merchant/Quản lý dịch vụ merchant/loginButton")): Object: 'Object Repository/Quản lý tài khoản merchant/Quản lý dịch vụ merchant/loginButton' is clicked on

13-10-2024T22:05:58 - [MESSAGE][PASSED] - Object: 'Object Repository/Quản lý tài khoản merchant/Quản lý dịch vụ merchant/loginButton' is clicked on

13-10-2024T22:05:58 - [MESSAGE][PASSED] - Call Test Case 'Test Cases/Login/LoginCommon' successfully

13-10-2024T22:05:58 - [TEST_STEP][PASSED] - waitForElementVisible(findTestObject("Trang chủ/userName"), 10, STOP_ON_FAILURE): Object 'Object Repository/Trang chủ/userName' is visible

13-10-2024T22:05:59 - [MESSAGE][PASSED] - Object 'Object Repository/Trang chủ/userName' is visible

13-10-2024T22:05:59 - [TEST_STEP][PASSED] - click(findTestObject("Quản lý tài khoản merchant/menuManagerMerchantAccount")): Object: 'Object Repository/Quản lý tài khoản merchant/menuManagerMerchantAccount' is clicked on

13-10-2024T22:06:01 - [MESSAGE][PASSED] - Object: 'Object Repository/Quản lý tài khoản merchant/menuManagerMerchantAccount' is clicked on

13-10-2024T22:06:01 - [TEST_STEP][PASSED] - waitForElementVisible(findTestObject("Quản lý tài khoản merchant/Quản lý dịch vụ merchant/menuManagerMerchantService"), 10, STOP_ON_FAILURE): Object 'Object Repository/Quản lý tài khoản merchant/Quản lý dịch vụ merchant/menuManagerMerchantService' is visible

13-10-2024T22:06:02 - [MESSAGE][PASSED] - Object 'Object Repository/Quản lý tài khoản merchant/Quản lý dịch vụ merchant/menuManagerMerchantService' is visible

13-10-2024T22:06:02 - [TEST_STEP][PASSED] - wait = new org.openqa.selenium.support.ui.WebDriverWait(com.kms.katalon.core.webui.driver.DriverFactory.getWebDriver(), internal.GlobalVariable.waitSecond): null

13-10-2024T22:06:02 - [TEST_STEP][PASSED] - menuManagerUserAccount = wait.until(ExpectedConditions.elementToBeClickable(By.xpath(xpathManagerListAccount))): null

13-10-2024T22:06:02 - [TEST_STEP][PASSED] - menuManagerUserAccount.click(): null

13-10-2024T22:06:02 - [TEST_STEP][PASSED] - userCode = wait.until(ExpectedConditions.visibilityOfElementLocated(By.xpath(xpathUserCode))): null

13-10-2024T22:06:13 - [TEST_STEP][PASSED] - accountBtn = wait.until(ExpectedConditions.elementToBeClickable(By.xpath(xpathBtnAccount))): null

13-10-2024T22:06:13 - [TEST_STEP][PASSED] - accountBtn.click(): null

13-10-2024T22:06:13 - [TEST_STEP][PASSED] - searchTextbox = wait.until(ExpectedConditions.elementToBeClickable(By.xpath(xpathSearchTextbox))): null

13-10-2024T22:06:14 - [TEST_STEP][PASSED] - searchTextbox.sendKeys(username): null

13-10-2024T22:06:14 - [TEST_STEP][PASSED] - xpath(xpathOption)).click(): null

13-10-2024T22:06:14 - [TEST_STEP][PASSED] - xpath(xpathBtnSearch)).click(): null

13-10-2024T22:06:15 - [TEST_STEP][PASSED] - beforeWithdrawing = driver.findElement(By.xpath("//strong[contains(text(),'Thu hộ:')]")): null

13-10-2024T22:06:15 - [TEST_STEP][PASSED] - script = "return arguments[0].nextSibling.textContent;": null

13-10-2024T22:06:15 - [TEST_STEP][PASSED] - beforeWithdrawing1 = js.executeScript(script, beforeWithdrawing): null

13-10-2024T22:06:15 - [TEST_STEP][PASSED] - out.println("Thu ho " + beforeWithdrawing1): null

13-10-2024T22:06:15 - [TEST_STEP][PASSED] - numericString = beforeWithdrawing1.replaceAll("[^0-9]", ""): null

13-10-2024T22:06:15 - [TEST_STEP][PASSED] - thuHo = Integer.parseInt(numericString): null

13-10-2024T22:06:15 - [TEST_STEP][PASSED] - out.println("Thu ho " + thuHo): null

13-10-2024T22:06:15 - [TEST_STEP][PASSED] - Assert.assertEquals(xpath(xpathAccountName)).getText(), username): null

13-10-2024T22:06:16 - [TEST_STEP][PASSED] - xpath("//i[normalize-space()='money_off']")).click(): null

13-10-2024T22:06:16 - [TEST_STEP][PASSED] - wait.until(ExpectedConditions.visibilityOfElementLocated(By.xpath("//span[@class='filter-option pull-left'][normalize-space()='" + username + "']"))): null

13-10-2024T22:06:21 - [TEST_STEP][PASSED] - xpath(xpathViRut)).click(): null

13-10-2024T22:06:21 - [TEST_STEP][PASSED] - xpath(xpathOptionThuho)).click(): null

13-10-2024T22:06:21 - [TEST_STEP][PASSED] - xpath(xpathDay)).click(): null

13-10-2024T22:06:22 - [TEST_STEP][PASSED] - xpath(xpathToday)).click(): null

13-10-2024T22:06:22 - [TEST_STEP][PASSED] - xpath("//div[@class='btn btn-lg btn-primary waves-effect']")).click(): null

13-10-2024T22:06:23 - [TEST_STEP][PASSED] - try: null

13-10-2024T22:06:23 - [TEST_STEP][PASSED] - popupDS = wait.until(ExpectedConditions.visibilityOfElementLocated(By.xpath(xpathXacNhanKiDS))): null

13-10-2024T22:06:23 - [TEST_STEP][PASSED] - Assert.assertEquals(popupDS.getText(), "Đã tồn tại kỳ đối soát trước đó, Bạn có chắc chắn muốn tiếp tục thực hiện giao dịch?"): null

13-10-2024T22:06:23 - [TEST_STEP][PASSED] - xpath(BtnOkXpath)).click(): null

13-10-2024T22:06:24 - [TEST_STEP][PASSED] - soDuKhaDung = driver.findElement(By.xpath(xpathSoDuKhaDung)): null

13-10-2024T22:06:24 - [TEST_STEP][PASSED] - value = soDuKhaDung.getAttribute("value"): null

13-10-2024T22:06:24 - [TEST_STEP][PASSED] - availableBalances = Integer.parseInt(value.replace(",", "")): null

13-10-2024T22:06:24 - [TEST_STEP][PASSED] - println("so du kha dung la: " + availableBalances): null

13-10-2024T22:06:24 - [TEST_STEP][PASSED] - amountTransaction = 2000000: null

13-10-2024T22:06:24 - [TEST_STEP][PASSED] - println("so du kha dung la: " + amountTransaction): null

13-10-2024T22:06:24 - [TEST_STEP][PASSED] - if (amountTransaction > availableBalances): null

13-10-2024T22:06:24 - [TEST_STEP][PASSED] - xpath("//input[@name='amount']")).sendKeys(String.valueOf(amountTransaction)): null

13-10-2024T22:06:24 - [TEST_STEP][PASSED] - xpath("//button[contains(text(),'Xác nhận')]")).click(): null

13-10-2024T22:06:25 - [TEST_STEP][PASSED] - approveButton = wait.until(ExpectedConditions.elementToBeClickable(By.xpath("//button[contains(text(),'VH DUYỆT GD RÚT LẦN 1')]"))): null

13-10-2024T22:06:26 - [TEST_STEP][PASSED] - js.executeScript("arguments[0].scrollIntoView(true);", approveButton): null

13-10-2024T22:06:26 - [TEST_STEP][PASSED] - approveButton.click(): null

13-10-2024T22:06:26 - [TEST_STEP][PASSED] - Thread.sleep(1000): null

13-10-2024T22:06:27 - [TEST_STEP][PASSED] - xpath("//button[contains(text(),'Đồng ý')]"))).click(): null

13-10-2024T22:06:28 - [TEST_STEP][PASSED] - xpath("//button[contains(text(),'Ok')]")).click(): null

13-10-2024T22:06:29 - [TEST_STEP][PASSED] - navigate().refresh(): null

13-10-2024T22:06:29 - [TEST_STEP][PASSED] - approveButton1 = wait.until(ExpectedConditions.elementToBeClickable(By.xpath("//button[contains(text(),'VH DUYỆT GD RÚT LẦN 2')]"))): null

13-10-2024T22:06:30 - [TEST_STEP][PASSED] - js.executeScript("arguments[0].scrollIntoView(true);", approveButton1): null

13-10-2024T22:06:30 - [TEST_STEP][PASSED] - approveButton1.click(): null

13-10-2024T22:06:30 - [TEST_STEP][PASSED] - Thread.sleep(1000): null

13-10-2024T22:06:31 - [TEST_STEP][PASSED] - xpath("//button[contains(text(),'Đồng ý')]")).click(): null

13-10-2024T22:06:31 - [TEST_STEP][PASSED] - xpath("//button[contains(text(),'Ok')]")).click(): null

13-10-2024T22:06:32 - [TEST_STEP][PASSED] - navigate().refresh(): null

13-10-2024T22:06:33 - [TEST_STEP][PASSED] - approveButton2 = wait.until(ExpectedConditions.elementToBeClickable(By.xpath("//button[contains(text(),'KT DUYỆT GD RÚT LẦN 1')]"))): null

13-10-2024T22:06:33 - [TEST_STEP][PASSED] - js.executeScript("arguments[0].scrollIntoView(true);", approveButton2): null

13-10-2024T22:06:33 - [TEST_STEP][PASSED] - approveButton2.click(): null

13-10-2024T22:06:34 - [TEST_STEP][PASSED] - Thread.sleep(1000): null

13-10-2024T22:06:35 - [TEST_STEP][PASSED] - xpath("//button[contains(text(),'Đồng ý')]")).click(): null

13-10-2024T22:06:35 - [TEST_STEP][PASSED] - xpath("//button[contains(text(),'Ok')]")).click(): null

13-10-2024T22:06:36 - [TEST_STEP][PASSED] - navigate().refresh(): null

13-10-2024T22:06:36 - [TEST_STEP][PASSED] - approveButton3 = wait.until(ExpectedConditions.elementToBeClickable(By.xpath("//button[contains(text(),'KT DUYỆT GD RÚT LẦN 2')]"))): null

13-10-2024T22:06:37 - [TEST_STEP][PASSED] - js.executeScript("arguments[0].scrollIntoView(true);", approveButton3): null

13-10-2024T22:06:37 - [TEST_STEP][PASSED] - approveButton3.click(): null

13-10-2024T22:06:37 - [TEST_STEP][PASSED] - Thread.sleep(1000): null

13-10-2024T22:06:38 - [TEST_STEP][PASSED] - xpath("//button[contains(text(),'Đồng ý')]")).click(): null

13-10-2024T22:06:38 - [TEST_STEP][PASSED] - xpath("//button[contains(text(),'Ok')]")).click(): null

13-10-2024T22:06:39 - [TEST_STEP][PASSED] - callTestCase(findTestCase("Test Cases/Quản lý tài khoản merchant/Quản lý danh sách tài khoản/CustomeFuncRutTien"), [:], STOP_ON_FAILURE): Call Test Case 'Test Cases/Quản lý tài khoản merchant/Quản lý danh sách tài khoản/CustomeFuncRutTien' successfully

13-10-2024T22:06:39 - [TEST_CASE][PASSED] - Test Cases/Quản lý tài khoản merchant/Quản lý danh sách tài khoản/CustomeFuncRutTien: Test Cases/Quản lý tài khoản merchant/Quản lý danh sách tài khoản/CustomeFuncRutTien

13-10-2024T22:06:39 - [TEST_STEP][PASSED] - driver = getWebDriver(): null

13-10-2024T22:06:39 - [TEST_STEP][PASSED] - sleep(2000): null

13-10-2024T22:06:41 - [TEST_STEP][PASSED] - element1 = driver.findElement(By.xpath(xpathManagerMC)): null

13-10-2024T22:06:41 - [TEST_STEP][PASSED] - actions = new org.openqa.selenium.interactions.Actions(driver): null

13-10-2024T22:06:41 - [TEST_STEP][PASSED] - click().perform(): null

13-10-2024T22:06:41 - [TEST_STEP][PASSED] - wait = new org.openqa.selenium.support.ui.WebDriverWait(com.kms.katalon.core.webui.driver.DriverFactory.getWebDriver(), 15): null

13-10-2024T22:06:41 - [TEST_STEP][PASSED] - element2 = wait.until(ExpectedConditions.elementToBeClickable(By.xpath(xpathManagerListAccount))): null

13-10-2024T22:06:42 - [TEST_STEP][PASSED] - click().perform(): null

13-10-2024T22:06:42 - [MESSAGE][PASSED] - Call Test Case 'Test Cases/Quản lý tài khoản merchant/Quản lý danh sách tài khoản/CustomeFuncRutTien' successfully

13-10-2024T22:06:42 - [TEST_STEP][PASSED] - xpath("//span[contains(text(),'Tài khoản')]")).click(): null

13-10-2024T22:06:45 - [TEST_STEP][PASSED] - xpath("(//input[@type='text'])[2]")).sendKeys(username): null

13-10-2024T22:06:45 - [TEST_STEP][PASSED] - xpath(xpathOption)).click(): null

13-10-2024T22:06:46 - [TEST_STEP][PASSED] - xpath(xpathBtnSearch)).click(): null

13-10-2024T22:06:46 - [TEST_STEP][PASSED] - afterWithdraw = driver.findElement(By.xpath("//strong[contains(text(),'Thu hộ:')]")): null

13-10-2024T22:06:47 - [TEST_STEP][PASSED] - script1 = "return arguments[0].nextSibling.textContent;": null

13-10-2024T22:06:47 - [TEST_STEP][PASSED] - afterWithdraw1 = js.executeScript(script1, afterWithdraw): null

13-10-2024T22:06:47 - [TEST_STEP][PASSED] - numericString1 = afterWithdraw1.replaceAll("[^0-9]", ""): null

13-10-2024T22:06:47 - [TEST_STEP][PASSED] - thuHo1 = Integer.parseInt(numericString1): null

13-10-2024T22:06:47 - [TEST_STEP][PASSED] - if (thuHo1 == thuHo - amountTransaction): Test case đã pass với số tiền chưa được trừ khỏi tài khoản.

13-10-2024T22:06:47 - [TEST_STEP][PASSED] - println("Số tiền đã đúng "): null

13-10-2024T22:06:47 - [TEST_STEP][PASSED] - markPassed("Test case đã pass với số tiền chưa được trừ khỏi tài khoản."): Test case đã pass với số tiền chưa được trừ khỏi tài khoản.

13-10-2024T22:06:47 - [MESSAGE][PASSED] - Test case đã pass với số tiền chưa được trừ khỏi tài khoản.

13-10-2024T22:06:47 - [TEST_STEP][PASSED] - Start listener action : sampleAfterTestCase: null

13-10-2024T22:06:47 - [TEST_STEP][PASSED] - testCaseId = testCaseContext.getTestCaseId(): null

13-10-2024T22:06:47 - [TEST_STEP][PASSED] - if (testCaseId == "Test Cases/Quản lý tài khoản merchant/Quản lý dịch vụ merchant/TC_13_Kiểm tra chức năng xác nhận cấu hình thay đổi VA"): null]]></system-out>
         <system-err><![CDATA[]]></system-err>
      </testcase>
      <testcase name="Test Cases/Quản lý tài khoản merchant/Quản lý danh sách tài khoản/Rút tiền/TC_08_Kiểm tra user chưa đăng ký dịch vụ và chọn kì đối soát chưa tồn tại" time="69.071" classname="Test Cases/Quản lý tài khoản merchant/Quản lý danh sách tài khoản/Rút tiền/TC_08_Kiểm tra user chưa đăng ký dịch vụ và chọn kì đối soát chưa tồn tại" status="PASSED">
         <system-out><![CDATA[13-10-2024T22:06:47 - [TEST_CASE][PASSED] - Test Cases/Quản lý tài khoản merchant/Quản lý danh sách tài khoản/Rút tiền/TC_08_Kiểm tra user chưa đăng ký dịch vụ và chọn kì đối soát chưa tồn tại: Test Cases/Quản lý tài khoản merchant/Quản lý danh sách tài khoản/Rút tiền/TC_08_Kiểm tra user chưa đăng ký dịch vụ và chọn kì đối soát chưa tồn tại

13-10-2024T22:06:47 - [TEST_STEP][PASSED] - Start listener action : sampleBeforeTestCase: Navigate to 'https://stg-cms-console.9pay.mobi/login' successfully

13-10-2024T22:06:47 - [TEST_STEP][PASSED] - testCaseId = testCaseContext.getTestCaseId(): null

13-10-2024T22:06:47 - [TEST_STEP][PASSED] - url = <not implemented yet for class: org.codehaus.groovy.ast.expr.EmptyExpression>: null

13-10-2024T22:06:47 - [TEST_STEP][PASSED] - if (testCaseId == "Test Cases/Quản lý tài khoản merchant/Quản lý dịch vụ merchant/TC_14_Kiểm tra thay đổi sau khi cấu hình VA trên MCV"): null

13-10-2024T22:06:47 - [TEST_STEP][PASSED] - else: null

13-10-2024T22:06:47 - [TEST_STEP][PASSED] - url = "https://stg-cms-console.9pay.mobi/login": null

13-10-2024T22:06:47 - [TEST_STEP][PASSED] - openBrowser(""): Browser is opened with url: ''

13-10-2024T22:06:47 - [MESSAGE][WARNING] - A browser is already opened. Closing browser and opening a new one

13-10-2024T22:06:47 - [MESSAGE][INFO] - Starting 'Chrome' driver

13-10-2024T22:06:47 - [MESSAGE][INFO] - Action delay is set to 0 milliseconds

13-10-2024T22:06:48 - [MESSAGE][PASSED] - Browser is opened with url: ''

13-10-2024T22:06:48 - [TEST_STEP][PASSED] - maximizeWindow(): Current window maximized

13-10-2024T22:06:48 - [MESSAGE][PASSED] - Current window maximized

13-10-2024T22:06:48 - [TEST_STEP][PASSED] - navigateToUrl(url): Navigate to 'https://stg-cms-console.9pay.mobi/login' successfully

13-10-2024T22:06:52 - [MESSAGE][PASSED] - Navigate to 'https://stg-cms-console.9pay.mobi/login' successfully

13-10-2024T22:06:52 - [TEST_STEP][PASSED] - driver = getWebDriver(): null

13-10-2024T22:06:52 - [TEST_STEP][PASSED] - callTestCase(findTestCase("Test Cases/Login/LoginCommon"), [:], STOP_ON_FAILURE): Call Test Case 'Test Cases/Login/LoginCommon' successfully

13-10-2024T22:06:52 - [TEST_CASE][PASSED] - Test Cases/Login/LoginCommon: Test Cases/Login/LoginCommon

13-10-2024T22:06:52 - [TEST_STEP][PASSED] - driver = getWebDriver(): null

13-10-2024T22:06:52 - [TEST_STEP][PASSED] - sendKeys(findTestObject("Quản lý tài khoản merchant/Quản lý dịch vụ merchant/userNameTextbox"), userAccount): Keys 'dannt@9pay.vn' sent to object: 'Object Repository/Quản lý tài khoản merchant/Quản lý dịch vụ merchant/userNameTextbox'

13-10-2024T22:06:53 - [MESSAGE][PASSED] - Keys 'dannt@9pay.vn' sent to object: 'Object Repository/Quản lý tài khoản merchant/Quản lý dịch vụ merchant/userNameTextbox'

13-10-2024T22:06:53 - [TEST_STEP][PASSED] - sendKeys(findTestObject("Quản lý tài khoản merchant/Quản lý dịch vụ merchant/passwordTextbox"), password): Keys 'dannt@9pay.vn' sent to object: 'Object Repository/Quản lý tài khoản merchant/Quản lý dịch vụ merchant/passwordTextbox'

13-10-2024T22:06:53 - [MESSAGE][PASSED] - Keys 'dannt@9pay.vn' sent to object: 'Object Repository/Quản lý tài khoản merchant/Quản lý dịch vụ merchant/passwordTextbox'

13-10-2024T22:06:53 - [TEST_STEP][PASSED] - click(findTestObject("Quản lý tài khoản merchant/Quản lý dịch vụ merchant/loginButton")): Object: 'Object Repository/Quản lý tài khoản merchant/Quản lý dịch vụ merchant/loginButton' is clicked on

13-10-2024T22:06:53 - [MESSAGE][PASSED] - Object: 'Object Repository/Quản lý tài khoản merchant/Quản lý dịch vụ merchant/loginButton' is clicked on

13-10-2024T22:06:53 - [MESSAGE][PASSED] - Call Test Case 'Test Cases/Login/LoginCommon' successfully

13-10-2024T22:06:53 - [TEST_STEP][PASSED] - waitForElementVisible(findTestObject("Trang chủ/userName"), 30, STOP_ON_FAILURE): Object 'Object Repository/Trang chủ/userName' is visible

13-10-2024T22:06:55 - [MESSAGE][PASSED] - Object 'Object Repository/Trang chủ/userName' is visible

13-10-2024T22:06:55 - [TEST_STEP][PASSED] - click(findTestObject("Quản lý tài khoản merchant/menuManagerMerchantAccount")): Object: 'Object Repository/Quản lý tài khoản merchant/menuManagerMerchantAccount' is clicked on

13-10-2024T22:06:57 - [MESSAGE][PASSED] - Object: 'Object Repository/Quản lý tài khoản merchant/menuManagerMerchantAccount' is clicked on

13-10-2024T22:06:57 - [TEST_STEP][PASSED] - waitForElementVisible(findTestObject("Quản lý tài khoản merchant/Quản lý dịch vụ merchant/menuManagerMerchantService"), 10, STOP_ON_FAILURE): Object 'Object Repository/Quản lý tài khoản merchant/Quản lý dịch vụ merchant/menuManagerMerchantService' is visible

13-10-2024T22:06:57 - [MESSAGE][PASSED] - Object 'Object Repository/Quản lý tài khoản merchant/Quản lý dịch vụ merchant/menuManagerMerchantService' is visible

13-10-2024T22:06:57 - [TEST_STEP][PASSED] - wait = new org.openqa.selenium.support.ui.WebDriverWait(com.kms.katalon.core.webui.driver.DriverFactory.getWebDriver(), 30): null

13-10-2024T22:06:57 - [TEST_STEP][PASSED] - menuManagerUserAccount = wait.until(ExpectedConditions.elementToBeClickable(By.xpath(xpathManagerListAccount))): null

13-10-2024T22:06:57 - [TEST_STEP][PASSED] - menuManagerUserAccount.click(): null

13-10-2024T22:06:57 - [TEST_STEP][PASSED] - userCode = wait.until(ExpectedConditions.visibilityOfElementLocated(By.xpath(xpathUserCode))): null

13-10-2024T22:07:00 - [TEST_STEP][PASSED] - println(userCode.getText()): null

13-10-2024T22:07:00 - [TEST_STEP][PASSED] - accountBtn = wait.until(ExpectedConditions.elementToBeClickable(By.xpath(xpathBtnAccount))): null

13-10-2024T22:07:01 - [TEST_STEP][PASSED] - accountBtn.click(): null

13-10-2024T22:07:01 - [TEST_STEP][PASSED] - searchTextbox = wait.until(ExpectedConditions.elementToBeClickable(By.xpath(xpathSearchTextbox))): null

13-10-2024T22:07:01 - [TEST_STEP][PASSED] - searchTextbox.sendKeys(username): null

13-10-2024T22:07:01 - [TEST_STEP][PASSED] - xpath(xpathOption)).click(): null

13-10-2024T22:07:01 - [TEST_STEP][PASSED] - xpath(xpathBtnSearch)).click(): null

13-10-2024T22:07:02 - [TEST_STEP][PASSED] - Assert.assertEquals(xpath(xpathAccountName)).getText(), username): null

13-10-2024T22:07:04 - [TEST_STEP][PASSED] - xpath(xpathBtnRutTien)).click(): null

13-10-2024T22:07:04 - [TEST_STEP][PASSED] - wait.until(ExpectedConditions.visibilityOfElementLocated(By.xpath(xpathUser))): null

13-10-2024T22:07:13 - [TEST_STEP][PASSED] - xpath(xpathUser)).click(): null

13-10-2024T22:07:13 - [TEST_STEP][PASSED] - xpath(xpathUser2)).sendKeys("dannt21"): null

13-10-2024T22:07:14 - [TEST_STEP][PASSED] - xpath(xpathUserClicked)).click(): null

13-10-2024T22:07:14 - [TEST_STEP][PASSED] - xpath(xpathViRut)).click(): null

13-10-2024T22:07:22 - [TEST_STEP][PASSED] - xpath(xpathOptionThuho)).click(): null

13-10-2024T22:07:22 - [TEST_STEP][PASSED] - xpath(xpathDay)).click(): null

13-10-2024T22:07:22 - [TEST_STEP][PASSED] - xpath(xpathToday)).click(): null

13-10-2024T22:07:23 - [TEST_STEP][PASSED] - xpath(xpathDayClicked)).click(): null

13-10-2024T22:07:23 - [TEST_STEP][PASSED] - try: null

13-10-2024T22:07:23 - [TEST_STEP][PASSED] - popupDS = wait.until(ExpectedConditions.visibilityOfElementLocated(By.xpath(xpathXacNhanKiDS))): null

13-10-2024T22:07:53 - [TEST_STEP][PASSED] - catch (org.openqa.selenium.TimeoutException e): null

13-10-2024T22:07:53 - [TEST_STEP][PASSED] - println("Popup không xuất hiện, tiếp tục thực hiện giao dịch."): null

13-10-2024T22:07:53 - [TEST_STEP][PASSED] - xpath(xpathFieldAmount)).sendKeys(amount): null

13-10-2024T22:07:54 - [TEST_STEP][PASSED] - xpath(xpathConfirm)).click(): null

13-10-2024T22:07:54 - [TEST_STEP][PASSED] - sleep(2000): null

13-10-2024T22:07:56 - [TEST_STEP][PASSED] - Assert.assertEquals(xpath(xpathError1)).getText(), "Tài khoản không đủ tiền để rút"): null

13-10-2024T22:07:56 - [TEST_STEP][PASSED] - Start listener action : sampleAfterTestCase: null

13-10-2024T22:07:56 - [TEST_STEP][PASSED] - testCaseId = testCaseContext.getTestCaseId(): null

13-10-2024T22:07:56 - [TEST_STEP][PASSED] - if (testCaseId == "Test Cases/Quản lý tài khoản merchant/Quản lý dịch vụ merchant/TC_13_Kiểm tra chức năng xác nhận cấu hình thay đổi VA"): null]]></system-out>
         <system-err><![CDATA[]]></system-err>
      </testcase>
      <testcase name="Test Cases/Quản lý tài khoản merchant/Quản lý danh sách tài khoản/Rút tiền/TC_09_Kiểm tra user rút tiền và sử dụng dịch vụ chi hộ" time="59.271" classname="Test Cases/Quản lý tài khoản merchant/Quản lý danh sách tài khoản/Rút tiền/TC_09_Kiểm tra user rút tiền và sử dụng dịch vụ chi hộ" status="PASSED">
         <system-out><![CDATA[13-10-2024T22:07:56 - [TEST_CASE][PASSED] - Test Cases/Quản lý tài khoản merchant/Quản lý danh sách tài khoản/Rút tiền/TC_09_Kiểm tra user rút tiền và sử dụng dịch vụ chi hộ: Test Cases/Quản lý tài khoản merchant/Quản lý danh sách tài khoản/Rút tiền/TC_09_Kiểm tra user rút tiền và sử dụng dịch vụ chi hộ

13-10-2024T22:07:56 - [TEST_STEP][PASSED] - Start listener action : sampleBeforeTestCase: Navigate to 'https://stg-cms-console.9pay.mobi/login' successfully

13-10-2024T22:07:56 - [TEST_STEP][PASSED] - testCaseId = testCaseContext.getTestCaseId(): null

13-10-2024T22:07:56 - [TEST_STEP][PASSED] - url = <not implemented yet for class: org.codehaus.groovy.ast.expr.EmptyExpression>: null

13-10-2024T22:07:56 - [TEST_STEP][PASSED] - if (testCaseId == "Test Cases/Quản lý tài khoản merchant/Quản lý dịch vụ merchant/TC_14_Kiểm tra thay đổi sau khi cấu hình VA trên MCV"): null

13-10-2024T22:07:56 - [TEST_STEP][PASSED] - else: null

13-10-2024T22:07:56 - [TEST_STEP][PASSED] - url = "https://stg-cms-console.9pay.mobi/login": null

13-10-2024T22:07:56 - [TEST_STEP][PASSED] - openBrowser(""): Browser is opened with url: ''

13-10-2024T22:07:56 - [MESSAGE][WARNING] - A browser is already opened. Closing browser and opening a new one

13-10-2024T22:07:56 - [MESSAGE][INFO] - Starting 'Chrome' driver

13-10-2024T22:07:56 - [MESSAGE][INFO] - Action delay is set to 0 milliseconds

13-10-2024T22:07:57 - [MESSAGE][PASSED] - Browser is opened with url: ''

13-10-2024T22:07:57 - [TEST_STEP][PASSED] - maximizeWindow(): Current window maximized

13-10-2024T22:07:57 - [MESSAGE][PASSED] - Current window maximized

13-10-2024T22:07:57 - [TEST_STEP][PASSED] - navigateToUrl(url): Navigate to 'https://stg-cms-console.9pay.mobi/login' successfully

13-10-2024T22:08:01 - [MESSAGE][PASSED] - Navigate to 'https://stg-cms-console.9pay.mobi/login' successfully

13-10-2024T22:08:01 - [TEST_STEP][PASSED] - driver = getWebDriver(): null

13-10-2024T22:08:01 - [TEST_STEP][PASSED] - js = driver: null

13-10-2024T22:08:01 - [TEST_STEP][PASSED] - callTestCase(findTestCase("Test Cases/Login/LoginCommon"), [:], STOP_ON_FAILURE): Call Test Case 'Test Cases/Login/LoginCommon' successfully

13-10-2024T22:08:01 - [TEST_CASE][PASSED] - Test Cases/Login/LoginCommon: Test Cases/Login/LoginCommon

13-10-2024T22:08:01 - [TEST_STEP][PASSED] - driver = getWebDriver(): null

13-10-2024T22:08:01 - [TEST_STEP][PASSED] - sendKeys(findTestObject("Quản lý tài khoản merchant/Quản lý dịch vụ merchant/userNameTextbox"), userAccount): Keys 'dannt@9pay.vn' sent to object: 'Object Repository/Quản lý tài khoản merchant/Quản lý dịch vụ merchant/userNameTextbox'

13-10-2024T22:08:01 - [MESSAGE][PASSED] - Keys 'dannt@9pay.vn' sent to object: 'Object Repository/Quản lý tài khoản merchant/Quản lý dịch vụ merchant/userNameTextbox'

13-10-2024T22:08:01 - [TEST_STEP][PASSED] - sendKeys(findTestObject("Quản lý tài khoản merchant/Quản lý dịch vụ merchant/passwordTextbox"), password): Keys 'dannt@9pay.vn' sent to object: 'Object Repository/Quản lý tài khoản merchant/Quản lý dịch vụ merchant/passwordTextbox'

13-10-2024T22:08:01 - [MESSAGE][PASSED] - Keys 'dannt@9pay.vn' sent to object: 'Object Repository/Quản lý tài khoản merchant/Quản lý dịch vụ merchant/passwordTextbox'

13-10-2024T22:08:01 - [TEST_STEP][PASSED] - click(findTestObject("Quản lý tài khoản merchant/Quản lý dịch vụ merchant/loginButton")): Object: 'Object Repository/Quản lý tài khoản merchant/Quản lý dịch vụ merchant/loginButton' is clicked on

13-10-2024T22:08:02 - [MESSAGE][PASSED] - Object: 'Object Repository/Quản lý tài khoản merchant/Quản lý dịch vụ merchant/loginButton' is clicked on

13-10-2024T22:08:02 - [MESSAGE][PASSED] - Call Test Case 'Test Cases/Login/LoginCommon' successfully

13-10-2024T22:08:02 - [TEST_STEP][PASSED] - waitForElementVisible(findTestObject("Trang chủ/userName"), 30, STOP_ON_FAILURE): Object 'Object Repository/Trang chủ/userName' is visible

13-10-2024T22:08:12 - [MESSAGE][PASSED] - Object 'Object Repository/Trang chủ/userName' is visible

13-10-2024T22:08:12 - [TEST_STEP][PASSED] - click(findTestObject("Quản lý tài khoản merchant/menuManagerMerchantAccount")): Object: 'Object Repository/Quản lý tài khoản merchant/menuManagerMerchantAccount' is clicked on

13-10-2024T22:08:13 - [MESSAGE][PASSED] - Object: 'Object Repository/Quản lý tài khoản merchant/menuManagerMerchantAccount' is clicked on

13-10-2024T22:08:13 - [TEST_STEP][PASSED] - waitForElementVisible(findTestObject("Quản lý tài khoản merchant/Quản lý dịch vụ merchant/menuManagerMerchantService"), 10, STOP_ON_FAILURE): Object 'Object Repository/Quản lý tài khoản merchant/Quản lý dịch vụ merchant/menuManagerMerchantService' is visible

13-10-2024T22:08:13 - [MESSAGE][PASSED] - Object 'Object Repository/Quản lý tài khoản merchant/Quản lý dịch vụ merchant/menuManagerMerchantService' is visible

13-10-2024T22:08:13 - [TEST_STEP][PASSED] - wait = new org.openqa.selenium.support.ui.WebDriverWait(com.kms.katalon.core.webui.driver.DriverFactory.getWebDriver(), internal.GlobalVariable.waitSecond): null

13-10-2024T22:08:13 - [TEST_STEP][PASSED] - menuManagerUserAccount = wait.until(ExpectedConditions.elementToBeClickable(By.xpath(xpathManagerListAccount))): null

13-10-2024T22:08:13 - [TEST_STEP][PASSED] - menuManagerUserAccount.click(): null

13-10-2024T22:08:13 - [TEST_STEP][PASSED] - userCode = wait.until(ExpectedConditions.visibilityOfElementLocated(By.xpath(xpathUserCode))): null

13-10-2024T22:08:17 - [TEST_STEP][PASSED] - println(userCode.getText()): null

13-10-2024T22:08:17 - [TEST_STEP][PASSED] - accountBtn = wait.until(ExpectedConditions.elementToBeClickable(By.xpath(xpathBtnAccount))): null

13-10-2024T22:08:17 - [TEST_STEP][PASSED] - accountBtn.click(): null

13-10-2024T22:08:17 - [TEST_STEP][PASSED] - searchTextbox = wait.until(ExpectedConditions.elementToBeClickable(By.xpath(xpathSearchTextbox))): null

13-10-2024T22:08:17 - [TEST_STEP][PASSED] - searchTextbox.sendKeys(username): null

13-10-2024T22:08:17 - [TEST_STEP][PASSED] - xpath(xpathOption)).click(): null

13-10-2024T22:08:18 - [TEST_STEP][PASSED] - xpath(xpathBtnSearch)).click(): null

13-10-2024T22:08:18 - [TEST_STEP][PASSED] - Assert.assertEquals(xpath(xpathAccountName)).getText(), username): null

13-10-2024T22:08:19 - [TEST_STEP][PASSED] - xpath(xpathBtnRutTien)).click(): null

13-10-2024T22:08:19 - [TEST_STEP][PASSED] - wait.until(ExpectedConditions.visibilityOfElementLocated(By.xpath(xpathUser))): null

13-10-2024T22:08:28 - [TEST_STEP][PASSED] - xpath(xpathViRut)).click(): null

13-10-2024T22:08:29 - [TEST_STEP][PASSED] - xpath(xpathOptionThuho)).click(): null

13-10-2024T22:08:29 - [TEST_STEP][PASSED] - xpath(xpathDay)).click(): null

13-10-2024T22:08:29 - [TEST_STEP][PASSED] - xpath(xpathToday)).click(): null

13-10-2024T22:08:30 - [TEST_STEP][PASSED] - xpath(xpathDayClicked)).click(): null

13-10-2024T22:08:30 - [TEST_STEP][PASSED] - try: null

13-10-2024T22:08:30 - [TEST_STEP][PASSED] - popupDS = wait.until(ExpectedConditions.visibilityOfElementLocated(By.xpath(xpathXacNhanKiDS))): null

13-10-2024T22:08:31 - [TEST_STEP][PASSED] - Assert.assertEquals(popupDS.getText(), "Đã tồn tại kỳ đối soát trước đó, Bạn có chắc chắn muốn tiếp tục thực hiện giao dịch?"): null

13-10-2024T22:08:31 - [TEST_STEP][PASSED] - xpath(BtnOkXpath)).click(): null

13-10-2024T22:08:31 - [TEST_STEP][PASSED] - soDuVi = driver.findElement(By.xpath("//label[contains(text(),'Số dư Ví')]/following::input[1]")): null

13-10-2024T22:08:32 - [TEST_STEP][PASSED] - inputValue = soDuVi.getAttribute("value"): null

13-10-2024T22:08:32 - [TEST_STEP][PASSED] - numericString = inputValue.replaceAll("[^0-9]", ""): null

13-10-2024T22:08:32 - [TEST_STEP][PASSED] - walletBalance = Integer.parseInt(numericString): null

13-10-2024T22:08:32 - [TEST_STEP][PASSED] - out.println(walletBalance): null

13-10-2024T22:08:32 - [TEST_STEP][PASSED] - xpath(xpathFieldAmount)).sendKeys(amount): null

13-10-2024T22:08:32 - [TEST_STEP][PASSED] - xpath("//label[contains(text(),'Sử dụng dịch vụ chi hộ')]")).click(): null

13-10-2024T22:08:32 - [TEST_STEP][PASSED] - xpath(xpathConfirm)).click(): null

13-10-2024T22:08:33 - [TEST_STEP][PASSED] - testText = wait.until(ExpectedConditions.visibilityOfElementLocated(By.xpath(UserPayIn))): null

13-10-2024T22:08:34 - [TEST_STEP][PASSED] - text1 = split("\n")[0].trim(): null

13-10-2024T22:08:34 - [TEST_STEP][PASSED] - Assert.assertEquals(text1, "Sử dụng chi hộ"): null

13-10-2024T22:08:34 - [TEST_STEP][PASSED] - approveButton = wait.until(ExpectedConditions.elementToBeClickable(By.xpath("//button[contains(text(),'VH DUYỆT GD RÚT LẦN 1')]"))): null

13-10-2024T22:08:34 - [TEST_STEP][PASSED] - js.executeScript("arguments[0].scrollIntoView(true);", approveButton): null

13-10-2024T22:08:34 - [TEST_STEP][PASSED] - approveButton.click(): null

13-10-2024T22:08:34 - [TEST_STEP][PASSED] - Thread.sleep(1000): null

13-10-2024T22:08:35 - [TEST_STEP][PASSED] - xpath(BtnOkXpath))).click(): null

13-10-2024T22:08:35 - [TEST_STEP][PASSED] - xpath(xpathBtnOk)).click(): null

13-10-2024T22:08:36 - [TEST_STEP][PASSED] - navigate().refresh(): null

13-10-2024T22:08:36 - [TEST_STEP][PASSED] - approveButton1 = wait.until(ExpectedConditions.elementToBeClickable(By.xpath("//button[contains(text(),'VH DUYỆT GD RÚT LẦN 2')]"))): null

13-10-2024T22:08:37 - [TEST_STEP][PASSED] - js.executeScript("arguments[0].scrollIntoView(true);", approveButton1): null

13-10-2024T22:08:37 - [TEST_STEP][PASSED] - approveButton1.click(): null

13-10-2024T22:08:37 - [TEST_STEP][PASSED] - Thread.sleep(1000): null

13-10-2024T22:08:38 - [TEST_STEP][PASSED] - xpath(BtnOkXpath)).click(): null

13-10-2024T22:08:39 - [TEST_STEP][PASSED] - xpath(xpathBtnOk)).click(): null

13-10-2024T22:08:40 - [TEST_STEP][PASSED] - navigate().refresh(): null

13-10-2024T22:08:40 - [TEST_STEP][PASSED] - approveButton2 = wait.until(ExpectedConditions.elementToBeClickable(By.xpath("//button[contains(text(),'KT DUYỆT GD RÚT LẦN 1')]"))): null

13-10-2024T22:08:41 - [TEST_STEP][PASSED] - js.executeScript("arguments[0].scrollIntoView(true);", approveButton2): null

13-10-2024T22:08:41 - [TEST_STEP][PASSED] - approveButton2.click(): null

13-10-2024T22:08:41 - [TEST_STEP][PASSED] - Thread.sleep(1000): null

13-10-2024T22:08:42 - [TEST_STEP][PASSED] - xpath(BtnOkXpath)).click(): null

13-10-2024T22:08:42 - [TEST_STEP][PASSED] - xpath(xpathBtnOk)).click(): null

13-10-2024T22:08:44 - [TEST_STEP][PASSED] - navigate().refresh(): null

13-10-2024T22:08:44 - [TEST_STEP][PASSED] - approveButton3 = wait.until(ExpectedConditions.elementToBeClickable(By.xpath("//button[contains(text(),'KT DUYỆT GD RÚT LẦN 2')]"))): null

13-10-2024T22:08:45 - [TEST_STEP][PASSED] - js.executeScript("arguments[0].scrollIntoView(true);", approveButton3): null

13-10-2024T22:08:45 - [TEST_STEP][PASSED] - approveButton3.click(): null

13-10-2024T22:08:45 - [TEST_STEP][PASSED] - Thread.sleep(1000): null

13-10-2024T22:08:46 - [TEST_STEP][PASSED] - xpath(BtnOkXpath)).click(): null

13-10-2024T22:08:46 - [TEST_STEP][PASSED] - xpath(xpathBtnOk)).click(): null

13-10-2024T22:08:47 - [TEST_STEP][PASSED] - callTestCase(findTestCase("Test Cases/Quản lý tài khoản merchant/Quản lý danh sách tài khoản/CustomeFuncRutTien"), [:], STOP_ON_FAILURE): Call Test Case 'Test Cases/Quản lý tài khoản merchant/Quản lý danh sách tài khoản/CustomeFuncRutTien' successfully

13-10-2024T22:08:47 - [TEST_CASE][PASSED] - Test Cases/Quản lý tài khoản merchant/Quản lý danh sách tài khoản/CustomeFuncRutTien: Test Cases/Quản lý tài khoản merchant/Quản lý danh sách tài khoản/CustomeFuncRutTien

13-10-2024T22:08:47 - [TEST_STEP][PASSED] - driver = getWebDriver(): null

13-10-2024T22:08:47 - [TEST_STEP][PASSED] - sleep(2000): null

13-10-2024T22:08:49 - [TEST_STEP][PASSED] - element1 = driver.findElement(By.xpath(xpathManagerMC)): null

13-10-2024T22:08:50 - [TEST_STEP][PASSED] - actions = new org.openqa.selenium.interactions.Actions(driver): null

13-10-2024T22:08:50 - [TEST_STEP][PASSED] - click().perform(): null

13-10-2024T22:08:50 - [TEST_STEP][PASSED] - wait = new org.openqa.selenium.support.ui.WebDriverWait(com.kms.katalon.core.webui.driver.DriverFactory.getWebDriver(), 15): null

13-10-2024T22:08:50 - [TEST_STEP][PASSED] - element2 = wait.until(ExpectedConditions.elementToBeClickable(By.xpath(xpathManagerListAccount))): null

13-10-2024T22:08:50 - [TEST_STEP][PASSED] - click().perform(): null

13-10-2024T22:08:50 - [MESSAGE][PASSED] - Call Test Case 'Test Cases/Quản lý tài khoản merchant/Quản lý danh sách tài khoản/CustomeFuncRutTien' successfully

13-10-2024T22:08:50 - [TEST_STEP][PASSED] - xpath("//span[contains(text(),'Tài khoản')]")).click(): null

13-10-2024T22:08:53 - [TEST_STEP][PASSED] - xpath("(//input[@type='text'])[2]")).sendKeys(username): null

13-10-2024T22:08:54 - [TEST_STEP][PASSED] - xpath(xpathOption)).click(): null

13-10-2024T22:08:54 - [TEST_STEP][PASSED] - xpath(xpathBtnSearch)).click(): null

13-10-2024T22:08:55 - [TEST_STEP][PASSED] - afterWithdraw = driver.findElement(By.xpath("//strong[contains(text(),'Thu hộ:')]")): null

13-10-2024T22:08:55 - [TEST_STEP][PASSED] - script1 = "return arguments[0].nextSibling.textContent;": null

13-10-2024T22:08:55 - [TEST_STEP][PASSED] - afterWithdraw1 = js.executeScript(script1, afterWithdraw): null

13-10-2024T22:08:55 - [TEST_STEP][PASSED] - numericString1 = afterWithdraw1.replaceAll("[^0-9]", ""): null

13-10-2024T22:08:55 - [TEST_STEP][PASSED] - thuHo1 = Integer.parseInt(numericString1): null

13-10-2024T22:08:55 - [TEST_STEP][PASSED] - amountTransaction1 = Integer.parseInt(amount): null

13-10-2024T22:08:55 - [TEST_STEP][PASSED] - if (thuHo1 == walletBalance - amountTransaction1): Test case đã pass với số tiền chưa được trừ khỏi tài khoản.

13-10-2024T22:08:55 - [TEST_STEP][PASSED] - println("Số tiền đã đúng "): null

13-10-2024T22:08:55 - [TEST_STEP][PASSED] - markPassed("Test case đã pass với số tiền chưa được trừ khỏi tài khoản."): Test case đã pass với số tiền chưa được trừ khỏi tài khoản.

13-10-2024T22:08:55 - [MESSAGE][PASSED] - Test case đã pass với số tiền chưa được trừ khỏi tài khoản.

13-10-2024T22:08:55 - [TEST_STEP][PASSED] - Start listener action : sampleAfterTestCase: null

13-10-2024T22:08:55 - [TEST_STEP][PASSED] - testCaseId = testCaseContext.getTestCaseId(): null

13-10-2024T22:08:55 - [TEST_STEP][PASSED] - if (testCaseId == "Test Cases/Quản lý tài khoản merchant/Quản lý dịch vụ merchant/TC_13_Kiểm tra chức năng xác nhận cấu hình thay đổi VA"): null]]></system-out>
         <system-err><![CDATA[]]></system-err>
      </testcase>
      <testcase name="Test Cases/Quản lý tài khoản merchant/Quản lý danh sách tài khoản/Rút tiền/TC_10_Kiểm tra khi rút tiền số tiền lớn hơn số tiền có thể rút do tạm giữ" time="45.092" classname="Test Cases/Quản lý tài khoản merchant/Quản lý danh sách tài khoản/Rút tiền/TC_10_Kiểm tra khi rút tiền số tiền lớn hơn số tiền có thể rút do tạm giữ" status="PASSED">
         <system-out><![CDATA[13-10-2024T22:08:55 - [TEST_CASE][PASSED] - Test Cases/Quản lý tài khoản merchant/Quản lý danh sách tài khoản/Rút tiền/TC_10_Kiểm tra khi rút tiền số tiền lớn hơn số tiền có thể rút do tạm giữ: Test Cases/Quản lý tài khoản merchant/Quản lý danh sách tài khoản/Rút tiền/TC_10_Kiểm tra khi rút tiền số tiền lớn hơn số tiền có thể rút do tạm giữ

13-10-2024T22:08:55 - [TEST_STEP][PASSED] - Start listener action : sampleBeforeTestCase: Navigate to 'https://stg-cms-console.9pay.mobi/login' successfully

13-10-2024T22:08:55 - [TEST_STEP][PASSED] - testCaseId = testCaseContext.getTestCaseId(): null

13-10-2024T22:08:55 - [TEST_STEP][PASSED] - url = <not implemented yet for class: org.codehaus.groovy.ast.expr.EmptyExpression>: null

13-10-2024T22:08:55 - [TEST_STEP][PASSED] - if (testCaseId == "Test Cases/Quản lý tài khoản merchant/Quản lý dịch vụ merchant/TC_14_Kiểm tra thay đổi sau khi cấu hình VA trên MCV"): null

13-10-2024T22:08:55 - [TEST_STEP][PASSED] - else: null

13-10-2024T22:08:55 - [TEST_STEP][PASSED] - url = "https://stg-cms-console.9pay.mobi/login": null

13-10-2024T22:08:55 - [TEST_STEP][PASSED] - openBrowser(""): Browser is opened with url: ''

13-10-2024T22:08:55 - [MESSAGE][WARNING] - A browser is already opened. Closing browser and opening a new one

13-10-2024T22:08:56 - [MESSAGE][INFO] - Starting 'Chrome' driver

13-10-2024T22:08:56 - [MESSAGE][INFO] - Action delay is set to 0 milliseconds

13-10-2024T22:08:56 - [MESSAGE][PASSED] - Browser is opened with url: ''

13-10-2024T22:08:56 - [TEST_STEP][PASSED] - maximizeWindow(): Current window maximized

13-10-2024T22:08:57 - [MESSAGE][PASSED] - Current window maximized

13-10-2024T22:08:57 - [TEST_STEP][PASSED] - navigateToUrl(url): Navigate to 'https://stg-cms-console.9pay.mobi/login' successfully

13-10-2024T22:09:00 - [MESSAGE][PASSED] - Navigate to 'https://stg-cms-console.9pay.mobi/login' successfully

13-10-2024T22:09:00 - [TEST_STEP][PASSED] - driver = getWebDriver(): null

13-10-2024T22:09:00 - [TEST_STEP][PASSED] - js = driver: null

13-10-2024T22:09:00 - [TEST_STEP][PASSED] - callTestCase(findTestCase("Test Cases/Login/LoginCommon"), [:], STOP_ON_FAILURE): Call Test Case 'Test Cases/Login/LoginCommon' successfully

13-10-2024T22:09:00 - [TEST_CASE][PASSED] - Test Cases/Login/LoginCommon: Test Cases/Login/LoginCommon

13-10-2024T22:09:00 - [TEST_STEP][PASSED] - driver = getWebDriver(): null

13-10-2024T22:09:00 - [TEST_STEP][PASSED] - sendKeys(findTestObject("Quản lý tài khoản merchant/Quản lý dịch vụ merchant/userNameTextbox"), userAccount): Keys 'dannt@9pay.vn' sent to object: 'Object Repository/Quản lý tài khoản merchant/Quản lý dịch vụ merchant/userNameTextbox'

13-10-2024T22:09:01 - [MESSAGE][PASSED] - Keys 'dannt@9pay.vn' sent to object: 'Object Repository/Quản lý tài khoản merchant/Quản lý dịch vụ merchant/userNameTextbox'

13-10-2024T22:09:01 - [TEST_STEP][PASSED] - sendKeys(findTestObject("Quản lý tài khoản merchant/Quản lý dịch vụ merchant/passwordTextbox"), password): Keys 'dannt@9pay.vn' sent to object: 'Object Repository/Quản lý tài khoản merchant/Quản lý dịch vụ merchant/passwordTextbox'

13-10-2024T22:09:01 - [MESSAGE][PASSED] - Keys 'dannt@9pay.vn' sent to object: 'Object Repository/Quản lý tài khoản merchant/Quản lý dịch vụ merchant/passwordTextbox'

13-10-2024T22:09:01 - [TEST_STEP][PASSED] - click(findTestObject("Quản lý tài khoản merchant/Quản lý dịch vụ merchant/loginButton")): Object: 'Object Repository/Quản lý tài khoản merchant/Quản lý dịch vụ merchant/loginButton' is clicked on

13-10-2024T22:09:01 - [MESSAGE][PASSED] - Object: 'Object Repository/Quản lý tài khoản merchant/Quản lý dịch vụ merchant/loginButton' is clicked on

13-10-2024T22:09:01 - [MESSAGE][PASSED] - Call Test Case 'Test Cases/Login/LoginCommon' successfully

13-10-2024T22:09:01 - [TEST_STEP][PASSED] - waitForElementVisible(findTestObject("Trang chủ/userName"), 30, STOP_ON_FAILURE): Object 'Object Repository/Trang chủ/userName' is visible

13-10-2024T22:09:13 - [MESSAGE][PASSED] - Object 'Object Repository/Trang chủ/userName' is visible

13-10-2024T22:09:13 - [TEST_STEP][PASSED] - click(findTestObject("Quản lý tài khoản merchant/menuManagerMerchantAccount")): Object: 'Object Repository/Quản lý tài khoản merchant/menuManagerMerchantAccount' is clicked on

13-10-2024T22:09:13 - [MESSAGE][PASSED] - Object: 'Object Repository/Quản lý tài khoản merchant/menuManagerMerchantAccount' is clicked on

13-10-2024T22:09:13 - [TEST_STEP][PASSED] - waitForElementVisible(findTestObject("Quản lý tài khoản merchant/Quản lý dịch vụ merchant/menuManagerMerchantService"), 10, STOP_ON_FAILURE): Object 'Object Repository/Quản lý tài khoản merchant/Quản lý dịch vụ merchant/menuManagerMerchantService' is visible

13-10-2024T22:09:13 - [MESSAGE][PASSED] - Object 'Object Repository/Quản lý tài khoản merchant/Quản lý dịch vụ merchant/menuManagerMerchantService' is visible

13-10-2024T22:09:13 - [TEST_STEP][PASSED] - wait = new org.openqa.selenium.support.ui.WebDriverWait(com.kms.katalon.core.webui.driver.DriverFactory.getWebDriver(), 30): null

13-10-2024T22:09:13 - [TEST_STEP][PASSED] - menuManagerUserAccount = wait.until(ExpectedConditions.elementToBeClickable(By.xpath(xpathManagerListAccount))): null

13-10-2024T22:09:13 - [TEST_STEP][PASSED] - menuManagerUserAccount.click(): null

13-10-2024T22:09:14 - [TEST_STEP][PASSED] - userCode = wait.until(ExpectedConditions.visibilityOfElementLocated(By.xpath(xpathUserCode))): null

13-10-2024T22:09:17 - [TEST_STEP][PASSED] - println(userCode.getText()): null

13-10-2024T22:09:17 - [TEST_STEP][PASSED] - accountBtn = wait.until(ExpectedConditions.elementToBeClickable(By.xpath(xpathBtnAccount))): null

13-10-2024T22:09:17 - [TEST_STEP][PASSED] - accountBtn.click(): null

13-10-2024T22:09:17 - [TEST_STEP][PASSED] - searchTextbox = wait.until(ExpectedConditions.elementToBeClickable(By.xpath(xpathSearchTextbox))): null

13-10-2024T22:09:17 - [TEST_STEP][PASSED] - searchTextbox.sendKeys(username): null

13-10-2024T22:09:18 - [TEST_STEP][PASSED] - xpath(xpathOption)).click(): null

13-10-2024T22:09:18 - [TEST_STEP][PASSED] - xpath(xpathBtnSearch)).click(): null

13-10-2024T22:09:18 - [TEST_STEP][PASSED] - currentUrl = driver.getCurrentUrl(): null

13-10-2024T22:09:18 - [TEST_STEP][PASSED] - xpath(xpathEditUser)).click(): null

13-10-2024T22:09:19 - [TEST_STEP][PASSED] - xpath(xpathTTHD)).click(): null

13-10-2024T22:09:26 - [TEST_STEP][PASSED] - xpath(xpathSoTienTamGiu)).sendKeys("2000000"): null

13-10-2024T22:09:26 - [TEST_STEP][PASSED] - xpath(xpathCapNhat)).click(): null

13-10-2024T22:09:26 - [TEST_STEP][PASSED] - xpath(xpathBtnOk)).click(): null

13-10-2024T22:09:27 - [TEST_STEP][PASSED] - driver.get(currentUrl): null

13-10-2024T22:09:27 - [TEST_STEP][PASSED] - lockBalance = wait.until(ExpectedConditions.visibilityOfElementLocated(By.xpath(xpathSoDuKhongRut))): null

13-10-2024T22:09:31 - [TEST_STEP][PASSED] - script = "return arguments[0].nextSibling.textContent;": null

13-10-2024T22:09:31 - [TEST_STEP][PASSED] - lockBalanceAf = js.executeScript(script, lockBalance): null

13-10-2024T22:09:31 - [TEST_STEP][PASSED] - result = replace("VNĐ", "").trim(): null

13-10-2024T22:09:31 - [TEST_STEP][PASSED] - lockBalanceAf1 = lockBalanceAf.replaceAll("[^0-9]", ""): null

13-10-2024T22:09:31 - [TEST_STEP][PASSED] - lockBalanceBf = Integer.parseInt(lockBalanceAf1): null

13-10-2024T22:09:31 - [TEST_STEP][PASSED] - out.println("So du khong duoc rut" + lockBalanceBf): null

13-10-2024T22:09:31 - [TEST_STEP][PASSED] - Assert.assertEquals(xpath(xpathAccountName)).getText(), username): null

13-10-2024T22:09:31 - [TEST_STEP][PASSED] - xpath(xpathBtnRutTien)).click(): null

13-10-2024T22:09:32 - [TEST_STEP][PASSED] - wait.until(ExpectedConditions.visibilityOfElementLocated(By.xpath(xpathUser))): null

13-10-2024T22:09:35 - [TEST_STEP][PASSED] - xpath(xpathViRut)).click(): null

13-10-2024T22:09:36 - [TEST_STEP][PASSED] - xpath(xpathOptionThuho)).click(): null

13-10-2024T22:09:36 - [TEST_STEP][PASSED] - xpath(xpathDay)).click(): null

13-10-2024T22:09:36 - [TEST_STEP][PASSED] - xpath(xpathToday)).click(): null

13-10-2024T22:09:37 - [TEST_STEP][PASSED] - xpath(xpathDayClicked)).click(): null

13-10-2024T22:09:37 - [TEST_STEP][PASSED] - try: null

13-10-2024T22:09:37 - [TEST_STEP][PASSED] - popupDS = wait.until(ExpectedConditions.visibilityOfElementLocated(By.xpath("//p[contains(text(),'Đã tồn tại kỳ đối soát trước đó, Bạn có chắc chắn ')]"))): null

13-10-2024T22:09:38 - [TEST_STEP][PASSED] - Assert.assertEquals(popupDS.getText(), "Đã tồn tại kỳ đối soát trước đó, Bạn có chắc chắn muốn tiếp tục thực hiện giao dịch?"): null

13-10-2024T22:09:38 - [TEST_STEP][PASSED] - xpath(BtnOkXpath)).click(): null

13-10-2024T22:09:38 - [TEST_STEP][PASSED] - overbalance = driver.findElement(By.xpath("//label[contains(text(),'Số dư Ví')]/following::input[1]")): null

13-10-2024T22:09:39 - [TEST_STEP][PASSED] - inputValue = overbalance.getAttribute("value"): null

13-10-2024T22:09:39 - [TEST_STEP][PASSED] - numericString = inputValue.replaceAll("[^0-9]", ""): null

13-10-2024T22:09:39 - [TEST_STEP][PASSED] - walletBalance = Integer.parseInt(numericString): null

13-10-2024T22:09:39 - [TEST_STEP][PASSED] - availbeBalance = driver.findElement(By.xpath("//label[contains(text(),'Số tiền GD')]/following::input[1]")): null

13-10-2024T22:09:39 - [TEST_STEP][PASSED] - outputValue = availbeBalance.getAttribute("value"): null

13-10-2024T22:09:39 - [TEST_STEP][PASSED] - outputValueClear = outputValue.replaceAll("[^0-9]", ""): null

13-10-2024T22:09:39 - [TEST_STEP][PASSED] - availbeBalanceInt = Integer.parseInt(outputValueClear): null

13-10-2024T22:09:39 - [TEST_STEP][PASSED] - xpath(xpathFieldAmount)).sendKeys(amountInvalid): null

13-10-2024T22:09:39 - [TEST_STEP][PASSED] - xpath("//label[contains(text(),'Chấp nhận cho rút số tiền tạm giữ')]")).click(): null

13-10-2024T22:09:39 - [TEST_STEP][PASSED] - xpath(xpathConfirm)).click(): null

13-10-2024T22:09:40 - [TEST_STEP][PASSED] - test1 = walletBalance - availbeBalanceInt: null

13-10-2024T22:09:40 - [TEST_STEP][PASSED] - formatter = new java.text.DecimalFormat(#,###): null

13-10-2024T22:09:40 - [TEST_STEP][PASSED] - formattedResult = formatter.format(test1): null

13-10-2024T22:09:40 - [TEST_STEP][PASSED] - out.println("So tien rut khong the hon" + formattedResult): null

13-10-2024T22:09:40 - [TEST_STEP][PASSED] - xpathErrorGreatThanAvailbleBalance = "//p[contains(text(),'Số tiền rút không được lớn hơn " + formattedResult + "VNĐ')]": null

13-10-2024T22:09:40 - [TEST_STEP][PASSED] - Assert.assertEquals(xpath(xpathErrorGreatThanAvailbleBalance)).getText(), "Số tiền rút không được lớn hơn " + formattedResult + "VNĐ"): null

13-10-2024T22:09:40 - [TEST_STEP][PASSED] - Start listener action : sampleAfterTestCase: null

13-10-2024T22:09:40 - [TEST_STEP][PASSED] - testCaseId = testCaseContext.getTestCaseId(): null

13-10-2024T22:09:40 - [TEST_STEP][PASSED] - if (testCaseId == "Test Cases/Quản lý tài khoản merchant/Quản lý dịch vụ merchant/TC_13_Kiểm tra chức năng xác nhận cấu hình thay đổi VA"): null]]></system-out>
         <system-err><![CDATA[]]></system-err>
      </testcase>
      <testcase name="Test Cases/Quản lý tài khoản merchant/Quản lý danh sách tài khoản/Rút tiền/TC_11_Kiểm tra khi rút tiền số tiền bé hơn số tiền có thể rút do tạm giữ" time="54.446" classname="Test Cases/Quản lý tài khoản merchant/Quản lý danh sách tài khoản/Rút tiền/TC_11_Kiểm tra khi rút tiền số tiền bé hơn số tiền có thể rút do tạm giữ" status="ERROR">
         <error type="ERROR" message="Test Cases/Quản lý tài khoản merchant/Quản lý danh sách tài khoản/Rút tiền/TC_11_Kiểm tra khi rút tiền số tiền bé hơn số tiền có thể rút do tạm giữ FAILED.&#xa;Reason:&#xa;com.kms.katalon.core.exception.StepErrorException: Call Test Case 'Test Cases/Quản lý tài khoản merchant/Quản lý danh sách tài khoản/CustomFunctions' failed because of error(s)&#xa;	at com.kms.katalon.core.keyword.builtin.CallTestCaseKeyword$_callTestCase_closure1.doCall(CallTestCaseKeyword.groovy:66)&#xa;	at com.kms.katalon.core.keyword.builtin.CallTestCaseKeyword$_callTestCase_closure1.call(CallTestCaseKeyword.groovy)&#xa;	at com.kms.katalon.core.keyword.internal.KeywordMain.runKeyword(KeywordMain.groovy:75)&#xa;	at com.kms.katalon.core.keyword.builtin.CallTestCaseKeyword.callTestCase(CallTestCaseKeyword.groovy:81)&#xa;	at com.kms.katalon.core.keyword.builtin.CallTestCaseKeyword.execute(CallTestCaseKeyword.groovy:44)&#xa;	at com.kms.katalon.core.keyword.internal.KeywordExecutor.executeKeywordForPlatform(KeywordExecutor.groovy:74)&#xa;	at com.kms.katalon.core.keyword.BuiltinKeywords.callTestCase(BuiltinKeywords.groovy:310)&#xa;	at java.base/jdk.internal.reflect.NativeMethodAccessorImpl.invoke0(Native Method)&#xa;	at java.base/jdk.internal.reflect.NativeMethodAccessorImpl.invoke(NativeMethodAccessorImpl.java:77)&#xa;	at java.base/jdk.internal.reflect.DelegatingMethodAccessorImpl.invoke(DelegatingMethodAccessorImpl.java:43)&#xa;	at TC_11_Kiểm tra khi rút tiền số tiền bé hơn số tiền có thể rút do tạm giữ.run(TC_11_Kiểm tra khi rút tiền số tiền bé hơn số tiền có thể rút do tạm giữ:103)&#xa;	at com.kms.katalon.core.main.ScriptEngine.run(ScriptEngine.java:194)&#xa;	at com.kms.katalon.core.main.ScriptEngine.runScriptAsRawText(ScriptEngine.java:119)&#xa;	at com.kms.katalon.core.main.TestCaseExecutor.runScript(TestCaseExecutor.java:448)&#xa;	at com.kms.katalon.core.main.TestCaseExecutor.doExecute(TestCaseExecutor.java:439)&#xa;	at com.kms.katalon.core.main.TestCaseExecutor.processExecutionPhase(TestCaseExecutor.java:418)&#xa;	at com.kms.katalon.core.main.TestCaseExecutor.accessMainPhase(TestCaseExecutor.java:410)&#xa;	at com.kms.katalon.core.main.TestCaseExecutor.execute(TestCaseExecutor.java:285)&#xa;	at com.kms.katalon.core.common.CommonExecutor.accessTestCaseMainPhase(CommonExecutor.java:65)&#xa;	at com.kms.katalon.core.main.TestSuiteExecutor.accessTestSuiteMainPhase(TestSuiteExecutor.java:150)&#xa;	at com.kms.katalon.core.main.TestSuiteExecutor.execute(TestSuiteExecutor.java:106)&#xa;	at com.kms.katalon.core.main.TestCaseMain.startTestSuite(TestCaseMain.java:180)&#xa;	at TempTestSuite1728831751004.run(TempTestSuite1728831751004.groovy:35)&#xa;	at java.base/jdk.internal.reflect.NativeMethodAccessorImpl.invoke0(Native Method)&#xa;	at java.base/jdk.internal.reflect.NativeMethodAccessorImpl.invoke(NativeMethodAccessorImpl.java:77)&#xa;	at java.base/jdk.internal.reflect.DelegatingMethodAccessorImpl.invoke(DelegatingMethodAccessorImpl.java:43)&#xa;Caused by: java.lang.IllegalArgumentException: Cannot find elements when the XPath is null.&#xa;	at org.openqa.selenium.By$ByXPath.&lt;init>(By.java:339)&#xa;	at org.openqa.selenium.By.xpath(By.java:92)&#xa;	at CustomFunctions.run(CustomFunctions:18)&#xa;	at com.kms.katalon.core.main.ScriptEngine.run(ScriptEngine.java:194)&#xa;	at com.kms.katalon.core.main.ScriptEngine.runScriptAsRawText(ScriptEngine.java:119)&#xa;	at com.kms.katalon.core.main.TestCaseExecutor.runScript(TestCaseExecutor.java:448)&#xa;	at com.kms.katalon.core.main.TestCaseExecutor.doExecute(TestCaseExecutor.java:439)&#xa;	at com.kms.katalon.core.main.TestCaseExecutor.processExecutionPhase(TestCaseExecutor.java:418)&#xa;	at com.kms.katalon.core.main.TestCaseExecutor.accessMainPhase(TestCaseExecutor.java:410)&#xa;	at com.kms.katalon.core.main.TestCaseExecutor.execute(TestCaseExecutor.java:285)&#xa;	at com.kms.katalon.core.main.TestCaseMain.runTestCase(TestCaseMain.java:137)&#xa;	at com.kms.katalon.core.keyword.builtin.CallTestCaseKeyword$_callTestCase_closure1.doCall(CallTestCaseKeyword.groovy:59)&#xa;	... 25 more&#xa;"/>
         <system-out><![CDATA[13-10-2024T22:09:40 - [TEST_CASE][ERROR] - Test Cases/Quản lý tài khoản merchant/Quản lý danh sách tài khoản/Rút tiền/TC_11_Kiểm tra khi rút tiền số tiền bé hơn số tiền có thể rút do tạm giữ: Test Cases/Quản lý tài khoản merchant/Quản lý danh sách tài khoản/Rút tiền/TC_11_Kiểm tra khi rút tiền số tiền bé hơn số tiền có thể rút do tạm giữ FAILED.
Reason:
com.kms.katalon.core.exception.StepErrorException: Call Test Case 'Test Cases/Quản lý tài khoản merchant/Quản lý danh sách tài khoản/CustomFunctions' failed because of error(s)
	at com.kms.katalon.core.keyword.builtin.CallTestCaseKeyword$_callTestCase_closure1.doCall(CallTestCaseKeyword.groovy:66)
	at com.kms.katalon.core.keyword.builtin.CallTestCaseKeyword$_callTestCase_closure1.call(CallTestCaseKeyword.groovy)
	at com.kms.katalon.core.keyword.internal.KeywordMain.runKeyword(KeywordMain.groovy:75)
	at com.kms.katalon.core.keyword.builtin.CallTestCaseKeyword.callTestCase(CallTestCaseKeyword.groovy:81)
	at com.kms.katalon.core.keyword.builtin.CallTestCaseKeyword.execute(CallTestCaseKeyword.groovy:44)
	at com.kms.katalon.core.keyword.internal.KeywordExecutor.executeKeywordForPlatform(KeywordExecutor.groovy:74)
	at com.kms.katalon.core.keyword.BuiltinKeywords.callTestCase(BuiltinKeywords.groovy:310)
	at java.base/jdk.internal.reflect.NativeMethodAccessorImpl.invoke0(Native Method)
	at java.base/jdk.internal.reflect.NativeMethodAccessorImpl.invoke(NativeMethodAccessorImpl.java:77)
	at java.base/jdk.internal.reflect.DelegatingMethodAccessorImpl.invoke(DelegatingMethodAccessorImpl.java:43)
	at TC_11_Kiểm tra khi rút tiền số tiền bé hơn số tiền có thể rút do tạm giữ.run(TC_11_Kiểm tra khi rút tiền số tiền bé hơn số tiền có thể rút do tạm giữ:103)
	at com.kms.katalon.core.main.ScriptEngine.run(ScriptEngine.java:194)
	at com.kms.katalon.core.main.ScriptEngine.runScriptAsRawText(ScriptEngine.java:119)
	at com.kms.katalon.core.main.TestCaseExecutor.runScript(TestCaseExecutor.java:448)
	at com.kms.katalon.core.main.TestCaseExecutor.doExecute(TestCaseExecutor.java:439)
	at com.kms.katalon.core.main.TestCaseExecutor.processExecutionPhase(TestCaseExecutor.java:418)
	at com.kms.katalon.core.main.TestCaseExecutor.accessMainPhase(TestCaseExecutor.java:410)
	at com.kms.katalon.core.main.TestCaseExecutor.execute(TestCaseExecutor.java:285)
	at com.kms.katalon.core.common.CommonExecutor.accessTestCaseMainPhase(CommonExecutor.java:65)
	at com.kms.katalon.core.main.TestSuiteExecutor.accessTestSuiteMainPhase(TestSuiteExecutor.java:150)
	at com.kms.katalon.core.main.TestSuiteExecutor.execute(TestSuiteExecutor.java:106)
	at com.kms.katalon.core.main.TestCaseMain.startTestSuite(TestCaseMain.java:180)
	at TempTestSuite1728831751004.run(TempTestSuite1728831751004.groovy:35)
	at java.base/jdk.internal.reflect.NativeMethodAccessorImpl.invoke0(Native Method)
	at java.base/jdk.internal.reflect.NativeMethodAccessorImpl.invoke(NativeMethodAccessorImpl.java:77)
	at java.base/jdk.internal.reflect.DelegatingMethodAccessorImpl.invoke(DelegatingMethodAccessorImpl.java:43)
Caused by: java.lang.IllegalArgumentException: Cannot find elements when the XPath is null.
	at org.openqa.selenium.By$ByXPath.<init>(By.java:339)
	at org.openqa.selenium.By.xpath(By.java:92)
	at CustomFunctions.run(CustomFunctions:18)
	at com.kms.katalon.core.main.ScriptEngine.run(ScriptEngine.java:194)
	at com.kms.katalon.core.main.ScriptEngine.runScriptAsRawText(ScriptEngine.java:119)
	at com.kms.katalon.core.main.TestCaseExecutor.runScript(TestCaseExecutor.java:448)
	at com.kms.katalon.core.main.TestCaseExecutor.doExecute(TestCaseExecutor.java:439)
	at com.kms.katalon.core.main.TestCaseExecutor.processExecutionPhase(TestCaseExecutor.java:418)
	at com.kms.katalon.core.main.TestCaseExecutor.accessMainPhase(TestCaseExecutor.java:410)
	at com.kms.katalon.core.main.TestCaseExecutor.execute(TestCaseExecutor.java:285)
	at com.kms.katalon.core.main.TestCaseMain.runTestCase(TestCaseMain.java:137)
	at com.kms.katalon.core.keyword.builtin.CallTestCaseKeyword$_callTestCase_closure1.doCall(CallTestCaseKeyword.groovy:59)
	... 25 more


13-10-2024T22:09:40 - [TEST_STEP][PASSED] - Start listener action : sampleBeforeTestCase: Navigate to 'https://stg-cms-console.9pay.mobi/login' successfully

13-10-2024T22:09:40 - [TEST_STEP][PASSED] - testCaseId = testCaseContext.getTestCaseId(): null

13-10-2024T22:09:40 - [TEST_STEP][PASSED] - url = <not implemented yet for class: org.codehaus.groovy.ast.expr.EmptyExpression>: null

13-10-2024T22:09:40 - [TEST_STEP][PASSED] - if (testCaseId == "Test Cases/Quản lý tài khoản merchant/Quản lý dịch vụ merchant/TC_14_Kiểm tra thay đổi sau khi cấu hình VA trên MCV"): null

13-10-2024T22:09:40 - [TEST_STEP][PASSED] - else: null

13-10-2024T22:09:40 - [TEST_STEP][PASSED] - url = "https://stg-cms-console.9pay.mobi/login": null

13-10-2024T22:09:40 - [TEST_STEP][PASSED] - openBrowser(""): Browser is opened with url: ''

13-10-2024T22:09:40 - [MESSAGE][WARNING] - A browser is already opened. Closing browser and opening a new one

13-10-2024T22:09:41 - [MESSAGE][INFO] - Starting 'Chrome' driver

13-10-2024T22:09:41 - [MESSAGE][INFO] - Action delay is set to 0 milliseconds

13-10-2024T22:09:41 - [MESSAGE][PASSED] - Browser is opened with url: ''

13-10-2024T22:09:41 - [TEST_STEP][PASSED] - maximizeWindow(): Current window maximized

13-10-2024T22:09:42 - [MESSAGE][PASSED] - Current window maximized

13-10-2024T22:09:42 - [TEST_STEP][PASSED] - navigateToUrl(url): Navigate to 'https://stg-cms-console.9pay.mobi/login' successfully

13-10-2024T22:09:45 - [MESSAGE][PASSED] - Navigate to 'https://stg-cms-console.9pay.mobi/login' successfully

13-10-2024T22:09:46 - [TEST_STEP][PASSED] - driver = getWebDriver(): null

13-10-2024T22:09:46 - [TEST_STEP][PASSED] - js = driver: null

13-10-2024T22:09:46 - [TEST_STEP][PASSED] - callTestCase(findTestCase("Test Cases/Login/LoginCommon"), [:], STOP_ON_FAILURE): Call Test Case 'Test Cases/Login/LoginCommon' successfully

13-10-2024T22:09:46 - [TEST_CASE][PASSED] - Test Cases/Login/LoginCommon: Test Cases/Login/LoginCommon

13-10-2024T22:09:46 - [TEST_STEP][PASSED] - driver = getWebDriver(): null

13-10-2024T22:09:46 - [TEST_STEP][PASSED] - sendKeys(findTestObject("Quản lý tài khoản merchant/Quản lý dịch vụ merchant/userNameTextbox"), userAccount): Keys 'dannt@9pay.vn' sent to object: 'Object Repository/Quản lý tài khoản merchant/Quản lý dịch vụ merchant/userNameTextbox'

13-10-2024T22:09:46 - [MESSAGE][PASSED] - Keys 'dannt@9pay.vn' sent to object: 'Object Repository/Quản lý tài khoản merchant/Quản lý dịch vụ merchant/userNameTextbox'

13-10-2024T22:09:46 - [TEST_STEP][PASSED] - sendKeys(findTestObject("Quản lý tài khoản merchant/Quản lý dịch vụ merchant/passwordTextbox"), password): Keys 'dannt@9pay.vn' sent to object: 'Object Repository/Quản lý tài khoản merchant/Quản lý dịch vụ merchant/passwordTextbox'

13-10-2024T22:09:46 - [MESSAGE][PASSED] - Keys 'dannt@9pay.vn' sent to object: 'Object Repository/Quản lý tài khoản merchant/Quản lý dịch vụ merchant/passwordTextbox'

13-10-2024T22:09:46 - [TEST_STEP][PASSED] - click(findTestObject("Quản lý tài khoản merchant/Quản lý dịch vụ merchant/loginButton")): Object: 'Object Repository/Quản lý tài khoản merchant/Quản lý dịch vụ merchant/loginButton' is clicked on

13-10-2024T22:09:47 - [MESSAGE][PASSED] - Object: 'Object Repository/Quản lý tài khoản merchant/Quản lý dịch vụ merchant/loginButton' is clicked on

13-10-2024T22:09:47 - [MESSAGE][PASSED] - Call Test Case 'Test Cases/Login/LoginCommon' successfully

13-10-2024T22:09:47 - [TEST_STEP][PASSED] - waitForElementVisible(findTestObject("Trang chủ/userName"), waitSecond, STOP_ON_FAILURE): Object 'Object Repository/Trang chủ/userName' is visible

13-10-2024T22:09:50 - [MESSAGE][PASSED] - Object 'Object Repository/Trang chủ/userName' is visible

13-10-2024T22:09:50 - [TEST_STEP][PASSED] - click(findTestObject("Quản lý tài khoản merchant/menuManagerMerchantAccount")): Object: 'Object Repository/Quản lý tài khoản merchant/menuManagerMerchantAccount' is clicked on

13-10-2024T22:09:51 - [MESSAGE][PASSED] - Object: 'Object Repository/Quản lý tài khoản merchant/menuManagerMerchantAccount' is clicked on

13-10-2024T22:09:51 - [TEST_STEP][PASSED] - waitForElementVisible(findTestObject("Quản lý tài khoản merchant/Quản lý dịch vụ merchant/menuManagerMerchantService"), 10, STOP_ON_FAILURE): Object 'Object Repository/Quản lý tài khoản merchant/Quản lý dịch vụ merchant/menuManagerMerchantService' is visible

13-10-2024T22:09:51 - [MESSAGE][PASSED] - Object 'Object Repository/Quản lý tài khoản merchant/Quản lý dịch vụ merchant/menuManagerMerchantService' is visible

13-10-2024T22:09:51 - [TEST_STEP][PASSED] - wait = new org.openqa.selenium.support.ui.WebDriverWait(com.kms.katalon.core.webui.driver.DriverFactory.getWebDriver(), internal.GlobalVariable.waitSecond): null

13-10-2024T22:09:51 - [TEST_STEP][PASSED] - menuManagerUserAccount = wait.until(ExpectedConditions.elementToBeClickable(By.xpath(xpathManagerListAccount))): null

13-10-2024T22:09:51 - [TEST_STEP][PASSED] - menuManagerUserAccount.click(): null

13-10-2024T22:09:51 - [TEST_STEP][PASSED] - userCode = wait.until(ExpectedConditions.visibilityOfElementLocated(By.xpath(xpathUserCode))): null

13-10-2024T22:10:00 - [TEST_STEP][PASSED] - println(userCode.getText()): null

13-10-2024T22:10:00 - [TEST_STEP][PASSED] - accountBtn = wait.until(ExpectedConditions.elementToBeClickable(By.xpath(xpathBtnAccount))): null

13-10-2024T22:10:00 - [TEST_STEP][PASSED] - accountBtn.click(): null

13-10-2024T22:10:00 - [TEST_STEP][PASSED] - searchTextbox = wait.until(ExpectedConditions.elementToBeClickable(By.xpath(xpathSearchTextbox))): null

13-10-2024T22:10:00 - [TEST_STEP][PASSED] - searchTextbox.sendKeys(username): null

13-10-2024T22:10:01 - [TEST_STEP][PASSED] - xpath(xpathOption)).click(): null

13-10-2024T22:10:01 - [TEST_STEP][PASSED] - xpath(xpathBtnSearch)).click(): null

13-10-2024T22:10:01 - [TEST_STEP][PASSED] - lockBalance = driver.findElement(By.xpath("//strong[contains(text(),'Số dư không được rút:')]")): null

13-10-2024T22:10:04 - [TEST_STEP][PASSED] - script = "return arguments[0].nextSibling.textContent;": null

13-10-2024T22:10:04 - [TEST_STEP][PASSED] - lockBalanceAf = js.executeScript(script, lockBalance): null

13-10-2024T22:10:04 - [TEST_STEP][PASSED] - result = replace("VNĐ", "").trim(): null

13-10-2024T22:10:04 - [TEST_STEP][PASSED] - lockBalanceAf1 = lockBalanceAf.replaceAll("[^0-9]", ""): null

13-10-2024T22:10:04 - [TEST_STEP][PASSED] - lockBalanceBf = Integer.parseInt(lockBalanceAf1): null

13-10-2024T22:10:04 - [TEST_STEP][PASSED] - out.println("Thu ho " + lockBalanceBf): null

13-10-2024T22:10:04 - [TEST_STEP][PASSED] - Assert.assertEquals(xpath(xpathAccountName)).getText(), username): null

13-10-2024T22:10:04 - [TEST_STEP][PASSED] - xpath(xpathBtnRutTien)).click(): null

13-10-2024T22:10:05 - [TEST_STEP][PASSED] - wait.until(ExpectedConditions.visibilityOfElementLocated(By.xpath(xpathUser))): null

13-10-2024T22:10:15 - [TEST_STEP][PASSED] - xpath(xpathViRut)).click(): null

13-10-2024T22:10:16 - [TEST_STEP][PASSED] - xpath(xpathOptionThuho)).click(): null

13-10-2024T22:10:16 - [TEST_STEP][PASSED] - xpath(xpathDay)).click(): null

13-10-2024T22:10:16 - [TEST_STEP][PASSED] - xpath(xpathToday)).click(): null

13-10-2024T22:10:17 - [TEST_STEP][PASSED] - xpath(xpathDayClicked)).click(): null

13-10-2024T22:10:17 - [TEST_STEP][PASSED] - xpath(BtnOkXpath))).click(): null

13-10-2024T22:10:18 - [TEST_STEP][PASSED] - overbalance = driver.findElement(By.xpath(xpathLabelAvailbeWallet)): null

13-10-2024T22:10:19 - [TEST_STEP][PASSED] - inputValue = overbalance.getAttribute("value"): null

13-10-2024T22:10:19 - [TEST_STEP][PASSED] - numericString = inputValue.replaceAll("[^0-9]", ""): null

13-10-2024T22:10:19 - [TEST_STEP][PASSED] - walletBalance = Integer.parseInt(numericString): null

13-10-2024T22:10:19 - [TEST_STEP][PASSED] - availbeBalance = driver.findElement(By.xpath("//label[contains(text(),'Số dư khả dụng')]/following::input[1]")): null

13-10-2024T22:10:19 - [TEST_STEP][PASSED] - outputValue = availbeBalance.getAttribute("value"): null

13-10-2024T22:10:19 - [TEST_STEP][PASSED] - outputValueClear = outputValue.replaceAll("[^0-9]", ""): null

13-10-2024T22:10:19 - [TEST_STEP][PASSED] - availbeBalanceInt = Integer.parseInt(outputValueClear): null

13-10-2024T22:10:19 - [TEST_STEP][PASSED] - xpath(xpathFieldAmount)).sendKeys(amountValid): null

13-10-2024T22:10:19 - [TEST_STEP][PASSED] - xpath(xpathConfirm)).click(): null

13-10-2024T22:10:19 - [TEST_STEP][PASSED] - approveButton = wait.until(ExpectedConditions.elementToBeClickable(By.xpath(xpathAcceptFirst))): null

13-10-2024T22:10:21 - [TEST_STEP][PASSED] - js.executeScript("arguments[0].scrollIntoView(true);", approveButton): null

13-10-2024T22:10:21 - [TEST_STEP][PASSED] - approveButton.click(): null

13-10-2024T22:10:21 - [TEST_STEP][PASSED] - Thread.sleep(1000): null

13-10-2024T22:10:22 - [TEST_STEP][PASSED] - xpath(BtnOkXpath))).click(): null

13-10-2024T22:10:22 - [TEST_STEP][PASSED] - xpath(xpathBtnOk)).click(): null

13-10-2024T22:10:23 - [TEST_STEP][PASSED] - navigate().refresh(): null

13-10-2024T22:10:23 - [TEST_STEP][PASSED] - approveButton1 = wait.until(ExpectedConditions.elementToBeClickable(By.xpath(xpathAcceptSecond))): null

13-10-2024T22:10:24 - [TEST_STEP][PASSED] - js.executeScript("arguments[0].scrollIntoView(true);", approveButton1): null

13-10-2024T22:10:24 - [TEST_STEP][PASSED] - approveButton1.click(): null

13-10-2024T22:10:24 - [TEST_STEP][PASSED] - Thread.sleep(1000): null

13-10-2024T22:10:25 - [TEST_STEP][PASSED] - xpath(BtnOkXpath)).click(): null

13-10-2024T22:10:25 - [TEST_STEP][PASSED] - xpath(xpathBtnOk)).click(): null

13-10-2024T22:10:26 - [TEST_STEP][PASSED] - navigate().refresh(): null

13-10-2024T22:10:26 - [TEST_STEP][PASSED] - approveButton2 = wait.until(ExpectedConditions.elementToBeClickable(By.xpath(xpathAcceptThird))): null

13-10-2024T22:10:27 - [TEST_STEP][PASSED] - js.executeScript("arguments[0].scrollIntoView(true);", approveButton2): null

13-10-2024T22:10:27 - [TEST_STEP][PASSED] - approveButton2.click(): null

13-10-2024T22:10:27 - [TEST_STEP][PASSED] - Thread.sleep(1000): null

13-10-2024T22:10:28 - [TEST_STEP][PASSED] - xpath(BtnOkXpath)).click(): null

13-10-2024T22:10:29 - [TEST_STEP][PASSED] - xpath(xpathBtnOk)).click(): null

13-10-2024T22:10:29 - [TEST_STEP][PASSED] - navigate().refresh(): null

13-10-2024T22:10:29 - [TEST_STEP][PASSED] - approveButton3 = wait.until(ExpectedConditions.elementToBeClickable(By.xpath(xpathAcceptFinally))): null

13-10-2024T22:10:30 - [TEST_STEP][PASSED] - js.executeScript("arguments[0].scrollIntoView(true);", approveButton3): null

13-10-2024T22:10:30 - [TEST_STEP][PASSED] - approveButton3.click(): null

13-10-2024T22:10:30 - [TEST_STEP][PASSED] - Thread.sleep(1000): null

13-10-2024T22:10:31 - [TEST_STEP][PASSED] - xpath(BtnOkXpath)).click(): null

13-10-2024T22:10:32 - [TEST_STEP][PASSED] - xpath(xpathBtnOk)).click(): null

13-10-2024T22:10:32 - [TEST_STEP][ERROR] - callTestCase(findTestCase("Test Cases/Quản lý tài khoản merchant/Quản lý danh sách tài khoản/CustomFunctions"), [:], STOP_ON_FAILURE): Test Cases/Quản lý tài khoản merchant/Quản lý danh sách tài khoản/Rút tiền/TC_11_Kiểm tra khi rút tiền số tiền bé hơn số tiền có thể rút do tạm giữ FAILED.
Reason:
com.kms.katalon.core.exception.StepErrorException: Call Test Case 'Test Cases/Quản lý tài khoản merchant/Quản lý danh sách tài khoản/CustomFunctions' failed because of error(s)
	at com.kms.katalon.core.keyword.builtin.CallTestCaseKeyword$_callTestCase_closure1.doCall(CallTestCaseKeyword.groovy:66)
	at com.kms.katalon.core.keyword.builtin.CallTestCaseKeyword$_callTestCase_closure1.call(CallTestCaseKeyword.groovy)
	at com.kms.katalon.core.keyword.internal.KeywordMain.runKeyword(KeywordMain.groovy:75)
	at com.kms.katalon.core.keyword.builtin.CallTestCaseKeyword.callTestCase(CallTestCaseKeyword.groovy:81)
	at com.kms.katalon.core.keyword.builtin.CallTestCaseKeyword.execute(CallTestCaseKeyword.groovy:44)
	at com.kms.katalon.core.keyword.internal.KeywordExecutor.executeKeywordForPlatform(KeywordExecutor.groovy:74)
	at com.kms.katalon.core.keyword.BuiltinKeywords.callTestCase(BuiltinKeywords.groovy:310)
	at java.base/jdk.internal.reflect.NativeMethodAccessorImpl.invoke0(Native Method)
	at java.base/jdk.internal.reflect.NativeMethodAccessorImpl.invoke(NativeMethodAccessorImpl.java:77)
	at java.base/jdk.internal.reflect.DelegatingMethodAccessorImpl.invoke(DelegatingMethodAccessorImpl.java:43)
	at TC_11_Kiểm tra khi rút tiền số tiền bé hơn số tiền có thể rút do tạm giữ.run(TC_11_Kiểm tra khi rút tiền số tiền bé hơn số tiền có thể rút do tạm giữ:103)
	at com.kms.katalon.core.main.ScriptEngine.run(ScriptEngine.java:194)
	at com.kms.katalon.core.main.ScriptEngine.runScriptAsRawText(ScriptEngine.java:119)
	at com.kms.katalon.core.main.TestCaseExecutor.runScript(TestCaseExecutor.java:448)
	at com.kms.katalon.core.main.TestCaseExecutor.doExecute(TestCaseExecutor.java:439)
	at com.kms.katalon.core.main.TestCaseExecutor.processExecutionPhase(TestCaseExecutor.java:418)
	at com.kms.katalon.core.main.TestCaseExecutor.accessMainPhase(TestCaseExecutor.java:410)
	at com.kms.katalon.core.main.TestCaseExecutor.execute(TestCaseExecutor.java:285)
	at com.kms.katalon.core.common.CommonExecutor.accessTestCaseMainPhase(CommonExecutor.java:65)
	at com.kms.katalon.core.main.TestSuiteExecutor.accessTestSuiteMainPhase(TestSuiteExecutor.java:150)
	at com.kms.katalon.core.main.TestSuiteExecutor.execute(TestSuiteExecutor.java:106)
	at com.kms.katalon.core.main.TestCaseMain.startTestSuite(TestCaseMain.java:180)
	at TempTestSuite1728831751004.run(TempTestSuite1728831751004.groovy:35)
	at java.base/jdk.internal.reflect.NativeMethodAccessorImpl.invoke0(Native Method)
	at java.base/jdk.internal.reflect.NativeMethodAccessorImpl.invoke(NativeMethodAccessorImpl.java:77)
	at java.base/jdk.internal.reflect.DelegatingMethodAccessorImpl.invoke(DelegatingMethodAccessorImpl.java:43)
Caused by: java.lang.IllegalArgumentException: Cannot find elements when the XPath is null.
	at org.openqa.selenium.By$ByXPath.<init>(By.java:339)
	at org.openqa.selenium.By.xpath(By.java:92)
	at CustomFunctions.run(CustomFunctions:18)
	at com.kms.katalon.core.main.ScriptEngine.run(ScriptEngine.java:194)
	at com.kms.katalon.core.main.ScriptEngine.runScriptAsRawText(ScriptEngine.java:119)
	at com.kms.katalon.core.main.TestCaseExecutor.runScript(TestCaseExecutor.java:448)
	at com.kms.katalon.core.main.TestCaseExecutor.doExecute(TestCaseExecutor.java:439)
	at com.kms.katalon.core.main.TestCaseExecutor.processExecutionPhase(TestCaseExecutor.java:418)
	at com.kms.katalon.core.main.TestCaseExecutor.accessMainPhase(TestCaseExecutor.java:410)
	at com.kms.katalon.core.main.TestCaseExecutor.execute(TestCaseExecutor.java:285)
	at com.kms.katalon.core.main.TestCaseMain.runTestCase(TestCaseMain.java:137)
	at com.kms.katalon.core.keyword.builtin.CallTestCaseKeyword$_callTestCase_closure1.doCall(CallTestCaseKeyword.groovy:59)
	... 25 more


13-10-2024T22:10:32 - [TEST_CASE][ERROR] - Test Cases/Quản lý tài khoản merchant/Quản lý danh sách tài khoản/CustomFunctions: Test Cases/Quản lý tài khoản merchant/Quản lý danh sách tài khoản/CustomFunctions FAILED.
Reason:
java.lang.IllegalArgumentException: Cannot find elements when the XPath is null.
	at org.openqa.selenium.By$ByXPath.<init>(By.java:339)
	at org.openqa.selenium.By.xpath(By.java:92)
	at CustomFunctions.run(CustomFunctions:18)
	at com.kms.katalon.core.main.ScriptEngine.run(ScriptEngine.java:194)
	at com.kms.katalon.core.main.ScriptEngine.runScriptAsRawText(ScriptEngine.java:119)
	at com.kms.katalon.core.main.TestCaseExecutor.runScript(TestCaseExecutor.java:448)
	at com.kms.katalon.core.main.TestCaseExecutor.doExecute(TestCaseExecutor.java:439)
	at com.kms.katalon.core.main.TestCaseExecutor.processExecutionPhase(TestCaseExecutor.java:418)
	at com.kms.katalon.core.main.TestCaseExecutor.accessMainPhase(TestCaseExecutor.java:410)
	at com.kms.katalon.core.main.TestCaseExecutor.execute(TestCaseExecutor.java:285)
	at com.kms.katalon.core.main.TestCaseMain.runTestCase(TestCaseMain.java:137)
	at com.kms.katalon.core.keyword.builtin.CallTestCaseKeyword$_callTestCase_closure1.doCall(CallTestCaseKeyword.groovy:59)
	at com.kms.katalon.core.keyword.builtin.CallTestCaseKeyword$_callTestCase_closure1.call(CallTestCaseKeyword.groovy)
	at com.kms.katalon.core.keyword.internal.KeywordMain.runKeyword(KeywordMain.groovy:75)
	at com.kms.katalon.core.keyword.builtin.CallTestCaseKeyword.callTestCase(CallTestCaseKeyword.groovy:81)
	at com.kms.katalon.core.keyword.builtin.CallTestCaseKeyword.execute(CallTestCaseKeyword.groovy:44)
	at com.kms.katalon.core.keyword.internal.KeywordExecutor.executeKeywordForPlatform(KeywordExecutor.groovy:74)
	at com.kms.katalon.core.keyword.BuiltinKeywords.callTestCase(BuiltinKeywords.groovy:310)
	at java.base/jdk.internal.reflect.NativeMethodAccessorImpl.invoke0(Native Method)
	at java.base/jdk.internal.reflect.NativeMethodAccessorImpl.invoke(NativeMethodAccessorImpl.java:77)
	at java.base/jdk.internal.reflect.DelegatingMethodAccessorImpl.invoke(DelegatingMethodAccessorImpl.java:43)
	at TC_11_Kiểm tra khi rút tiền số tiền bé hơn số tiền có thể rút do tạm giữ.run(TC_11_Kiểm tra khi rút tiền số tiền bé hơn số tiền có thể rút do tạm giữ:103)
	at com.kms.katalon.core.main.ScriptEngine.run(ScriptEngine.java:194)
	at com.kms.katalon.core.main.ScriptEngine.runScriptAsRawText(ScriptEngine.java:119)
	at com.kms.katalon.core.main.TestCaseExecutor.runScript(TestCaseExecutor.java:448)
	at com.kms.katalon.core.main.TestCaseExecutor.doExecute(TestCaseExecutor.java:439)
	at com.kms.katalon.core.main.TestCaseExecutor.processExecutionPhase(TestCaseExecutor.java:418)
	at com.kms.katalon.core.main.TestCaseExecutor.accessMainPhase(TestCaseExecutor.java:410)
	at com.kms.katalon.core.main.TestCaseExecutor.execute(TestCaseExecutor.java:285)
	at com.kms.katalon.core.common.CommonExecutor.accessTestCaseMainPhase(CommonExecutor.java:65)
	at com.kms.katalon.core.main.TestSuiteExecutor.accessTestSuiteMainPhase(TestSuiteExecutor.java:150)
	at com.kms.katalon.core.main.TestSuiteExecutor.execute(TestSuiteExecutor.java:106)
	at com.kms.katalon.core.main.TestCaseMain.startTestSuite(TestCaseMain.java:180)
	at TempTestSuite1728831751004.run(TempTestSuite1728831751004.groovy:35)
	at java.base/jdk.internal.reflect.NativeMethodAccessorImpl.invoke0(Native Method)
	at java.base/jdk.internal.reflect.NativeMethodAccessorImpl.invoke(NativeMethodAccessorImpl.java:77)
	at java.base/jdk.internal.reflect.DelegatingMethodAccessorImpl.invoke(DelegatingMethodAccessorImpl.java:43)


13-10-2024T22:10:33 - [TEST_STEP][PASSED] - driver = getWebDriver(): null

13-10-2024T22:10:33 - [TEST_STEP][PASSED] - sleep(2000): null

13-10-2024T22:10:35 - [TEST_STEP][PASSED] - element1 = driver.findElement(By.xpath(xpathManagerMC)): null

13-10-2024T22:10:35 - [TEST_STEP][PASSED] - actions = new org.openqa.selenium.interactions.Actions(driver): null

13-10-2024T22:10:35 - [TEST_STEP][PASSED] - click().perform(): null

13-10-2024T22:10:35 - [TEST_STEP][PASSED] - wait = new org.openqa.selenium.support.ui.WebDriverWait(com.kms.katalon.core.webui.driver.DriverFactory.getWebDriver(), 30): null

13-10-2024T22:10:35 - [TEST_STEP][ERROR] - element2 = wait.until(ExpectedConditions.elementToBeClickable(By.xpath(xpathManagerServiceMC))): Test Cases/Quản lý tài khoản merchant/Quản lý danh sách tài khoản/CustomFunctions FAILED.
Reason:
java.lang.IllegalArgumentException: Cannot find elements when the XPath is null.
	at org.openqa.selenium.By$ByXPath.<init>(By.java:339)
	at org.openqa.selenium.By.xpath(By.java:92)
	at CustomFunctions.run(CustomFunctions:18)
	at com.kms.katalon.core.main.ScriptEngine.run(ScriptEngine.java:194)
	at com.kms.katalon.core.main.ScriptEngine.runScriptAsRawText(ScriptEngine.java:119)
	at com.kms.katalon.core.main.TestCaseExecutor.runScript(TestCaseExecutor.java:448)
	at com.kms.katalon.core.main.TestCaseExecutor.doExecute(TestCaseExecutor.java:439)
	at com.kms.katalon.core.main.TestCaseExecutor.processExecutionPhase(TestCaseExecutor.java:418)
	at com.kms.katalon.core.main.TestCaseExecutor.accessMainPhase(TestCaseExecutor.java:410)
	at com.kms.katalon.core.main.TestCaseExecutor.execute(TestCaseExecutor.java:285)
	at com.kms.katalon.core.main.TestCaseMain.runTestCase(TestCaseMain.java:137)
	at com.kms.katalon.core.keyword.builtin.CallTestCaseKeyword$_callTestCase_closure1.doCall(CallTestCaseKeyword.groovy:59)
	at com.kms.katalon.core.keyword.builtin.CallTestCaseKeyword$_callTestCase_closure1.call(CallTestCaseKeyword.groovy)
	at com.kms.katalon.core.keyword.internal.KeywordMain.runKeyword(KeywordMain.groovy:75)
	at com.kms.katalon.core.keyword.builtin.CallTestCaseKeyword.callTestCase(CallTestCaseKeyword.groovy:81)
	at com.kms.katalon.core.keyword.builtin.CallTestCaseKeyword.execute(CallTestCaseKeyword.groovy:44)
	at com.kms.katalon.core.keyword.internal.KeywordExecutor.executeKeywordForPlatform(KeywordExecutor.groovy:74)
	at com.kms.katalon.core.keyword.BuiltinKeywords.callTestCase(BuiltinKeywords.groovy:310)
	at java.base/jdk.internal.reflect.NativeMethodAccessorImpl.invoke0(Native Method)
	at java.base/jdk.internal.reflect.NativeMethodAccessorImpl.invoke(NativeMethodAccessorImpl.java:77)
	at java.base/jdk.internal.reflect.DelegatingMethodAccessorImpl.invoke(DelegatingMethodAccessorImpl.java:43)
	at TC_11_Kiểm tra khi rút tiền số tiền bé hơn số tiền có thể rút do tạm giữ.run(TC_11_Kiểm tra khi rút tiền số tiền bé hơn số tiền có thể rút do tạm giữ:103)
	at com.kms.katalon.core.main.ScriptEngine.run(ScriptEngine.java:194)
	at com.kms.katalon.core.main.ScriptEngine.runScriptAsRawText(ScriptEngine.java:119)
	at com.kms.katalon.core.main.TestCaseExecutor.runScript(TestCaseExecutor.java:448)
	at com.kms.katalon.core.main.TestCaseExecutor.doExecute(TestCaseExecutor.java:439)
	at com.kms.katalon.core.main.TestCaseExecutor.processExecutionPhase(TestCaseExecutor.java:418)
	at com.kms.katalon.core.main.TestCaseExecutor.accessMainPhase(TestCaseExecutor.java:410)
	at com.kms.katalon.core.main.TestCaseExecutor.execute(TestCaseExecutor.java:285)
	at com.kms.katalon.core.common.CommonExecutor.accessTestCaseMainPhase(CommonExecutor.java:65)
	at com.kms.katalon.core.main.TestSuiteExecutor.accessTestSuiteMainPhase(TestSuiteExecutor.java:150)
	at com.kms.katalon.core.main.TestSuiteExecutor.execute(TestSuiteExecutor.java:106)
	at com.kms.katalon.core.main.TestCaseMain.startTestSuite(TestCaseMain.java:180)
	at TempTestSuite1728831751004.run(TempTestSuite1728831751004.groovy:35)
	at java.base/jdk.internal.reflect.NativeMethodAccessorImpl.invoke0(Native Method)
	at java.base/jdk.internal.reflect.NativeMethodAccessorImpl.invoke(NativeMethodAccessorImpl.java:77)
	at java.base/jdk.internal.reflect.DelegatingMethodAccessorImpl.invoke(DelegatingMethodAccessorImpl.java:43)


13-10-2024T22:10:35 - [MESSAGE][ERROR] - Test Cases/Quản lý tài khoản merchant/Quản lý danh sách tài khoản/CustomFunctions FAILED.
Reason:
java.lang.IllegalArgumentException: Cannot find elements when the XPath is null.
	at org.openqa.selenium.By$ByXPath.<init>(By.java:339)
	at org.openqa.selenium.By.xpath(By.java:92)
	at CustomFunctions.run(CustomFunctions:18)
	at com.kms.katalon.core.main.ScriptEngine.run(ScriptEngine.java:194)
	at com.kms.katalon.core.main.ScriptEngine.runScriptAsRawText(ScriptEngine.java:119)
	at com.kms.katalon.core.main.TestCaseExecutor.runScript(TestCaseExecutor.java:448)
	at com.kms.katalon.core.main.TestCaseExecutor.doExecute(TestCaseExecutor.java:439)
	at com.kms.katalon.core.main.TestCaseExecutor.processExecutionPhase(TestCaseExecutor.java:418)
	at com.kms.katalon.core.main.TestCaseExecutor.accessMainPhase(TestCaseExecutor.java:410)
	at com.kms.katalon.core.main.TestCaseExecutor.execute(TestCaseExecutor.java:285)
	at com.kms.katalon.core.main.TestCaseMain.runTestCase(TestCaseMain.java:137)
	at com.kms.katalon.core.keyword.builtin.CallTestCaseKeyword$_callTestCase_closure1.doCall(CallTestCaseKeyword.groovy:59)
	at com.kms.katalon.core.keyword.builtin.CallTestCaseKeyword$_callTestCase_closure1.call(CallTestCaseKeyword.groovy)
	at com.kms.katalon.core.keyword.internal.KeywordMain.runKeyword(KeywordMain.groovy:75)
	at com.kms.katalon.core.keyword.builtin.CallTestCaseKeyword.callTestCase(CallTestCaseKeyword.groovy:81)
	at com.kms.katalon.core.keyword.builtin.CallTestCaseKeyword.execute(CallTestCaseKeyword.groovy:44)
	at com.kms.katalon.core.keyword.internal.KeywordExecutor.executeKeywordForPlatform(KeywordExecutor.groovy:74)
	at com.kms.katalon.core.keyword.BuiltinKeywords.callTestCase(BuiltinKeywords.groovy:310)
	at java.base/jdk.internal.reflect.NativeMethodAccessorImpl.invoke0(Native Method)
	at java.base/jdk.internal.reflect.NativeMethodAccessorImpl.invoke(NativeMethodAccessorImpl.java:77)
	at java.base/jdk.internal.reflect.DelegatingMethodAccessorImpl.invoke(DelegatingMethodAccessorImpl.java:43)
	at TC_11_Kiểm tra khi rút tiền số tiền bé hơn số tiền có thể rút do tạm giữ.run(TC_11_Kiểm tra khi rút tiền số tiền bé hơn số tiền có thể rút do tạm giữ:103)
	at com.kms.katalon.core.main.ScriptEngine.run(ScriptEngine.java:194)
	at com.kms.katalon.core.main.ScriptEngine.runScriptAsRawText(ScriptEngine.java:119)
	at com.kms.katalon.core.main.TestCaseExecutor.runScript(TestCaseExecutor.java:448)
	at com.kms.katalon.core.main.TestCaseExecutor.doExecute(TestCaseExecutor.java:439)
	at com.kms.katalon.core.main.TestCaseExecutor.processExecutionPhase(TestCaseExecutor.java:418)
	at com.kms.katalon.core.main.TestCaseExecutor.accessMainPhase(TestCaseExecutor.java:410)
	at com.kms.katalon.core.main.TestCaseExecutor.execute(TestCaseExecutor.java:285)
	at com.kms.katalon.core.common.CommonExecutor.accessTestCaseMainPhase(CommonExecutor.java:65)
	at com.kms.katalon.core.main.TestSuiteExecutor.accessTestSuiteMainPhase(TestSuiteExecutor.java:150)
	at com.kms.katalon.core.main.TestSuiteExecutor.execute(TestSuiteExecutor.java:106)
	at com.kms.katalon.core.main.TestCaseMain.startTestSuite(TestCaseMain.java:180)
	at TempTestSuite1728831751004.run(TempTestSuite1728831751004.groovy:35)
	at java.base/jdk.internal.reflect.NativeMethodAccessorImpl.invoke0(Native Method)
	at java.base/jdk.internal.reflect.NativeMethodAccessorImpl.invoke(NativeMethodAccessorImpl.java:77)
	at java.base/jdk.internal.reflect.DelegatingMethodAccessorImpl.invoke(DelegatingMethodAccessorImpl.java:43)


13-10-2024T22:10:35 - [MESSAGE][FAILED] - Unable to call Test Case 'Test Cases/Quản lý tài khoản merchant/Quản lý danh sách tài khoản/CustomFunctions' (Root cause: com.kms.katalon.core.exception.StepErrorException: Call Test Case 'Test Cases/Quản lý tài khoản merchant/Quản lý danh sách tài khoản/CustomFunctions' failed because of error(s)
	at com.kms.katalon.core.keyword.builtin.CallTestCaseKeyword$_callTestCase_closure1.doCall(CallTestCaseKeyword.groovy:66)
	at com.kms.katalon.core.keyword.builtin.CallTestCaseKeyword$_callTestCase_closure1.call(CallTestCaseKeyword.groovy)
	at com.kms.katalon.core.keyword.internal.KeywordMain.runKeyword(KeywordMain.groovy:75)
	at com.kms.katalon.core.keyword.builtin.CallTestCaseKeyword.callTestCase(CallTestCaseKeyword.groovy:81)
	at com.kms.katalon.core.keyword.builtin.CallTestCaseKeyword.execute(CallTestCaseKeyword.groovy:44)
	at com.kms.katalon.core.keyword.internal.KeywordExecutor.executeKeywordForPlatform(KeywordExecutor.groovy:74)
	at com.kms.katalon.core.keyword.BuiltinKeywords.callTestCase(BuiltinKeywords.groovy:310)
	at java.base/jdk.internal.reflect.NativeMethodAccessorImpl.invoke0(Native Method)
	at java.base/jdk.internal.reflect.NativeMethodAccessorImpl.invoke(NativeMethodAccessorImpl.java:77)
	at java.base/jdk.internal.reflect.DelegatingMethodAccessorImpl.invoke(DelegatingMethodAccessorImpl.java:43)
	at TC_11_Kiểm tra khi rút tiền số tiền bé hơn số tiền có thể rút do tạm giữ.run(TC_11_Kiểm tra khi rút tiền số tiền bé hơn số tiền có thể rút do tạm giữ:103)
	at com.kms.katalon.core.main.ScriptEngine.run(ScriptEngine.java:194)
	at com.kms.katalon.core.main.ScriptEngine.runScriptAsRawText(ScriptEngine.java:119)
	at com.kms.katalon.core.main.TestCaseExecutor.runScript(TestCaseExecutor.java:448)
	at com.kms.katalon.core.main.TestCaseExecutor.doExecute(TestCaseExecutor.java:439)
	at com.kms.katalon.core.main.TestCaseExecutor.processExecutionPhase(TestCaseExecutor.java:418)
	at com.kms.katalon.core.main.TestCaseExecutor.accessMainPhase(TestCaseExecutor.java:410)
	at com.kms.katalon.core.main.TestCaseExecutor.execute(TestCaseExecutor.java:285)
	at com.kms.katalon.core.common.CommonExecutor.accessTestCaseMainPhase(CommonExecutor.java:65)
	at com.kms.katalon.core.main.TestSuiteExecutor.accessTestSuiteMainPhase(TestSuiteExecutor.java:150)
	at com.kms.katalon.core.main.TestSuiteExecutor.execute(TestSuiteExecutor.java:106)
	at com.kms.katalon.core.main.TestCaseMain.startTestSuite(TestCaseMain.java:180)
	at TempTestSuite1728831751004.run(TempTestSuite1728831751004.groovy:35)
	at java.base/jdk.internal.reflect.NativeMethodAccessorImpl.invoke0(Native Method)
	at java.base/jdk.internal.reflect.NativeMethodAccessorImpl.invoke(NativeMethodAccessorImpl.java:77)
	at java.base/jdk.internal.reflect.DelegatingMethodAccessorImpl.invoke(DelegatingMethodAccessorImpl.java:43)
Caused by: java.lang.IllegalArgumentException: Cannot find elements when the XPath is null.
	at org.openqa.selenium.By$ByXPath.<init>(By.java:339)
	at org.openqa.selenium.By.xpath(By.java:92)
	at CustomFunctions.run(CustomFunctions:18)
	at com.kms.katalon.core.main.ScriptEngine.run(ScriptEngine.java:194)
	at com.kms.katalon.core.main.ScriptEngine.runScriptAsRawText(ScriptEngine.java:119)
	at com.kms.katalon.core.main.TestCaseExecutor.runScript(TestCaseExecutor.java:448)
	at com.kms.katalon.core.main.TestCaseExecutor.doExecute(TestCaseExecutor.java:439)
	at com.kms.katalon.core.main.TestCaseExecutor.processExecutionPhase(TestCaseExecutor.java:418)
	at com.kms.katalon.core.main.TestCaseExecutor.accessMainPhase(TestCaseExecutor.java:410)
	at com.kms.katalon.core.main.TestCaseExecutor.execute(TestCaseExecutor.java:285)
	at com.kms.katalon.core.main.TestCaseMain.runTestCase(TestCaseMain.java:137)
	at com.kms.katalon.core.keyword.builtin.CallTestCaseKeyword$_callTestCase_closure1.doCall(CallTestCaseKeyword.groovy:59)
	... 25 more
)

13-10-2024T22:10:35 - [MESSAGE][ERROR] - Test Cases/Quản lý tài khoản merchant/Quản lý danh sách tài khoản/Rút tiền/TC_11_Kiểm tra khi rút tiền số tiền bé hơn số tiền có thể rút do tạm giữ FAILED.
Reason:
com.kms.katalon.core.exception.StepErrorException: Call Test Case 'Test Cases/Quản lý tài khoản merchant/Quản lý danh sách tài khoản/CustomFunctions' failed because of error(s)
	at com.kms.katalon.core.keyword.builtin.CallTestCaseKeyword$_callTestCase_closure1.doCall(CallTestCaseKeyword.groovy:66)
	at com.kms.katalon.core.keyword.builtin.CallTestCaseKeyword$_callTestCase_closure1.call(CallTestCaseKeyword.groovy)
	at com.kms.katalon.core.keyword.internal.KeywordMain.runKeyword(KeywordMain.groovy:75)
	at com.kms.katalon.core.keyword.builtin.CallTestCaseKeyword.callTestCase(CallTestCaseKeyword.groovy:81)
	at com.kms.katalon.core.keyword.builtin.CallTestCaseKeyword.execute(CallTestCaseKeyword.groovy:44)
	at com.kms.katalon.core.keyword.internal.KeywordExecutor.executeKeywordForPlatform(KeywordExecutor.groovy:74)
	at com.kms.katalon.core.keyword.BuiltinKeywords.callTestCase(BuiltinKeywords.groovy:310)
	at java.base/jdk.internal.reflect.NativeMethodAccessorImpl.invoke0(Native Method)
	at java.base/jdk.internal.reflect.NativeMethodAccessorImpl.invoke(NativeMethodAccessorImpl.java:77)
	at java.base/jdk.internal.reflect.DelegatingMethodAccessorImpl.invoke(DelegatingMethodAccessorImpl.java:43)
	at TC_11_Kiểm tra khi rút tiền số tiền bé hơn số tiền có thể rút do tạm giữ.run(TC_11_Kiểm tra khi rút tiền số tiền bé hơn số tiền có thể rút do tạm giữ:103)
	at com.kms.katalon.core.main.ScriptEngine.run(ScriptEngine.java:194)
	at com.kms.katalon.core.main.ScriptEngine.runScriptAsRawText(ScriptEngine.java:119)
	at com.kms.katalon.core.main.TestCaseExecutor.runScript(TestCaseExecutor.java:448)
	at com.kms.katalon.core.main.TestCaseExecutor.doExecute(TestCaseExecutor.java:439)
	at com.kms.katalon.core.main.TestCaseExecutor.processExecutionPhase(TestCaseExecutor.java:418)
	at com.kms.katalon.core.main.TestCaseExecutor.accessMainPhase(TestCaseExecutor.java:410)
	at com.kms.katalon.core.main.TestCaseExecutor.execute(TestCaseExecutor.java:285)
	at com.kms.katalon.core.common.CommonExecutor.accessTestCaseMainPhase(CommonExecutor.java:65)
	at com.kms.katalon.core.main.TestSuiteExecutor.accessTestSuiteMainPhase(TestSuiteExecutor.java:150)
	at com.kms.katalon.core.main.TestSuiteExecutor.execute(TestSuiteExecutor.java:106)
	at com.kms.katalon.core.main.TestCaseMain.startTestSuite(TestCaseMain.java:180)
	at TempTestSuite1728831751004.run(TempTestSuite1728831751004.groovy:35)
	at java.base/jdk.internal.reflect.NativeMethodAccessorImpl.invoke0(Native Method)
	at java.base/jdk.internal.reflect.NativeMethodAccessorImpl.invoke(NativeMethodAccessorImpl.java:77)
	at java.base/jdk.internal.reflect.DelegatingMethodAccessorImpl.invoke(DelegatingMethodAccessorImpl.java:43)
Caused by: java.lang.IllegalArgumentException: Cannot find elements when the XPath is null.
	at org.openqa.selenium.By$ByXPath.<init>(By.java:339)
	at org.openqa.selenium.By.xpath(By.java:92)
	at CustomFunctions.run(CustomFunctions:18)
	at com.kms.katalon.core.main.ScriptEngine.run(ScriptEngine.java:194)
	at com.kms.katalon.core.main.ScriptEngine.runScriptAsRawText(ScriptEngine.java:119)
	at com.kms.katalon.core.main.TestCaseExecutor.runScript(TestCaseExecutor.java:448)
	at com.kms.katalon.core.main.TestCaseExecutor.doExecute(TestCaseExecutor.java:439)
	at com.kms.katalon.core.main.TestCaseExecutor.processExecutionPhase(TestCaseExecutor.java:418)
	at com.kms.katalon.core.main.TestCaseExecutor.accessMainPhase(TestCaseExecutor.java:410)
	at com.kms.katalon.core.main.TestCaseExecutor.execute(TestCaseExecutor.java:285)
	at com.kms.katalon.core.main.TestCaseMain.runTestCase(TestCaseMain.java:137)
	at com.kms.katalon.core.keyword.builtin.CallTestCaseKeyword$_callTestCase_closure1.doCall(CallTestCaseKeyword.groovy:59)
	... 25 more


13-10-2024T22:10:35 - [TEST_STEP][PASSED] - Start listener action : sampleAfterTestCase: null

13-10-2024T22:10:35 - [TEST_STEP][PASSED] - testCaseId = testCaseContext.getTestCaseId(): null

13-10-2024T22:10:35 - [TEST_STEP][PASSED] - if (testCaseId == "Test Cases/Quản lý tài khoản merchant/Quản lý dịch vụ merchant/TC_13_Kiểm tra chức năng xác nhận cấu hình thay đổi VA"): null]]></system-out>
         <system-err><![CDATA[13-10-2024T22:09:40 - [TEST_CASE][ERROR] - Test Cases/Quản lý tài khoản merchant/Quản lý danh sách tài khoản/Rút tiền/TC_11_Kiểm tra khi rút tiền số tiền bé hơn số tiền có thể rút do tạm giữ: Test Cases/Quản lý tài khoản merchant/Quản lý danh sách tài khoản/Rút tiền/TC_11_Kiểm tra khi rút tiền số tiền bé hơn số tiền có thể rút do tạm giữ FAILED.
Reason:
com.kms.katalon.core.exception.StepErrorException: Call Test Case 'Test Cases/Quản lý tài khoản merchant/Quản lý danh sách tài khoản/CustomFunctions' failed because of error(s)
	at com.kms.katalon.core.keyword.builtin.CallTestCaseKeyword$_callTestCase_closure1.doCall(CallTestCaseKeyword.groovy:66)
	at com.kms.katalon.core.keyword.builtin.CallTestCaseKeyword$_callTestCase_closure1.call(CallTestCaseKeyword.groovy)
	at com.kms.katalon.core.keyword.internal.KeywordMain.runKeyword(KeywordMain.groovy:75)
	at com.kms.katalon.core.keyword.builtin.CallTestCaseKeyword.callTestCase(CallTestCaseKeyword.groovy:81)
	at com.kms.katalon.core.keyword.builtin.CallTestCaseKeyword.execute(CallTestCaseKeyword.groovy:44)
	at com.kms.katalon.core.keyword.internal.KeywordExecutor.executeKeywordForPlatform(KeywordExecutor.groovy:74)
	at com.kms.katalon.core.keyword.BuiltinKeywords.callTestCase(BuiltinKeywords.groovy:310)
	at java.base/jdk.internal.reflect.NativeMethodAccessorImpl.invoke0(Native Method)
	at java.base/jdk.internal.reflect.NativeMethodAccessorImpl.invoke(NativeMethodAccessorImpl.java:77)
	at java.base/jdk.internal.reflect.DelegatingMethodAccessorImpl.invoke(DelegatingMethodAccessorImpl.java:43)
	at TC_11_Kiểm tra khi rút tiền số tiền bé hơn số tiền có thể rút do tạm giữ.run(TC_11_Kiểm tra khi rút tiền số tiền bé hơn số tiền có thể rút do tạm giữ:103)
	at com.kms.katalon.core.main.ScriptEngine.run(ScriptEngine.java:194)
	at com.kms.katalon.core.main.ScriptEngine.runScriptAsRawText(ScriptEngine.java:119)
	at com.kms.katalon.core.main.TestCaseExecutor.runScript(TestCaseExecutor.java:448)
	at com.kms.katalon.core.main.TestCaseExecutor.doExecute(TestCaseExecutor.java:439)
	at com.kms.katalon.core.main.TestCaseExecutor.processExecutionPhase(TestCaseExecutor.java:418)
	at com.kms.katalon.core.main.TestCaseExecutor.accessMainPhase(TestCaseExecutor.java:410)
	at com.kms.katalon.core.main.TestCaseExecutor.execute(TestCaseExecutor.java:285)
	at com.kms.katalon.core.common.CommonExecutor.accessTestCaseMainPhase(CommonExecutor.java:65)
	at com.kms.katalon.core.main.TestSuiteExecutor.accessTestSuiteMainPhase(TestSuiteExecutor.java:150)
	at com.kms.katalon.core.main.TestSuiteExecutor.execute(TestSuiteExecutor.java:106)
	at com.kms.katalon.core.main.TestCaseMain.startTestSuite(TestCaseMain.java:180)
	at TempTestSuite1728831751004.run(TempTestSuite1728831751004.groovy:35)
	at java.base/jdk.internal.reflect.NativeMethodAccessorImpl.invoke0(Native Method)
	at java.base/jdk.internal.reflect.NativeMethodAccessorImpl.invoke(NativeMethodAccessorImpl.java:77)
	at java.base/jdk.internal.reflect.DelegatingMethodAccessorImpl.invoke(DelegatingMethodAccessorImpl.java:43)
Caused by: java.lang.IllegalArgumentException: Cannot find elements when the XPath is null.
	at org.openqa.selenium.By$ByXPath.<init>(By.java:339)
	at org.openqa.selenium.By.xpath(By.java:92)
	at CustomFunctions.run(CustomFunctions:18)
	at com.kms.katalon.core.main.ScriptEngine.run(ScriptEngine.java:194)
	at com.kms.katalon.core.main.ScriptEngine.runScriptAsRawText(ScriptEngine.java:119)
	at com.kms.katalon.core.main.TestCaseExecutor.runScript(TestCaseExecutor.java:448)
	at com.kms.katalon.core.main.TestCaseExecutor.doExecute(TestCaseExecutor.java:439)
	at com.kms.katalon.core.main.TestCaseExecutor.processExecutionPhase(TestCaseExecutor.java:418)
	at com.kms.katalon.core.main.TestCaseExecutor.accessMainPhase(TestCaseExecutor.java:410)
	at com.kms.katalon.core.main.TestCaseExecutor.execute(TestCaseExecutor.java:285)
	at com.kms.katalon.core.main.TestCaseMain.runTestCase(TestCaseMain.java:137)
	at com.kms.katalon.core.keyword.builtin.CallTestCaseKeyword$_callTestCase_closure1.doCall(CallTestCaseKeyword.groovy:59)
	... 25 more]]></system-err>
      </testcase>
      <testcase name="Test Cases/Quản lý tài khoản merchant/Quản lý danh sách tài khoản/Rút tiền/TC_12_Kiểm tra khi rút tiền số tiền bé hơn số tiền có thể rút do tạm giữ và chọn chấp nhận cho rút số tiền tạm giữ" time="53.015" classname="Test Cases/Quản lý tài khoản merchant/Quản lý danh sách tài khoản/Rút tiền/TC_12_Kiểm tra khi rút tiền số tiền bé hơn số tiền có thể rút do tạm giữ và chọn chấp nhận cho rút số tiền tạm giữ" status="PASSED">
         <system-out><![CDATA[13-10-2024T22:10:35 - [TEST_CASE][PASSED] - Test Cases/Quản lý tài khoản merchant/Quản lý danh sách tài khoản/Rút tiền/TC_12_Kiểm tra khi rút tiền số tiền bé hơn số tiền có thể rút do tạm giữ và chọn chấp nhận cho rút số tiền tạm giữ: Test Cases/Quản lý tài khoản merchant/Quản lý danh sách tài khoản/Rút tiền/TC_12_Kiểm tra khi rút tiền số tiền bé hơn số tiền có thể rút do tạm giữ và chọn chấp nhận cho rút số tiền tạm giữ

13-10-2024T22:10:35 - [TEST_STEP][PASSED] - Start listener action : sampleBeforeTestCase: Navigate to 'https://stg-cms-console.9pay.mobi/login' successfully

13-10-2024T22:10:35 - [TEST_STEP][PASSED] - testCaseId = testCaseContext.getTestCaseId(): null

13-10-2024T22:10:35 - [TEST_STEP][PASSED] - url = <not implemented yet for class: org.codehaus.groovy.ast.expr.EmptyExpression>: null

13-10-2024T22:10:35 - [TEST_STEP][PASSED] - if (testCaseId == "Test Cases/Quản lý tài khoản merchant/Quản lý dịch vụ merchant/TC_14_Kiểm tra thay đổi sau khi cấu hình VA trên MCV"): null

13-10-2024T22:10:35 - [TEST_STEP][PASSED] - else: null

13-10-2024T22:10:35 - [TEST_STEP][PASSED] - url = "https://stg-cms-console.9pay.mobi/login": null

13-10-2024T22:10:35 - [TEST_STEP][PASSED] - openBrowser(""): Browser is opened with url: ''

13-10-2024T22:10:35 - [MESSAGE][WARNING] - A browser is already opened. Closing browser and opening a new one

13-10-2024T22:10:35 - [MESSAGE][INFO] - Starting 'Chrome' driver

13-10-2024T22:10:35 - [MESSAGE][INFO] - Action delay is set to 0 milliseconds

13-10-2024T22:10:36 - [MESSAGE][PASSED] - Browser is opened with url: ''

13-10-2024T22:10:36 - [TEST_STEP][PASSED] - maximizeWindow(): Current window maximized

13-10-2024T22:10:36 - [MESSAGE][PASSED] - Current window maximized

13-10-2024T22:10:36 - [TEST_STEP][PASSED] - navigateToUrl(url): Navigate to 'https://stg-cms-console.9pay.mobi/login' successfully

13-10-2024T22:10:38 - [MESSAGE][PASSED] - Navigate to 'https://stg-cms-console.9pay.mobi/login' successfully

13-10-2024T22:10:38 - [TEST_STEP][PASSED] - driver = getWebDriver(): null

13-10-2024T22:10:38 - [TEST_STEP][PASSED] - js = driver: null

13-10-2024T22:10:38 - [TEST_STEP][PASSED] - callTestCase(findTestCase("Test Cases/Login/LoginCommon"), [:], STOP_ON_FAILURE): Call Test Case 'Test Cases/Login/LoginCommon' successfully

13-10-2024T22:10:38 - [TEST_CASE][PASSED] - Test Cases/Login/LoginCommon: Test Cases/Login/LoginCommon

13-10-2024T22:10:38 - [TEST_STEP][PASSED] - driver = getWebDriver(): null

13-10-2024T22:10:38 - [TEST_STEP][PASSED] - sendKeys(findTestObject("Quản lý tài khoản merchant/Quản lý dịch vụ merchant/userNameTextbox"), userAccount): Keys 'dannt@9pay.vn' sent to object: 'Object Repository/Quản lý tài khoản merchant/Quản lý dịch vụ merchant/userNameTextbox'

13-10-2024T22:10:39 - [MESSAGE][PASSED] - Keys 'dannt@9pay.vn' sent to object: 'Object Repository/Quản lý tài khoản merchant/Quản lý dịch vụ merchant/userNameTextbox'

13-10-2024T22:10:39 - [TEST_STEP][PASSED] - sendKeys(findTestObject("Quản lý tài khoản merchant/Quản lý dịch vụ merchant/passwordTextbox"), password): Keys 'dannt@9pay.vn' sent to object: 'Object Repository/Quản lý tài khoản merchant/Quản lý dịch vụ merchant/passwordTextbox'

13-10-2024T22:10:39 - [MESSAGE][PASSED] - Keys 'dannt@9pay.vn' sent to object: 'Object Repository/Quản lý tài khoản merchant/Quản lý dịch vụ merchant/passwordTextbox'

13-10-2024T22:10:39 - [TEST_STEP][PASSED] - click(findTestObject("Quản lý tài khoản merchant/Quản lý dịch vụ merchant/loginButton")): Object: 'Object Repository/Quản lý tài khoản merchant/Quản lý dịch vụ merchant/loginButton' is clicked on

13-10-2024T22:10:39 - [MESSAGE][PASSED] - Object: 'Object Repository/Quản lý tài khoản merchant/Quản lý dịch vụ merchant/loginButton' is clicked on

13-10-2024T22:10:39 - [MESSAGE][PASSED] - Call Test Case 'Test Cases/Login/LoginCommon' successfully

13-10-2024T22:10:39 - [TEST_STEP][PASSED] - waitForElementVisible(findTestObject("Trang chủ/userName"), waitSecond, STOP_ON_FAILURE): Object 'Object Repository/Trang chủ/userName' is visible

13-10-2024T22:10:41 - [MESSAGE][PASSED] - Object 'Object Repository/Trang chủ/userName' is visible

13-10-2024T22:10:41 - [TEST_STEP][PASSED] - click(findTestObject("Quản lý tài khoản merchant/menuManagerMerchantAccount")): Object: 'Object Repository/Quản lý tài khoản merchant/menuManagerMerchantAccount' is clicked on

13-10-2024T22:10:43 - [MESSAGE][PASSED] - Object: 'Object Repository/Quản lý tài khoản merchant/menuManagerMerchantAccount' is clicked on

13-10-2024T22:10:43 - [TEST_STEP][PASSED] - waitForElementVisible(findTestObject("Quản lý tài khoản merchant/Quản lý dịch vụ merchant/menuManagerMerchantService"), 10, STOP_ON_FAILURE): Object 'Object Repository/Quản lý tài khoản merchant/Quản lý dịch vụ merchant/menuManagerMerchantService' is visible

13-10-2024T22:10:43 - [MESSAGE][PASSED] - Object 'Object Repository/Quản lý tài khoản merchant/Quản lý dịch vụ merchant/menuManagerMerchantService' is visible

13-10-2024T22:10:43 - [TEST_STEP][PASSED] - wait = new org.openqa.selenium.support.ui.WebDriverWait(com.kms.katalon.core.webui.driver.DriverFactory.getWebDriver(), internal.GlobalVariable.waitSecond): null

13-10-2024T22:10:43 - [TEST_STEP][PASSED] - menuManagerUserAccount = wait.until(ExpectedConditions.elementToBeClickable(By.xpath(xpathManagerListAccount))): null

13-10-2024T22:10:44 - [TEST_STEP][PASSED] - menuManagerUserAccount.click(): null

13-10-2024T22:10:44 - [TEST_STEP][PASSED] - userCode = wait.until(ExpectedConditions.visibilityOfElementLocated(By.xpath(xpathUserCode))): null

13-10-2024T22:10:46 - [TEST_STEP][PASSED] - println(userCode.getText()): null

13-10-2024T22:10:46 - [TEST_STEP][PASSED] - accountBtn = wait.until(ExpectedConditions.elementToBeClickable(By.xpath(xpathBtnAccount))): null

13-10-2024T22:10:47 - [TEST_STEP][PASSED] - accountBtn.click(): null

13-10-2024T22:10:47 - [TEST_STEP][PASSED] - searchTextbox = wait.until(ExpectedConditions.elementToBeClickable(By.xpath(xpathSearchTextbox))): null

13-10-2024T22:10:47 - [TEST_STEP][PASSED] - searchTextbox.sendKeys(username): null

13-10-2024T22:10:47 - [TEST_STEP][PASSED] - xpath(xpathOption)).click(): null

13-10-2024T22:10:47 - [TEST_STEP][PASSED] - xpath(xpathBtnSearch)).click(): null

13-10-2024T22:10:48 - [TEST_STEP][PASSED] - lockBalance = driver.findElement(By.xpath("//strong[contains(text(),'Số dư không được rút:')]")): null

13-10-2024T22:10:49 - [TEST_STEP][PASSED] - script = "return arguments[0].nextSibling.textContent;": null

13-10-2024T22:10:49 - [TEST_STEP][PASSED] - lockBalanceAf = js.executeScript(script, lockBalance): null

13-10-2024T22:10:49 - [TEST_STEP][PASSED] - result = replace("VNĐ", "").trim(): null

13-10-2024T22:10:49 - [TEST_STEP][PASSED] - lockBalanceAf1 = lockBalanceAf.replaceAll("[^0-9]", ""): null

13-10-2024T22:10:49 - [TEST_STEP][PASSED] - lockBalanceBf = Integer.parseInt(lockBalanceAf1): null

13-10-2024T22:10:49 - [TEST_STEP][PASSED] - out.println("Thu ho " + lockBalanceBf): null

13-10-2024T22:10:49 - [TEST_STEP][PASSED] - Assert.assertEquals(xpath(xpathAccountName)).getText(), username): null

13-10-2024T22:10:49 - [TEST_STEP][PASSED] - xpath(xpathBtnRutTien)).click(): null

13-10-2024T22:10:49 - [TEST_STEP][PASSED] - wait.until(ExpectedConditions.visibilityOfElementLocated(By.xpath(xpathUser))): null

13-10-2024T22:10:59 - [TEST_STEP][PASSED] - xpath(xpathViRut)).click(): null

13-10-2024T22:10:59 - [TEST_STEP][PASSED] - xpath(xpathOptionThuho)).click(): null

13-10-2024T22:11:00 - [TEST_STEP][PASSED] - xpath(xpathDay)).click(): null

13-10-2024T22:11:00 - [TEST_STEP][PASSED] - xpath(xpathToday)).click(): null

13-10-2024T22:11:01 - [TEST_STEP][PASSED] - xpath(xpathDayClicked)).click(): null

13-10-2024T22:11:01 - [TEST_STEP][PASSED] - xpath(BtnOkXpath))).click(): null

13-10-2024T22:11:02 - [TEST_STEP][PASSED] - overbalance = driver.findElement(By.xpath(xpathLabelAvailbeWallet)): null

13-10-2024T22:11:02 - [TEST_STEP][PASSED] - inputValue = overbalance.getAttribute("value"): null

13-10-2024T22:11:02 - [TEST_STEP][PASSED] - numericString = inputValue.replaceAll("[^0-9]", ""): null

13-10-2024T22:11:02 - [TEST_STEP][PASSED] - walletBalance = Integer.parseInt(numericString): null

13-10-2024T22:11:02 - [TEST_STEP][PASSED] - availbeBalance = driver.findElement(By.xpath("//label[contains(text(),'Số dư khả dụng')]/following::input[1]")): null

13-10-2024T22:11:02 - [TEST_STEP][PASSED] - outputValue = availbeBalance.getAttribute("value"): null

13-10-2024T22:11:02 - [TEST_STEP][PASSED] - outputValueClear = outputValue.replaceAll("[^0-9]", ""): null

13-10-2024T22:11:02 - [TEST_STEP][PASSED] - availbeBalanceInt = Integer.parseInt(outputValueClear): null

13-10-2024T22:11:02 - [TEST_STEP][PASSED] - xpath(xpathFieldAmount)).sendKeys(amountValid): null

13-10-2024T22:11:03 - [TEST_STEP][PASSED] - xpath("//label[contains(text(),'Chấp nhận cho rút số tiền tạm giữ')]")).click(): null

13-10-2024T22:11:03 - [TEST_STEP][PASSED] - xpath(xpathConfirm)).click(): null

13-10-2024T22:11:03 - [TEST_STEP][PASSED] - approveButton = wait.until(ExpectedConditions.elementToBeClickable(By.xpath(xpathAcceptFirst))): null

13-10-2024T22:11:07 - [TEST_STEP][PASSED] - js.executeScript("arguments[0].scrollIntoView(true);", approveButton): null

13-10-2024T22:11:07 - [TEST_STEP][PASSED] - approveButton.click(): null

13-10-2024T22:11:07 - [TEST_STEP][PASSED] - Thread.sleep(1000): null

13-10-2024T22:11:08 - [TEST_STEP][PASSED] - xpath(BtnOkXpath))).click(): null

13-10-2024T22:11:08 - [TEST_STEP][PASSED] - xpath(xpathBtnOk)).click(): null

13-10-2024T22:11:10 - [TEST_STEP][PASSED] - navigate().refresh(): null

13-10-2024T22:11:10 - [TEST_STEP][PASSED] - approveButton1 = wait.until(ExpectedConditions.elementToBeClickable(By.xpath(xpathAcceptSecond))): null

13-10-2024T22:11:11 - [TEST_STEP][PASSED] - js.executeScript("arguments[0].scrollIntoView(true);", approveButton1): null

13-10-2024T22:11:11 - [TEST_STEP][PASSED] - approveButton1.click(): null

13-10-2024T22:11:11 - [TEST_STEP][PASSED] - Thread.sleep(1000): null

13-10-2024T22:11:12 - [TEST_STEP][PASSED] - xpath(BtnOkXpath)).click(): null

13-10-2024T22:11:13 - [TEST_STEP][PASSED] - xpath(xpathBtnOk)).click(): null

13-10-2024T22:11:13 - [TEST_STEP][PASSED] - navigate().refresh(): null

13-10-2024T22:11:14 - [TEST_STEP][PASSED] - approveButton2 = wait.until(ExpectedConditions.elementToBeClickable(By.xpath(xpathAcceptThird))): null

13-10-2024T22:11:14 - [TEST_STEP][PASSED] - js.executeScript("arguments[0].scrollIntoView(true);", approveButton2): null

13-10-2024T22:11:14 - [TEST_STEP][PASSED] - approveButton2.click(): null

13-10-2024T22:11:14 - [TEST_STEP][PASSED] - Thread.sleep(1000): null

13-10-2024T22:11:15 - [TEST_STEP][PASSED] - xpath(BtnOkXpath)).click(): null

13-10-2024T22:11:16 - [TEST_STEP][PASSED] - xpath(xpathBtnOk)).click(): null

13-10-2024T22:11:17 - [TEST_STEP][PASSED] - navigate().refresh(): null

13-10-2024T22:11:17 - [TEST_STEP][PASSED] - approveButton3 = wait.until(ExpectedConditions.elementToBeClickable(By.xpath(xpathAcceptFinally))): null

13-10-2024T22:11:18 - [TEST_STEP][PASSED] - js.executeScript("arguments[0].scrollIntoView(true);", approveButton3): null

13-10-2024T22:11:18 - [TEST_STEP][PASSED] - approveButton3.click(): null

13-10-2024T22:11:18 - [TEST_STEP][PASSED] - Thread.sleep(1000): null

13-10-2024T22:11:19 - [TEST_STEP][PASSED] - xpath(BtnOkXpath)).click(): null

13-10-2024T22:11:19 - [TEST_STEP][PASSED] - xpath(xpathBtnOk)).click(): null

13-10-2024T22:11:20 - [TEST_STEP][PASSED] - callTestCase(findTestCase("Test Cases/Quản lý tài khoản merchant/Quản lý danh sách tài khoản/CustomeFuncRutTien"), [:], STOP_ON_FAILURE): Call Test Case 'Test Cases/Quản lý tài khoản merchant/Quản lý danh sách tài khoản/CustomeFuncRutTien' successfully

13-10-2024T22:11:20 - [TEST_CASE][PASSED] - Test Cases/Quản lý tài khoản merchant/Quản lý danh sách tài khoản/CustomeFuncRutTien: Test Cases/Quản lý tài khoản merchant/Quản lý danh sách tài khoản/CustomeFuncRutTien

13-10-2024T22:11:20 - [TEST_STEP][PASSED] - driver = getWebDriver(): null

13-10-2024T22:11:20 - [TEST_STEP][PASSED] - sleep(2000): null

13-10-2024T22:11:22 - [TEST_STEP][PASSED] - element1 = driver.findElement(By.xpath(xpathManagerMC)): null

13-10-2024T22:11:22 - [TEST_STEP][PASSED] - actions = new org.openqa.selenium.interactions.Actions(driver): null

13-10-2024T22:11:22 - [TEST_STEP][PASSED] - click().perform(): null

13-10-2024T22:11:22 - [TEST_STEP][PASSED] - wait = new org.openqa.selenium.support.ui.WebDriverWait(com.kms.katalon.core.webui.driver.DriverFactory.getWebDriver(), 15): null

13-10-2024T22:11:22 - [TEST_STEP][PASSED] - element2 = wait.until(ExpectedConditions.elementToBeClickable(By.xpath(xpathManagerListAccount))): null

13-10-2024T22:11:23 - [TEST_STEP][PASSED] - click().perform(): null

13-10-2024T22:11:23 - [MESSAGE][PASSED] - Call Test Case 'Test Cases/Quản lý tài khoản merchant/Quản lý danh sách tài khoản/CustomeFuncRutTien' successfully

13-10-2024T22:11:23 - [TEST_STEP][PASSED] - xpath(xpathBtnAccount)).click(): null

13-10-2024T22:11:26 - [TEST_STEP][PASSED] - xpath(xpathSearchField)).sendKeys(username): null

13-10-2024T22:11:26 - [TEST_STEP][PASSED] - xpath(xpathOption)).click(): null

13-10-2024T22:11:27 - [TEST_STEP][PASSED] - xpath(xpathBtnSearch)).click(): null

13-10-2024T22:11:27 - [TEST_STEP][PASSED] - afterWithdraw = driver.findElement(By.xpath(xpathAvailbleBalancePayin)): null

13-10-2024T22:11:28 - [TEST_STEP][PASSED] - script1 = "return arguments[0].nextSibling.textContent;": null

13-10-2024T22:11:28 - [TEST_STEP][PASSED] - afterWithdraw1 = js.executeScript(script1, afterWithdraw): null

13-10-2024T22:11:28 - [TEST_STEP][PASSED] - numericString1 = afterWithdraw1.replaceAll("[^0-9]", ""): null

13-10-2024T22:11:28 - [TEST_STEP][PASSED] - thuHo1 = Integer.parseInt(numericString1): null

13-10-2024T22:11:28 - [TEST_STEP][PASSED] - amountTransaction1 = Integer.parseInt(amountValid): null

13-10-2024T22:11:28 - [TEST_STEP][PASSED] - if (thuHo1 == walletBalance - amountTransaction1): Test case đã pass với số tiền chưa được trừ khỏi tài khoản.

13-10-2024T22:11:28 - [TEST_STEP][PASSED] - println("Số tiền đã đúng "): null

13-10-2024T22:11:28 - [TEST_STEP][PASSED] - markPassed("Test case đã pass với số tiền chưa được trừ khỏi tài khoản."): Test case đã pass với số tiền chưa được trừ khỏi tài khoản.

13-10-2024T22:11:28 - [MESSAGE][PASSED] - Test case đã pass với số tiền chưa được trừ khỏi tài khoản.

13-10-2024T22:11:28 - [TEST_STEP][PASSED] - Start listener action : sampleAfterTestCase: null

13-10-2024T22:11:28 - [TEST_STEP][PASSED] - testCaseId = testCaseContext.getTestCaseId(): null

13-10-2024T22:11:28 - [TEST_STEP][PASSED] - if (testCaseId == "Test Cases/Quản lý tài khoản merchant/Quản lý dịch vụ merchant/TC_13_Kiểm tra chức năng xác nhận cấu hình thay đổi VA"): null]]></system-out>
         <system-err><![CDATA[]]></system-err>
      </testcase>
      <system-out><![CDATA[13-10-2024T22:02:36 - [TEST_SUITE][ERROR] - Rút tiền: Test Cases/Quản lý tài khoản merchant/Quản lý danh sách tài khoản/Rút tiền/TC_11_Kiểm tra khi rút tiền số tiền bé hơn số tiền có thể rút do tạm giữ FAILED.
Reason:
com.kms.katalon.core.exception.StepErrorException: Call Test Case 'Test Cases/Quản lý tài khoản merchant/Quản lý danh sách tài khoản/CustomFunctions' failed because of error(s)
	at com.kms.katalon.core.keyword.builtin.CallTestCaseKeyword$_callTestCase_closure1.doCall(CallTestCaseKeyword.groovy:66)
	at com.kms.katalon.core.keyword.builtin.CallTestCaseKeyword$_callTestCase_closure1.call(CallTestCaseKeyword.groovy)
	at com.kms.katalon.core.keyword.internal.KeywordMain.runKeyword(KeywordMain.groovy:75)
	at com.kms.katalon.core.keyword.builtin.CallTestCaseKeyword.callTestCase(CallTestCaseKeyword.groovy:81)
	at com.kms.katalon.core.keyword.builtin.CallTestCaseKeyword.execute(CallTestCaseKeyword.groovy:44)
	at com.kms.katalon.core.keyword.internal.KeywordExecutor.executeKeywordForPlatform(KeywordExecutor.groovy:74)
	at com.kms.katalon.core.keyword.BuiltinKeywords.callTestCase(BuiltinKeywords.groovy:310)
	at java.base/jdk.internal.reflect.NativeMethodAccessorImpl.invoke0(Native Method)
	at java.base/jdk.internal.reflect.NativeMethodAccessorImpl.invoke(NativeMethodAccessorImpl.java:77)
	at java.base/jdk.internal.reflect.DelegatingMethodAccessorImpl.invoke(DelegatingMethodAccessorImpl.java:43)
	at TC_11_Kiểm tra khi rút tiền số tiền bé hơn số tiền có thể rút do tạm giữ.run(TC_11_Kiểm tra khi rút tiền số tiền bé hơn số tiền có thể rút do tạm giữ:103)
	at com.kms.katalon.core.main.ScriptEngine.run(ScriptEngine.java:194)
	at com.kms.katalon.core.main.ScriptEngine.runScriptAsRawText(ScriptEngine.java:119)
	at com.kms.katalon.core.main.TestCaseExecutor.runScript(TestCaseExecutor.java:448)
	at com.kms.katalon.core.main.TestCaseExecutor.doExecute(TestCaseExecutor.java:439)
	at com.kms.katalon.core.main.TestCaseExecutor.processExecutionPhase(TestCaseExecutor.java:418)
	at com.kms.katalon.core.main.TestCaseExecutor.accessMainPhase(TestCaseExecutor.java:410)
	at com.kms.katalon.core.main.TestCaseExecutor.execute(TestCaseExecutor.java:285)
	at com.kms.katalon.core.common.CommonExecutor.accessTestCaseMainPhase(CommonExecutor.java:65)
	at com.kms.katalon.core.main.TestSuiteExecutor.accessTestSuiteMainPhase(TestSuiteExecutor.java:150)
	at com.kms.katalon.core.main.TestSuiteExecutor.execute(TestSuiteExecutor.java:106)
	at com.kms.katalon.core.main.TestCaseMain.startTestSuite(TestCaseMain.java:180)
	at TempTestSuite1728831751004.run(TempTestSuite1728831751004.groovy:35)
	at java.base/jdk.internal.reflect.NativeMethodAccessorImpl.invoke0(Native Method)
	at java.base/jdk.internal.reflect.NativeMethodAccessorImpl.invoke(NativeMethodAccessorImpl.java:77)
	at java.base/jdk.internal.reflect.DelegatingMethodAccessorImpl.invoke(DelegatingMethodAccessorImpl.java:43)
Caused by: java.lang.IllegalArgumentException: Cannot find elements when the XPath is null.
	at org.openqa.selenium.By$ByXPath.<init>(By.java:339)
	at org.openqa.selenium.By.xpath(By.java:92)
	at CustomFunctions.run(CustomFunctions:18)
	at com.kms.katalon.core.main.ScriptEngine.run(ScriptEngine.java:194)
	at com.kms.katalon.core.main.ScriptEngine.runScriptAsRawText(ScriptEngine.java:119)
	at com.kms.katalon.core.main.TestCaseExecutor.runScript(TestCaseExecutor.java:448)
	at com.kms.katalon.core.main.TestCaseExecutor.doExecute(TestCaseExecutor.java:439)
	at com.kms.katalon.core.main.TestCaseExecutor.processExecutionPhase(TestCaseExecutor.java:418)
	at com.kms.katalon.core.main.TestCaseExecutor.accessMainPhase(TestCaseExecutor.java:410)
	at com.kms.katalon.core.main.TestCaseExecutor.execute(TestCaseExecutor.java:285)
	at com.kms.katalon.core.main.TestCaseMain.runTestCase(TestCaseMain.java:137)
	at com.kms.katalon.core.keyword.builtin.CallTestCaseKeyword$_callTestCase_closure1.doCall(CallTestCaseKeyword.groovy:59)
	... 25 more]]></system-out>
      <system-err><![CDATA[13-10-2024T22:02:36 - [TEST_SUITE][ERROR] - Rút tiền: Test Cases/Quản lý tài khoản merchant/Quản lý danh sách tài khoản/Rút tiền/TC_11_Kiểm tra khi rút tiền số tiền bé hơn số tiền có thể rút do tạm giữ FAILED.
Reason:
com.kms.katalon.core.exception.StepErrorException: Call Test Case 'Test Cases/Quản lý tài khoản merchant/Quản lý danh sách tài khoản/CustomFunctions' failed because of error(s)
	at com.kms.katalon.core.keyword.builtin.CallTestCaseKeyword$_callTestCase_closure1.doCall(CallTestCaseKeyword.groovy:66)
	at com.kms.katalon.core.keyword.builtin.CallTestCaseKeyword$_callTestCase_closure1.call(CallTestCaseKeyword.groovy)
	at com.kms.katalon.core.keyword.internal.KeywordMain.runKeyword(KeywordMain.groovy:75)
	at com.kms.katalon.core.keyword.builtin.CallTestCaseKeyword.callTestCase(CallTestCaseKeyword.groovy:81)
	at com.kms.katalon.core.keyword.builtin.CallTestCaseKeyword.execute(CallTestCaseKeyword.groovy:44)
	at com.kms.katalon.core.keyword.internal.KeywordExecutor.executeKeywordForPlatform(KeywordExecutor.groovy:74)
	at com.kms.katalon.core.keyword.BuiltinKeywords.callTestCase(BuiltinKeywords.groovy:310)
	at java.base/jdk.internal.reflect.NativeMethodAccessorImpl.invoke0(Native Method)
	at java.base/jdk.internal.reflect.NativeMethodAccessorImpl.invoke(NativeMethodAccessorImpl.java:77)
	at java.base/jdk.internal.reflect.DelegatingMethodAccessorImpl.invoke(DelegatingMethodAccessorImpl.java:43)
	at TC_11_Kiểm tra khi rút tiền số tiền bé hơn số tiền có thể rút do tạm giữ.run(TC_11_Kiểm tra khi rút tiền số tiền bé hơn số tiền có thể rút do tạm giữ:103)
	at com.kms.katalon.core.main.ScriptEngine.run(ScriptEngine.java:194)
	at com.kms.katalon.core.main.ScriptEngine.runScriptAsRawText(ScriptEngine.java:119)
	at com.kms.katalon.core.main.TestCaseExecutor.runScript(TestCaseExecutor.java:448)
	at com.kms.katalon.core.main.TestCaseExecutor.doExecute(TestCaseExecutor.java:439)
	at com.kms.katalon.core.main.TestCaseExecutor.processExecutionPhase(TestCaseExecutor.java:418)
	at com.kms.katalon.core.main.TestCaseExecutor.accessMainPhase(TestCaseExecutor.java:410)
	at com.kms.katalon.core.main.TestCaseExecutor.execute(TestCaseExecutor.java:285)
	at com.kms.katalon.core.common.CommonExecutor.accessTestCaseMainPhase(CommonExecutor.java:65)
	at com.kms.katalon.core.main.TestSuiteExecutor.accessTestSuiteMainPhase(TestSuiteExecutor.java:150)
	at com.kms.katalon.core.main.TestSuiteExecutor.execute(TestSuiteExecutor.java:106)
	at com.kms.katalon.core.main.TestCaseMain.startTestSuite(TestCaseMain.java:180)
	at TempTestSuite1728831751004.run(TempTestSuite1728831751004.groovy:35)
	at java.base/jdk.internal.reflect.NativeMethodAccessorImpl.invoke0(Native Method)
	at java.base/jdk.internal.reflect.NativeMethodAccessorImpl.invoke(NativeMethodAccessorImpl.java:77)
	at java.base/jdk.internal.reflect.DelegatingMethodAccessorImpl.invoke(DelegatingMethodAccessorImpl.java:43)
Caused by: java.lang.IllegalArgumentException: Cannot find elements when the XPath is null.
	at org.openqa.selenium.By$ByXPath.<init>(By.java:339)
	at org.openqa.selenium.By.xpath(By.java:92)
	at CustomFunctions.run(CustomFunctions:18)
	at com.kms.katalon.core.main.ScriptEngine.run(ScriptEngine.java:194)
	at com.kms.katalon.core.main.ScriptEngine.runScriptAsRawText(ScriptEngine.java:119)
	at com.kms.katalon.core.main.TestCaseExecutor.runScript(TestCaseExecutor.java:448)
	at com.kms.katalon.core.main.TestCaseExecutor.doExecute(TestCaseExecutor.java:439)
	at com.kms.katalon.core.main.TestCaseExecutor.processExecutionPhase(TestCaseExecutor.java:418)
	at com.kms.katalon.core.main.TestCaseExecutor.accessMainPhase(TestCaseExecutor.java:410)
	at com.kms.katalon.core.main.TestCaseExecutor.execute(TestCaseExecutor.java:285)
	at com.kms.katalon.core.main.TestCaseMain.runTestCase(TestCaseMain.java:137)
	at com.kms.katalon.core.keyword.builtin.CallTestCaseKeyword$_callTestCase_closure1.doCall(CallTestCaseKeyword.groovy:59)
	... 25 more]]></system-err>
   </testsuite>
</testsuites>
