<?xml version="1.0" encoding="UTF-8"?>
<testsuites name="Chuyển tiền" time="368.26" tests="5" failures="0" errors="2">
   <testsuite name="Chuyển tiền" tests="5" failures="0" errors="2" time="368.26" skipped="0" timestamp="16-10-2024T16:24:53" hostname="aidan - localhost" id="Test Suites/Quản lý tài khoản merchant/Chuyển tiền">
      <properties>
         <property name="deviceName" value=""/>
         <property name="devicePlatform"/>
         <property name="logFolder" value="/Users/aidan/Documents/Test9S/CMS9Pay_Final/Reports/20241016_162447/Qu\u1EA3n l\u00FD t\u00E0i kho\u1EA3n merchant/Chuy\u1EC3n ti\u1EC1n/20241016_162448"/>
         <property name="logFiles" value="/Users/aidan/Documents/Test9S/CMS9Pay_Final/Reports/20241016_162447/Qu\u1EA3n l\u00FD t\u00E0i kho\u1EA3n merchant/Chuy\u1EC3n ti\u1EC1n/20241016_162448/execution0.log"/>
         <property name="attachments" value=""/>
         <property name="hostName" value="aidan - localhost"/>
         <property name="os" value="Mac OS X 64bit"/>
         <property name="katalonVersion" value="9.7.2.223"/>
         <property name="browser" value="Chrome 129.0.0.0"/>
         <property name="hostAddress" value="127.0.0.1"/>
         <property name="sessionId" value="5ac773f6ee5d14eeea9cff4a60f27498"/>
         <property name="seleniumVersion" value="3.141.59"/>
         <property name="proxyInformation" value="ProxyInformation { proxyOption=NO_PROXY, proxyServerType=HTTP, username=, password=********, proxyServerAddress=, proxyServerPort=0, executionList=&quot;&quot;, isApplyToDesiredCapabilities=true }"/>
         <property name="platform" value="Mac OS X"/>
      </properties>
      <testcase name="Test Cases/Quản lý tài khoản merchant/Quản lý danh sách tài khoản/Chuyển tiền/TC_01_Kiểm tra mở form chuyển tiền và đúng tên tài khoản" time="48.235" classname="Test Cases/Quản lý tài khoản merchant/Quản lý danh sách tài khoản/Chuyển tiền/TC_01_Kiểm tra mở form chuyển tiền và đúng tên tài khoản" status="PASSED">
         <system-out><![CDATA[16-10-2024T16:24:53 - [TEST_CASE][PASSED] - Test Cases/Quản lý tài khoản merchant/Quản lý danh sách tài khoản/Chuyển tiền/TC_01_Kiểm tra mở form chuyển tiền và đúng tên tài khoản: Test Cases/Quản lý tài khoản merchant/Quản lý danh sách tài khoản/Chuyển tiền/TC_01_Kiểm tra mở form chuyển tiền và đúng tên tài khoản

16-10-2024T16:24:53 - [TEST_STEP][PASSED] - Start listener action : sampleBeforeTestCase: Navigate to 'https://stg-cms-console.9pay.mobi/login' successfully

16-10-2024T16:24:53 - [TEST_STEP][PASSED] - testCaseId = testCaseContext.getTestCaseId(): null

16-10-2024T16:24:53 - [TEST_STEP][PASSED] - url = <not implemented yet for class: org.codehaus.groovy.ast.expr.EmptyExpression>: null

16-10-2024T16:24:53 - [TEST_STEP][PASSED] - if (testCaseId == "Test Cases/Quản lý tài khoản merchant/Quản lý dịch vụ merchant/TC_14_Kiểm tra thay đổi sau khi cấu hình VA trên MCV"): null

16-10-2024T16:24:53 - [TEST_STEP][PASSED] - else: null

16-10-2024T16:24:53 - [TEST_STEP][PASSED] - url = "https://stg-cms-console.9pay.mobi/login": null

16-10-2024T16:24:53 - [TEST_STEP][PASSED] - openBrowser(""): Browser is opened with url: ''

16-10-2024T16:24:53 - [MESSAGE][INFO] - Starting 'Chrome' driver

16-10-2024T16:24:53 - [MESSAGE][INFO] - Action delay is set to 0 milliseconds

16-10-2024T16:24:54 - [MESSAGE][PASSED] - Browser is opened with url: ''

16-10-2024T16:24:54 - [TEST_STEP][PASSED] - maximizeWindow(): Current window maximized

16-10-2024T16:24:55 - [MESSAGE][PASSED] - Current window maximized

16-10-2024T16:24:55 - [TEST_STEP][PASSED] - navigateToUrl(url): Navigate to 'https://stg-cms-console.9pay.mobi/login' successfully

16-10-2024T16:24:59 - [MESSAGE][PASSED] - Navigate to 'https://stg-cms-console.9pay.mobi/login' successfully

16-10-2024T16:24:59 - [TEST_STEP][PASSED] - driver = getWebDriver(): null

16-10-2024T16:24:59 - [TEST_STEP][PASSED] - callTestCase(findTestCase("Test Cases/Login/LoginCommon"), [:], STOP_ON_FAILURE): Call Test Case 'Test Cases/Login/LoginCommon' successfully

16-10-2024T16:24:59 - [TEST_CASE][PASSED] - Test Cases/Login/LoginCommon: Test Cases/Login/LoginCommon

16-10-2024T16:24:59 - [TEST_STEP][PASSED] - driver = getWebDriver(): null

16-10-2024T16:24:59 - [TEST_STEP][PASSED] - sendKeys(findTestObject("Quản lý tài khoản merchant/Quản lý dịch vụ merchant/userNameTextbox"), userAccount): Keys 'dannt@9pay.vn' sent to object: 'Object Repository/Quản lý tài khoản merchant/Quản lý dịch vụ merchant/userNameTextbox'

16-10-2024T16:24:59 - [MESSAGE][PASSED] - Keys 'dannt@9pay.vn' sent to object: 'Object Repository/Quản lý tài khoản merchant/Quản lý dịch vụ merchant/userNameTextbox'

16-10-2024T16:24:59 - [TEST_STEP][PASSED] - sendKeys(findTestObject("Quản lý tài khoản merchant/Quản lý dịch vụ merchant/passwordTextbox"), password): Keys 'dannt@9pay.vn' sent to object: 'Object Repository/Quản lý tài khoản merchant/Quản lý dịch vụ merchant/passwordTextbox'

16-10-2024T16:25:00 - [MESSAGE][PASSED] - Keys 'dannt@9pay.vn' sent to object: 'Object Repository/Quản lý tài khoản merchant/Quản lý dịch vụ merchant/passwordTextbox'

16-10-2024T16:25:00 - [TEST_STEP][PASSED] - click(findTestObject("Quản lý tài khoản merchant/Quản lý dịch vụ merchant/loginButton")): Object: 'Object Repository/Quản lý tài khoản merchant/Quản lý dịch vụ merchant/loginButton' is clicked on

16-10-2024T16:25:00 - [MESSAGE][PASSED] - Object: 'Object Repository/Quản lý tài khoản merchant/Quản lý dịch vụ merchant/loginButton' is clicked on

16-10-2024T16:25:00 - [MESSAGE][PASSED] - Call Test Case 'Test Cases/Login/LoginCommon' successfully

16-10-2024T16:25:00 - [TEST_STEP][PASSED] - waitForElementVisible(findTestObject("Trang chủ/userName"), 10, STOP_ON_FAILURE): Object 'Object Repository/Trang chủ/userName' is visible

16-10-2024T16:25:19 - [MESSAGE][PASSED] - Object 'Object Repository/Trang chủ/userName' is visible

16-10-2024T16:25:19 - [TEST_STEP][PASSED] - callTestCase(findTestCase("Test Cases/Quản lý tài khoản merchant/Quản lý danh sách tài khoản/CustomFunctions.groovy"), [:], STOP_ON_FAILURE): Call Test Case 'Test Cases/Quản lý tài khoản merchant/Quản lý danh sách tài khoản/CustomFunctions.groovy' successfully

16-10-2024T16:25:19 - [TEST_CASE][PASSED] - Test Cases/Quản lý tài khoản merchant/Quản lý danh sách tài khoản/CustomFunctions.groovy: Test Cases/Quản lý tài khoản merchant/Quản lý danh sách tài khoản/CustomFunctions.groovy

16-10-2024T16:25:19 - [TEST_STEP][PASSED] - driver = getWebDriver(): null

16-10-2024T16:25:19 - [TEST_STEP][PASSED] - sleep(2000): null

16-10-2024T16:25:21 - [TEST_STEP][PASSED] - element1 = driver.findElement(By.xpath(xpathManagerMC)): null

16-10-2024T16:25:21 - [TEST_STEP][PASSED] - actions = new org.openqa.selenium.interactions.Actions(driver): null

16-10-2024T16:25:21 - [TEST_STEP][PASSED] - click().perform(): null

16-10-2024T16:25:22 - [TEST_STEP][PASSED] - wait = new org.openqa.selenium.support.ui.WebDriverWait(com.kms.katalon.core.webui.driver.DriverFactory.getWebDriver(), 20): null

16-10-2024T16:25:22 - [TEST_STEP][PASSED] - element2 = wait.until(ExpectedConditions.elementToBeClickable(By.xpath(xpathManagerListAccount))): null

16-10-2024T16:25:22 - [TEST_STEP][PASSED] - click().perform(): null

16-10-2024T16:25:22 - [TEST_STEP][PASSED] - wait.until(ExpectedConditions.visibilityOfElementLocated(By.xpath(xpathUserCode))): null

16-10-2024T16:25:26 - [TEST_STEP][PASSED] - xpath(xpathBtnAccount))).click(): null

16-10-2024T16:25:26 - [TEST_STEP][PASSED] - searchTextbox = wait.until(ExpectedConditions.elementToBeClickable(By.xpath(xpathSearchTextbox))): null

16-10-2024T16:25:27 - [TEST_STEP][PASSED] - searchTextbox.sendKeys("dannt11"): null

16-10-2024T16:25:27 - [TEST_STEP][PASSED] - xpath(xpathOption)).click(): null

16-10-2024T16:25:27 - [TEST_STEP][PASSED] - xpath(xpathBtnSearch)).click(): null

16-10-2024T16:25:27 - [TEST_STEP][PASSED] - Assert.assertEquals(xpath(xpathAccountName)).getText(), username): null

16-10-2024T16:25:29 - [TEST_STEP][PASSED] - xpath(xpathUser)).click(): null

16-10-2024T16:25:29 - [TEST_STEP][PASSED] - xpath(xpathSearchTextbox)).sendKeys("dannt21"): null

16-10-2024T16:25:29 - [TEST_STEP][PASSED] - xpath(xpathClicked)).click(): null

16-10-2024T16:25:30 - [TEST_STEP][PASSED] - xpath(xpathBtnSearch)).click(): null

16-10-2024T16:25:31 - [MESSAGE][PASSED] - Call Test Case 'Test Cases/Quản lý tài khoản merchant/Quản lý danh sách tài khoản/CustomFunctions.groovy' successfully

16-10-2024T16:25:31 - [TEST_STEP][PASSED] - wait = new org.openqa.selenium.support.ui.WebDriverWait(com.kms.katalon.core.webui.driver.DriverFactory.getWebDriver(), 20): null

16-10-2024T16:25:31 - [TEST_STEP][PASSED] - xpath(xpathTranfer)).click(): null

16-10-2024T16:25:34 - [TEST_STEP][PASSED] - textUser = xpath(xpathTextAccount))).getText(): null

16-10-2024T16:25:41 - [TEST_STEP][PASSED] - if (textUser == username): Test case đã pass vì đã vào màn hình chuyển tiền.

16-10-2024T16:25:41 - [TEST_STEP][PASSED] - println("Đã vào màn hình chuyển tiền thành công"): null

16-10-2024T16:25:41 - [TEST_STEP][PASSED] - markPassed("Test case đã pass vì đã vào màn hình chuyển tiền."): Test case đã pass vì đã vào màn hình chuyển tiền.

16-10-2024T16:25:41 - [MESSAGE][PASSED] - Test case đã pass vì đã vào màn hình chuyển tiền.

16-10-2024T16:25:41 - [TEST_STEP][PASSED] - Start listener action : sampleAfterTestCase: null

16-10-2024T16:25:41 - [TEST_STEP][PASSED] - testCaseId = testCaseContext.getTestCaseId(): null

16-10-2024T16:25:41 - [TEST_STEP][PASSED] - if (testCaseId == "Test Cases/Quản lý tài khoản merchant/Quản lý dịch vụ merchant/TC_13_Kiểm tra chức năng xác nhận cấu hình thay đổi VA"): null]]></system-out>
         <system-err><![CDATA[]]></system-err>
      </testcase>
      <testcase name="Test Cases/Quản lý tài khoản merchant/Quản lý danh sách tài khoản/Chuyển tiền/TC_02_Kiểm tra validate khi cùng merchant" time="102.976" classname="Test Cases/Quản lý tài khoản merchant/Quản lý danh sách tài khoản/Chuyển tiền/TC_02_Kiểm tra validate khi cùng merchant" status="ERROR">
         <error type="ERROR" message="Test Cases/Quản lý tài khoản merchant/Quản lý danh sách tài khoản/Chuyển tiền/TC_02_Kiểm tra validate khi cùng merchant FAILED.&#xa;Reason:&#xa;org.openqa.selenium.ElementNotInteractableException: element not interactable&#xa;  (Session info: chrome=129.0.6668.101)&#xa;Build info: version: '3.141.59', revision: 'unknown', time: 'unknown'&#xa;System info: host: 'Aidans-Macbook.local', ip: 'fe80:0:0:0:1c6f:cbc0:8a36:2343%en0', os.name: 'Mac OS X', os.arch: 'aarch64', os.version: '14.5', java.version: '17.0.7'&#xa;Driver info: com.kms.katalon.selenium.driver.CChromeDriver&#xa;Capabilities {acceptInsecureCerts: false, browserName: chrome, browserVersion: 129.0.6668.101, chrome: {chromedriverVersion: 129.0.6668.100 (cf58cba358d..., userDataDir: /var/folders/w1/k98vh2j97rz...}, fedcm:accounts: true, goog:chromeOptions: {debuggerAddress: localhost:61089}, javascriptEnabled: true, networkConnectionEnabled: false, pageLoadStrategy: normal, platform: MAC, platformName: MAC, proxy: Proxy(), setWindowRect: true, strictFileInteractability: false, timeouts: {implicit: 0, pageLoad: 300000, script: 30000}, unhandledPromptBehavior: dismiss and notify, webauthn:extension:credBlob: true, webauthn:extension:largeBlob: true, webauthn:extension:minPinLength: true, webauthn:extension:prf: true, webauthn:virtualAuthenticators: true}&#xa;Session ID: 9c1abaea43f671e0c9c9a8f781dc93e4&#xa;	at java.base/jdk.internal.reflect.NativeConstructorAccessorImpl.newInstance0(Native Method)&#xa;	at java.base/jdk.internal.reflect.NativeConstructorAccessorImpl.newInstance(NativeConstructorAccessorImpl.java:77)&#xa;	at java.base/jdk.internal.reflect.DelegatingConstructorAccessorImpl.newInstance(DelegatingConstructorAccessorImpl.java:45)&#xa;	at org.openqa.selenium.remote.http.W3CHttpResponseCodec.createException(W3CHttpResponseCodec.java:187)&#xa;	at org.openqa.selenium.remote.http.W3CHttpResponseCodec.decode(W3CHttpResponseCodec.java:122)&#xa;	at org.openqa.selenium.remote.http.W3CHttpResponseCodec.decode(W3CHttpResponseCodec.java:49)&#xa;	at org.openqa.selenium.remote.HttpCommandExecutor.execute(HttpCommandExecutor.java:158)&#xa;	at org.openqa.selenium.remote.service.DriverCommandExecutor.execute(DriverCommandExecutor.java:83)&#xa;	at org.openqa.selenium.remote.RemoteWebDriver.execute(RemoteWebDriver.java:552)&#xa;	at com.kms.katalon.selenium.driver.CChromeDriver.execute(CChromeDriver.java:19)&#xa;	at org.openqa.selenium.remote.RemoteWebElement.execute(RemoteWebElement.java:285)&#xa;	at org.openqa.selenium.remote.RemoteWebElement.click(RemoteWebElement.java:84)&#xa;	at jdk.internal.reflect.GeneratedMethodAccessor11.invoke(Unknown Source)&#xa;	at java.base/jdk.internal.reflect.DelegatingMethodAccessorImpl.invoke(DelegatingMethodAccessorImpl.java:43)&#xa;	at org.openqa.selenium.support.events.EventFiringWebDriver$EventFiringWebElement.lambda$new$0(EventFiringWebDriver.java:404)&#xa;	at jdk.proxy2/jdk.proxy2.$Proxy23.click(Unknown Source)&#xa;	at org.openqa.selenium.support.events.EventFiringWebDriver$EventFiringWebElement.click(EventFiringWebDriver.java:417)&#xa;	at TC_02_Kiểm tra validate khi cùng merchant.run(TC_02_Kiểm tra validate khi cùng merchant:79)&#xa;	at com.kms.katalon.core.main.ScriptEngine.run(ScriptEngine.java:194)&#xa;	at com.kms.katalon.core.main.ScriptEngine.runScriptAsRawText(ScriptEngine.java:119)&#xa;	at com.kms.katalon.core.main.TestCaseExecutor.runScript(TestCaseExecutor.java:448)&#xa;	at com.kms.katalon.core.main.TestCaseExecutor.doExecute(TestCaseExecutor.java:439)&#xa;	at com.kms.katalon.core.main.TestCaseExecutor.processExecutionPhase(TestCaseExecutor.java:418)&#xa;	at com.kms.katalon.core.main.TestCaseExecutor.accessMainPhase(TestCaseExecutor.java:410)&#xa;	at com.kms.katalon.core.main.TestCaseExecutor.execute(TestCaseExecutor.java:285)&#xa;	at com.kms.katalon.core.common.CommonExecutor.accessTestCaseMainPhase(CommonExecutor.java:65)&#xa;	at com.kms.katalon.core.main.TestSuiteExecutor.accessTestSuiteMainPhase(TestSuiteExecutor.java:150)&#xa;	at com.kms.katalon.core.main.TestSuiteExecutor.execute(TestSuiteExecutor.java:106)&#xa;	at com.kms.katalon.core.main.TestCaseMain.startTestSuite(TestCaseMain.java:180)&#xa;	at TempTestSuite1729070688367.run(TempTestSuite1729070688367.groovy:35)&#xa;	at java.base/jdk.internal.reflect.NativeMethodAccessorImpl.invoke0(Native Method)&#xa;	at java.base/jdk.internal.reflect.NativeMethodAccessorImpl.invoke(NativeMethodAccessorImpl.java:77)&#xa;	at java.base/jdk.internal.reflect.DelegatingMethodAccessorImpl.invoke(DelegatingMethodAccessorImpl.java:43)&#xa;"/>
         <system-out><![CDATA[16-10-2024T16:25:41 - [TEST_CASE][ERROR] - Test Cases/Quản lý tài khoản merchant/Quản lý danh sách tài khoản/Chuyển tiền/TC_02_Kiểm tra validate khi cùng merchant: Test Cases/Quản lý tài khoản merchant/Quản lý danh sách tài khoản/Chuyển tiền/TC_02_Kiểm tra validate khi cùng merchant FAILED.
Reason:
org.openqa.selenium.ElementNotInteractableException: element not interactable
  (Session info: chrome=129.0.6668.101)
Build info: version: '3.141.59', revision: 'unknown', time: 'unknown'
System info: host: 'Aidans-Macbook.local', ip: 'fe80:0:0:0:1c6f:cbc0:8a36:2343%en0', os.name: 'Mac OS X', os.arch: 'aarch64', os.version: '14.5', java.version: '17.0.7'
Driver info: com.kms.katalon.selenium.driver.CChromeDriver
Capabilities {acceptInsecureCerts: false, browserName: chrome, browserVersion: 129.0.6668.101, chrome: {chromedriverVersion: 129.0.6668.100 (cf58cba358d..., userDataDir: /var/folders/w1/k98vh2j97rz...}, fedcm:accounts: true, goog:chromeOptions: {debuggerAddress: localhost:61089}, javascriptEnabled: true, networkConnectionEnabled: false, pageLoadStrategy: normal, platform: MAC, platformName: MAC, proxy: Proxy(), setWindowRect: true, strictFileInteractability: false, timeouts: {implicit: 0, pageLoad: 300000, script: 30000}, unhandledPromptBehavior: dismiss and notify, webauthn:extension:credBlob: true, webauthn:extension:largeBlob: true, webauthn:extension:minPinLength: true, webauthn:extension:prf: true, webauthn:virtualAuthenticators: true}
Session ID: 9c1abaea43f671e0c9c9a8f781dc93e4
	at java.base/jdk.internal.reflect.NativeConstructorAccessorImpl.newInstance0(Native Method)
	at java.base/jdk.internal.reflect.NativeConstructorAccessorImpl.newInstance(NativeConstructorAccessorImpl.java:77)
	at java.base/jdk.internal.reflect.DelegatingConstructorAccessorImpl.newInstance(DelegatingConstructorAccessorImpl.java:45)
	at org.openqa.selenium.remote.http.W3CHttpResponseCodec.createException(W3CHttpResponseCodec.java:187)
	at org.openqa.selenium.remote.http.W3CHttpResponseCodec.decode(W3CHttpResponseCodec.java:122)
	at org.openqa.selenium.remote.http.W3CHttpResponseCodec.decode(W3CHttpResponseCodec.java:49)
	at org.openqa.selenium.remote.HttpCommandExecutor.execute(HttpCommandExecutor.java:158)
	at org.openqa.selenium.remote.service.DriverCommandExecutor.execute(DriverCommandExecutor.java:83)
	at org.openqa.selenium.remote.RemoteWebDriver.execute(RemoteWebDriver.java:552)
	at com.kms.katalon.selenium.driver.CChromeDriver.execute(CChromeDriver.java:19)
	at org.openqa.selenium.remote.RemoteWebElement.execute(RemoteWebElement.java:285)
	at org.openqa.selenium.remote.RemoteWebElement.click(RemoteWebElement.java:84)
	at jdk.internal.reflect.GeneratedMethodAccessor11.invoke(Unknown Source)
	at java.base/jdk.internal.reflect.DelegatingMethodAccessorImpl.invoke(DelegatingMethodAccessorImpl.java:43)
	at org.openqa.selenium.support.events.EventFiringWebDriver$EventFiringWebElement.lambda$new$0(EventFiringWebDriver.java:404)
	at jdk.proxy2/jdk.proxy2.$Proxy23.click(Unknown Source)
	at org.openqa.selenium.support.events.EventFiringWebDriver$EventFiringWebElement.click(EventFiringWebDriver.java:417)
	at TC_02_Kiểm tra validate khi cùng merchant.run(TC_02_Kiểm tra validate khi cùng merchant:79)
	at com.kms.katalon.core.main.ScriptEngine.run(ScriptEngine.java:194)
	at com.kms.katalon.core.main.ScriptEngine.runScriptAsRawText(ScriptEngine.java:119)
	at com.kms.katalon.core.main.TestCaseExecutor.runScript(TestCaseExecutor.java:448)
	at com.kms.katalon.core.main.TestCaseExecutor.doExecute(TestCaseExecutor.java:439)
	at com.kms.katalon.core.main.TestCaseExecutor.processExecutionPhase(TestCaseExecutor.java:418)
	at com.kms.katalon.core.main.TestCaseExecutor.accessMainPhase(TestCaseExecutor.java:410)
	at com.kms.katalon.core.main.TestCaseExecutor.execute(TestCaseExecutor.java:285)
	at com.kms.katalon.core.common.CommonExecutor.accessTestCaseMainPhase(CommonExecutor.java:65)
	at com.kms.katalon.core.main.TestSuiteExecutor.accessTestSuiteMainPhase(TestSuiteExecutor.java:150)
	at com.kms.katalon.core.main.TestSuiteExecutor.execute(TestSuiteExecutor.java:106)
	at com.kms.katalon.core.main.TestCaseMain.startTestSuite(TestCaseMain.java:180)
	at TempTestSuite1729070688367.run(TempTestSuite1729070688367.groovy:35)
	at java.base/jdk.internal.reflect.NativeMethodAccessorImpl.invoke0(Native Method)
	at java.base/jdk.internal.reflect.NativeMethodAccessorImpl.invoke(NativeMethodAccessorImpl.java:77)
	at java.base/jdk.internal.reflect.DelegatingMethodAccessorImpl.invoke(DelegatingMethodAccessorImpl.java:43)


16-10-2024T16:25:41 - [TEST_STEP][PASSED] - Start listener action : sampleBeforeTestCase: Navigate to 'https://stg-cms-console.9pay.mobi/login' successfully

16-10-2024T16:25:41 - [TEST_STEP][PASSED] - testCaseId = testCaseContext.getTestCaseId(): null

16-10-2024T16:25:41 - [TEST_STEP][PASSED] - url = <not implemented yet for class: org.codehaus.groovy.ast.expr.EmptyExpression>: null

16-10-2024T16:25:41 - [TEST_STEP][PASSED] - if (testCaseId == "Test Cases/Quản lý tài khoản merchant/Quản lý dịch vụ merchant/TC_14_Kiểm tra thay đổi sau khi cấu hình VA trên MCV"): null

16-10-2024T16:25:41 - [TEST_STEP][PASSED] - else: null

16-10-2024T16:25:41 - [TEST_STEP][PASSED] - url = "https://stg-cms-console.9pay.mobi/login": null

16-10-2024T16:25:41 - [TEST_STEP][PASSED] - openBrowser(""): Browser is opened with url: ''

16-10-2024T16:25:41 - [MESSAGE][WARNING] - A browser is already opened. Closing browser and opening a new one

16-10-2024T16:25:42 - [MESSAGE][INFO] - Starting 'Chrome' driver

16-10-2024T16:25:42 - [MESSAGE][INFO] - Action delay is set to 0 milliseconds

16-10-2024T16:25:42 - [MESSAGE][PASSED] - Browser is opened with url: ''

16-10-2024T16:25:42 - [TEST_STEP][PASSED] - maximizeWindow(): Current window maximized

16-10-2024T16:25:43 - [MESSAGE][PASSED] - Current window maximized

16-10-2024T16:25:43 - [TEST_STEP][PASSED] - navigateToUrl(url): Navigate to 'https://stg-cms-console.9pay.mobi/login' successfully

16-10-2024T16:25:49 - [MESSAGE][PASSED] - Navigate to 'https://stg-cms-console.9pay.mobi/login' successfully

16-10-2024T16:25:49 - [TEST_STEP][PASSED] - driver = getWebDriver(): null

16-10-2024T16:25:49 - [TEST_STEP][PASSED] - amount = 100000: null

16-10-2024T16:25:49 - [TEST_STEP][PASSED] - amountMax = 9999999999: null

16-10-2024T16:25:49 - [TEST_STEP][PASSED] - callTestCase(findTestCase("Test Cases/Login/LoginCommon"), [:], STOP_ON_FAILURE): Call Test Case 'Test Cases/Login/LoginCommon' successfully

16-10-2024T16:25:49 - [TEST_CASE][PASSED] - Test Cases/Login/LoginCommon: Test Cases/Login/LoginCommon

16-10-2024T16:25:49 - [TEST_STEP][PASSED] - driver = getWebDriver(): null

16-10-2024T16:25:49 - [TEST_STEP][PASSED] - sendKeys(findTestObject("Quản lý tài khoản merchant/Quản lý dịch vụ merchant/userNameTextbox"), userAccount): Keys 'dannt@9pay.vn' sent to object: 'Object Repository/Quản lý tài khoản merchant/Quản lý dịch vụ merchant/userNameTextbox'

16-10-2024T16:25:50 - [MESSAGE][PASSED] - Keys 'dannt@9pay.vn' sent to object: 'Object Repository/Quản lý tài khoản merchant/Quản lý dịch vụ merchant/userNameTextbox'

16-10-2024T16:25:50 - [TEST_STEP][PASSED] - sendKeys(findTestObject("Quản lý tài khoản merchant/Quản lý dịch vụ merchant/passwordTextbox"), password): Keys 'dannt@9pay.vn' sent to object: 'Object Repository/Quản lý tài khoản merchant/Quản lý dịch vụ merchant/passwordTextbox'

16-10-2024T16:25:50 - [MESSAGE][PASSED] - Keys 'dannt@9pay.vn' sent to object: 'Object Repository/Quản lý tài khoản merchant/Quản lý dịch vụ merchant/passwordTextbox'

16-10-2024T16:25:50 - [TEST_STEP][PASSED] - click(findTestObject("Quản lý tài khoản merchant/Quản lý dịch vụ merchant/loginButton")): Object: 'Object Repository/Quản lý tài khoản merchant/Quản lý dịch vụ merchant/loginButton' is clicked on

16-10-2024T16:25:50 - [MESSAGE][PASSED] - Object: 'Object Repository/Quản lý tài khoản merchant/Quản lý dịch vụ merchant/loginButton' is clicked on

16-10-2024T16:25:50 - [MESSAGE][PASSED] - Call Test Case 'Test Cases/Login/LoginCommon' successfully

16-10-2024T16:25:50 - [TEST_STEP][PASSED] - waitForElementVisible(findTestObject("Trang chủ/userName"), 10, STOP_ON_FAILURE): Object 'Object Repository/Trang chủ/userName' is visible

16-10-2024T16:25:54 - [MESSAGE][PASSED] - Object 'Object Repository/Trang chủ/userName' is visible

16-10-2024T16:25:54 - [TEST_STEP][PASSED] - callTestCase(findTestCase("Test Cases/Quản lý tài khoản merchant/Quản lý danh sách tài khoản/CustomFunctions.groovy"), [:], STOP_ON_FAILURE): Call Test Case 'Test Cases/Quản lý tài khoản merchant/Quản lý danh sách tài khoản/CustomFunctions.groovy' successfully

16-10-2024T16:25:54 - [TEST_CASE][PASSED] - Test Cases/Quản lý tài khoản merchant/Quản lý danh sách tài khoản/CustomFunctions.groovy: Test Cases/Quản lý tài khoản merchant/Quản lý danh sách tài khoản/CustomFunctions.groovy

16-10-2024T16:25:54 - [TEST_STEP][PASSED] - driver = getWebDriver(): null

16-10-2024T16:25:54 - [TEST_STEP][PASSED] - sleep(2000): null

16-10-2024T16:25:56 - [TEST_STEP][PASSED] - element1 = driver.findElement(By.xpath(xpathManagerMC)): null

16-10-2024T16:25:57 - [TEST_STEP][PASSED] - actions = new org.openqa.selenium.interactions.Actions(driver): null

16-10-2024T16:25:57 - [TEST_STEP][PASSED] - click().perform(): null

16-10-2024T16:25:57 - [TEST_STEP][PASSED] - wait = new org.openqa.selenium.support.ui.WebDriverWait(com.kms.katalon.core.webui.driver.DriverFactory.getWebDriver(), 20): null

16-10-2024T16:25:57 - [TEST_STEP][PASSED] - element2 = wait.until(ExpectedConditions.elementToBeClickable(By.xpath(xpathManagerListAccount))): null

16-10-2024T16:25:57 - [TEST_STEP][PASSED] - click().perform(): null

16-10-2024T16:25:57 - [TEST_STEP][PASSED] - wait.until(ExpectedConditions.visibilityOfElementLocated(By.xpath(xpathUserCode))): null

16-10-2024T16:26:01 - [TEST_STEP][PASSED] - xpath(xpathBtnAccount))).click(): null

16-10-2024T16:26:01 - [TEST_STEP][PASSED] - searchTextbox = wait.until(ExpectedConditions.elementToBeClickable(By.xpath(xpathSearchTextbox))): null

16-10-2024T16:26:02 - [TEST_STEP][PASSED] - searchTextbox.sendKeys("dannt11"): null

16-10-2024T16:26:02 - [TEST_STEP][PASSED] - xpath(xpathOption)).click(): null

16-10-2024T16:26:02 - [TEST_STEP][PASSED] - xpath(xpathBtnSearch)).click(): null

16-10-2024T16:26:02 - [TEST_STEP][PASSED] - Assert.assertEquals(xpath(xpathAccountName)).getText(), username): null

16-10-2024T16:26:05 - [TEST_STEP][PASSED] - xpath(xpathUser)).click(): null

16-10-2024T16:26:05 - [TEST_STEP][PASSED] - xpath(xpathSearchTextbox)).sendKeys("dannt21"): null

16-10-2024T16:26:05 - [TEST_STEP][PASSED] - xpath(xpathClicked)).click(): null

16-10-2024T16:26:05 - [TEST_STEP][PASSED] - xpath(xpathBtnSearch)).click(): null

16-10-2024T16:26:06 - [MESSAGE][PASSED] - Call Test Case 'Test Cases/Quản lý tài khoản merchant/Quản lý danh sách tài khoản/CustomFunctions.groovy' successfully

16-10-2024T16:26:06 - [TEST_STEP][PASSED] - wait = new org.openqa.selenium.support.ui.WebDriverWait(com.kms.katalon.core.webui.driver.DriverFactory.getWebDriver(), 20): null

16-10-2024T16:26:06 - [TEST_STEP][PASSED] - xpath(xpathTranfer)).click(): null

16-10-2024T16:26:08 - [TEST_STEP][PASSED] - wait.until(ExpectedConditions.visibilityOfElementLocated(By.xpath(xpathTextAccount))): null

16-10-2024T16:26:17 - [TEST_STEP][PASSED] - xpath(xpathTaiKhoanNhan)).click(): null

16-10-2024T16:26:20 - [TEST_STEP][PASSED] - xpath(xpathSearchTextbox1)).sendKeys(username): null

16-10-2024T16:26:22 - [TEST_STEP][PASSED] - xpath(xpathClicked)).click(): null

16-10-2024T16:26:23 - [TEST_STEP][PASSED] - xpath(xpathConfirm)).click(): null

16-10-2024T16:26:25 - [TEST_STEP][PASSED] - Assert.assertEquals(xpath(xpathChonViChuyen1)).getText(), "Vui lòng chọn ví chuyển."): null

16-10-2024T16:26:26 - [TEST_STEP][PASSED] - Assert.assertEquals(xpath(xpathNhapSoTienChuyen)).getText(), "Vui lòng nhập số tiền chuyển."): null

16-10-2024T16:26:26 - [TEST_STEP][PASSED] - Assert.assertEquals(xpath(xpathChonViNhan1)).getText(), "Vui lòng chọn ví nhận."): null

16-10-2024T16:26:27 - [TEST_STEP][PASSED] - navigate().refresh(): null

16-10-2024T16:26:27 - [TEST_STEP][PASSED] - wait.until(ExpectedConditions.visibilityOfElementLocated(By.xpath(xpathTextAccount))): null

16-10-2024T16:26:33 - [TEST_STEP][PASSED] - xpath(xpathDepositTextbox)).sendKeys(amount): null

16-10-2024T16:26:34 - [TEST_STEP][PASSED] - xpath(xpathTaiKhoanNhan)).click(): null

16-10-2024T16:26:34 - [TEST_STEP][PASSED] - xpath(xpathSearchTextbox1)).sendKeys(username): null

16-10-2024T16:26:34 - [TEST_STEP][PASSED] - xpath(xpathClicked)).click(): null

16-10-2024T16:26:35 - [TEST_STEP][PASSED] - xpath(xpathChonViNhan)).click(): null

16-10-2024T16:26:35 - [TEST_STEP][PASSED] - xpath(xpathThuHo)).click(): null

16-10-2024T16:26:35 - [TEST_STEP][PASSED] - xpath(xpathConfirm)).click(): null

16-10-2024T16:26:36 - [TEST_STEP][PASSED] - Assert.assertEquals(xpath(xpathChonViChuyen1)).getText(), "Vui lòng chọn ví chuyển."): null

16-10-2024T16:26:36 - [TEST_STEP][PASSED] - navigate().refresh(): null

16-10-2024T16:26:36 - [TEST_STEP][PASSED] - wait.until(ExpectedConditions.visibilityOfElementLocated(By.xpath(xpathTextAccount))): null

16-10-2024T16:26:43 - [TEST_STEP][PASSED] - xpath(xpathDepositTextbox)).sendKeys(amount): null

16-10-2024T16:26:43 - [TEST_STEP][PASSED] - xpath(xpathTaiKhoanNhan)).click(): null

16-10-2024T16:26:43 - [TEST_STEP][PASSED] - xpath(xpathSearchTextbox1)).sendKeys(username): null

16-10-2024T16:26:44 - [TEST_STEP][PASSED] - xpath(xpathClicked)).click(): null

16-10-2024T16:26:44 - [TEST_STEP][PASSED] - xpath(xpathChonViChuyen)).click(): null

16-10-2024T16:26:45 - [TEST_STEP][PASSED] - xpath(xpathThuHo1)).click(): null

16-10-2024T16:26:45 - [TEST_STEP][PASSED] - xpath(xpathConfirm)).click(): null

16-10-2024T16:26:45 - [TEST_STEP][PASSED] - Assert.assertEquals(xpath(xpathChonViNhan1)).getText(), "Vui lòng chọn ví nhận."): null

16-10-2024T16:26:46 - [TEST_STEP][PASSED] - navigate().refresh(): null

16-10-2024T16:26:46 - [TEST_STEP][PASSED] - wait.until(ExpectedConditions.visibilityOfElementLocated(By.xpath(xpathTextAccount))): null

16-10-2024T16:26:52 - [TEST_STEP][PASSED] - xpath(xpathTaiKhoanNhan)).click(): null

16-10-2024T16:26:55 - [TEST_STEP][PASSED] - xpath(xpathSearchTextbox1)).sendKeys(username): null

16-10-2024T16:26:57 - [TEST_STEP][PASSED] - xpath(xpathClicked)).click(): null

16-10-2024T16:26:58 - [TEST_STEP][PASSED] - xpath(xpathChonViChuyen)).click(): null

16-10-2024T16:27:00 - [TEST_STEP][PASSED] - xpath(xpathThuHo1)).click(): null

16-10-2024T16:27:02 - [TEST_STEP][PASSED] - xpath(xpathChonViNhan)).click(): null

16-10-2024T16:27:04 - [TEST_STEP][PASSED] - xpath(xpathThuHo)).click(): null

16-10-2024T16:27:06 - [TEST_STEP][PASSED] - xpath(xpathConfirm)).click(): null

16-10-2024T16:27:08 - [TEST_STEP][PASSED] - Assert.assertEquals(xpath(xpathNhapSoTienChuyen)).getText(), "Vui lòng nhập số tiền chuyển."): null

16-10-2024T16:27:10 - [TEST_STEP][PASSED] - navigate().refresh(): null

16-10-2024T16:27:11 - [TEST_STEP][PASSED] - wait.until(ExpectedConditions.visibilityOfElementLocated(By.xpath(xpathTextAccount))): null

16-10-2024T16:27:18 - [TEST_STEP][PASSED] - xpath(xpathTaiKhoanNhan)).click(): null

16-10-2024T16:27:20 - [TEST_STEP][PASSED] - xpath(xpathSearchTextbox1)).sendKeys(username): null

16-10-2024T16:27:23 - [TEST_STEP][ERROR] - xpath(xpathClicked)).click(): Test Cases/Quản lý tài khoản merchant/Quản lý danh sách tài khoản/Chuyển tiền/TC_02_Kiểm tra validate khi cùng merchant FAILED.
Reason:
org.openqa.selenium.ElementNotInteractableException: element not interactable
  (Session info: chrome=129.0.6668.101)
Build info: version: '3.141.59', revision: 'unknown', time: 'unknown'
System info: host: 'Aidans-Macbook.local', ip: 'fe80:0:0:0:1c6f:cbc0:8a36:2343%en0', os.name: 'Mac OS X', os.arch: 'aarch64', os.version: '14.5', java.version: '17.0.7'
Driver info: com.kms.katalon.selenium.driver.CChromeDriver
Capabilities {acceptInsecureCerts: false, browserName: chrome, browserVersion: 129.0.6668.101, chrome: {chromedriverVersion: 129.0.6668.100 (cf58cba358d..., userDataDir: /var/folders/w1/k98vh2j97rz...}, fedcm:accounts: true, goog:chromeOptions: {debuggerAddress: localhost:61089}, javascriptEnabled: true, networkConnectionEnabled: false, pageLoadStrategy: normal, platform: MAC, platformName: MAC, proxy: Proxy(), setWindowRect: true, strictFileInteractability: false, timeouts: {implicit: 0, pageLoad: 300000, script: 30000}, unhandledPromptBehavior: dismiss and notify, webauthn:extension:credBlob: true, webauthn:extension:largeBlob: true, webauthn:extension:minPinLength: true, webauthn:extension:prf: true, webauthn:virtualAuthenticators: true}
Session ID: 9c1abaea43f671e0c9c9a8f781dc93e4
	at java.base/jdk.internal.reflect.NativeConstructorAccessorImpl.newInstance0(Native Method)
	at java.base/jdk.internal.reflect.NativeConstructorAccessorImpl.newInstance(NativeConstructorAccessorImpl.java:77)
	at java.base/jdk.internal.reflect.DelegatingConstructorAccessorImpl.newInstance(DelegatingConstructorAccessorImpl.java:45)
	at org.openqa.selenium.remote.http.W3CHttpResponseCodec.createException(W3CHttpResponseCodec.java:187)
	at org.openqa.selenium.remote.http.W3CHttpResponseCodec.decode(W3CHttpResponseCodec.java:122)
	at org.openqa.selenium.remote.http.W3CHttpResponseCodec.decode(W3CHttpResponseCodec.java:49)
	at org.openqa.selenium.remote.HttpCommandExecutor.execute(HttpCommandExecutor.java:158)
	at org.openqa.selenium.remote.service.DriverCommandExecutor.execute(DriverCommandExecutor.java:83)
	at org.openqa.selenium.remote.RemoteWebDriver.execute(RemoteWebDriver.java:552)
	at com.kms.katalon.selenium.driver.CChromeDriver.execute(CChromeDriver.java:19)
	at org.openqa.selenium.remote.RemoteWebElement.execute(RemoteWebElement.java:285)
	at org.openqa.selenium.remote.RemoteWebElement.click(RemoteWebElement.java:84)
	at jdk.internal.reflect.GeneratedMethodAccessor11.invoke(Unknown Source)
	at java.base/jdk.internal.reflect.DelegatingMethodAccessorImpl.invoke(DelegatingMethodAccessorImpl.java:43)
	at org.openqa.selenium.support.events.EventFiringWebDriver$EventFiringWebElement.lambda$new$0(EventFiringWebDriver.java:404)
	at jdk.proxy2/jdk.proxy2.$Proxy23.click(Unknown Source)
	at org.openqa.selenium.support.events.EventFiringWebDriver$EventFiringWebElement.click(EventFiringWebDriver.java:417)
	at TC_02_Kiểm tra validate khi cùng merchant.run(TC_02_Kiểm tra validate khi cùng merchant:79)
	at com.kms.katalon.core.main.ScriptEngine.run(ScriptEngine.java:194)
	at com.kms.katalon.core.main.ScriptEngine.runScriptAsRawText(ScriptEngine.java:119)
	at com.kms.katalon.core.main.TestCaseExecutor.runScript(TestCaseExecutor.java:448)
	at com.kms.katalon.core.main.TestCaseExecutor.doExecute(TestCaseExecutor.java:439)
	at com.kms.katalon.core.main.TestCaseExecutor.processExecutionPhase(TestCaseExecutor.java:418)
	at com.kms.katalon.core.main.TestCaseExecutor.accessMainPhase(TestCaseExecutor.java:410)
	at com.kms.katalon.core.main.TestCaseExecutor.execute(TestCaseExecutor.java:285)
	at com.kms.katalon.core.common.CommonExecutor.accessTestCaseMainPhase(CommonExecutor.java:65)
	at com.kms.katalon.core.main.TestSuiteExecutor.accessTestSuiteMainPhase(TestSuiteExecutor.java:150)
	at com.kms.katalon.core.main.TestSuiteExecutor.execute(TestSuiteExecutor.java:106)
	at com.kms.katalon.core.main.TestCaseMain.startTestSuite(TestCaseMain.java:180)
	at TempTestSuite1729070688367.run(TempTestSuite1729070688367.groovy:35)
	at java.base/jdk.internal.reflect.NativeMethodAccessorImpl.invoke0(Native Method)
	at java.base/jdk.internal.reflect.NativeMethodAccessorImpl.invoke(NativeMethodAccessorImpl.java:77)
	at java.base/jdk.internal.reflect.DelegatingMethodAccessorImpl.invoke(DelegatingMethodAccessorImpl.java:43)


16-10-2024T16:27:24 - [MESSAGE][ERROR] - Test Cases/Quản lý tài khoản merchant/Quản lý danh sách tài khoản/Chuyển tiền/TC_02_Kiểm tra validate khi cùng merchant FAILED.
Reason:
org.openqa.selenium.ElementNotInteractableException: element not interactable
  (Session info: chrome=129.0.6668.101)
Build info: version: '3.141.59', revision: 'unknown', time: 'unknown'
System info: host: 'Aidans-Macbook.local', ip: 'fe80:0:0:0:1c6f:cbc0:8a36:2343%en0', os.name: 'Mac OS X', os.arch: 'aarch64', os.version: '14.5', java.version: '17.0.7'
Driver info: com.kms.katalon.selenium.driver.CChromeDriver
Capabilities {acceptInsecureCerts: false, browserName: chrome, browserVersion: 129.0.6668.101, chrome: {chromedriverVersion: 129.0.6668.100 (cf58cba358d..., userDataDir: /var/folders/w1/k98vh2j97rz...}, fedcm:accounts: true, goog:chromeOptions: {debuggerAddress: localhost:61089}, javascriptEnabled: true, networkConnectionEnabled: false, pageLoadStrategy: normal, platform: MAC, platformName: MAC, proxy: Proxy(), setWindowRect: true, strictFileInteractability: false, timeouts: {implicit: 0, pageLoad: 300000, script: 30000}, unhandledPromptBehavior: dismiss and notify, webauthn:extension:credBlob: true, webauthn:extension:largeBlob: true, webauthn:extension:minPinLength: true, webauthn:extension:prf: true, webauthn:virtualAuthenticators: true}
Session ID: 9c1abaea43f671e0c9c9a8f781dc93e4
	at java.base/jdk.internal.reflect.NativeConstructorAccessorImpl.newInstance0(Native Method)
	at java.base/jdk.internal.reflect.NativeConstructorAccessorImpl.newInstance(NativeConstructorAccessorImpl.java:77)
	at java.base/jdk.internal.reflect.DelegatingConstructorAccessorImpl.newInstance(DelegatingConstructorAccessorImpl.java:45)
	at org.openqa.selenium.remote.http.W3CHttpResponseCodec.createException(W3CHttpResponseCodec.java:187)
	at org.openqa.selenium.remote.http.W3CHttpResponseCodec.decode(W3CHttpResponseCodec.java:122)
	at org.openqa.selenium.remote.http.W3CHttpResponseCodec.decode(W3CHttpResponseCodec.java:49)
	at org.openqa.selenium.remote.HttpCommandExecutor.execute(HttpCommandExecutor.java:158)
	at org.openqa.selenium.remote.service.DriverCommandExecutor.execute(DriverCommandExecutor.java:83)
	at org.openqa.selenium.remote.RemoteWebDriver.execute(RemoteWebDriver.java:552)
	at com.kms.katalon.selenium.driver.CChromeDriver.execute(CChromeDriver.java:19)
	at org.openqa.selenium.remote.RemoteWebElement.execute(RemoteWebElement.java:285)
	at org.openqa.selenium.remote.RemoteWebElement.click(RemoteWebElement.java:84)
	at jdk.internal.reflect.GeneratedMethodAccessor11.invoke(Unknown Source)
	at java.base/jdk.internal.reflect.DelegatingMethodAccessorImpl.invoke(DelegatingMethodAccessorImpl.java:43)
	at org.openqa.selenium.support.events.EventFiringWebDriver$EventFiringWebElement.lambda$new$0(EventFiringWebDriver.java:404)
	at jdk.proxy2/jdk.proxy2.$Proxy23.click(Unknown Source)
	at org.openqa.selenium.support.events.EventFiringWebDriver$EventFiringWebElement.click(EventFiringWebDriver.java:417)
	at TC_02_Kiểm tra validate khi cùng merchant.run(TC_02_Kiểm tra validate khi cùng merchant:79)
	at com.kms.katalon.core.main.ScriptEngine.run(ScriptEngine.java:194)
	at com.kms.katalon.core.main.ScriptEngine.runScriptAsRawText(ScriptEngine.java:119)
	at com.kms.katalon.core.main.TestCaseExecutor.runScript(TestCaseExecutor.java:448)
	at com.kms.katalon.core.main.TestCaseExecutor.doExecute(TestCaseExecutor.java:439)
	at com.kms.katalon.core.main.TestCaseExecutor.processExecutionPhase(TestCaseExecutor.java:418)
	at com.kms.katalon.core.main.TestCaseExecutor.accessMainPhase(TestCaseExecutor.java:410)
	at com.kms.katalon.core.main.TestCaseExecutor.execute(TestCaseExecutor.java:285)
	at com.kms.katalon.core.common.CommonExecutor.accessTestCaseMainPhase(CommonExecutor.java:65)
	at com.kms.katalon.core.main.TestSuiteExecutor.accessTestSuiteMainPhase(TestSuiteExecutor.java:150)
	at com.kms.katalon.core.main.TestSuiteExecutor.execute(TestSuiteExecutor.java:106)
	at com.kms.katalon.core.main.TestCaseMain.startTestSuite(TestCaseMain.java:180)
	at TempTestSuite1729070688367.run(TempTestSuite1729070688367.groovy:35)
	at java.base/jdk.internal.reflect.NativeMethodAccessorImpl.invoke0(Native Method)
	at java.base/jdk.internal.reflect.NativeMethodAccessorImpl.invoke(NativeMethodAccessorImpl.java:77)
	at java.base/jdk.internal.reflect.DelegatingMethodAccessorImpl.invoke(DelegatingMethodAccessorImpl.java:43)


16-10-2024T16:27:24 - [TEST_STEP][PASSED] - Start listener action : sampleAfterTestCase: null

16-10-2024T16:27:24 - [TEST_STEP][PASSED] - testCaseId = testCaseContext.getTestCaseId(): null

16-10-2024T16:27:24 - [TEST_STEP][PASSED] - if (testCaseId == "Test Cases/Quản lý tài khoản merchant/Quản lý dịch vụ merchant/TC_13_Kiểm tra chức năng xác nhận cấu hình thay đổi VA"): null]]></system-out>
         <system-err><![CDATA[16-10-2024T16:25:41 - [TEST_CASE][ERROR] - Test Cases/Quản lý tài khoản merchant/Quản lý danh sách tài khoản/Chuyển tiền/TC_02_Kiểm tra validate khi cùng merchant: Test Cases/Quản lý tài khoản merchant/Quản lý danh sách tài khoản/Chuyển tiền/TC_02_Kiểm tra validate khi cùng merchant FAILED.
Reason:
org.openqa.selenium.ElementNotInteractableException: element not interactable
  (Session info: chrome=129.0.6668.101)
Build info: version: '3.141.59', revision: 'unknown', time: 'unknown'
System info: host: 'Aidans-Macbook.local', ip: 'fe80:0:0:0:1c6f:cbc0:8a36:2343%en0', os.name: 'Mac OS X', os.arch: 'aarch64', os.version: '14.5', java.version: '17.0.7'
Driver info: com.kms.katalon.selenium.driver.CChromeDriver
Capabilities {acceptInsecureCerts: false, browserName: chrome, browserVersion: 129.0.6668.101, chrome: {chromedriverVersion: 129.0.6668.100 (cf58cba358d..., userDataDir: /var/folders/w1/k98vh2j97rz...}, fedcm:accounts: true, goog:chromeOptions: {debuggerAddress: localhost:61089}, javascriptEnabled: true, networkConnectionEnabled: false, pageLoadStrategy: normal, platform: MAC, platformName: MAC, proxy: Proxy(), setWindowRect: true, strictFileInteractability: false, timeouts: {implicit: 0, pageLoad: 300000, script: 30000}, unhandledPromptBehavior: dismiss and notify, webauthn:extension:credBlob: true, webauthn:extension:largeBlob: true, webauthn:extension:minPinLength: true, webauthn:extension:prf: true, webauthn:virtualAuthenticators: true}
Session ID: 9c1abaea43f671e0c9c9a8f781dc93e4
	at java.base/jdk.internal.reflect.NativeConstructorAccessorImpl.newInstance0(Native Method)
	at java.base/jdk.internal.reflect.NativeConstructorAccessorImpl.newInstance(NativeConstructorAccessorImpl.java:77)
	at java.base/jdk.internal.reflect.DelegatingConstructorAccessorImpl.newInstance(DelegatingConstructorAccessorImpl.java:45)
	at org.openqa.selenium.remote.http.W3CHttpResponseCodec.createException(W3CHttpResponseCodec.java:187)
	at org.openqa.selenium.remote.http.W3CHttpResponseCodec.decode(W3CHttpResponseCodec.java:122)
	at org.openqa.selenium.remote.http.W3CHttpResponseCodec.decode(W3CHttpResponseCodec.java:49)
	at org.openqa.selenium.remote.HttpCommandExecutor.execute(HttpCommandExecutor.java:158)
	at org.openqa.selenium.remote.service.DriverCommandExecutor.execute(DriverCommandExecutor.java:83)
	at org.openqa.selenium.remote.RemoteWebDriver.execute(RemoteWebDriver.java:552)
	at com.kms.katalon.selenium.driver.CChromeDriver.execute(CChromeDriver.java:19)
	at org.openqa.selenium.remote.RemoteWebElement.execute(RemoteWebElement.java:285)
	at org.openqa.selenium.remote.RemoteWebElement.click(RemoteWebElement.java:84)
	at jdk.internal.reflect.GeneratedMethodAccessor11.invoke(Unknown Source)
	at java.base/jdk.internal.reflect.DelegatingMethodAccessorImpl.invoke(DelegatingMethodAccessorImpl.java:43)
	at org.openqa.selenium.support.events.EventFiringWebDriver$EventFiringWebElement.lambda$new$0(EventFiringWebDriver.java:404)
	at jdk.proxy2/jdk.proxy2.$Proxy23.click(Unknown Source)
	at org.openqa.selenium.support.events.EventFiringWebDriver$EventFiringWebElement.click(EventFiringWebDriver.java:417)
	at TC_02_Kiểm tra validate khi cùng merchant.run(TC_02_Kiểm tra validate khi cùng merchant:79)
	at com.kms.katalon.core.main.ScriptEngine.run(ScriptEngine.java:194)
	at com.kms.katalon.core.main.ScriptEngine.runScriptAsRawText(ScriptEngine.java:119)
	at com.kms.katalon.core.main.TestCaseExecutor.runScript(TestCaseExecutor.java:448)
	at com.kms.katalon.core.main.TestCaseExecutor.doExecute(TestCaseExecutor.java:439)
	at com.kms.katalon.core.main.TestCaseExecutor.processExecutionPhase(TestCaseExecutor.java:418)
	at com.kms.katalon.core.main.TestCaseExecutor.accessMainPhase(TestCaseExecutor.java:410)
	at com.kms.katalon.core.main.TestCaseExecutor.execute(TestCaseExecutor.java:285)
	at com.kms.katalon.core.common.CommonExecutor.accessTestCaseMainPhase(CommonExecutor.java:65)
	at com.kms.katalon.core.main.TestSuiteExecutor.accessTestSuiteMainPhase(TestSuiteExecutor.java:150)
	at com.kms.katalon.core.main.TestSuiteExecutor.execute(TestSuiteExecutor.java:106)
	at com.kms.katalon.core.main.TestCaseMain.startTestSuite(TestCaseMain.java:180)
	at TempTestSuite1729070688367.run(TempTestSuite1729070688367.groovy:35)
	at java.base/jdk.internal.reflect.NativeMethodAccessorImpl.invoke0(Native Method)
	at java.base/jdk.internal.reflect.NativeMethodAccessorImpl.invoke(NativeMethodAccessorImpl.java:77)
	at java.base/jdk.internal.reflect.DelegatingMethodAccessorImpl.invoke(DelegatingMethodAccessorImpl.java:43)]]></system-err>
      </testcase>
      <testcase name="Test Cases/Quản lý tài khoản merchant/Quản lý danh sách tài khoản/Chuyển tiền/TC_03_Kiểm tra validate khi khác merchant" time="87.904" classname="Test Cases/Quản lý tài khoản merchant/Quản lý danh sách tài khoản/Chuyển tiền/TC_03_Kiểm tra validate khi khác merchant" status="PASSED">
         <system-out><![CDATA[16-10-2024T16:27:24 - [TEST_CASE][PASSED] - Test Cases/Quản lý tài khoản merchant/Quản lý danh sách tài khoản/Chuyển tiền/TC_03_Kiểm tra validate khi khác merchant: Test Cases/Quản lý tài khoản merchant/Quản lý danh sách tài khoản/Chuyển tiền/TC_03_Kiểm tra validate khi khác merchant

16-10-2024T16:27:24 - [TEST_STEP][PASSED] - Start listener action : sampleBeforeTestCase: Navigate to 'https://stg-cms-console.9pay.mobi/login' successfully

16-10-2024T16:27:24 - [TEST_STEP][PASSED] - testCaseId = testCaseContext.getTestCaseId(): null

16-10-2024T16:27:24 - [TEST_STEP][PASSED] - url = <not implemented yet for class: org.codehaus.groovy.ast.expr.EmptyExpression>: null

16-10-2024T16:27:24 - [TEST_STEP][PASSED] - if (testCaseId == "Test Cases/Quản lý tài khoản merchant/Quản lý dịch vụ merchant/TC_14_Kiểm tra thay đổi sau khi cấu hình VA trên MCV"): null

16-10-2024T16:27:24 - [TEST_STEP][PASSED] - else: null

16-10-2024T16:27:24 - [TEST_STEP][PASSED] - url = "https://stg-cms-console.9pay.mobi/login": null

16-10-2024T16:27:24 - [TEST_STEP][PASSED] - openBrowser(""): Browser is opened with url: ''

16-10-2024T16:27:24 - [MESSAGE][WARNING] - A browser is already opened. Closing browser and opening a new one

16-10-2024T16:27:25 - [MESSAGE][INFO] - Starting 'Chrome' driver

16-10-2024T16:27:25 - [MESSAGE][INFO] - Action delay is set to 0 milliseconds

16-10-2024T16:27:25 - [MESSAGE][PASSED] - Browser is opened with url: ''

16-10-2024T16:27:25 - [TEST_STEP][PASSED] - maximizeWindow(): Current window maximized

16-10-2024T16:27:25 - [MESSAGE][PASSED] - Current window maximized

16-10-2024T16:27:25 - [TEST_STEP][PASSED] - navigateToUrl(url): Navigate to 'https://stg-cms-console.9pay.mobi/login' successfully

16-10-2024T16:27:31 - [MESSAGE][PASSED] - Navigate to 'https://stg-cms-console.9pay.mobi/login' successfully

16-10-2024T16:27:31 - [TEST_STEP][PASSED] - driver = getWebDriver(): null

16-10-2024T16:27:31 - [TEST_STEP][PASSED] - amount = 100000: null

16-10-2024T16:27:31 - [TEST_STEP][PASSED] - amountMax = 9999999999: null

16-10-2024T16:27:31 - [TEST_STEP][PASSED] - callTestCase(findTestCase("Test Cases/Login/LoginCommon"), [:], STOP_ON_FAILURE): Call Test Case 'Test Cases/Login/LoginCommon' successfully

16-10-2024T16:27:31 - [TEST_CASE][PASSED] - Test Cases/Login/LoginCommon: Test Cases/Login/LoginCommon

16-10-2024T16:27:31 - [TEST_STEP][PASSED] - driver = getWebDriver(): null

16-10-2024T16:27:31 - [TEST_STEP][PASSED] - sendKeys(findTestObject("Quản lý tài khoản merchant/Quản lý dịch vụ merchant/userNameTextbox"), userAccount): Keys 'dannt@9pay.vn' sent to object: 'Object Repository/Quản lý tài khoản merchant/Quản lý dịch vụ merchant/userNameTextbox'

16-10-2024T16:27:31 - [MESSAGE][PASSED] - Keys 'dannt@9pay.vn' sent to object: 'Object Repository/Quản lý tài khoản merchant/Quản lý dịch vụ merchant/userNameTextbox'

16-10-2024T16:27:31 - [TEST_STEP][PASSED] - sendKeys(findTestObject("Quản lý tài khoản merchant/Quản lý dịch vụ merchant/passwordTextbox"), password): Keys 'dannt@9pay.vn' sent to object: 'Object Repository/Quản lý tài khoản merchant/Quản lý dịch vụ merchant/passwordTextbox'

16-10-2024T16:27:32 - [MESSAGE][PASSED] - Keys 'dannt@9pay.vn' sent to object: 'Object Repository/Quản lý tài khoản merchant/Quản lý dịch vụ merchant/passwordTextbox'

16-10-2024T16:27:32 - [TEST_STEP][PASSED] - click(findTestObject("Quản lý tài khoản merchant/Quản lý dịch vụ merchant/loginButton")): Object: 'Object Repository/Quản lý tài khoản merchant/Quản lý dịch vụ merchant/loginButton' is clicked on

16-10-2024T16:27:32 - [MESSAGE][PASSED] - Object: 'Object Repository/Quản lý tài khoản merchant/Quản lý dịch vụ merchant/loginButton' is clicked on

16-10-2024T16:27:32 - [MESSAGE][PASSED] - Call Test Case 'Test Cases/Login/LoginCommon' successfully

16-10-2024T16:27:32 - [TEST_STEP][PASSED] - waitForElementVisible(findTestObject("Trang chủ/userName"), 10, STOP_ON_FAILURE): Object 'Object Repository/Trang chủ/userName' is visible

16-10-2024T16:27:36 - [MESSAGE][PASSED] - Object 'Object Repository/Trang chủ/userName' is visible

16-10-2024T16:27:36 - [TEST_STEP][PASSED] - callTestCase(findTestCase("Test Cases/Quản lý tài khoản merchant/Quản lý danh sách tài khoản/CustomFunctions.groovy"), [:], STOP_ON_FAILURE): Call Test Case 'Test Cases/Quản lý tài khoản merchant/Quản lý danh sách tài khoản/CustomFunctions.groovy' successfully

16-10-2024T16:27:36 - [TEST_CASE][PASSED] - Test Cases/Quản lý tài khoản merchant/Quản lý danh sách tài khoản/CustomFunctions.groovy: Test Cases/Quản lý tài khoản merchant/Quản lý danh sách tài khoản/CustomFunctions.groovy

16-10-2024T16:27:36 - [TEST_STEP][PASSED] - driver = getWebDriver(): null

16-10-2024T16:27:36 - [TEST_STEP][PASSED] - sleep(2000): null

16-10-2024T16:27:38 - [TEST_STEP][PASSED] - element1 = driver.findElement(By.xpath(xpathManagerMC)): null

16-10-2024T16:27:38 - [TEST_STEP][PASSED] - actions = new org.openqa.selenium.interactions.Actions(driver): null

16-10-2024T16:27:38 - [TEST_STEP][PASSED] - click().perform(): null

16-10-2024T16:27:38 - [TEST_STEP][PASSED] - wait = new org.openqa.selenium.support.ui.WebDriverWait(com.kms.katalon.core.webui.driver.DriverFactory.getWebDriver(), 20): null

16-10-2024T16:27:38 - [TEST_STEP][PASSED] - element2 = wait.until(ExpectedConditions.elementToBeClickable(By.xpath(xpathManagerListAccount))): null

16-10-2024T16:27:39 - [TEST_STEP][PASSED] - click().perform(): null

16-10-2024T16:27:39 - [TEST_STEP][PASSED] - wait.until(ExpectedConditions.visibilityOfElementLocated(By.xpath(xpathUserCode))): null

16-10-2024T16:27:42 - [TEST_STEP][PASSED] - xpath(xpathBtnAccount))).click(): null

16-10-2024T16:27:42 - [TEST_STEP][PASSED] - searchTextbox = wait.until(ExpectedConditions.elementToBeClickable(By.xpath(xpathSearchTextbox))): null

16-10-2024T16:27:42 - [TEST_STEP][PASSED] - searchTextbox.sendKeys("dannt11"): null

16-10-2024T16:27:43 - [TEST_STEP][PASSED] - xpath(xpathOption)).click(): null

16-10-2024T16:27:43 - [TEST_STEP][PASSED] - xpath(xpathBtnSearch)).click(): null

16-10-2024T16:27:43 - [TEST_STEP][PASSED] - Assert.assertEquals(xpath(xpathAccountName)).getText(), username): null

16-10-2024T16:27:44 - [TEST_STEP][PASSED] - xpath(xpathUser)).click(): null

16-10-2024T16:27:44 - [TEST_STEP][PASSED] - xpath(xpathSearchTextbox)).sendKeys("dannt21"): null

16-10-2024T16:27:45 - [TEST_STEP][PASSED] - xpath(xpathClicked)).click(): null

16-10-2024T16:27:45 - [TEST_STEP][PASSED] - xpath(xpathBtnSearch)).click(): null

16-10-2024T16:27:45 - [MESSAGE][PASSED] - Call Test Case 'Test Cases/Quản lý tài khoản merchant/Quản lý danh sách tài khoản/CustomFunctions.groovy' successfully

16-10-2024T16:27:45 - [TEST_STEP][PASSED] - wait = new org.openqa.selenium.support.ui.WebDriverWait(com.kms.katalon.core.webui.driver.DriverFactory.getWebDriver(), 20): null

16-10-2024T16:27:45 - [TEST_STEP][PASSED] - xpath(xpathTranfer)).click(): null

16-10-2024T16:27:47 - [TEST_STEP][PASSED] - wait.until(ExpectedConditions.visibilityOfElementLocated(By.xpath(xpathTextAccount))): null

16-10-2024T16:27:56 - [TEST_STEP][PASSED] - xpath(xpathTaiKhoanNhan)).click(): null

16-10-2024T16:27:57 - [TEST_STEP][PASSED] - xpath(xpathSearchTextbox1)).sendKeys(username1): null

16-10-2024T16:27:57 - [TEST_STEP][PASSED] - xpath(xpathClicked)).click(): null

16-10-2024T16:27:57 - [TEST_STEP][PASSED] - xpath(xpathBtnConfirm)).click(): null

16-10-2024T16:27:58 - [TEST_STEP][PASSED] - wait.until(ExpectedConditions.elementToBeClickable(By.xpath(BtnOkXpath))): null

16-10-2024T16:27:58 - [TEST_STEP][PASSED] - Assert.assertEquals(xpath(xpathChuyenKhacMC)).getText(), "Bạn đang chuyển tiền khác sub-merchant?"): null

16-10-2024T16:27:59 - [TEST_STEP][PASSED] - xpath(BtnOkXpath)).click(): null

16-10-2024T16:27:59 - [TEST_STEP][PASSED] - Assert.assertEquals(xpath(xpathChonViChuyen1)).getText(), "Vui lòng chọn ví chuyển."): null

16-10-2024T16:27:59 - [TEST_STEP][PASSED] - Assert.assertEquals(xpath(xpathNhapSoTienChuyen)).getText(), "Vui lòng nhập số tiền chuyển."): null

16-10-2024T16:28:00 - [TEST_STEP][PASSED] - Assert.assertEquals(xpath(xpathChonViNhan1)).getText(), "Vui lòng chọn ví nhận."): null

16-10-2024T16:28:00 - [TEST_STEP][PASSED] - navigate().refresh(): null

16-10-2024T16:28:00 - [TEST_STEP][PASSED] - wait.until(ExpectedConditions.visibilityOfElementLocated(By.xpath(xpathTextAccount))): null

16-10-2024T16:28:14 - [TEST_STEP][PASSED] - xpath(xpathDepositTextbox)).sendKeys(amount): null

16-10-2024T16:28:15 - [TEST_STEP][PASSED] - xpath(xpathTaiKhoanNhan)).click(): null

16-10-2024T16:28:15 - [TEST_STEP][PASSED] - xpath(xpathSearchTextbox1)).sendKeys(username1): null

16-10-2024T16:28:15 - [TEST_STEP][PASSED] - xpath(xpathClicked)).click(): null

16-10-2024T16:28:16 - [TEST_STEP][PASSED] - xpath(xpathChonViNhan)).click(): null

16-10-2024T16:28:16 - [TEST_STEP][PASSED] - xpath(xpathThuHo)).click(): null

16-10-2024T16:28:16 - [TEST_STEP][PASSED] - xpath(xpathBtnConfirm)).click(): null

16-10-2024T16:28:17 - [TEST_STEP][PASSED] - wait.until(ExpectedConditions.elementToBeClickable(By.xpath(BtnOkXpath))): null

16-10-2024T16:28:17 - [TEST_STEP][PASSED] - Assert.assertEquals(xpath(xpathChuyenKhacMC)).getText(), "Bạn đang chuyển tiền khác sub-merchant?"): null

16-10-2024T16:28:17 - [TEST_STEP][PASSED] - xpath(BtnOkXpath)).click(): null

16-10-2024T16:28:18 - [TEST_STEP][PASSED] - Assert.assertEquals(xpath(xpathChonViChuyen1)).getText(), "Vui lòng chọn ví chuyển."): null

16-10-2024T16:28:18 - [TEST_STEP][PASSED] - navigate().refresh(): null

16-10-2024T16:28:18 - [TEST_STEP][PASSED] - wait.until(ExpectedConditions.visibilityOfElementLocated(By.xpath(xpathTextAccount))): null

16-10-2024T16:28:26 - [TEST_STEP][PASSED] - xpath(xpathDepositTextbox)).sendKeys(amount): null

16-10-2024T16:28:26 - [TEST_STEP][PASSED] - xpath(xpathTaiKhoanNhan)).click(): null

16-10-2024T16:28:26 - [TEST_STEP][PASSED] - xpath(xpathSearchTextbox1)).sendKeys(username1): null

16-10-2024T16:28:27 - [TEST_STEP][PASSED] - xpath(xpathClicked)).click(): null

16-10-2024T16:28:27 - [TEST_STEP][PASSED] - xpath(xpathChonViChuyen)).click(): null

16-10-2024T16:28:28 - [TEST_STEP][PASSED] - xpath(xpathThuHo1)).click(): null

16-10-2024T16:28:28 - [TEST_STEP][PASSED] - xpath(xpathBtnConfirm)).click(): null

16-10-2024T16:28:28 - [TEST_STEP][PASSED] - wait.until(ExpectedConditions.elementToBeClickable(By.xpath(BtnOkXpath))): null

16-10-2024T16:28:29 - [TEST_STEP][PASSED] - Assert.assertEquals(xpath(xpathChuyenKhacMC)).getText(), "Bạn đang chuyển tiền khác sub-merchant?"): null

16-10-2024T16:28:29 - [TEST_STEP][PASSED] - xpath(BtnOkXpath)).click(): null

16-10-2024T16:28:29 - [TEST_STEP][PASSED] - Assert.assertEquals(xpath(xpathChonViNhan1)).getText(), "Vui lòng chọn ví nhận."): null

16-10-2024T16:28:30 - [TEST_STEP][PASSED] - navigate().refresh(): null

16-10-2024T16:28:30 - [TEST_STEP][PASSED] - wait.until(ExpectedConditions.visibilityOfElementLocated(By.xpath(xpathTextAccount))): null

16-10-2024T16:28:37 - [TEST_STEP][PASSED] - xpath(xpathTaiKhoanNhan)).click(): null

16-10-2024T16:28:38 - [TEST_STEP][PASSED] - xpath(xpathSearchTextbox1)).sendKeys(username1): null

16-10-2024T16:28:38 - [TEST_STEP][PASSED] - xpath(xpathClicked)).click(): null

16-10-2024T16:28:38 - [TEST_STEP][PASSED] - xpath(xpathChonViChuyen)).click(): null

16-10-2024T16:28:39 - [TEST_STEP][PASSED] - xpath(xpathThuHo1)).click(): null

16-10-2024T16:28:39 - [TEST_STEP][PASSED] - xpath(xpathChonViNhan)).click(): null

16-10-2024T16:28:39 - [TEST_STEP][PASSED] - xpath(xpathThuHo)).click(): null

16-10-2024T16:28:40 - [TEST_STEP][PASSED] - xpath(xpathBtnConfirm)).click(): null

16-10-2024T16:28:40 - [TEST_STEP][PASSED] - wait.until(ExpectedConditions.elementToBeClickable(By.xpath(BtnOkXpath))): null

16-10-2024T16:28:41 - [TEST_STEP][PASSED] - Assert.assertEquals(xpath(xpathChuyenKhacMC)).getText(), "Bạn đang chuyển tiền khác sub-merchant?"): null

16-10-2024T16:28:41 - [TEST_STEP][PASSED] - xpath(BtnOkXpath)).click(): null

16-10-2024T16:28:41 - [TEST_STEP][PASSED] - Assert.assertEquals(xpath(xpathNhapSoTienChuyen)).getText(), "Vui lòng nhập số tiền chuyển."): null

16-10-2024T16:28:42 - [TEST_STEP][PASSED] - navigate().refresh(): null

16-10-2024T16:28:42 - [TEST_STEP][PASSED] - wait.until(ExpectedConditions.visibilityOfElementLocated(By.xpath(xpathTextAccount))): null

16-10-2024T16:28:47 - [TEST_STEP][PASSED] - xpath(xpathTaiKhoanNhan)).click(): null

16-10-2024T16:28:48 - [TEST_STEP][PASSED] - xpath(xpathSearchTextbox1)).sendKeys(username1): null

16-10-2024T16:28:48 - [TEST_STEP][PASSED] - xpath(xpathClicked)).click(): null

16-10-2024T16:28:48 - [TEST_STEP][PASSED] - xpath(xpathDepositTextbox)).sendKeys(amountMax): null

16-10-2024T16:28:49 - [TEST_STEP][PASSED] - xpath(xpathChonViNhan)).click(): null

16-10-2024T16:28:49 - [TEST_STEP][PASSED] - xpath(xpathChiHo2)).click(): null

16-10-2024T16:28:49 - [TEST_STEP][PASSED] - xpath(xpathChonViChuyen)).click(): null

16-10-2024T16:28:50 - [TEST_STEP][PASSED] - xpath(xpathThuHo1)).click(): null

16-10-2024T16:28:50 - [TEST_STEP][PASSED] - xpath(xpathBtnConfirm)).click(): null

16-10-2024T16:28:50 - [TEST_STEP][PASSED] - wait.until(ExpectedConditions.elementToBeClickable(By.xpath(BtnOkXpath))): null

16-10-2024T16:28:51 - [TEST_STEP][PASSED] - Assert.assertEquals(xpath(xpathChuyenKhacMC)).getText(), "Bạn đang chuyển tiền khác sub-merchant?"): null

16-10-2024T16:28:51 - [TEST_STEP][PASSED] - xpath(BtnOkXpath)).click(): null

16-10-2024T16:28:51 - [TEST_STEP][PASSED] - Assert.assertEquals(xpath(xpathSoDuKhaDungKhongDu)).getText(), "Số dư khả dụng không đủ để thực hiện giao dịch"): null

16-10-2024T16:28:52 - [TEST_STEP][PASSED] - xpath(xpathDepositOkBtn)).click(): null

16-10-2024T16:28:52 - [TEST_STEP][PASSED] - Start listener action : sampleAfterTestCase: null

16-10-2024T16:28:52 - [TEST_STEP][PASSED] - testCaseId = testCaseContext.getTestCaseId(): null

16-10-2024T16:28:52 - [TEST_STEP][PASSED] - if (testCaseId == "Test Cases/Quản lý tài khoản merchant/Quản lý dịch vụ merchant/TC_13_Kiểm tra chức năng xác nhận cấu hình thay đổi VA"): null]]></system-out>
         <system-err><![CDATA[]]></system-err>
      </testcase>
      <testcase name="Test Cases/Quản lý tài khoản merchant/Quản lý danh sách tài khoản/Chuyển tiền/TC_04_Kiểm tra khi chuyển tiền thành công cùng merchant" time="57.116" classname="Test Cases/Quản lý tài khoản merchant/Quản lý danh sách tài khoản/Chuyển tiền/TC_04_Kiểm tra khi chuyển tiền thành công cùng merchant" status="PASSED">
         <system-out><![CDATA[16-10-2024T16:28:52 - [TEST_CASE][PASSED] - Test Cases/Quản lý tài khoản merchant/Quản lý danh sách tài khoản/Chuyển tiền/TC_04_Kiểm tra khi chuyển tiền thành công cùng merchant: Test Cases/Quản lý tài khoản merchant/Quản lý danh sách tài khoản/Chuyển tiền/TC_04_Kiểm tra khi chuyển tiền thành công cùng merchant

16-10-2024T16:28:52 - [TEST_STEP][PASSED] - Start listener action : sampleBeforeTestCase: Navigate to 'https://stg-cms-console.9pay.mobi/login' successfully

16-10-2024T16:28:52 - [TEST_STEP][PASSED] - testCaseId = testCaseContext.getTestCaseId(): null

16-10-2024T16:28:52 - [TEST_STEP][PASSED] - url = <not implemented yet for class: org.codehaus.groovy.ast.expr.EmptyExpression>: null

16-10-2024T16:28:52 - [TEST_STEP][PASSED] - if (testCaseId == "Test Cases/Quản lý tài khoản merchant/Quản lý dịch vụ merchant/TC_14_Kiểm tra thay đổi sau khi cấu hình VA trên MCV"): null

16-10-2024T16:28:52 - [TEST_STEP][PASSED] - else: null

16-10-2024T16:28:52 - [TEST_STEP][PASSED] - url = "https://stg-cms-console.9pay.mobi/login": null

16-10-2024T16:28:52 - [TEST_STEP][PASSED] - openBrowser(""): Browser is opened with url: ''

16-10-2024T16:28:52 - [MESSAGE][WARNING] - A browser is already opened. Closing browser and opening a new one

16-10-2024T16:28:52 - [MESSAGE][INFO] - Starting 'Chrome' driver

16-10-2024T16:28:52 - [MESSAGE][INFO] - Action delay is set to 0 milliseconds

16-10-2024T16:28:53 - [MESSAGE][PASSED] - Browser is opened with url: ''

16-10-2024T16:28:53 - [TEST_STEP][PASSED] - maximizeWindow(): Current window maximized

16-10-2024T16:28:53 - [MESSAGE][PASSED] - Current window maximized

16-10-2024T16:28:53 - [TEST_STEP][PASSED] - navigateToUrl(url): Navigate to 'https://stg-cms-console.9pay.mobi/login' successfully

16-10-2024T16:28:59 - [MESSAGE][PASSED] - Navigate to 'https://stg-cms-console.9pay.mobi/login' successfully

16-10-2024T16:28:59 - [TEST_STEP][PASSED] - driver = getWebDriver(): null

16-10-2024T16:28:59 - [TEST_STEP][PASSED] - amount = 100000: null

16-10-2024T16:28:59 - [TEST_STEP][PASSED] - callTestCase(findTestCase("Test Cases/Login/LoginCommon"), [:], STOP_ON_FAILURE): Call Test Case 'Test Cases/Login/LoginCommon' successfully

16-10-2024T16:28:59 - [TEST_CASE][PASSED] - Test Cases/Login/LoginCommon: Test Cases/Login/LoginCommon

16-10-2024T16:28:59 - [TEST_STEP][PASSED] - driver = getWebDriver(): null

16-10-2024T16:28:59 - [TEST_STEP][PASSED] - sendKeys(findTestObject("Quản lý tài khoản merchant/Quản lý dịch vụ merchant/userNameTextbox"), userAccount): Keys 'dannt@9pay.vn' sent to object: 'Object Repository/Quản lý tài khoản merchant/Quản lý dịch vụ merchant/userNameTextbox'

16-10-2024T16:29:00 - [MESSAGE][PASSED] - Keys 'dannt@9pay.vn' sent to object: 'Object Repository/Quản lý tài khoản merchant/Quản lý dịch vụ merchant/userNameTextbox'

16-10-2024T16:29:00 - [TEST_STEP][PASSED] - sendKeys(findTestObject("Quản lý tài khoản merchant/Quản lý dịch vụ merchant/passwordTextbox"), password): Keys 'dannt@9pay.vn' sent to object: 'Object Repository/Quản lý tài khoản merchant/Quản lý dịch vụ merchant/passwordTextbox'

16-10-2024T16:29:00 - [MESSAGE][PASSED] - Keys 'dannt@9pay.vn' sent to object: 'Object Repository/Quản lý tài khoản merchant/Quản lý dịch vụ merchant/passwordTextbox'

16-10-2024T16:29:00 - [TEST_STEP][PASSED] - click(findTestObject("Quản lý tài khoản merchant/Quản lý dịch vụ merchant/loginButton")): Object: 'Object Repository/Quản lý tài khoản merchant/Quản lý dịch vụ merchant/loginButton' is clicked on

16-10-2024T16:29:00 - [MESSAGE][PASSED] - Object: 'Object Repository/Quản lý tài khoản merchant/Quản lý dịch vụ merchant/loginButton' is clicked on

16-10-2024T16:29:00 - [MESSAGE][PASSED] - Call Test Case 'Test Cases/Login/LoginCommon' successfully

16-10-2024T16:29:00 - [TEST_STEP][PASSED] - waitForElementVisible(findTestObject("Trang chủ/userName"), 10, STOP_ON_FAILURE): Object 'Object Repository/Trang chủ/userName' is visible

16-10-2024T16:29:02 - [MESSAGE][PASSED] - Object 'Object Repository/Trang chủ/userName' is visible

16-10-2024T16:29:02 - [TEST_STEP][PASSED] - callTestCase(findTestCase("Test Cases/Quản lý tài khoản merchant/Quản lý danh sách tài khoản/CustomFunctions.groovy"), [:], STOP_ON_FAILURE): Call Test Case 'Test Cases/Quản lý tài khoản merchant/Quản lý danh sách tài khoản/CustomFunctions.groovy' successfully

16-10-2024T16:29:02 - [TEST_CASE][PASSED] - Test Cases/Quản lý tài khoản merchant/Quản lý danh sách tài khoản/CustomFunctions.groovy: Test Cases/Quản lý tài khoản merchant/Quản lý danh sách tài khoản/CustomFunctions.groovy

16-10-2024T16:29:02 - [TEST_STEP][PASSED] - driver = getWebDriver(): null

16-10-2024T16:29:02 - [TEST_STEP][PASSED] - sleep(2000): null

16-10-2024T16:29:04 - [TEST_STEP][PASSED] - element1 = driver.findElement(By.xpath(xpathManagerMC)): null

16-10-2024T16:29:12 - [TEST_STEP][PASSED] - actions = new org.openqa.selenium.interactions.Actions(driver): null

16-10-2024T16:29:12 - [TEST_STEP][PASSED] - click().perform(): null

16-10-2024T16:29:12 - [TEST_STEP][PASSED] - wait = new org.openqa.selenium.support.ui.WebDriverWait(com.kms.katalon.core.webui.driver.DriverFactory.getWebDriver(), 20): null

16-10-2024T16:29:12 - [TEST_STEP][PASSED] - element2 = wait.until(ExpectedConditions.elementToBeClickable(By.xpath(xpathManagerListAccount))): null

16-10-2024T16:29:13 - [TEST_STEP][PASSED] - click().perform(): null

16-10-2024T16:29:13 - [TEST_STEP][PASSED] - wait.until(ExpectedConditions.visibilityOfElementLocated(By.xpath(xpathUserCode))): null

16-10-2024T16:29:18 - [TEST_STEP][PASSED] - xpath(xpathBtnAccount))).click(): null

16-10-2024T16:29:18 - [TEST_STEP][PASSED] - searchTextbox = wait.until(ExpectedConditions.elementToBeClickable(By.xpath(xpathSearchTextbox))): null

16-10-2024T16:29:18 - [TEST_STEP][PASSED] - searchTextbox.sendKeys("dannt11"): null

16-10-2024T16:29:18 - [TEST_STEP][PASSED] - xpath(xpathOption)).click(): null

16-10-2024T16:29:19 - [TEST_STEP][PASSED] - xpath(xpathBtnSearch)).click(): null

16-10-2024T16:29:19 - [TEST_STEP][PASSED] - Assert.assertEquals(xpath(xpathAccountName)).getText(), username): null

16-10-2024T16:29:20 - [TEST_STEP][PASSED] - xpath(xpathUser)).click(): null

16-10-2024T16:29:20 - [TEST_STEP][PASSED] - xpath(xpathSearchTextbox)).sendKeys("dannt21"): null

16-10-2024T16:29:20 - [TEST_STEP][PASSED] - xpath(xpathClicked)).click(): null

16-10-2024T16:29:21 - [TEST_STEP][PASSED] - xpath(xpathBtnSearch)).click(): null

16-10-2024T16:29:21 - [MESSAGE][PASSED] - Call Test Case 'Test Cases/Quản lý tài khoản merchant/Quản lý danh sách tài khoản/CustomFunctions.groovy' successfully

16-10-2024T16:29:21 - [TEST_STEP][PASSED] - wait = new org.openqa.selenium.support.ui.WebDriverWait(com.kms.katalon.core.webui.driver.DriverFactory.getWebDriver(), 20): null

16-10-2024T16:29:21 - [TEST_STEP][PASSED] - startElement = driver.findElement(By.xpath(xpathChiHoBtn)): null

16-10-2024T16:29:22 - [TEST_STEP][PASSED] - js = driver: null

16-10-2024T16:29:22 - [TEST_STEP][PASSED] - script = "return arguments[0].nextSibling.textContent;": null

16-10-2024T16:29:22 - [TEST_STEP][PASSED] - nextTextNodeContent = js.executeScript(script, startElement): null

16-10-2024T16:29:22 - [TEST_STEP][PASSED] - out.println("chiHoWallet " + nextTextNodeContent): null

16-10-2024T16:29:22 - [TEST_STEP][PASSED] - numericString = nextTextNodeContent.replaceAll("[^0-9]", ""): null

16-10-2024T16:29:22 - [TEST_STEP][PASSED] - chiHoBf = Integer.parseInt(numericString): null

16-10-2024T16:29:22 - [TEST_STEP][PASSED] - out.println("Chi ho " + chiHoBf): null

16-10-2024T16:29:22 - [TEST_STEP][PASSED] - thuHoElm = driver.findElement(By.xpath(xpathThuHoBtn)): null

16-10-2024T16:29:22 - [TEST_STEP][PASSED] - jsBF = driver: null

16-10-2024T16:29:22 - [TEST_STEP][PASSED] - scriptBF = "return arguments[0].nextSibling.textContent;": null

16-10-2024T16:29:22 - [TEST_STEP][PASSED] - thuHoWallet = js.executeScript(scriptBF, thuHoElm): null

16-10-2024T16:29:22 - [TEST_STEP][PASSED] - thuHoInt = thuHoWallet.replaceAll("[^0-9]", ""): null

16-10-2024T16:29:22 - [TEST_STEP][PASSED] - thuHoBf = Integer.parseInt(thuHoInt): null

16-10-2024T16:29:22 - [TEST_STEP][PASSED] - out.println("Thu ho " + thuHoBf): null

16-10-2024T16:29:22 - [TEST_STEP][PASSED] - xpath(xpathTranfer)).click(): null

16-10-2024T16:29:22 - [TEST_STEP][PASSED] - wait.until(ExpectedConditions.visibilityOfElementLocated(By.xpath(xpathTextAccount))): null

16-10-2024T16:29:29 - [TEST_STEP][PASSED] - xpath(xpathTaiKhoanNhan)).click(): null

16-10-2024T16:29:30 - [TEST_STEP][PASSED] - xpath(xpathSearchTextbox1)).sendKeys(username): null

16-10-2024T16:29:30 - [TEST_STEP][PASSED] - xpath(xpathClicked)).click(): null

16-10-2024T16:29:30 - [TEST_STEP][PASSED] - xpath(xpathDepositTextbox)).sendKeys(amount): null

16-10-2024T16:29:31 - [TEST_STEP][PASSED] - xpath(xpathChonViNhan)).click(): null

16-10-2024T16:29:31 - [TEST_STEP][PASSED] - xpath(xpathChiHo2)).click(): null

16-10-2024T16:29:31 - [TEST_STEP][PASSED] - xpath(xpathChonViChuyen)).click(): null

16-10-2024T16:29:32 - [TEST_STEP][PASSED] - xpath(xpathThuHo1)).click(): null

16-10-2024T16:29:32 - [TEST_STEP][PASSED] - xpath(xpathButtonSubmit)).click(): null

16-10-2024T16:29:33 - [TEST_STEP][PASSED] - wait.until(ExpectedConditions.visibilityOfElementLocated(By.xpath(xpathTextAfterAccept))): null

16-10-2024T16:29:33 - [TEST_STEP][PASSED] - rutTien = wait.until(ExpectedConditions.visibilityOfElementLocated(By.xpath(xpathTextTitle))): null

16-10-2024T16:29:36 - [TEST_STEP][PASSED] - Assert.assertEquals(rutTien.getText(), "Rút tiền"): null

16-10-2024T16:29:36 - [TEST_STEP][PASSED] - approveTss = driver.findElement(By.xpath(xpathBtnDuyetGDRut)): null

16-10-2024T16:29:36 - [TEST_STEP][PASSED] - js.executeScript("arguments[0].scrollIntoView(false);", approveTss): null

16-10-2024T16:29:36 - [TEST_STEP][PASSED] - approveTss.click(): null

16-10-2024T16:29:36 - [TEST_STEP][PASSED] - Thread.sleep(1000): null

16-10-2024T16:29:37 - [TEST_STEP][PASSED] - xpath(BtnOkXpath)).click(): null

16-10-2024T16:29:38 - [TEST_STEP][PASSED] - xpath(xpathBtnOk)).click(): null

16-10-2024T16:29:39 - [TEST_STEP][PASSED] - callTestCase(findTestCase("Test Cases/Quản lý tài khoản merchant/Quản lý danh sách tài khoản/CustomFunctions.groovy"), [:], STOP_ON_FAILURE): Call Test Case 'Test Cases/Quản lý tài khoản merchant/Quản lý danh sách tài khoản/CustomFunctions.groovy' successfully

16-10-2024T16:29:39 - [TEST_CASE][PASSED] - Test Cases/Quản lý tài khoản merchant/Quản lý danh sách tài khoản/CustomFunctions.groovy: Test Cases/Quản lý tài khoản merchant/Quản lý danh sách tài khoản/CustomFunctions.groovy

16-10-2024T16:29:39 - [TEST_STEP][PASSED] - driver = getWebDriver(): null

16-10-2024T16:29:39 - [TEST_STEP][PASSED] - sleep(2000): null

16-10-2024T16:29:41 - [TEST_STEP][PASSED] - element1 = driver.findElement(By.xpath(xpathManagerMC)): null

16-10-2024T16:29:41 - [TEST_STEP][PASSED] - actions = new org.openqa.selenium.interactions.Actions(driver): null

16-10-2024T16:29:41 - [TEST_STEP][PASSED] - click().perform(): null

16-10-2024T16:29:41 - [TEST_STEP][PASSED] - wait = new org.openqa.selenium.support.ui.WebDriverWait(com.kms.katalon.core.webui.driver.DriverFactory.getWebDriver(), 20): null

16-10-2024T16:29:41 - [TEST_STEP][PASSED] - element2 = wait.until(ExpectedConditions.elementToBeClickable(By.xpath(xpathManagerListAccount))): null

16-10-2024T16:29:41 - [TEST_STEP][PASSED] - click().perform(): null

16-10-2024T16:29:42 - [TEST_STEP][PASSED] - wait.until(ExpectedConditions.visibilityOfElementLocated(By.xpath(xpathUserCode))): null

16-10-2024T16:29:45 - [TEST_STEP][PASSED] - xpath(xpathBtnAccount))).click(): null

16-10-2024T16:29:45 - [TEST_STEP][PASSED] - searchTextbox = wait.until(ExpectedConditions.elementToBeClickable(By.xpath(xpathSearchTextbox))): null

16-10-2024T16:29:45 - [TEST_STEP][PASSED] - searchTextbox.sendKeys("dannt11"): null

16-10-2024T16:29:46 - [TEST_STEP][PASSED] - xpath(xpathOption)).click(): null

16-10-2024T16:29:46 - [TEST_STEP][PASSED] - xpath(xpathBtnSearch)).click(): null

16-10-2024T16:29:46 - [TEST_STEP][PASSED] - Assert.assertEquals(xpath(xpathAccountName)).getText(), username): null

16-10-2024T16:29:47 - [TEST_STEP][PASSED] - xpath(xpathUser)).click(): null

16-10-2024T16:29:47 - [TEST_STEP][PASSED] - xpath(xpathSearchTextbox)).sendKeys("dannt21"): null

16-10-2024T16:29:48 - [TEST_STEP][PASSED] - xpath(xpathClicked)).click(): null

16-10-2024T16:29:48 - [TEST_STEP][PASSED] - xpath(xpathBtnSearch)).click(): null

16-10-2024T16:29:48 - [MESSAGE][PASSED] - Call Test Case 'Test Cases/Quản lý tài khoản merchant/Quản lý danh sách tài khoản/CustomFunctions.groovy' successfully

16-10-2024T16:29:48 - [TEST_STEP][PASSED] - chiHoAf = driver.findElement(By.xpath(xpathChiHoBtn)): null

16-10-2024T16:29:49 - [TEST_STEP][PASSED] - jsChiHoAf = driver: null

16-10-2024T16:29:49 - [TEST_STEP][PASSED] - chihoAf = "return arguments[0].nextSibling.textContent;": null

16-10-2024T16:29:49 - [TEST_STEP][PASSED] - chihointaf = js.executeScript(chihoAf, chiHoAf): null

16-10-2024T16:29:49 - [TEST_STEP][PASSED] - out.println("chiHoWallet " + chihointaf): null

16-10-2024T16:29:49 - [TEST_STEP][PASSED] - numericString1 = chihointaf.replaceAll("[^0-9]", ""): null

16-10-2024T16:29:49 - [TEST_STEP][PASSED] - chiHoAf1 = Integer.parseInt(numericString1): null

16-10-2024T16:29:49 - [TEST_STEP][PASSED] - out.println("Chi ho " + chiHoAf1): null

16-10-2024T16:29:49 - [TEST_STEP][PASSED] - thuHoElm1 = driver.findElement(By.xpath(xpathThuHoBtn)): null

16-10-2024T16:29:49 - [TEST_STEP][PASSED] - jsAf = driver: null

16-10-2024T16:29:49 - [TEST_STEP][PASSED] - scriptAf = "return arguments[0].nextSibling.textContent;": null

16-10-2024T16:29:49 - [TEST_STEP][PASSED] - thuHoWalletAf = js.executeScript(scriptAf, thuHoElm1): null

16-10-2024T16:29:49 - [TEST_STEP][PASSED] - thuHoIntAf = thuHoWalletAf.replaceAll("[^0-9]", ""): null

16-10-2024T16:29:49 - [TEST_STEP][PASSED] - thuHoAf = Integer.parseInt(thuHoIntAf): null

16-10-2024T16:29:49 - [TEST_STEP][PASSED] - amountInt = Integer.parseInt(amount): null

16-10-2024T16:29:49 - [TEST_STEP][PASSED] - out.println("Thu ho " + thuHoAf): null

16-10-2024T16:29:49 - [TEST_STEP][PASSED] - if (chiHoBf + amountInt == chiHoAf1 && thuHoAf + amountInt == thuHoBf): Test case đã pass với số tiền đã được cộng đúng.

16-10-2024T16:29:49 - [TEST_STEP][PASSED] - println("Số tiền đã đúng "): null

16-10-2024T16:29:49 - [TEST_STEP][PASSED] - markPassed("Test case đã pass với số tiền đã được cộng đúng."): Test case đã pass với số tiền đã được cộng đúng.

16-10-2024T16:29:49 - [MESSAGE][PASSED] - Test case đã pass với số tiền đã được cộng đúng.

16-10-2024T16:29:49 - [TEST_STEP][PASSED] - Start listener action : sampleAfterTestCase: null

16-10-2024T16:29:49 - [TEST_STEP][PASSED] - testCaseId = testCaseContext.getTestCaseId(): null

16-10-2024T16:29:49 - [TEST_STEP][PASSED] - if (testCaseId == "Test Cases/Quản lý tài khoản merchant/Quản lý dịch vụ merchant/TC_13_Kiểm tra chức năng xác nhận cấu hình thay đổi VA"): null]]></system-out>
         <system-err><![CDATA[]]></system-err>
      </testcase>
      <testcase name="Test Cases/Quản lý tài khoản merchant/Quản lý danh sách tài khoản/Chuyển tiền/TC_05_Kiểm tra khi chuyển tiền thành công khi chuyển khác merchant" time="71.972" classname="Test Cases/Quản lý tài khoản merchant/Quản lý danh sách tài khoản/Chuyển tiền/TC_05_Kiểm tra khi chuyển tiền thành công khi chuyển khác merchant" status="ERROR">
         <error type="ERROR" message="Test Cases/Quản lý tài khoản merchant/Quản lý danh sách tài khoản/Chuyển tiền/TC_05_Kiểm tra khi chuyển tiền thành công khi chuyển khác merchant FAILED.&#xa;Reason:&#xa;org.openqa.selenium.ElementNotInteractableException: element not interactable&#xa;  (Session info: chrome=129.0.6668.101)&#xa;Build info: version: '3.141.59', revision: 'unknown', time: 'unknown'&#xa;System info: host: 'Aidans-Macbook.local', ip: 'fe80:0:0:0:1c6f:cbc0:8a36:2343%en0', os.name: 'Mac OS X', os.arch: 'aarch64', os.version: '14.5', java.version: '17.0.7'&#xa;Driver info: com.kms.katalon.selenium.driver.CChromeDriver&#xa;Capabilities {acceptInsecureCerts: false, browserName: chrome, browserVersion: 129.0.6668.101, chrome: {chromedriverVersion: 129.0.6668.100 (cf58cba358d..., userDataDir: /var/folders/w1/k98vh2j97rz...}, fedcm:accounts: true, goog:chromeOptions: {debuggerAddress: localhost:61318}, javascriptEnabled: true, networkConnectionEnabled: false, pageLoadStrategy: normal, platform: MAC, platformName: MAC, proxy: Proxy(), setWindowRect: true, strictFileInteractability: false, timeouts: {implicit: 0, pageLoad: 300000, script: 30000}, unhandledPromptBehavior: dismiss and notify, webauthn:extension:credBlob: true, webauthn:extension:largeBlob: true, webauthn:extension:minPinLength: true, webauthn:extension:prf: true, webauthn:virtualAuthenticators: true}&#xa;Session ID: 5ac773f6ee5d14eeea9cff4a60f27498&#xa;	at java.base/jdk.internal.reflect.NativeConstructorAccessorImpl.newInstance0(Native Method)&#xa;	at java.base/jdk.internal.reflect.NativeConstructorAccessorImpl.newInstance(NativeConstructorAccessorImpl.java:77)&#xa;	at java.base/jdk.internal.reflect.DelegatingConstructorAccessorImpl.newInstance(DelegatingConstructorAccessorImpl.java:45)&#xa;	at org.openqa.selenium.remote.http.W3CHttpResponseCodec.createException(W3CHttpResponseCodec.java:187)&#xa;	at org.openqa.selenium.remote.http.W3CHttpResponseCodec.decode(W3CHttpResponseCodec.java:122)&#xa;	at org.openqa.selenium.remote.http.W3CHttpResponseCodec.decode(W3CHttpResponseCodec.java:49)&#xa;	at org.openqa.selenium.remote.HttpCommandExecutor.execute(HttpCommandExecutor.java:158)&#xa;	at org.openqa.selenium.remote.service.DriverCommandExecutor.execute(DriverCommandExecutor.java:83)&#xa;	at org.openqa.selenium.remote.RemoteWebDriver.execute(RemoteWebDriver.java:552)&#xa;	at com.kms.katalon.selenium.driver.CChromeDriver.execute(CChromeDriver.java:19)&#xa;	at org.openqa.selenium.remote.RemoteWebElement.execute(RemoteWebElement.java:285)&#xa;	at org.openqa.selenium.remote.RemoteWebElement.click(RemoteWebElement.java:84)&#xa;	at jdk.internal.reflect.GeneratedMethodAccessor11.invoke(Unknown Source)&#xa;	at java.base/jdk.internal.reflect.DelegatingMethodAccessorImpl.invoke(DelegatingMethodAccessorImpl.java:43)&#xa;	at org.openqa.selenium.support.events.EventFiringWebDriver$EventFiringWebElement.lambda$new$0(EventFiringWebDriver.java:404)&#xa;	at jdk.proxy2/jdk.proxy2.$Proxy23.click(Unknown Source)&#xa;	at org.openqa.selenium.support.events.EventFiringWebDriver$EventFiringWebElement.click(EventFiringWebDriver.java:417)&#xa;	at TC_05_Kiểm tra khi chuyển tiền thành công khi chuyển khác merchant.run(TC_05_Kiểm tra khi chuyển tiền thành công khi chuyển khác merchant:63)&#xa;	at com.kms.katalon.core.main.ScriptEngine.run(ScriptEngine.java:194)&#xa;	at com.kms.katalon.core.main.ScriptEngine.runScriptAsRawText(ScriptEngine.java:119)&#xa;	at com.kms.katalon.core.main.TestCaseExecutor.runScript(TestCaseExecutor.java:448)&#xa;	at com.kms.katalon.core.main.TestCaseExecutor.doExecute(TestCaseExecutor.java:439)&#xa;	at com.kms.katalon.core.main.TestCaseExecutor.processExecutionPhase(TestCaseExecutor.java:418)&#xa;	at com.kms.katalon.core.main.TestCaseExecutor.accessMainPhase(TestCaseExecutor.java:410)&#xa;	at com.kms.katalon.core.main.TestCaseExecutor.execute(TestCaseExecutor.java:285)&#xa;	at com.kms.katalon.core.common.CommonExecutor.accessTestCaseMainPhase(CommonExecutor.java:65)&#xa;	at com.kms.katalon.core.main.TestSuiteExecutor.accessTestSuiteMainPhase(TestSuiteExecutor.java:150)&#xa;	at com.kms.katalon.core.main.TestSuiteExecutor.execute(TestSuiteExecutor.java:106)&#xa;	at com.kms.katalon.core.main.TestCaseMain.startTestSuite(TestCaseMain.java:180)&#xa;	at TempTestSuite1729070688367.run(TempTestSuite1729070688367.groovy:35)&#xa;	at java.base/jdk.internal.reflect.NativeMethodAccessorImpl.invoke0(Native Method)&#xa;	at java.base/jdk.internal.reflect.NativeMethodAccessorImpl.invoke(NativeMethodAccessorImpl.java:77)&#xa;	at java.base/jdk.internal.reflect.DelegatingMethodAccessorImpl.invoke(DelegatingMethodAccessorImpl.java:43)&#xa;"/>
         <system-out><![CDATA[16-10-2024T16:29:49 - [TEST_CASE][ERROR] - Test Cases/Quản lý tài khoản merchant/Quản lý danh sách tài khoản/Chuyển tiền/TC_05_Kiểm tra khi chuyển tiền thành công khi chuyển khác merchant: Test Cases/Quản lý tài khoản merchant/Quản lý danh sách tài khoản/Chuyển tiền/TC_05_Kiểm tra khi chuyển tiền thành công khi chuyển khác merchant FAILED.
Reason:
org.openqa.selenium.ElementNotInteractableException: element not interactable
  (Session info: chrome=129.0.6668.101)
Build info: version: '3.141.59', revision: 'unknown', time: 'unknown'
System info: host: 'Aidans-Macbook.local', ip: 'fe80:0:0:0:1c6f:cbc0:8a36:2343%en0', os.name: 'Mac OS X', os.arch: 'aarch64', os.version: '14.5', java.version: '17.0.7'
Driver info: com.kms.katalon.selenium.driver.CChromeDriver
Capabilities {acceptInsecureCerts: false, browserName: chrome, browserVersion: 129.0.6668.101, chrome: {chromedriverVersion: 129.0.6668.100 (cf58cba358d..., userDataDir: /var/folders/w1/k98vh2j97rz...}, fedcm:accounts: true, goog:chromeOptions: {debuggerAddress: localhost:61318}, javascriptEnabled: true, networkConnectionEnabled: false, pageLoadStrategy: normal, platform: MAC, platformName: MAC, proxy: Proxy(), setWindowRect: true, strictFileInteractability: false, timeouts: {implicit: 0, pageLoad: 300000, script: 30000}, unhandledPromptBehavior: dismiss and notify, webauthn:extension:credBlob: true, webauthn:extension:largeBlob: true, webauthn:extension:minPinLength: true, webauthn:extension:prf: true, webauthn:virtualAuthenticators: true}
Session ID: 5ac773f6ee5d14eeea9cff4a60f27498
	at java.base/jdk.internal.reflect.NativeConstructorAccessorImpl.newInstance0(Native Method)
	at java.base/jdk.internal.reflect.NativeConstructorAccessorImpl.newInstance(NativeConstructorAccessorImpl.java:77)
	at java.base/jdk.internal.reflect.DelegatingConstructorAccessorImpl.newInstance(DelegatingConstructorAccessorImpl.java:45)
	at org.openqa.selenium.remote.http.W3CHttpResponseCodec.createException(W3CHttpResponseCodec.java:187)
	at org.openqa.selenium.remote.http.W3CHttpResponseCodec.decode(W3CHttpResponseCodec.java:122)
	at org.openqa.selenium.remote.http.W3CHttpResponseCodec.decode(W3CHttpResponseCodec.java:49)
	at org.openqa.selenium.remote.HttpCommandExecutor.execute(HttpCommandExecutor.java:158)
	at org.openqa.selenium.remote.service.DriverCommandExecutor.execute(DriverCommandExecutor.java:83)
	at org.openqa.selenium.remote.RemoteWebDriver.execute(RemoteWebDriver.java:552)
	at com.kms.katalon.selenium.driver.CChromeDriver.execute(CChromeDriver.java:19)
	at org.openqa.selenium.remote.RemoteWebElement.execute(RemoteWebElement.java:285)
	at org.openqa.selenium.remote.RemoteWebElement.click(RemoteWebElement.java:84)
	at jdk.internal.reflect.GeneratedMethodAccessor11.invoke(Unknown Source)
	at java.base/jdk.internal.reflect.DelegatingMethodAccessorImpl.invoke(DelegatingMethodAccessorImpl.java:43)
	at org.openqa.selenium.support.events.EventFiringWebDriver$EventFiringWebElement.lambda$new$0(EventFiringWebDriver.java:404)
	at jdk.proxy2/jdk.proxy2.$Proxy23.click(Unknown Source)
	at org.openqa.selenium.support.events.EventFiringWebDriver$EventFiringWebElement.click(EventFiringWebDriver.java:417)
	at TC_05_Kiểm tra khi chuyển tiền thành công khi chuyển khác merchant.run(TC_05_Kiểm tra khi chuyển tiền thành công khi chuyển khác merchant:63)
	at com.kms.katalon.core.main.ScriptEngine.run(ScriptEngine.java:194)
	at com.kms.katalon.core.main.ScriptEngine.runScriptAsRawText(ScriptEngine.java:119)
	at com.kms.katalon.core.main.TestCaseExecutor.runScript(TestCaseExecutor.java:448)
	at com.kms.katalon.core.main.TestCaseExecutor.doExecute(TestCaseExecutor.java:439)
	at com.kms.katalon.core.main.TestCaseExecutor.processExecutionPhase(TestCaseExecutor.java:418)
	at com.kms.katalon.core.main.TestCaseExecutor.accessMainPhase(TestCaseExecutor.java:410)
	at com.kms.katalon.core.main.TestCaseExecutor.execute(TestCaseExecutor.java:285)
	at com.kms.katalon.core.common.CommonExecutor.accessTestCaseMainPhase(CommonExecutor.java:65)
	at com.kms.katalon.core.main.TestSuiteExecutor.accessTestSuiteMainPhase(TestSuiteExecutor.java:150)
	at com.kms.katalon.core.main.TestSuiteExecutor.execute(TestSuiteExecutor.java:106)
	at com.kms.katalon.core.main.TestCaseMain.startTestSuite(TestCaseMain.java:180)
	at TempTestSuite1729070688367.run(TempTestSuite1729070688367.groovy:35)
	at java.base/jdk.internal.reflect.NativeMethodAccessorImpl.invoke0(Native Method)
	at java.base/jdk.internal.reflect.NativeMethodAccessorImpl.invoke(NativeMethodAccessorImpl.java:77)
	at java.base/jdk.internal.reflect.DelegatingMethodAccessorImpl.invoke(DelegatingMethodAccessorImpl.java:43)


16-10-2024T16:29:49 - [TEST_STEP][PASSED] - Start listener action : sampleBeforeTestCase: Navigate to 'https://stg-cms-console.9pay.mobi/login' successfully

16-10-2024T16:29:49 - [TEST_STEP][PASSED] - testCaseId = testCaseContext.getTestCaseId(): null

16-10-2024T16:29:49 - [TEST_STEP][PASSED] - url = <not implemented yet for class: org.codehaus.groovy.ast.expr.EmptyExpression>: null

16-10-2024T16:29:49 - [TEST_STEP][PASSED] - if (testCaseId == "Test Cases/Quản lý tài khoản merchant/Quản lý dịch vụ merchant/TC_14_Kiểm tra thay đổi sau khi cấu hình VA trên MCV"): null

16-10-2024T16:29:49 - [TEST_STEP][PASSED] - else: null

16-10-2024T16:29:49 - [TEST_STEP][PASSED] - url = "https://stg-cms-console.9pay.mobi/login": null

16-10-2024T16:29:49 - [TEST_STEP][PASSED] - openBrowser(""): Browser is opened with url: ''

16-10-2024T16:29:49 - [MESSAGE][WARNING] - A browser is already opened. Closing browser and opening a new one

16-10-2024T16:29:50 - [MESSAGE][INFO] - Starting 'Chrome' driver

16-10-2024T16:29:50 - [MESSAGE][INFO] - Action delay is set to 0 milliseconds

16-10-2024T16:29:50 - [MESSAGE][PASSED] - Browser is opened with url: ''

16-10-2024T16:29:50 - [TEST_STEP][PASSED] - maximizeWindow(): Current window maximized

16-10-2024T16:29:50 - [MESSAGE][PASSED] - Current window maximized

16-10-2024T16:29:50 - [TEST_STEP][PASSED] - navigateToUrl(url): Navigate to 'https://stg-cms-console.9pay.mobi/login' successfully

16-10-2024T16:29:56 - [MESSAGE][PASSED] - Navigate to 'https://stg-cms-console.9pay.mobi/login' successfully

16-10-2024T16:29:56 - [TEST_STEP][PASSED] - driver = getWebDriver(): null

16-10-2024T16:29:56 - [TEST_STEP][PASSED] - js = driver: null

16-10-2024T16:29:56 - [TEST_STEP][PASSED] - amount = 100000: null

16-10-2024T16:29:56 - [TEST_STEP][PASSED] - callTestCase(findTestCase("Test Cases/Login/LoginCommon"), [:], STOP_ON_FAILURE): Call Test Case 'Test Cases/Login/LoginCommon' successfully

16-10-2024T16:29:56 - [TEST_CASE][PASSED] - Test Cases/Login/LoginCommon: Test Cases/Login/LoginCommon

16-10-2024T16:29:56 - [TEST_STEP][PASSED] - driver = getWebDriver(): null

16-10-2024T16:29:56 - [TEST_STEP][PASSED] - sendKeys(findTestObject("Quản lý tài khoản merchant/Quản lý dịch vụ merchant/userNameTextbox"), userAccount): Keys 'dannt@9pay.vn' sent to object: 'Object Repository/Quản lý tài khoản merchant/Quản lý dịch vụ merchant/userNameTextbox'

16-10-2024T16:29:57 - [MESSAGE][PASSED] - Keys 'dannt@9pay.vn' sent to object: 'Object Repository/Quản lý tài khoản merchant/Quản lý dịch vụ merchant/userNameTextbox'

16-10-2024T16:29:57 - [TEST_STEP][PASSED] - sendKeys(findTestObject("Quản lý tài khoản merchant/Quản lý dịch vụ merchant/passwordTextbox"), password): Keys 'dannt@9pay.vn' sent to object: 'Object Repository/Quản lý tài khoản merchant/Quản lý dịch vụ merchant/passwordTextbox'

16-10-2024T16:29:57 - [MESSAGE][PASSED] - Keys 'dannt@9pay.vn' sent to object: 'Object Repository/Quản lý tài khoản merchant/Quản lý dịch vụ merchant/passwordTextbox'

16-10-2024T16:29:57 - [TEST_STEP][PASSED] - click(findTestObject("Quản lý tài khoản merchant/Quản lý dịch vụ merchant/loginButton")): Object: 'Object Repository/Quản lý tài khoản merchant/Quản lý dịch vụ merchant/loginButton' is clicked on

16-10-2024T16:29:57 - [MESSAGE][PASSED] - Object: 'Object Repository/Quản lý tài khoản merchant/Quản lý dịch vụ merchant/loginButton' is clicked on

16-10-2024T16:29:57 - [MESSAGE][PASSED] - Call Test Case 'Test Cases/Login/LoginCommon' successfully

16-10-2024T16:29:57 - [TEST_STEP][PASSED] - waitForElementVisible(findTestObject("Trang chủ/userName"), 10, STOP_ON_FAILURE): Object 'Object Repository/Trang chủ/userName' is visible

16-10-2024T16:30:02 - [MESSAGE][PASSED] - Object 'Object Repository/Trang chủ/userName' is visible

16-10-2024T16:30:02 - [TEST_STEP][PASSED] - callTestCase(findTestCase("Test Cases/Quản lý tài khoản merchant/Quản lý danh sách tài khoản/CustomFunctions.groovy"), [:], STOP_ON_FAILURE): Call Test Case 'Test Cases/Quản lý tài khoản merchant/Quản lý danh sách tài khoản/CustomFunctions.groovy' successfully

16-10-2024T16:30:02 - [TEST_CASE][PASSED] - Test Cases/Quản lý tài khoản merchant/Quản lý danh sách tài khoản/CustomFunctions.groovy: Test Cases/Quản lý tài khoản merchant/Quản lý danh sách tài khoản/CustomFunctions.groovy

16-10-2024T16:30:02 - [TEST_STEP][PASSED] - driver = getWebDriver(): null

16-10-2024T16:30:02 - [TEST_STEP][PASSED] - sleep(2000): null

16-10-2024T16:30:04 - [TEST_STEP][PASSED] - element1 = driver.findElement(By.xpath(xpathManagerMC)): null

16-10-2024T16:30:04 - [TEST_STEP][PASSED] - actions = new org.openqa.selenium.interactions.Actions(driver): null

16-10-2024T16:30:04 - [TEST_STEP][PASSED] - click().perform(): null

16-10-2024T16:30:04 - [TEST_STEP][PASSED] - wait = new org.openqa.selenium.support.ui.WebDriverWait(com.kms.katalon.core.webui.driver.DriverFactory.getWebDriver(), 20): null

16-10-2024T16:30:04 - [TEST_STEP][PASSED] - element2 = wait.until(ExpectedConditions.elementToBeClickable(By.xpath(xpathManagerListAccount))): null

16-10-2024T16:30:04 - [TEST_STEP][PASSED] - click().perform(): null

16-10-2024T16:30:05 - [TEST_STEP][PASSED] - wait.until(ExpectedConditions.visibilityOfElementLocated(By.xpath(xpathUserCode))): null

16-10-2024T16:30:20 - [TEST_STEP][PASSED] - xpath(xpathBtnAccount))).click(): null

16-10-2024T16:30:22 - [TEST_STEP][PASSED] - searchTextbox = wait.until(ExpectedConditions.elementToBeClickable(By.xpath(xpathSearchTextbox))): null

16-10-2024T16:30:24 - [TEST_STEP][PASSED] - searchTextbox.sendKeys("dannt11"): null

16-10-2024T16:30:25 - [TEST_STEP][PASSED] - xpath(xpathOption)).click(): null

16-10-2024T16:30:26 - [TEST_STEP][PASSED] - xpath(xpathBtnSearch)).click(): null

16-10-2024T16:30:28 - [TEST_STEP][PASSED] - Assert.assertEquals(xpath(xpathAccountName)).getText(), username): null

16-10-2024T16:30:30 - [TEST_STEP][PASSED] - xpath(xpathUser)).click(): null

16-10-2024T16:30:32 - [TEST_STEP][PASSED] - xpath(xpathSearchTextbox)).sendKeys("dannt21"): null

16-10-2024T16:30:35 - [TEST_STEP][PASSED] - xpath(xpathClicked)).click(): null

16-10-2024T16:30:36 - [TEST_STEP][PASSED] - xpath(xpathBtnSearch)).click(): null

16-10-2024T16:30:38 - [MESSAGE][PASSED] - Call Test Case 'Test Cases/Quản lý tài khoản merchant/Quản lý danh sách tài khoản/CustomFunctions.groovy' successfully

16-10-2024T16:30:38 - [TEST_STEP][PASSED] - wait = new org.openqa.selenium.support.ui.WebDriverWait(com.kms.katalon.core.webui.driver.DriverFactory.getWebDriver(), 20): null

16-10-2024T16:30:38 - [TEST_STEP][PASSED] - thuHoElm = driver.findElement(By.xpath(xpathStrongText1)): null

16-10-2024T16:30:40 - [TEST_STEP][PASSED] - scriptBF = "return arguments[0].nextSibling.textContent;": null

16-10-2024T16:30:40 - [TEST_STEP][PASSED] - thuHoWallet = js.executeScript(scriptBF, thuHoElm): null

16-10-2024T16:30:40 - [TEST_STEP][PASSED] - thuHoInt = thuHoWallet.replaceAll("[^0-9]", ""): null

16-10-2024T16:30:40 - [TEST_STEP][PASSED] - thuHoBf = Integer.parseInt(thuHoInt): null

16-10-2024T16:30:40 - [TEST_STEP][PASSED] - out.println("Thu ho ví chuyển trước " + thuHoBf): null

16-10-2024T16:30:40 - [TEST_STEP][PASSED] - startElement1 = driver.findElement(By.xpath(xpathStrongText2)): null

16-10-2024T16:30:42 - [TEST_STEP][PASSED] - script1 = "return arguments[0].nextSibling.textContent;": null

16-10-2024T16:30:42 - [TEST_STEP][PASSED] - nextTextNodeContent1 = js.executeScript(script1, startElement1): null

16-10-2024T16:30:42 - [TEST_STEP][PASSED] - out.println("chiHoWallet " + nextTextNodeContent1): null

16-10-2024T16:30:42 - [TEST_STEP][PASSED] - numericString1 = nextTextNodeContent1.replaceAll("[^0-9]", ""): null

16-10-2024T16:30:42 - [TEST_STEP][PASSED] - chiHoBf1 = Integer.parseInt(numericString1): null

16-10-2024T16:30:42 - [TEST_STEP][PASSED] - out.println("Chi ho ví nhận trước gd " + chiHoBf1): null

16-10-2024T16:30:42 - [TEST_STEP][PASSED] - xpath(xpathTranfer)).click(): null

16-10-2024T16:30:45 - [TEST_STEP][PASSED] - wait.until(ExpectedConditions.visibilityOfElementLocated(By.xpath(xpathTextAccount))): null

16-10-2024T16:30:55 - [TEST_STEP][PASSED] - xpath(xpathTaiKhoanNhan)).click(): null

16-10-2024T16:30:57 - [TEST_STEP][PASSED] - xpath(xpathSearchTextbox1)).sendKeys(username1): null

16-10-2024T16:31:00 - [TEST_STEP][ERROR] - xpath(xpathClicked)).click(): Test Cases/Quản lý tài khoản merchant/Quản lý danh sách tài khoản/Chuyển tiền/TC_05_Kiểm tra khi chuyển tiền thành công khi chuyển khác merchant FAILED.
Reason:
org.openqa.selenium.ElementNotInteractableException: element not interactable
  (Session info: chrome=129.0.6668.101)
Build info: version: '3.141.59', revision: 'unknown', time: 'unknown'
System info: host: 'Aidans-Macbook.local', ip: 'fe80:0:0:0:1c6f:cbc0:8a36:2343%en0', os.name: 'Mac OS X', os.arch: 'aarch64', os.version: '14.5', java.version: '17.0.7'
Driver info: com.kms.katalon.selenium.driver.CChromeDriver
Capabilities {acceptInsecureCerts: false, browserName: chrome, browserVersion: 129.0.6668.101, chrome: {chromedriverVersion: 129.0.6668.100 (cf58cba358d..., userDataDir: /var/folders/w1/k98vh2j97rz...}, fedcm:accounts: true, goog:chromeOptions: {debuggerAddress: localhost:61318}, javascriptEnabled: true, networkConnectionEnabled: false, pageLoadStrategy: normal, platform: MAC, platformName: MAC, proxy: Proxy(), setWindowRect: true, strictFileInteractability: false, timeouts: {implicit: 0, pageLoad: 300000, script: 30000}, unhandledPromptBehavior: dismiss and notify, webauthn:extension:credBlob: true, webauthn:extension:largeBlob: true, webauthn:extension:minPinLength: true, webauthn:extension:prf: true, webauthn:virtualAuthenticators: true}
Session ID: 5ac773f6ee5d14eeea9cff4a60f27498
	at java.base/jdk.internal.reflect.NativeConstructorAccessorImpl.newInstance0(Native Method)
	at java.base/jdk.internal.reflect.NativeConstructorAccessorImpl.newInstance(NativeConstructorAccessorImpl.java:77)
	at java.base/jdk.internal.reflect.DelegatingConstructorAccessorImpl.newInstance(DelegatingConstructorAccessorImpl.java:45)
	at org.openqa.selenium.remote.http.W3CHttpResponseCodec.createException(W3CHttpResponseCodec.java:187)
	at org.openqa.selenium.remote.http.W3CHttpResponseCodec.decode(W3CHttpResponseCodec.java:122)
	at org.openqa.selenium.remote.http.W3CHttpResponseCodec.decode(W3CHttpResponseCodec.java:49)
	at org.openqa.selenium.remote.HttpCommandExecutor.execute(HttpCommandExecutor.java:158)
	at org.openqa.selenium.remote.service.DriverCommandExecutor.execute(DriverCommandExecutor.java:83)
	at org.openqa.selenium.remote.RemoteWebDriver.execute(RemoteWebDriver.java:552)
	at com.kms.katalon.selenium.driver.CChromeDriver.execute(CChromeDriver.java:19)
	at org.openqa.selenium.remote.RemoteWebElement.execute(RemoteWebElement.java:285)
	at org.openqa.selenium.remote.RemoteWebElement.click(RemoteWebElement.java:84)
	at jdk.internal.reflect.GeneratedMethodAccessor11.invoke(Unknown Source)
	at java.base/jdk.internal.reflect.DelegatingMethodAccessorImpl.invoke(DelegatingMethodAccessorImpl.java:43)
	at org.openqa.selenium.support.events.EventFiringWebDriver$EventFiringWebElement.lambda$new$0(EventFiringWebDriver.java:404)
	at jdk.proxy2/jdk.proxy2.$Proxy23.click(Unknown Source)
	at org.openqa.selenium.support.events.EventFiringWebDriver$EventFiringWebElement.click(EventFiringWebDriver.java:417)
	at TC_05_Kiểm tra khi chuyển tiền thành công khi chuyển khác merchant.run(TC_05_Kiểm tra khi chuyển tiền thành công khi chuyển khác merchant:63)
	at com.kms.katalon.core.main.ScriptEngine.run(ScriptEngine.java:194)
	at com.kms.katalon.core.main.ScriptEngine.runScriptAsRawText(ScriptEngine.java:119)
	at com.kms.katalon.core.main.TestCaseExecutor.runScript(TestCaseExecutor.java:448)
	at com.kms.katalon.core.main.TestCaseExecutor.doExecute(TestCaseExecutor.java:439)
	at com.kms.katalon.core.main.TestCaseExecutor.processExecutionPhase(TestCaseExecutor.java:418)
	at com.kms.katalon.core.main.TestCaseExecutor.accessMainPhase(TestCaseExecutor.java:410)
	at com.kms.katalon.core.main.TestCaseExecutor.execute(TestCaseExecutor.java:285)
	at com.kms.katalon.core.common.CommonExecutor.accessTestCaseMainPhase(CommonExecutor.java:65)
	at com.kms.katalon.core.main.TestSuiteExecutor.accessTestSuiteMainPhase(TestSuiteExecutor.java:150)
	at com.kms.katalon.core.main.TestSuiteExecutor.execute(TestSuiteExecutor.java:106)
	at com.kms.katalon.core.main.TestCaseMain.startTestSuite(TestCaseMain.java:180)
	at TempTestSuite1729070688367.run(TempTestSuite1729070688367.groovy:35)
	at java.base/jdk.internal.reflect.NativeMethodAccessorImpl.invoke0(Native Method)
	at java.base/jdk.internal.reflect.NativeMethodAccessorImpl.invoke(NativeMethodAccessorImpl.java:77)
	at java.base/jdk.internal.reflect.DelegatingMethodAccessorImpl.invoke(DelegatingMethodAccessorImpl.java:43)


16-10-2024T16:31:01 - [MESSAGE][ERROR] - Test Cases/Quản lý tài khoản merchant/Quản lý danh sách tài khoản/Chuyển tiền/TC_05_Kiểm tra khi chuyển tiền thành công khi chuyển khác merchant FAILED.
Reason:
org.openqa.selenium.ElementNotInteractableException: element not interactable
  (Session info: chrome=129.0.6668.101)
Build info: version: '3.141.59', revision: 'unknown', time: 'unknown'
System info: host: 'Aidans-Macbook.local', ip: 'fe80:0:0:0:1c6f:cbc0:8a36:2343%en0', os.name: 'Mac OS X', os.arch: 'aarch64', os.version: '14.5', java.version: '17.0.7'
Driver info: com.kms.katalon.selenium.driver.CChromeDriver
Capabilities {acceptInsecureCerts: false, browserName: chrome, browserVersion: 129.0.6668.101, chrome: {chromedriverVersion: 129.0.6668.100 (cf58cba358d..., userDataDir: /var/folders/w1/k98vh2j97rz...}, fedcm:accounts: true, goog:chromeOptions: {debuggerAddress: localhost:61318}, javascriptEnabled: true, networkConnectionEnabled: false, pageLoadStrategy: normal, platform: MAC, platformName: MAC, proxy: Proxy(), setWindowRect: true, strictFileInteractability: false, timeouts: {implicit: 0, pageLoad: 300000, script: 30000}, unhandledPromptBehavior: dismiss and notify, webauthn:extension:credBlob: true, webauthn:extension:largeBlob: true, webauthn:extension:minPinLength: true, webauthn:extension:prf: true, webauthn:virtualAuthenticators: true}
Session ID: 5ac773f6ee5d14eeea9cff4a60f27498
	at java.base/jdk.internal.reflect.NativeConstructorAccessorImpl.newInstance0(Native Method)
	at java.base/jdk.internal.reflect.NativeConstructorAccessorImpl.newInstance(NativeConstructorAccessorImpl.java:77)
	at java.base/jdk.internal.reflect.DelegatingConstructorAccessorImpl.newInstance(DelegatingConstructorAccessorImpl.java:45)
	at org.openqa.selenium.remote.http.W3CHttpResponseCodec.createException(W3CHttpResponseCodec.java:187)
	at org.openqa.selenium.remote.http.W3CHttpResponseCodec.decode(W3CHttpResponseCodec.java:122)
	at org.openqa.selenium.remote.http.W3CHttpResponseCodec.decode(W3CHttpResponseCodec.java:49)
	at org.openqa.selenium.remote.HttpCommandExecutor.execute(HttpCommandExecutor.java:158)
	at org.openqa.selenium.remote.service.DriverCommandExecutor.execute(DriverCommandExecutor.java:83)
	at org.openqa.selenium.remote.RemoteWebDriver.execute(RemoteWebDriver.java:552)
	at com.kms.katalon.selenium.driver.CChromeDriver.execute(CChromeDriver.java:19)
	at org.openqa.selenium.remote.RemoteWebElement.execute(RemoteWebElement.java:285)
	at org.openqa.selenium.remote.RemoteWebElement.click(RemoteWebElement.java:84)
	at jdk.internal.reflect.GeneratedMethodAccessor11.invoke(Unknown Source)
	at java.base/jdk.internal.reflect.DelegatingMethodAccessorImpl.invoke(DelegatingMethodAccessorImpl.java:43)
	at org.openqa.selenium.support.events.EventFiringWebDriver$EventFiringWebElement.lambda$new$0(EventFiringWebDriver.java:404)
	at jdk.proxy2/jdk.proxy2.$Proxy23.click(Unknown Source)
	at org.openqa.selenium.support.events.EventFiringWebDriver$EventFiringWebElement.click(EventFiringWebDriver.java:417)
	at TC_05_Kiểm tra khi chuyển tiền thành công khi chuyển khác merchant.run(TC_05_Kiểm tra khi chuyển tiền thành công khi chuyển khác merchant:63)
	at com.kms.katalon.core.main.ScriptEngine.run(ScriptEngine.java:194)
	at com.kms.katalon.core.main.ScriptEngine.runScriptAsRawText(ScriptEngine.java:119)
	at com.kms.katalon.core.main.TestCaseExecutor.runScript(TestCaseExecutor.java:448)
	at com.kms.katalon.core.main.TestCaseExecutor.doExecute(TestCaseExecutor.java:439)
	at com.kms.katalon.core.main.TestCaseExecutor.processExecutionPhase(TestCaseExecutor.java:418)
	at com.kms.katalon.core.main.TestCaseExecutor.accessMainPhase(TestCaseExecutor.java:410)
	at com.kms.katalon.core.main.TestCaseExecutor.execute(TestCaseExecutor.java:285)
	at com.kms.katalon.core.common.CommonExecutor.accessTestCaseMainPhase(CommonExecutor.java:65)
	at com.kms.katalon.core.main.TestSuiteExecutor.accessTestSuiteMainPhase(TestSuiteExecutor.java:150)
	at com.kms.katalon.core.main.TestSuiteExecutor.execute(TestSuiteExecutor.java:106)
	at com.kms.katalon.core.main.TestCaseMain.startTestSuite(TestCaseMain.java:180)
	at TempTestSuite1729070688367.run(TempTestSuite1729070688367.groovy:35)
	at java.base/jdk.internal.reflect.NativeMethodAccessorImpl.invoke0(Native Method)
	at java.base/jdk.internal.reflect.NativeMethodAccessorImpl.invoke(NativeMethodAccessorImpl.java:77)
	at java.base/jdk.internal.reflect.DelegatingMethodAccessorImpl.invoke(DelegatingMethodAccessorImpl.java:43)


16-10-2024T16:31:01 - [TEST_STEP][PASSED] - Start listener action : sampleAfterTestCase: null

16-10-2024T16:31:01 - [TEST_STEP][PASSED] - testCaseId = testCaseContext.getTestCaseId(): null

16-10-2024T16:31:01 - [TEST_STEP][PASSED] - if (testCaseId == "Test Cases/Quản lý tài khoản merchant/Quản lý dịch vụ merchant/TC_13_Kiểm tra chức năng xác nhận cấu hình thay đổi VA"): null]]></system-out>
         <system-err><![CDATA[16-10-2024T16:29:49 - [TEST_CASE][ERROR] - Test Cases/Quản lý tài khoản merchant/Quản lý danh sách tài khoản/Chuyển tiền/TC_05_Kiểm tra khi chuyển tiền thành công khi chuyển khác merchant: Test Cases/Quản lý tài khoản merchant/Quản lý danh sách tài khoản/Chuyển tiền/TC_05_Kiểm tra khi chuyển tiền thành công khi chuyển khác merchant FAILED.
Reason:
org.openqa.selenium.ElementNotInteractableException: element not interactable
  (Session info: chrome=129.0.6668.101)
Build info: version: '3.141.59', revision: 'unknown', time: 'unknown'
System info: host: 'Aidans-Macbook.local', ip: 'fe80:0:0:0:1c6f:cbc0:8a36:2343%en0', os.name: 'Mac OS X', os.arch: 'aarch64', os.version: '14.5', java.version: '17.0.7'
Driver info: com.kms.katalon.selenium.driver.CChromeDriver
Capabilities {acceptInsecureCerts: false, browserName: chrome, browserVersion: 129.0.6668.101, chrome: {chromedriverVersion: 129.0.6668.100 (cf58cba358d..., userDataDir: /var/folders/w1/k98vh2j97rz...}, fedcm:accounts: true, goog:chromeOptions: {debuggerAddress: localhost:61318}, javascriptEnabled: true, networkConnectionEnabled: false, pageLoadStrategy: normal, platform: MAC, platformName: MAC, proxy: Proxy(), setWindowRect: true, strictFileInteractability: false, timeouts: {implicit: 0, pageLoad: 300000, script: 30000}, unhandledPromptBehavior: dismiss and notify, webauthn:extension:credBlob: true, webauthn:extension:largeBlob: true, webauthn:extension:minPinLength: true, webauthn:extension:prf: true, webauthn:virtualAuthenticators: true}
Session ID: 5ac773f6ee5d14eeea9cff4a60f27498
	at java.base/jdk.internal.reflect.NativeConstructorAccessorImpl.newInstance0(Native Method)
	at java.base/jdk.internal.reflect.NativeConstructorAccessorImpl.newInstance(NativeConstructorAccessorImpl.java:77)
	at java.base/jdk.internal.reflect.DelegatingConstructorAccessorImpl.newInstance(DelegatingConstructorAccessorImpl.java:45)
	at org.openqa.selenium.remote.http.W3CHttpResponseCodec.createException(W3CHttpResponseCodec.java:187)
	at org.openqa.selenium.remote.http.W3CHttpResponseCodec.decode(W3CHttpResponseCodec.java:122)
	at org.openqa.selenium.remote.http.W3CHttpResponseCodec.decode(W3CHttpResponseCodec.java:49)
	at org.openqa.selenium.remote.HttpCommandExecutor.execute(HttpCommandExecutor.java:158)
	at org.openqa.selenium.remote.service.DriverCommandExecutor.execute(DriverCommandExecutor.java:83)
	at org.openqa.selenium.remote.RemoteWebDriver.execute(RemoteWebDriver.java:552)
	at com.kms.katalon.selenium.driver.CChromeDriver.execute(CChromeDriver.java:19)
	at org.openqa.selenium.remote.RemoteWebElement.execute(RemoteWebElement.java:285)
	at org.openqa.selenium.remote.RemoteWebElement.click(RemoteWebElement.java:84)
	at jdk.internal.reflect.GeneratedMethodAccessor11.invoke(Unknown Source)
	at java.base/jdk.internal.reflect.DelegatingMethodAccessorImpl.invoke(DelegatingMethodAccessorImpl.java:43)
	at org.openqa.selenium.support.events.EventFiringWebDriver$EventFiringWebElement.lambda$new$0(EventFiringWebDriver.java:404)
	at jdk.proxy2/jdk.proxy2.$Proxy23.click(Unknown Source)
	at org.openqa.selenium.support.events.EventFiringWebDriver$EventFiringWebElement.click(EventFiringWebDriver.java:417)
	at TC_05_Kiểm tra khi chuyển tiền thành công khi chuyển khác merchant.run(TC_05_Kiểm tra khi chuyển tiền thành công khi chuyển khác merchant:63)
	at com.kms.katalon.core.main.ScriptEngine.run(ScriptEngine.java:194)
	at com.kms.katalon.core.main.ScriptEngine.runScriptAsRawText(ScriptEngine.java:119)
	at com.kms.katalon.core.main.TestCaseExecutor.runScript(TestCaseExecutor.java:448)
	at com.kms.katalon.core.main.TestCaseExecutor.doExecute(TestCaseExecutor.java:439)
	at com.kms.katalon.core.main.TestCaseExecutor.processExecutionPhase(TestCaseExecutor.java:418)
	at com.kms.katalon.core.main.TestCaseExecutor.accessMainPhase(TestCaseExecutor.java:410)
	at com.kms.katalon.core.main.TestCaseExecutor.execute(TestCaseExecutor.java:285)
	at com.kms.katalon.core.common.CommonExecutor.accessTestCaseMainPhase(CommonExecutor.java:65)
	at com.kms.katalon.core.main.TestSuiteExecutor.accessTestSuiteMainPhase(TestSuiteExecutor.java:150)
	at com.kms.katalon.core.main.TestSuiteExecutor.execute(TestSuiteExecutor.java:106)
	at com.kms.katalon.core.main.TestCaseMain.startTestSuite(TestCaseMain.java:180)
	at TempTestSuite1729070688367.run(TempTestSuite1729070688367.groovy:35)
	at java.base/jdk.internal.reflect.NativeMethodAccessorImpl.invoke0(Native Method)
	at java.base/jdk.internal.reflect.NativeMethodAccessorImpl.invoke(NativeMethodAccessorImpl.java:77)
	at java.base/jdk.internal.reflect.DelegatingMethodAccessorImpl.invoke(DelegatingMethodAccessorImpl.java:43)]]></system-err>
      </testcase>
      <system-out><![CDATA[16-10-2024T16:24:53 - [TEST_SUITE][ERROR] - Chuyển tiền: Test Cases/Quản lý tài khoản merchant/Quản lý danh sách tài khoản/Chuyển tiền/TC_02_Kiểm tra validate khi cùng merchant FAILED.
Reason:
org.openqa.selenium.ElementNotInteractableException: element not interactable
  (Session info: chrome=129.0.6668.101)
Build info: version: '3.141.59', revision: 'unknown', time: 'unknown'
System info: host: 'Aidans-Macbook.local', ip: 'fe80:0:0:0:1c6f:cbc0:8a36:2343%en0', os.name: 'Mac OS X', os.arch: 'aarch64', os.version: '14.5', java.version: '17.0.7'
Driver info: com.kms.katalon.selenium.driver.CChromeDriver
Capabilities {acceptInsecureCerts: false, browserName: chrome, browserVersion: 129.0.6668.101, chrome: {chromedriverVersion: 129.0.6668.100 (cf58cba358d..., userDataDir: /var/folders/w1/k98vh2j97rz...}, fedcm:accounts: true, goog:chromeOptions: {debuggerAddress: localhost:61089}, javascriptEnabled: true, networkConnectionEnabled: false, pageLoadStrategy: normal, platform: MAC, platformName: MAC, proxy: Proxy(), setWindowRect: true, strictFileInteractability: false, timeouts: {implicit: 0, pageLoad: 300000, script: 30000}, unhandledPromptBehavior: dismiss and notify, webauthn:extension:credBlob: true, webauthn:extension:largeBlob: true, webauthn:extension:minPinLength: true, webauthn:extension:prf: true, webauthn:virtualAuthenticators: true}
Session ID: 9c1abaea43f671e0c9c9a8f781dc93e4
	at java.base/jdk.internal.reflect.NativeConstructorAccessorImpl.newInstance0(Native Method)
	at java.base/jdk.internal.reflect.NativeConstructorAccessorImpl.newInstance(NativeConstructorAccessorImpl.java:77)
	at java.base/jdk.internal.reflect.DelegatingConstructorAccessorImpl.newInstance(DelegatingConstructorAccessorImpl.java:45)
	at org.openqa.selenium.remote.http.W3CHttpResponseCodec.createException(W3CHttpResponseCodec.java:187)
	at org.openqa.selenium.remote.http.W3CHttpResponseCodec.decode(W3CHttpResponseCodec.java:122)
	at org.openqa.selenium.remote.http.W3CHttpResponseCodec.decode(W3CHttpResponseCodec.java:49)
	at org.openqa.selenium.remote.HttpCommandExecutor.execute(HttpCommandExecutor.java:158)
	at org.openqa.selenium.remote.service.DriverCommandExecutor.execute(DriverCommandExecutor.java:83)
	at org.openqa.selenium.remote.RemoteWebDriver.execute(RemoteWebDriver.java:552)
	at com.kms.katalon.selenium.driver.CChromeDriver.execute(CChromeDriver.java:19)
	at org.openqa.selenium.remote.RemoteWebElement.execute(RemoteWebElement.java:285)
	at org.openqa.selenium.remote.RemoteWebElement.click(RemoteWebElement.java:84)
	at jdk.internal.reflect.GeneratedMethodAccessor11.invoke(Unknown Source)
	at java.base/jdk.internal.reflect.DelegatingMethodAccessorImpl.invoke(DelegatingMethodAccessorImpl.java:43)
	at org.openqa.selenium.support.events.EventFiringWebDriver$EventFiringWebElement.lambda$new$0(EventFiringWebDriver.java:404)
	at jdk.proxy2/jdk.proxy2.$Proxy23.click(Unknown Source)
	at org.openqa.selenium.support.events.EventFiringWebDriver$EventFiringWebElement.click(EventFiringWebDriver.java:417)
	at TC_02_Kiểm tra validate khi cùng merchant.run(TC_02_Kiểm tra validate khi cùng merchant:79)
	at com.kms.katalon.core.main.ScriptEngine.run(ScriptEngine.java:194)
	at com.kms.katalon.core.main.ScriptEngine.runScriptAsRawText(ScriptEngine.java:119)
	at com.kms.katalon.core.main.TestCaseExecutor.runScript(TestCaseExecutor.java:448)
	at com.kms.katalon.core.main.TestCaseExecutor.doExecute(TestCaseExecutor.java:439)
	at com.kms.katalon.core.main.TestCaseExecutor.processExecutionPhase(TestCaseExecutor.java:418)
	at com.kms.katalon.core.main.TestCaseExecutor.accessMainPhase(TestCaseExecutor.java:410)
	at com.kms.katalon.core.main.TestCaseExecutor.execute(TestCaseExecutor.java:285)
	at com.kms.katalon.core.common.CommonExecutor.accessTestCaseMainPhase(CommonExecutor.java:65)
	at com.kms.katalon.core.main.TestSuiteExecutor.accessTestSuiteMainPhase(TestSuiteExecutor.java:150)
	at com.kms.katalon.core.main.TestSuiteExecutor.execute(TestSuiteExecutor.java:106)
	at com.kms.katalon.core.main.TestCaseMain.startTestSuite(TestCaseMain.java:180)
	at TempTestSuite1729070688367.run(TempTestSuite1729070688367.groovy:35)
	at java.base/jdk.internal.reflect.NativeMethodAccessorImpl.invoke0(Native Method)
	at java.base/jdk.internal.reflect.NativeMethodAccessorImpl.invoke(NativeMethodAccessorImpl.java:77)
	at java.base/jdk.internal.reflect.DelegatingMethodAccessorImpl.invoke(DelegatingMethodAccessorImpl.java:43)]]></system-out>
      <system-err><![CDATA[16-10-2024T16:24:53 - [TEST_SUITE][ERROR] - Chuyển tiền: Test Cases/Quản lý tài khoản merchant/Quản lý danh sách tài khoản/Chuyển tiền/TC_02_Kiểm tra validate khi cùng merchant FAILED.
Reason:
org.openqa.selenium.ElementNotInteractableException: element not interactable
  (Session info: chrome=129.0.6668.101)
Build info: version: '3.141.59', revision: 'unknown', time: 'unknown'
System info: host: 'Aidans-Macbook.local', ip: 'fe80:0:0:0:1c6f:cbc0:8a36:2343%en0', os.name: 'Mac OS X', os.arch: 'aarch64', os.version: '14.5', java.version: '17.0.7'
Driver info: com.kms.katalon.selenium.driver.CChromeDriver
Capabilities {acceptInsecureCerts: false, browserName: chrome, browserVersion: 129.0.6668.101, chrome: {chromedriverVersion: 129.0.6668.100 (cf58cba358d..., userDataDir: /var/folders/w1/k98vh2j97rz...}, fedcm:accounts: true, goog:chromeOptions: {debuggerAddress: localhost:61089}, javascriptEnabled: true, networkConnectionEnabled: false, pageLoadStrategy: normal, platform: MAC, platformName: MAC, proxy: Proxy(), setWindowRect: true, strictFileInteractability: false, timeouts: {implicit: 0, pageLoad: 300000, script: 30000}, unhandledPromptBehavior: dismiss and notify, webauthn:extension:credBlob: true, webauthn:extension:largeBlob: true, webauthn:extension:minPinLength: true, webauthn:extension:prf: true, webauthn:virtualAuthenticators: true}
Session ID: 9c1abaea43f671e0c9c9a8f781dc93e4
	at java.base/jdk.internal.reflect.NativeConstructorAccessorImpl.newInstance0(Native Method)
	at java.base/jdk.internal.reflect.NativeConstructorAccessorImpl.newInstance(NativeConstructorAccessorImpl.java:77)
	at java.base/jdk.internal.reflect.DelegatingConstructorAccessorImpl.newInstance(DelegatingConstructorAccessorImpl.java:45)
	at org.openqa.selenium.remote.http.W3CHttpResponseCodec.createException(W3CHttpResponseCodec.java:187)
	at org.openqa.selenium.remote.http.W3CHttpResponseCodec.decode(W3CHttpResponseCodec.java:122)
	at org.openqa.selenium.remote.http.W3CHttpResponseCodec.decode(W3CHttpResponseCodec.java:49)
	at org.openqa.selenium.remote.HttpCommandExecutor.execute(HttpCommandExecutor.java:158)
	at org.openqa.selenium.remote.service.DriverCommandExecutor.execute(DriverCommandExecutor.java:83)
	at org.openqa.selenium.remote.RemoteWebDriver.execute(RemoteWebDriver.java:552)
	at com.kms.katalon.selenium.driver.CChromeDriver.execute(CChromeDriver.java:19)
	at org.openqa.selenium.remote.RemoteWebElement.execute(RemoteWebElement.java:285)
	at org.openqa.selenium.remote.RemoteWebElement.click(RemoteWebElement.java:84)
	at jdk.internal.reflect.GeneratedMethodAccessor11.invoke(Unknown Source)
	at java.base/jdk.internal.reflect.DelegatingMethodAccessorImpl.invoke(DelegatingMethodAccessorImpl.java:43)
	at org.openqa.selenium.support.events.EventFiringWebDriver$EventFiringWebElement.lambda$new$0(EventFiringWebDriver.java:404)
	at jdk.proxy2/jdk.proxy2.$Proxy23.click(Unknown Source)
	at org.openqa.selenium.support.events.EventFiringWebDriver$EventFiringWebElement.click(EventFiringWebDriver.java:417)
	at TC_02_Kiểm tra validate khi cùng merchant.run(TC_02_Kiểm tra validate khi cùng merchant:79)
	at com.kms.katalon.core.main.ScriptEngine.run(ScriptEngine.java:194)
	at com.kms.katalon.core.main.ScriptEngine.runScriptAsRawText(ScriptEngine.java:119)
	at com.kms.katalon.core.main.TestCaseExecutor.runScript(TestCaseExecutor.java:448)
	at com.kms.katalon.core.main.TestCaseExecutor.doExecute(TestCaseExecutor.java:439)
	at com.kms.katalon.core.main.TestCaseExecutor.processExecutionPhase(TestCaseExecutor.java:418)
	at com.kms.katalon.core.main.TestCaseExecutor.accessMainPhase(TestCaseExecutor.java:410)
	at com.kms.katalon.core.main.TestCaseExecutor.execute(TestCaseExecutor.java:285)
	at com.kms.katalon.core.common.CommonExecutor.accessTestCaseMainPhase(CommonExecutor.java:65)
	at com.kms.katalon.core.main.TestSuiteExecutor.accessTestSuiteMainPhase(TestSuiteExecutor.java:150)
	at com.kms.katalon.core.main.TestSuiteExecutor.execute(TestSuiteExecutor.java:106)
	at com.kms.katalon.core.main.TestCaseMain.startTestSuite(TestCaseMain.java:180)
	at TempTestSuite1729070688367.run(TempTestSuite1729070688367.groovy:35)
	at java.base/jdk.internal.reflect.NativeMethodAccessorImpl.invoke0(Native Method)
	at java.base/jdk.internal.reflect.NativeMethodAccessorImpl.invoke(NativeMethodAccessorImpl.java:77)
	at java.base/jdk.internal.reflect.DelegatingMethodAccessorImpl.invoke(DelegatingMethodAccessorImpl.java:43)]]></system-err>
   </testsuite>
</testsuites>
