<?xml version="1.0" encoding="UTF-8"?>
<testsuites name="Quản lý dịch vụ merchant" time="79.952" tests="2" failures="0" errors="1">
   <testsuite name="Quản lý dịch vụ merchant" tests="2" failures="0" errors="1" time="79.952" skipped="0" timestamp="12-10-2024T21:19:47" hostname="mac - 192.168.1.10" id="Test Suites/Quản lý tài khoản merchant/Quản lý dịch vụ merchant">
      <properties>
         <property name="deviceName" value=""/>
         <property name="devicePlatform"/>
         <property name="logFolder" value="/Users/mac/Documents/test/Cms9Pay/Reports/20241012_211941/Qu\u1EA3n l\u00FD t\u00E0i kho\u1EA3n merchant/Qu\u1EA3n l\u00FD d\u1ECBch v\u1EE5 merchant/20241012_211941"/>
         <property name="logFiles" value="/Users/mac/Documents/test/Cms9Pay/Reports/20241012_211941/Qu\u1EA3n l\u00FD t\u00E0i kho\u1EA3n merchant/Qu\u1EA3n l\u00FD d\u1ECBch v\u1EE5 merchant/20241012_211941/execution0.log"/>
         <property name="attachments" value=""/>
         <property name="hostName" value="mac - 192.168.1.10"/>
         <property name="os" value="Mac OS X 64bit"/>
         <property name="katalonVersion" value="9.7.2.223"/>
         <property name="browser" value="Chrome 129.0.0.0"/>
         <property name="hostAddress" value="192.168.1.10"/>
         <property name="sessionId" value="85b98ebcdd6af1c60f2e39a224ef814a"/>
         <property name="seleniumVersion" value="3.141.59"/>
         <property name="proxyInformation" value="ProxyInformation { proxyOption=NO_PROXY, proxyServerType=HTTP, username=, password=********, proxyServerAddress=, proxyServerPort=0, executionList=&quot;&quot;, isApplyToDesiredCapabilities=true }"/>
         <property name="platform" value="Mac OS X"/>
      </properties>
      <testcase name="Test Cases/Quản lý tài khoản merchant/Quản lý dịch vụ merchant/TC_13_Kiểm tra chức năng xác nhận cấu hình thay đổi VA" time="69.531" classname="Test Cases/Quản lý tài khoản merchant/Quản lý dịch vụ merchant/TC_13_Kiểm tra chức năng xác nhận cấu hình thay đổi VA" status="PASSED">
         <system-out><![CDATA[12-10-2024T21:19:47 - [TEST_CASE][PASSED] - Test Cases/Quản lý tài khoản merchant/Quản lý dịch vụ merchant/TC_13_Kiểm tra chức năng xác nhận cấu hình thay đổi VA: Test Cases/Quản lý tài khoản merchant/Quản lý dịch vụ merchant/TC_13_Kiểm tra chức năng xác nhận cấu hình thay đổi VA

12-10-2024T21:19:47 - [TEST_STEP][PASSED] - Start listener action : sampleBeforeTestCase: Navigate to 'https://stg-cms-console.9pay.mobi/login' successfully

12-10-2024T21:19:47 - [TEST_STEP][PASSED] - testCaseId = testCaseContext.getTestCaseId(): null

12-10-2024T21:19:47 - [TEST_STEP][PASSED] - url = <not implemented yet for class: org.codehaus.groovy.ast.expr.EmptyExpression>: null

12-10-2024T21:19:47 - [TEST_STEP][PASSED] - if (testCaseId == "Test Cases/Quản lý tài khoản merchant/Quản lý dịch vụ merchant/TC_14_Kiểm tra thay đổi sau khi cấu hình VA trên MCV"): null

12-10-2024T21:19:47 - [TEST_STEP][PASSED] - else: null

12-10-2024T21:19:47 - [TEST_STEP][PASSED] - url = "https://stg-cms-console.9pay.mobi/login": null

12-10-2024T21:19:47 - [TEST_STEP][PASSED] - openBrowser(""): Browser is opened with url: ''

12-10-2024T21:19:48 - [MESSAGE][INFO] - Starting 'Chrome' driver

12-10-2024T21:19:48 - [MESSAGE][INFO] - Action delay is set to 0 milliseconds

12-10-2024T21:19:49 - [MESSAGE][PASSED] - Browser is opened with url: ''

12-10-2024T21:19:49 - [TEST_STEP][PASSED] - maximizeWindow(): Current window maximized

12-10-2024T21:19:49 - [MESSAGE][PASSED] - Current window maximized

12-10-2024T21:19:49 - [TEST_STEP][PASSED] - navigateToUrl(url): Navigate to 'https://stg-cms-console.9pay.mobi/login' successfully

12-10-2024T21:19:52 - [MESSAGE][PASSED] - Navigate to 'https://stg-cms-console.9pay.mobi/login' successfully

12-10-2024T21:19:52 - [TEST_STEP][PASSED] - waitTime = Integer.parseInt(waitSecond): null

12-10-2024T21:19:52 - [TEST_STEP][PASSED] - callTestCase(findTestCase("Test Cases/Login/LoginCommon"), [:], STOP_ON_FAILURE): Call Test Case 'Test Cases/Login/LoginCommon' successfully

12-10-2024T21:19:52 - [TEST_CASE][PASSED] - Test Cases/Login/LoginCommon: Test Cases/Login/LoginCommon

12-10-2024T21:19:52 - [TEST_STEP][PASSED] - driver = getWebDriver(): null

12-10-2024T21:19:52 - [TEST_STEP][PASSED] - sendKeys(findTestObject("Quản lý tài khoản merchant/Quản lý dịch vụ merchant/userNameTextbox"), userAccount): Keys 'dannt@9pay.vn' sent to object: 'Object Repository/Quản lý tài khoản merchant/Quản lý dịch vụ merchant/userNameTextbox'

12-10-2024T21:19:53 - [MESSAGE][PASSED] - Keys 'dannt@9pay.vn' sent to object: 'Object Repository/Quản lý tài khoản merchant/Quản lý dịch vụ merchant/userNameTextbox'

12-10-2024T21:19:53 - [TEST_STEP][PASSED] - sendKeys(findTestObject("Quản lý tài khoản merchant/Quản lý dịch vụ merchant/passwordTextbox"), password): Keys 'dannt@9pay.vn' sent to object: 'Object Repository/Quản lý tài khoản merchant/Quản lý dịch vụ merchant/passwordTextbox'

12-10-2024T21:19:53 - [MESSAGE][PASSED] - Keys 'dannt@9pay.vn' sent to object: 'Object Repository/Quản lý tài khoản merchant/Quản lý dịch vụ merchant/passwordTextbox'

12-10-2024T21:19:53 - [TEST_STEP][PASSED] - click(findTestObject("Quản lý tài khoản merchant/Quản lý dịch vụ merchant/loginButton")): Object: 'Object Repository/Quản lý tài khoản merchant/Quản lý dịch vụ merchant/loginButton' is clicked on

12-10-2024T21:19:53 - [MESSAGE][PASSED] - Object: 'Object Repository/Quản lý tài khoản merchant/Quản lý dịch vụ merchant/loginButton' is clicked on

12-10-2024T21:19:53 - [MESSAGE][PASSED] - Call Test Case 'Test Cases/Login/LoginCommon' successfully

12-10-2024T21:19:53 - [TEST_STEP][PASSED] - waitForElementVisible(findTestObject("Trang chủ/userName"), waitTime, STOP_ON_FAILURE): Object 'Object Repository/Trang chủ/userName' is visible

12-10-2024T21:20:15 - [MESSAGE][PASSED] - Object 'Object Repository/Trang chủ/userName' is visible

12-10-2024T21:20:15 - [TEST_STEP][PASSED] - callTestCase(findTestCase("Test Cases/Quản lý tài khoản merchant/Quản lý danh sách tài khoản/CustomFunctions"), [:], STOP_ON_FAILURE): Call Test Case 'Test Cases/Quản lý tài khoản merchant/Quản lý danh sách tài khoản/CustomFunctions' successfully

12-10-2024T21:20:15 - [TEST_CASE][PASSED] - Test Cases/Quản lý tài khoản merchant/Quản lý danh sách tài khoản/CustomFunctions: Test Cases/Quản lý tài khoản merchant/Quản lý danh sách tài khoản/CustomFunctions

12-10-2024T21:20:15 - [TEST_STEP][PASSED] - driver = getWebDriver(): null

12-10-2024T21:20:15 - [TEST_STEP][PASSED] - sleep(2000): null

12-10-2024T21:20:17 - [TEST_STEP][PASSED] - element1 = driver.findElement(By.xpath(xpathManagerMC)): null

12-10-2024T21:20:17 - [TEST_STEP][PASSED] - actions = new org.openqa.selenium.interactions.Actions(driver): null

12-10-2024T21:20:17 - [TEST_STEP][PASSED] - click().perform(): null

12-10-2024T21:20:17 - [TEST_STEP][PASSED] - wait = new org.openqa.selenium.support.ui.WebDriverWait(com.kms.katalon.core.webui.driver.DriverFactory.getWebDriver(), 30): null

12-10-2024T21:20:17 - [TEST_STEP][PASSED] - element2 = wait.until(ExpectedConditions.elementToBeClickable(By.xpath(xpathManagerServiceMC))): null

12-10-2024T21:20:17 - [TEST_STEP][PASSED] - click().perform(): null

12-10-2024T21:20:18 - [MESSAGE][PASSED] - Call Test Case 'Test Cases/Quản lý tài khoản merchant/Quản lý danh sách tài khoản/CustomFunctions' successfully

12-10-2024T21:20:18 - [TEST_STEP][PASSED] - click(findTestObject("Quản lý tài khoản merchant/Quản lý dịch vụ merchant/iconTime")): Object: 'Object Repository/Quản lý tài khoản merchant/Quản lý dịch vụ merchant/iconTime' is clicked on

12-10-2024T21:20:19 - [MESSAGE][PASSED] - Object: 'Object Repository/Quản lý tài khoản merchant/Quản lý dịch vụ merchant/iconTime' is clicked on

12-10-2024T21:20:19 - [TEST_STEP][PASSED] - driver = getWebDriver(): null

12-10-2024T21:20:19 - [TEST_STEP][PASSED] - wait = new org.openqa.selenium.support.ui.WebDriverWait(com.kms.katalon.core.webui.driver.DriverFactory.getWebDriver(), 10): null

12-10-2024T21:20:19 - [TEST_STEP][PASSED] - iconClick = driver.findElement(By.xpath(xpathDropdownSwitchFrom)): null

12-10-2024T21:20:20 - [TEST_STEP][PASSED] - iconClick.click(): null

12-10-2024T21:20:20 - [TEST_STEP][PASSED] - techcombankOtp = driver.findElement(By.xpath(xpathOptionTCB)): null

12-10-2024T21:20:20 - [TEST_STEP][PASSED] - textTech = techcombankOtp.getText(): null

12-10-2024T21:20:20 - [TEST_STEP][PASSED] - println("Đoạn văn: " + textTech): null

12-10-2024T21:20:20 - [TEST_STEP][PASSED] - techcombankOtp.click(): null

12-10-2024T21:20:20 - [TEST_STEP][PASSED] - matcher = textTech =~ "\bTECHCOMBANK\b": null

12-10-2024T21:20:20 - [TEST_STEP][PASSED] - techcombank = (matcher.find()) ? matcher.group() : : null

12-10-2024T21:20:20 - [TEST_STEP][PASSED] - iconClick2 = driver.findElement(By.xpath(xpathDropdownSwitchTo)): null

12-10-2024T21:20:20 - [TEST_STEP][PASSED] - iconClick2.click(): null

12-10-2024T21:20:20 - [TEST_STEP][PASSED] - element2 = driver.findElement(By.xpath(xpathOptionVPTo)): null

12-10-2024T21:20:21 - [TEST_STEP][PASSED] - element2.click(): null

12-10-2024T21:20:21 - [TEST_STEP][PASSED] - xpath(xpathDatePicker)).click(): null

12-10-2024T21:20:21 - [TEST_STEP][PASSED] - xpath(xpathOkBtn)).click(): null

12-10-2024T21:20:22 - [TEST_STEP][PASSED] - xpath(xpathOkBtn)).click(): null

12-10-2024T21:20:22 - [TEST_STEP][PASSED] - now = new java.util.Date(): null

12-10-2024T21:20:22 - [TEST_STEP][PASSED] - sdf1 = new java.text.SimpleDateFormat(mm): null

12-10-2024T21:20:22 - [TEST_STEP][PASSED] - formattedDate1 = sdf1.format(now): null

12-10-2024T21:20:22 - [TEST_STEP][PASSED] - currentMinute1 = Integer.parseInt(formattedDate1) + 1: null

12-10-2024T21:20:22 - [TEST_STEP][PASSED] - dateXpath1 = "m-" + currentMinute1: null

12-10-2024T21:20:22 - [TEST_STEP][PASSED] - clock3 = "//div[@class='dtp']/descendant::*[name()='circle' and @id='" + dateXpath1 + "']": null

12-10-2024T21:20:22 - [TEST_STEP][PASSED] - println("element: " + clock3): null

12-10-2024T21:20:22 - [TEST_STEP][PASSED] - clock4 = wait.until(ExpectedConditions.elementToBeClickable(By.xpath(clock3))): null

12-10-2024T21:20:23 - [TEST_STEP][PASSED] - script1 = "var event = new MouseEvent('click', {" + "view: window," + "bubbles: true," + "cancelable: true" + "});" + "arguments[0].dispatchEvent(event);": null

12-10-2024T21:20:23 - [TEST_STEP][PASSED] - driver.executeScript(script1, clock4): null

12-10-2024T21:20:23 - [TEST_STEP][PASSED] - xpath(xpathOkBtn)).click(): null

12-10-2024T21:20:23 - [TEST_STEP][PASSED] - xpath(xpathDatePickerEnd)).click(): null

12-10-2024T21:20:23 - [TEST_STEP][PASSED] - xpath(xpathBtnOkEnd)).click(): null

12-10-2024T21:20:24 - [TEST_STEP][PASSED] - xpath(xpathBtnOkEnd)).click(): null

12-10-2024T21:20:24 - [TEST_STEP][PASSED] - sdf = new java.text.SimpleDateFormat(mm): null

12-10-2024T21:20:24 - [TEST_STEP][PASSED] - formattedDate = sdf.format(now): null

12-10-2024T21:20:24 - [TEST_STEP][PASSED] - currentMinute = Integer.parseInt(formattedDate) + 2: null

12-10-2024T21:20:24 - [TEST_STEP][PASSED] - dateXpath = "m-" + currentMinute: null

12-10-2024T21:20:24 - [TEST_STEP][PASSED] - clock2 = "//div[@class='dtp']/descendant::*[name()='circle' and @id='" + dateXpath + "']": null

12-10-2024T21:20:24 - [TEST_STEP][PASSED] - clock1 = wait.until(ExpectedConditions.elementToBeClickable(By.xpath(clock2))): null

12-10-2024T21:20:25 - [TEST_STEP][PASSED] - script = "var event = new MouseEvent('click', {" + "view: window," + "bubbles: true," + "cancelable: true" + "});" + "arguments[0].dispatchEvent(event);": null

12-10-2024T21:20:25 - [TEST_STEP][PASSED] - driver.executeScript(script, clock1): null

12-10-2024T21:20:25 - [TEST_STEP][PASSED] - xpath(xpathBtnOkEnd)).click(): null

12-10-2024T21:20:25 - [TEST_STEP][PASSED] - xpath(xpathOptionBack)).click(): null

12-10-2024T21:20:26 - [TEST_STEP][PASSED] - xpath(xpathOptionTCBBack)).click(): null

12-10-2024T21:20:26 - [TEST_STEP][PASSED] - xpath(xpathUpdateBtn)).click(): null

12-10-2024T21:20:26 - [TEST_STEP][PASSED] - xpath("//button[normalize-space()='Ok']")).click(): null

12-10-2024T21:20:27 - [TEST_STEP][PASSED] - Start listener action : sampleAfterTestCase: null

12-10-2024T21:20:27 - [TEST_STEP][PASSED] - testCaseId = testCaseContext.getTestCaseId(): null

12-10-2024T21:20:27 - [TEST_STEP][PASSED] - if (testCaseId == "Test Cases/Quản lý tài khoản merchant/Quản lý dịch vụ merchant/TC_13_Kiểm tra chức năng xác nhận cấu hình thay đổi VA"): null

12-10-2024T21:20:27 - [TEST_STEP][PASSED] - Thread.sleep(30000): null]]></system-out>
         <system-err><![CDATA[]]></system-err>
      </testcase>
      <testcase name="Test Cases/Quản lý tài khoản merchant/Quản lý dịch vụ merchant/TC_14_Kiểm tra thay đổi sau khi cấu hình VA trên MCV" time="10.343" classname="Test Cases/Quản lý tài khoản merchant/Quản lý dịch vụ merchant/TC_14_Kiểm tra thay đổi sau khi cấu hình VA trên MCV" status="ERROR">
         <error type="ERROR" message="Test Cases/Quản lý tài khoản merchant/Quản lý dịch vụ merchant/TC_14_Kiểm tra thay đổi sau khi cấu hình VA trên MCV FAILED.&#xa;Reason:&#xa;groovy.lang.GroovyRuntimeException: Could not find matching constructor for: org.openqa.selenium.support.ui.WebDriverWait(com.kms.katalon.core.webui.driver.SmartWaitWebDriver, String)&#xa;	at TC_14_Kiểm tra thay đổi sau khi cấu hình VA trên MCV.run(TC_14_Kiểm tra thay đổi sau khi cấu hình VA trên MCV:16)&#xa;	at com.kms.katalon.core.main.ScriptEngine.run(ScriptEngine.java:194)&#xa;	at com.kms.katalon.core.main.ScriptEngine.runScriptAsRawText(ScriptEngine.java:119)&#xa;	at com.kms.katalon.core.main.TestCaseExecutor.runScript(TestCaseExecutor.java:448)&#xa;	at com.kms.katalon.core.main.TestCaseExecutor.doExecute(TestCaseExecutor.java:439)&#xa;	at com.kms.katalon.core.main.TestCaseExecutor.processExecutionPhase(TestCaseExecutor.java:418)&#xa;	at com.kms.katalon.core.main.TestCaseExecutor.accessMainPhase(TestCaseExecutor.java:410)&#xa;	at com.kms.katalon.core.main.TestCaseExecutor.execute(TestCaseExecutor.java:285)&#xa;	at com.kms.katalon.core.common.CommonExecutor.accessTestCaseMainPhase(CommonExecutor.java:65)&#xa;	at com.kms.katalon.core.main.TestSuiteExecutor.accessTestSuiteMainPhase(TestSuiteExecutor.java:150)&#xa;	at com.kms.katalon.core.main.TestSuiteExecutor.execute(TestSuiteExecutor.java:106)&#xa;	at com.kms.katalon.core.main.TestCaseMain.startTestSuite(TestCaseMain.java:180)&#xa;	at TempTestSuite1728742781185.run(TempTestSuite1728742781185.groovy:35)&#xa;	at java.base/jdk.internal.reflect.NativeMethodAccessorImpl.invoke0(Native Method)&#xa;	at java.base/jdk.internal.reflect.NativeMethodAccessorImpl.invoke(NativeMethodAccessorImpl.java:77)&#xa;	at java.base/jdk.internal.reflect.DelegatingMethodAccessorImpl.invoke(DelegatingMethodAccessorImpl.java:43)&#xa;"/>
         <system-out><![CDATA[12-10-2024T21:20:57 - [TEST_CASE][ERROR] - Test Cases/Quản lý tài khoản merchant/Quản lý dịch vụ merchant/TC_14_Kiểm tra thay đổi sau khi cấu hình VA trên MCV: Test Cases/Quản lý tài khoản merchant/Quản lý dịch vụ merchant/TC_14_Kiểm tra thay đổi sau khi cấu hình VA trên MCV FAILED.
Reason:
groovy.lang.GroovyRuntimeException: Could not find matching constructor for: org.openqa.selenium.support.ui.WebDriverWait(com.kms.katalon.core.webui.driver.SmartWaitWebDriver, String)
	at TC_14_Kiểm tra thay đổi sau khi cấu hình VA trên MCV.run(TC_14_Kiểm tra thay đổi sau khi cấu hình VA trên MCV:16)
	at com.kms.katalon.core.main.ScriptEngine.run(ScriptEngine.java:194)
	at com.kms.katalon.core.main.ScriptEngine.runScriptAsRawText(ScriptEngine.java:119)
	at com.kms.katalon.core.main.TestCaseExecutor.runScript(TestCaseExecutor.java:448)
	at com.kms.katalon.core.main.TestCaseExecutor.doExecute(TestCaseExecutor.java:439)
	at com.kms.katalon.core.main.TestCaseExecutor.processExecutionPhase(TestCaseExecutor.java:418)
	at com.kms.katalon.core.main.TestCaseExecutor.accessMainPhase(TestCaseExecutor.java:410)
	at com.kms.katalon.core.main.TestCaseExecutor.execute(TestCaseExecutor.java:285)
	at com.kms.katalon.core.common.CommonExecutor.accessTestCaseMainPhase(CommonExecutor.java:65)
	at com.kms.katalon.core.main.TestSuiteExecutor.accessTestSuiteMainPhase(TestSuiteExecutor.java:150)
	at com.kms.katalon.core.main.TestSuiteExecutor.execute(TestSuiteExecutor.java:106)
	at com.kms.katalon.core.main.TestCaseMain.startTestSuite(TestCaseMain.java:180)
	at TempTestSuite1728742781185.run(TempTestSuite1728742781185.groovy:35)
	at java.base/jdk.internal.reflect.NativeMethodAccessorImpl.invoke0(Native Method)
	at java.base/jdk.internal.reflect.NativeMethodAccessorImpl.invoke(NativeMethodAccessorImpl.java:77)
	at java.base/jdk.internal.reflect.DelegatingMethodAccessorImpl.invoke(DelegatingMethodAccessorImpl.java:43)


12-10-2024T21:20:57 - [TEST_STEP][PASSED] - Start listener action : sampleBeforeTestCase: Navigate to 'https://stg-console.9pay.mobi/login' successfully

12-10-2024T21:20:57 - [TEST_STEP][PASSED] - testCaseId = testCaseContext.getTestCaseId(): null

12-10-2024T21:20:57 - [TEST_STEP][PASSED] - url = <not implemented yet for class: org.codehaus.groovy.ast.expr.EmptyExpression>: null

12-10-2024T21:20:57 - [TEST_STEP][PASSED] - if (testCaseId == "Test Cases/Quản lý tài khoản merchant/Quản lý dịch vụ merchant/TC_14_Kiểm tra thay đổi sau khi cấu hình VA trên MCV"): null

12-10-2024T21:20:57 - [TEST_STEP][PASSED] - url = "https://stg-console.9pay.mobi/login": null

12-10-2024T21:20:57 - [TEST_STEP][PASSED] - openBrowser(""): Browser is opened with url: ''

12-10-2024T21:20:57 - [MESSAGE][WARNING] - A browser is already opened. Closing browser and opening a new one

12-10-2024T21:20:57 - [MESSAGE][INFO] - Starting 'Chrome' driver

12-10-2024T21:20:57 - [MESSAGE][INFO] - Action delay is set to 0 milliseconds

12-10-2024T21:20:58 - [MESSAGE][PASSED] - Browser is opened with url: ''

12-10-2024T21:20:58 - [TEST_STEP][PASSED] - maximizeWindow(): Current window maximized

12-10-2024T21:20:58 - [MESSAGE][PASSED] - Current window maximized

12-10-2024T21:20:58 - [TEST_STEP][PASSED] - navigateToUrl(url): Navigate to 'https://stg-console.9pay.mobi/login' successfully

12-10-2024T21:21:06 - [MESSAGE][PASSED] - Navigate to 'https://stg-console.9pay.mobi/login' successfully

12-10-2024T21:21:06 - [TEST_STEP][PASSED] - driver = getWebDriver(): null

12-10-2024T21:21:06 - [TEST_STEP][PASSED] - xpath("//input[@placeholder='Tài khoản']")).sendKeys("dannt11"): null

12-10-2024T21:21:07 - [TEST_STEP][PASSED] - xpath("//input[@placeholder='Mật khẩu']")).sendKeys("9Pay@1234"): null

12-10-2024T21:21:07 - [TEST_STEP][PASSED] - xpath("//button[contains(text(),'Đăng nhập')]")).click(): null

12-10-2024T21:21:07 - [TEST_STEP][ERROR] - wait = new org.openqa.selenium.support.ui.WebDriverWait(com.kms.katalon.core.webui.driver.DriverFactory.getWebDriver(), internal.GlobalVariable.waitSecond): Test Cases/Quản lý tài khoản merchant/Quản lý dịch vụ merchant/TC_14_Kiểm tra thay đổi sau khi cấu hình VA trên MCV FAILED.
Reason:
groovy.lang.GroovyRuntimeException: Could not find matching constructor for: org.openqa.selenium.support.ui.WebDriverWait(com.kms.katalon.core.webui.driver.SmartWaitWebDriver, String)
	at TC_14_Kiểm tra thay đổi sau khi cấu hình VA trên MCV.run(TC_14_Kiểm tra thay đổi sau khi cấu hình VA trên MCV:16)
	at com.kms.katalon.core.main.ScriptEngine.run(ScriptEngine.java:194)
	at com.kms.katalon.core.main.ScriptEngine.runScriptAsRawText(ScriptEngine.java:119)
	at com.kms.katalon.core.main.TestCaseExecutor.runScript(TestCaseExecutor.java:448)
	at com.kms.katalon.core.main.TestCaseExecutor.doExecute(TestCaseExecutor.java:439)
	at com.kms.katalon.core.main.TestCaseExecutor.processExecutionPhase(TestCaseExecutor.java:418)
	at com.kms.katalon.core.main.TestCaseExecutor.accessMainPhase(TestCaseExecutor.java:410)
	at com.kms.katalon.core.main.TestCaseExecutor.execute(TestCaseExecutor.java:285)
	at com.kms.katalon.core.common.CommonExecutor.accessTestCaseMainPhase(CommonExecutor.java:65)
	at com.kms.katalon.core.main.TestSuiteExecutor.accessTestSuiteMainPhase(TestSuiteExecutor.java:150)
	at com.kms.katalon.core.main.TestSuiteExecutor.execute(TestSuiteExecutor.java:106)
	at com.kms.katalon.core.main.TestCaseMain.startTestSuite(TestCaseMain.java:180)
	at TempTestSuite1728742781185.run(TempTestSuite1728742781185.groovy:35)
	at java.base/jdk.internal.reflect.NativeMethodAccessorImpl.invoke0(Native Method)
	at java.base/jdk.internal.reflect.NativeMethodAccessorImpl.invoke(NativeMethodAccessorImpl.java:77)
	at java.base/jdk.internal.reflect.DelegatingMethodAccessorImpl.invoke(DelegatingMethodAccessorImpl.java:43)


12-10-2024T21:21:07 - [MESSAGE][ERROR] - Test Cases/Quản lý tài khoản merchant/Quản lý dịch vụ merchant/TC_14_Kiểm tra thay đổi sau khi cấu hình VA trên MCV FAILED.
Reason:
groovy.lang.GroovyRuntimeException: Could not find matching constructor for: org.openqa.selenium.support.ui.WebDriverWait(com.kms.katalon.core.webui.driver.SmartWaitWebDriver, String)
	at TC_14_Kiểm tra thay đổi sau khi cấu hình VA trên MCV.run(TC_14_Kiểm tra thay đổi sau khi cấu hình VA trên MCV:16)
	at com.kms.katalon.core.main.ScriptEngine.run(ScriptEngine.java:194)
	at com.kms.katalon.core.main.ScriptEngine.runScriptAsRawText(ScriptEngine.java:119)
	at com.kms.katalon.core.main.TestCaseExecutor.runScript(TestCaseExecutor.java:448)
	at com.kms.katalon.core.main.TestCaseExecutor.doExecute(TestCaseExecutor.java:439)
	at com.kms.katalon.core.main.TestCaseExecutor.processExecutionPhase(TestCaseExecutor.java:418)
	at com.kms.katalon.core.main.TestCaseExecutor.accessMainPhase(TestCaseExecutor.java:410)
	at com.kms.katalon.core.main.TestCaseExecutor.execute(TestCaseExecutor.java:285)
	at com.kms.katalon.core.common.CommonExecutor.accessTestCaseMainPhase(CommonExecutor.java:65)
	at com.kms.katalon.core.main.TestSuiteExecutor.accessTestSuiteMainPhase(TestSuiteExecutor.java:150)
	at com.kms.katalon.core.main.TestSuiteExecutor.execute(TestSuiteExecutor.java:106)
	at com.kms.katalon.core.main.TestCaseMain.startTestSuite(TestCaseMain.java:180)
	at TempTestSuite1728742781185.run(TempTestSuite1728742781185.groovy:35)
	at java.base/jdk.internal.reflect.NativeMethodAccessorImpl.invoke0(Native Method)
	at java.base/jdk.internal.reflect.NativeMethodAccessorImpl.invoke(NativeMethodAccessorImpl.java:77)
	at java.base/jdk.internal.reflect.DelegatingMethodAccessorImpl.invoke(DelegatingMethodAccessorImpl.java:43)


12-10-2024T21:21:07 - [TEST_STEP][PASSED] - Start listener action : sampleAfterTestCase: null

12-10-2024T21:21:07 - [TEST_STEP][PASSED] - testCaseId = testCaseContext.getTestCaseId(): null

12-10-2024T21:21:07 - [TEST_STEP][PASSED] - if (testCaseId == "Test Cases/Quản lý tài khoản merchant/Quản lý dịch vụ merchant/TC_13_Kiểm tra chức năng xác nhận cấu hình thay đổi VA"): null]]></system-out>
         <system-err><![CDATA[12-10-2024T21:20:57 - [TEST_CASE][ERROR] - Test Cases/Quản lý tài khoản merchant/Quản lý dịch vụ merchant/TC_14_Kiểm tra thay đổi sau khi cấu hình VA trên MCV: Test Cases/Quản lý tài khoản merchant/Quản lý dịch vụ merchant/TC_14_Kiểm tra thay đổi sau khi cấu hình VA trên MCV FAILED.
Reason:
groovy.lang.GroovyRuntimeException: Could not find matching constructor for: org.openqa.selenium.support.ui.WebDriverWait(com.kms.katalon.core.webui.driver.SmartWaitWebDriver, String)
	at TC_14_Kiểm tra thay đổi sau khi cấu hình VA trên MCV.run(TC_14_Kiểm tra thay đổi sau khi cấu hình VA trên MCV:16)
	at com.kms.katalon.core.main.ScriptEngine.run(ScriptEngine.java:194)
	at com.kms.katalon.core.main.ScriptEngine.runScriptAsRawText(ScriptEngine.java:119)
	at com.kms.katalon.core.main.TestCaseExecutor.runScript(TestCaseExecutor.java:448)
	at com.kms.katalon.core.main.TestCaseExecutor.doExecute(TestCaseExecutor.java:439)
	at com.kms.katalon.core.main.TestCaseExecutor.processExecutionPhase(TestCaseExecutor.java:418)
	at com.kms.katalon.core.main.TestCaseExecutor.accessMainPhase(TestCaseExecutor.java:410)
	at com.kms.katalon.core.main.TestCaseExecutor.execute(TestCaseExecutor.java:285)
	at com.kms.katalon.core.common.CommonExecutor.accessTestCaseMainPhase(CommonExecutor.java:65)
	at com.kms.katalon.core.main.TestSuiteExecutor.accessTestSuiteMainPhase(TestSuiteExecutor.java:150)
	at com.kms.katalon.core.main.TestSuiteExecutor.execute(TestSuiteExecutor.java:106)
	at com.kms.katalon.core.main.TestCaseMain.startTestSuite(TestCaseMain.java:180)
	at TempTestSuite1728742781185.run(TempTestSuite1728742781185.groovy:35)
	at java.base/jdk.internal.reflect.NativeMethodAccessorImpl.invoke0(Native Method)
	at java.base/jdk.internal.reflect.NativeMethodAccessorImpl.invoke(NativeMethodAccessorImpl.java:77)
	at java.base/jdk.internal.reflect.DelegatingMethodAccessorImpl.invoke(DelegatingMethodAccessorImpl.java:43)]]></system-err>
      </testcase>
      <system-out><![CDATA[12-10-2024T21:19:47 - [TEST_SUITE][ERROR] - Quản lý dịch vụ merchant: Test Cases/Quản lý tài khoản merchant/Quản lý dịch vụ merchant/TC_14_Kiểm tra thay đổi sau khi cấu hình VA trên MCV FAILED.
Reason:
groovy.lang.GroovyRuntimeException: Could not find matching constructor for: org.openqa.selenium.support.ui.WebDriverWait(com.kms.katalon.core.webui.driver.SmartWaitWebDriver, String)
	at TC_14_Kiểm tra thay đổi sau khi cấu hình VA trên MCV.run(TC_14_Kiểm tra thay đổi sau khi cấu hình VA trên MCV:16)
	at com.kms.katalon.core.main.ScriptEngine.run(ScriptEngine.java:194)
	at com.kms.katalon.core.main.ScriptEngine.runScriptAsRawText(ScriptEngine.java:119)
	at com.kms.katalon.core.main.TestCaseExecutor.runScript(TestCaseExecutor.java:448)
	at com.kms.katalon.core.main.TestCaseExecutor.doExecute(TestCaseExecutor.java:439)
	at com.kms.katalon.core.main.TestCaseExecutor.processExecutionPhase(TestCaseExecutor.java:418)
	at com.kms.katalon.core.main.TestCaseExecutor.accessMainPhase(TestCaseExecutor.java:410)
	at com.kms.katalon.core.main.TestCaseExecutor.execute(TestCaseExecutor.java:285)
	at com.kms.katalon.core.common.CommonExecutor.accessTestCaseMainPhase(CommonExecutor.java:65)
	at com.kms.katalon.core.main.TestSuiteExecutor.accessTestSuiteMainPhase(TestSuiteExecutor.java:150)
	at com.kms.katalon.core.main.TestSuiteExecutor.execute(TestSuiteExecutor.java:106)
	at com.kms.katalon.core.main.TestCaseMain.startTestSuite(TestCaseMain.java:180)
	at TempTestSuite1728742781185.run(TempTestSuite1728742781185.groovy:35)
	at java.base/jdk.internal.reflect.NativeMethodAccessorImpl.invoke0(Native Method)
	at java.base/jdk.internal.reflect.NativeMethodAccessorImpl.invoke(NativeMethodAccessorImpl.java:77)
	at java.base/jdk.internal.reflect.DelegatingMethodAccessorImpl.invoke(DelegatingMethodAccessorImpl.java:43)]]></system-out>
      <system-err><![CDATA[12-10-2024T21:19:47 - [TEST_SUITE][ERROR] - Quản lý dịch vụ merchant: Test Cases/Quản lý tài khoản merchant/Quản lý dịch vụ merchant/TC_14_Kiểm tra thay đổi sau khi cấu hình VA trên MCV FAILED.
Reason:
groovy.lang.GroovyRuntimeException: Could not find matching constructor for: org.openqa.selenium.support.ui.WebDriverWait(com.kms.katalon.core.webui.driver.SmartWaitWebDriver, String)
	at TC_14_Kiểm tra thay đổi sau khi cấu hình VA trên MCV.run(TC_14_Kiểm tra thay đổi sau khi cấu hình VA trên MCV:16)
	at com.kms.katalon.core.main.ScriptEngine.run(ScriptEngine.java:194)
	at com.kms.katalon.core.main.ScriptEngine.runScriptAsRawText(ScriptEngine.java:119)
	at com.kms.katalon.core.main.TestCaseExecutor.runScript(TestCaseExecutor.java:448)
	at com.kms.katalon.core.main.TestCaseExecutor.doExecute(TestCaseExecutor.java:439)
	at com.kms.katalon.core.main.TestCaseExecutor.processExecutionPhase(TestCaseExecutor.java:418)
	at com.kms.katalon.core.main.TestCaseExecutor.accessMainPhase(TestCaseExecutor.java:410)
	at com.kms.katalon.core.main.TestCaseExecutor.execute(TestCaseExecutor.java:285)
	at com.kms.katalon.core.common.CommonExecutor.accessTestCaseMainPhase(CommonExecutor.java:65)
	at com.kms.katalon.core.main.TestSuiteExecutor.accessTestSuiteMainPhase(TestSuiteExecutor.java:150)
	at com.kms.katalon.core.main.TestSuiteExecutor.execute(TestSuiteExecutor.java:106)
	at com.kms.katalon.core.main.TestCaseMain.startTestSuite(TestCaseMain.java:180)
	at TempTestSuite1728742781185.run(TempTestSuite1728742781185.groovy:35)
	at java.base/jdk.internal.reflect.NativeMethodAccessorImpl.invoke0(Native Method)
	at java.base/jdk.internal.reflect.NativeMethodAccessorImpl.invoke(NativeMethodAccessorImpl.java:77)
	at java.base/jdk.internal.reflect.DelegatingMethodAccessorImpl.invoke(DelegatingMethodAccessorImpl.java:43)]]></system-err>
   </testsuite>
</testsuites>
