<?xml version="1.0" encoding="UTF-8"?>
<testsuites name="Nạp tiền" time="446.13" tests="11" failures="0" errors="1">
   <testsuite name="Nạp tiền" tests="11" failures="0" errors="1" time="446.13" skipped="0" timestamp="12-10-2024T22:53:38" hostname="mac - 192.168.1.10" id="Test Suites/Quản lý tài khoản merchant/Nạp tiền">
      <properties>
         <property name="deviceName" value=""/>
         <property name="devicePlatform"/>
         <property name="logFolder" value="/Users/mac/Documents/test/Cms9Pay/Reports/20241012_225332/Qu\u1EA3n l\u00FD t\u00E0i kho\u1EA3n merchant/N\u1EA1p ti\u1EC1n/20241012_225333"/>
         <property name="logFiles" value="/Users/mac/Documents/test/Cms9Pay/Reports/20241012_225332/Qu\u1EA3n l\u00FD t\u00E0i kho\u1EA3n merchant/N\u1EA1p ti\u1EC1n/20241012_225333/execution0.log"/>
         <property name="attachments" value=""/>
         <property name="hostName" value="mac - 192.168.1.10"/>
         <property name="os" value="Mac OS X 64bit"/>
         <property name="katalonVersion" value="9.7.2.223"/>
         <property name="browser" value="Chrome 129.0.0.0"/>
         <property name="hostAddress" value="192.168.1.10"/>
         <property name="sessionId" value="5bc3e174a99bfe73fced775d17fc7e65"/>
         <property name="seleniumVersion" value="3.141.59"/>
         <property name="proxyInformation" value="ProxyInformation { proxyOption=NO_PROXY, proxyServerType=HTTP, username=, password=********, proxyServerAddress=, proxyServerPort=0, executionList=&quot;&quot;, isApplyToDesiredCapabilities=true }"/>
         <property name="platform" value="Mac OS X"/>
      </properties>
      <testcase name="Test Cases/Quản lý tài khoản merchant/Quản lý danh sách tài khoản/Nạp tiền/TC_01_Kiểm tra mở màn hình nạp tiền" time="16.684" classname="Test Cases/Quản lý tài khoản merchant/Quản lý danh sách tài khoản/Nạp tiền/TC_01_Kiểm tra mở màn hình nạp tiền" status="PASSED">
         <system-out><![CDATA[12-10-2024T22:53:39 - [TEST_CASE][PASSED] - Test Cases/Quản lý tài khoản merchant/Quản lý danh sách tài khoản/Nạp tiền/TC_01_Kiểm tra mở màn hình nạp tiền: Test Cases/Quản lý tài khoản merchant/Quản lý danh sách tài khoản/Nạp tiền/TC_01_Kiểm tra mở màn hình nạp tiền

12-10-2024T22:53:39 - [TEST_STEP][PASSED] - Start listener action : sampleBeforeTestCase: Navigate to 'https://stg-cms-console.9pay.mobi/login' successfully

12-10-2024T22:53:39 - [TEST_STEP][PASSED] - testCaseId = testCaseContext.getTestCaseId(): null

12-10-2024T22:53:39 - [TEST_STEP][PASSED] - url = <not implemented yet for class: org.codehaus.groovy.ast.expr.EmptyExpression>: null

12-10-2024T22:53:39 - [TEST_STEP][PASSED] - if (testCaseId == "Test Cases/Quản lý tài khoản merchant/Quản lý dịch vụ merchant/TC_14_Kiểm tra thay đổi sau khi cấu hình VA trên MCV"): null

12-10-2024T22:53:39 - [TEST_STEP][PASSED] - else: null

12-10-2024T22:53:39 - [TEST_STEP][PASSED] - url = "https://stg-cms-console.9pay.mobi/login": null

12-10-2024T22:53:39 - [TEST_STEP][PASSED] - openBrowser(""): Browser is opened with url: ''

12-10-2024T22:53:39 - [MESSAGE][INFO] - Starting 'Chrome' driver

12-10-2024T22:53:39 - [MESSAGE][INFO] - Action delay is set to 0 milliseconds

12-10-2024T22:53:40 - [MESSAGE][PASSED] - Browser is opened with url: ''

12-10-2024T22:53:40 - [TEST_STEP][PASSED] - maximizeWindow(): Current window maximized

12-10-2024T22:53:40 - [MESSAGE][PASSED] - Current window maximized

12-10-2024T22:53:40 - [TEST_STEP][PASSED] - navigateToUrl(url): Navigate to 'https://stg-cms-console.9pay.mobi/login' successfully

12-10-2024T22:53:43 - [MESSAGE][PASSED] - Navigate to 'https://stg-cms-console.9pay.mobi/login' successfully

12-10-2024T22:53:43 - [TEST_STEP][PASSED] - driver = getWebDriver(): null

12-10-2024T22:53:43 - [TEST_STEP][PASSED] - callTestCase(findTestCase("Test Cases/Login/LoginCommon"), [:], STOP_ON_FAILURE): Call Test Case 'Test Cases/Login/LoginCommon' successfully

12-10-2024T22:53:43 - [TEST_CASE][PASSED] - Test Cases/Login/LoginCommon: Test Cases/Login/LoginCommon

12-10-2024T22:53:43 - [TEST_STEP][PASSED] - driver = getWebDriver(): null

12-10-2024T22:53:43 - [TEST_STEP][PASSED] - sendKeys(findTestObject("Quản lý tài khoản merchant/Quản lý dịch vụ merchant/userNameTextbox"), userAccount): Keys 'dannt@9pay.vn' sent to object: 'Object Repository/Quản lý tài khoản merchant/Quản lý dịch vụ merchant/userNameTextbox'

12-10-2024T22:53:44 - [MESSAGE][PASSED] - Keys 'dannt@9pay.vn' sent to object: 'Object Repository/Quản lý tài khoản merchant/Quản lý dịch vụ merchant/userNameTextbox'

12-10-2024T22:53:44 - [TEST_STEP][PASSED] - sendKeys(findTestObject("Quản lý tài khoản merchant/Quản lý dịch vụ merchant/passwordTextbox"), password): Keys 'dannt@9pay.vn' sent to object: 'Object Repository/Quản lý tài khoản merchant/Quản lý dịch vụ merchant/passwordTextbox'

12-10-2024T22:53:44 - [MESSAGE][PASSED] - Keys 'dannt@9pay.vn' sent to object: 'Object Repository/Quản lý tài khoản merchant/Quản lý dịch vụ merchant/passwordTextbox'

12-10-2024T22:53:44 - [TEST_STEP][PASSED] - click(findTestObject("Quản lý tài khoản merchant/Quản lý dịch vụ merchant/loginButton")): Object: 'Object Repository/Quản lý tài khoản merchant/Quản lý dịch vụ merchant/loginButton' is clicked on

12-10-2024T22:53:45 - [MESSAGE][PASSED] - Object: 'Object Repository/Quản lý tài khoản merchant/Quản lý dịch vụ merchant/loginButton' is clicked on

12-10-2024T22:53:45 - [MESSAGE][PASSED] - Call Test Case 'Test Cases/Login/LoginCommon' successfully

12-10-2024T22:53:45 - [TEST_STEP][PASSED] - waitForElementVisible(findTestObject("Trang chủ/userName"), 20, STOP_ON_FAILURE): Object 'Object Repository/Trang chủ/userName' is visible

12-10-2024T22:53:46 - [MESSAGE][PASSED] - Object 'Object Repository/Trang chủ/userName' is visible

12-10-2024T22:53:46 - [TEST_STEP][PASSED] - callTestCase(findTestCase("Test Cases/Quản lý tài khoản merchant/Quản lý danh sách tài khoản/CustomFunctions Deposit"), [:], STOP_ON_FAILURE): Call Test Case 'Test Cases/Quản lý tài khoản merchant/Quản lý danh sách tài khoản/CustomFunctions Deposit' successfully

12-10-2024T22:53:46 - [TEST_CASE][PASSED] - Test Cases/Quản lý tài khoản merchant/Quản lý danh sách tài khoản/CustomFunctions Deposit: Test Cases/Quản lý tài khoản merchant/Quản lý danh sách tài khoản/CustomFunctions Deposit

12-10-2024T22:53:46 - [TEST_STEP][PASSED] - driver = getWebDriver(): null

12-10-2024T22:53:46 - [TEST_STEP][PASSED] - element1 = driver.findElement(By.xpath("//span[contains(text(),'Quản lý tài khoản merchant')]")): null

12-10-2024T22:53:48 - [TEST_STEP][PASSED] - actions = new org.openqa.selenium.interactions.Actions(driver): null

12-10-2024T22:53:48 - [TEST_STEP][PASSED] - click().perform(): null

12-10-2024T22:53:48 - [TEST_STEP][PASSED] - wait = new org.openqa.selenium.support.ui.WebDriverWait(com.kms.katalon.core.webui.driver.DriverFactory.getWebDriver(), 15): null

12-10-2024T22:53:48 - [TEST_STEP][PASSED] - xpath(xpathManagerListAccount))).click(): null

12-10-2024T22:53:49 - [MESSAGE][PASSED] - Call Test Case 'Test Cases/Quản lý tài khoản merchant/Quản lý danh sách tài khoản/CustomFunctions Deposit' successfully

12-10-2024T22:53:49 - [TEST_STEP][PASSED] - wait = new org.openqa.selenium.support.ui.WebDriverWait(com.kms.katalon.core.webui.driver.DriverFactory.getWebDriver(), 20): null

12-10-2024T22:53:49 - [TEST_STEP][PASSED] - userCode = wait.until(ExpectedConditions.visibilityOfElementLocated(By.xpath(xpathUserCode))): null

12-10-2024T22:53:52 - [TEST_STEP][PASSED] - println(userCode.getText()): null

12-10-2024T22:53:52 - [TEST_STEP][PASSED] - accountBtn = wait.until(ExpectedConditions.elementToBeClickable(By.xpath(xpathBtnAccount))): null

12-10-2024T22:53:52 - [TEST_STEP][PASSED] - accountBtn.click(): null

12-10-2024T22:53:52 - [TEST_STEP][PASSED] - searchTextbox = wait.until(ExpectedConditions.elementToBeClickable(By.xpath(xpathSearchTextbox))): null

12-10-2024T22:53:52 - [TEST_STEP][PASSED] - searchTextbox.sendKeys(username): null

12-10-2024T22:53:52 - [TEST_STEP][PASSED] - xpath(xpathOption)).click(): null

12-10-2024T22:53:53 - [TEST_STEP][PASSED] - xpath(xpathBtnSearch)).click(): null

12-10-2024T22:53:53 - [TEST_STEP][PASSED] - Assert.assertEquals(xpath(xpathAccountName)).getText(), username): null

12-10-2024T22:53:54 - [TEST_STEP][PASSED] - xpath(xpathBtnDeposit)).click(): null

12-10-2024T22:53:54 - [TEST_STEP][PASSED] - Assert.assertEquals(xpath(xpathTitle)).getText(), titleText): null

12-10-2024T22:53:55 - [TEST_STEP][PASSED] - Start listener action : sampleAfterTestCase: null

12-10-2024T22:53:55 - [TEST_STEP][PASSED] - testCaseId = testCaseContext.getTestCaseId(): null

12-10-2024T22:53:55 - [TEST_STEP][PASSED] - if (testCaseId == "Test Cases/Quản lý tài khoản merchant/Quản lý dịch vụ merchant/TC_13_Kiểm tra chức năng xác nhận cấu hình thay đổi VA"): null]]></system-out>
         <system-err><![CDATA[]]></system-err>
      </testcase>
      <testcase name="Test Cases/Quản lý tài khoản merchant/Quản lý danh sách tài khoản/Nạp tiền/TC_02_Kiểm tra khi để trống các trường trong màn Nạp tiền" time="37.475" classname="Test Cases/Quản lý tài khoản merchant/Quản lý danh sách tài khoản/Nạp tiền/TC_02_Kiểm tra khi để trống các trường trong màn Nạp tiền" status="PASSED">
         <system-out><![CDATA[12-10-2024T22:53:55 - [TEST_CASE][PASSED] - Test Cases/Quản lý tài khoản merchant/Quản lý danh sách tài khoản/Nạp tiền/TC_02_Kiểm tra khi để trống các trường trong màn Nạp tiền: Test Cases/Quản lý tài khoản merchant/Quản lý danh sách tài khoản/Nạp tiền/TC_02_Kiểm tra khi để trống các trường trong màn Nạp tiền

12-10-2024T22:53:55 - [TEST_STEP][PASSED] - Start listener action : sampleBeforeTestCase: Navigate to 'https://stg-cms-console.9pay.mobi/login' successfully

12-10-2024T22:53:55 - [TEST_STEP][PASSED] - testCaseId = testCaseContext.getTestCaseId(): null

12-10-2024T22:53:55 - [TEST_STEP][PASSED] - url = <not implemented yet for class: org.codehaus.groovy.ast.expr.EmptyExpression>: null

12-10-2024T22:53:55 - [TEST_STEP][PASSED] - if (testCaseId == "Test Cases/Quản lý tài khoản merchant/Quản lý dịch vụ merchant/TC_14_Kiểm tra thay đổi sau khi cấu hình VA trên MCV"): null

12-10-2024T22:53:55 - [TEST_STEP][PASSED] - else: null

12-10-2024T22:53:55 - [TEST_STEP][PASSED] - url = "https://stg-cms-console.9pay.mobi/login": null

12-10-2024T22:53:55 - [TEST_STEP][PASSED] - openBrowser(""): Browser is opened with url: ''

12-10-2024T22:53:55 - [MESSAGE][WARNING] - A browser is already opened. Closing browser and opening a new one

12-10-2024T22:53:55 - [MESSAGE][INFO] - Starting 'Chrome' driver

12-10-2024T22:53:55 - [MESSAGE][INFO] - Action delay is set to 0 milliseconds

12-10-2024T22:53:56 - [MESSAGE][PASSED] - Browser is opened with url: ''

12-10-2024T22:53:56 - [TEST_STEP][PASSED] - maximizeWindow(): Current window maximized

12-10-2024T22:53:56 - [MESSAGE][PASSED] - Current window maximized

12-10-2024T22:53:56 - [TEST_STEP][PASSED] - navigateToUrl(url): Navigate to 'https://stg-cms-console.9pay.mobi/login' successfully

12-10-2024T22:53:59 - [MESSAGE][PASSED] - Navigate to 'https://stg-cms-console.9pay.mobi/login' successfully

12-10-2024T22:53:59 - [TEST_STEP][PASSED] - driver = getWebDriver(): null

12-10-2024T22:53:59 - [TEST_STEP][PASSED] - callTestCase(findTestCase("Test Cases/Login/LoginCommon"), [:], STOP_ON_FAILURE): Call Test Case 'Test Cases/Login/LoginCommon' successfully

12-10-2024T22:53:59 - [TEST_CASE][PASSED] - Test Cases/Login/LoginCommon: Test Cases/Login/LoginCommon

12-10-2024T22:53:59 - [TEST_STEP][PASSED] - driver = getWebDriver(): null

12-10-2024T22:53:59 - [TEST_STEP][PASSED] - sendKeys(findTestObject("Quản lý tài khoản merchant/Quản lý dịch vụ merchant/userNameTextbox"), userAccount): Keys 'dannt@9pay.vn' sent to object: 'Object Repository/Quản lý tài khoản merchant/Quản lý dịch vụ merchant/userNameTextbox'

12-10-2024T22:54:00 - [MESSAGE][PASSED] - Keys 'dannt@9pay.vn' sent to object: 'Object Repository/Quản lý tài khoản merchant/Quản lý dịch vụ merchant/userNameTextbox'

12-10-2024T22:54:00 - [TEST_STEP][PASSED] - sendKeys(findTestObject("Quản lý tài khoản merchant/Quản lý dịch vụ merchant/passwordTextbox"), password): Keys 'dannt@9pay.vn' sent to object: 'Object Repository/Quản lý tài khoản merchant/Quản lý dịch vụ merchant/passwordTextbox'

12-10-2024T22:54:00 - [MESSAGE][PASSED] - Keys 'dannt@9pay.vn' sent to object: 'Object Repository/Quản lý tài khoản merchant/Quản lý dịch vụ merchant/passwordTextbox'

12-10-2024T22:54:00 - [TEST_STEP][PASSED] - click(findTestObject("Quản lý tài khoản merchant/Quản lý dịch vụ merchant/loginButton")): Object: 'Object Repository/Quản lý tài khoản merchant/Quản lý dịch vụ merchant/loginButton' is clicked on

12-10-2024T22:54:00 - [MESSAGE][PASSED] - Object: 'Object Repository/Quản lý tài khoản merchant/Quản lý dịch vụ merchant/loginButton' is clicked on

12-10-2024T22:54:00 - [MESSAGE][PASSED] - Call Test Case 'Test Cases/Login/LoginCommon' successfully

12-10-2024T22:54:00 - [TEST_STEP][PASSED] - waitForElementVisible(findTestObject("Trang chủ/userName"), 20, STOP_ON_FAILURE): Object 'Object Repository/Trang chủ/userName' is visible

12-10-2024T22:54:13 - [MESSAGE][PASSED] - Object 'Object Repository/Trang chủ/userName' is visible

12-10-2024T22:54:13 - [TEST_STEP][PASSED] - callTestCase(findTestCase("Test Cases/Quản lý tài khoản merchant/Quản lý danh sách tài khoản/CustomFunctions Deposit"), [:], STOP_ON_FAILURE): Call Test Case 'Test Cases/Quản lý tài khoản merchant/Quản lý danh sách tài khoản/CustomFunctions Deposit' successfully

12-10-2024T22:54:13 - [TEST_CASE][PASSED] - Test Cases/Quản lý tài khoản merchant/Quản lý danh sách tài khoản/CustomFunctions Deposit: Test Cases/Quản lý tài khoản merchant/Quản lý danh sách tài khoản/CustomFunctions Deposit

12-10-2024T22:54:13 - [TEST_STEP][PASSED] - driver = getWebDriver(): null

12-10-2024T22:54:13 - [TEST_STEP][PASSED] - element1 = driver.findElement(By.xpath("//span[contains(text(),'Quản lý tài khoản merchant')]")): null

12-10-2024T22:54:13 - [TEST_STEP][PASSED] - actions = new org.openqa.selenium.interactions.Actions(driver): null

12-10-2024T22:54:13 - [TEST_STEP][PASSED] - click().perform(): null

12-10-2024T22:54:13 - [TEST_STEP][PASSED] - wait = new org.openqa.selenium.support.ui.WebDriverWait(com.kms.katalon.core.webui.driver.DriverFactory.getWebDriver(), 15): null

12-10-2024T22:54:13 - [TEST_STEP][PASSED] - xpath(xpathManagerListAccount))).click(): null

12-10-2024T22:54:14 - [MESSAGE][PASSED] - Call Test Case 'Test Cases/Quản lý tài khoản merchant/Quản lý danh sách tài khoản/CustomFunctions Deposit' successfully

12-10-2024T22:54:14 - [TEST_STEP][PASSED] - wait = new org.openqa.selenium.support.ui.WebDriverWait(com.kms.katalon.core.webui.driver.DriverFactory.getWebDriver(), 30): null

12-10-2024T22:54:14 - [TEST_STEP][PASSED] - userCode = wait.until(ExpectedConditions.visibilityOfElementLocated(By.xpath(xpathUserCode))): null

12-10-2024T22:54:17 - [TEST_STEP][PASSED] - println(userCode.getText()): null

12-10-2024T22:54:17 - [TEST_STEP][PASSED] - xpath(xpathBtnAccount))).click(): null

12-10-2024T22:54:18 - [TEST_STEP][PASSED] - searchTextbox = wait.until(ExpectedConditions.elementToBeClickable(By.xpath(xpathSearchTextbox))): null

12-10-2024T22:54:18 - [TEST_STEP][PASSED] - searchTextbox.sendKeys("dannt11"): null

12-10-2024T22:54:18 - [TEST_STEP][PASSED] - xpath(xpathOption)).click(): null

12-10-2024T22:54:18 - [TEST_STEP][PASSED] - xpath(xpathBtnSearch)).click(): null

12-10-2024T22:54:19 - [TEST_STEP][PASSED] - wait.until(ExpectedConditions.visibilityOfElementLocated(By.xpath(xpathAccountName))): null

12-10-2024T22:54:20 - [TEST_STEP][PASSED] - Assert.assertEquals(xpath(xpathAccountName)).getText(), username): null

12-10-2024T22:54:20 - [TEST_STEP][PASSED] - xpath(xpathBtnDeposit)).click(): null

12-10-2024T22:54:20 - [TEST_STEP][PASSED] - textFiled = wait.until(ExpectedConditions.visibilityOfElementLocated(By.xpath(xpathTextAccount))): null

12-10-2024T22:54:32 - [TEST_STEP][PASSED] - xpath(xpathBtnContinue)).click(): null

12-10-2024T22:54:32 - [TEST_STEP][PASSED] - Assert.assertEquals(xpath(xpathErrorWallet)).getText(), errorWallet): null

12-10-2024T22:54:33 - [TEST_STEP][PASSED] - Start listener action : sampleAfterTestCase: null

12-10-2024T22:54:33 - [TEST_STEP][PASSED] - testCaseId = testCaseContext.getTestCaseId(): null

12-10-2024T22:54:33 - [TEST_STEP][PASSED] - if (testCaseId == "Test Cases/Quản lý tài khoản merchant/Quản lý dịch vụ merchant/TC_13_Kiểm tra chức năng xác nhận cấu hình thay đổi VA"): null]]></system-out>
         <system-err><![CDATA[]]></system-err>
      </testcase>
      <testcase name="Test Cases/Quản lý tài khoản merchant/Quản lý danh sách tài khoản/Nạp tiền/TC_03_Kiểm tra khi chọn ví và không chọn kì đối soát" time="26.047" classname="Test Cases/Quản lý tài khoản merchant/Quản lý danh sách tài khoản/Nạp tiền/TC_03_Kiểm tra khi chọn ví và không chọn kì đối soát" status="PASSED">
         <system-out><![CDATA[12-10-2024T22:54:33 - [TEST_CASE][PASSED] - Test Cases/Quản lý tài khoản merchant/Quản lý danh sách tài khoản/Nạp tiền/TC_03_Kiểm tra khi chọn ví và không chọn kì đối soát: Test Cases/Quản lý tài khoản merchant/Quản lý danh sách tài khoản/Nạp tiền/TC_03_Kiểm tra khi chọn ví và không chọn kì đối soát

12-10-2024T22:54:33 - [TEST_STEP][PASSED] - Start listener action : sampleBeforeTestCase: Navigate to 'https://stg-cms-console.9pay.mobi/login' successfully

12-10-2024T22:54:33 - [TEST_STEP][PASSED] - testCaseId = testCaseContext.getTestCaseId(): null

12-10-2024T22:54:33 - [TEST_STEP][PASSED] - url = <not implemented yet for class: org.codehaus.groovy.ast.expr.EmptyExpression>: null

12-10-2024T22:54:33 - [TEST_STEP][PASSED] - if (testCaseId == "Test Cases/Quản lý tài khoản merchant/Quản lý dịch vụ merchant/TC_14_Kiểm tra thay đổi sau khi cấu hình VA trên MCV"): null

12-10-2024T22:54:33 - [TEST_STEP][PASSED] - else: null

12-10-2024T22:54:33 - [TEST_STEP][PASSED] - url = "https://stg-cms-console.9pay.mobi/login": null

12-10-2024T22:54:33 - [TEST_STEP][PASSED] - openBrowser(""): Browser is opened with url: ''

12-10-2024T22:54:33 - [MESSAGE][WARNING] - A browser is already opened. Closing browser and opening a new one

12-10-2024T22:54:33 - [MESSAGE][INFO] - Starting 'Chrome' driver

12-10-2024T22:54:33 - [MESSAGE][INFO] - Action delay is set to 0 milliseconds

12-10-2024T22:54:33 - [MESSAGE][PASSED] - Browser is opened with url: ''

12-10-2024T22:54:33 - [TEST_STEP][PASSED] - maximizeWindow(): Current window maximized

12-10-2024T22:54:34 - [MESSAGE][PASSED] - Current window maximized

12-10-2024T22:54:34 - [TEST_STEP][PASSED] - navigateToUrl(url): Navigate to 'https://stg-cms-console.9pay.mobi/login' successfully

12-10-2024T22:54:35 - [MESSAGE][PASSED] - Navigate to 'https://stg-cms-console.9pay.mobi/login' successfully

12-10-2024T22:54:35 - [TEST_STEP][PASSED] - driver = getWebDriver(): null

12-10-2024T22:54:35 - [TEST_STEP][PASSED] - callTestCase(findTestCase("Test Cases/Login/LoginCommon"), [:], STOP_ON_FAILURE): Call Test Case 'Test Cases/Login/LoginCommon' successfully

12-10-2024T22:54:35 - [TEST_CASE][PASSED] - Test Cases/Login/LoginCommon: Test Cases/Login/LoginCommon

12-10-2024T22:54:35 - [TEST_STEP][PASSED] - driver = getWebDriver(): null

12-10-2024T22:54:35 - [TEST_STEP][PASSED] - sendKeys(findTestObject("Quản lý tài khoản merchant/Quản lý dịch vụ merchant/userNameTextbox"), userAccount): Keys 'dannt@9pay.vn' sent to object: 'Object Repository/Quản lý tài khoản merchant/Quản lý dịch vụ merchant/userNameTextbox'

12-10-2024T22:54:36 - [MESSAGE][PASSED] - Keys 'dannt@9pay.vn' sent to object: 'Object Repository/Quản lý tài khoản merchant/Quản lý dịch vụ merchant/userNameTextbox'

12-10-2024T22:54:36 - [TEST_STEP][PASSED] - sendKeys(findTestObject("Quản lý tài khoản merchant/Quản lý dịch vụ merchant/passwordTextbox"), password): Keys 'dannt@9pay.vn' sent to object: 'Object Repository/Quản lý tài khoản merchant/Quản lý dịch vụ merchant/passwordTextbox'

12-10-2024T22:54:36 - [MESSAGE][PASSED] - Keys 'dannt@9pay.vn' sent to object: 'Object Repository/Quản lý tài khoản merchant/Quản lý dịch vụ merchant/passwordTextbox'

12-10-2024T22:54:36 - [TEST_STEP][PASSED] - click(findTestObject("Quản lý tài khoản merchant/Quản lý dịch vụ merchant/loginButton")): Object: 'Object Repository/Quản lý tài khoản merchant/Quản lý dịch vụ merchant/loginButton' is clicked on

12-10-2024T22:54:36 - [MESSAGE][PASSED] - Object: 'Object Repository/Quản lý tài khoản merchant/Quản lý dịch vụ merchant/loginButton' is clicked on

12-10-2024T22:54:36 - [MESSAGE][PASSED] - Call Test Case 'Test Cases/Login/LoginCommon' successfully

12-10-2024T22:54:36 - [TEST_STEP][PASSED] - waitForElementVisible(findTestObject("Trang chủ/userName"), 20, STOP_ON_FAILURE): Object 'Object Repository/Trang chủ/userName' is visible

12-10-2024T22:54:40 - [MESSAGE][PASSED] - Object 'Object Repository/Trang chủ/userName' is visible

12-10-2024T22:54:40 - [TEST_STEP][PASSED] - callTestCase(findTestCase("Test Cases/Quản lý tài khoản merchant/Quản lý danh sách tài khoản/CustomFunctions Deposit"), [:], STOP_ON_FAILURE): Call Test Case 'Test Cases/Quản lý tài khoản merchant/Quản lý danh sách tài khoản/CustomFunctions Deposit' successfully

12-10-2024T22:54:40 - [TEST_CASE][PASSED] - Test Cases/Quản lý tài khoản merchant/Quản lý danh sách tài khoản/CustomFunctions Deposit: Test Cases/Quản lý tài khoản merchant/Quản lý danh sách tài khoản/CustomFunctions Deposit

12-10-2024T22:54:40 - [TEST_STEP][PASSED] - driver = getWebDriver(): null

12-10-2024T22:54:40 - [TEST_STEP][PASSED] - element1 = driver.findElement(By.xpath("//span[contains(text(),'Quản lý tài khoản merchant')]")): null

12-10-2024T22:54:40 - [TEST_STEP][PASSED] - actions = new org.openqa.selenium.interactions.Actions(driver): null

12-10-2024T22:54:40 - [TEST_STEP][PASSED] - click().perform(): null

12-10-2024T22:54:40 - [TEST_STEP][PASSED] - wait = new org.openqa.selenium.support.ui.WebDriverWait(com.kms.katalon.core.webui.driver.DriverFactory.getWebDriver(), 15): null

12-10-2024T22:54:40 - [TEST_STEP][PASSED] - xpath(xpathManagerListAccount))).click(): null

12-10-2024T22:54:41 - [MESSAGE][PASSED] - Call Test Case 'Test Cases/Quản lý tài khoản merchant/Quản lý danh sách tài khoản/CustomFunctions Deposit' successfully

12-10-2024T22:54:41 - [TEST_STEP][PASSED] - wait = new org.openqa.selenium.support.ui.WebDriverWait(com.kms.katalon.core.webui.driver.DriverFactory.getWebDriver(), 20): null

12-10-2024T22:54:41 - [TEST_STEP][PASSED] - xpath(xpathBtnAccount))).click(): null

12-10-2024T22:54:44 - [TEST_STEP][PASSED] - searchTextbox = wait.until(ExpectedConditions.elementToBeClickable(By.xpath(xpathSearchTextbox))): null

12-10-2024T22:54:44 - [TEST_STEP][PASSED] - searchTextbox.sendKeys("dannt11"): null

12-10-2024T22:54:44 - [TEST_STEP][PASSED] - xpath(xpathOption)).click(): null

12-10-2024T22:54:44 - [TEST_STEP][PASSED] - xpath(xpathBtnSearch)).click(): null

12-10-2024T22:54:45 - [TEST_STEP][PASSED] - wait.until(ExpectedConditions.visibilityOfElementLocated(By.xpath(xpathAccountName))): null

12-10-2024T22:54:46 - [TEST_STEP][PASSED] - Assert.assertEquals(xpath(xpathAccountName)).getText(), username): null

12-10-2024T22:54:46 - [TEST_STEP][PASSED] - xpath(xpathBtnDeposit)).click(): null

12-10-2024T22:54:46 - [TEST_STEP][PASSED] - wait.until(ExpectedConditions.visibilityOfElementLocated(By.xpath(xpathTextAccount))): null

12-10-2024T22:54:57 - [TEST_STEP][PASSED] - xpath(xpathChonVi)).click(): null

12-10-2024T22:54:58 - [TEST_STEP][PASSED] - xpath(xpathThuHo3)).click(): null

12-10-2024T22:54:58 - [TEST_STEP][PASSED] - xpath(xpathBtnContinue)).click(): null

12-10-2024T22:54:58 - [TEST_STEP][PASSED] - Assert.assertEquals(xpath(xpathChonKiDoiSoat)).getText(), "Vui lòng chọn kỳ đối soát"): null

12-10-2024T22:54:59 - [TEST_STEP][PASSED] - Start listener action : sampleAfterTestCase: null

12-10-2024T22:54:59 - [TEST_STEP][PASSED] - testCaseId = testCaseContext.getTestCaseId(): null

12-10-2024T22:54:59 - [TEST_STEP][PASSED] - if (testCaseId == "Test Cases/Quản lý tài khoản merchant/Quản lý dịch vụ merchant/TC_13_Kiểm tra chức năng xác nhận cấu hình thay đổi VA"): null]]></system-out>
         <system-err><![CDATA[]]></system-err>
      </testcase>
      <testcase name="Test Cases/Quản lý tài khoản merchant/Quản lý danh sách tài khoản/Nạp tiền/TC_04_Không nhập số tiền và nhấn Xác nhận" time="63.065" classname="Test Cases/Quản lý tài khoản merchant/Quản lý danh sách tài khoản/Nạp tiền/TC_04_Không nhập số tiền và nhấn Xác nhận" status="PASSED">
         <system-out><![CDATA[12-10-2024T22:54:59 - [TEST_CASE][PASSED] - Test Cases/Quản lý tài khoản merchant/Quản lý danh sách tài khoản/Nạp tiền/TC_04_Không nhập số tiền và nhấn Xác nhận: Test Cases/Quản lý tài khoản merchant/Quản lý danh sách tài khoản/Nạp tiền/TC_04_Không nhập số tiền và nhấn Xác nhận

12-10-2024T22:54:59 - [TEST_STEP][PASSED] - Start listener action : sampleBeforeTestCase: Navigate to 'https://stg-cms-console.9pay.mobi/login' successfully

12-10-2024T22:54:59 - [TEST_STEP][PASSED] - testCaseId = testCaseContext.getTestCaseId(): null

12-10-2024T22:54:59 - [TEST_STEP][PASSED] - url = <not implemented yet for class: org.codehaus.groovy.ast.expr.EmptyExpression>: null

12-10-2024T22:54:59 - [TEST_STEP][PASSED] - if (testCaseId == "Test Cases/Quản lý tài khoản merchant/Quản lý dịch vụ merchant/TC_14_Kiểm tra thay đổi sau khi cấu hình VA trên MCV"): null

12-10-2024T22:54:59 - [TEST_STEP][PASSED] - else: null

12-10-2024T22:54:59 - [TEST_STEP][PASSED] - url = "https://stg-cms-console.9pay.mobi/login": null

12-10-2024T22:54:59 - [TEST_STEP][PASSED] - openBrowser(""): Browser is opened with url: ''

12-10-2024T22:54:59 - [MESSAGE][WARNING] - A browser is already opened. Closing browser and opening a new one

12-10-2024T22:54:59 - [MESSAGE][INFO] - Starting 'Chrome' driver

12-10-2024T22:54:59 - [MESSAGE][INFO] - Action delay is set to 0 milliseconds

12-10-2024T22:54:59 - [MESSAGE][PASSED] - Browser is opened with url: ''

12-10-2024T22:54:59 - [TEST_STEP][PASSED] - maximizeWindow(): Current window maximized

12-10-2024T22:55:00 - [MESSAGE][PASSED] - Current window maximized

12-10-2024T22:55:00 - [TEST_STEP][PASSED] - navigateToUrl(url): Navigate to 'https://stg-cms-console.9pay.mobi/login' successfully

12-10-2024T22:55:03 - [MESSAGE][PASSED] - Navigate to 'https://stg-cms-console.9pay.mobi/login' successfully

12-10-2024T22:55:03 - [TEST_STEP][PASSED] - driver = getWebDriver(): null

12-10-2024T22:55:03 - [TEST_STEP][PASSED] - callTestCase(findTestCase("Test Cases/Login/LoginCommon"), [:], STOP_ON_FAILURE): Call Test Case 'Test Cases/Login/LoginCommon' successfully

12-10-2024T22:55:03 - [TEST_CASE][PASSED] - Test Cases/Login/LoginCommon: Test Cases/Login/LoginCommon

12-10-2024T22:55:03 - [TEST_STEP][PASSED] - driver = getWebDriver(): null

12-10-2024T22:55:03 - [TEST_STEP][PASSED] - sendKeys(findTestObject("Quản lý tài khoản merchant/Quản lý dịch vụ merchant/userNameTextbox"), userAccount): Keys 'dannt@9pay.vn' sent to object: 'Object Repository/Quản lý tài khoản merchant/Quản lý dịch vụ merchant/userNameTextbox'

12-10-2024T22:55:03 - [MESSAGE][PASSED] - Keys 'dannt@9pay.vn' sent to object: 'Object Repository/Quản lý tài khoản merchant/Quản lý dịch vụ merchant/userNameTextbox'

12-10-2024T22:55:03 - [TEST_STEP][PASSED] - sendKeys(findTestObject("Quản lý tài khoản merchant/Quản lý dịch vụ merchant/passwordTextbox"), password): Keys 'dannt@9pay.vn' sent to object: 'Object Repository/Quản lý tài khoản merchant/Quản lý dịch vụ merchant/passwordTextbox'

12-10-2024T22:55:04 - [MESSAGE][PASSED] - Keys 'dannt@9pay.vn' sent to object: 'Object Repository/Quản lý tài khoản merchant/Quản lý dịch vụ merchant/passwordTextbox'

12-10-2024T22:55:04 - [TEST_STEP][PASSED] - click(findTestObject("Quản lý tài khoản merchant/Quản lý dịch vụ merchant/loginButton")): Object: 'Object Repository/Quản lý tài khoản merchant/Quản lý dịch vụ merchant/loginButton' is clicked on

12-10-2024T22:55:04 - [MESSAGE][PASSED] - Object: 'Object Repository/Quản lý tài khoản merchant/Quản lý dịch vụ merchant/loginButton' is clicked on

12-10-2024T22:55:04 - [MESSAGE][PASSED] - Call Test Case 'Test Cases/Login/LoginCommon' successfully

12-10-2024T22:55:04 - [TEST_STEP][PASSED] - waitForElementVisible(findTestObject("Trang chủ/userName"), 20, STOP_ON_FAILURE): Object 'Object Repository/Trang chủ/userName' is visible

12-10-2024T22:55:16 - [MESSAGE][PASSED] - Object 'Object Repository/Trang chủ/userName' is visible

12-10-2024T22:55:16 - [TEST_STEP][PASSED] - callTestCase(findTestCase("Test Cases/Quản lý tài khoản merchant/Quản lý danh sách tài khoản/CustomFunctions Deposit"), [:], STOP_ON_FAILURE): Call Test Case 'Test Cases/Quản lý tài khoản merchant/Quản lý danh sách tài khoản/CustomFunctions Deposit' successfully

12-10-2024T22:55:16 - [TEST_CASE][PASSED] - Test Cases/Quản lý tài khoản merchant/Quản lý danh sách tài khoản/CustomFunctions Deposit: Test Cases/Quản lý tài khoản merchant/Quản lý danh sách tài khoản/CustomFunctions Deposit

12-10-2024T22:55:16 - [TEST_STEP][PASSED] - driver = getWebDriver(): null

12-10-2024T22:55:16 - [TEST_STEP][PASSED] - element1 = driver.findElement(By.xpath("//span[contains(text(),'Quản lý tài khoản merchant')]")): null

12-10-2024T22:55:16 - [TEST_STEP][PASSED] - actions = new org.openqa.selenium.interactions.Actions(driver): null

12-10-2024T22:55:16 - [TEST_STEP][PASSED] - click().perform(): null

12-10-2024T22:55:17 - [TEST_STEP][PASSED] - wait = new org.openqa.selenium.support.ui.WebDriverWait(com.kms.katalon.core.webui.driver.DriverFactory.getWebDriver(), 15): null

12-10-2024T22:55:17 - [TEST_STEP][PASSED] - xpath(xpathManagerListAccount))).click(): null

12-10-2024T22:55:17 - [MESSAGE][PASSED] - Call Test Case 'Test Cases/Quản lý tài khoản merchant/Quản lý danh sách tài khoản/CustomFunctions Deposit' successfully

12-10-2024T22:55:17 - [TEST_STEP][PASSED] - wait = new org.openqa.selenium.support.ui.WebDriverWait(com.kms.katalon.core.webui.driver.DriverFactory.getWebDriver(), 30): null

12-10-2024T22:55:17 - [TEST_STEP][PASSED] - userCode = wait.until(ExpectedConditions.visibilityOfElementLocated(By.xpath(xpathUserCode))): null

12-10-2024T22:55:20 - [TEST_STEP][PASSED] - xpath(xpathBtnAccount))).click(): null

12-10-2024T22:55:21 - [TEST_STEP][PASSED] - searchTextbox = wait.until(ExpectedConditions.elementToBeClickable(By.xpath(xpathSearchTextbox))): null

12-10-2024T22:55:21 - [TEST_STEP][PASSED] - searchTextbox.sendKeys(username): null

12-10-2024T22:55:21 - [TEST_STEP][PASSED] - xpath(xpathOption)).click(): null

12-10-2024T22:55:21 - [TEST_STEP][PASSED] - xpath(xpathBtnSearch)).click(): null

12-10-2024T22:55:22 - [TEST_STEP][PASSED] - wait.until(ExpectedConditions.visibilityOfElementLocated(By.xpath(xpathAccountName))): null

12-10-2024T22:55:22 - [TEST_STEP][PASSED] - xpath(xpathBtnDeposit)).click(): null

12-10-2024T22:55:23 - [TEST_STEP][PASSED] - wait.until(ExpectedConditions.visibilityOfElementLocated(By.xpath(xpathTextAccount))): null

12-10-2024T22:55:28 - [TEST_STEP][PASSED] - xpath(xpathChonVi)).click(): null

12-10-2024T22:55:28 - [TEST_STEP][PASSED] - xpath(xpathThuHo3)).click(): null

12-10-2024T22:55:28 - [TEST_STEP][PASSED] - xpath(xpathDay)).click(): null

12-10-2024T22:55:29 - [TEST_STEP][PASSED] - xpath(xpathHomQua)).click(): null

12-10-2024T22:55:29 - [TEST_STEP][PASSED] - xpath(xpathBtnContinue)).click(): null

12-10-2024T22:55:29 - [TEST_STEP][PASSED] - try: null

12-10-2024T22:55:29 - [TEST_STEP][PASSED] - popupDS = wait.until(ExpectedConditions.visibilityOfElementLocated(By.xpath("//p[contains(text(),'Đã tồn tại kỳ đối soát trước đó, Bạn có chắc chắn ')]"))): null

12-10-2024T22:56:00 - [TEST_STEP][PASSED] - catch (org.openqa.selenium.TimeoutException e): null

12-10-2024T22:56:00 - [TEST_STEP][PASSED] - println("Popup không xuất hiện, tiếp tục thực hiện giao dịch."): null

12-10-2024T22:56:00 - [TEST_STEP][PASSED] - xpath(xpathBtnConfirm)).click(): null

12-10-2024T22:56:00 - [TEST_STEP][PASSED] - sleep(1000): null

12-10-2024T22:56:01 - [TEST_STEP][PASSED] - errorNoti1 = xpath(xpathThamSoSai))).getText(): null

12-10-2024T22:56:01 - [TEST_STEP][PASSED] - Assert.assertEquals(errorNoti1, "Tham số không hợp lệ"): null

12-10-2024T22:56:01 - [TEST_STEP][PASSED] - xpath(xpathBtnOk)).click(): null

12-10-2024T22:56:02 - [TEST_STEP][PASSED] - Assert.assertEquals(xpath(xpathErrorDeposit1)).getText(), "Vui lòng nhập số tiền."): null

12-10-2024T22:56:02 - [TEST_STEP][PASSED] - Start listener action : sampleAfterTestCase: null

12-10-2024T22:56:02 - [TEST_STEP][PASSED] - testCaseId = testCaseContext.getTestCaseId(): null

12-10-2024T22:56:02 - [TEST_STEP][PASSED] - if (testCaseId == "Test Cases/Quản lý tài khoản merchant/Quản lý dịch vụ merchant/TC_13_Kiểm tra chức năng xác nhận cấu hình thay đổi VA"): null]]></system-out>
         <system-err><![CDATA[]]></system-err>
      </testcase>
      <testcase name="Test Cases/Quản lý tài khoản merchant/Quản lý danh sách tài khoản/Nạp tiền/TC_05_Nhập số tiền là ký tự đặc biệt và chữ nhấn Xác Nhận" time="64.389" classname="Test Cases/Quản lý tài khoản merchant/Quản lý danh sách tài khoản/Nạp tiền/TC_05_Nhập số tiền là ký tự đặc biệt và chữ nhấn Xác Nhận" status="PASSED">
         <system-out><![CDATA[12-10-2024T22:56:02 - [TEST_CASE][PASSED] - Test Cases/Quản lý tài khoản merchant/Quản lý danh sách tài khoản/Nạp tiền/TC_05_Nhập số tiền là ký tự đặc biệt và chữ nhấn Xác Nhận: Test Cases/Quản lý tài khoản merchant/Quản lý danh sách tài khoản/Nạp tiền/TC_05_Nhập số tiền là ký tự đặc biệt và chữ nhấn Xác Nhận

12-10-2024T22:56:02 - [TEST_STEP][PASSED] - Start listener action : sampleBeforeTestCase: Navigate to 'https://stg-cms-console.9pay.mobi/login' successfully

12-10-2024T22:56:02 - [TEST_STEP][PASSED] - testCaseId = testCaseContext.getTestCaseId(): null

12-10-2024T22:56:02 - [TEST_STEP][PASSED] - url = <not implemented yet for class: org.codehaus.groovy.ast.expr.EmptyExpression>: null

12-10-2024T22:56:02 - [TEST_STEP][PASSED] - if (testCaseId == "Test Cases/Quản lý tài khoản merchant/Quản lý dịch vụ merchant/TC_14_Kiểm tra thay đổi sau khi cấu hình VA trên MCV"): null

12-10-2024T22:56:02 - [TEST_STEP][PASSED] - else: null

12-10-2024T22:56:02 - [TEST_STEP][PASSED] - url = "https://stg-cms-console.9pay.mobi/login": null

12-10-2024T22:56:02 - [TEST_STEP][PASSED] - openBrowser(""): Browser is opened with url: ''

12-10-2024T22:56:02 - [MESSAGE][WARNING] - A browser is already opened. Closing browser and opening a new one

12-10-2024T22:56:02 - [MESSAGE][INFO] - Starting 'Chrome' driver

12-10-2024T22:56:02 - [MESSAGE][INFO] - Action delay is set to 0 milliseconds

12-10-2024T22:56:03 - [MESSAGE][PASSED] - Browser is opened with url: ''

12-10-2024T22:56:03 - [TEST_STEP][PASSED] - maximizeWindow(): Current window maximized

12-10-2024T22:56:03 - [MESSAGE][PASSED] - Current window maximized

12-10-2024T22:56:03 - [TEST_STEP][PASSED] - navigateToUrl(url): Navigate to 'https://stg-cms-console.9pay.mobi/login' successfully

12-10-2024T22:56:03 - [MESSAGE][PASSED] - Navigate to 'https://stg-cms-console.9pay.mobi/login' successfully

12-10-2024T22:56:03 - [TEST_STEP][PASSED] - driver = getWebDriver(): null

12-10-2024T22:56:03 - [TEST_STEP][PASSED] - callTestCase(findTestCase("Test Cases/Login/LoginCommon"), [:], STOP_ON_FAILURE): Call Test Case 'Test Cases/Login/LoginCommon' successfully

12-10-2024T22:56:03 - [TEST_CASE][PASSED] - Test Cases/Login/LoginCommon: Test Cases/Login/LoginCommon

12-10-2024T22:56:03 - [TEST_STEP][PASSED] - driver = getWebDriver(): null

12-10-2024T22:56:03 - [TEST_STEP][PASSED] - sendKeys(findTestObject("Quản lý tài khoản merchant/Quản lý dịch vụ merchant/userNameTextbox"), userAccount): Keys 'dannt@9pay.vn' sent to object: 'Object Repository/Quản lý tài khoản merchant/Quản lý dịch vụ merchant/userNameTextbox'

12-10-2024T22:56:18 - [MESSAGE][PASSED] - Keys 'dannt@9pay.vn' sent to object: 'Object Repository/Quản lý tài khoản merchant/Quản lý dịch vụ merchant/userNameTextbox'

12-10-2024T22:56:18 - [TEST_STEP][PASSED] - sendKeys(findTestObject("Quản lý tài khoản merchant/Quản lý dịch vụ merchant/passwordTextbox"), password): Keys 'dannt@9pay.vn' sent to object: 'Object Repository/Quản lý tài khoản merchant/Quản lý dịch vụ merchant/passwordTextbox'

12-10-2024T22:56:18 - [MESSAGE][PASSED] - Keys 'dannt@9pay.vn' sent to object: 'Object Repository/Quản lý tài khoản merchant/Quản lý dịch vụ merchant/passwordTextbox'

12-10-2024T22:56:18 - [TEST_STEP][PASSED] - click(findTestObject("Quản lý tài khoản merchant/Quản lý dịch vụ merchant/loginButton")): Object: 'Object Repository/Quản lý tài khoản merchant/Quản lý dịch vụ merchant/loginButton' is clicked on

12-10-2024T22:56:18 - [MESSAGE][PASSED] - Object: 'Object Repository/Quản lý tài khoản merchant/Quản lý dịch vụ merchant/loginButton' is clicked on

12-10-2024T22:56:18 - [MESSAGE][PASSED] - Call Test Case 'Test Cases/Login/LoginCommon' successfully

12-10-2024T22:56:18 - [TEST_STEP][PASSED] - waitForElementVisible(findTestObject("Trang chủ/userName"), 20, STOP_ON_FAILURE): Object 'Object Repository/Trang chủ/userName' is visible

12-10-2024T22:56:22 - [MESSAGE][PASSED] - Object 'Object Repository/Trang chủ/userName' is visible

12-10-2024T22:56:22 - [TEST_STEP][PASSED] - callTestCase(findTestCase("Test Cases/Quản lý tài khoản merchant/Quản lý danh sách tài khoản/CustomFunctions Deposit"), [:], STOP_ON_FAILURE): Call Test Case 'Test Cases/Quản lý tài khoản merchant/Quản lý danh sách tài khoản/CustomFunctions Deposit' successfully

12-10-2024T22:56:22 - [TEST_CASE][PASSED] - Test Cases/Quản lý tài khoản merchant/Quản lý danh sách tài khoản/CustomFunctions Deposit: Test Cases/Quản lý tài khoản merchant/Quản lý danh sách tài khoản/CustomFunctions Deposit

12-10-2024T22:56:22 - [TEST_STEP][PASSED] - driver = getWebDriver(): null

12-10-2024T22:56:22 - [TEST_STEP][PASSED] - element1 = driver.findElement(By.xpath("//span[contains(text(),'Quản lý tài khoản merchant')]")): null

12-10-2024T22:56:22 - [TEST_STEP][PASSED] - actions = new org.openqa.selenium.interactions.Actions(driver): null

12-10-2024T22:56:22 - [TEST_STEP][PASSED] - click().perform(): null

12-10-2024T22:56:23 - [TEST_STEP][PASSED] - wait = new org.openqa.selenium.support.ui.WebDriverWait(com.kms.katalon.core.webui.driver.DriverFactory.getWebDriver(), 15): null

12-10-2024T22:56:23 - [TEST_STEP][PASSED] - xpath(xpathManagerListAccount))).click(): null

12-10-2024T22:56:23 - [MESSAGE][PASSED] - Call Test Case 'Test Cases/Quản lý tài khoản merchant/Quản lý danh sách tài khoản/CustomFunctions Deposit' successfully

12-10-2024T22:56:23 - [TEST_STEP][PASSED] - wait = new org.openqa.selenium.support.ui.WebDriverWait(com.kms.katalon.core.webui.driver.DriverFactory.getWebDriver(), 20): null

12-10-2024T22:56:23 - [TEST_STEP][PASSED] - userCode = wait.until(ExpectedConditions.visibilityOfElementLocated(By.xpath(xpathUserCode))): null

12-10-2024T22:56:27 - [TEST_STEP][PASSED] - println(userCode.getText()): null

12-10-2024T22:56:27 - [TEST_STEP][PASSED] - xpath(xpathBtnAccount))).click(): null

12-10-2024T22:56:27 - [TEST_STEP][PASSED] - searchTextbox = wait.until(ExpectedConditions.elementToBeClickable(By.xpath(xpathSearchTextbox))): null

12-10-2024T22:56:27 - [TEST_STEP][PASSED] - searchTextbox.sendKeys(username): null

12-10-2024T22:56:27 - [TEST_STEP][PASSED] - xpath(xpathOption)).click(): null

12-10-2024T22:56:28 - [TEST_STEP][PASSED] - xpath(xpathBtnSearch)).click(): null

12-10-2024T22:56:28 - [TEST_STEP][PASSED] - wait.until(ExpectedConditions.visibilityOfElementLocated(By.xpath(xpathAccountName))): null

12-10-2024T22:56:29 - [TEST_STEP][PASSED] - xpath(xpathBtnDeposit)).click(): null

12-10-2024T22:56:30 - [TEST_STEP][PASSED] - wait.until(ExpectedConditions.visibilityOfElementLocated(By.xpath(xpathTextAccount))): null

12-10-2024T22:56:38 - [TEST_STEP][PASSED] - xpath(xpathChonVi)).click(): null

12-10-2024T22:56:39 - [TEST_STEP][PASSED] - xpath(xpathThuHo3)).click(): null

12-10-2024T22:56:39 - [TEST_STEP][PASSED] - xpath(xpathDay)).click(): null

12-10-2024T22:56:39 - [TEST_STEP][PASSED] - xpath(xpathHomQua)).click(): null

12-10-2024T22:56:40 - [TEST_STEP][PASSED] - xpath(xpathBtnContinue)).click(): null

12-10-2024T22:56:40 - [TEST_STEP][PASSED] - try: null

12-10-2024T22:56:40 - [TEST_STEP][PASSED] - popupDS = wait.until(ExpectedConditions.visibilityOfElementLocated(By.xpath("//p[contains(text(),'Đã tồn tại kỳ đối soát trước đó, Bạn có chắc chắn ')]"))): null

12-10-2024T22:57:01 - [TEST_STEP][PASSED] - catch (org.openqa.selenium.TimeoutException e): null

12-10-2024T22:57:01 - [TEST_STEP][PASSED] - println("Popup không xuất hiện, tiếp tục thực hiện giao dịch."): null

12-10-2024T22:57:01 - [TEST_STEP][PASSED] - xpath(xpathDepositTextbox)).sendKeys(")(*&&^"): null

12-10-2024T22:57:01 - [TEST_STEP][PASSED] - xpath(xpathButtonSubmit)).click(): null

12-10-2024T22:57:01 - [TEST_STEP][PASSED] - errorNoti = xpath(xpathThamSoSai))).getText(): null

12-10-2024T22:57:03 - [TEST_STEP][PASSED] - Assert.assertEquals(errorNoti, "Tham số không hợp lệ"): null

12-10-2024T22:57:03 - [TEST_STEP][PASSED] - xpath("//button[normalize-space()='Ok']")).click(): null

12-10-2024T22:57:03 - [TEST_STEP][PASSED] - Assert.assertEquals(xpath(xpathLoiAmountLaChu)).getText(), "amount phải là chữ số."): null

12-10-2024T22:57:04 - [TEST_STEP][PASSED] - xpath(xpathDepositTextbox)).clear(): null

12-10-2024T22:57:04 - [TEST_STEP][PASSED] - xpath(xpathDepositTextbox)).sendKeys("NGuyen tien dan"): null

12-10-2024T22:57:04 - [TEST_STEP][PASSED] - xpath(xpathButtonSubmit)).click(): null

12-10-2024T22:57:05 - [TEST_STEP][PASSED] - errorNoti1 = xpath(xpathThamSoSai))).getText(): null

12-10-2024T22:57:06 - [TEST_STEP][PASSED] - Assert.assertEquals(errorNoti1, "Tham số không hợp lệ"): null

12-10-2024T22:57:06 - [TEST_STEP][PASSED] - xpath(xpathDepositOkBtn)).click(): null

12-10-2024T22:57:06 - [TEST_STEP][PASSED] - Assert.assertEquals(xpath(xpathLoiAmountLaChu)).getText(), "amount phải là chữ số."): null

12-10-2024T22:57:06 - [TEST_STEP][PASSED] - Start listener action : sampleAfterTestCase: null

12-10-2024T22:57:06 - [TEST_STEP][PASSED] - testCaseId = testCaseContext.getTestCaseId(): null

12-10-2024T22:57:06 - [TEST_STEP][PASSED] - if (testCaseId == "Test Cases/Quản lý tài khoản merchant/Quản lý dịch vụ merchant/TC_13_Kiểm tra chức năng xác nhận cấu hình thay đổi VA"): null]]></system-out>
         <system-err><![CDATA[]]></system-err>
      </testcase>
      <testcase name="Test Cases/Quản lý tài khoản merchant/Quản lý danh sách tài khoản/Nạp tiền/TC_06_KIểm tra khi nhập số tiền đúng và nhấn xác nhận" time="5.099" classname="Test Cases/Quản lý tài khoản merchant/Quản lý danh sách tài khoản/Nạp tiền/TC_06_KIểm tra khi nhập số tiền đúng và nhấn xác nhận" status="ERROR">
         <error type="ERROR" message="Test Cases/Quản lý tài khoản merchant/Quản lý danh sách tài khoản/Nạp tiền/TC_06_KIểm tra khi nhập số tiền đúng và nhấn xác nhận FAILED.&#xa;Reason:&#xa;org.codehaus.groovy.control.MultipleCompilationErrorsException: startup failed:&#xa;file:/Users/mac/Documents/test/Cms9Pay/Scripts/Quản%20lý%20tài%20khoản%20merchant/Quản%20lý%20danh%20sách%20tài%20khoản/Nạp%20tiền/TC_06_KIểm%20tra%20khi%20nhập%20số%20tiền%20đúng%20và%20nhấn%20xác%20nhận/Script1720717337534.groovy: 50: unable to resolve class TimeoutException&#xa; @ line 50, column 3.&#xa;   } catch (TimeoutException e) {&#xa;     ^&#xa;&#xa;1 error&#xa;&#xa;	at com.kms.katalon.core.main.ScriptEngine.getScript(ScriptEngine.java:199)&#xa;	at com.kms.katalon.core.main.ScriptEngine.run(ScriptEngine.java:194)&#xa;	at com.kms.katalon.core.main.ScriptEngine.runScriptAsRawText(ScriptEngine.java:119)&#xa;	at com.kms.katalon.core.main.TestCaseExecutor.runScript(TestCaseExecutor.java:448)&#xa;	at com.kms.katalon.core.main.TestCaseExecutor.doExecute(TestCaseExecutor.java:439)&#xa;	at com.kms.katalon.core.main.TestCaseExecutor.processExecutionPhase(TestCaseExecutor.java:418)&#xa;	at com.kms.katalon.core.main.TestCaseExecutor.accessMainPhase(TestCaseExecutor.java:410)&#xa;	at com.kms.katalon.core.main.TestCaseExecutor.execute(TestCaseExecutor.java:285)&#xa;	at com.kms.katalon.core.common.CommonExecutor.accessTestCaseMainPhase(CommonExecutor.java:65)&#xa;	at com.kms.katalon.core.main.TestSuiteExecutor.accessTestSuiteMainPhase(TestSuiteExecutor.java:150)&#xa;	at com.kms.katalon.core.main.TestSuiteExecutor.execute(TestSuiteExecutor.java:106)&#xa;	at com.kms.katalon.core.main.TestCaseMain.startTestSuite(TestCaseMain.java:180)&#xa;	at TempTestSuite1728748413493.run(TempTestSuite1728748413493.groovy:35)&#xa;	at java.base/jdk.internal.reflect.NativeMethodAccessorImpl.invoke0(Native Method)&#xa;	at java.base/jdk.internal.reflect.NativeMethodAccessorImpl.invoke(NativeMethodAccessorImpl.java:77)&#xa;	at java.base/jdk.internal.reflect.DelegatingMethodAccessorImpl.invoke(DelegatingMethodAccessorImpl.java:43)&#xa;"/>
         <system-out><![CDATA[12-10-2024T22:57:06 - [TEST_CASE][ERROR] - Test Cases/Quản lý tài khoản merchant/Quản lý danh sách tài khoản/Nạp tiền/TC_06_KIểm tra khi nhập số tiền đúng và nhấn xác nhận: Test Cases/Quản lý tài khoản merchant/Quản lý danh sách tài khoản/Nạp tiền/TC_06_KIểm tra khi nhập số tiền đúng và nhấn xác nhận FAILED.
Reason:
org.codehaus.groovy.control.MultipleCompilationErrorsException: startup failed:
file:/Users/mac/Documents/test/Cms9Pay/Scripts/Quản%20lý%20tài%20khoản%20merchant/Quản%20lý%20danh%20sách%20tài%20khoản/Nạp%20tiền/TC_06_KIểm%20tra%20khi%20nhập%20số%20tiền%20đúng%20và%20nhấn%20xác%20nhận/Script1720717337534.groovy: 50: unable to resolve class TimeoutException
 @ line 50, column 3.
   } catch (TimeoutException e) {
     ^

1 error

	at com.kms.katalon.core.main.ScriptEngine.getScript(ScriptEngine.java:199)
	at com.kms.katalon.core.main.ScriptEngine.run(ScriptEngine.java:194)
	at com.kms.katalon.core.main.ScriptEngine.runScriptAsRawText(ScriptEngine.java:119)
	at com.kms.katalon.core.main.TestCaseExecutor.runScript(TestCaseExecutor.java:448)
	at com.kms.katalon.core.main.TestCaseExecutor.doExecute(TestCaseExecutor.java:439)
	at com.kms.katalon.core.main.TestCaseExecutor.processExecutionPhase(TestCaseExecutor.java:418)
	at com.kms.katalon.core.main.TestCaseExecutor.accessMainPhase(TestCaseExecutor.java:410)
	at com.kms.katalon.core.main.TestCaseExecutor.execute(TestCaseExecutor.java:285)
	at com.kms.katalon.core.common.CommonExecutor.accessTestCaseMainPhase(CommonExecutor.java:65)
	at com.kms.katalon.core.main.TestSuiteExecutor.accessTestSuiteMainPhase(TestSuiteExecutor.java:150)
	at com.kms.katalon.core.main.TestSuiteExecutor.execute(TestSuiteExecutor.java:106)
	at com.kms.katalon.core.main.TestCaseMain.startTestSuite(TestCaseMain.java:180)
	at TempTestSuite1728748413493.run(TempTestSuite1728748413493.groovy:35)
	at java.base/jdk.internal.reflect.NativeMethodAccessorImpl.invoke0(Native Method)
	at java.base/jdk.internal.reflect.NativeMethodAccessorImpl.invoke(NativeMethodAccessorImpl.java:77)
	at java.base/jdk.internal.reflect.DelegatingMethodAccessorImpl.invoke(DelegatingMethodAccessorImpl.java:43)


12-10-2024T22:57:06 - [TEST_STEP][PASSED] - Start listener action : sampleBeforeTestCase: Navigate to 'https://stg-cms-console.9pay.mobi/login' successfully

12-10-2024T22:57:06 - [TEST_STEP][PASSED] - testCaseId = testCaseContext.getTestCaseId(): null

12-10-2024T22:57:06 - [TEST_STEP][PASSED] - url = <not implemented yet for class: org.codehaus.groovy.ast.expr.EmptyExpression>: null

12-10-2024T22:57:06 - [TEST_STEP][PASSED] - if (testCaseId == "Test Cases/Quản lý tài khoản merchant/Quản lý dịch vụ merchant/TC_14_Kiểm tra thay đổi sau khi cấu hình VA trên MCV"): null

12-10-2024T22:57:06 - [TEST_STEP][PASSED] - else: null

12-10-2024T22:57:06 - [TEST_STEP][PASSED] - url = "https://stg-cms-console.9pay.mobi/login": null

12-10-2024T22:57:06 - [TEST_STEP][PASSED] - openBrowser(""): Browser is opened with url: ''

12-10-2024T22:57:06 - [MESSAGE][WARNING] - A browser is already opened. Closing browser and opening a new one

12-10-2024T22:57:06 - [MESSAGE][INFO] - Starting 'Chrome' driver

12-10-2024T22:57:06 - [MESSAGE][INFO] - Action delay is set to 0 milliseconds

12-10-2024T22:57:07 - [MESSAGE][PASSED] - Browser is opened with url: ''

12-10-2024T22:57:07 - [TEST_STEP][PASSED] - maximizeWindow(): Current window maximized

12-10-2024T22:57:07 - [MESSAGE][PASSED] - Current window maximized

12-10-2024T22:57:07 - [TEST_STEP][PASSED] - navigateToUrl(url): Navigate to 'https://stg-cms-console.9pay.mobi/login' successfully

12-10-2024T22:57:11 - [MESSAGE][PASSED] - Navigate to 'https://stg-cms-console.9pay.mobi/login' successfully

12-10-2024T22:57:11 - [TEST_STEP][PASSED] - Start listener action : sampleAfterTestCase: null

12-10-2024T22:57:11 - [TEST_STEP][PASSED] - testCaseId = testCaseContext.getTestCaseId(): null

12-10-2024T22:57:11 - [TEST_STEP][PASSED] - if (testCaseId == "Test Cases/Quản lý tài khoản merchant/Quản lý dịch vụ merchant/TC_13_Kiểm tra chức năng xác nhận cấu hình thay đổi VA"): null]]></system-out>
         <system-err><![CDATA[12-10-2024T22:57:06 - [TEST_CASE][ERROR] - Test Cases/Quản lý tài khoản merchant/Quản lý danh sách tài khoản/Nạp tiền/TC_06_KIểm tra khi nhập số tiền đúng và nhấn xác nhận: Test Cases/Quản lý tài khoản merchant/Quản lý danh sách tài khoản/Nạp tiền/TC_06_KIểm tra khi nhập số tiền đúng và nhấn xác nhận FAILED.
Reason:
org.codehaus.groovy.control.MultipleCompilationErrorsException: startup failed:
file:/Users/mac/Documents/test/Cms9Pay/Scripts/Quản%20lý%20tài%20khoản%20merchant/Quản%20lý%20danh%20sách%20tài%20khoản/Nạp%20tiền/TC_06_KIểm%20tra%20khi%20nhập%20số%20tiền%20đúng%20và%20nhấn%20xác%20nhận/Script1720717337534.groovy: 50: unable to resolve class TimeoutException
 @ line 50, column 3.
   } catch (TimeoutException e) {
     ^

1 error

	at com.kms.katalon.core.main.ScriptEngine.getScript(ScriptEngine.java:199)
	at com.kms.katalon.core.main.ScriptEngine.run(ScriptEngine.java:194)
	at com.kms.katalon.core.main.ScriptEngine.runScriptAsRawText(ScriptEngine.java:119)
	at com.kms.katalon.core.main.TestCaseExecutor.runScript(TestCaseExecutor.java:448)
	at com.kms.katalon.core.main.TestCaseExecutor.doExecute(TestCaseExecutor.java:439)
	at com.kms.katalon.core.main.TestCaseExecutor.processExecutionPhase(TestCaseExecutor.java:418)
	at com.kms.katalon.core.main.TestCaseExecutor.accessMainPhase(TestCaseExecutor.java:410)
	at com.kms.katalon.core.main.TestCaseExecutor.execute(TestCaseExecutor.java:285)
	at com.kms.katalon.core.common.CommonExecutor.accessTestCaseMainPhase(CommonExecutor.java:65)
	at com.kms.katalon.core.main.TestSuiteExecutor.accessTestSuiteMainPhase(TestSuiteExecutor.java:150)
	at com.kms.katalon.core.main.TestSuiteExecutor.execute(TestSuiteExecutor.java:106)
	at com.kms.katalon.core.main.TestCaseMain.startTestSuite(TestCaseMain.java:180)
	at TempTestSuite1728748413493.run(TempTestSuite1728748413493.groovy:35)
	at java.base/jdk.internal.reflect.NativeMethodAccessorImpl.invoke0(Native Method)
	at java.base/jdk.internal.reflect.NativeMethodAccessorImpl.invoke(NativeMethodAccessorImpl.java:77)
	at java.base/jdk.internal.reflect.DelegatingMethodAccessorImpl.invoke(DelegatingMethodAccessorImpl.java:43)]]></system-err>
      </testcase>
      <testcase name="Test Cases/Quản lý tài khoản merchant/Quản lý danh sách tài khoản/Nạp tiền/TC_07_Nhập số tiền đúng và chọn kì đối soát đã có trước đó và nhấn Huỷ" time="32.698" classname="Test Cases/Quản lý tài khoản merchant/Quản lý danh sách tài khoản/Nạp tiền/TC_07_Nhập số tiền đúng và chọn kì đối soát đã có trước đó và nhấn Huỷ" status="PASSED">
         <system-out><![CDATA[12-10-2024T22:57:11 - [TEST_CASE][PASSED] - Test Cases/Quản lý tài khoản merchant/Quản lý danh sách tài khoản/Nạp tiền/TC_07_Nhập số tiền đúng và chọn kì đối soát đã có trước đó và nhấn Huỷ: Test Cases/Quản lý tài khoản merchant/Quản lý danh sách tài khoản/Nạp tiền/TC_07_Nhập số tiền đúng và chọn kì đối soát đã có trước đó và nhấn Huỷ

12-10-2024T22:57:11 - [TEST_STEP][PASSED] - Start listener action : sampleBeforeTestCase: Navigate to 'https://stg-cms-console.9pay.mobi/login' successfully

12-10-2024T22:57:11 - [TEST_STEP][PASSED] - testCaseId = testCaseContext.getTestCaseId(): null

12-10-2024T22:57:11 - [TEST_STEP][PASSED] - url = <not implemented yet for class: org.codehaus.groovy.ast.expr.EmptyExpression>: null

12-10-2024T22:57:11 - [TEST_STEP][PASSED] - if (testCaseId == "Test Cases/Quản lý tài khoản merchant/Quản lý dịch vụ merchant/TC_14_Kiểm tra thay đổi sau khi cấu hình VA trên MCV"): null

12-10-2024T22:57:11 - [TEST_STEP][PASSED] - else: null

12-10-2024T22:57:11 - [TEST_STEP][PASSED] - url = "https://stg-cms-console.9pay.mobi/login": null

12-10-2024T22:57:11 - [TEST_STEP][PASSED] - openBrowser(""): Browser is opened with url: ''

12-10-2024T22:57:11 - [MESSAGE][WARNING] - A browser is already opened. Closing browser and opening a new one

12-10-2024T22:57:11 - [MESSAGE][INFO] - Starting 'Chrome' driver

12-10-2024T22:57:11 - [MESSAGE][INFO] - Action delay is set to 0 milliseconds

12-10-2024T22:57:12 - [MESSAGE][PASSED] - Browser is opened with url: ''

12-10-2024T22:57:12 - [TEST_STEP][PASSED] - maximizeWindow(): Current window maximized

12-10-2024T22:57:12 - [MESSAGE][PASSED] - Current window maximized

12-10-2024T22:57:12 - [TEST_STEP][PASSED] - navigateToUrl(url): Navigate to 'https://stg-cms-console.9pay.mobi/login' successfully

12-10-2024T22:57:20 - [MESSAGE][PASSED] - Navigate to 'https://stg-cms-console.9pay.mobi/login' successfully

12-10-2024T22:57:20 - [TEST_STEP][PASSED] - driver = getWebDriver(): null

12-10-2024T22:57:20 - [TEST_STEP][PASSED] - callTestCase(findTestCase("Test Cases/Login/LoginCommon"), [:], STOP_ON_FAILURE): Call Test Case 'Test Cases/Login/LoginCommon' successfully

12-10-2024T22:57:20 - [TEST_CASE][PASSED] - Test Cases/Login/LoginCommon: Test Cases/Login/LoginCommon

12-10-2024T22:57:20 - [TEST_STEP][PASSED] - driver = getWebDriver(): null

12-10-2024T22:57:20 - [TEST_STEP][PASSED] - sendKeys(findTestObject("Quản lý tài khoản merchant/Quản lý dịch vụ merchant/userNameTextbox"), userAccount): Keys 'dannt@9pay.vn' sent to object: 'Object Repository/Quản lý tài khoản merchant/Quản lý dịch vụ merchant/userNameTextbox'

12-10-2024T22:57:21 - [MESSAGE][PASSED] - Keys 'dannt@9pay.vn' sent to object: 'Object Repository/Quản lý tài khoản merchant/Quản lý dịch vụ merchant/userNameTextbox'

12-10-2024T22:57:21 - [TEST_STEP][PASSED] - sendKeys(findTestObject("Quản lý tài khoản merchant/Quản lý dịch vụ merchant/passwordTextbox"), password): Keys 'dannt@9pay.vn' sent to object: 'Object Repository/Quản lý tài khoản merchant/Quản lý dịch vụ merchant/passwordTextbox'

12-10-2024T22:57:21 - [MESSAGE][PASSED] - Keys 'dannt@9pay.vn' sent to object: 'Object Repository/Quản lý tài khoản merchant/Quản lý dịch vụ merchant/passwordTextbox'

12-10-2024T22:57:21 - [TEST_STEP][PASSED] - click(findTestObject("Quản lý tài khoản merchant/Quản lý dịch vụ merchant/loginButton")): Object: 'Object Repository/Quản lý tài khoản merchant/Quản lý dịch vụ merchant/loginButton' is clicked on

12-10-2024T22:57:21 - [MESSAGE][PASSED] - Object: 'Object Repository/Quản lý tài khoản merchant/Quản lý dịch vụ merchant/loginButton' is clicked on

12-10-2024T22:57:21 - [MESSAGE][PASSED] - Call Test Case 'Test Cases/Login/LoginCommon' successfully

12-10-2024T22:57:21 - [TEST_STEP][PASSED] - waitForElementVisible(findTestObject("Trang chủ/userName"), 20, STOP_ON_FAILURE): Object 'Object Repository/Trang chủ/userName' is visible

12-10-2024T22:57:23 - [MESSAGE][PASSED] - Object 'Object Repository/Trang chủ/userName' is visible

12-10-2024T22:57:23 - [TEST_STEP][PASSED] - callTestCase(findTestCase("Test Cases/Quản lý tài khoản merchant/Quản lý danh sách tài khoản/CustomFunctions Deposit"), [:], STOP_ON_FAILURE): Call Test Case 'Test Cases/Quản lý tài khoản merchant/Quản lý danh sách tài khoản/CustomFunctions Deposit' successfully

12-10-2024T22:57:23 - [TEST_CASE][PASSED] - Test Cases/Quản lý tài khoản merchant/Quản lý danh sách tài khoản/CustomFunctions Deposit: Test Cases/Quản lý tài khoản merchant/Quản lý danh sách tài khoản/CustomFunctions Deposit

12-10-2024T22:57:23 - [TEST_STEP][PASSED] - driver = getWebDriver(): null

12-10-2024T22:57:23 - [TEST_STEP][PASSED] - element1 = driver.findElement(By.xpath("//span[contains(text(),'Quản lý tài khoản merchant')]")): null

12-10-2024T22:57:25 - [TEST_STEP][PASSED] - actions = new org.openqa.selenium.interactions.Actions(driver): null

12-10-2024T22:57:25 - [TEST_STEP][PASSED] - click().perform(): null

12-10-2024T22:57:25 - [TEST_STEP][PASSED] - wait = new org.openqa.selenium.support.ui.WebDriverWait(com.kms.katalon.core.webui.driver.DriverFactory.getWebDriver(), 15): null

12-10-2024T22:57:25 - [TEST_STEP][PASSED] - xpath(xpathManagerListAccount))).click(): null

12-10-2024T22:57:25 - [MESSAGE][PASSED] - Call Test Case 'Test Cases/Quản lý tài khoản merchant/Quản lý danh sách tài khoản/CustomFunctions Deposit' successfully

12-10-2024T22:57:25 - [TEST_STEP][PASSED] - wait = new org.openqa.selenium.support.ui.WebDriverWait(com.kms.katalon.core.webui.driver.DriverFactory.getWebDriver(), 20): null

12-10-2024T22:57:25 - [TEST_STEP][PASSED] - userCode = wait.until(ExpectedConditions.visibilityOfElementLocated(By.xpath(xpathUserCode))): null

12-10-2024T22:57:30 - [TEST_STEP][PASSED] - println(userCode.getText()): null

12-10-2024T22:57:30 - [TEST_STEP][PASSED] - xpath(xpathBtnAccount))).click(): null

12-10-2024T22:57:30 - [TEST_STEP][PASSED] - searchTextbox = wait.until(ExpectedConditions.elementToBeClickable(By.xpath(xpathSearchTextbox))): null

12-10-2024T22:57:31 - [TEST_STEP][PASSED] - searchTextbox.sendKeys("dannt11"): null

12-10-2024T22:57:31 - [TEST_STEP][PASSED] - xpath(xpathDannt11)).click(): null

12-10-2024T22:57:31 - [TEST_STEP][PASSED] - xpath(xpathBtnSearch)).click(): null

12-10-2024T22:57:32 - [TEST_STEP][PASSED] - wait.until(ExpectedConditions.visibilityOfElementLocated(By.xpath(xpathAccountName))): null

12-10-2024T22:57:32 - [TEST_STEP][PASSED] - Assert.assertEquals(xpath(xpathAccountName)).getText(), username): null

12-10-2024T22:57:33 - [TEST_STEP][PASSED] - xpath(xpathBtnDeposit)).click(): null

12-10-2024T22:57:34 - [TEST_STEP][PASSED] - wait.until(ExpectedConditions.visibilityOfElementLocated(By.xpath(xpathTextAccount))): null

12-10-2024T22:57:41 - [TEST_STEP][PASSED] - xpath(xpathChonVi)).click(): null

12-10-2024T22:57:41 - [TEST_STEP][PASSED] - xpath(xpathThuHo3)).click(): null

12-10-2024T22:57:42 - [TEST_STEP][PASSED] - xpath(xpathDay)).click(): null

12-10-2024T22:57:42 - [TEST_STEP][PASSED] - xpath(xpathHomNay)).click(): null

12-10-2024T22:57:43 - [TEST_STEP][PASSED] - xpath(xpathBtnContinue)).click(): null

12-10-2024T22:57:43 - [TEST_STEP][PASSED] - popupDS = wait.until(ExpectedConditions.visibilityOfElementLocated(By.xpath(xpathXacNhanKiDS))): null

12-10-2024T22:57:43 - [TEST_STEP][PASSED] - Assert.assertEquals(popupDS.getText(), "Đã tồn tại kỳ đối soát trước đó, Bạn có chắc chắn muốn tiếp tục thực hiện giao dịch?"): null

12-10-2024T22:57:43 - [TEST_STEP][PASSED] - xpath(xpathBtnHuy)).click(): null

12-10-2024T22:57:44 - [TEST_STEP][PASSED] - TTGD = xpath(xpathTitle))).getText(): null

12-10-2024T22:57:44 - [TEST_STEP][PASSED] - Assert.assertEquals(TTGD, "NẠP TIỀN"): null

12-10-2024T22:57:44 - [TEST_STEP][PASSED] - Start listener action : sampleAfterTestCase: null

12-10-2024T22:57:44 - [TEST_STEP][PASSED] - testCaseId = testCaseContext.getTestCaseId(): null

12-10-2024T22:57:44 - [TEST_STEP][PASSED] - if (testCaseId == "Test Cases/Quản lý tài khoản merchant/Quản lý dịch vụ merchant/TC_13_Kiểm tra chức năng xác nhận cấu hình thay đổi VA"): null]]></system-out>
         <system-err><![CDATA[]]></system-err>
      </testcase>
      <testcase name="Test Cases/Quản lý tài khoản merchant/Quản lý danh sách tài khoản/Nạp tiền/TC_08_Nhập số tiền đúng và chọn kì đối soát đã có trước đó và nhấn xác nhận" time="35.963" classname="Test Cases/Quản lý tài khoản merchant/Quản lý danh sách tài khoản/Nạp tiền/TC_08_Nhập số tiền đúng và chọn kì đối soát đã có trước đó và nhấn xác nhận" status="PASSED">
         <system-out><![CDATA[12-10-2024T22:57:44 - [TEST_CASE][PASSED] - Test Cases/Quản lý tài khoản merchant/Quản lý danh sách tài khoản/Nạp tiền/TC_08_Nhập số tiền đúng và chọn kì đối soát đã có trước đó và nhấn xác nhận: Test Cases/Quản lý tài khoản merchant/Quản lý danh sách tài khoản/Nạp tiền/TC_08_Nhập số tiền đúng và chọn kì đối soát đã có trước đó và nhấn xác nhận

12-10-2024T22:57:44 - [TEST_STEP][PASSED] - Start listener action : sampleBeforeTestCase: Navigate to 'https://stg-cms-console.9pay.mobi/login' successfully

12-10-2024T22:57:44 - [TEST_STEP][PASSED] - testCaseId = testCaseContext.getTestCaseId(): null

12-10-2024T22:57:44 - [TEST_STEP][PASSED] - url = <not implemented yet for class: org.codehaus.groovy.ast.expr.EmptyExpression>: null

12-10-2024T22:57:44 - [TEST_STEP][PASSED] - if (testCaseId == "Test Cases/Quản lý tài khoản merchant/Quản lý dịch vụ merchant/TC_14_Kiểm tra thay đổi sau khi cấu hình VA trên MCV"): null

12-10-2024T22:57:44 - [TEST_STEP][PASSED] - else: null

12-10-2024T22:57:44 - [TEST_STEP][PASSED] - url = "https://stg-cms-console.9pay.mobi/login": null

12-10-2024T22:57:44 - [TEST_STEP][PASSED] - openBrowser(""): Browser is opened with url: ''

12-10-2024T22:57:44 - [MESSAGE][WARNING] - A browser is already opened. Closing browser and opening a new one

12-10-2024T22:57:44 - [MESSAGE][INFO] - Starting 'Chrome' driver

12-10-2024T22:57:44 - [MESSAGE][INFO] - Action delay is set to 0 milliseconds

12-10-2024T22:57:45 - [MESSAGE][PASSED] - Browser is opened with url: ''

12-10-2024T22:57:45 - [TEST_STEP][PASSED] - maximizeWindow(): Current window maximized

12-10-2024T22:57:45 - [MESSAGE][PASSED] - Current window maximized

12-10-2024T22:57:45 - [TEST_STEP][PASSED] - navigateToUrl(url): Navigate to 'https://stg-cms-console.9pay.mobi/login' successfully

12-10-2024T22:57:48 - [MESSAGE][PASSED] - Navigate to 'https://stg-cms-console.9pay.mobi/login' successfully

12-10-2024T22:57:48 - [TEST_STEP][PASSED] - driver = getWebDriver(): null

12-10-2024T22:57:48 - [TEST_STEP][PASSED] - callTestCase(findTestCase("Test Cases/Login/LoginCommon"), [:], STOP_ON_FAILURE): Call Test Case 'Test Cases/Login/LoginCommon' successfully

12-10-2024T22:57:48 - [TEST_CASE][PASSED] - Test Cases/Login/LoginCommon: Test Cases/Login/LoginCommon

12-10-2024T22:57:48 - [TEST_STEP][PASSED] - driver = getWebDriver(): null

12-10-2024T22:57:48 - [TEST_STEP][PASSED] - sendKeys(findTestObject("Quản lý tài khoản merchant/Quản lý dịch vụ merchant/userNameTextbox"), userAccount): Keys 'dannt@9pay.vn' sent to object: 'Object Repository/Quản lý tài khoản merchant/Quản lý dịch vụ merchant/userNameTextbox'

12-10-2024T22:57:49 - [MESSAGE][PASSED] - Keys 'dannt@9pay.vn' sent to object: 'Object Repository/Quản lý tài khoản merchant/Quản lý dịch vụ merchant/userNameTextbox'

12-10-2024T22:57:49 - [TEST_STEP][PASSED] - sendKeys(findTestObject("Quản lý tài khoản merchant/Quản lý dịch vụ merchant/passwordTextbox"), password): Keys 'dannt@9pay.vn' sent to object: 'Object Repository/Quản lý tài khoản merchant/Quản lý dịch vụ merchant/passwordTextbox'

12-10-2024T22:57:49 - [MESSAGE][PASSED] - Keys 'dannt@9pay.vn' sent to object: 'Object Repository/Quản lý tài khoản merchant/Quản lý dịch vụ merchant/passwordTextbox'

12-10-2024T22:57:49 - [TEST_STEP][PASSED] - click(findTestObject("Quản lý tài khoản merchant/Quản lý dịch vụ merchant/loginButton")): Object: 'Object Repository/Quản lý tài khoản merchant/Quản lý dịch vụ merchant/loginButton' is clicked on

12-10-2024T22:57:49 - [MESSAGE][PASSED] - Object: 'Object Repository/Quản lý tài khoản merchant/Quản lý dịch vụ merchant/loginButton' is clicked on

12-10-2024T22:57:49 - [MESSAGE][PASSED] - Call Test Case 'Test Cases/Login/LoginCommon' successfully

12-10-2024T22:57:49 - [TEST_STEP][PASSED] - waitForElementVisible(findTestObject("Trang chủ/userName"), 20, STOP_ON_FAILURE): Object 'Object Repository/Trang chủ/userName' is visible

12-10-2024T22:57:57 - [MESSAGE][PASSED] - Object 'Object Repository/Trang chủ/userName' is visible

12-10-2024T22:57:57 - [TEST_STEP][PASSED] - callTestCase(findTestCase("Test Cases/Quản lý tài khoản merchant/Quản lý danh sách tài khoản/CustomFunctions Deposit"), [:], STOP_ON_FAILURE): Call Test Case 'Test Cases/Quản lý tài khoản merchant/Quản lý danh sách tài khoản/CustomFunctions Deposit' successfully

12-10-2024T22:57:57 - [TEST_CASE][PASSED] - Test Cases/Quản lý tài khoản merchant/Quản lý danh sách tài khoản/CustomFunctions Deposit: Test Cases/Quản lý tài khoản merchant/Quản lý danh sách tài khoản/CustomFunctions Deposit

12-10-2024T22:57:57 - [TEST_STEP][PASSED] - driver = getWebDriver(): null

12-10-2024T22:57:57 - [TEST_STEP][PASSED] - element1 = driver.findElement(By.xpath("//span[contains(text(),'Quản lý tài khoản merchant')]")): null

12-10-2024T22:57:57 - [TEST_STEP][PASSED] - actions = new org.openqa.selenium.interactions.Actions(driver): null

12-10-2024T22:57:57 - [TEST_STEP][PASSED] - click().perform(): null

12-10-2024T22:57:57 - [TEST_STEP][PASSED] - wait = new org.openqa.selenium.support.ui.WebDriverWait(com.kms.katalon.core.webui.driver.DriverFactory.getWebDriver(), 15): null

12-10-2024T22:57:57 - [TEST_STEP][PASSED] - xpath(xpathManagerListAccount))).click(): null

12-10-2024T22:57:58 - [MESSAGE][PASSED] - Call Test Case 'Test Cases/Quản lý tài khoản merchant/Quản lý danh sách tài khoản/CustomFunctions Deposit' successfully

12-10-2024T22:57:58 - [TEST_STEP][PASSED] - wait = new org.openqa.selenium.support.ui.WebDriverWait(com.kms.katalon.core.webui.driver.DriverFactory.getWebDriver(), 20): null

12-10-2024T22:57:58 - [TEST_STEP][PASSED] - userCode = wait.until(ExpectedConditions.visibilityOfElementLocated(By.xpath(xpathUserCode))): null

12-10-2024T22:58:01 - [TEST_STEP][PASSED] - println(userCode.getText()): null

12-10-2024T22:58:01 - [TEST_STEP][PASSED] - xpath(xpathBtnAccount))).click(): null

12-10-2024T22:58:01 - [TEST_STEP][PASSED] - searchTextbox = wait.until(ExpectedConditions.elementToBeClickable(By.xpath(xpathSearchTextbox))): null

12-10-2024T22:58:02 - [TEST_STEP][PASSED] - searchTextbox.sendKeys("dannt11"): null

12-10-2024T22:58:02 - [TEST_STEP][PASSED] - xpath(xpathOption)).click(): null

12-10-2024T22:58:02 - [TEST_STEP][PASSED] - xpath(xpathBtnSearch)).click(): null

12-10-2024T22:58:03 - [TEST_STEP][PASSED] - wait.until(ExpectedConditions.visibilityOfElementLocated(By.xpath(xpathAccountName))): null

12-10-2024T22:58:05 - [TEST_STEP][PASSED] - xpath(xpathBtnDeposit)).click(): null

12-10-2024T22:58:05 - [TEST_STEP][PASSED] - wait.until(ExpectedConditions.visibilityOfElementLocated(By.xpath(xpathTextAccount))): null

12-10-2024T22:58:14 - [TEST_STEP][PASSED] - xpath(xpathChonVi)).click(): null

12-10-2024T22:58:15 - [TEST_STEP][PASSED] - xpath(xpathThuHo3)).click(): null

12-10-2024T22:58:15 - [TEST_STEP][PASSED] - xpath(xpathDay)).click(): null

12-10-2024T22:58:15 - [TEST_STEP][PASSED] - xpath(xpathHomNay)).click(): null

12-10-2024T22:58:16 - [TEST_STEP][PASSED] - xpath(xpathBtnContinue)).click(): null

12-10-2024T22:58:16 - [TEST_STEP][PASSED] - popupDS = wait.until(ExpectedConditions.visibilityOfElementLocated(By.xpath(xpathXacNhanKiDS))): null

12-10-2024T22:58:17 - [TEST_STEP][PASSED] - Assert.assertEquals(popupDS.getText(), "Đã tồn tại kỳ đối soát trước đó, Bạn có chắc chắn muốn tiếp tục thực hiện giao dịch?"): null

12-10-2024T22:58:17 - [TEST_STEP][PASSED] - Thread.sleep(1000): null

12-10-2024T22:58:18 - [TEST_STEP][PASSED] - xpath(BtnOkXpath)).click(): null

12-10-2024T22:58:18 - [TEST_STEP][PASSED] - xpath(xpathDepositTextbox)).sendKeys("150000"): null

12-10-2024T22:58:18 - [TEST_STEP][PASSED] - xpath(xpathButtonSubmit)).click(): null

12-10-2024T22:58:19 - [TEST_STEP][PASSED] - TTGD = xpath(xpathTextAfterAccept))).getText(): null

12-10-2024T22:58:20 - [TEST_STEP][PASSED] - Assert.assertEquals(TTGD, "THÔNG TIN GIAO DỊCH"): null

12-10-2024T22:58:20 - [TEST_STEP][PASSED] - Start listener action : sampleAfterTestCase: null

12-10-2024T22:58:20 - [TEST_STEP][PASSED] - testCaseId = testCaseContext.getTestCaseId(): null

12-10-2024T22:58:20 - [TEST_STEP][PASSED] - if (testCaseId == "Test Cases/Quản lý tài khoản merchant/Quản lý dịch vụ merchant/TC_13_Kiểm tra chức năng xác nhận cấu hình thay đổi VA"): null]]></system-out>
         <system-err><![CDATA[]]></system-err>
      </testcase>
      <testcase name="Test Cases/Quản lý tài khoản merchant/Quản lý danh sách tài khoản/Nạp tiền/TC_09_Kiểm tra khi chọn ví đúng và chọn kỳ đối soát đã tồn tại trước đó" time="57.271" classname="Test Cases/Quản lý tài khoản merchant/Quản lý danh sách tài khoản/Nạp tiền/TC_09_Kiểm tra khi chọn ví đúng và chọn kỳ đối soát đã tồn tại trước đó" status="PASSED">
         <system-out><![CDATA[12-10-2024T22:58:20 - [TEST_CASE][PASSED] - Test Cases/Quản lý tài khoản merchant/Quản lý danh sách tài khoản/Nạp tiền/TC_09_Kiểm tra khi chọn ví đúng và chọn kỳ đối soát đã tồn tại trước đó: Test Cases/Quản lý tài khoản merchant/Quản lý danh sách tài khoản/Nạp tiền/TC_09_Kiểm tra khi chọn ví đúng và chọn kỳ đối soát đã tồn tại trước đó

12-10-2024T22:58:20 - [TEST_STEP][PASSED] - Start listener action : sampleBeforeTestCase: Navigate to 'https://stg-cms-console.9pay.mobi/login' successfully

12-10-2024T22:58:20 - [TEST_STEP][PASSED] - testCaseId = testCaseContext.getTestCaseId(): null

12-10-2024T22:58:20 - [TEST_STEP][PASSED] - url = <not implemented yet for class: org.codehaus.groovy.ast.expr.EmptyExpression>: null

12-10-2024T22:58:20 - [TEST_STEP][PASSED] - if (testCaseId == "Test Cases/Quản lý tài khoản merchant/Quản lý dịch vụ merchant/TC_14_Kiểm tra thay đổi sau khi cấu hình VA trên MCV"): null

12-10-2024T22:58:20 - [TEST_STEP][PASSED] - else: null

12-10-2024T22:58:20 - [TEST_STEP][PASSED] - url = "https://stg-cms-console.9pay.mobi/login": null

12-10-2024T22:58:20 - [TEST_STEP][PASSED] - openBrowser(""): Browser is opened with url: ''

12-10-2024T22:58:20 - [MESSAGE][WARNING] - A browser is already opened. Closing browser and opening a new one

12-10-2024T22:58:20 - [MESSAGE][INFO] - Starting 'Chrome' driver

12-10-2024T22:58:20 - [MESSAGE][INFO] - Action delay is set to 0 milliseconds

12-10-2024T22:58:21 - [MESSAGE][PASSED] - Browser is opened with url: ''

12-10-2024T22:58:21 - [TEST_STEP][PASSED] - maximizeWindow(): Current window maximized

12-10-2024T22:58:21 - [MESSAGE][PASSED] - Current window maximized

12-10-2024T22:58:21 - [TEST_STEP][PASSED] - navigateToUrl(url): Navigate to 'https://stg-cms-console.9pay.mobi/login' successfully

12-10-2024T22:58:23 - [MESSAGE][PASSED] - Navigate to 'https://stg-cms-console.9pay.mobi/login' successfully

12-10-2024T22:58:23 - [TEST_STEP][PASSED] - driver = getWebDriver(): null

12-10-2024T22:58:23 - [TEST_STEP][PASSED] - callTestCase(findTestCase("Test Cases/Login/LoginCommon"), [:], STOP_ON_FAILURE): Call Test Case 'Test Cases/Login/LoginCommon' successfully

12-10-2024T22:58:23 - [TEST_CASE][PASSED] - Test Cases/Login/LoginCommon: Test Cases/Login/LoginCommon

12-10-2024T22:58:23 - [TEST_STEP][PASSED] - driver = getWebDriver(): null

12-10-2024T22:58:23 - [TEST_STEP][PASSED] - sendKeys(findTestObject("Quản lý tài khoản merchant/Quản lý dịch vụ merchant/userNameTextbox"), userAccount): Keys 'dannt@9pay.vn' sent to object: 'Object Repository/Quản lý tài khoản merchant/Quản lý dịch vụ merchant/userNameTextbox'

12-10-2024T22:58:23 - [MESSAGE][PASSED] - Keys 'dannt@9pay.vn' sent to object: 'Object Repository/Quản lý tài khoản merchant/Quản lý dịch vụ merchant/userNameTextbox'

12-10-2024T22:58:23 - [TEST_STEP][PASSED] - sendKeys(findTestObject("Quản lý tài khoản merchant/Quản lý dịch vụ merchant/passwordTextbox"), password): Keys 'dannt@9pay.vn' sent to object: 'Object Repository/Quản lý tài khoản merchant/Quản lý dịch vụ merchant/passwordTextbox'

12-10-2024T22:58:24 - [MESSAGE][PASSED] - Keys 'dannt@9pay.vn' sent to object: 'Object Repository/Quản lý tài khoản merchant/Quản lý dịch vụ merchant/passwordTextbox'

12-10-2024T22:58:24 - [TEST_STEP][PASSED] - click(findTestObject("Quản lý tài khoản merchant/Quản lý dịch vụ merchant/loginButton")): Object: 'Object Repository/Quản lý tài khoản merchant/Quản lý dịch vụ merchant/loginButton' is clicked on

12-10-2024T22:58:24 - [MESSAGE][PASSED] - Object: 'Object Repository/Quản lý tài khoản merchant/Quản lý dịch vụ merchant/loginButton' is clicked on

12-10-2024T22:58:24 - [MESSAGE][PASSED] - Call Test Case 'Test Cases/Login/LoginCommon' successfully

12-10-2024T22:58:24 - [TEST_STEP][PASSED] - waitForElementVisible(findTestObject("Trang chủ/userName"), 20, STOP_ON_FAILURE): Object 'Object Repository/Trang chủ/userName' is visible

12-10-2024T22:58:26 - [MESSAGE][PASSED] - Object 'Object Repository/Trang chủ/userName' is visible

12-10-2024T22:58:26 - [TEST_STEP][PASSED] - callTestCase(findTestCase("Test Cases/Quản lý tài khoản merchant/Quản lý danh sách tài khoản/CustomFunctions Deposit"), [:], STOP_ON_FAILURE): Call Test Case 'Test Cases/Quản lý tài khoản merchant/Quản lý danh sách tài khoản/CustomFunctions Deposit' successfully

12-10-2024T22:58:26 - [TEST_CASE][PASSED] - Test Cases/Quản lý tài khoản merchant/Quản lý danh sách tài khoản/CustomFunctions Deposit: Test Cases/Quản lý tài khoản merchant/Quản lý danh sách tài khoản/CustomFunctions Deposit

12-10-2024T22:58:26 - [TEST_STEP][PASSED] - driver = getWebDriver(): null

12-10-2024T22:58:26 - [TEST_STEP][PASSED] - element1 = driver.findElement(By.xpath("//span[contains(text(),'Quản lý tài khoản merchant')]")): null

12-10-2024T22:58:27 - [TEST_STEP][PASSED] - actions = new org.openqa.selenium.interactions.Actions(driver): null

12-10-2024T22:58:27 - [TEST_STEP][PASSED] - click().perform(): null

12-10-2024T22:58:27 - [TEST_STEP][PASSED] - wait = new org.openqa.selenium.support.ui.WebDriverWait(com.kms.katalon.core.webui.driver.DriverFactory.getWebDriver(), 15): null

12-10-2024T22:58:27 - [TEST_STEP][PASSED] - xpath(xpathManagerListAccount))).click(): null

12-10-2024T22:58:28 - [MESSAGE][PASSED] - Call Test Case 'Test Cases/Quản lý tài khoản merchant/Quản lý danh sách tài khoản/CustomFunctions Deposit' successfully

12-10-2024T22:58:28 - [TEST_STEP][PASSED] - wait = new org.openqa.selenium.support.ui.WebDriverWait(com.kms.katalon.core.webui.driver.DriverFactory.getWebDriver(), 20): null

12-10-2024T22:58:28 - [TEST_STEP][PASSED] - userCode = wait.until(ExpectedConditions.visibilityOfElementLocated(By.xpath(xpathUserCode))): null

12-10-2024T22:58:31 - [TEST_STEP][PASSED] - println(userCode.getText()): null

12-10-2024T22:58:31 - [TEST_STEP][PASSED] - xpath(xpathBtnAccount))).click(): null

12-10-2024T22:58:31 - [TEST_STEP][PASSED] - searchTextbox = wait.until(ExpectedConditions.elementToBeClickable(By.xpath(xpathSearchTextbox))): null

12-10-2024T22:58:31 - [TEST_STEP][PASSED] - searchTextbox.sendKeys("dannt11"): null

12-10-2024T22:58:32 - [TEST_STEP][PASSED] - xpath(xpathOption)).click(): null

12-10-2024T22:58:32 - [TEST_STEP][PASSED] - xpath(xpathBtnSearch)).click(): null

12-10-2024T22:58:32 - [TEST_STEP][PASSED] - wait.until(ExpectedConditions.visibilityOfElementLocated(By.xpath(xpathAccountName))): null

12-10-2024T22:58:33 - [TEST_STEP][PASSED] - startElement = driver.findElement(By.xpath("//strong[contains(text(),'Thu hộ:')]")): null

12-10-2024T22:58:33 - [TEST_STEP][PASSED] - js = driver: null

12-10-2024T22:58:33 - [TEST_STEP][PASSED] - script = "return arguments[0].nextSibling.textContent;": null

12-10-2024T22:58:33 - [TEST_STEP][PASSED] - nextTextNodeContent = js.executeScript(script, startElement): null

12-10-2024T22:58:33 - [TEST_STEP][PASSED] - out.println("Thu ho " + nextTextNodeContent): null

12-10-2024T22:58:33 - [TEST_STEP][PASSED] - numericString = nextTextNodeContent.replaceAll("[^0-9]", ""): null

12-10-2024T22:58:33 - [TEST_STEP][PASSED] - thuHo = Integer.parseInt(numericString): null

12-10-2024T22:58:33 - [TEST_STEP][PASSED] - out.println("Thu ho " + thuHo): null

12-10-2024T22:58:33 - [TEST_STEP][PASSED] - xpath(xpathBtnDeposit)).click(): null

12-10-2024T22:58:34 - [TEST_STEP][PASSED] - wait.until(ExpectedConditions.visibilityOfElementLocated(By.xpath(xpathTextAccount))): null

12-10-2024T22:58:45 - [TEST_STEP][PASSED] - xpath(xpathChonVi)).click(): null

12-10-2024T22:58:46 - [TEST_STEP][PASSED] - xpath(xpathThuHo3)).click(): null

12-10-2024T22:58:46 - [TEST_STEP][PASSED] - xpath(xpathDay)).click(): null

12-10-2024T22:58:46 - [TEST_STEP][PASSED] - xpath(xpathHomNay)).click(): null

12-10-2024T22:58:47 - [TEST_STEP][PASSED] - xpath(xpathBtnContinue)).click(): null

12-10-2024T22:58:47 - [TEST_STEP][PASSED] - try: null

12-10-2024T22:58:47 - [TEST_STEP][PASSED] - popupDS = wait.until(ExpectedConditions.visibilityOfElementLocated(By.xpath("//p[contains(text(),'Đã tồn tại kỳ đối soát trước đó, Bạn có chắc chắn ')]"))): null

12-10-2024T22:58:48 - [TEST_STEP][PASSED] - Assert.assertEquals(popupDS.getText(), "Đã tồn tại kỳ đối soát trước đó, Bạn có chắc chắn muốn tiếp tục thực hiện giao dịch?"): null

12-10-2024T22:58:48 - [TEST_STEP][PASSED] - xpath("//button[contains(text(),'Đồng ý')]")).click(): null

12-10-2024T22:58:48 - [TEST_STEP][PASSED] - xpath(xpathDepositTextbox)).sendKeys("150000"): null

12-10-2024T22:58:49 - [TEST_STEP][PASSED] - xpath(xpathButtonSubmit)).click(): null

12-10-2024T22:58:49 - [TEST_STEP][PASSED] - wait.until(ExpectedConditions.elementToBeClickable(By.xpath(xpathButtonApprove))): null

12-10-2024T22:58:50 - [TEST_STEP][PASSED] - startElement1 = driver.findElement(By.xpath(xpathButtonApprove)): null

12-10-2024T22:58:50 - [TEST_STEP][PASSED] - js.executeScript("arguments[0].scrollIntoView(false);", startElement1): null

12-10-2024T22:58:50 - [TEST_STEP][PASSED] - xpath(xpathButtonApprove)).click(): null

12-10-2024T22:58:51 - [TEST_STEP][PASSED] - Thread.sleep(1000): null

12-10-2024T22:58:52 - [TEST_STEP][PASSED] - xpath(xpathCfBtn)).click(): null

12-10-2024T22:58:52 - [TEST_STEP][PASSED] - xpath(xpathBtnOk)).click(): null

12-10-2024T22:58:53 - [TEST_STEP][PASSED] - loaiGiaodich = xpath(xpathNapTien)).getText(): null

12-10-2024T22:58:54 - [TEST_STEP][PASSED] - Assert.assertEquals(loaiGiaodich, "Nạp tiền"): null

12-10-2024T22:58:54 - [TEST_STEP][PASSED] - callTestCase(findTestCase("Test Cases/Quản lý tài khoản merchant/Quản lý danh sách tài khoản/CustomFunctions.groovy"), [:], STOP_ON_FAILURE): Call Test Case 'Test Cases/Quản lý tài khoản merchant/Quản lý danh sách tài khoản/CustomFunctions.groovy' successfully

12-10-2024T22:58:54 - [TEST_CASE][PASSED] - Test Cases/Quản lý tài khoản merchant/Quản lý danh sách tài khoản/CustomFunctions.groovy: Test Cases/Quản lý tài khoản merchant/Quản lý danh sách tài khoản/CustomFunctions.groovy

12-10-2024T22:58:54 - [TEST_STEP][PASSED] - driver = getWebDriver(): null

12-10-2024T22:58:54 - [TEST_STEP][PASSED] - sleep(2000): null

12-10-2024T22:58:56 - [TEST_STEP][PASSED] - element1 = driver.findElement(By.xpath(xpathManagerMC)): null

12-10-2024T22:58:56 - [TEST_STEP][PASSED] - actions = new org.openqa.selenium.interactions.Actions(driver): null

12-10-2024T22:58:56 - [TEST_STEP][PASSED] - click().perform(): null

12-10-2024T22:58:56 - [TEST_STEP][PASSED] - wait = new org.openqa.selenium.support.ui.WebDriverWait(com.kms.katalon.core.webui.driver.DriverFactory.getWebDriver(), 20): null

12-10-2024T22:58:56 - [TEST_STEP][PASSED] - element2 = wait.until(ExpectedConditions.elementToBeClickable(By.xpath(xpathManagerListAccount))): null

12-10-2024T22:58:57 - [TEST_STEP][PASSED] - click().perform(): null

12-10-2024T22:58:57 - [TEST_STEP][PASSED] - wait.until(ExpectedConditions.visibilityOfElementLocated(By.xpath(xpathUserCode))): null

12-10-2024T22:59:11 - [TEST_STEP][PASSED] - xpath(xpathBtnAccount))).click(): null

12-10-2024T22:59:11 - [TEST_STEP][PASSED] - searchTextbox = wait.until(ExpectedConditions.elementToBeClickable(By.xpath(xpathSearchTextbox))): null

12-10-2024T22:59:11 - [TEST_STEP][PASSED] - searchTextbox.sendKeys("dannt11"): null

12-10-2024T22:59:11 - [TEST_STEP][PASSED] - xpath(xpathOption)).click(): null

12-10-2024T22:59:12 - [TEST_STEP][PASSED] - xpath(xpathBtnSearch)).click(): null

12-10-2024T22:59:12 - [TEST_STEP][PASSED] - Assert.assertEquals(xpath(xpathAccountName)).getText(), username): null

12-10-2024T22:59:13 - [TEST_STEP][PASSED] - xpath(xpathUser)).click(): null

12-10-2024T22:59:13 - [TEST_STEP][PASSED] - xpath(xpathSearchTextbox)).sendKeys("dannt21"): null

12-10-2024T22:59:14 - [TEST_STEP][PASSED] - xpath(xpathClicked)).click(): null

12-10-2024T22:59:14 - [TEST_STEP][PASSED] - xpath(xpathBtnSearch)).click(): null

12-10-2024T22:59:15 - [MESSAGE][PASSED] - Call Test Case 'Test Cases/Quản lý tài khoản merchant/Quản lý danh sách tài khoản/CustomFunctions.groovy' successfully

12-10-2024T22:59:15 - [TEST_STEP][PASSED] - startElementAf = driver.findElement(By.xpath(xpathThuHoBtn)): null

12-10-2024T22:59:17 - [TEST_STEP][PASSED] - jsAf = driver: null

12-10-2024T22:59:17 - [TEST_STEP][PASSED] - scriptAf = "return arguments[0].nextSibling.textContent;": null

12-10-2024T22:59:17 - [TEST_STEP][PASSED] - balanceStrAf = jsAf.executeScript(scriptAf, startElementAf): null

12-10-2024T22:59:17 - [TEST_STEP][PASSED] - numericStringAf = balanceStrAf.replaceAll("[^0-9]", ""): null

12-10-2024T22:59:17 - [TEST_STEP][PASSED] - balanceAf = Integer.parseInt(numericStringAf): null

12-10-2024T22:59:17 - [TEST_STEP][PASSED] - out.println("Thu ho " + balanceAf): null

12-10-2024T22:59:17 - [TEST_STEP][PASSED] - if (balanceAf == thuHo + 150000): Test case đã pass với số tiền đã được cộng đúng.

12-10-2024T22:59:17 - [TEST_STEP][PASSED] - println("Số tiền đã đúng "): null

12-10-2024T22:59:17 - [TEST_STEP][PASSED] - markPassed("Test case đã pass với số tiền đã được cộng đúng."): Test case đã pass với số tiền đã được cộng đúng.

12-10-2024T22:59:17 - [MESSAGE][PASSED] - Test case đã pass với số tiền đã được cộng đúng.

12-10-2024T22:59:17 - [TEST_STEP][PASSED] - Start listener action : sampleAfterTestCase: null

12-10-2024T22:59:17 - [TEST_STEP][PASSED] - testCaseId = testCaseContext.getTestCaseId(): null

12-10-2024T22:59:17 - [TEST_STEP][PASSED] - if (testCaseId == "Test Cases/Quản lý tài khoản merchant/Quản lý dịch vụ merchant/TC_13_Kiểm tra chức năng xác nhận cấu hình thay đổi VA"): null]]></system-out>
         <system-err><![CDATA[]]></system-err>
      </testcase>
      <testcase name="Test Cases/Quản lý tài khoản merchant/Quản lý danh sách tài khoản/Nạp tiền/TC_10_Kiểm tra khi chọn ví đúng và chọn loại giao dịch là hoàn phí" time="49.022" classname="Test Cases/Quản lý tài khoản merchant/Quản lý danh sách tài khoản/Nạp tiền/TC_10_Kiểm tra khi chọn ví đúng và chọn loại giao dịch là hoàn phí" status="PASSED">
         <system-out><![CDATA[12-10-2024T22:59:17 - [TEST_CASE][PASSED] - Test Cases/Quản lý tài khoản merchant/Quản lý danh sách tài khoản/Nạp tiền/TC_10_Kiểm tra khi chọn ví đúng và chọn loại giao dịch là hoàn phí: Test Cases/Quản lý tài khoản merchant/Quản lý danh sách tài khoản/Nạp tiền/TC_10_Kiểm tra khi chọn ví đúng và chọn loại giao dịch là hoàn phí

12-10-2024T22:59:17 - [TEST_STEP][PASSED] - Start listener action : sampleBeforeTestCase: Navigate to 'https://stg-cms-console.9pay.mobi/login' successfully

12-10-2024T22:59:17 - [TEST_STEP][PASSED] - testCaseId = testCaseContext.getTestCaseId(): null

12-10-2024T22:59:17 - [TEST_STEP][PASSED] - url = <not implemented yet for class: org.codehaus.groovy.ast.expr.EmptyExpression>: null

12-10-2024T22:59:17 - [TEST_STEP][PASSED] - if (testCaseId == "Test Cases/Quản lý tài khoản merchant/Quản lý dịch vụ merchant/TC_14_Kiểm tra thay đổi sau khi cấu hình VA trên MCV"): null

12-10-2024T22:59:17 - [TEST_STEP][PASSED] - else: null

12-10-2024T22:59:17 - [TEST_STEP][PASSED] - url = "https://stg-cms-console.9pay.mobi/login": null

12-10-2024T22:59:17 - [TEST_STEP][PASSED] - openBrowser(""): Browser is opened with url: ''

12-10-2024T22:59:17 - [MESSAGE][WARNING] - A browser is already opened. Closing browser and opening a new one

12-10-2024T22:59:17 - [MESSAGE][INFO] - Starting 'Chrome' driver

12-10-2024T22:59:17 - [MESSAGE][INFO] - Action delay is set to 0 milliseconds

12-10-2024T22:59:18 - [MESSAGE][PASSED] - Browser is opened with url: ''

12-10-2024T22:59:18 - [TEST_STEP][PASSED] - maximizeWindow(): Current window maximized

12-10-2024T22:59:18 - [MESSAGE][PASSED] - Current window maximized

12-10-2024T22:59:18 - [TEST_STEP][PASSED] - navigateToUrl(url): Navigate to 'https://stg-cms-console.9pay.mobi/login' successfully

12-10-2024T22:59:20 - [MESSAGE][PASSED] - Navigate to 'https://stg-cms-console.9pay.mobi/login' successfully

12-10-2024T22:59:20 - [TEST_STEP][PASSED] - driver = getWebDriver(): null

12-10-2024T22:59:20 - [TEST_STEP][PASSED] - callTestCase(findTestCase("Test Cases/Login/LoginCommon"), [:], STOP_ON_FAILURE): Call Test Case 'Test Cases/Login/LoginCommon' successfully

12-10-2024T22:59:20 - [TEST_CASE][PASSED] - Test Cases/Login/LoginCommon: Test Cases/Login/LoginCommon

12-10-2024T22:59:20 - [TEST_STEP][PASSED] - driver = getWebDriver(): null

12-10-2024T22:59:20 - [TEST_STEP][PASSED] - sendKeys(findTestObject("Quản lý tài khoản merchant/Quản lý dịch vụ merchant/userNameTextbox"), userAccount): Keys 'dannt@9pay.vn' sent to object: 'Object Repository/Quản lý tài khoản merchant/Quản lý dịch vụ merchant/userNameTextbox'

12-10-2024T22:59:21 - [MESSAGE][PASSED] - Keys 'dannt@9pay.vn' sent to object: 'Object Repository/Quản lý tài khoản merchant/Quản lý dịch vụ merchant/userNameTextbox'

12-10-2024T22:59:21 - [TEST_STEP][PASSED] - sendKeys(findTestObject("Quản lý tài khoản merchant/Quản lý dịch vụ merchant/passwordTextbox"), password): Keys 'dannt@9pay.vn' sent to object: 'Object Repository/Quản lý tài khoản merchant/Quản lý dịch vụ merchant/passwordTextbox'

12-10-2024T22:59:21 - [MESSAGE][PASSED] - Keys 'dannt@9pay.vn' sent to object: 'Object Repository/Quản lý tài khoản merchant/Quản lý dịch vụ merchant/passwordTextbox'

12-10-2024T22:59:21 - [TEST_STEP][PASSED] - click(findTestObject("Quản lý tài khoản merchant/Quản lý dịch vụ merchant/loginButton")): Object: 'Object Repository/Quản lý tài khoản merchant/Quản lý dịch vụ merchant/loginButton' is clicked on

12-10-2024T22:59:21 - [MESSAGE][PASSED] - Object: 'Object Repository/Quản lý tài khoản merchant/Quản lý dịch vụ merchant/loginButton' is clicked on

12-10-2024T22:59:21 - [MESSAGE][PASSED] - Call Test Case 'Test Cases/Login/LoginCommon' successfully

12-10-2024T22:59:21 - [TEST_STEP][PASSED] - waitForElementVisible(findTestObject("Trang chủ/userName"), 10, STOP_ON_FAILURE): Object 'Object Repository/Trang chủ/userName' is visible

12-10-2024T22:59:25 - [MESSAGE][PASSED] - Object 'Object Repository/Trang chủ/userName' is visible

12-10-2024T22:59:25 - [TEST_STEP][PASSED] - callTestCase(findTestCase("Test Cases/Quản lý tài khoản merchant/Quản lý danh sách tài khoản/CustomFunctions Deposit"), [:], STOP_ON_FAILURE): Call Test Case 'Test Cases/Quản lý tài khoản merchant/Quản lý danh sách tài khoản/CustomFunctions Deposit' successfully

12-10-2024T22:59:25 - [TEST_CASE][PASSED] - Test Cases/Quản lý tài khoản merchant/Quản lý danh sách tài khoản/CustomFunctions Deposit: Test Cases/Quản lý tài khoản merchant/Quản lý danh sách tài khoản/CustomFunctions Deposit

12-10-2024T22:59:25 - [TEST_STEP][PASSED] - driver = getWebDriver(): null

12-10-2024T22:59:25 - [TEST_STEP][PASSED] - element1 = driver.findElement(By.xpath("//span[contains(text(),'Quản lý tài khoản merchant')]")): null

12-10-2024T22:59:25 - [TEST_STEP][PASSED] - actions = new org.openqa.selenium.interactions.Actions(driver): null

12-10-2024T22:59:25 - [TEST_STEP][PASSED] - click().perform(): null

12-10-2024T22:59:25 - [TEST_STEP][PASSED] - wait = new org.openqa.selenium.support.ui.WebDriverWait(com.kms.katalon.core.webui.driver.DriverFactory.getWebDriver(), 15): null

12-10-2024T22:59:25 - [TEST_STEP][PASSED] - xpath(xpathManagerListAccount))).click(): null

12-10-2024T22:59:26 - [MESSAGE][PASSED] - Call Test Case 'Test Cases/Quản lý tài khoản merchant/Quản lý danh sách tài khoản/CustomFunctions Deposit' successfully

12-10-2024T22:59:26 - [TEST_STEP][PASSED] - wait = new org.openqa.selenium.support.ui.WebDriverWait(com.kms.katalon.core.webui.driver.DriverFactory.getWebDriver(), 20): null

12-10-2024T22:59:26 - [TEST_STEP][PASSED] - userCode = wait.until(ExpectedConditions.visibilityOfElementLocated(By.xpath(xpathUserCode))): null

12-10-2024T22:59:28 - [TEST_STEP][PASSED] - println(userCode.getText()): null

12-10-2024T22:59:28 - [TEST_STEP][PASSED] - xpath(xpathBtnAccount))).click(): null

12-10-2024T22:59:29 - [TEST_STEP][PASSED] - searchTextbox = wait.until(ExpectedConditions.elementToBeClickable(By.xpath(xpathSearchTextbox))): null

12-10-2024T22:59:29 - [TEST_STEP][PASSED] - searchTextbox.sendKeys("dannt11"): null

12-10-2024T22:59:29 - [TEST_STEP][PASSED] - xpath(xpathOption)).click(): null

12-10-2024T22:59:29 - [TEST_STEP][PASSED] - xpath(xpathBtnSearch)).click(): null

12-10-2024T22:59:30 - [TEST_STEP][PASSED] - wait.until(ExpectedConditions.visibilityOfElementLocated(By.xpath(xpathAccountName))): null

12-10-2024T22:59:31 - [TEST_STEP][PASSED] - startElement = driver.findElement(By.xpath("//strong[contains(text(),'Thu hộ:')]")): null

12-10-2024T22:59:31 - [TEST_STEP][PASSED] - js = driver: null

12-10-2024T22:59:31 - [TEST_STEP][PASSED] - script = "return arguments[0].nextSibling.textContent;": null

12-10-2024T22:59:31 - [TEST_STEP][PASSED] - nextTextNodeContent = js.executeScript(script, startElement): null

12-10-2024T22:59:31 - [TEST_STEP][PASSED] - out.println("Thu ho " + nextTextNodeContent): null

12-10-2024T22:59:31 - [TEST_STEP][PASSED] - numericString = nextTextNodeContent.replaceAll("[^0-9]", ""): null

12-10-2024T22:59:31 - [TEST_STEP][PASSED] - thuHo = Integer.parseInt(numericString): null

12-10-2024T22:59:31 - [TEST_STEP][PASSED] - out.println("Thu ho " + thuHo): null

12-10-2024T22:59:31 - [TEST_STEP][PASSED] - xpath(xpathBtnDeposit)).click(): null

12-10-2024T22:59:31 - [TEST_STEP][PASSED] - wait.until(ExpectedConditions.visibilityOfElementLocated(By.xpath(xpathTextAccount))): null

12-10-2024T22:59:44 - [TEST_STEP][PASSED] - xpath(xpathChonVi)).click(): null

12-10-2024T22:59:44 - [TEST_STEP][PASSED] - xpath(xpathThuHo3)).click(): null

12-10-2024T22:59:45 - [TEST_STEP][PASSED] - xpath(xpathOptionNapTien)).click(): null

12-10-2024T22:59:45 - [TEST_STEP][PASSED] - xpath(xpathOptionHoanPhi)).click(): null

12-10-2024T22:59:45 - [TEST_STEP][PASSED] - xpath(xpathDay)).click(): null

12-10-2024T22:59:46 - [TEST_STEP][PASSED] - xpath(xpathHomNay)).click(): null

12-10-2024T22:59:46 - [TEST_STEP][PASSED] - xpath(xpathBtnContinue)).click(): null

12-10-2024T22:59:47 - [TEST_STEP][PASSED] - try: null

12-10-2024T22:59:47 - [TEST_STEP][PASSED] - popupDS = wait.until(ExpectedConditions.visibilityOfElementLocated(By.xpath("//p[contains(text(),'Đã tồn tại kỳ đối soát trước đó, Bạn có chắc chắn ')]"))): null

12-10-2024T22:59:47 - [TEST_STEP][PASSED] - Assert.assertEquals(popupDS.getText(), "Đã tồn tại kỳ đối soát trước đó, Bạn có chắc chắn muốn tiếp tục thực hiện giao dịch?"): null

12-10-2024T22:59:47 - [TEST_STEP][PASSED] - xpath("//button[contains(text(),'Đồng ý')]")).click(): null

12-10-2024T22:59:48 - [TEST_STEP][PASSED] - xpath(xpathDepositTextbox)).sendKeys("150000"): null

12-10-2024T22:59:48 - [TEST_STEP][PASSED] - xpath(xpathButtonSubmit)).click(): null

12-10-2024T22:59:48 - [TEST_STEP][PASSED] - wait.until(ExpectedConditions.elementToBeClickable(By.xpath(xpathDuyetGDNap))): null

12-10-2024T22:59:50 - [TEST_STEP][PASSED] - startElement1 = driver.findElement(By.xpath(xpathDuyetGDNap)): null

12-10-2024T22:59:50 - [TEST_STEP][PASSED] - js.executeScript("arguments[0].scrollIntoView(false);", driver.findElement(By.xpath(xpathDuyetGDNap))): null

12-10-2024T22:59:50 - [TEST_STEP][PASSED] - xpath(xpathButtonApprove)).click(): null

12-10-2024T22:59:51 - [TEST_STEP][PASSED] - Thread.sleep(1000): null

12-10-2024T22:59:52 - [TEST_STEP][PASSED] - xpath(xpathCfBtn)).click(): null

12-10-2024T22:59:52 - [TEST_STEP][PASSED] - xpath(xpathBtnOk)).click(): null

12-10-2024T22:59:53 - [TEST_STEP][PASSED] - loaiGiaodich = xpath(xpathHoanPhi))).getText(): null

12-10-2024T22:59:53 - [TEST_STEP][PASSED] - Assert.assertEquals(loaiGiaodich, "Hoàn phí"): null

12-10-2024T22:59:53 - [TEST_STEP][PASSED] - callTestCase(findTestCase("Test Cases/Quản lý tài khoản merchant/Quản lý danh sách tài khoản/CustomFunctions.groovy"), [:], STOP_ON_FAILURE): Call Test Case 'Test Cases/Quản lý tài khoản merchant/Quản lý danh sách tài khoản/CustomFunctions.groovy' successfully

12-10-2024T22:59:53 - [TEST_CASE][PASSED] - Test Cases/Quản lý tài khoản merchant/Quản lý danh sách tài khoản/CustomFunctions.groovy: Test Cases/Quản lý tài khoản merchant/Quản lý danh sách tài khoản/CustomFunctions.groovy

12-10-2024T22:59:53 - [TEST_STEP][PASSED] - driver = getWebDriver(): null

12-10-2024T22:59:53 - [TEST_STEP][PASSED] - sleep(2000): null

12-10-2024T22:59:55 - [TEST_STEP][PASSED] - element1 = driver.findElement(By.xpath(xpathManagerMC)): null

12-10-2024T22:59:55 - [TEST_STEP][PASSED] - actions = new org.openqa.selenium.interactions.Actions(driver): null

12-10-2024T22:59:55 - [TEST_STEP][PASSED] - click().perform(): null

12-10-2024T22:59:55 - [TEST_STEP][PASSED] - wait = new org.openqa.selenium.support.ui.WebDriverWait(com.kms.katalon.core.webui.driver.DriverFactory.getWebDriver(), 20): null

12-10-2024T22:59:55 - [TEST_STEP][PASSED] - element2 = wait.until(ExpectedConditions.elementToBeClickable(By.xpath(xpathManagerListAccount))): null

12-10-2024T22:59:56 - [TEST_STEP][PASSED] - click().perform(): null

12-10-2024T22:59:56 - [TEST_STEP][PASSED] - wait.until(ExpectedConditions.visibilityOfElementLocated(By.xpath(xpathUserCode))): null

12-10-2024T22:59:59 - [TEST_STEP][PASSED] - xpath(xpathBtnAccount))).click(): null

12-10-2024T22:59:59 - [TEST_STEP][PASSED] - searchTextbox = wait.until(ExpectedConditions.elementToBeClickable(By.xpath(xpathSearchTextbox))): null

12-10-2024T22:59:59 - [TEST_STEP][PASSED] - searchTextbox.sendKeys("dannt11"): null

12-10-2024T23:00:00 - [TEST_STEP][PASSED] - xpath(xpathOption)).click(): null

12-10-2024T23:00:00 - [TEST_STEP][PASSED] - xpath(xpathBtnSearch)).click(): null

12-10-2024T23:00:00 - [TEST_STEP][PASSED] - Assert.assertEquals(xpath(xpathAccountName)).getText(), username): null

12-10-2024T23:00:01 - [TEST_STEP][PASSED] - xpath(xpathUser)).click(): null

12-10-2024T23:00:02 - [TEST_STEP][PASSED] - xpath(xpathSearchTextbox)).sendKeys("dannt21"): null

12-10-2024T23:00:02 - [TEST_STEP][PASSED] - xpath(xpathClicked)).click(): null

12-10-2024T23:00:02 - [TEST_STEP][PASSED] - xpath(xpathBtnSearch)).click(): null

12-10-2024T23:00:03 - [MESSAGE][PASSED] - Call Test Case 'Test Cases/Quản lý tài khoản merchant/Quản lý danh sách tài khoản/CustomFunctions.groovy' successfully

12-10-2024T23:00:03 - [TEST_STEP][PASSED] - startElementAf = driver.findElement(By.xpath(xpathThuHoBtn)): null

12-10-2024T23:00:06 - [TEST_STEP][PASSED] - jsAf = driver: null

12-10-2024T23:00:06 - [TEST_STEP][PASSED] - scriptAf = "return arguments[0].nextSibling.textContent;": null

12-10-2024T23:00:06 - [TEST_STEP][PASSED] - balanceStrAf = jsAf.executeScript(scriptAf, startElementAf): null

12-10-2024T23:00:06 - [TEST_STEP][PASSED] - numericStringAf = balanceStrAf.replaceAll("[^0-9]", ""): null

12-10-2024T23:00:06 - [TEST_STEP][PASSED] - balanceAf = Integer.parseInt(numericStringAf): null

12-10-2024T23:00:06 - [TEST_STEP][PASSED] - out.println("Thu ho " + balanceAf): null

12-10-2024T23:00:06 - [TEST_STEP][PASSED] - if (balanceAf == thuHo + 150000): Test case đã pass với số tiền đã được cộng đúng.

12-10-2024T23:00:06 - [TEST_STEP][PASSED] - println("Số tiền đã đúng "): null

12-10-2024T23:00:06 - [TEST_STEP][PASSED] - markPassed("Test case đã pass với số tiền đã được cộng đúng."): Test case đã pass với số tiền đã được cộng đúng.

12-10-2024T23:00:06 - [MESSAGE][PASSED] - Test case đã pass với số tiền đã được cộng đúng.

12-10-2024T23:00:06 - [TEST_STEP][PASSED] - Start listener action : sampleAfterTestCase: null

12-10-2024T23:00:06 - [TEST_STEP][PASSED] - testCaseId = testCaseContext.getTestCaseId(): null

12-10-2024T23:00:06 - [TEST_STEP][PASSED] - if (testCaseId == "Test Cases/Quản lý tài khoản merchant/Quản lý dịch vụ merchant/TC_13_Kiểm tra chức năng xác nhận cấu hình thay đổi VA"): null]]></system-out>
         <system-err><![CDATA[]]></system-err>
      </testcase>
      <testcase name="Test Cases/Quản lý tài khoản merchant/Quản lý danh sách tài khoản/Nạp tiền/TC_11_Kiểm tra khi hoàn tiền sau khi đã duyệt" time="58.325" classname="Test Cases/Quản lý tài khoản merchant/Quản lý danh sách tài khoản/Nạp tiền/TC_11_Kiểm tra khi hoàn tiền sau khi đã duyệt" status="PASSED">
         <system-out><![CDATA[12-10-2024T23:00:06 - [TEST_CASE][PASSED] - Test Cases/Quản lý tài khoản merchant/Quản lý danh sách tài khoản/Nạp tiền/TC_11_Kiểm tra khi hoàn tiền sau khi đã duyệt: Test Cases/Quản lý tài khoản merchant/Quản lý danh sách tài khoản/Nạp tiền/TC_11_Kiểm tra khi hoàn tiền sau khi đã duyệt

12-10-2024T23:00:06 - [TEST_STEP][PASSED] - Start listener action : sampleBeforeTestCase: Navigate to 'https://stg-cms-console.9pay.mobi/login' successfully

12-10-2024T23:00:06 - [TEST_STEP][PASSED] - testCaseId = testCaseContext.getTestCaseId(): null

12-10-2024T23:00:06 - [TEST_STEP][PASSED] - url = <not implemented yet for class: org.codehaus.groovy.ast.expr.EmptyExpression>: null

12-10-2024T23:00:06 - [TEST_STEP][PASSED] - if (testCaseId == "Test Cases/Quản lý tài khoản merchant/Quản lý dịch vụ merchant/TC_14_Kiểm tra thay đổi sau khi cấu hình VA trên MCV"): null

12-10-2024T23:00:06 - [TEST_STEP][PASSED] - else: null

12-10-2024T23:00:06 - [TEST_STEP][PASSED] - url = "https://stg-cms-console.9pay.mobi/login": null

12-10-2024T23:00:06 - [TEST_STEP][PASSED] - openBrowser(""): Browser is opened with url: ''

12-10-2024T23:00:06 - [MESSAGE][WARNING] - A browser is already opened. Closing browser and opening a new one

12-10-2024T23:00:06 - [MESSAGE][INFO] - Starting 'Chrome' driver

12-10-2024T23:00:06 - [MESSAGE][INFO] - Action delay is set to 0 milliseconds

12-10-2024T23:00:07 - [MESSAGE][PASSED] - Browser is opened with url: ''

12-10-2024T23:00:07 - [TEST_STEP][PASSED] - maximizeWindow(): Current window maximized

12-10-2024T23:00:07 - [MESSAGE][PASSED] - Current window maximized

12-10-2024T23:00:07 - [TEST_STEP][PASSED] - navigateToUrl(url): Navigate to 'https://stg-cms-console.9pay.mobi/login' successfully

12-10-2024T23:00:11 - [MESSAGE][PASSED] - Navigate to 'https://stg-cms-console.9pay.mobi/login' successfully

12-10-2024T23:00:11 - [TEST_STEP][PASSED] - driver = getWebDriver(): null

12-10-2024T23:00:11 - [TEST_STEP][PASSED] - callTestCase(findTestCase("Test Cases/Login/LoginCommon"), [:], STOP_ON_FAILURE): Call Test Case 'Test Cases/Login/LoginCommon' successfully

12-10-2024T23:00:11 - [TEST_CASE][PASSED] - Test Cases/Login/LoginCommon: Test Cases/Login/LoginCommon

12-10-2024T23:00:11 - [TEST_STEP][PASSED] - driver = getWebDriver(): null

12-10-2024T23:00:11 - [TEST_STEP][PASSED] - sendKeys(findTestObject("Quản lý tài khoản merchant/Quản lý dịch vụ merchant/userNameTextbox"), userAccount): Keys 'dannt@9pay.vn' sent to object: 'Object Repository/Quản lý tài khoản merchant/Quản lý dịch vụ merchant/userNameTextbox'

12-10-2024T23:00:12 - [MESSAGE][PASSED] - Keys 'dannt@9pay.vn' sent to object: 'Object Repository/Quản lý tài khoản merchant/Quản lý dịch vụ merchant/userNameTextbox'

12-10-2024T23:00:12 - [TEST_STEP][PASSED] - sendKeys(findTestObject("Quản lý tài khoản merchant/Quản lý dịch vụ merchant/passwordTextbox"), password): Keys 'dannt@9pay.vn' sent to object: 'Object Repository/Quản lý tài khoản merchant/Quản lý dịch vụ merchant/passwordTextbox'

12-10-2024T23:00:12 - [MESSAGE][PASSED] - Keys 'dannt@9pay.vn' sent to object: 'Object Repository/Quản lý tài khoản merchant/Quản lý dịch vụ merchant/passwordTextbox'

12-10-2024T23:00:12 - [TEST_STEP][PASSED] - click(findTestObject("Quản lý tài khoản merchant/Quản lý dịch vụ merchant/loginButton")): Object: 'Object Repository/Quản lý tài khoản merchant/Quản lý dịch vụ merchant/loginButton' is clicked on

12-10-2024T23:00:12 - [MESSAGE][PASSED] - Object: 'Object Repository/Quản lý tài khoản merchant/Quản lý dịch vụ merchant/loginButton' is clicked on

12-10-2024T23:00:12 - [MESSAGE][PASSED] - Call Test Case 'Test Cases/Login/LoginCommon' successfully

12-10-2024T23:00:12 - [TEST_STEP][PASSED] - waitForElementVisible(findTestObject("Trang chủ/userName"), 10, STOP_ON_FAILURE): Object 'Object Repository/Trang chủ/userName' is visible

12-10-2024T23:00:20 - [MESSAGE][PASSED] - Object 'Object Repository/Trang chủ/userName' is visible

12-10-2024T23:00:20 - [TEST_STEP][PASSED] - callTestCase(findTestCase("Test Cases/Quản lý tài khoản merchant/Quản lý danh sách tài khoản/CustomFunctions Deposit"), [:], STOP_ON_FAILURE): Call Test Case 'Test Cases/Quản lý tài khoản merchant/Quản lý danh sách tài khoản/CustomFunctions Deposit' successfully

12-10-2024T23:00:20 - [TEST_CASE][PASSED] - Test Cases/Quản lý tài khoản merchant/Quản lý danh sách tài khoản/CustomFunctions Deposit: Test Cases/Quản lý tài khoản merchant/Quản lý danh sách tài khoản/CustomFunctions Deposit

12-10-2024T23:00:20 - [TEST_STEP][PASSED] - driver = getWebDriver(): null

12-10-2024T23:00:20 - [TEST_STEP][PASSED] - element1 = driver.findElement(By.xpath("//span[contains(text(),'Quản lý tài khoản merchant')]")): null

12-10-2024T23:00:20 - [TEST_STEP][PASSED] - actions = new org.openqa.selenium.interactions.Actions(driver): null

12-10-2024T23:00:20 - [TEST_STEP][PASSED] - click().perform(): null

12-10-2024T23:00:21 - [TEST_STEP][PASSED] - wait = new org.openqa.selenium.support.ui.WebDriverWait(com.kms.katalon.core.webui.driver.DriverFactory.getWebDriver(), 15): null

12-10-2024T23:00:21 - [TEST_STEP][PASSED] - xpath(xpathManagerListAccount))).click(): null

12-10-2024T23:00:21 - [MESSAGE][PASSED] - Call Test Case 'Test Cases/Quản lý tài khoản merchant/Quản lý danh sách tài khoản/CustomFunctions Deposit' successfully

12-10-2024T23:00:21 - [TEST_STEP][PASSED] - wait = new org.openqa.selenium.support.ui.WebDriverWait(com.kms.katalon.core.webui.driver.DriverFactory.getWebDriver(), 20): null

12-10-2024T23:00:21 - [TEST_STEP][PASSED] - userCode = wait.until(ExpectedConditions.visibilityOfElementLocated(By.xpath(xpathUserCode))): null

12-10-2024T23:00:27 - [TEST_STEP][PASSED] - println(userCode.getText()): null

12-10-2024T23:00:27 - [TEST_STEP][PASSED] - xpath(xpathBtnAccount))).click(): null

12-10-2024T23:00:27 - [TEST_STEP][PASSED] - searchTextbox = wait.until(ExpectedConditions.elementToBeClickable(By.xpath(xpathSearchTextbox))): null

12-10-2024T23:00:27 - [TEST_STEP][PASSED] - searchTextbox.sendKeys("dannt11"): null

12-10-2024T23:00:28 - [TEST_STEP][PASSED] - xpath(xpathOption)).click(): null

12-10-2024T23:00:28 - [TEST_STEP][PASSED] - xpath(xpathBtnSearch)).click(): null

12-10-2024T23:00:28 - [TEST_STEP][PASSED] - wait.until(ExpectedConditions.visibilityOfElementLocated(By.xpath(xpathAccountName))): null

12-10-2024T23:00:29 - [TEST_STEP][PASSED] - startElement = driver.findElement(By.xpath("//strong[contains(text(),'Thu hộ:')]")): null

12-10-2024T23:00:30 - [TEST_STEP][PASSED] - js = driver: null

12-10-2024T23:00:30 - [TEST_STEP][PASSED] - script = "return arguments[0].nextSibling.textContent;": null

12-10-2024T23:00:30 - [TEST_STEP][PASSED] - nextTextNodeContent = js.executeScript(script, startElement): null

12-10-2024T23:00:30 - [TEST_STEP][PASSED] - out.println("Thu ho " + nextTextNodeContent): null

12-10-2024T23:00:30 - [TEST_STEP][PASSED] - numericString = nextTextNodeContent.replaceAll("[^0-9]", ""): null

12-10-2024T23:00:30 - [TEST_STEP][PASSED] - thuHo = Integer.parseInt(numericString): null

12-10-2024T23:00:30 - [TEST_STEP][PASSED] - out.println("Thu ho " + thuHo): null

12-10-2024T23:00:30 - [TEST_STEP][PASSED] - xpath(xpathBtnDeposit)).click(): null

12-10-2024T23:00:30 - [TEST_STEP][PASSED] - wait.until(ExpectedConditions.visibilityOfElementLocated(By.xpath(xpathTextAccount))): null

12-10-2024T23:00:40 - [TEST_STEP][PASSED] - xpath(xpathChonVi)).click(): null

12-10-2024T23:00:41 - [TEST_STEP][PASSED] - xpath(xpathThuHo3)).click(): null

12-10-2024T23:00:41 - [TEST_STEP][PASSED] - xpath(xpathDay)).click(): null

12-10-2024T23:00:42 - [TEST_STEP][PASSED] - xpath(xpathHomNay)).click(): null

12-10-2024T23:00:42 - [TEST_STEP][PASSED] - xpath(xpathBtnContinue)).click(): null

12-10-2024T23:00:42 - [TEST_STEP][PASSED] - try: null

12-10-2024T23:00:42 - [TEST_STEP][PASSED] - popupDS = wait.until(ExpectedConditions.visibilityOfElementLocated(By.xpath("//p[contains(text(),'Đã tồn tại kỳ đối soát trước đó, Bạn có chắc chắn ')]"))): null

12-10-2024T23:00:43 - [TEST_STEP][PASSED] - Assert.assertEquals(popupDS.getText(), "Đã tồn tại kỳ đối soát trước đó, Bạn có chắc chắn muốn tiếp tục thực hiện giao dịch?"): null

12-10-2024T23:00:43 - [TEST_STEP][PASSED] - xpath("//button[contains(text(),'Đồng ý')]")).click(): null

12-10-2024T23:00:43 - [TEST_STEP][PASSED] - xpath(xpathDepositTextbox)).sendKeys("150000"): null

12-10-2024T23:00:44 - [TEST_STEP][PASSED] - xpath(xpathButtonSubmit)).click(): null

12-10-2024T23:00:44 - [TEST_STEP][PASSED] - wait.until(ExpectedConditions.elementToBeClickable(By.xpath(xpathButtonApprove))): null

12-10-2024T23:00:46 - [TEST_STEP][PASSED] - approveDps = driver.findElement(By.xpath(xpathButtonApprove)): null

12-10-2024T23:00:46 - [TEST_STEP][PASSED] - js.executeScript("arguments[0].scrollIntoView(false);", approveDps): null

12-10-2024T23:00:46 - [TEST_STEP][PASSED] - approveDps.click(): null

12-10-2024T23:00:46 - [TEST_STEP][PASSED] - Thread.sleep(1000): null

12-10-2024T23:00:47 - [TEST_STEP][PASSED] - xpath(xpathCfBtn)).click(): null

12-10-2024T23:00:47 - [TEST_STEP][PASSED] - xpath(xpathBtnOk)).click(): null

12-10-2024T23:00:48 - [TEST_STEP][PASSED] - navigate().refresh(): null

12-10-2024T23:00:48 - [TEST_STEP][PASSED] - wait.until(ExpectedConditions.visibilityOfElementLocated(By.xpath(xpathTextAfterAccept))): null

12-10-2024T23:00:49 - [TEST_STEP][PASSED] - thuHoi = driver.findElement(By.xpath(xpathThuHoi)): null

12-10-2024T23:00:49 - [TEST_STEP][PASSED] - js.executeScript("arguments[0].scrollIntoView(false);", thuHoi): null

12-10-2024T23:00:49 - [TEST_STEP][PASSED] - thuHoi.click(): null

12-10-2024T23:00:49 - [TEST_STEP][PASSED] - xpath("//input[@placeholder='Nội dung']")).sendKeys("Test"): null

12-10-2024T23:00:50 - [TEST_STEP][PASSED] - xpath("//button[contains(text(),'Cập nhật')]")).click(): null

12-10-2024T23:00:50 - [TEST_STEP][PASSED] - xpath("//button[normalize-space()='Ok']")).click(): null

12-10-2024T23:00:51 - [TEST_STEP][PASSED] - callTestCase(findTestCase("Test Cases/Quản lý tài khoản merchant/Quản lý danh sách tài khoản/CustomFunctions.groovy"), [:], STOP_ON_FAILURE): Call Test Case 'Test Cases/Quản lý tài khoản merchant/Quản lý danh sách tài khoản/CustomFunctions.groovy' successfully

12-10-2024T23:00:51 - [TEST_CASE][PASSED] - Test Cases/Quản lý tài khoản merchant/Quản lý danh sách tài khoản/CustomFunctions.groovy: Test Cases/Quản lý tài khoản merchant/Quản lý danh sách tài khoản/CustomFunctions.groovy

12-10-2024T23:00:51 - [TEST_STEP][PASSED] - driver = getWebDriver(): null

12-10-2024T23:00:51 - [TEST_STEP][PASSED] - sleep(2000): null

12-10-2024T23:00:53 - [TEST_STEP][PASSED] - element1 = driver.findElement(By.xpath(xpathManagerMC)): null

12-10-2024T23:00:53 - [TEST_STEP][PASSED] - actions = new org.openqa.selenium.interactions.Actions(driver): null

12-10-2024T23:00:53 - [TEST_STEP][PASSED] - click().perform(): null

12-10-2024T23:00:54 - [TEST_STEP][PASSED] - wait = new org.openqa.selenium.support.ui.WebDriverWait(com.kms.katalon.core.webui.driver.DriverFactory.getWebDriver(), 20): null

12-10-2024T23:00:54 - [TEST_STEP][PASSED] - element2 = wait.until(ExpectedConditions.elementToBeClickable(By.xpath(xpathManagerListAccount))): null

12-10-2024T23:00:54 - [TEST_STEP][PASSED] - click().perform(): null

12-10-2024T23:00:54 - [TEST_STEP][PASSED] - wait.until(ExpectedConditions.visibilityOfElementLocated(By.xpath(xpathUserCode))): null

12-10-2024T23:00:57 - [TEST_STEP][PASSED] - xpath(xpathBtnAccount))).click(): null

12-10-2024T23:00:58 - [TEST_STEP][PASSED] - searchTextbox = wait.until(ExpectedConditions.elementToBeClickable(By.xpath(xpathSearchTextbox))): null

12-10-2024T23:00:58 - [TEST_STEP][PASSED] - searchTextbox.sendKeys("dannt11"): null

12-10-2024T23:00:58 - [TEST_STEP][PASSED] - xpath(xpathOption)).click(): null

12-10-2024T23:00:58 - [TEST_STEP][PASSED] - xpath(xpathBtnSearch)).click(): null

12-10-2024T23:00:59 - [TEST_STEP][PASSED] - Assert.assertEquals(xpath(xpathAccountName)).getText(), username): null

12-10-2024T23:00:59 - [TEST_STEP][PASSED] - xpath(xpathUser)).click(): null

12-10-2024T23:01:00 - [TEST_STEP][PASSED] - xpath(xpathSearchTextbox)).sendKeys("dannt21"): null

12-10-2024T23:01:00 - [TEST_STEP][PASSED] - xpath(xpathClicked)).click(): null

12-10-2024T23:01:00 - [TEST_STEP][PASSED] - xpath(xpathBtnSearch)).click(): null

12-10-2024T23:01:01 - [MESSAGE][PASSED] - Call Test Case 'Test Cases/Quản lý tài khoản merchant/Quản lý danh sách tài khoản/CustomFunctions.groovy' successfully

12-10-2024T23:01:01 - [TEST_STEP][PASSED] - startElementAf = driver.findElement(By.xpath(xpathThuHoBtn)): null

12-10-2024T23:01:05 - [TEST_STEP][PASSED] - jsAf = driver: null

12-10-2024T23:01:05 - [TEST_STEP][PASSED] - scriptAf = "return arguments[0].nextSibling.textContent;": null

12-10-2024T23:01:05 - [TEST_STEP][PASSED] - balanceStrAf = jsAf.executeScript(scriptAf, startElementAf): null

12-10-2024T23:01:05 - [TEST_STEP][PASSED] - numericStringAf = balanceStrAf.replaceAll("[^0-9]", ""): null

12-10-2024T23:01:05 - [TEST_STEP][PASSED] - balanceAf = Integer.parseInt(numericStringAf): null

12-10-2024T23:01:05 - [TEST_STEP][PASSED] - out.println("Thu ho " + balanceAf): null

12-10-2024T23:01:05 - [TEST_STEP][PASSED] - if (balanceAf == thuHo): Test case đã pass với số tiền đã được cộng đúng.

12-10-2024T23:01:05 - [TEST_STEP][PASSED] - println("Số tiền đã đúng "): null

12-10-2024T23:01:05 - [TEST_STEP][PASSED] - markPassed("Test case đã pass với số tiền đã được cộng đúng."): Test case đã pass với số tiền đã được cộng đúng.

12-10-2024T23:01:05 - [MESSAGE][PASSED] - Test case đã pass với số tiền đã được cộng đúng.

12-10-2024T23:01:05 - [TEST_STEP][PASSED] - Start listener action : sampleAfterTestCase: null

12-10-2024T23:01:05 - [TEST_STEP][PASSED] - testCaseId = testCaseContext.getTestCaseId(): null

12-10-2024T23:01:05 - [TEST_STEP][PASSED] - if (testCaseId == "Test Cases/Quản lý tài khoản merchant/Quản lý dịch vụ merchant/TC_13_Kiểm tra chức năng xác nhận cấu hình thay đổi VA"): null]]></system-out>
         <system-err><![CDATA[]]></system-err>
      </testcase>
      <system-out><![CDATA[12-10-2024T22:53:38 - [TEST_SUITE][ERROR] - Nạp tiền: Test Cases/Quản lý tài khoản merchant/Quản lý danh sách tài khoản/Nạp tiền/TC_06_KIểm tra khi nhập số tiền đúng và nhấn xác nhận FAILED.
Reason:
org.codehaus.groovy.control.MultipleCompilationErrorsException: startup failed:
file:/Users/mac/Documents/test/Cms9Pay/Scripts/Quản%20lý%20tài%20khoản%20merchant/Quản%20lý%20danh%20sách%20tài%20khoản/Nạp%20tiền/TC_06_KIểm%20tra%20khi%20nhập%20số%20tiền%20đúng%20và%20nhấn%20xác%20nhận/Script1720717337534.groovy: 50: unable to resolve class TimeoutException
 @ line 50, column 3.
   } catch (TimeoutException e) {
     ^

1 error

	at com.kms.katalon.core.main.ScriptEngine.getScript(ScriptEngine.java:199)
	at com.kms.katalon.core.main.ScriptEngine.run(ScriptEngine.java:194)
	at com.kms.katalon.core.main.ScriptEngine.runScriptAsRawText(ScriptEngine.java:119)
	at com.kms.katalon.core.main.TestCaseExecutor.runScript(TestCaseExecutor.java:448)
	at com.kms.katalon.core.main.TestCaseExecutor.doExecute(TestCaseExecutor.java:439)
	at com.kms.katalon.core.main.TestCaseExecutor.processExecutionPhase(TestCaseExecutor.java:418)
	at com.kms.katalon.core.main.TestCaseExecutor.accessMainPhase(TestCaseExecutor.java:410)
	at com.kms.katalon.core.main.TestCaseExecutor.execute(TestCaseExecutor.java:285)
	at com.kms.katalon.core.common.CommonExecutor.accessTestCaseMainPhase(CommonExecutor.java:65)
	at com.kms.katalon.core.main.TestSuiteExecutor.accessTestSuiteMainPhase(TestSuiteExecutor.java:150)
	at com.kms.katalon.core.main.TestSuiteExecutor.execute(TestSuiteExecutor.java:106)
	at com.kms.katalon.core.main.TestCaseMain.startTestSuite(TestCaseMain.java:180)
	at TempTestSuite1728748413493.run(TempTestSuite1728748413493.groovy:35)
	at java.base/jdk.internal.reflect.NativeMethodAccessorImpl.invoke0(Native Method)
	at java.base/jdk.internal.reflect.NativeMethodAccessorImpl.invoke(NativeMethodAccessorImpl.java:77)
	at java.base/jdk.internal.reflect.DelegatingMethodAccessorImpl.invoke(DelegatingMethodAccessorImpl.java:43)]]></system-out>
      <system-err><![CDATA[12-10-2024T22:53:38 - [TEST_SUITE][ERROR] - Nạp tiền: Test Cases/Quản lý tài khoản merchant/Quản lý danh sách tài khoản/Nạp tiền/TC_06_KIểm tra khi nhập số tiền đúng và nhấn xác nhận FAILED.
Reason:
org.codehaus.groovy.control.MultipleCompilationErrorsException: startup failed:
file:/Users/mac/Documents/test/Cms9Pay/Scripts/Quản%20lý%20tài%20khoản%20merchant/Quản%20lý%20danh%20sách%20tài%20khoản/Nạp%20tiền/TC_06_KIểm%20tra%20khi%20nhập%20số%20tiền%20đúng%20và%20nhấn%20xác%20nhận/Script1720717337534.groovy: 50: unable to resolve class TimeoutException
 @ line 50, column 3.
   } catch (TimeoutException e) {
     ^

1 error

	at com.kms.katalon.core.main.ScriptEngine.getScript(ScriptEngine.java:199)
	at com.kms.katalon.core.main.ScriptEngine.run(ScriptEngine.java:194)
	at com.kms.katalon.core.main.ScriptEngine.runScriptAsRawText(ScriptEngine.java:119)
	at com.kms.katalon.core.main.TestCaseExecutor.runScript(TestCaseExecutor.java:448)
	at com.kms.katalon.core.main.TestCaseExecutor.doExecute(TestCaseExecutor.java:439)
	at com.kms.katalon.core.main.TestCaseExecutor.processExecutionPhase(TestCaseExecutor.java:418)
	at com.kms.katalon.core.main.TestCaseExecutor.accessMainPhase(TestCaseExecutor.java:410)
	at com.kms.katalon.core.main.TestCaseExecutor.execute(TestCaseExecutor.java:285)
	at com.kms.katalon.core.common.CommonExecutor.accessTestCaseMainPhase(CommonExecutor.java:65)
	at com.kms.katalon.core.main.TestSuiteExecutor.accessTestSuiteMainPhase(TestSuiteExecutor.java:150)
	at com.kms.katalon.core.main.TestSuiteExecutor.execute(TestSuiteExecutor.java:106)
	at com.kms.katalon.core.main.TestCaseMain.startTestSuite(TestCaseMain.java:180)
	at TempTestSuite1728748413493.run(TempTestSuite1728748413493.groovy:35)
	at java.base/jdk.internal.reflect.NativeMethodAccessorImpl.invoke0(Native Method)
	at java.base/jdk.internal.reflect.NativeMethodAccessorImpl.invoke(NativeMethodAccessorImpl.java:77)
	at java.base/jdk.internal.reflect.DelegatingMethodAccessorImpl.invoke(DelegatingMethodAccessorImpl.java:43)]]></system-err>
   </testsuite>
</testsuites>
